
================================================================================
  masking.py run started: 2026-06-13 20:04:36.968930
================================================================================

━━━ [STAGE 1] Loading Point Cloud Array
  [INFO] Total raw points loaded: 365,933

━━━ [STAGE 2] Statistical Outlier Demolition
  [INFO] Points surviving outlier filter: 357,990

━━━ [STAGE 3] Live Plane Surface Isolation (RANSAC)
  [INFO] Original RANSAC: a=0.0138, b=-0.0903, c=0.9958, d=-0.4751
  [INFO] Normal vector pointing down. Flipping coefficients up toward lens.
  [INFO] Points isolated on belt plane: 336,444
  [INFO] Non-plane points going to workspace filter: 21,546

━━━ [STAGE 5] Direction-Enforced Spatial Pre-Filtering
  [INFO] Height gate window : 1.50mm to 500.00mm
  [INFO] Dist-from-plane mm : min=-18.531 mean=61.552 median=65.825 max=76.625
  [INFO] Rejected by lower gate: 621 / 21,546
  [INFO] Rejected by upper gate: 0 / 21,546
  [DEBUG] Points passing directional spatial filters: 20,925

━━━ [STAGE 6] Spatial Structural Isolation Clustering (DBSCAN)
  [INFO] DBSCAN discovered 3 distinct point groups.

━━━ [STAGE 7] Multi-Gate Geometric Evaluation
  Cluster #00 -> Pts: 20835 | Dims(mm): X= 82.9, Y= 95.1, Z= 62.0 | VolRatio: 0.652 | Gates: [G1-4=0 G5_Size=1 G6_3D=1] -> REJECTED
  Cluster #01 -> Pts: 80    | Dims(mm): X=  4.8, Y= 28.2, Z= 12.0 | VolRatio: 0.172 | Gates: [G1-4=1 G5_Size=0 G6_3D=1] -> REJECTED
  Cluster #02 -> Pts: 10    | Dims(mm): X=  1.2, Y=  2.4, Z=  1.0 | VolRatio: 0.409 | Gates: [G1-4=0 G5_Size=0 G6_3D=1] -> REJECTED
  [WARNING] Zero clusters passed true 3D volumetric threshold gates.
  masking.py run ended: 2026-06-13 20:04:42.009241
