
================================================================================
  masking.py run started: 2026-06-13 20:04:57.226095
================================================================================

━━━ [STAGE 1] Loading Point Cloud Array
  [INFO] Total raw points loaded: 365,891

━━━ [STAGE 2] Statistical Outlier Demolition
  [INFO] Points surviving outlier filter: 357,243

━━━ [STAGE 3] Live Plane Surface Isolation (RANSAC)
  [INFO] Original RANSAC: a=0.0145, b=-0.0908, c=0.9958, d=-0.4747
  [INFO] Normal vector pointing down. Flipping coefficients up toward lens.
  [INFO] Points isolated on belt plane: 328,944
  [INFO] Non-plane points going to workspace filter: 28,299

━━━ [STAGE 5] Direction-Enforced Spatial Pre-Filtering
  [INFO] Height gate window : 1.50mm to 500.00mm
  [INFO] Dist-from-plane mm : min=15.473 mean=61.382 median=62.748 max=77.004
  [INFO] Rejected by lower gate: 0 / 28,299
  [INFO] Rejected by upper gate: 0 / 28,299
  [DEBUG] Points passing directional spatial filters: 28,299

━━━ [STAGE 6] Spatial Structural Isolation Clustering (DBSCAN)
  [INFO] DBSCAN discovered 1 distinct point groups.

━━━ [STAGE 7] Multi-Gate Geometric Evaluation
  Cluster #00 -> Pts: 28291 | Dims(mm): X=121.0, Y=118.6, Z= 53.0 | VolRatio: 0.438 | Gates: [G1-4=0 G5_Size=1 G6_3D=1] -> REJECTED
  [WARNING] Zero clusters passed true 3D volumetric threshold gates.
  masking.py run ended: 2026-06-13 20:05:07.546919
