
================================================================================
  masking.py run started: 2026-06-13 19:48:11.777769
================================================================================

━━━ [STAGE 1] Loading Point Cloud Array
  [INFO] Total raw points loaded: 366,407

━━━ [STAGE 2] Statistical Outlier Demolition
  [INFO] Points surviving outlier filter: 355,874

━━━ [STAGE 3] Live Plane Surface Isolation (RANSAC)
  [INFO] Original RANSAC: a=0.0151, b=-0.0483, c=0.9987, d=-0.4781
  [INFO] Normal vector pointing down. Flipping coefficients up toward lens.
  [INFO] Points isolated on belt plane: 319,314
  [INFO] Non-plane points going to workspace filter: 36,560

━━━ [STAGE 5] Direction-Enforced Spatial Pre-Filtering
  [INFO] Height gate window : 1.50mm to 500.00mm
  [INFO] Dist-from-plane mm : min=-4.757 mean=35.088 median=32.250 max=72.754
  [INFO] Rejected by lower gate: 558 / 36,560
  [INFO] Rejected by upper gate: 0 / 36,560
  [DEBUG] Points passing directional spatial filters: 36,002

━━━ [STAGE 6] Spatial Structural Isolation Clustering (DBSCAN)
  [INFO] DBSCAN discovered 2 distinct point groups.

━━━ [STAGE 7] Multi-Gate Geometric Evaluation
  Cluster #00 -> Pts: 35992 | Dims(mm): X=222.1, Y=411.6, Z= 56.0 | VolRatio: 0.136 | Gates: [G1-4=1 G5_Size=1 G6_3D=0] -> REJECTED
  Cluster #01 -> Pts: 10    | Dims(mm): X=  1.9, Y=  2.5, Z=  0.0 | VolRatio: 0.000 | Gates: [G1-4=0 G5_Size=0 G6_3D=0] -> REJECTED
  [WARNING] Zero clusters passed true 3D volumetric threshold gates.
  masking.py run ended: 2026-06-13 19:48:15.858841
