
================================================================================
  masking.py run started: 2026-06-13 19:59:43.052663
================================================================================

━━━ [STAGE 1] Loading Point Cloud Array
  [INFO] Total raw points loaded: 366,457

━━━ [STAGE 2] Statistical Outlier Demolition
  [INFO] Points surviving outlier filter: 357,467

━━━ [STAGE 3] Live Plane Surface Isolation (RANSAC)
  [INFO] Original RANSAC: a=0.0147, b=-0.0505, c=0.9986, d=-0.4794
  [INFO] Normal vector pointing down. Flipping coefficients up toward lens.
  [INFO] Points isolated on belt plane: 341,861
  [INFO] Non-plane points going to workspace filter: 15,606

━━━ [STAGE 5] Direction-Enforced Spatial Pre-Filtering
  [INFO] Height gate window : 1.50mm to 500.00mm
  [INFO] Dist-from-plane mm : min=13.399 mean=46.271 median=47.080 max=56.010
  [INFO] Rejected by lower gate: 0 / 15,606
  [INFO] Rejected by upper gate: 0 / 15,606
  [DEBUG] Points passing directional spatial filters: 15,606

━━━ [STAGE 6] Spatial Structural Isolation Clustering (DBSCAN)
  [INFO] DBSCAN discovered 2 distinct point groups.

━━━ [STAGE 7] Multi-Gate Geometric Evaluation
  Cluster #00 -> Pts: 15590 | Dims(mm): X=105.9, Y= 89.0, Z= 33.0 | VolRatio: 0.312 | Gates: [G1-4=0 G5_Size=1 G6_3D=1] -> REJECTED
  Cluster #01 -> Pts: 16    | Dims(mm): X=  2.5, Y=  2.2, Z=  1.0 | VolRatio: 0.401 | Gates: [G1-4=0 G5_Size=0 G6_3D=1] -> REJECTED
  [WARNING] Zero clusters passed true 3D volumetric threshold gates.
  masking.py run ended: 2026-06-13 19:59:45.736873
