
================================================================================
  masking.py run started: 2026-06-13 20:01:22.045118
================================================================================

━━━ [STAGE 1] Loading Point Cloud Array
  [INFO] Total raw points loaded: 366,225

━━━ [STAGE 2] Statistical Outlier Demolition
  [INFO] Points surviving outlier filter: 359,289

━━━ [STAGE 3] Live Plane Surface Isolation (RANSAC)
  [INFO] Original RANSAC: a=0.0131, b=-0.0688, c=0.9975, d=-0.4774
  [INFO] Normal vector pointing down. Flipping coefficients up toward lens.
  [INFO] Points isolated on belt plane: 336,019
  [INFO] Non-plane points going to workspace filter: 23,270

━━━ [STAGE 5] Direction-Enforced Spatial Pre-Filtering
  [INFO] Height gate window : 1.50mm to 500.00mm
  [INFO] Dist-from-plane mm : min=17.214 mean=67.758 median=67.659 max=86.167
  [INFO] Rejected by lower gate: 0 / 23,270
  [INFO] Rejected by upper gate: 0 / 23,270
  [DEBUG] Points passing directional spatial filters: 23,270

━━━ [STAGE 6] Spatial Structural Isolation Clustering (DBSCAN)
  [INFO] DBSCAN discovered 2 distinct point groups.

━━━ [STAGE 7] Multi-Gate Geometric Evaluation
  Cluster #00 -> Pts: 23241 | Dims(mm): X= 83.8, Y=125.4, Z= 54.0 | VolRatio: 0.431 | Gates: [G1-4=0 G5_Size=1 G6_3D=1] -> REJECTED
  Cluster #01 -> Pts: 23    | Dims(mm): X=  5.5, Y= 12.4, Z= 10.0 | VolRatio: 0.448 | Gates: [G1-4=1 G5_Size=0 G6_3D=1] -> REJECTED
  [WARNING] Zero clusters passed true 3D volumetric threshold gates.
  masking.py run ended: 2026-06-13 20:01:25.980614
