
================================================================================
  masking.py run started: 2026-06-13 19:49:25.823616
================================================================================

━━━ [STAGE 1] Loading Point Cloud Array
  [INFO] Total raw points loaded: 366,410

━━━ [STAGE 2] Statistical Outlier Demolition
  [INFO] Points surviving outlier filter: 354,110

━━━ [STAGE 3] Live Plane Surface Isolation (RANSAC)
  [INFO] Original RANSAC: a=0.0139, b=-0.0507, c=0.9986, d=-0.4785
  [INFO] Normal vector pointing down. Flipping coefficients up toward lens.
  [INFO] Points isolated on belt plane: 346,884
  [INFO] Non-plane points going to workspace filter: 7,226

━━━ [STAGE 5] Direction-Enforced Spatial Pre-Filtering
  [INFO] Height gate window : 1.50mm to 500.00mm
  [INFO] Dist-from-plane mm : min=12.608 mean=18.173 median=17.474 max=29.655
  [INFO] Rejected by lower gate: 0 / 7,226
  [INFO] Rejected by upper gate: 0 / 7,226
  [DEBUG] Points passing directional spatial filters: 7,226

━━━ [STAGE 6] Spatial Structural Isolation Clustering (DBSCAN)
  [INFO] DBSCAN discovered 1 distinct point groups.

━━━ [STAGE 7] Multi-Gate Geometric Evaluation
  Cluster #00 -> Pts: 7226  | Dims(mm): X=119.4, Y=133.8, Z= 19.0 | VolRatio: 0.142 | Gates: [G1-4=1 G5_Size=1 G6_3D=0] -> REJECTED
  [WARNING] Zero clusters passed true 3D volumetric threshold gates.
  masking.py run ended: 2026-06-13 19:49:27.259720
