
================================================================================
  masking.py run started: 2026-06-13 19:49:24.264210
================================================================================

━━━ [STAGE 1] Loading Point Cloud Array
  [INFO] Total raw points loaded: 366,398

━━━ [STAGE 2] Statistical Outlier Demolition
  [INFO] Points surviving outlier filter: 353,763

━━━ [STAGE 3] Live Plane Surface Isolation (RANSAC)
  [INFO] Original RANSAC: a=0.0145, b=-0.0503, c=0.9986, d=-0.4784
  [INFO] Normal vector pointing down. Flipping coefficients up toward lens.
  [INFO] Points isolated on belt plane: 345,687
  [INFO] Non-plane points going to workspace filter: 8,076

━━━ [STAGE 5] Direction-Enforced Spatial Pre-Filtering
  [INFO] Height gate window : 1.50mm to 500.00mm
  [INFO] Dist-from-plane mm : min=12.719 mean=17.525 median=16.842 max=29.917
  [INFO] Rejected by lower gate: 0 / 8,076
  [INFO] Rejected by upper gate: 0 / 8,076
  [DEBUG] Points passing directional spatial filters: 8,076

━━━ [STAGE 6] Spatial Structural Isolation Clustering (DBSCAN)
  [INFO] DBSCAN discovered 1 distinct point groups.

━━━ [STAGE 7] Multi-Gate Geometric Evaluation
  Cluster #00 -> Pts: 8076  | Dims(mm): X= 74.9, Y=153.0, Z= 22.0 | VolRatio: 0.144 | Gates: [G1-4=1 G5_Size=1 G6_3D=0] -> REJECTED
  [WARNING] Zero clusters passed true 3D volumetric threshold gates.
  masking.py run ended: 2026-06-13 19:49:25.820602
