
================================================================================
  masking.py run started: 2026-06-13 19:48:18.091449
================================================================================

━━━ [STAGE 1] Loading Point Cloud Array
  [INFO] Total raw points loaded: 366,420

━━━ [STAGE 2] Statistical Outlier Demolition
  [INFO] Points surviving outlier filter: 356,531

━━━ [STAGE 3] Live Plane Surface Isolation (RANSAC)
  [INFO] Original RANSAC: a=0.0145, b=-0.0503, c=0.9986, d=-0.4781
  [INFO] Normal vector pointing down. Flipping coefficients up toward lens.
  [INFO] Points isolated on belt plane: 320,888
  [INFO] Non-plane points going to workspace filter: 35,643

━━━ [STAGE 5] Direction-Enforced Spatial Pre-Filtering
  [INFO] Height gate window : 1.50mm to 500.00mm
  [INFO] Dist-from-plane mm : min=-4.912 mean=35.481 median=32.208 max=72.923
  [INFO] Rejected by lower gate: 49 / 35,643
  [INFO] Rejected by upper gate: 0 / 35,643
  [DEBUG] Points passing directional spatial filters: 35,594

━━━ [STAGE 6] Spatial Structural Isolation Clustering (DBSCAN)
  [INFO] DBSCAN discovered 2 distinct point groups.

━━━ [STAGE 7] Multi-Gate Geometric Evaluation
  Cluster #00 -> Pts: 35327 | Dims(mm): X=130.7, Y=443.1, Z= 63.0 | VolRatio: 0.142 | Gates: [G1-4=1 G5_Size=1 G6_3D=0] -> REJECTED
  Cluster #01 -> Pts: 265   | Dims(mm): X=  8.2, Y= 58.2, Z=  5.0 | VolRatio: 0.086 | Gates: [G1-4=1 G5_Size=0 G6_3D=0] -> REJECTED
  [WARNING] Zero clusters passed true 3D volumetric threshold gates.
  masking.py run ended: 2026-06-13 19:48:22.219194
