
================================================================================
  masking.py run started: 2026-06-13 20:04:42.017275
================================================================================

━━━ [STAGE 1] Loading Point Cloud Array
  [INFO] Total raw points loaded: 365,893

━━━ [STAGE 2] Statistical Outlier Demolition
  [INFO] Points surviving outlier filter: 359,020

━━━ [STAGE 3] Live Plane Surface Isolation (RANSAC)
  [INFO] Original RANSAC: a=0.0132, b=-0.0899, c=0.9959, d=-0.4751
  [INFO] Normal vector pointing down. Flipping coefficients up toward lens.
  [INFO] Points isolated on belt plane: 341,879
  [INFO] Non-plane points going to workspace filter: 17,141

━━━ [STAGE 5] Direction-Enforced Spatial Pre-Filtering
  [INFO] Height gate window : 1.50mm to 500.00mm
  [INFO] Dist-from-plane mm : min=14.754 mean=71.957 median=74.647 max=82.776
  [INFO] Rejected by lower gate: 0 / 17,141
  [INFO] Rejected by upper gate: 0 / 17,141
  [DEBUG] Points passing directional spatial filters: 17,141

━━━ [STAGE 6] Spatial Structural Isolation Clustering (DBSCAN)
  [INFO] DBSCAN discovered 1 distinct point groups.

━━━ [STAGE 7] Multi-Gate Geometric Evaluation
  Cluster #00 -> Pts: 17137 | Dims(mm): X= 87.6, Y=100.2, Z= 55.0 | VolRatio: 0.549 | Gates: [G1-4=0 G5_Size=1 G6_3D=1] -> REJECTED
  [WARNING] Zero clusters passed true 3D volumetric threshold gates.
  masking.py run ended: 2026-06-13 20:04:46.938769
