
================================================================================
  masking.py run started: 2026-06-13 20:00:05.519440
================================================================================

━━━ [STAGE 1] Loading Point Cloud Array
  [INFO] Total raw points loaded: 366,502

━━━ [STAGE 2] Statistical Outlier Demolition
  [INFO] Points surviving outlier filter: 359,071

━━━ [STAGE 3] Live Plane Surface Isolation (RANSAC)
  [INFO] Original RANSAC: a=0.0143, b=-0.0497, c=0.9987, d=-0.4793
  [INFO] Normal vector pointing down. Flipping coefficients up toward lens.
  [INFO] Points isolated on belt plane: 326,830
  [INFO] Non-plane points going to workspace filter: 32,241

━━━ [STAGE 5] Direction-Enforced Spatial Pre-Filtering
  [INFO] Height gate window : 1.50mm to 500.00mm
  [INFO] Dist-from-plane mm : min=20.950 mean=66.926 median=66.752 max=95.541
  [INFO] Rejected by lower gate: 0 / 32,241
  [INFO] Rejected by upper gate: 0 / 32,241
  [DEBUG] Points passing directional spatial filters: 32,241

━━━ [STAGE 6] Spatial Structural Isolation Clustering (DBSCAN)
  [INFO] DBSCAN discovered 1 distinct point groups.

━━━ [STAGE 7] Multi-Gate Geometric Evaluation
  Cluster #00 -> Pts: 32241 | Dims(mm): X= 85.6, Y=165.8, Z= 79.0 | VolRatio: 0.476 | Gates: [G1-4=0 G5_Size=1 G6_3D=1] -> REJECTED
  [WARNING] Zero clusters passed true 3D volumetric threshold gates.
  masking.py run ended: 2026-06-13 20:00:10.042896
