
================================================================================
  masking.py run started: 2026-06-13 15:41:04.728468
================================================================================

━━━ [STAGE 1] Loading Point Cloud Array
  [INFO] Total raw points loaded: 366,579

━━━ [STAGE 2] Statistical Outlier Demolition
  [INFO] Points surviving outlier filter: 352,926

━━━ [STAGE 3] Live Plane Surface Isolation (RANSAC)
  [INFO] Original RANSAC: a=0.0150, b=-0.0345, c=0.9993, d=-0.4791
  [INFO] Normal vector pointing down. Flipping coefficients up toward lens.
  [INFO] Points isolated on belt plane: 347,338
  [INFO] Non-plane points going to workspace filter: 5,588

━━━ [STAGE 5] Direction-Enforced Spatial Pre-Filtering
  [INFO] Height gate window : 1.50mm to 500.00mm
  [INFO] Dist-from-plane mm : min=-5.221 mean=25.138 median=26.082 max=35.348
  [INFO] Rejected by lower gate: 17 / 5,588
  [INFO] Rejected by upper gate: 0 / 5,588
  [DEBUG] Points passing directional spatial filters: 5,571

━━━ [STAGE 6] Spatial Structural Isolation Clustering (DBSCAN)
  [INFO] DBSCAN discovered 2 distinct point groups.

━━━ [STAGE 7] Multi-Gate Geometric Evaluation
  Cluster #00 -> Pts: 5530  | Dims(mm): X= 45.9, Y=110.3, Z= 23.0 | VolRatio: 0.209 | Gates: [G1-4=1 G5_Size=1 G6_3D=1] -> PASSED
  Cluster #01 -> Pts: 41    | Dims(mm): X=  2.7, Y= 14.1, Z=  1.0 | VolRatio: 0.071 | Gates: [G1-4=1 G5_Size=0 G6_3D=0] -> REJECTED
  [INFO] Winning Cluster selected: ID #0 (Score=0.5391)
  [INFO] Winning cluster point count: 5,530

━━━ [STAGE 8] Projection — Sensor Space → Cropped Canvas

  ── [STAGE 8a] Coordinate System Parameters ──
    Intrinsics    : fx=750.148  fy=749.790  cx=386.179  cy=366.086
    Crop offsets  : left=0 px  top=0 px
    Depth sensor  : 510W x 720H px
    RGB canvas    : 510W x 720H px
    Scale factors : scale_x=1.000000  scale_y=1.000000

  ── [STAGE 8b] 3-D Cluster Bounding Box (world space) ──
    X range : -0.0649 m  →  -0.0190 m  (span 45.9 mm)
    Y range : -0.0524 m  →  0.0579 m  (span 110.3 mm)
    Z range : 0.4440 m  →  0.4670 m  (span 23.0 mm)
    Z depth : mean=0.4548 m  std=0.0051 m  min=0.4440 m  max=0.4670 m

  ── [STAGE 8c] Projection Steps ──
    [Step 1] Full-sensor pixel coords (before crop subtraction):
      u_sensor  min=281.0  max=355.0  mean=322.3
      v_sensor  min=281.0  max=459.0  mean=370.4
    [OK] Sensor-space OOB: u=0.0%  v=0.0%
    [Step 2] After crop subtraction (crop_left=0, crop_top=0):
      u_cropped min=281.0  max=355.0  mean=322.3
      v_cropped min=281.0  max=459.0  mean=370.4
    [Step 2 Check] Cropped coords outside canvas: u<0=0.0%  u>W=0.0%  v<0=0.0%  v>H=0.0%
    [Step 3] After scale to canvas (scale_x=1.0000, scale_y=1.0000):
      u  min=281  max=355  mean=322.3
      v  min=281  max=459  mean=370.4
      Canvas target size : 510W x 720H px

  ── [STAGE 8d] Expected mask centroid on canvas ──
      Projected centroid : u=322.3 px  v=370.4 px
      Canvas centre      : u=255.0 px  v=360.0 px
      Offset from centre : Δu=67.3 px  Δv=10.4 px

  ── [STAGE 8e] Bounds Filter ──
    Total projected points : 5,530
    Inside canvas bounds   : 5,530  (100.0%)
    Duplicate pixel hits    : 0
  [INFO] Density non-zero pixels: 5,530
  [INFO] Density peak count     : 1
  [INFO] Raw mask white pixels before morphology: 5,530
  [INFO] White pixels after close: 6,501
  [INFO] Morphological open skipped for tip-loss debugging.
  [INFO] White pixels after open (skipped): 6,501

  ── [STAGE 8f] Final Mask Stats ──
    Bounding box : 74W x 178H px
    Mask centroid: (318.0, 370.0) px
    White pixels : 6,501

================================================================================
                 LIVE OBJECT DETECTION DEBUG
================================================================================
  Timestamp Code Generation : 2026-06-13 15:41:11.327
  Capture Name              : img1471
  Cropped RGB Shape         : (720, 510, 3)
  Cropped Depth Shape       : (720, 510)
  Mask Foreground Pixels    : 6501
  Mask Foreground Ratio     : 0.01770425
  Mask Connected Components : 1
  Mask Largest BBox         : (281, 281, 75, 179)
  Mask Largest Centroid     : (321.29010921396707, 369.9132441162898)
  Plane Inliers             : 347338
  Non-Plane Points          : 5588
================================================================================

  ── Stage 5 Height-Gate Diagnostics ──
  Height Gate Min (mm)      : 1.500
  Height Gate Max (mm)      : 500.000
  Dist Min / Mean / Median  : -5.221 / 25.138 / 26.082
  Dist Max (mm)             : 35.348
  Stage 5 Input Points       : 5,588
  Stage 5 Passed Points      : 5,571
  Rejected Below Threshold   : 17
  Rejected Above Threshold   : 0
  ── Stage 8 Projection Diagnostics ──
  Projected Points           : 5,530
  Inside Canvas Bounds       : 5,530
  Duplicate Pixel Hits       : 0
  Raw Mask White Pixels      : 5,530
  White Pixels After Close    : 6,501
  White Pixels After Open     : 6,501  masking.py run ended: 2026-06-13 15:42:06.147068
