
================================================================================
  masking.py run started: 2026-06-13 19:52:30.889318
================================================================================

━━━ [STAGE 1] Loading Point Cloud Array
  [INFO] Total raw points loaded: 365,905

━━━ [STAGE 2] Statistical Outlier Demolition
  [INFO] Points surviving outlier filter: 355,345

━━━ [STAGE 3] Live Plane Surface Isolation (RANSAC)
  [INFO] Original RANSAC: a=0.0138, b=-0.0896, c=0.9959, d=-0.4748
  [INFO] Normal vector pointing down. Flipping coefficients up toward lens.
  [INFO] Points isolated on belt plane: 344,123
  [INFO] Non-plane points going to workspace filter: 11,222

━━━ [STAGE 5] Direction-Enforced Spatial Pre-Filtering
  [INFO] Height gate window : 1.50mm to 500.00mm
  [INFO] Dist-from-plane mm : min=15.874 mean=38.567 median=38.120 max=51.266
  [INFO] Rejected by lower gate: 0 / 11,222
  [INFO] Rejected by upper gate: 0 / 11,222
  [DEBUG] Points passing directional spatial filters: 11,222

━━━ [STAGE 6] Spatial Structural Isolation Clustering (DBSCAN)
  [INFO] DBSCAN discovered 1 distinct point groups.

━━━ [STAGE 7] Multi-Gate Geometric Evaluation
  Cluster #00 -> Pts: 11222 | Dims(mm): X= 63.0, Y= 81.1, Z= 37.0 | VolRatio: 0.456 | Gates: [G1-4=1 G5_Size=1 G6_3D=1] -> PASSED
  [INFO] Winning Cluster selected: ID #0 (Score=0.8368)
  [INFO] Winning cluster point count: 11,222

━━━ [STAGE 8] Projection — Sensor Space → Cropped Canvas

  ── [STAGE 8a] Coordinate System Parameters ──
    Intrinsics    : fx=750.148  fy=749.790  cx=386.179  cy=366.086
    Crop offsets  : left=0 px  top=0 px
    Depth sensor  : 510W x 720H px
    RGB canvas    : 510W x 720H px
    Scale factors : scale_x=1.000000  scale_y=1.000000

  ── [STAGE 8b] 3-D Cluster Bounding Box (world space) ──
    X range : -0.0548 m  →  0.0082 m  (span 63.0 mm)
    Y range : -0.1776 m  →  -0.0965 m  (span 81.1 mm)
    Z range : 0.4150 m  →  0.4520 m  (span 37.0 mm)
    Z depth : mean=0.4265 m  std=0.0074 m  min=0.4150 m  max=0.4520 m

  ── [STAGE 8c] Projection Steps ──
    [Step 1] Full-sensor pixel coords (before crop subtraction):
      u_sensor  min=291.0  max=400.0  mean=342.9
      v_sensor  min=55.0  max=206.0  mean=133.4
    [OK] Sensor-space OOB: u=0.0%  v=0.0%
    [Step 2] After crop subtraction (crop_left=0, crop_top=0):
      u_cropped min=291.0  max=400.0  mean=342.9
      v_cropped min=55.0  max=206.0  mean=133.4
    [Step 2 Check] Cropped coords outside canvas: u<0=0.0%  u>W=0.0%  v<0=0.0%  v>H=0.0%
    [Step 3] After scale to canvas (scale_x=1.0000, scale_y=1.0000):
      u  min=291  max=400  mean=342.9
      v  min=55  max=206  mean=133.4
      Canvas target size : 510W x 720H px

  ── [STAGE 8d] Expected mask centroid on canvas ──
      Projected centroid : u=342.9 px  v=133.4 px
      Canvas centre      : u=255.0 px  v=360.0 px
      Offset from centre : Δu=87.9 px  Δv=-226.6 px

  ── [STAGE 8e] Bounds Filter ──
    Total projected points : 11,222
    Inside canvas bounds   : 11,222  (100.0%)
    Duplicate pixel hits    : 0
  [INFO] Density non-zero pixels: 11,222
  [INFO] Density peak count     : 1
  [INFO] Raw mask white pixels before morphology: 11,222
  [INFO] White pixels after close: 12,597
  [INFO] Morphological open skipped for tip-loss debugging.
  [INFO] White pixels after open (skipped): 12,597

  ── [STAGE 8f] Final Mask Stats ──
    Bounding box : 109W x 151H px
    Mask centroid: (345.5, 130.5) px
    White pixels : 12,597
  masking.py run ended: 2026-06-13 19:52:32.699734
