
================================================================================
  masking.py run started: 2026-06-13 20:00:49.998209
================================================================================

━━━ [STAGE 1] Loading Point Cloud Array
  [INFO] Total raw points loaded: 366,380

━━━ [STAGE 2] Statistical Outlier Demolition
  [INFO] Points surviving outlier filter: 354,630

━━━ [STAGE 3] Live Plane Surface Isolation (RANSAC)
  [INFO] Original RANSAC: a=0.0139, b=-0.0528, c=0.9985, d=-0.4788
  [INFO] Normal vector pointing down. Flipping coefficients up toward lens.
  [INFO] Points isolated on belt plane: 315,619
  [INFO] Non-plane points going to workspace filter: 39,011

━━━ [STAGE 5] Direction-Enforced Spatial Pre-Filtering
  [INFO] Height gate window : 1.50mm to 500.00mm
  [INFO] Dist-from-plane mm : min=12.662 mean=61.823 median=65.297 max=85.072
  [INFO] Rejected by lower gate: 0 / 39,011
  [INFO] Rejected by upper gate: 0 / 39,011
  [DEBUG] Points passing directional spatial filters: 39,011

━━━ [STAGE 6] Spatial Structural Isolation Clustering (DBSCAN)
  [INFO] DBSCAN discovered 2 distinct point groups.

━━━ [STAGE 7] Multi-Gate Geometric Evaluation
  Cluster #00 -> Pts: 38996 | Dims(mm): X=147.0, Y=273.3, Z= 83.0 | VolRatio: 0.304 | Gates: [G1-4=1 G5_Size=1 G6_3D=1] -> PASSED
  Cluster #01 -> Pts: 15    | Dims(mm): X= 13.5, Y=  2.5, Z=  2.0 | VolRatio: 0.148 | Gates: [G1-4=0 G5_Size=0 G6_3D=0] -> REJECTED
  [INFO] Winning Cluster selected: ID #0 (Score=0.7911)
  [INFO] Winning cluster point count: 38,996

━━━ [STAGE 8] Projection — Sensor Space → Cropped Canvas

  ── [STAGE 8a] Coordinate System Parameters ──
    Intrinsics    : fx=750.148  fy=749.790  cx=386.179  cy=366.086
    Crop offsets  : left=0 px  top=0 px
    Depth sensor  : 510W x 720H px
    RGB canvas    : 510W x 720H px
    Scale factors : scale_x=1.000000  scale_y=1.000000

  ── [STAGE 8b] 3-D Cluster Bounding Box (world space) ──
    X range : -0.1075 m  →  0.0395 m  (span 147.0 mm)
    Y range : -0.1555 m  →  0.1178 m  (span 273.3 mm)
    Z range : 0.3890 m  →  0.4720 m  (span 83.0 mm)
    Z depth : mean=0.4163 m  std=0.0155 m  min=0.3890 m  max=0.4720 m

  ── [STAGE 8c] Projection Steps ──
    [Step 1] Full-sensor pixel coords (before crop subtraction):
      u_sensor  min=208.0  max=451.0  mean=332.4
      v_sensor  min=111.0  max=562.0  mean=305.8
    [OK] Sensor-space OOB: u=0.0%  v=0.0%
    [Step 2] After crop subtraction (crop_left=0, crop_top=0):
      u_cropped min=208.0  max=451.0  mean=332.4
      v_cropped min=111.0  max=562.0  mean=305.8
    [Step 2 Check] Cropped coords outside canvas: u<0=0.0%  u>W=0.0%  v<0=0.0%  v>H=0.0%
    [Step 3] After scale to canvas (scale_x=1.0000, scale_y=1.0000):
      u  min=208  max=451  mean=332.4
      v  min=111  max=562  mean=305.8
      Canvas target size : 510W x 720H px

  ── [STAGE 8d] Expected mask centroid on canvas ──
      Projected centroid : u=332.4 px  v=305.8 px
      Canvas centre      : u=255.0 px  v=360.0 px
      Offset from centre : Δu=77.4 px  Δv=-54.2 px

  ── [STAGE 8e] Bounds Filter ──
    Total projected points : 38,996
    Inside canvas bounds   : 38,996  (100.0%)
    Duplicate pixel hits    : 0
  [INFO] Density non-zero pixels: 38,996
  [INFO] Density peak count     : 1
  [INFO] Raw mask white pixels before morphology: 38,996
  [INFO] White pixels after close: 42,122
  [INFO] Morphological open skipped for tip-loss debugging.
  [INFO] White pixels after open (skipped): 42,122

  ── [STAGE 8f] Final Mask Stats ──
    Bounding box : 243W x 451H px
    Mask centroid: (329.5, 336.5) px
    White pixels : 42,122
  masking.py run ended: 2026-06-13 20:00:55.447666
