
================================================================================
  masking.py run started: 2026-06-13 17:04:51.208625
================================================================================

━━━ [STAGE 1] Loading Point Cloud Array
  [INFO] Total raw points loaded: 366,556

━━━ [STAGE 2] Statistical Outlier Demolition
  [INFO] Points surviving outlier filter: 353,907

━━━ [STAGE 3] Live Plane Surface Isolation (RANSAC)
  [INFO] Original RANSAC: a=0.0150, b=-0.0348, c=0.9993, d=-0.4796
  [INFO] Normal vector pointing down. Flipping coefficients up toward lens.
  [INFO] Points isolated on belt plane: 334,477
  [INFO] Non-plane points going to workspace filter: 19,430

━━━ [STAGE 5] Direction-Enforced Spatial Pre-Filtering
  [INFO] Height gate window : 1.50mm to 500.00mm
  [INFO] Dist-from-plane mm : min=5.027 mean=28.770 median=29.438 max=41.998
  [INFO] Rejected by lower gate: 0 / 19,430
  [INFO] Rejected by upper gate: 0 / 19,430
  [DEBUG] Points passing directional spatial filters: 19,430

━━━ [STAGE 6] Spatial Structural Isolation Clustering (DBSCAN)
  [INFO] DBSCAN discovered 4 distinct point groups.

━━━ [STAGE 7] Multi-Gate Geometric Evaluation
  Cluster #00 -> Pts: 19343 | Dims(mm): X= 86.9, Y=110.6, Z= 31.0 | VolRatio: 0.280 | Gates: [G1-4=1 G5_Size=1 G6_3D=1] -> PASSED
  Cluster #01 -> Pts: 19    | Dims(mm): X=  2.6, Y=  4.5, Z=  1.0 | VolRatio: 0.223 | Gates: [G1-4=0 G5_Size=0 G6_3D=1] -> REJECTED
  Cluster #02 -> Pts: 21    | Dims(mm): X=  1.8, Y= 17.1, Z=  2.0 | VolRatio: 0.105 | Gates: [G1-4=1 G5_Size=0 G6_3D=0] -> REJECTED
  Cluster #03 -> Pts: 47    | Dims(mm): X=  8.9, Y= 27.6, Z=  1.0 | VolRatio: 0.036 | Gates: [G1-4=1 G5_Size=0 G6_3D=0] -> REJECTED
  [INFO] Winning Cluster selected: ID #0 (Score=0.7841)
  [INFO] Winning cluster point count: 19,343

━━━ [STAGE 8] Projection — Sensor Space → Cropped Canvas

  ── [STAGE 8a] Coordinate System Parameters ──
    Intrinsics    : fx=750.148  fy=749.790  cx=386.179  cy=366.086
    Crop offsets  : left=0 px  top=0 px
    Depth sensor  : 510W x 720H px
    RGB canvas    : 510W x 720H px
    Scale factors : scale_x=1.000000  scale_y=1.000000

  ── [STAGE 8b] 3-D Cluster Bounding Box (world space) ──
    X range : -0.1510 m  →  -0.0641 m  (span 86.9 mm)
    Y range : -0.2226 m  →  -0.1121 m  (span 110.6 mm)
    Z range : 0.4330 m  →  0.4640 m  (span 31.0 mm)
    Z depth : mean=0.4469 m  std=0.0076 m  min=0.4330 m  max=0.4640 m

  ── [STAGE 8c] Projection Steps ──
    [Step 1] Full-sensor pixel coords (before crop subtraction):
      u_sensor  min=141.0  max=281.0  mean=205.0
      v_sensor  min=-0.0  max=185.0  mean=84.9
    [OK] Sensor-space OOB: u=0.0%  v=0.0%
    [Step 2] After crop subtraction (crop_left=0, crop_top=0):
      u_cropped min=141.0  max=281.0  mean=205.0
      v_cropped min=-0.0  max=185.0  mean=84.9
    [Step 2 Check] Cropped coords outside canvas: u<0=0.0%  u>W=0.0%  v<0=0.0%  v>H=0.0%
    [Step 3] After scale to canvas (scale_x=1.0000, scale_y=1.0000):
      u  min=141  max=281  mean=205.0
      v  min=0  max=185  mean=84.9
      Canvas target size : 510W x 720H px

  ── [STAGE 8d] Expected mask centroid on canvas ──
      Projected centroid : u=205.0 px  v=84.9 px
      Canvas centre      : u=255.0 px  v=360.0 px
      Offset from centre : Δu=-50.0 px  Δv=-275.1 px

  ── [STAGE 8e] Bounds Filter ──
    Total projected points : 19,343
    Inside canvas bounds   : 19,343  (100.0%)
    Duplicate pixel hits    : 0
  [INFO] Density non-zero pixels: 19,343
  [INFO] Density peak count     : 1
  [INFO] Raw mask white pixels before morphology: 19,343
  [INFO] White pixels after close: 21,348
  [INFO] Morphological open skipped for tip-loss debugging.
  [INFO] White pixels after open (skipped): 21,348

  ── [STAGE 8f] Final Mask Stats ──
    Bounding box : 140W x 185H px
    Mask centroid: (211.0, 92.5) px
    White pixels : 21,348
  masking.py run ended: 2026-06-13 17:04:51.712820
