
================================================================================
  masking.py run started: 2026-06-13 19:54:06.538438
================================================================================

━━━ [STAGE 1] Loading Point Cloud Array
  [INFO] Total raw points loaded: 364,948

━━━ [STAGE 2] Statistical Outlier Demolition
  [INFO] Points surviving outlier filter: 354,949

━━━ [STAGE 3] Live Plane Surface Isolation (RANSAC)
  [INFO] Original RANSAC: a=0.0121, b=-0.1454, c=0.9893, d=-0.4686
  [INFO] Normal vector pointing down. Flipping coefficients up toward lens.
  [INFO] Points isolated on belt plane: 334,215
  [INFO] Non-plane points going to workspace filter: 20,734

━━━ [STAGE 5] Direction-Enforced Spatial Pre-Filtering
  [INFO] Height gate window : 1.50mm to 500.00mm
  [INFO] Dist-from-plane mm : min=13.992 mean=31.012 median=30.744 max=53.441
  [INFO] Rejected by lower gate: 0 / 20,734
  [INFO] Rejected by upper gate: 0 / 20,734
  [DEBUG] Points passing directional spatial filters: 20,734

━━━ [STAGE 6] Spatial Structural Isolation Clustering (DBSCAN)
  [INFO] DBSCAN discovered 1 distinct point groups.

━━━ [STAGE 7] Multi-Gate Geometric Evaluation
  Cluster #00 -> Pts: 20734 | Dims(mm): X=132.3, Y=149.3, Z= 36.0 | VolRatio: 0.241 | Gates: [G1-4=1 G5_Size=1 G6_3D=1] -> PASSED
  [INFO] Winning Cluster selected: ID #0 (Score=0.7723)
  [INFO] Winning cluster point count: 20,734

━━━ [STAGE 8] Projection — Sensor Space → Cropped Canvas

  ── [STAGE 8a] Coordinate System Parameters ──
    Intrinsics    : fx=750.148  fy=749.790  cx=386.179  cy=366.086
    Crop offsets  : left=0 px  top=0 px
    Depth sensor  : 510W x 720H px
    RGB canvas    : 510W x 720H px
    Scale factors : scale_x=1.000000  scale_y=1.000000

  ── [STAGE 8b] 3-D Cluster Bounding Box (world space) ──
    X range : -0.1859 m  →  -0.0536 m  (span 132.3 mm)
    Y range : -0.2075 m  →  -0.0582 m  (span 149.3 mm)
    Z range : 0.4100 m  →  0.4460 m  (span 36.0 mm)
    Z depth : mean=0.4262 m  std=0.0074 m  min=0.4100 m  max=0.4460 m

  ── [STAGE 8c] Projection Steps ──
    [Step 1] Full-sensor pixel coords (before crop subtraction):
      u_sensor  min=58.0  max=296.0  mean=197.0
      v_sensor  min=-0.0  max=262.0  mean=157.2
    [OK] Sensor-space OOB: u=0.0%  v=0.0%
    [Step 2] After crop subtraction (crop_left=0, crop_top=0):
      u_cropped min=58.0  max=296.0  mean=197.0
      v_cropped min=-0.0  max=262.0  mean=157.2
    [Step 2 Check] Cropped coords outside canvas: u<0=0.0%  u>W=0.0%  v<0=0.0%  v>H=0.0%
    [Step 3] After scale to canvas (scale_x=1.0000, scale_y=1.0000):
      u  min=58  max=296  mean=197.0
      v  min=0  max=262  mean=157.2
      Canvas target size : 510W x 720H px

  ── [STAGE 8d] Expected mask centroid on canvas ──
      Projected centroid : u=197.0 px  v=157.2 px
      Canvas centre      : u=255.0 px  v=360.0 px
      Offset from centre : Δu=-58.0 px  Δv=-202.8 px

  ── [STAGE 8e] Bounds Filter ──
    Total projected points : 20,734
    Inside canvas bounds   : 20,734  (100.0%)
    Duplicate pixel hits    : 0
  [INFO] Density non-zero pixels: 20,734
  [INFO] Density peak count     : 1
  [INFO] Raw mask white pixels before morphology: 20,734
  [INFO] White pixels after close: 22,427
  [INFO] Morphological open skipped for tip-loss debugging.
  [INFO] White pixels after open (skipped): 22,427

  ── [STAGE 8f] Final Mask Stats ──
    Bounding box : 238W x 262H px
    Mask centroid: (177.0, 131.0) px
    White pixels : 22,427
  masking.py run ended: 2026-06-13 19:54:09.135485
