
================================================================================
  masking.py run started: 2026-06-13 19:53:26.011448
================================================================================

━━━ [STAGE 1] Loading Point Cloud Array
  [INFO] Total raw points loaded: 365,286

━━━ [STAGE 2] Statistical Outlier Demolition
  [INFO] Points surviving outlier filter: 355,106

━━━ [STAGE 3] Live Plane Surface Isolation (RANSAC)
  [INFO] Original RANSAC: a=0.0136, b=-0.1258, c=0.9920, d=-0.4708
  [INFO] Normal vector pointing down. Flipping coefficients up toward lens.
  [INFO] Points isolated on belt plane: 342,760
  [INFO] Non-plane points going to workspace filter: 12,346

━━━ [STAGE 5] Direction-Enforced Spatial Pre-Filtering
  [INFO] Height gate window : 1.50mm to 500.00mm
  [INFO] Dist-from-plane mm : min=15.469 mean=39.729 median=41.266 max=54.859
  [INFO] Rejected by lower gate: 0 / 12,346
  [INFO] Rejected by upper gate: 0 / 12,346
  [DEBUG] Points passing directional spatial filters: 12,346

━━━ [STAGE 6] Spatial Structural Isolation Clustering (DBSCAN)
  [INFO] DBSCAN discovered 1 distinct point groups.

━━━ [STAGE 7] Multi-Gate Geometric Evaluation
  Cluster #00 -> Pts: 12346 | Dims(mm): X= 78.9, Y= 76.9, Z= 44.0 | VolRatio: 0.558 | Gates: [G1-4=1 G5_Size=1 G6_3D=1] -> PASSED
  [INFO] Winning Cluster selected: ID #0 (Score=0.8673)
  [INFO] Winning cluster point count: 12,346

━━━ [STAGE 8] Projection — Sensor Space → Cropped Canvas

  ── [STAGE 8a] Coordinate System Parameters ──
    Intrinsics    : fx=750.148  fy=749.790  cx=386.179  cy=366.086
    Crop offsets  : left=0 px  top=0 px
    Depth sensor  : 510W x 720H px
    RGB canvas    : 510W x 720H px
    Scale factors : scale_x=1.000000  scale_y=1.000000

  ── [STAGE 8b] 3-D Cluster Bounding Box (world space) ──
    X range : -0.1707 m  →  -0.0918 m  (span 78.9 mm)
    Y range : -0.1494 m  →  -0.0725 m  (span 76.9 mm)
    Z range : 0.4070 m  →  0.4510 m  (span 44.0 mm)
    Z depth : mean=0.4227 m  std=0.0081 m  min=0.4070 m  max=0.4510 m

  ── [STAGE 8c] Projection Steps ──
    [Step 1] Full-sensor pixel coords (before crop subtraction):
      u_sensor  min=89.0  max=231.0  mean=157.1
      v_sensor  min=107.0  max=245.0  mean=176.0
    [OK] Sensor-space OOB: u=0.0%  v=0.0%
    [Step 2] After crop subtraction (crop_left=0, crop_top=0):
      u_cropped min=89.0  max=231.0  mean=157.1
      v_cropped min=107.0  max=245.0  mean=176.0
    [Step 2 Check] Cropped coords outside canvas: u<0=0.0%  u>W=0.0%  v<0=0.0%  v>H=0.0%
    [Step 3] After scale to canvas (scale_x=1.0000, scale_y=1.0000):
      u  min=89  max=231  mean=157.1
      v  min=107  max=245  mean=176.0
      Canvas target size : 510W x 720H px

  ── [STAGE 8d] Expected mask centroid on canvas ──
      Projected centroid : u=157.1 px  v=176.0 px
      Canvas centre      : u=255.0 px  v=360.0 px
      Offset from centre : Δu=-97.9 px  Δv=-184.0 px

  ── [STAGE 8e] Bounds Filter ──
    Total projected points : 12,346
    Inside canvas bounds   : 12,346  (100.0%)
    Duplicate pixel hits    : 0
  [INFO] Density non-zero pixels: 12,346
  [INFO] Density peak count     : 1
  [INFO] Raw mask white pixels before morphology: 12,346
  [INFO] White pixels after close: 12,803
  [INFO] Morphological open skipped for tip-loss debugging.
  [INFO] White pixels after open (skipped): 12,803

  ── [STAGE 8f] Final Mask Stats ──
    Bounding box : 142W x 138H px
    Mask centroid: (160.0, 176.0) px
    White pixels : 12,803
  masking.py run ended: 2026-06-13 19:53:28.151205
