
================================================================================
  masking.py run started: 2026-06-13 20:07:00.303388
================================================================================

━━━ [STAGE 1] Loading Point Cloud Array
  [INFO] Total raw points loaded: 365,723

━━━ [STAGE 2] Statistical Outlier Demolition
  [INFO] Points surviving outlier filter: 354,764

━━━ [STAGE 3] Live Plane Surface Isolation (RANSAC)
  [INFO] Original RANSAC: a=0.0146, b=-0.0999, c=0.9949, d=-0.4735
  [INFO] Normal vector pointing down. Flipping coefficients up toward lens.
  [INFO] Points isolated on belt plane: 346,542
  [INFO] Non-plane points going to workspace filter: 8,222

━━━ [STAGE 5] Direction-Enforced Spatial Pre-Filtering
  [INFO] Height gate window : 1.50mm to 500.00mm
  [INFO] Dist-from-plane mm : min=-6.214 mean=26.157 median=24.527 max=63.472
  [INFO] Rejected by lower gate: 744 / 8,222
  [INFO] Rejected by upper gate: 0 / 8,222
  [DEBUG] Points passing directional spatial filters: 7,478

━━━ [STAGE 6] Spatial Structural Isolation Clustering (DBSCAN)
  [INFO] DBSCAN discovered 4 distinct point groups.

━━━ [STAGE 7] Multi-Gate Geometric Evaluation
  Cluster #00 -> Pts: 53    | Dims(mm): X= 28.1, Y=  9.2, Z=  2.0 | VolRatio: 0.071 | Gates: [G1-4=1 G5_Size=0 G6_3D=0] -> REJECTED
  Cluster #01 -> Pts: 2341  | Dims(mm): X= 90.5, Y= 75.1, Z= 33.0 | VolRatio: 0.365 | Gates: [G1-4=1 G5_Size=1 G6_3D=1] -> PASSED
  Cluster #02 -> Pts: 5071  | Dims(mm): X= 96.8, Y= 98.9, Z= 52.0 | VolRatio: 0.526 | Gates: [G1-4=1 G5_Size=1 G6_3D=1] -> PASSED
  Cluster #03 -> Pts: 13    | Dims(mm): X=  2.6, Y=  1.3, Z=  0.0 | VolRatio: 0.000 | Gates: [G1-4=0 G5_Size=0 G6_3D=0] -> REJECTED
  [INFO] Winning Cluster selected: ID #2 (Score=0.6114)
  [INFO] Winning cluster point count: 5,071

━━━ [STAGE 8] Projection — Sensor Space → Cropped Canvas

  ── [STAGE 8a] Coordinate System Parameters ──
    Intrinsics    : fx=750.148  fy=749.790  cx=386.179  cy=366.086
    Crop offsets  : left=0 px  top=0 px
    Depth sensor  : 510W x 720H px
    RGB canvas    : 510W x 720H px
    Scale factors : scale_x=1.000000  scale_y=1.000000

  ── [STAGE 8b] 3-D Cluster Bounding Box (world space) ──
    X range : -0.1683 m  →  -0.0715 m  (span 96.8 mm)
    Y range : 0.1274 m  →  0.2262 m  (span 98.9 mm)
    Z range : 0.4300 m  →  0.4820 m  (span 52.0 mm)
    Z depth : mean=0.4645 m  std=0.0121 m  min=0.4300 m  max=0.4820 m

  ── [STAGE 8c] Projection Steps ──
    [Step 1] Full-sensor pixel coords (before crop subtraction):
      u_sensor  min=96.0  max=274.0  mean=179.4
      v_sensor  min=568.0  max=718.0  mean=638.3
    [OK] Sensor-space OOB: u=0.0%  v=0.0%
    [Step 2] After crop subtraction (crop_left=0, crop_top=0):
      u_cropped min=96.0  max=274.0  mean=179.4
      v_cropped min=568.0  max=718.0  mean=638.3
    [Step 2 Check] Cropped coords outside canvas: u<0=0.0%  u>W=0.0%  v<0=0.0%  v>H=0.0%
    [Step 3] After scale to canvas (scale_x=1.0000, scale_y=1.0000):
      u  min=96  max=274  mean=179.4
      v  min=568  max=718  mean=638.3
      Canvas target size : 510W x 720H px

  ── [STAGE 8d] Expected mask centroid on canvas ──
      Projected centroid : u=179.4 px  v=638.3 px
      Canvas centre      : u=255.0 px  v=360.0 px
      Offset from centre : Δu=-75.6 px  Δv=278.3 px

  ── [STAGE 8e] Bounds Filter ──
    Total projected points : 5,071
    Inside canvas bounds   : 5,071  (100.0%)
    Duplicate pixel hits    : 0
  [INFO] Density non-zero pixels: 5,071
  [INFO] Density peak count     : 1
  [INFO] Raw mask white pixels before morphology: 5,071
  [INFO] White pixels after close: 6,701
  [INFO] Morphological open skipped for tip-loss debugging.
  [INFO] White pixels after open (skipped): 6,701

  ── [STAGE 8f] Final Mask Stats ──
    Bounding box : 178W x 151H px
    Mask centroid: (185.0, 643.5) px
    White pixels : 6,701
  masking.py run ended: 2026-06-13 20:07:01.671442
