
================================================================================
  masking.py run started: 2026-06-13 19:51:52.875256
================================================================================

━━━ [STAGE 1] Loading Point Cloud Array
  [INFO] Total raw points loaded: 366,044

━━━ [STAGE 2] Statistical Outlier Demolition
  [INFO] Points surviving outlier filter: 354,631

━━━ [STAGE 3] Live Plane Surface Isolation (RANSAC)
  [INFO] Original RANSAC: a=0.0145, b=-0.0827, c=0.9965, d=-0.4749
  [INFO] Normal vector pointing down. Flipping coefficients up toward lens.
  [INFO] Points isolated on belt plane: 327,832
  [INFO] Non-plane points going to workspace filter: 26,799

━━━ [STAGE 5] Direction-Enforced Spatial Pre-Filtering
  [INFO] Height gate window : 1.50mm to 500.00mm
  [INFO] Dist-from-plane mm : min=12.089 mean=28.717 median=29.790 max=51.526
  [INFO] Rejected by lower gate: 0 / 26,799
  [INFO] Rejected by upper gate: 0 / 26,799
  [DEBUG] Points passing directional spatial filters: 26,799

━━━ [STAGE 6] Spatial Structural Isolation Clustering (DBSCAN)
  [INFO] DBSCAN discovered 1 distinct point groups.

━━━ [STAGE 7] Multi-Gate Geometric Evaluation
  Cluster #00 -> Pts: 26797 | Dims(mm): X=162.0, Y=171.0, Z= 38.0 | VolRatio: 0.222 | Gates: [G1-4=1 G5_Size=1 G6_3D=1] -> PASSED
  [INFO] Winning Cluster selected: ID #0 (Score=0.7667)
  [INFO] Winning cluster point count: 26,797

━━━ [STAGE 8] Projection — Sensor Space → Cropped Canvas

  ── [STAGE 8a] Coordinate System Parameters ──
    Intrinsics    : fx=750.148  fy=749.790  cx=386.179  cy=366.086
    Crop offsets  : left=0 px  top=0 px
    Depth sensor  : 510W x 720H px
    RGB canvas    : 510W x 720H px
    Scale factors : scale_x=1.000000  scale_y=1.000000

  ── [STAGE 8b] 3-D Cluster Bounding Box (world space) ──
    X range : -0.1706 m  →  -0.0086 m  (span 162.0 mm)
    Y range : -0.2122 m  →  -0.0412 m  (span 171.0 mm)
    Z range : 0.4190 m  →  0.4570 m  (span 38.0 mm)
    Z depth : mean=0.4378 m  std=0.0063 m  min=0.4190 m  max=0.4570 m

  ── [STAGE 8c] Projection Steps ──
    [Step 1] Full-sensor pixel coords (before crop subtraction):
      u_sensor  min=91.0  max=372.0  mean=242.3
      v_sensor  min=11.0  max=297.0  mean=134.0
    [OK] Sensor-space OOB: u=0.0%  v=0.0%
    [Step 2] After crop subtraction (crop_left=0, crop_top=0):
      u_cropped min=91.0  max=372.0  mean=242.3
      v_cropped min=11.0  max=297.0  mean=134.0
    [Step 2 Check] Cropped coords outside canvas: u<0=0.0%  u>W=0.0%  v<0=0.0%  v>H=0.0%
    [Step 3] After scale to canvas (scale_x=1.0000, scale_y=1.0000):
      u  min=91  max=372  mean=242.3
      v  min=11  max=297  mean=134.0
      Canvas target size : 510W x 720H px

  ── [STAGE 8d] Expected mask centroid on canvas ──
      Projected centroid : u=242.3 px  v=134.0 px
      Canvas centre      : u=255.0 px  v=360.0 px
      Offset from centre : Δu=-12.7 px  Δv=-226.0 px

  ── [STAGE 8e] Bounds Filter ──
    Total projected points : 26,797
    Inside canvas bounds   : 26,797  (100.0%)
    Duplicate pixel hits    : 0
  [INFO] Density non-zero pixels: 26,797
  [INFO] Density peak count     : 1
  [INFO] Raw mask white pixels before morphology: 26,797
  [INFO] White pixels after close: 29,029
  [INFO] Morphological open skipped for tip-loss debugging.
  [INFO] White pixels after open (skipped): 29,029

  ── [STAGE 8f] Final Mask Stats ──
    Bounding box : 281W x 286H px
    Mask centroid: (231.5, 154.0) px
    White pixels : 29,029
  masking.py run ended: 2026-06-13 19:51:56.360915
