
================================================================================
  masking.py run started: 2026-06-13 20:06:30.336563
================================================================================

━━━ [STAGE 1] Loading Point Cloud Array
  [INFO] Total raw points loaded: 365,705

━━━ [STAGE 2] Statistical Outlier Demolition
  [INFO] Points surviving outlier filter: 353,926

━━━ [STAGE 3] Live Plane Surface Isolation (RANSAC)
  [INFO] Original RANSAC: a=0.0131, b=-0.1022, c=0.9947, d=-0.4737
  [INFO] Normal vector pointing down. Flipping coefficients up toward lens.
  [INFO] Points isolated on belt plane: 345,772
  [INFO] Non-plane points going to workspace filter: 8,154

━━━ [STAGE 5] Direction-Enforced Spatial Pre-Filtering
  [INFO] Height gate window : 1.50mm to 500.00mm
  [INFO] Dist-from-plane mm : min=-30.853 mean=26.119 median=34.874 max=43.181
  [INFO] Rejected by lower gate: 1,361 / 8,154
  [INFO] Rejected by upper gate: 0 / 8,154
  [DEBUG] Points passing directional spatial filters: 6,793

━━━ [STAGE 6] Spatial Structural Isolation Clustering (DBSCAN)
  [INFO] DBSCAN discovered 1 distinct point groups.

━━━ [STAGE 7] Multi-Gate Geometric Evaluation
  Cluster #00 -> Pts: 6793  | Dims(mm): X= 62.4, Y= 68.8, Z= 34.0 | VolRatio: 0.494 | Gates: [G1-4=1 G5_Size=1 G6_3D=1] -> PASSED
  [INFO] Winning Cluster selected: ID #0 (Score=0.6879)
  [INFO] Winning cluster point count: 6,793

━━━ [STAGE 8] Projection — Sensor Space → Cropped Canvas

  ── [STAGE 8a] Coordinate System Parameters ──
    Intrinsics    : fx=750.148  fy=749.790  cx=386.179  cy=366.086
    Crop offsets  : left=0 px  top=0 px
    Depth sensor  : 510W x 720H px
    RGB canvas    : 510W x 720H px
    Scale factors : scale_x=1.000000  scale_y=1.000000

  ── [STAGE 8b] 3-D Cluster Bounding Box (world space) ──
    X range : -0.1644 m  →  -0.1020 m  (span 62.4 mm)
    Y range : 0.0195 m  →  0.0883 m  (span 68.8 mm)
    Z range : 0.4390 m  →  0.4730 m  (span 34.0 mm)
    Z depth : mean=0.4477 m  std=0.0067 m  min=0.4390 m  max=0.4730 m

  ── [STAGE 8c] Projection Steps ──
    [Step 1] Full-sensor pixel coords (before crop subtraction):
      u_sensor  min=121.0  max=222.0  mean=170.1
      v_sensor  min=398.0  max=506.0  mean=445.4
    [OK] Sensor-space OOB: u=0.0%  v=0.0%
    [Step 2] After crop subtraction (crop_left=0, crop_top=0):
      u_cropped min=121.0  max=222.0  mean=170.1
      v_cropped min=398.0  max=506.0  mean=445.4
    [Step 2 Check] Cropped coords outside canvas: u<0=0.0%  u>W=0.0%  v<0=0.0%  v>H=0.0%
    [Step 3] After scale to canvas (scale_x=1.0000, scale_y=1.0000):
      u  min=121  max=222  mean=170.1
      v  min=398  max=506  mean=445.4
      Canvas target size : 510W x 720H px

  ── [STAGE 8d] Expected mask centroid on canvas ──
      Projected centroid : u=170.1 px  v=445.4 px
      Canvas centre      : u=255.0 px  v=360.0 px
      Offset from centre : Δu=-84.9 px  Δv=85.4 px

  ── [STAGE 8e] Bounds Filter ──
    Total projected points : 6,793
    Inside canvas bounds   : 6,793  (100.0%)
    Duplicate pixel hits    : 0
  [INFO] Density non-zero pixels: 6,793
  [INFO] Density peak count     : 1
  [INFO] Raw mask white pixels before morphology: 6,793
  [INFO] White pixels after close: 7,278
  [INFO] Morphological open skipped for tip-loss debugging.
  [INFO] White pixels after open (skipped): 7,278

  ── [STAGE 8f] Final Mask Stats ──
    Bounding box : 101W x 108H px
    Mask centroid: (171.5, 452.0) px
    White pixels : 7,278
  masking.py run ended: 2026-06-13 20:06:32.096430
