
================================================================================
  masking.py run started: 2026-06-13 19:49:21.429996
================================================================================

━━━ [STAGE 1] Loading Point Cloud Array
  [INFO] Total raw points loaded: 366,410

━━━ [STAGE 2] Statistical Outlier Demolition
  [INFO] Points surviving outlier filter: 356,238

━━━ [STAGE 3] Live Plane Surface Isolation (RANSAC)
  [INFO] Original RANSAC: a=0.0143, b=-0.0495, c=0.9987, d=-0.4786
  [INFO] Normal vector pointing down. Flipping coefficients up toward lens.
  [INFO] Points isolated on belt plane: 352,066
  [INFO] Non-plane points going to workspace filter: 4,172

━━━ [STAGE 5] Direction-Enforced Spatial Pre-Filtering
  [INFO] Height gate window : 1.50mm to 500.00mm
  [INFO] Dist-from-plane mm : min=15.600 mean=38.914 median=37.111 max=57.596
  [INFO] Rejected by lower gate: 0 / 4,172
  [INFO] Rejected by upper gate: 0 / 4,172
  [DEBUG] Points passing directional spatial filters: 4,172

━━━ [STAGE 6] Spatial Structural Isolation Clustering (DBSCAN)
  [INFO] DBSCAN discovered 1 distinct point groups.

━━━ [STAGE 7] Multi-Gate Geometric Evaluation
  Cluster #00 -> Pts: 4172  | Dims(mm): X= 62.2, Y= 42.5, Z= 41.0 | VolRatio: 0.659 | Gates: [G1-4=1 G5_Size=1 G6_3D=1] -> PASSED
  [INFO] Winning Cluster selected: ID #0 (Score=0.6064)
  [INFO] Winning cluster point count: 4,172

━━━ [STAGE 8] Projection — Sensor Space → Cropped Canvas

  ── [STAGE 8a] Coordinate System Parameters ──
    Intrinsics    : fx=750.148  fy=749.790  cx=386.179  cy=366.086
    Crop offsets  : left=0 px  top=0 px
    Depth sensor  : 510W x 720H px
    RGB canvas    : 510W x 720H px
    Scale factors : scale_x=1.000000  scale_y=1.000000

  ── [STAGE 8b] 3-D Cluster Bounding Box (world space) ──
    X range : -0.1077 m  →  -0.0455 m  (span 62.2 mm)
    Y range : -0.2192 m  →  -0.1767 m  (span 42.5 mm)
    Z range : 0.4140 m  →  0.4550 m  (span 41.0 mm)
    Z depth : mean=0.4317 m  std=0.0108 m  min=0.4140 m  max=0.4550 m

  ── [STAGE 8c] Projection Steps ──
    [Step 1] Full-sensor pixel coords (before crop subtraction):
      u_sensor  min=203.0  max=311.0  mean=258.7
      v_sensor  min=0.0  max=74.0  mean=30.2
    [OK] Sensor-space OOB: u=0.0%  v=0.0%
    [Step 2] After crop subtraction (crop_left=0, crop_top=0):
      u_cropped min=203.0  max=311.0  mean=258.7
      v_cropped min=0.0  max=74.0  mean=30.2
    [Step 2 Check] Cropped coords outside canvas: u<0=0.0%  u>W=0.0%  v<0=0.0%  v>H=0.0%
    [Step 3] After scale to canvas (scale_x=1.0000, scale_y=1.0000):
      u  min=203  max=311  mean=258.7
      v  min=0  max=74  mean=30.2
      Canvas target size : 510W x 720H px

  ── [STAGE 8d] Expected mask centroid on canvas ──
      Projected centroid : u=258.7 px  v=30.2 px
      Canvas centre      : u=255.0 px  v=360.0 px
      Offset from centre : Δu=3.7 px  Δv=-329.8 px

  ── [STAGE 8e] Bounds Filter ──
    Total projected points : 4,172
    Inside canvas bounds   : 4,172  (100.0%)
    Duplicate pixel hits    : 0
  [INFO] Density non-zero pixels: 4,172
  [INFO] Density peak count     : 1
  [INFO] Raw mask white pixels before morphology: 4,172
  [INFO] White pixels after close: 5,202
  [INFO] Morphological open skipped for tip-loss debugging.
  [INFO] White pixels after open (skipped): 5,202

  ── [STAGE 8f] Final Mask Stats ──
    Bounding box : 108W x 74H px
    Mask centroid: (257.0, 37.0) px
    White pixels : 5,202
  masking.py run ended: 2026-06-13 19:49:22.812895
