
================================================================================
  masking.py run started: 2026-06-13 19:48:22.222335
================================================================================

━━━ [STAGE 1] Loading Point Cloud Array
  [INFO] Total raw points loaded: 366,399

━━━ [STAGE 2] Statistical Outlier Demolition
  [INFO] Points surviving outlier filter: 355,240

━━━ [STAGE 3] Live Plane Surface Isolation (RANSAC)
  [INFO] Original RANSAC: a=0.0200, b=-0.0494, c=0.9986, d=-0.4775
  [INFO] Normal vector pointing down. Flipping coefficients up toward lens.
  [INFO] Points isolated on belt plane: 337,947
  [INFO] Non-plane points going to workspace filter: 17,293

━━━ [STAGE 5] Direction-Enforced Spatial Pre-Filtering
  [INFO] Height gate window : 1.50mm to 500.00mm
  [INFO] Dist-from-plane mm : min=15.189 mean=26.994 median=25.247 max=52.909
  [INFO] Rejected by lower gate: 0 / 17,293
  [INFO] Rejected by upper gate: 0 / 17,293
  [DEBUG] Points passing directional spatial filters: 17,293

━━━ [STAGE 6] Spatial Structural Isolation Clustering (DBSCAN)
  [INFO] DBSCAN discovered 3 distinct point groups.

━━━ [STAGE 7] Multi-Gate Geometric Evaluation
  Cluster #00 -> Pts: 17020 | Dims(mm): X= 64.9, Y=381.6, Z= 54.0 | VolRatio: 0.142 | Gates: [G1-4=1 G5_Size=1 G6_3D=0] -> REJECTED
  Cluster #01 -> Pts: 13    | Dims(mm): X=  5.5, Y= 11.6, Z=  1.0 | VolRatio: 0.087 | Gates: [G1-4=0 G5_Size=0 G6_3D=0] -> REJECTED
  Cluster #02 -> Pts: 260   | Dims(mm): X= 16.9, Y= 15.6, Z= 23.0 | VolRatio: 0.677 | Gates: [G1-4=1 G5_Size=1 G6_3D=1] -> PASSED
  [INFO] Winning Cluster selected: ID #2 (Score=0.4160)
  [INFO] Winning cluster point count: 260

━━━ [STAGE 8] Projection — Sensor Space → Cropped Canvas

  ── [STAGE 8a] Coordinate System Parameters ──
    Intrinsics    : fx=750.148  fy=749.790  cx=386.179  cy=366.086
    Crop offsets  : left=0 px  top=0 px
    Depth sensor  : 510W x 720H px
    RGB canvas    : 510W x 720H px
    Scale factors : scale_x=1.000000  scale_y=1.000000

  ── [STAGE 8b] 3-D Cluster Bounding Box (world space) ──
    X range : -0.0001 m  →  0.0168 m  (span 16.9 mm)
    Y range : 0.2042 m  →  0.2198 m  (span 15.6 mm)
    Z range : 0.4490 m  →  0.4720 m  (span 23.0 mm)
    Z depth : mean=0.4563 m  std=0.0067 m  min=0.4490 m  max=0.4720 m

  ── [STAGE 8c] Projection Steps ──
    [Step 1] Full-sensor pixel coords (before crop subtraction):
      u_sensor  min=386.0  max=413.0  mean=394.8
      v_sensor  min=696.0  max=718.0  mean=709.5
    [OK] Sensor-space OOB: u=0.0%  v=0.0%
    [Step 2] After crop subtraction (crop_left=0, crop_top=0):
      u_cropped min=386.0  max=413.0  mean=394.8
      v_cropped min=696.0  max=718.0  mean=709.5
    [Step 2 Check] Cropped coords outside canvas: u<0=0.0%  u>W=0.0%  v<0=0.0%  v>H=0.0%
    [Step 3] After scale to canvas (scale_x=1.0000, scale_y=1.0000):
      u  min=386  max=413  mean=394.8
      v  min=696  max=718  mean=709.5
      Canvas target size : 510W x 720H px

  ── [STAGE 8d] Expected mask centroid on canvas ──
      Projected centroid : u=394.8 px  v=709.5 px
      Canvas centre      : u=255.0 px  v=360.0 px
      Offset from centre : Δu=139.8 px  Δv=349.5 px

  ── [STAGE 8e] Bounds Filter ──
    Total projected points : 260
    Inside canvas bounds   : 260  (100.0%)
    Duplicate pixel hits    : 0
  [INFO] Density non-zero pixels: 260
  [INFO] Density peak count     : 1
  [INFO] Raw mask white pixels before morphology: 260
  [INFO] White pixels after close: 432
  [INFO] Morphological open skipped for tip-loss debugging.
  [INFO] White pixels after open (skipped): 432

  ── [STAGE 8f] Final Mask Stats ──
    Bounding box : 27W x 23H px
    Mask centroid: (399.5, 707.5) px
    White pixels : 432
  masking.py run ended: 2026-06-13 19:48:24.282637
