
================================================================================
  masking.py run started: 2026-06-13 19:48:06.602443
================================================================================

━━━ [STAGE 1] Loading Point Cloud Array
  [INFO] Total raw points loaded: 366,407

━━━ [STAGE 2] Statistical Outlier Demolition
  [INFO] Points surviving outlier filter: 357,608

━━━ [STAGE 3] Live Plane Surface Isolation (RANSAC)
  [INFO] Original RANSAC: a=0.0155, b=-0.0491, c=0.9987, d=-0.4780
  [INFO] Normal vector pointing down. Flipping coefficients up toward lens.
  [INFO] Points isolated on belt plane: 339,659
  [INFO] Non-plane points going to workspace filter: 17,949

━━━ [STAGE 5] Direction-Enforced Spatial Pre-Filtering
  [INFO] Height gate window : 1.50mm to 500.00mm
  [INFO] Dist-from-plane mm : min=13.050 mean=41.139 median=40.871 max=69.579
  [INFO] Rejected by lower gate: 0 / 17,949
  [INFO] Rejected by upper gate: 0 / 17,949
  [DEBUG] Points passing directional spatial filters: 17,949

━━━ [STAGE 6] Spatial Structural Isolation Clustering (DBSCAN)
  [INFO] DBSCAN discovered 1 distinct point groups.

━━━ [STAGE 7] Multi-Gate Geometric Evaluation
  Cluster #00 -> Pts: 17949 | Dims(mm): X=116.7, Y=224.4, Z= 63.0 | VolRatio: 0.281 | Gates: [G1-4=1 G5_Size=1 G6_3D=1] -> PASSED
  [INFO] Winning Cluster selected: ID #0 (Score=0.7842)
  [INFO] Winning cluster point count: 17,949

━━━ [STAGE 8] Projection — Sensor Space → Cropped Canvas

  ── [STAGE 8a] Coordinate System Parameters ──
    Intrinsics    : fx=750.148  fy=749.790  cx=386.179  cy=366.086
    Crop offsets  : left=0 px  top=0 px
    Depth sensor  : 510W x 720H px
    RGB canvas    : 510W x 720H px
    Scale factors : scale_x=1.000000  scale_y=1.000000

  ── [STAGE 8b] 3-D Cluster Bounding Box (world space) ──
    X range : -0.0784 m  →  0.0383 m  (span 116.7 mm)
    Y range : -0.0044 m  →  0.2200 m  (span 224.4 mm)
    Z range : 0.4130 m  →  0.4760 m  (span 63.0 mm)
    Z depth : mean=0.4422 m  std=0.0172 m  min=0.4130 m  max=0.4760 m

  ── [STAGE 8c] Projection Steps ──
    [Step 1] Full-sensor pixel coords (before crop subtraction):
      u_sensor  min=260.0  max=447.0  mean=370.0
      v_sensor  min=359.0  max=718.0  mean=523.3
    [OK] Sensor-space OOB: u=0.0%  v=0.0%
    [Step 2] After crop subtraction (crop_left=0, crop_top=0):
      u_cropped min=260.0  max=447.0  mean=370.0
      v_cropped min=359.0  max=718.0  mean=523.3
    [Step 2 Check] Cropped coords outside canvas: u<0=0.0%  u>W=0.0%  v<0=0.0%  v>H=0.0%
    [Step 3] After scale to canvas (scale_x=1.0000, scale_y=1.0000):
      u  min=260  max=447  mean=370.0
      v  min=359  max=718  mean=523.3
      Canvas target size : 510W x 720H px

  ── [STAGE 8d] Expected mask centroid on canvas ──
      Projected centroid : u=370.0 px  v=523.3 px
      Canvas centre      : u=255.0 px  v=360.0 px
      Offset from centre : Δu=115.0 px  Δv=163.3 px

  ── [STAGE 8e] Bounds Filter ──
    Total projected points : 17,949
    Inside canvas bounds   : 17,949  (100.0%)
    Duplicate pixel hits    : 0
  [INFO] Density non-zero pixels: 17,949
  [INFO] Density peak count     : 1
  [INFO] Raw mask white pixels before morphology: 17,949
  [INFO] White pixels after close: 18,576
  [INFO] Morphological open skipped for tip-loss debugging.
  [INFO] White pixels after open (skipped): 18,576

  ── [STAGE 8f] Final Mask Stats ──
    Bounding box : 187W x 360H px
    Mask centroid: (353.5, 539.0) px
    White pixels : 18,576
  masking.py run ended: 2026-06-13 19:48:09.219077
