
================================================================================
  masking.py run started: 2026-06-13 20:01:31.396206
================================================================================

━━━ [STAGE 1] Loading Point Cloud Array
  [INFO] Total raw points loaded: 366,083

━━━ [STAGE 2] Statistical Outlier Demolition
  [INFO] Points surviving outlier filter: 356,094

━━━ [STAGE 3] Live Plane Surface Isolation (RANSAC)
  [INFO] Original RANSAC: a=0.0151, b=-0.0699, c=0.9974, d=-0.4770
  [INFO] Normal vector pointing down. Flipping coefficients up toward lens.
  [INFO] Points isolated on belt plane: 335,930
  [INFO] Non-plane points going to workspace filter: 20,164

━━━ [STAGE 5] Direction-Enforced Spatial Pre-Filtering
  [INFO] Height gate window : 1.50mm to 500.00mm
  [INFO] Dist-from-plane mm : min=13.395 mean=48.942 median=53.230 max=64.828
  [INFO] Rejected by lower gate: 0 / 20,164
  [INFO] Rejected by upper gate: 0 / 20,164
  [DEBUG] Points passing directional spatial filters: 20,164

━━━ [STAGE 6] Spatial Structural Isolation Clustering (DBSCAN)
  [INFO] DBSCAN discovered 1 distinct point groups.

━━━ [STAGE 7] Multi-Gate Geometric Evaluation
  Cluster #00 -> Pts: 20164 | Dims(mm): X= 76.0, Y=220.8, Z= 52.0 | VolRatio: 0.236 | Gates: [G1-4=1 G5_Size=1 G6_3D=1] -> PASSED
  [INFO] Winning Cluster selected: ID #0 (Score=0.7707)
  [INFO] Winning cluster point count: 20,164

━━━ [STAGE 8] Projection — Sensor Space → Cropped Canvas

  ── [STAGE 8a] Coordinate System Parameters ──
    Intrinsics    : fx=750.148  fy=749.790  cx=386.179  cy=366.086
    Crop offsets  : left=0 px  top=0 px
    Depth sensor  : 510W x 720H px
    RGB canvas    : 510W x 720H px
    Scale factors : scale_x=1.000000  scale_y=1.000000

  ── [STAGE 8b] 3-D Cluster Bounding Box (world space) ──
    X range : -0.0019 m  →  0.0741 m  (span 76.0 mm)
    Y range : -0.1315 m  →  0.0893 m  (span 220.8 mm)
    Z range : 0.4150 m  →  0.4670 m  (span 52.0 mm)
    Z depth : mean=0.4285 m  std=0.0097 m  min=0.4150 m  max=0.4670 m

  ── [STAGE 8c] Projection Steps ──
    [Step 1] Full-sensor pixel coords (before crop subtraction):
      u_sensor  min=383.0  max=506.0  mean=449.2
      v_sensor  min=143.0  max=511.0  mean=365.6
    [OK] Sensor-space OOB: u=0.0%  v=0.0%
    [Step 2] After crop subtraction (crop_left=0, crop_top=0):
      u_cropped min=383.0  max=506.0  mean=449.2
      v_cropped min=143.0  max=511.0  mean=365.6
    [Step 2 Check] Cropped coords outside canvas: u<0=0.0%  u>W=0.0%  v<0=0.0%  v>H=0.0%
    [Step 3] After scale to canvas (scale_x=1.0000, scale_y=1.0000):
      u  min=383  max=506  mean=449.2
      v  min=143  max=511  mean=365.6
      Canvas target size : 510W x 720H px

  ── [STAGE 8d] Expected mask centroid on canvas ──
      Projected centroid : u=449.2 px  v=365.6 px
      Canvas centre      : u=255.0 px  v=360.0 px
      Offset from centre : Δu=194.2 px  Δv=5.6 px

  ── [STAGE 8e] Bounds Filter ──
    Total projected points : 20,164
    Inside canvas bounds   : 20,164  (100.0%)
    Duplicate pixel hits    : 0
  [INFO] Density non-zero pixels: 20,164
  [INFO] Density peak count     : 1
  [INFO] Raw mask white pixels before morphology: 20,164
  [INFO] White pixels after close: 22,524
  [INFO] Morphological open skipped for tip-loss debugging.
  [INFO] White pixels after open (skipped): 22,524

  ── [STAGE 8f] Final Mask Stats ──
    Bounding box : 126W x 368H px
    Mask centroid: (446.0, 327.0) px
    White pixels : 22,524
  masking.py run ended: 2026-06-13 20:01:34.325708
