
================================================================================
  masking.py run started: 2026-06-13 19:49:02.621626
================================================================================

━━━ [STAGE 1] Loading Point Cloud Array
  [INFO] Total raw points loaded: 366,390

━━━ [STAGE 2] Statistical Outlier Demolition
  [INFO] Points surviving outlier filter: 355,428

━━━ [STAGE 3] Live Plane Surface Isolation (RANSAC)
  [INFO] Original RANSAC: a=0.0183, b=-0.0489, c=0.9986, d=-0.4782
  [INFO] Normal vector pointing down. Flipping coefficients up toward lens.
  [INFO] Points isolated on belt plane: 335,846
  [INFO] Non-plane points going to workspace filter: 19,582

━━━ [STAGE 5] Direction-Enforced Spatial Pre-Filtering
  [INFO] Height gate window : 1.50mm to 500.00mm
  [INFO] Dist-from-plane mm : min=12.585 mean=35.626 median=37.270 max=56.084
  [INFO] Rejected by lower gate: 0 / 19,582
  [INFO] Rejected by upper gate: 0 / 19,582
  [DEBUG] Points passing directional spatial filters: 19,582

━━━ [STAGE 6] Spatial Structural Isolation Clustering (DBSCAN)
  [INFO] DBSCAN discovered 1 distinct point groups.

━━━ [STAGE 7] Multi-Gate Geometric Evaluation
  Cluster #00 -> Pts: 19582 | Dims(mm): X=110.7, Y=282.3, Z= 53.0 | VolRatio: 0.188 | Gates: [G1-4=1 G5_Size=1 G6_3D=1] -> PASSED
  [INFO] Winning Cluster selected: ID #0 (Score=0.7563)
  [INFO] Winning cluster point count: 19,582

━━━ [STAGE 8] Projection — Sensor Space → Cropped Canvas

  ── [STAGE 8a] Coordinate System Parameters ──
    Intrinsics    : fx=750.148  fy=749.790  cx=386.179  cy=366.086
    Crop offsets  : left=0 px  top=0 px
    Depth sensor  : 510W x 720H px
    RGB canvas    : 510W x 720H px
    Scale factors : scale_x=1.000000  scale_y=1.000000

  ── [STAGE 8b] 3-D Cluster Bounding Box (world space) ──
    X range : -0.0568 m  →  0.0538 m  (span 110.7 mm)
    Y range : -0.0696 m  →  0.2127 m  (span 282.3 mm)
    Z range : 0.4210 m  →  0.4740 m  (span 53.0 mm)
    Z depth : mean=0.4474 m  std=0.0115 m  min=0.4210 m  max=0.4740 m

  ── [STAGE 8c] Projection Steps ──
    [Step 1] Full-sensor pixel coords (before crop subtraction):
      u_sensor  min=291.0  max=473.0  mean=384.2
      v_sensor  min=249.0  max=718.0  mean=510.0
    [OK] Sensor-space OOB: u=0.0%  v=0.0%
    [Step 2] After crop subtraction (crop_left=0, crop_top=0):
      u_cropped min=291.0  max=473.0  mean=384.2
      v_cropped min=249.0  max=718.0  mean=510.0
    [Step 2 Check] Cropped coords outside canvas: u<0=0.0%  u>W=0.0%  v<0=0.0%  v>H=0.0%
    [Step 3] After scale to canvas (scale_x=1.0000, scale_y=1.0000):
      u  min=291  max=473  mean=384.2
      v  min=249  max=718  mean=510.0
      Canvas target size : 510W x 720H px

  ── [STAGE 8d] Expected mask centroid on canvas ──
      Projected centroid : u=384.2 px  v=510.0 px
      Canvas centre      : u=255.0 px  v=360.0 px
      Offset from centre : Δu=129.2 px  Δv=150.0 px

  ── [STAGE 8e] Bounds Filter ──
    Total projected points : 19,582
    Inside canvas bounds   : 19,582  (100.0%)
    Duplicate pixel hits    : 0
  [INFO] Density non-zero pixels: 19,582
  [INFO] Density peak count     : 1
  [INFO] Raw mask white pixels before morphology: 19,582
  [INFO] White pixels after close: 22,718
  [INFO] Morphological open skipped for tip-loss debugging.
  [INFO] White pixels after open (skipped): 22,718

  ── [STAGE 8f] Final Mask Stats ──
    Bounding box : 182W x 470H px
    Mask centroid: (382.0, 484.0) px
    White pixels : 22,718
  masking.py run ended: 2026-06-13 19:49:05.370938
