
================================================================================
  masking.py run started: 2026-06-13 19:51:24.474727
================================================================================

━━━ [STAGE 1] Loading Point Cloud Array
  [INFO] Total raw points loaded: 366,052

━━━ [STAGE 2] Statistical Outlier Demolition
  [INFO] Points surviving outlier filter: 355,098

━━━ [STAGE 3] Live Plane Surface Isolation (RANSAC)
  [INFO] Original RANSAC: a=0.0149, b=-0.0810, c=0.9966, d=-0.4750
  [INFO] Normal vector pointing down. Flipping coefficients up toward lens.
  [INFO] Points isolated on belt plane: 342,299
  [INFO] Non-plane points going to workspace filter: 12,799

━━━ [STAGE 5] Direction-Enforced Spatial Pre-Filtering
  [INFO] Height gate window : 1.50mm to 500.00mm
  [INFO] Dist-from-plane mm : min=12.882 mean=25.781 median=25.131 max=43.642
  [INFO] Rejected by lower gate: 0 / 12,799
  [INFO] Rejected by upper gate: 0 / 12,799
  [DEBUG] Points passing directional spatial filters: 12,799

━━━ [STAGE 6] Spatial Structural Isolation Clustering (DBSCAN)
  [INFO] DBSCAN discovered 1 distinct point groups.

━━━ [STAGE 7] Multi-Gate Geometric Evaluation
  Cluster #00 -> Pts: 12799 | Dims(mm): X= 95.7, Y=160.8, Z= 37.0 | VolRatio: 0.230 | Gates: [G1-4=1 G5_Size=1 G6_3D=1] -> PASSED
  [INFO] Winning Cluster selected: ID #0 (Score=0.7690)
  [INFO] Winning cluster point count: 12,799

━━━ [STAGE 8] Projection — Sensor Space → Cropped Canvas

  ── [STAGE 8a] Coordinate System Parameters ──
    Intrinsics    : fx=750.148  fy=749.790  cx=386.179  cy=366.086
    Crop offsets  : left=0 px  top=0 px
    Depth sensor  : 510W x 720H px
    RGB canvas    : 510W x 720H px
    Scale factors : scale_x=1.000000  scale_y=1.000000

  ── [STAGE 8b] 3-D Cluster Bounding Box (world space) ──
    X range : -0.0811 m  →  0.0146 m  (span 95.7 mm)
    Y range : -0.2147 m  →  -0.0538 m  (span 160.8 mm)
    Z range : 0.4210 m  →  0.4580 m  (span 37.0 mm)
    Z depth : mean=0.4399 m  std=0.0090 m  min=0.4210 m  max=0.4580 m

  ── [STAGE 8c] Projection Steps ──
    [Step 1] Full-sensor pixel coords (before crop subtraction):
      u_sensor  min=250.0  max=411.0  mean=325.1
      v_sensor  min=-0.0  max=276.0  mean=126.5
    [OK] Sensor-space OOB: u=0.0%  v=0.1%
    [Step 2] After crop subtraction (crop_left=0, crop_top=0):
      u_cropped min=250.0  max=411.0  mean=325.1
      v_cropped min=-0.0  max=276.0  mean=126.5
    [Step 2 Check] Cropped coords outside canvas: u<0=0.0%  u>W=0.0%  v<0=0.1%  v>H=0.0%
    [Step 3] After scale to canvas (scale_x=1.0000, scale_y=1.0000):
      u  min=250  max=411  mean=325.1
      v  min=0  max=276  mean=126.5
      Canvas target size : 510W x 720H px

  ── [STAGE 8d] Expected mask centroid on canvas ──
      Projected centroid : u=325.1 px  v=126.5 px
      Canvas centre      : u=255.0 px  v=360.0 px
      Offset from centre : Δu=70.1 px  Δv=-233.5 px

  ── [STAGE 8e] Bounds Filter ──
    Total projected points : 12,799
    Inside canvas bounds   : 12,799  (100.0%)
    Duplicate pixel hits    : 0
  [INFO] Density non-zero pixels: 12,799
  [INFO] Density peak count     : 1
  [INFO] Raw mask white pixels before morphology: 12,799
  [INFO] White pixels after close: 14,588
  [INFO] Morphological open skipped for tip-loss debugging.
  [INFO] White pixels after open (skipped): 14,588

  ── [STAGE 8f] Final Mask Stats ──
    Bounding box : 161W x 276H px
    Mask centroid: (330.5, 138.0) px
    White pixels : 14,588
  masking.py run ended: 2026-06-13 19:51:26.203289
