
================================================================================
  masking.py run started: 2026-06-13 19:49:49.730567
================================================================================

━━━ [STAGE 1] Loading Point Cloud Array
  [INFO] Total raw points loaded: 366,430

━━━ [STAGE 2] Statistical Outlier Demolition
  [INFO] Points surviving outlier filter: 354,986

━━━ [STAGE 3] Live Plane Surface Isolation (RANSAC)
  [INFO] Original RANSAC: a=0.0132, b=-0.0500, c=0.9987, d=-0.4785
  [INFO] Normal vector pointing down. Flipping coefficients up toward lens.
  [INFO] Points isolated on belt plane: 345,773
  [INFO] Non-plane points going to workspace filter: 9,213

━━━ [STAGE 5] Direction-Enforced Spatial Pre-Filtering
  [INFO] Height gate window : 1.50mm to 500.00mm
  [INFO] Dist-from-plane mm : min=14.886 mean=23.457 median=22.887 max=37.113
  [INFO] Rejected by lower gate: 0 / 9,213
  [INFO] Rejected by upper gate: 0 / 9,213
  [DEBUG] Points passing directional spatial filters: 9,213

━━━ [STAGE 6] Spatial Structural Isolation Clustering (DBSCAN)
  [INFO] DBSCAN discovered 1 distinct point groups.

━━━ [STAGE 7] Multi-Gate Geometric Evaluation
  Cluster #00 -> Pts: 9213  | Dims(mm): X=107.2, Y=127.5, Z= 23.0 | VolRatio: 0.180 | Gates: [G1-4=1 G5_Size=1 G6_3D=1] -> PASSED
  [INFO] Winning Cluster selected: ID #0 (Score=0.7148)
  [INFO] Winning cluster point count: 9,213

━━━ [STAGE 8] Projection — Sensor Space → Cropped Canvas

  ── [STAGE 8a] Coordinate System Parameters ──
    Intrinsics    : fx=750.148  fy=749.790  cx=386.179  cy=366.086
    Crop offsets  : left=0 px  top=0 px
    Depth sensor  : 510W x 720H px
    RGB canvas    : 510W x 720H px
    Scale factors : scale_x=1.000000  scale_y=1.000000

  ── [STAGE 8b] 3-D Cluster Bounding Box (world space) ──
    X range : -0.1639 m  →  -0.0567 m  (span 107.2 mm)
    Y range : -0.1381 m  →  -0.0106 m  (span 127.5 mm)
    Z range : 0.4410 m  →  0.4640 m  (span 23.0 mm)
    Z depth : mean=0.4542 m  std=0.0061 m  min=0.4410 m  max=0.4640 m

  ── [STAGE 8c] Projection Steps ──
    [Step 1] Full-sensor pixel coords (before crop subtraction):
      u_sensor  min=120.0  max=292.0  mean=204.8
      v_sensor  min=139.0  max=349.0  mean=270.3
    [OK] Sensor-space OOB: u=0.0%  v=0.0%
    [Step 2] After crop subtraction (crop_left=0, crop_top=0):
      u_cropped min=120.0  max=292.0  mean=204.8
      v_cropped min=139.0  max=349.0  mean=270.3
    [Step 2 Check] Cropped coords outside canvas: u<0=0.0%  u>W=0.0%  v<0=0.0%  v>H=0.0%
    [Step 3] After scale to canvas (scale_x=1.0000, scale_y=1.0000):
      u  min=120  max=292  mean=204.8
      v  min=139  max=349  mean=270.3
      Canvas target size : 510W x 720H px

  ── [STAGE 8d] Expected mask centroid on canvas ──
      Projected centroid : u=204.8 px  v=270.3 px
      Canvas centre      : u=255.0 px  v=360.0 px
      Offset from centre : Δu=-50.2 px  Δv=-89.7 px

  ── [STAGE 8e] Bounds Filter ──
    Total projected points : 9,213
    Inside canvas bounds   : 9,213  (100.0%)
    Duplicate pixel hits    : 0
  [INFO] Density non-zero pixels: 9,213
  [INFO] Density peak count     : 1
  [INFO] Raw mask white pixels before morphology: 9,213
  [INFO] White pixels after close: 9,864
  [INFO] Morphological open skipped for tip-loss debugging.
  [INFO] White pixels after open (skipped): 9,864

  ── [STAGE 8f] Final Mask Stats ──
    Bounding box : 172W x 210H px
    Mask centroid: (206.0, 244.0) px
    White pixels : 9,864
  masking.py run ended: 2026-06-13 19:49:51.692929
