
================================================================================
  masking.py run started: 2026-06-13 20:04:22.323098
================================================================================

━━━ [STAGE 1] Loading Point Cloud Array
  [INFO] Total raw points loaded: 365,931

━━━ [STAGE 2] Statistical Outlier Demolition
  [INFO] Points surviving outlier filter: 356,672

━━━ [STAGE 3] Live Plane Surface Isolation (RANSAC)
  [INFO] Original RANSAC: a=0.0127, b=-0.0880, c=0.9960, d=-0.4752
  [INFO] Normal vector pointing down. Flipping coefficients up toward lens.
  [INFO] Points isolated on belt plane: 331,968
  [INFO] Non-plane points going to workspace filter: 24,704

━━━ [STAGE 5] Direction-Enforced Spatial Pre-Filtering
  [INFO] Height gate window : 1.50mm to 500.00mm
  [INFO] Dist-from-plane mm : min=12.326 mean=48.933 median=51.757 max=61.491
  [INFO] Rejected by lower gate: 0 / 24,704
  [INFO] Rejected by upper gate: 0 / 24,704
  [DEBUG] Points passing directional spatial filters: 24,704

━━━ [STAGE 6] Spatial Structural Isolation Clustering (DBSCAN)
  [INFO] DBSCAN discovered 1 distinct point groups.

━━━ [STAGE 7] Multi-Gate Geometric Evaluation
  Cluster #00 -> Pts: 24704 | Dims(mm): X=118.0, Y=186.7, Z= 56.0 | VolRatio: 0.300 | Gates: [G1-4=1 G5_Size=1 G6_3D=1] -> PASSED
  [INFO] Winning Cluster selected: ID #0 (Score=0.7900)
  [INFO] Winning cluster point count: 24,704

━━━ [STAGE 8] Projection — Sensor Space → Cropped Canvas

  ── [STAGE 8a] Coordinate System Parameters ──
    Intrinsics    : fx=750.148  fy=749.790  cx=386.179  cy=366.086
    Crop offsets  : left=0 px  top=0 px
    Depth sensor  : 510W x 720H px
    RGB canvas    : 510W x 720H px
    Scale factors : scale_x=1.000000  scale_y=1.000000

  ── [STAGE 8b] 3-D Cluster Bounding Box (world space) ──
    X range : -0.1819 m  →  -0.0640 m  (span 118.0 mm)
    Y range : -0.0391 m  →  0.1477 m  (span 186.7 mm)
    Z range : 0.4180 m  →  0.4740 m  (span 56.0 mm)
    Z depth : mean=0.4331 m  std=0.0085 m  min=0.4180 m  max=0.4740 m

  ── [STAGE 8c] Projection Steps ──
    [Step 1] Full-sensor pixel coords (before crop subtraction):
      u_sensor  min=76.0  max=283.0  mean=181.1
      v_sensor  min=302.0  max=616.0  mean=438.0
    [OK] Sensor-space OOB: u=0.0%  v=0.0%
    [Step 2] After crop subtraction (crop_left=0, crop_top=0):
      u_cropped min=76.0  max=283.0  mean=181.1
      v_cropped min=302.0  max=616.0  mean=438.0
    [Step 2 Check] Cropped coords outside canvas: u<0=0.0%  u>W=0.0%  v<0=0.0%  v>H=0.0%
    [Step 3] After scale to canvas (scale_x=1.0000, scale_y=1.0000):
      u  min=76  max=283  mean=181.1
      v  min=302  max=616  mean=438.0
      Canvas target size : 510W x 720H px

  ── [STAGE 8d] Expected mask centroid on canvas ──
      Projected centroid : u=181.1 px  v=438.0 px
      Canvas centre      : u=255.0 px  v=360.0 px
      Offset from centre : Δu=-73.9 px  Δv=78.0 px

  ── [STAGE 8e] Bounds Filter ──
    Total projected points : 24,704
    Inside canvas bounds   : 24,704  (100.0%)
    Duplicate pixel hits    : 0
  [INFO] Density non-zero pixels: 24,704
  [INFO] Density peak count     : 1
  [INFO] Raw mask white pixels before morphology: 24,704
  [INFO] White pixels after close: 26,336
  [INFO] Morphological open skipped for tip-loss debugging.
  [INFO] White pixels after open (skipped): 26,336

  ── [STAGE 8f] Final Mask Stats ──
    Bounding box : 207W x 314H px
    Mask centroid: (179.5, 459.0) px
    White pixels : 26,336
  masking.py run ended: 2026-06-13 20:04:25.873611
