
================================================================================
  masking.py run started: 2026-06-13 19:52:45.730615
================================================================================

━━━ [STAGE 1] Loading Point Cloud Array
  [INFO] Total raw points loaded: 365,648

━━━ [STAGE 2] Statistical Outlier Demolition
  [INFO] Points surviving outlier filter: 353,114

━━━ [STAGE 3] Live Plane Surface Isolation (RANSAC)
  [INFO] Original RANSAC: a=0.0177, b=-0.1100, c=0.9938, d=-0.4721
  [INFO] Normal vector pointing down. Flipping coefficients up toward lens.
  [INFO] Points isolated on belt plane: 343,311
  [INFO] Non-plane points going to workspace filter: 9,803

━━━ [STAGE 5] Direction-Enforced Spatial Pre-Filtering
  [INFO] Height gate window : 1.50mm to 500.00mm
  [INFO] Dist-from-plane mm : min=-7.454 mean=23.486 median=21.413 max=46.606
  [INFO] Rejected by lower gate: 58 / 9,803
  [INFO] Rejected by upper gate: 0 / 9,803
  [DEBUG] Points passing directional spatial filters: 9,745

━━━ [STAGE 6] Spatial Structural Isolation Clustering (DBSCAN)
  [INFO] DBSCAN discovered 1 distinct point groups.

━━━ [STAGE 7] Multi-Gate Geometric Evaluation
  Cluster #00 -> Pts: 9745  | Dims(mm): X= 74.2, Y=124.5, Z= 32.0 | VolRatio: 0.257 | Gates: [G1-4=1 G5_Size=1 G6_3D=1] -> PASSED
  [INFO] Winning Cluster selected: ID #0 (Score=0.7644)
  [INFO] Winning cluster point count: 9,745

━━━ [STAGE 8] Projection — Sensor Space → Cropped Canvas

  ── [STAGE 8a] Coordinate System Parameters ──
    Intrinsics    : fx=750.148  fy=749.790  cx=386.179  cy=366.086
    Crop offsets  : left=0 px  top=0 px
    Depth sensor  : 510W x 720H px
    RGB canvas    : 510W x 720H px
    Scale factors : scale_x=1.000000  scale_y=1.000000

  ── [STAGE 8b] 3-D Cluster Bounding Box (world space) ──
    X range : -0.0150 m  →  0.0592 m  (span 74.2 mm)
    Y range : -0.2094 m  →  -0.0849 m  (span 124.5 mm)
    Z range : 0.4160 m  →  0.4480 m  (span 32.0 mm)
    Z depth : mean=0.4343 m  std=0.0062 m  min=0.4160 m  max=0.4480 m

  ── [STAGE 8c] Projection Steps ──
    [Step 1] Full-sensor pixel coords (before crop subtraction):
      u_sensor  min=361.0  max=488.0  mean=424.1
      v_sensor  min=0.0  max=224.0  mean=107.7
    [OK] Sensor-space OOB: u=0.0%  v=0.0%
    [Step 2] After crop subtraction (crop_left=0, crop_top=0):
      u_cropped min=361.0  max=488.0  mean=424.1
      v_cropped min=0.0  max=224.0  mean=107.7
    [Step 2 Check] Cropped coords outside canvas: u<0=0.0%  u>W=0.0%  v<0=0.0%  v>H=0.0%
    [Step 3] After scale to canvas (scale_x=1.0000, scale_y=1.0000):
      u  min=361  max=488  mean=424.1
      v  min=0  max=224  mean=107.7
      Canvas target size : 510W x 720H px

  ── [STAGE 8d] Expected mask centroid on canvas ──
      Projected centroid : u=424.1 px  v=107.7 px
      Canvas centre      : u=255.0 px  v=360.0 px
      Offset from centre : Δu=169.1 px  Δv=-252.3 px

  ── [STAGE 8e] Bounds Filter ──
    Total projected points : 9,745
    Inside canvas bounds   : 9,745  (100.0%)
    Duplicate pixel hits    : 0
  [INFO] Density non-zero pixels: 9,745
  [INFO] Density peak count     : 1
  [INFO] Raw mask white pixels before morphology: 9,745
  [INFO] White pixels after close: 10,878
  [INFO] Morphological open skipped for tip-loss debugging.
  [INFO] White pixels after open (skipped): 10,878

  ── [STAGE 8f] Final Mask Stats ──
    Bounding box : 127W x 224H px
    Mask centroid: (424.5, 112.0) px
    White pixels : 10,878
  masking.py run ended: 2026-06-13 19:52:47.305506
