
================================================================================
  masking.py run started: 2026-06-13 20:03:04.277440
================================================================================

━━━ [STAGE 1] Loading Point Cloud Array
  [INFO] Total raw points loaded: 365,937

━━━ [STAGE 2] Statistical Outlier Demolition
  [INFO] Points surviving outlier filter: 355,830

━━━ [STAGE 3] Live Plane Surface Isolation (RANSAC)
  [INFO] Original RANSAC: a=0.0132, b=-0.0881, c=0.9960, d=-0.4752
  [INFO] Normal vector pointing down. Flipping coefficients up toward lens.
  [INFO] Points isolated on belt plane: 332,770
  [INFO] Non-plane points going to workspace filter: 23,060

━━━ [STAGE 5] Direction-Enforced Spatial Pre-Filtering
  [INFO] Height gate window : 1.50mm to 500.00mm
  [INFO] Dist-from-plane mm : min=-23.459 mean=44.468 median=50.387 max=73.255
  [INFO] Rejected by lower gate: 657 / 23,060
  [INFO] Rejected by upper gate: 0 / 23,060
  [DEBUG] Points passing directional spatial filters: 22,403

━━━ [STAGE 6] Spatial Structural Isolation Clustering (DBSCAN)
  [INFO] DBSCAN discovered 2 distinct point groups.

━━━ [STAGE 7] Multi-Gate Geometric Evaluation
  Cluster #00 -> Pts: 22365 | Dims(mm): X=150.9, Y=179.3, Z= 54.0 | VolRatio: 0.301 | Gates: [G1-4=1 G5_Size=1 G6_3D=1] -> PASSED
  Cluster #01 -> Pts: 38    | Dims(mm): X=  5.0, Y=  4.7, Z=  2.0 | VolRatio: 0.398 | Gates: [G1-4=1 G5_Size=0 G6_3D=1] -> REJECTED
  [INFO] Winning Cluster selected: ID #0 (Score=0.7903)
  [INFO] Winning cluster point count: 22,365

━━━ [STAGE 8] Projection — Sensor Space → Cropped Canvas

  ── [STAGE 8a] Coordinate System Parameters ──
    Intrinsics    : fx=750.148  fy=749.790  cx=386.179  cy=366.086
    Crop offsets  : left=0 px  top=0 px
    Depth sensor  : 510W x 720H px
    RGB canvas    : 510W x 720H px
    Scale factors : scale_x=1.000000  scale_y=1.000000

  ── [STAGE 8b] 3-D Cluster Bounding Box (world space) ──
    X range : -0.1468 m  →  0.0041 m  (span 150.9 mm)
    Y range : -0.1101 m  →  0.0692 m  (span 179.3 mm)
    Z range : 0.4110 m  →  0.4650 m  (span 54.0 mm)
    Z depth : mean=0.4309 m  std=0.0119 m  min=0.4110 m  max=0.4650 m

  ── [STAGE 8c] Projection Steps ──
    [Step 1] Full-sensor pixel coords (before crop subtraction):
      u_sensor  min=124.0  max=393.0  mean=249.3
      v_sensor  min=183.0  max=489.0  mean=353.7
    [OK] Sensor-space OOB: u=0.0%  v=0.0%
    [Step 2] After crop subtraction (crop_left=0, crop_top=0):
      u_cropped min=124.0  max=393.0  mean=249.3
      v_cropped min=183.0  max=489.0  mean=353.7
    [Step 2 Check] Cropped coords outside canvas: u<0=0.0%  u>W=0.0%  v<0=0.0%  v>H=0.0%
    [Step 3] After scale to canvas (scale_x=1.0000, scale_y=1.0000):
      u  min=124  max=393  mean=249.3
      v  min=183  max=489  mean=353.7
      Canvas target size : 510W x 720H px

  ── [STAGE 8d] Expected mask centroid on canvas ──
      Projected centroid : u=249.3 px  v=353.7 px
      Canvas centre      : u=255.0 px  v=360.0 px
      Offset from centre : Δu=-5.7 px  Δv=-6.3 px

  ── [STAGE 8e] Bounds Filter ──
    Total projected points : 22,365
    Inside canvas bounds   : 22,365  (100.0%)
    Duplicate pixel hits    : 0
  [INFO] Density non-zero pixels: 22,365
  [INFO] Density peak count     : 1
  [INFO] Raw mask white pixels before morphology: 22,365
  [INFO] White pixels after close: 24,232
  [INFO] Morphological open skipped for tip-loss debugging.
  [INFO] White pixels after open (skipped): 24,232

  ── [STAGE 8f] Final Mask Stats ──
    Bounding box : 269W x 306H px
    Mask centroid: (258.5, 336.0) px
    White pixels : 24,232
  masking.py run ended: 2026-06-13 20:03:07.407059
