
================================================================================
  masking.py run started: 2026-06-13 20:03:40.921595
================================================================================

━━━ [STAGE 1] Loading Point Cloud Array
  [INFO] Total raw points loaded: 365,915

━━━ [STAGE 2] Statistical Outlier Demolition
  [INFO] Points surviving outlier filter: 355,489

━━━ [STAGE 3] Live Plane Surface Isolation (RANSAC)
  [INFO] Original RANSAC: a=0.0141, b=-0.0887, c=0.9960, d=-0.4752
  [INFO] Normal vector pointing down. Flipping coefficients up toward lens.
  [INFO] Points isolated on belt plane: 345,573
  [INFO] Non-plane points going to workspace filter: 9,916

━━━ [STAGE 5] Direction-Enforced Spatial Pre-Filtering
  [INFO] Height gate window : 1.50mm to 500.00mm
  [INFO] Dist-from-plane mm : min=12.984 mean=33.256 median=34.287 max=41.918
  [INFO] Rejected by lower gate: 0 / 9,916
  [INFO] Rejected by upper gate: 0 / 9,916
  [DEBUG] Points passing directional spatial filters: 9,916

━━━ [STAGE 6] Spatial Structural Isolation Clustering (DBSCAN)
  [INFO] DBSCAN discovered 1 distinct point groups.

━━━ [STAGE 7] Multi-Gate Geometric Evaluation
  Cluster #00 -> Pts: 9916  | Dims(mm): X= 65.5, Y=132.9, Z= 26.0 | VolRatio: 0.196 | Gates: [G1-4=1 G5_Size=1 G6_3D=1] -> PASSED
  [INFO] Winning Cluster selected: ID #0 (Score=0.7545)
  [INFO] Winning cluster point count: 9,916

━━━ [STAGE 8] Projection — Sensor Space → Cropped Canvas

  ── [STAGE 8a] Coordinate System Parameters ──
    Intrinsics    : fx=750.148  fy=749.790  cx=386.179  cy=366.086
    Crop offsets  : left=0 px  top=0 px
    Depth sensor  : 510W x 720H px
    RGB canvas    : 510W x 720H px
    Scale factors : scale_x=1.000000  scale_y=1.000000

  ── [STAGE 8b] 3-D Cluster Bounding Box (world space) ──
    X range : -0.0187 m  →  0.0468 m  (span 65.5 mm)
    Y range : -0.1592 m  →  -0.0263 m  (span 132.9 mm)
    Z range : 0.4260 m  →  0.4520 m  (span 26.0 mm)
    Z depth : mean=0.4362 m  std=0.0048 m  min=0.4260 m  max=0.4520 m

  ── [STAGE 8c] Projection Steps ──
    [Step 1] Full-sensor pixel coords (before crop subtraction):
      u_sensor  min=355.0  max=467.0  mean=408.5
      v_sensor  min=88.0  max=322.0  mean=224.8
    [OK] Sensor-space OOB: u=0.0%  v=0.0%
    [Step 2] After crop subtraction (crop_left=0, crop_top=0):
      u_cropped min=355.0  max=467.0  mean=408.5
      v_cropped min=88.0  max=322.0  mean=224.8
    [Step 2 Check] Cropped coords outside canvas: u<0=0.0%  u>W=0.0%  v<0=0.0%  v>H=0.0%
    [Step 3] After scale to canvas (scale_x=1.0000, scale_y=1.0000):
      u  min=355  max=467  mean=408.5
      v  min=88  max=322  mean=224.8
      Canvas target size : 510W x 720H px

  ── [STAGE 8d] Expected mask centroid on canvas ──
      Projected centroid : u=408.5 px  v=224.8 px
      Canvas centre      : u=255.0 px  v=360.0 px
      Offset from centre : Δu=153.5 px  Δv=-135.2 px

  ── [STAGE 8e] Bounds Filter ──
    Total projected points : 9,916
    Inside canvas bounds   : 9,916  (100.0%)
    Duplicate pixel hits    : 0
  [INFO] Density non-zero pixels: 9,916
  [INFO] Density peak count     : 1
  [INFO] Raw mask white pixels before morphology: 9,916
  [INFO] White pixels after close: 10,607
  [INFO] Morphological open skipped for tip-loss debugging.
  [INFO] White pixels after open (skipped): 10,607

  ── [STAGE 8f] Final Mask Stats ──
    Bounding box : 112W x 234H px
    Mask centroid: (411.0, 205.0) px
    White pixels : 10,607
  masking.py run ended: 2026-06-13 20:03:42.636820
