
================================================================================
  masking.py run started: 2026-06-13 19:52:32.700306
================================================================================

━━━ [STAGE 1] Loading Point Cloud Array
  [INFO] Total raw points loaded: 365,908

━━━ [STAGE 2] Statistical Outlier Demolition
  [INFO] Points surviving outlier filter: 356,033

━━━ [STAGE 3] Live Plane Surface Isolation (RANSAC)
  [INFO] Original RANSAC: a=0.0136, b=-0.0891, c=0.9959, d=-0.4750
  [INFO] Normal vector pointing down. Flipping coefficients up toward lens.
  [INFO] Points isolated on belt plane: 346,139
  [INFO] Non-plane points going to workspace filter: 9,894

━━━ [STAGE 5] Direction-Enforced Spatial Pre-Filtering
  [INFO] Height gate window : 1.50mm to 500.00mm
  [INFO] Dist-from-plane mm : min=12.684 mean=39.658 median=39.044 max=52.419
  [INFO] Rejected by lower gate: 0 / 9,894
  [INFO] Rejected by upper gate: 0 / 9,894
  [DEBUG] Points passing directional spatial filters: 9,894

━━━ [STAGE 6] Spatial Structural Isolation Clustering (DBSCAN)
  [INFO] DBSCAN discovered 1 distinct point groups.

━━━ [STAGE 7] Multi-Gate Geometric Evaluation
  Cluster #00 -> Pts: 9894  | Dims(mm): X= 63.9, Y= 79.7, Z= 38.0 | VolRatio: 0.477 | Gates: [G1-4=1 G5_Size=1 G6_3D=1] -> PASSED
  [INFO] Winning Cluster selected: ID #0 (Score=0.8378)
  [INFO] Winning cluster point count: 9,894

━━━ [STAGE 8] Projection — Sensor Space → Cropped Canvas

  ── [STAGE 8a] Coordinate System Parameters ──
    Intrinsics    : fx=750.148  fy=749.790  cx=386.179  cy=366.086
    Crop offsets  : left=0 px  top=0 px
    Depth sensor  : 510W x 720H px
    RGB canvas    : 510W x 720H px
    Scale factors : scale_x=1.000000  scale_y=1.000000

  ── [STAGE 8b] 3-D Cluster Bounding Box (world space) ──
    X range : -0.1227 m  →  -0.0588 m  (span 63.9 mm)
    Y range : -0.1114 m  →  -0.0318 m  (span 79.7 mm)
    Z range : 0.4200 m  →  0.4580 m  (span 38.0 mm)
    Z depth : mean=0.4322 m  std=0.0069 m  min=0.4200 m  max=0.4580 m

  ── [STAGE 8c] Projection Steps ──
    [Step 1] Full-sensor pixel coords (before crop subtraction):
      u_sensor  min=177.0  max=289.0  mean=230.1
      v_sensor  min=174.0  max=313.0  mean=247.1
    [OK] Sensor-space OOB: u=0.0%  v=0.0%
    [Step 2] After crop subtraction (crop_left=0, crop_top=0):
      u_cropped min=177.0  max=289.0  mean=230.1
      v_cropped min=174.0  max=313.0  mean=247.1
    [Step 2 Check] Cropped coords outside canvas: u<0=0.0%  u>W=0.0%  v<0=0.0%  v>H=0.0%
    [Step 3] After scale to canvas (scale_x=1.0000, scale_y=1.0000):
      u  min=177  max=289  mean=230.1
      v  min=174  max=313  mean=247.1
      Canvas target size : 510W x 720H px

  ── [STAGE 8d] Expected mask centroid on canvas ──
      Projected centroid : u=230.1 px  v=247.1 px
      Canvas centre      : u=255.0 px  v=360.0 px
      Offset from centre : Δu=-24.9 px  Δv=-112.9 px

  ── [STAGE 8e] Bounds Filter ──
    Total projected points : 9,894
    Inside canvas bounds   : 9,894  (100.0%)
    Duplicate pixel hits    : 0
  [INFO] Density non-zero pixels: 9,894
  [INFO] Density peak count     : 1
  [INFO] Raw mask white pixels before morphology: 9,894
  [INFO] White pixels after close: 11,494
  [INFO] Morphological open skipped for tip-loss debugging.
  [INFO] White pixels after open (skipped): 11,494

  ── [STAGE 8f] Final Mask Stats ──
    Bounding box : 112W x 139H px
    Mask centroid: (233.0, 243.5) px
    White pixels : 11,494
  masking.py run ended: 2026-06-13 19:52:34.377601
