
================================================================================
  masking.py run started: 2026-06-13 19:45:40.372447
================================================================================

━━━ [STAGE 1] Loading Point Cloud Array
  [INFO] Total raw points loaded: 366,523

━━━ [STAGE 2] Statistical Outlier Demolition
  [INFO] Points surviving outlier filter: 355,343

━━━ [STAGE 3] Live Plane Surface Isolation (RANSAC)
  [INFO] Original RANSAC: a=0.0161, b=-0.0358, c=0.9992, d=-0.4792
  [INFO] Normal vector pointing down. Flipping coefficients up toward lens.
  [INFO] Points isolated on belt plane: 332,574
  [INFO] Non-plane points going to workspace filter: 22,769

━━━ [STAGE 5] Direction-Enforced Spatial Pre-Filtering
  [INFO] Height gate window : 1.50mm to 500.00mm
  [INFO] Dist-from-plane mm : min=13.707 mean=23.733 median=21.422 max=38.239
  [INFO] Rejected by lower gate: 0 / 22,769
  [INFO] Rejected by upper gate: 0 / 22,769
  [DEBUG] Points passing directional spatial filters: 22,769

━━━ [STAGE 6] Spatial Structural Isolation Clustering (DBSCAN)
  [INFO] DBSCAN discovered 1 distinct point groups.

━━━ [STAGE 7] Multi-Gate Geometric Evaluation
  Cluster #00 -> Pts: 22769 | Dims(mm): X= 97.7, Y=143.9, Z= 27.0 | VolRatio: 0.188 | Gates: [G1-4=1 G5_Size=1 G6_3D=1] -> PASSED
  [INFO] Winning Cluster selected: ID #0 (Score=0.7563)
  [INFO] Winning cluster point count: 22,769

━━━ [STAGE 8] Projection — Sensor Space → Cropped Canvas

  ── [STAGE 8a] Coordinate System Parameters ──
    Intrinsics    : fx=750.148  fy=749.790  cx=386.179  cy=366.086
    Crop offsets  : left=0 px  top=0 px
    Depth sensor  : 510W x 720H px
    RGB canvas    : 510W x 720H px
    Scale factors : scale_x=1.000000  scale_y=1.000000

  ── [STAGE 8b] 3-D Cluster Bounding Box (world space) ──
    X range : -0.0590 m  →  0.0387 m  (span 97.7 mm)
    Y range : -0.1741 m  →  -0.0302 m  (span 143.9 mm)
    Z range : 0.4370 m  →  0.4640 m  (span 27.0 mm)
    Z depth : mean=0.4524 m  std=0.0078 m  min=0.4370 m  max=0.4640 m

  ── [STAGE 8c] Projection Steps ──
    [Step 1] Full-sensor pixel coords (before crop subtraction):
      u_sensor  min=287.0  max=451.0  mean=372.8
      v_sensor  min=81.0  max=317.0  mean=201.9
    [OK] Sensor-space OOB: u=0.0%  v=0.0%
    [Step 2] After crop subtraction (crop_left=0, crop_top=0):
      u_cropped min=287.0  max=451.0  mean=372.8
      v_cropped min=81.0  max=317.0  mean=201.9
    [Step 2 Check] Cropped coords outside canvas: u<0=0.0%  u>W=0.0%  v<0=0.0%  v>H=0.0%
    [Step 3] After scale to canvas (scale_x=1.0000, scale_y=1.0000):
      u  min=287  max=451  mean=372.8
      v  min=81  max=317  mean=201.9
      Canvas target size : 510W x 720H px

  ── [STAGE 8d] Expected mask centroid on canvas ──
      Projected centroid : u=372.8 px  v=201.9 px
      Canvas centre      : u=255.0 px  v=360.0 px
      Offset from centre : Δu=117.8 px  Δv=-158.1 px

  ── [STAGE 8e] Bounds Filter ──
    Total projected points : 22,769
    Inside canvas bounds   : 22,769  (100.0%)
    Duplicate pixel hits    : 0
  [INFO] Density non-zero pixels: 22,769
  [INFO] Density peak count     : 1
  [INFO] Raw mask white pixels before morphology: 22,769
  [INFO] White pixels after close: 25,890
  [INFO] Morphological open skipped for tip-loss debugging.
  [INFO] White pixels after open (skipped): 25,890

  ── [STAGE 8f] Final Mask Stats ──
    Bounding box : 164W x 236H px
    Mask centroid: (369.0, 199.0) px
    White pixels : 25,890
  masking.py run ended: 2026-06-13 19:45:43.773997
