
================================================================================
  masking.py run started: 2026-06-13 19:45:43.774675
================================================================================

━━━ [STAGE 1] Loading Point Cloud Array
  [INFO] Total raw points loaded: 366,525

━━━ [STAGE 2] Statistical Outlier Demolition
  [INFO] Points surviving outlier filter: 355,421

━━━ [STAGE 3] Live Plane Surface Isolation (RANSAC)
  [INFO] Original RANSAC: a=0.0169, b=-0.0355, c=0.9992, d=-0.4793
  [INFO] Normal vector pointing down. Flipping coefficients up toward lens.
  [INFO] Points isolated on belt plane: 336,316
  [INFO] Non-plane points going to workspace filter: 19,105

━━━ [STAGE 5] Direction-Enforced Spatial Pre-Filtering
  [INFO] Height gate window : 1.50mm to 500.00mm
  [INFO] Dist-from-plane mm : min=6.840 mean=28.260 median=28.846 max=42.886
  [INFO] Rejected by lower gate: 0 / 19,105
  [INFO] Rejected by upper gate: 0 / 19,105
  [DEBUG] Points passing directional spatial filters: 19,105

━━━ [STAGE 6] Spatial Structural Isolation Clustering (DBSCAN)
  [INFO] DBSCAN discovered 3 distinct point groups.

━━━ [STAGE 7] Multi-Gate Geometric Evaluation
  Cluster #00 -> Pts: 19070 | Dims(mm): X= 64.0, Y=141.8, Z= 32.0 | VolRatio: 0.226 | Gates: [G1-4=1 G5_Size=1 G6_3D=1] -> PASSED
  Cluster #01 -> Pts: 24    | Dims(mm): X=  1.8, Y= 19.1, Z=  1.0 | VolRatio: 0.052 | Gates: [G1-4=0 G5_Size=0 G6_3D=0] -> REJECTED
  Cluster #02 -> Pts: 11    | Dims(mm): X=  7.1, Y=  1.9, Z=  0.0 | VolRatio: 0.000 | Gates: [G1-4=0 G5_Size=0 G6_3D=0] -> REJECTED
  [INFO] Winning Cluster selected: ID #0 (Score=0.7677)
  [INFO] Winning cluster point count: 19,070

━━━ [STAGE 8] Projection — Sensor Space → Cropped Canvas

  ── [STAGE 8a] Coordinate System Parameters ──
    Intrinsics    : fx=750.148  fy=749.790  cx=386.179  cy=366.086
    Crop offsets  : left=0 px  top=0 px
    Depth sensor  : 510W x 720H px
    RGB canvas    : 510W x 720H px
    Scale factors : scale_x=1.000000  scale_y=1.000000

  ── [STAGE 8b] 3-D Cluster Bounding Box (world space) ──
    X range : 0.0116 m  →  0.0756 m  (span 64.0 mm)
    Y range : -0.1165 m  →  0.0253 m  (span 141.8 mm)
    Z range : 0.4330 m  →  0.4650 m  (span 32.0 mm)
    Z depth : mean=0.4492 m  std=0.0076 m  min=0.4330 m  max=0.4650 m

  ── [STAGE 8c] Projection Steps ──
    [Step 1] Full-sensor pixel coords (before crop subtraction):
      u_sensor  min=405.0  max=509.0  mean=462.9
      v_sensor  min=170.0  max=407.0  mean=297.9
    [OK] Sensor-space OOB: u=0.0%  v=0.0%
    [Step 2] After crop subtraction (crop_left=0, crop_top=0):
      u_cropped min=405.0  max=509.0  mean=462.9
      v_cropped min=170.0  max=407.0  mean=297.9
    [Step 2 Check] Cropped coords outside canvas: u<0=0.0%  u>W=0.0%  v<0=0.0%  v>H=0.0%
    [Step 3] After scale to canvas (scale_x=1.0000, scale_y=1.0000):
      u  min=405  max=509  mean=462.9
      v  min=170  max=407  mean=297.9
      Canvas target size : 510W x 720H px

  ── [STAGE 8d] Expected mask centroid on canvas ──
      Projected centroid : u=462.9 px  v=297.9 px
      Canvas centre      : u=255.0 px  v=360.0 px
      Offset from centre : Δu=207.9 px  Δv=-62.1 px

  ── [STAGE 8e] Bounds Filter ──
    Total projected points : 19,070
    Inside canvas bounds   : 19,070  (100.0%)
    Duplicate pixel hits    : 0
  [INFO] Density non-zero pixels: 19,070
  [INFO] Density peak count     : 1
  [INFO] Raw mask white pixels before morphology: 19,070
  [INFO] White pixels after close: 20,411
  [INFO] Morphological open skipped for tip-loss debugging.
  [INFO] White pixels after open (skipped): 20,411

  ── [STAGE 8f] Final Mask Stats ──
    Bounding box : 104W x 237H px
    Mask centroid: (457.0, 288.5) px
    White pixels : 20,411
  masking.py run ended: 2026-06-13 19:45:46.560401
