
================================================================================
  masking.py run started: 2026-06-13 19:46:31.992224
================================================================================

━━━ [STAGE 1] Loading Point Cloud Array
  [INFO] Total raw points loaded: 366,528

━━━ [STAGE 2] Statistical Outlier Demolition
  [INFO] Points surviving outlier filter: 355,065

━━━ [STAGE 3] Live Plane Surface Isolation (RANSAC)
  [INFO] Original RANSAC: a=0.0152, b=-0.0389, c=0.9991, d=-0.4792
  [INFO] Normal vector pointing down. Flipping coefficients up toward lens.
  [INFO] Points isolated on belt plane: 344,824
  [INFO] Non-plane points going to workspace filter: 10,241

━━━ [STAGE 5] Direction-Enforced Spatial Pre-Filtering
  [INFO] Height gate window : 1.50mm to 500.00mm
  [INFO] Dist-from-plane mm : min=-4.609 mean=26.524 median=24.796 max=42.395
  [INFO] Rejected by lower gate: 280 / 10,241
  [INFO] Rejected by upper gate: 0 / 10,241
  [DEBUG] Points passing directional spatial filters: 9,961

━━━ [STAGE 6] Spatial Structural Isolation Clustering (DBSCAN)
  [INFO] DBSCAN discovered 1 distinct point groups.

━━━ [STAGE 7] Multi-Gate Geometric Evaluation
  Cluster #00 -> Pts: 9961  | Dims(mm): X= 48.5, Y=134.4, Z= 22.0 | VolRatio: 0.164 | Gates: [G1-4=1 G5_Size=1 G6_3D=1] -> PASSED
  [INFO] Winning Cluster selected: ID #0 (Score=0.7471)
  [INFO] Winning cluster point count: 9,961

━━━ [STAGE 8] Projection — Sensor Space → Cropped Canvas

  ── [STAGE 8a] Coordinate System Parameters ──
    Intrinsics    : fx=750.148  fy=749.790  cx=386.179  cy=366.086
    Crop offsets  : left=0 px  top=0 px
    Depth sensor  : 510W x 720H px
    RGB canvas    : 510W x 720H px
    Scale factors : scale_x=1.000000  scale_y=1.000000

  ── [STAGE 8b] 3-D Cluster Bounding Box (world space) ──
    X range : -0.0456 m  →  0.0029 m  (span 48.5 mm)
    Y range : -0.2207 m  →  -0.0863 m  (span 134.4 mm)
    Z range : 0.4340 m  →  0.4560 m  (span 22.0 mm)
    Z depth : mean=0.4468 m  std=0.0058 m  min=0.4340 m  max=0.4560 m

  ── [STAGE 8c] Projection Steps ──
    [Step 1] Full-sensor pixel coords (before crop subtraction):
      u_sensor  min=311.0  max=391.0  mean=354.6
      v_sensor  min=0.0  max=223.0  mean=123.8
    [OK] Sensor-space OOB: u=0.0%  v=0.0%
    [Step 2] After crop subtraction (crop_left=0, crop_top=0):
      u_cropped min=311.0  max=391.0  mean=354.6
      v_cropped min=0.0  max=223.0  mean=123.8
    [Step 2 Check] Cropped coords outside canvas: u<0=0.0%  u>W=0.0%  v<0=0.0%  v>H=0.0%
    [Step 3] After scale to canvas (scale_x=1.0000, scale_y=1.0000):
      u  min=311  max=391  mean=354.6
      v  min=0  max=223  mean=123.8
      Canvas target size : 510W x 720H px

  ── [STAGE 8d] Expected mask centroid on canvas ──
      Projected centroid : u=354.6 px  v=123.8 px
      Canvas centre      : u=255.0 px  v=360.0 px
      Offset from centre : Δu=99.6 px  Δv=-236.2 px

  ── [STAGE 8e] Bounds Filter ──
    Total projected points : 9,961
    Inside canvas bounds   : 9,961  (100.0%)
    Duplicate pixel hits    : 0
  [INFO] Density non-zero pixels: 9,961
  [INFO] Density peak count     : 1
  [INFO] Raw mask white pixels before morphology: 9,961
  [INFO] White pixels after close: 11,331
  [INFO] Morphological open skipped for tip-loss debugging.
  [INFO] White pixels after open (skipped): 11,331

  ── [STAGE 8f] Final Mask Stats ──
    Bounding box : 80W x 223H px
    Mask centroid: (351.0, 111.5) px
    White pixels : 11,331
  masking.py run ended: 2026-06-13 19:46:33.899302
