
================================================================================
  masking.py run started: 2026-06-13 20:02:08.533586
================================================================================

━━━ [STAGE 1] Loading Point Cloud Array
  [INFO] Total raw points loaded: 366,096

━━━ [STAGE 2] Statistical Outlier Demolition
  [INFO] Points surviving outlier filter: 356,545

━━━ [STAGE 3] Live Plane Surface Isolation (RANSAC)
  [INFO] Original RANSAC: a=0.0146, b=-0.0760, c=0.9970, d=-0.4765
  [INFO] Normal vector pointing down. Flipping coefficients up toward lens.
  [INFO] Points isolated on belt plane: 348,148
  [INFO] Non-plane points going to workspace filter: 8,397

━━━ [STAGE 5] Direction-Enforced Spatial Pre-Filtering
  [INFO] Height gate window : 1.50mm to 500.00mm
  [INFO] Dist-from-plane mm : min=15.456 mean=34.510 median=32.204 max=69.345
  [INFO] Rejected by lower gate: 0 / 8,397
  [INFO] Rejected by upper gate: 0 / 8,397
  [DEBUG] Points passing directional spatial filters: 8,397

━━━ [STAGE 6] Spatial Structural Isolation Clustering (DBSCAN)
  [INFO] DBSCAN discovered 3 distinct point groups.

━━━ [STAGE 7] Multi-Gate Geometric Evaluation
  Cluster #00 -> Pts: 5646  | Dims(mm): X= 58.7, Y= 39.0, Z= 56.0 | VolRatio: 0.664 | Gates: [G1-4=1 G5_Size=1 G6_3D=1] -> PASSED
  Cluster #01 -> Pts: 10    | Dims(mm): X=  1.2, Y=  1.8, Z=  0.0 | VolRatio: 0.000 | Gates: [G1-4=0 G5_Size=0 G6_3D=0] -> REJECTED
  Cluster #02 -> Pts: 2740  | Dims(mm): X= 50.9, Y= 57.5, Z= 30.0 | VolRatio: 0.521 | Gates: [G1-4=1 G5_Size=1 G6_3D=1] -> PASSED
  [INFO] Winning Cluster selected: ID #0 (Score=0.6816)
  [INFO] Winning cluster point count: 5,646

━━━ [STAGE 8] Projection — Sensor Space → Cropped Canvas

  ── [STAGE 8a] Coordinate System Parameters ──
    Intrinsics    : fx=750.148  fy=749.790  cx=386.179  cy=366.086
    Crop offsets  : left=0 px  top=0 px
    Depth sensor  : 510W x 720H px
    RGB canvas    : 510W x 720H px
    Scale factors : scale_x=1.000000  scale_y=1.000000

  ── [STAGE 8b] 3-D Cluster Bounding Box (world space) ──
    X range : -0.0745 m  →  -0.0158 m  (span 58.7 mm)
    Y range : -0.1434 m  →  -0.1044 m  (span 39.0 mm)
    Z range : 0.3990 m  →  0.4550 m  (span 56.0 mm)
    Z depth : mean=0.4323 m  std=0.0161 m  min=0.3990 m  max=0.4550 m

  ── [STAGE 8c] Projection Steps ──
    [Step 1] Full-sensor pixel coords (before crop subtraction):
      u_sensor  min=254.0  max=360.0  mean=305.4
      v_sensor  min=110.0  max=194.0  mean=149.0
    [OK] Sensor-space OOB: u=0.0%  v=0.0%
    [Step 2] After crop subtraction (crop_left=0, crop_top=0):
      u_cropped min=254.0  max=360.0  mean=305.4
      v_cropped min=110.0  max=194.0  mean=149.0
    [Step 2 Check] Cropped coords outside canvas: u<0=0.0%  u>W=0.0%  v<0=0.0%  v>H=0.0%
    [Step 3] After scale to canvas (scale_x=1.0000, scale_y=1.0000):
      u  min=254  max=360  mean=305.4
      v  min=110  max=194  mean=149.0
      Canvas target size : 510W x 720H px

  ── [STAGE 8d] Expected mask centroid on canvas ──
      Projected centroid : u=305.4 px  v=149.0 px
      Canvas centre      : u=255.0 px  v=360.0 px
      Offset from centre : Δu=50.4 px  Δv=-211.0 px

  ── [STAGE 8e] Bounds Filter ──
    Total projected points : 5,646
    Inside canvas bounds   : 5,646  (100.0%)
    Duplicate pixel hits    : 0
  [INFO] Density non-zero pixels: 5,646
  [INFO] Density peak count     : 1
  [INFO] Raw mask white pixels before morphology: 5,646
  [INFO] White pixels after close: 6,397
  [INFO] Morphological open skipped for tip-loss debugging.
  [INFO] White pixels after open (skipped): 6,397

  ── [STAGE 8f] Final Mask Stats ──
    Bounding box : 106W x 84H px
    Mask centroid: (307.0, 152.0) px
    White pixels : 6,397
  masking.py run ended: 2026-06-13 20:02:10.268615
