
================================================================================
  masking.py run started: 2026-06-13 19:47:50.335694
================================================================================

━━━ [STAGE 1] Loading Point Cloud Array
  [INFO] Total raw points loaded: 366,398

━━━ [STAGE 2] Statistical Outlier Demolition
  [INFO] Points surviving outlier filter: 355,183

━━━ [STAGE 3] Live Plane Surface Isolation (RANSAC)
  [INFO] Original RANSAC: a=0.0142, b=-0.0501, c=0.9986, d=-0.4782
  [INFO] Normal vector pointing down. Flipping coefficients up toward lens.
  [INFO] Points isolated on belt plane: 343,822
  [INFO] Non-plane points going to workspace filter: 11,361

━━━ [STAGE 5] Direction-Enforced Spatial Pre-Filtering
  [INFO] Height gate window : 1.50mm to 500.00mm
  [INFO] Dist-from-plane mm : min=5.718 mean=28.518 median=28.989 max=40.777
  [INFO] Rejected by lower gate: 0 / 11,361
  [INFO] Rejected by upper gate: 0 / 11,361
  [DEBUG] Points passing directional spatial filters: 11,361

━━━ [STAGE 6] Spatial Structural Isolation Clustering (DBSCAN)
  [INFO] DBSCAN discovered 2 distinct point groups.

━━━ [STAGE 7] Multi-Gate Geometric Evaluation
  Cluster #00 -> Pts: 11334 | Dims(mm): X= 73.9, Y=108.5, Z= 30.0 | VolRatio: 0.276 | Gates: [G1-4=1 G5_Size=1 G6_3D=1] -> PASSED
  Cluster #01 -> Pts: 27    | Dims(mm): X=  4.7, Y= 15.4, Z=  1.0 | VolRatio: 0.065 | Gates: [G1-4=1 G5_Size=0 G6_3D=0] -> REJECTED
  [INFO] Winning Cluster selected: ID #0 (Score=0.7829)
  [INFO] Winning cluster point count: 11,334

━━━ [STAGE 8] Projection — Sensor Space → Cropped Canvas

  ── [STAGE 8a] Coordinate System Parameters ──
    Intrinsics    : fx=750.148  fy=749.790  cx=386.179  cy=366.086
    Crop offsets  : left=0 px  top=0 px
    Depth sensor  : 510W x 720H px
    RGB canvas    : 510W x 720H px
    Scale factors : scale_x=1.000000  scale_y=1.000000

  ── [STAGE 8b] 3-D Cluster Bounding Box (world space) ──
    X range : -0.1491 m  →  -0.0752 m  (span 73.9 mm)
    Y range : -0.2177 m  →  -0.1092 m  (span 108.5 mm)
    Z range : 0.4300 m  →  0.4600 m  (span 30.0 mm)
    Z depth : mean=0.4428 m  std=0.0084 m  min=0.4300 m  max=0.4600 m

  ── [STAGE 8c] Projection Steps ──
    [Step 1] Full-sensor pixel coords (before crop subtraction):
      u_sensor  min=132.0  max=262.0  mean=204.9
      v_sensor  min=0.0  max=187.0  mean=63.6
    [OK] Sensor-space OOB: u=0.0%  v=0.0%
    [Step 2] After crop subtraction (crop_left=0, crop_top=0):
      u_cropped min=132.0  max=262.0  mean=204.9
      v_cropped min=0.0  max=187.0  mean=63.6
    [Step 2 Check] Cropped coords outside canvas: u<0=0.0%  u>W=0.0%  v<0=0.0%  v>H=0.0%
    [Step 3] After scale to canvas (scale_x=1.0000, scale_y=1.0000):
      u  min=132  max=262  mean=204.9
      v  min=0  max=187  mean=63.6
      Canvas target size : 510W x 720H px

  ── [STAGE 8d] Expected mask centroid on canvas ──
      Projected centroid : u=204.9 px  v=63.6 px
      Canvas centre      : u=255.0 px  v=360.0 px
      Offset from centre : Δu=-50.1 px  Δv=-296.4 px

  ── [STAGE 8e] Bounds Filter ──
    Total projected points : 11,334
    Inside canvas bounds   : 11,334  (100.0%)
    Duplicate pixel hits    : 0
  [INFO] Density non-zero pixels: 11,334
  [INFO] Density peak count     : 1
  [INFO] Raw mask white pixels before morphology: 11,334
  [INFO] White pixels after close: 12,336
  [INFO] Morphological open skipped for tip-loss debugging.
  [INFO] White pixels after open (skipped): 12,336

  ── [STAGE 8f] Final Mask Stats ──
    Bounding box : 130W x 187H px
    Mask centroid: (197.0, 93.5) px
    White pixels : 12,336
  masking.py run ended: 2026-06-13 19:47:53.216671
