
================================================================================
  masking.py run started: 2026-06-13 20:03:32.416116
================================================================================

━━━ [STAGE 1] Loading Point Cloud Array
  [INFO] Total raw points loaded: 365,909

━━━ [STAGE 2] Statistical Outlier Demolition
  [INFO] Points surviving outlier filter: 355,270

━━━ [STAGE 3] Live Plane Surface Isolation (RANSAC)
  [INFO] Original RANSAC: a=0.0132, b=-0.0889, c=0.9960, d=-0.4750
  [INFO] Normal vector pointing down. Flipping coefficients up toward lens.
  [INFO] Points isolated on belt plane: 332,720
  [INFO] Non-plane points going to workspace filter: 22,550

━━━ [STAGE 5] Direction-Enforced Spatial Pre-Filtering
  [INFO] Height gate window : 1.50mm to 500.00mm
  [INFO] Dist-from-plane mm : min=-4.805 mean=45.815 median=49.243 max=68.614
  [INFO] Rejected by lower gate: 103 / 22,550
  [INFO] Rejected by upper gate: 0 / 22,550
  [DEBUG] Points passing directional spatial filters: 22,447

━━━ [STAGE 6] Spatial Structural Isolation Clustering (DBSCAN)
  [INFO] DBSCAN discovered 2 distinct point groups.

━━━ [STAGE 7] Multi-Gate Geometric Evaluation
  Cluster #00 -> Pts: 22399 | Dims(mm): X= 69.9, Y=231.9, Z= 60.0 | VolRatio: 0.259 | Gates: [G1-4=1 G5_Size=1 G6_3D=1] -> PASSED
  Cluster #01 -> Pts: 48    | Dims(mm): X=  2.7, Y=  7.2, Z=  2.0 | VolRatio: 0.278 | Gates: [G1-4=0 G5_Size=0 G6_3D=1] -> REJECTED
  [INFO] Winning Cluster selected: ID #0 (Score=0.7776)
  [INFO] Winning cluster point count: 22,399

━━━ [STAGE 8] Projection — Sensor Space → Cropped Canvas

  ── [STAGE 8a] Coordinate System Parameters ──
    Intrinsics    : fx=750.148  fy=749.790  cx=386.179  cy=366.086
    Crop offsets  : left=0 px  top=0 px
    Depth sensor  : 510W x 720H px
    RGB canvas    : 510W x 720H px
    Scale factors : scale_x=1.000000  scale_y=1.000000

  ── [STAGE 8b] 3-D Cluster Bounding Box (world space) ──
    X range : -0.1604 m  →  -0.0905 m  (span 69.9 mm)
    Y range : -0.1959 m  →  0.0360 m  (span 231.9 mm)
    Z range : 0.4060 m  →  0.4660 m  (span 60.0 mm)
    Z depth : mean=0.4268 m  std=0.0108 m  min=0.4060 m  max=0.4660 m

  ── [STAGE 8c] Projection Steps ──
    [Step 1] Full-sensor pixel coords (before crop subtraction):
      u_sensor  min=110.0  max=237.0  mean=174.6
      v_sensor  min=33.0  max=424.0  mean=257.1
    [OK] Sensor-space OOB: u=0.0%  v=0.0%
    [Step 2] After crop subtraction (crop_left=0, crop_top=0):
      u_cropped min=110.0  max=237.0  mean=174.6
      v_cropped min=33.0  max=424.0  mean=257.1
    [Step 2 Check] Cropped coords outside canvas: u<0=0.0%  u>W=0.0%  v<0=0.0%  v>H=0.0%
    [Step 3] After scale to canvas (scale_x=1.0000, scale_y=1.0000):
      u  min=110  max=237  mean=174.6
      v  min=33  max=424  mean=257.1
      Canvas target size : 510W x 720H px

  ── [STAGE 8d] Expected mask centroid on canvas ──
      Projected centroid : u=174.6 px  v=257.1 px
      Canvas centre      : u=255.0 px  v=360.0 px
      Offset from centre : Δu=-80.4 px  Δv=-102.9 px

  ── [STAGE 8e] Bounds Filter ──
    Total projected points : 22,399
    Inside canvas bounds   : 22,399  (100.0%)
    Duplicate pixel hits    : 0
  [INFO] Density non-zero pixels: 22,399
  [INFO] Density peak count     : 1
  [INFO] Raw mask white pixels before morphology: 22,399
  [INFO] White pixels after close: 24,622
  [INFO] Morphological open skipped for tip-loss debugging.
  [INFO] White pixels after open (skipped): 24,622

  ── [STAGE 8f] Final Mask Stats ──
    Bounding box : 127W x 391H px
    Mask centroid: (173.5, 228.5) px
    White pixels : 24,622
  masking.py run ended: 2026-06-13 20:03:35.450661
