
================================================================================
  masking.py run started: 2026-06-13 20:01:57.462292
================================================================================

━━━ [STAGE 1] Loading Point Cloud Array
  [INFO] Total raw points loaded: 366,170

━━━ [STAGE 2] Statistical Outlier Demolition
  [INFO] Points surviving outlier filter: 352,860

━━━ [STAGE 3] Live Plane Surface Isolation (RANSAC)
  [INFO] Original RANSAC: a=0.0138, b=-0.0747, c=0.9971, d=-0.4767
  [INFO] Normal vector pointing down. Flipping coefficients up toward lens.
  [INFO] Points isolated on belt plane: 343,159
  [INFO] Non-plane points going to workspace filter: 9,701

━━━ [STAGE 5] Direction-Enforced Spatial Pre-Filtering
  [INFO] Height gate window : 1.50mm to 500.00mm
  [INFO] Dist-from-plane mm : min=7.593 mean=27.566 median=28.500 max=37.474
  [INFO] Rejected by lower gate: 0 / 9,701
  [INFO] Rejected by upper gate: 0 / 9,701
  [DEBUG] Points passing directional spatial filters: 9,701

━━━ [STAGE 6] Spatial Structural Isolation Clustering (DBSCAN)
  [INFO] DBSCAN discovered 1 distinct point groups.

━━━ [STAGE 7] Multi-Gate Geometric Evaluation
  Cluster #00 -> Pts: 9695  | Dims(mm): X= 74.1, Y= 80.5, Z= 25.0 | VolRatio: 0.311 | Gates: [G1-4=1 G5_Size=1 G6_3D=1] -> PASSED
  [INFO] Winning Cluster selected: ID #0 (Score=0.7780)
  [INFO] Winning cluster point count: 9,695

━━━ [STAGE 8] Projection — Sensor Space → Cropped Canvas

  ── [STAGE 8a] Coordinate System Parameters ──
    Intrinsics    : fx=750.148  fy=749.790  cx=386.179  cy=366.086
    Crop offsets  : left=0 px  top=0 px
    Depth sensor  : 510W x 720H px
    RGB canvas    : 510W x 720H px
    Scale factors : scale_x=1.000000  scale_y=1.000000

  ── [STAGE 8b] 3-D Cluster Bounding Box (world space) ──
    X range : -0.0310 m  →  0.0431 m  (span 74.1 mm)
    Y range : -0.0925 m  →  -0.0120 m  (span 80.5 mm)
    Z range : 0.4370 m  →  0.4620 m  (span 25.0 mm)
    Z depth : mean=0.4461 m  std=0.0052 m  min=0.4370 m  max=0.4620 m

  ── [STAGE 8c] Projection Steps ──
    [Step 1] Full-sensor pixel coords (before crop subtraction):
      u_sensor  min=335.0  max=457.0  mean=395.8
      v_sensor  min=214.0  max=346.0  mean=269.8
    [OK] Sensor-space OOB: u=0.0%  v=0.0%
    [Step 2] After crop subtraction (crop_left=0, crop_top=0):
      u_cropped min=335.0  max=457.0  mean=395.8
      v_cropped min=214.0  max=346.0  mean=269.8
    [Step 2 Check] Cropped coords outside canvas: u<0=0.0%  u>W=0.0%  v<0=0.0%  v>H=0.0%
    [Step 3] After scale to canvas (scale_x=1.0000, scale_y=1.0000):
      u  min=335  max=457  mean=395.8
      v  min=214  max=346  mean=269.8
      Canvas target size : 510W x 720H px

  ── [STAGE 8d] Expected mask centroid on canvas ──
      Projected centroid : u=395.8 px  v=269.8 px
      Canvas centre      : u=255.0 px  v=360.0 px
      Offset from centre : Δu=140.8 px  Δv=-90.2 px

  ── [STAGE 8e] Bounds Filter ──
    Total projected points : 9,695
    Inside canvas bounds   : 9,695  (100.0%)
    Duplicate pixel hits    : 0
  [INFO] Density non-zero pixels: 9,695
  [INFO] Density peak count     : 1
  [INFO] Raw mask white pixels before morphology: 9,695
  [INFO] White pixels after close: 10,416
  [INFO] Morphological open skipped for tip-loss debugging.
  [INFO] White pixels after open (skipped): 10,416

  ── [STAGE 8f] Final Mask Stats ──
    Bounding box : 122W x 132H px
    Mask centroid: (396.0, 280.0) px
    White pixels : 10,416
  masking.py run ended: 2026-06-13 20:01:59.462175
