
================================================================================
  masking.py run started: 2026-06-13 19:58:33.702559
================================================================================

━━━ [STAGE 1] Loading Point Cloud Array
  [INFO] Total raw points loaded: 363,617

━━━ [STAGE 2] Statistical Outlier Demolition
  [INFO] Points surviving outlier filter: 353,596

━━━ [STAGE 3] Live Plane Surface Isolation (RANSAC)
  [INFO] Original RANSAC: a=0.0138, b=-0.1952, c=0.9807, d=-0.4634
  [INFO] Normal vector pointing down. Flipping coefficients up toward lens.
  [INFO] Points isolated on belt plane: 311,868
  [INFO] Non-plane points going to workspace filter: 41,728

━━━ [STAGE 5] Direction-Enforced Spatial Pre-Filtering
  [INFO] Height gate window : 1.50mm to 500.00mm
  [INFO] Dist-from-plane mm : min=15.916 mean=59.589 median=59.553 max=97.930
  [INFO] Rejected by lower gate: 0 / 41,728
  [INFO] Rejected by upper gate: 0 / 41,728
  [DEBUG] Points passing directional spatial filters: 41,728

━━━ [STAGE 6] Spatial Structural Isolation Clustering (DBSCAN)
  [INFO] DBSCAN discovered 1 distinct point groups.

━━━ [STAGE 7] Multi-Gate Geometric Evaluation
  Cluster #00 -> Pts: 41727 | Dims(mm): X=141.5, Y=151.2, Z= 77.0 | VolRatio: 0.509 | Gates: [G1-4=1 G5_Size=1 G6_3D=1] -> PASSED
  [INFO] Winning Cluster selected: ID #0 (Score=0.8528)
  [INFO] Winning cluster point count: 41,727

━━━ [STAGE 8] Projection — Sensor Space → Cropped Canvas

  ── [STAGE 8a] Coordinate System Parameters ──
    Intrinsics    : fx=750.148  fy=749.790  cx=386.179  cy=366.086
    Crop offsets  : left=0 px  top=0 px
    Depth sensor  : 510W x 720H px
    RGB canvas    : 510W x 720H px
    Scale factors : scale_x=1.000000  scale_y=1.000000

  ── [STAGE 8b] 3-D Cluster Bounding Box (world space) ──
    X range : -0.1310 m  →  0.0105 m  (span 141.5 mm)
    Y range : -0.1975 m  →  -0.0463 m  (span 151.2 mm)
    Z range : 0.3590 m  →  0.4360 m  (span 77.0 mm)
    Z depth : mean=0.3878 m  std=0.0134 m  min=0.3590 m  max=0.4360 m

  ── [STAGE 8c] Projection Steps ──
    [Step 1] Full-sensor pixel coords (before crop subtraction):
      u_sensor  min=156.0  max=405.0  mean=269.1
      v_sensor  min=-0.0  max=281.0  mean=124.5
    [OK] Sensor-space OOB: u=0.0%  v=0.0%
    [Step 2] After crop subtraction (crop_left=0, crop_top=0):
      u_cropped min=156.0  max=405.0  mean=269.1
      v_cropped min=-0.0  max=281.0  mean=124.5
    [Step 2 Check] Cropped coords outside canvas: u<0=0.0%  u>W=0.0%  v<0=0.0%  v>H=0.0%
    [Step 3] After scale to canvas (scale_x=1.0000, scale_y=1.0000):
      u  min=156  max=405  mean=269.1
      v  min=0  max=281  mean=124.5
      Canvas target size : 510W x 720H px

  ── [STAGE 8d] Expected mask centroid on canvas ──
      Projected centroid : u=269.1 px  v=124.5 px
      Canvas centre      : u=255.0 px  v=360.0 px
      Offset from centre : Δu=14.1 px  Δv=-235.5 px

  ── [STAGE 8e] Bounds Filter ──
    Total projected points : 41,727
    Inside canvas bounds   : 41,727  (100.0%)
    Duplicate pixel hits    : 0
  [INFO] Density non-zero pixels: 41,727
  [INFO] Density peak count     : 1
  [INFO] Raw mask white pixels before morphology: 41,727
  [INFO] White pixels after close: 44,969
  [INFO] Morphological open skipped for tip-loss debugging.
  [INFO] White pixels after open (skipped): 44,969

  ── [STAGE 8f] Final Mask Stats ──
    Bounding box : 249W x 281H px
    Mask centroid: (280.5, 140.5) px
    White pixels : 44,969
  masking.py run ended: 2026-06-13 19:58:39.840542
