
================================================================================
  masking.py run started: 2026-06-13 19:58:53.953648
================================================================================

━━━ [STAGE 1] Loading Point Cloud Array
  [INFO] Total raw points loaded: 365,923

━━━ [STAGE 2] Statistical Outlier Demolition
  [INFO] Points surviving outlier filter: 354,419

━━━ [STAGE 3] Live Plane Surface Isolation (RANSAC)
  [INFO] Original RANSAC: a=0.0130, b=-0.0082, c=0.9999, d=-0.4841
  [INFO] Normal vector pointing down. Flipping coefficients up toward lens.
  [INFO] Points isolated on belt plane: 318,277
  [INFO] Non-plane points going to workspace filter: 36,142

━━━ [STAGE 5] Direction-Enforced Spatial Pre-Filtering
  [INFO] Height gate window : 1.50mm to 500.00mm
  [INFO] Dist-from-plane mm : min=13.525 mean=53.624 median=53.160 max=90.432
  [INFO] Rejected by lower gate: 0 / 36,142
  [INFO] Rejected by upper gate: 0 / 36,142
  [DEBUG] Points passing directional spatial filters: 36,142

━━━ [STAGE 6] Spatial Structural Isolation Clustering (DBSCAN)
  [INFO] DBSCAN discovered 4 distinct point groups.

━━━ [STAGE 7] Multi-Gate Geometric Evaluation
  Cluster #00 -> Pts: 36050 | Dims(mm): X=169.5, Y=137.3, Z= 78.0 | VolRatio: 0.460 | Gates: [G1-4=1 G5_Size=1 G6_3D=1] -> PASSED
  Cluster #01 -> Pts: 15    | Dims(mm): X=  1.3, Y=  3.1, Z=  0.0 | VolRatio: 0.000 | Gates: [G1-4=0 G5_Size=0 G6_3D=0] -> REJECTED
  Cluster #02 -> Pts: 69    | Dims(mm): X=  5.0, Y=  8.2, Z=  5.0 | VolRatio: 0.607 | Gates: [G1-4=1 G5_Size=0 G6_3D=1] -> REJECTED
  Cluster #03 -> Pts: 8     | Dims(mm): X=  1.8, Y=  2.0, Z=  1.0 | VolRatio: 0.509 | Gates: [G1-4=0 G5_Size=0 G6_3D=1] -> REJECTED
  [INFO] Winning Cluster selected: ID #0 (Score=0.8380)
  [INFO] Winning cluster point count: 36,050

━━━ [STAGE 8] Projection — Sensor Space → Cropped Canvas

  ── [STAGE 8a] Coordinate System Parameters ──
    Intrinsics    : fx=750.148  fy=749.790  cx=386.179  cy=366.086
    Crop offsets  : left=0 px  top=0 px
    Depth sensor  : 510W x 720H px
    RGB canvas    : 510W x 720H px
    Scale factors : scale_x=1.000000  scale_y=1.000000

  ── [STAGE 8b] 3-D Cluster Bounding Box (world space) ──
    X range : -0.1428 m  →  0.0267 m  (span 169.5 mm)
    Y range : -0.0709 m  →  0.0664 m  (span 137.3 mm)
    Z range : 0.3940 m  →  0.4720 m  (span 78.0 mm)
    Z depth : mean=0.4313 m  std=0.0144 m  min=0.3940 m  max=0.4720 m

  ── [STAGE 8c] Projection Steps ──
    [Step 1] Full-sensor pixel coords (before crop subtraction):
      u_sensor  min=143.0  max=431.0  mean=275.6
      v_sensor  min=250.0  max=472.0  mean=366.5
    [OK] Sensor-space OOB: u=0.0%  v=0.0%
    [Step 2] After crop subtraction (crop_left=0, crop_top=0):
      u_cropped min=143.0  max=431.0  mean=275.6
      v_cropped min=250.0  max=472.0  mean=366.5
    [Step 2 Check] Cropped coords outside canvas: u<0=0.0%  u>W=0.0%  v<0=0.0%  v>H=0.0%
    [Step 3] After scale to canvas (scale_x=1.0000, scale_y=1.0000):
      u  min=143  max=431  mean=275.6
      v  min=250  max=472  mean=366.5
      Canvas target size : 510W x 720H px

  ── [STAGE 8d] Expected mask centroid on canvas ──
      Projected centroid : u=275.6 px  v=366.5 px
      Canvas centre      : u=255.0 px  v=360.0 px
      Offset from centre : Δu=20.6 px  Δv=6.5 px

  ── [STAGE 8e] Bounds Filter ──
    Total projected points : 36,050
    Inside canvas bounds   : 36,050  (100.0%)
    Duplicate pixel hits    : 0
  [INFO] Density non-zero pixels: 36,050
  [INFO] Density peak count     : 1
  [INFO] Raw mask white pixels before morphology: 36,050
  [INFO] White pixels after close: 39,561
  [INFO] Morphological open skipped for tip-loss debugging.
  [INFO] White pixels after open (skipped): 39,561

  ── [STAGE 8f] Final Mask Stats ──
    Bounding box : 288W x 222H px
    Mask centroid: (287.0, 361.0) px
    White pixels : 39,561
  masking.py run ended: 2026-06-13 19:58:58.817475
