
================================================================================
  masking.py run started: 2026-06-13 19:49:07.732759
================================================================================

━━━ [STAGE 1] Loading Point Cloud Array
  [INFO] Total raw points loaded: 366,431

━━━ [STAGE 2] Statistical Outlier Demolition
  [INFO] Points surviving outlier filter: 356,225

━━━ [STAGE 3] Live Plane Surface Isolation (RANSAC)
  [INFO] Original RANSAC: a=0.0155, b=-0.0514, c=0.9986, d=-0.4779
  [INFO] Normal vector pointing down. Flipping coefficients up toward lens.
  [INFO] Points isolated on belt plane: 331,268
  [INFO] Non-plane points going to workspace filter: 24,957

━━━ [STAGE 5] Direction-Enforced Spatial Pre-Filtering
  [INFO] Height gate window : 1.50mm to 500.00mm
  [INFO] Dist-from-plane mm : min=12.570 mean=25.295 median=24.550 max=41.610
  [INFO] Rejected by lower gate: 0 / 24,957
  [INFO] Rejected by upper gate: 0 / 24,957
  [DEBUG] Points passing directional spatial filters: 24,957

━━━ [STAGE 6] Spatial Structural Isolation Clustering (DBSCAN)
  [INFO] DBSCAN discovered 1 distinct point groups.

━━━ [STAGE 7] Multi-Gate Geometric Evaluation
  Cluster #00 -> Pts: 24957 | Dims(mm): X=151.1, Y=168.9, Z= 26.0 | VolRatio: 0.154 | Gates: [G1-4=1 G5_Size=1 G6_3D=1] -> PASSED
  [INFO] Winning Cluster selected: ID #0 (Score=0.7462)
  [INFO] Winning cluster point count: 24,957

━━━ [STAGE 8] Projection — Sensor Space → Cropped Canvas

  ── [STAGE 8a] Coordinate System Parameters ──
    Intrinsics    : fx=750.148  fy=749.790  cx=386.179  cy=366.086
    Crop offsets  : left=0 px  top=0 px
    Depth sensor  : 510W x 720H px
    RGB canvas    : 510W x 720H px
    Scale factors : scale_x=1.000000  scale_y=1.000000

  ── [STAGE 8b] 3-D Cluster Bounding Box (world space) ──
    X range : -0.1088 m  →  0.0423 m  (span 151.1 mm)
    Y range : -0.1597 m  →  0.0092 m  (span 168.9 mm)
    Z range : 0.4370 m  →  0.4630 m  (span 26.0 mm)
    Z depth : mean=0.4508 m  std=0.0056 m  min=0.4370 m  max=0.4630 m

  ── [STAGE 8c] Projection Steps ──
    [Step 1] Full-sensor pixel coords (before crop subtraction):
      u_sensor  min=202.0  max=455.0  mean=314.6
      v_sensor  min=104.0  max=381.0  mean=267.8
    [OK] Sensor-space OOB: u=0.0%  v=0.0%
    [Step 2] After crop subtraction (crop_left=0, crop_top=0):
      u_cropped min=202.0  max=455.0  mean=314.6
      v_cropped min=104.0  max=381.0  mean=267.8
    [Step 2 Check] Cropped coords outside canvas: u<0=0.0%  u>W=0.0%  v<0=0.0%  v>H=0.0%
    [Step 3] After scale to canvas (scale_x=1.0000, scale_y=1.0000):
      u  min=202  max=455  mean=314.6
      v  min=104  max=381  mean=267.8
      Canvas target size : 510W x 720H px

  ── [STAGE 8d] Expected mask centroid on canvas ──
      Projected centroid : u=314.6 px  v=267.8 px
      Canvas centre      : u=255.0 px  v=360.0 px
      Offset from centre : Δu=59.6 px  Δv=-92.2 px

  ── [STAGE 8e] Bounds Filter ──
    Total projected points : 24,957
    Inside canvas bounds   : 24,957  (100.0%)
    Duplicate pixel hits    : 0
  [INFO] Density non-zero pixels: 24,957
  [INFO] Density peak count     : 1
  [INFO] Raw mask white pixels before morphology: 24,957
  [INFO] White pixels after close: 25,619
  [INFO] Morphological open skipped for tip-loss debugging.
  [INFO] White pixels after open (skipped): 25,619

  ── [STAGE 8f] Final Mask Stats ──
    Bounding box : 253W x 277H px
    Mask centroid: (328.5, 242.5) px
    White pixels : 25,619
  masking.py run ended: 2026-06-13 19:49:11.402851
