
================================================================================
  masking.py run started: 2026-06-13 19:53:38.846117
================================================================================

━━━ [STAGE 1] Loading Point Cloud Array
  [INFO] Total raw points loaded: 144,476

━━━ [STAGE 2] Statistical Outlier Demolition
  [INFO] Points surviving outlier filter: 140,645

━━━ [STAGE 3] Live Plane Surface Isolation (RANSAC)
  [INFO] Original RANSAC: a=0.0030, b=-0.3040, c=0.9527, d=-0.4535
  [INFO] Normal vector pointing down. Flipping coefficients up toward lens.
  [INFO] Points isolated on belt plane: 129,975
  [INFO] Non-plane points going to workspace filter: 10,670

━━━ [STAGE 5] Direction-Enforced Spatial Pre-Filtering
  [INFO] Height gate window : 1.50mm to 500.00mm
  [INFO] Dist-from-plane mm : min=11.729 mean=26.310 median=26.389 max=57.903
  [INFO] Rejected by lower gate: 0 / 10,670
  [INFO] Rejected by upper gate: 0 / 10,670
  [DEBUG] Points passing directional spatial filters: 10,670

━━━ [STAGE 6] Spatial Structural Isolation Clustering (DBSCAN)
  [INFO] DBSCAN discovered 1 distinct point groups.

━━━ [STAGE 7] Multi-Gate Geometric Evaluation
  Cluster #00 -> Pts: 10667 | Dims(mm): X=321.7, Y=118.1, Z= 55.0 | VolRatio: 0.171 | Gates: [G1-4=1 G5_Size=1 G6_3D=1] -> PASSED
  [INFO] Winning Cluster selected: ID #0 (Score=0.7513)
  [INFO] Winning cluster point count: 10,667

━━━ [STAGE 8] Projection — Sensor Space → Cropped Canvas

  ── [STAGE 8a] Coordinate System Parameters ──
    Intrinsics    : fx=149.444  fy=599.832  cx=1.739  cy=292.869
    Crop offsets  : left=0 px  top=0 px
    Depth sensor  : 255W x 576H px
    RGB canvas    : 510W x 720H px
    Scale factors : scale_x=2.000000  scale_y=1.250000

  ── [STAGE 8b] 3-D Cluster Bounding Box (world space) ──
    X range : 0.2545 m  →  0.5762 m  (span 321.7 mm)
    Y range : -0.0940 m  →  0.0241 m  (span 118.1 mm)
    Z range : 0.3990 m  →  0.4540 m  (span 55.0 mm)
    Z depth : mean=0.4345 m  std=0.0106 m  min=0.3990 m  max=0.4540 m

  ── [STAGE 8c] Projection Steps ──
    [Step 1] Full-sensor pixel coords (before crop subtraction):
      u_sensor  min=90.0  max=200.0  mean=145.5
      v_sensor  min=162.0  max=325.0  mean=237.6
    [OK] Sensor-space OOB: u=0.0%  v=0.0%
    [Step 2] After crop subtraction (crop_left=0, crop_top=0):
      u_cropped min=90.0  max=200.0  mean=145.5
      v_cropped min=162.0  max=325.0  mean=237.6
    [Step 2 Check] Cropped coords outside canvas: u<0=0.0%  u>W=0.0%  v<0=0.0%  v>H=0.0%
    [Step 3] After scale to canvas (scale_x=2.0000, scale_y=1.2500):
      u  min=180  max=400  mean=291.1
      v  min=202  max=406  mean=296.9
      Canvas target size : 510W x 720H px

  ── [STAGE 8d] Expected mask centroid on canvas ──
      Projected centroid : u=291.1 px  v=296.9 px
      Canvas centre      : u=255.0 px  v=360.0 px
      Offset from centre : Δu=36.1 px  Δv=-63.1 px

  ── [STAGE 8e] Bounds Filter ──
    Total projected points : 10,667
    Inside canvas bounds   : 10,667  (100.0%)
    Duplicate pixel hits    : 0
  [INFO] Density non-zero pixels: 10,667
  [INFO] Density peak count     : 1
  [INFO] Raw mask white pixels before morphology: 10,667
  [INFO] White pixels after close: 27,640
  [INFO] Morphological open skipped for tip-loss debugging.
  [INFO] White pixels after open (skipped): 27,640

  ── [STAGE 8f] Final Mask Stats ──
    Bounding box : 220W x 204H px
    Mask centroid: (290.0, 304.0) px
    White pixels : 27,640
  masking.py run ended: 2026-06-13 19:53:39.442482
