
================================================================================
  masking.py run started: 2026-06-13 19:53:52.958022
================================================================================

━━━ [STAGE 1] Loading Point Cloud Array
  [INFO] Total raw points loaded: 365,004

━━━ [STAGE 2] Statistical Outlier Demolition
  [INFO] Points surviving outlier filter: 354,314

━━━ [STAGE 3] Live Plane Surface Isolation (RANSAC)
  [INFO] Original RANSAC: a=0.0138, b=-0.1401, c=0.9900, d=-0.4693
  [INFO] Normal vector pointing down. Flipping coefficients up toward lens.
  [INFO] Points isolated on belt plane: 343,884
  [INFO] Non-plane points going to workspace filter: 10,430

━━━ [STAGE 5] Direction-Enforced Spatial Pre-Filtering
  [INFO] Height gate window : 1.50mm to 500.00mm
  [INFO] Dist-from-plane mm : min=14.035 mean=31.551 median=29.517 max=53.657
  [INFO] Rejected by lower gate: 0 / 10,430
  [INFO] Rejected by upper gate: 0 / 10,430
  [DEBUG] Points passing directional spatial filters: 10,430

━━━ [STAGE 6] Spatial Structural Isolation Clustering (DBSCAN)
  [INFO] DBSCAN discovered 1 distinct point groups.

━━━ [STAGE 7] Multi-Gate Geometric Evaluation
  Cluster #00 -> Pts: 10430 | Dims(mm): X= 76.7, Y=110.3, Z= 39.0 | VolRatio: 0.354 | Gates: [G1-4=1 G5_Size=1 G6_3D=1] -> PASSED
  [INFO] Winning Cluster selected: ID #0 (Score=0.8061)
  [INFO] Winning cluster point count: 10,430

━━━ [STAGE 8] Projection — Sensor Space → Cropped Canvas

  ── [STAGE 8a] Coordinate System Parameters ──
    Intrinsics    : fx=750.148  fy=749.790  cx=386.179  cy=366.086
    Crop offsets  : left=0 px  top=0 px
    Depth sensor  : 510W x 720H px
    RGB canvas    : 510W x 720H px
    Scale factors : scale_x=1.000000  scale_y=1.000000

  ── [STAGE 8b] 3-D Cluster Bounding Box (world space) ──
    X range : -0.1268 m  →  -0.0501 m  (span 76.7 mm)
    Y range : -0.1970 m  →  -0.0867 m  (span 110.3 mm)
    Z range : 0.4080 m  →  0.4470 m  (span 39.0 mm)
    Z depth : mean=0.4244 m  std=0.0075 m  min=0.4080 m  max=0.4470 m

  ── [STAGE 8c] Projection Steps ──
    [Step 1] Full-sensor pixel coords (before crop subtraction):
      u_sensor  min=167.0  max=301.0  mean=249.2
      v_sensor  min=21.0  max=215.0  mean=130.9
    [OK] Sensor-space OOB: u=0.0%  v=0.0%
    [Step 2] After crop subtraction (crop_left=0, crop_top=0):
      u_cropped min=167.0  max=301.0  mean=249.2
      v_cropped min=21.0  max=215.0  mean=130.9
    [Step 2 Check] Cropped coords outside canvas: u<0=0.0%  u>W=0.0%  v<0=0.0%  v>H=0.0%
    [Step 3] After scale to canvas (scale_x=1.0000, scale_y=1.0000):
      u  min=167  max=301  mean=249.2
      v  min=21  max=215  mean=130.9
      Canvas target size : 510W x 720H px

  ── [STAGE 8d] Expected mask centroid on canvas ──
      Projected centroid : u=249.2 px  v=130.9 px
      Canvas centre      : u=255.0 px  v=360.0 px
      Offset from centre : Δu=-5.8 px  Δv=-229.1 px

  ── [STAGE 8e] Bounds Filter ──
    Total projected points : 10,430
    Inside canvas bounds   : 10,430  (100.0%)
    Duplicate pixel hits    : 0
  [INFO] Density non-zero pixels: 10,430
  [INFO] Density peak count     : 1
  [INFO] Raw mask white pixels before morphology: 10,430
  [INFO] White pixels after close: 11,573
  [INFO] Morphological open skipped for tip-loss debugging.
  [INFO] White pixels after open (skipped): 11,573

  ── [STAGE 8f] Final Mask Stats ──
    Bounding box : 134W x 194H px
    Mask centroid: (234.0, 118.0) px
    White pixels : 11,573
  masking.py run ended: 2026-06-13 19:53:54.853172
