
================================================================================
  masking.py run started: 2026-06-13 19:49:05.371655
================================================================================

━━━ [STAGE 1] Loading Point Cloud Array
  [INFO] Total raw points loaded: 366,387

━━━ [STAGE 2] Statistical Outlier Demolition
  [INFO] Points surviving outlier filter: 354,710

━━━ [STAGE 3] Live Plane Surface Isolation (RANSAC)
  [INFO] Original RANSAC: a=0.0164, b=-0.0502, c=0.9986, d=-0.4777
  [INFO] Normal vector pointing down. Flipping coefficients up toward lens.
  [INFO] Points isolated on belt plane: 338,504
  [INFO] Non-plane points going to workspace filter: 16,206

━━━ [STAGE 5] Direction-Enforced Spatial Pre-Filtering
  [INFO] Height gate window : 1.50mm to 500.00mm
  [INFO] Dist-from-plane mm : min=12.326 mean=17.408 median=16.672 max=42.905
  [INFO] Rejected by lower gate: 0 / 16,206
  [INFO] Rejected by upper gate: 0 / 16,206
  [DEBUG] Points passing directional spatial filters: 16,206

━━━ [STAGE 6] Spatial Structural Isolation Clustering (DBSCAN)
  [INFO] DBSCAN discovered 4 distinct point groups.

━━━ [STAGE 7] Multi-Gate Geometric Evaluation
  Cluster #00 -> Pts: 9206  | Dims(mm): X=118.6, Y= 73.9, Z= 18.0 | VolRatio: 0.152 | Gates: [G1-4=1 G5_Size=1 G6_3D=1] -> PASSED
  Cluster #01 -> Pts: 1595  | Dims(mm): X= 41.7, Y= 42.6, Z=  9.0 | VolRatio: 0.211 | Gates: [G1-4=1 G5_Size=1 G6_3D=1] -> PASSED
  Cluster #02 -> Pts: 5305  | Dims(mm): X= 86.8, Y= 68.9, Z= 30.0 | VolRatio: 0.346 | Gates: [G1-4=1 G5_Size=1 G6_3D=1] -> PASSED
  Cluster #03 -> Pts: 100   | Dims(mm): X=  8.7, Y=  6.2, Z=  2.0 | VolRatio: 0.230 | Gates: [G1-4=1 G5_Size=0 G6_3D=1] -> REJECTED
  [INFO] Winning Cluster selected: ID #0 (Score=0.7058)
  [INFO] Winning cluster point count: 9,206

━━━ [STAGE 8] Projection — Sensor Space → Cropped Canvas

  ── [STAGE 8a] Coordinate System Parameters ──
    Intrinsics    : fx=750.148  fy=749.790  cx=386.179  cy=366.086
    Crop offsets  : left=0 px  top=0 px
    Depth sensor  : 510W x 720H px
    RGB canvas    : 510W x 720H px
    Scale factors : scale_x=1.000000  scale_y=1.000000

  ── [STAGE 8b] 3-D Cluster Bounding Box (world space) ──
    X range : -0.1104 m  →  0.0083 m  (span 118.6 mm)
    Y range : -0.1086 m  →  -0.0347 m  (span 73.9 mm)
    Z range : 0.4460 m  →  0.4640 m  (span 18.0 mm)
    Z depth : mean=0.4583 m  std=0.0031 m  min=0.4460 m  max=0.4640 m

  ── [STAGE 8c] Projection Steps ──
    [Step 1] Full-sensor pixel coords (before crop subtraction):
      u_sensor  min=207.0  max=400.0  mean=300.6
      v_sensor  min=189.0  max=310.0  mean=257.3
    [OK] Sensor-space OOB: u=0.0%  v=0.0%
    [Step 2] After crop subtraction (crop_left=0, crop_top=0):
      u_cropped min=207.0  max=400.0  mean=300.6
      v_cropped min=189.0  max=310.0  mean=257.3
    [Step 2 Check] Cropped coords outside canvas: u<0=0.0%  u>W=0.0%  v<0=0.0%  v>H=0.0%
    [Step 3] After scale to canvas (scale_x=1.0000, scale_y=1.0000):
      u  min=207  max=400  mean=300.6
      v  min=189  max=310  mean=257.3
      Canvas target size : 510W x 720H px

  ── [STAGE 8d] Expected mask centroid on canvas ──
      Projected centroid : u=300.6 px  v=257.3 px
      Canvas centre      : u=255.0 px  v=360.0 px
      Offset from centre : Δu=45.6 px  Δv=-102.7 px

  ── [STAGE 8e] Bounds Filter ──
    Total projected points : 9,206
    Inside canvas bounds   : 9,206  (100.0%)
    Duplicate pixel hits    : 0
  [INFO] Density non-zero pixels: 9,206
  [INFO] Density peak count     : 1
  [INFO] Raw mask white pixels before morphology: 9,206
  [INFO] White pixels after close: 9,806
  [INFO] Morphological open skipped for tip-loss debugging.
  [INFO] White pixels after open (skipped): 9,806

  ── [STAGE 8f] Final Mask Stats ──
    Bounding box : 193W x 121H px
    Mask centroid: (303.5, 249.5) px
    White pixels : 9,806
  masking.py run ended: 2026-06-13 19:49:07.731964
