
================================================================================
  masking.py run started: 2026-06-13 19:51:16.700004
================================================================================

━━━ [STAGE 1] Loading Point Cloud Array
  [INFO] Total raw points loaded: 366,073

━━━ [STAGE 2] Statistical Outlier Demolition
  [INFO] Points surviving outlier filter: 356,986

━━━ [STAGE 3] Live Plane Surface Isolation (RANSAC)
  [INFO] Original RANSAC: a=0.0142, b=-0.0805, c=0.9967, d=-0.4752
  [INFO] Normal vector pointing down. Flipping coefficients up toward lens.
  [INFO] Points isolated on belt plane: 344,825
  [INFO] Non-plane points going to workspace filter: 12,161

━━━ [STAGE 5] Direction-Enforced Spatial Pre-Filtering
  [INFO] Height gate window : 1.50mm to 500.00mm
  [INFO] Dist-from-plane mm : min=4.724 mean=25.304 median=24.799 max=47.237
  [INFO] Rejected by lower gate: 0 / 12,161
  [INFO] Rejected by upper gate: 0 / 12,161
  [DEBUG] Points passing directional spatial filters: 12,161

━━━ [STAGE 6] Spatial Structural Isolation Clustering (DBSCAN)
  [INFO] DBSCAN discovered 4 distinct point groups.

━━━ [STAGE 7] Multi-Gate Geometric Evaluation
  Cluster #00 -> Pts: 11929 | Dims(mm): X=102.3, Y=120.2, Z= 29.0 | VolRatio: 0.241 | Gates: [G1-4=1 G5_Size=1 G6_3D=1] -> PASSED
  Cluster #01 -> Pts: 58    | Dims(mm): X=  3.4, Y= 10.4, Z=  2.0 | VolRatio: 0.192 | Gates: [G1-4=1 G5_Size=0 G6_3D=1] -> REJECTED
  Cluster #02 -> Pts: 162   | Dims(mm): X= 19.5, Y= 32.2, Z=  5.0 | VolRatio: 0.155 | Gates: [G1-4=1 G5_Size=1 G6_3D=1] -> PASSED
  Cluster #03 -> Pts: 12    | Dims(mm): X=  7.1, Y= 13.3, Z=  2.0 | VolRatio: 0.150 | Gates: [G1-4=0 G5_Size=0 G6_3D=1] -> REJECTED
  [INFO] Winning Cluster selected: ID #0 (Score=0.7724)
  [INFO] Winning cluster point count: 11,929

━━━ [STAGE 8] Projection — Sensor Space → Cropped Canvas

  ── [STAGE 8a] Coordinate System Parameters ──
    Intrinsics    : fx=750.148  fy=749.790  cx=386.179  cy=366.086
    Crop offsets  : left=0 px  top=0 px
    Depth sensor  : 510W x 720H px
    RGB canvas    : 510W x 720H px
    Scale factors : scale_x=1.000000  scale_y=1.000000

  ── [STAGE 8b] 3-D Cluster Bounding Box (world space) ──
    X range : -0.1534 m  →  -0.0511 m  (span 102.3 mm)
    Y range : -0.2178 m  →  -0.0975 m  (span 120.2 mm)
    Z range : 0.4220 m  →  0.4510 m  (span 29.0 mm)
    Z depth : mean=0.4393 m  std=0.0057 m  min=0.4220 m  max=0.4510 m

  ── [STAGE 8c] Projection Steps ──
    [Step 1] Full-sensor pixel coords (before crop subtraction):
      u_sensor  min=124.0  max=301.0  mean=217.2
      v_sensor  min=0.0  max=196.0  mean=88.7
    [OK] Sensor-space OOB: u=0.0%  v=0.0%
    [Step 2] After crop subtraction (crop_left=0, crop_top=0):
      u_cropped min=124.0  max=301.0  mean=217.2
      v_cropped min=0.0  max=196.0  mean=88.7
    [Step 2 Check] Cropped coords outside canvas: u<0=0.0%  u>W=0.0%  v<0=0.0%  v>H=0.0%
    [Step 3] After scale to canvas (scale_x=1.0000, scale_y=1.0000):
      u  min=124  max=301  mean=217.2
      v  min=0  max=196  mean=88.7
      Canvas target size : 510W x 720H px

  ── [STAGE 8d] Expected mask centroid on canvas ──
      Projected centroid : u=217.2 px  v=88.7 px
      Canvas centre      : u=255.0 px  v=360.0 px
      Offset from centre : Δu=-37.8 px  Δv=-271.3 px

  ── [STAGE 8e] Bounds Filter ──
    Total projected points : 11,929
    Inside canvas bounds   : 11,929  (100.0%)
    Duplicate pixel hits    : 0
  [INFO] Density non-zero pixels: 11,929
  [INFO] Density peak count     : 1
  [INFO] Raw mask white pixels before morphology: 11,929
  [INFO] White pixels after close: 12,992
  [INFO] Morphological open skipped for tip-loss debugging.
  [INFO] White pixels after open (skipped): 12,992

  ── [STAGE 8f] Final Mask Stats ──
    Bounding box : 177W x 196H px
    Mask centroid: (212.5, 98.0) px
    White pixels : 12,992
  masking.py run ended: 2026-06-13 19:51:18.683196
