
================================================================================
  masking.py run started: 2026-06-13 20:00:45.471678
================================================================================

━━━ [STAGE 1] Loading Point Cloud Array
  [INFO] Total raw points loaded: 366,394

━━━ [STAGE 2] Statistical Outlier Demolition
  [INFO] Points surviving outlier filter: 355,011

━━━ [STAGE 3] Live Plane Surface Isolation (RANSAC)
  [INFO] Original RANSAC: a=0.0149, b=-0.0526, c=0.9985, d=-0.4790
  [INFO] Normal vector pointing down. Flipping coefficients up toward lens.
  [INFO] Points isolated on belt plane: 347,514
  [INFO] Non-plane points going to workspace filter: 7,497

━━━ [STAGE 5] Direction-Enforced Spatial Pre-Filtering
  [INFO] Height gate window : 1.50mm to 500.00mm
  [INFO] Dist-from-plane mm : min=12.851 mean=27.528 median=26.807 max=53.686
  [INFO] Rejected by lower gate: 0 / 7,497
  [INFO] Rejected by upper gate: 0 / 7,497
  [DEBUG] Points passing directional spatial filters: 7,497

━━━ [STAGE 6] Spatial Structural Isolation Clustering (DBSCAN)
  [INFO] DBSCAN discovered 1 distinct point groups.

━━━ [STAGE 7] Multi-Gate Geometric Evaluation
  Cluster #00 -> Pts: 7497  | Dims(mm): X= 74.9, Y=145.7, Z= 40.0 | VolRatio: 0.275 | Gates: [G1-4=1 G5_Size=1 G6_3D=1] -> PASSED
  [INFO] Winning Cluster selected: ID #0 (Score=0.6572)
  [INFO] Winning cluster point count: 7,497

━━━ [STAGE 8] Projection — Sensor Space → Cropped Canvas

  ── [STAGE 8a] Coordinate System Parameters ──
    Intrinsics    : fx=750.148  fy=749.790  cx=386.179  cy=366.086
    Crop offsets  : left=0 px  top=0 px
    Depth sensor  : 510W x 720H px
    RGB canvas    : 510W x 720H px
    Scale factors : scale_x=1.000000  scale_y=1.000000

  ── [STAGE 8b] 3-D Cluster Bounding Box (world space) ──
    X range : 0.0017 m  →  0.0766 m  (span 74.9 mm)
    Y range : -0.0150 m  →  0.1307 m  (span 145.7 mm)
    Z range : 0.4290 m  →  0.4690 m  (span 40.0 mm)
    Z depth : mean=0.4545 m  std=0.0094 m  min=0.4290 m  max=0.4690 m

  ── [STAGE 8c] Projection Steps ──
    [Step 1] Full-sensor pixel coords (before crop subtraction):
      u_sensor  min=389.0  max=509.0  mean=459.4
      v_sensor  min=342.0  max=576.0  mean=462.3
    [OK] Sensor-space OOB: u=0.0%  v=0.0%
    [Step 2] After crop subtraction (crop_left=0, crop_top=0):
      u_cropped min=389.0  max=509.0  mean=459.4
      v_cropped min=342.0  max=576.0  mean=462.3
    [Step 2 Check] Cropped coords outside canvas: u<0=0.0%  u>W=0.0%  v<0=0.0%  v>H=0.0%
    [Step 3] After scale to canvas (scale_x=1.0000, scale_y=1.0000):
      u  min=389  max=509  mean=459.4
      v  min=342  max=576  mean=462.3
      Canvas target size : 510W x 720H px

  ── [STAGE 8d] Expected mask centroid on canvas ──
      Projected centroid : u=459.4 px  v=462.3 px
      Canvas centre      : u=255.0 px  v=360.0 px
      Offset from centre : Δu=204.4 px  Δv=102.3 px

  ── [STAGE 8e] Bounds Filter ──
    Total projected points : 7,497
    Inside canvas bounds   : 7,497  (100.0%)
    Duplicate pixel hits    : 0
  [INFO] Density non-zero pixels: 7,497
  [INFO] Density peak count     : 1
  [INFO] Raw mask white pixels before morphology: 7,497
  [INFO] White pixels after close: 9,948
  [INFO] Morphological open skipped for tip-loss debugging.
  [INFO] White pixels after open (skipped): 9,948

  ── [STAGE 8f] Final Mask Stats ──
    Bounding box : 120W x 234H px
    Mask centroid: (449.0, 459.0) px
    White pixels : 9,948
  masking.py run ended: 2026-06-13 20:00:46.915173
