
================================================================================
  masking.py run started: 2026-06-13 19:56:05.492227
================================================================================

━━━ [STAGE 1] Loading Point Cloud Array
  [INFO] Total raw points loaded: 363,708

━━━ [STAGE 2] Statistical Outlier Demolition
  [INFO] Points surviving outlier filter: 354,354

━━━ [STAGE 3] Live Plane Surface Isolation (RANSAC)
  [INFO] Original RANSAC: a=0.0138, b=-0.1936, c=0.9810, d=-0.4635
  [INFO] Normal vector pointing down. Flipping coefficients up toward lens.
  [INFO] Points isolated on belt plane: 341,349
  [INFO] Non-plane points going to workspace filter: 13,005

━━━ [STAGE 5] Direction-Enforced Spatial Pre-Filtering
  [INFO] Height gate window : 1.50mm to 500.00mm
  [INFO] Dist-from-plane mm : min=14.379 mean=47.017 median=50.620 max=63.358
  [INFO] Rejected by lower gate: 0 / 13,005
  [INFO] Rejected by upper gate: 0 / 13,005
  [DEBUG] Points passing directional spatial filters: 13,005

━━━ [STAGE 6] Spatial Structural Isolation Clustering (DBSCAN)
  [INFO] DBSCAN discovered 1 distinct point groups.

━━━ [STAGE 7] Multi-Gate Geometric Evaluation
  Cluster #00 -> Pts: 13005 | Dims(mm): X= 73.5, Y= 97.9, Z= 60.0 | VolRatio: 0.613 | Gates: [G1-4=1 G5_Size=1 G6_3D=1] -> PASSED
  [INFO] Winning Cluster selected: ID #0 (Score=0.8839)
  [INFO] Winning cluster point count: 13,005

━━━ [STAGE 8] Projection — Sensor Space → Cropped Canvas

  ── [STAGE 8a] Coordinate System Parameters ──
    Intrinsics    : fx=750.148  fy=749.790  cx=386.179  cy=366.086
    Crop offsets  : left=0 px  top=0 px
    Depth sensor  : 510W x 720H px
    RGB canvas    : 510W x 720H px
    Scale factors : scale_x=1.000000  scale_y=1.000000

  ── [STAGE 8b] 3-D Cluster Bounding Box (world space) ──
    X range : -0.1075 m  →  -0.0340 m  (span 73.5 mm)
    Y range : -0.1462 m  →  -0.0483 m  (span 97.9 mm)
    Z range : 0.3870 m  →  0.4470 m  (span 60.0 mm)
    Z depth : mean=0.4064 m  std=0.0141 m  min=0.3870 m  max=0.4470 m

  ── [STAGE 8c] Projection Steps ──
    [Step 1] Full-sensor pixel coords (before crop subtraction):
      u_sensor  min=190.0  max=327.0  mean=248.8
      v_sensor  min=104.0  max=284.0  mean=185.1
    [OK] Sensor-space OOB: u=0.0%  v=0.0%
    [Step 2] After crop subtraction (crop_left=0, crop_top=0):
      u_cropped min=190.0  max=327.0  mean=248.8
      v_cropped min=104.0  max=284.0  mean=185.1
    [Step 2 Check] Cropped coords outside canvas: u<0=0.0%  u>W=0.0%  v<0=0.0%  v>H=0.0%
    [Step 3] After scale to canvas (scale_x=1.0000, scale_y=1.0000):
      u  min=190  max=327  mean=248.8
      v  min=104  max=284  mean=185.1
      Canvas target size : 510W x 720H px

  ── [STAGE 8d] Expected mask centroid on canvas ──
      Projected centroid : u=248.8 px  v=185.1 px
      Canvas centre      : u=255.0 px  v=360.0 px
      Offset from centre : Δu=-6.2 px  Δv=-174.9 px

  ── [STAGE 8e] Bounds Filter ──
    Total projected points : 13,005
    Inside canvas bounds   : 13,005  (100.0%)
    Duplicate pixel hits    : 0
  [INFO] Density non-zero pixels: 13,005
  [INFO] Density peak count     : 1
  [INFO] Raw mask white pixels before morphology: 13,005
  [INFO] White pixels after close: 14,352
  [INFO] Morphological open skipped for tip-loss debugging.
  [INFO] White pixels after open (skipped): 14,352

  ── [STAGE 8f] Final Mask Stats ──
    Bounding box : 137W x 180H px
    Mask centroid: (258.5, 194.0) px
    White pixels : 14,352
  masking.py run ended: 2026-06-13 19:56:08.603044
