
================================================================================
  masking.py run started: 2026-06-13 19:57:49.644326
================================================================================

━━━ [STAGE 1] Loading Point Cloud Array
  [INFO] Total raw points loaded: 363,641

━━━ [STAGE 2] Statistical Outlier Demolition
  [INFO] Points surviving outlier filter: 352,771

━━━ [STAGE 3] Live Plane Surface Isolation (RANSAC)
  [INFO] Original RANSAC: a=0.0148, b=-0.1953, c=0.9806, d=-0.4633
  [INFO] Normal vector pointing down. Flipping coefficients up toward lens.
  [INFO] Points isolated on belt plane: 334,429
  [INFO] Non-plane points going to workspace filter: 18,342

━━━ [STAGE 5] Direction-Enforced Spatial Pre-Filtering
  [INFO] Height gate window : 1.50mm to 500.00mm
  [INFO] Dist-from-plane mm : min=14.599 mean=44.481 median=46.428 max=54.670
  [INFO] Rejected by lower gate: 0 / 18,342
  [INFO] Rejected by upper gate: 0 / 18,342
  [DEBUG] Points passing directional spatial filters: 18,342

━━━ [STAGE 6] Spatial Structural Isolation Clustering (DBSCAN)
  [INFO] DBSCAN discovered 2 distinct point groups.

━━━ [STAGE 7] Multi-Gate Geometric Evaluation
  Cluster #00 -> Pts: 18300 | Dims(mm): X= 59.5, Y=148.1, Z= 53.0 | VolRatio: 0.358 | Gates: [G1-4=1 G5_Size=1 G6_3D=1] -> PASSED
  Cluster #01 -> Pts: 42    | Dims(mm): X=  4.3, Y=  4.3, Z=  1.0 | VolRatio: 0.233 | Gates: [G1-4=1 G5_Size=0 G6_3D=1] -> REJECTED
  [INFO] Winning Cluster selected: ID #0 (Score=0.8074)
  [INFO] Winning cluster point count: 18,300

━━━ [STAGE 8] Projection — Sensor Space → Cropped Canvas

  ── [STAGE 8a] Coordinate System Parameters ──
    Intrinsics    : fx=750.148  fy=749.790  cx=386.179  cy=366.086
    Crop offsets  : left=0 px  top=0 px
    Depth sensor  : 510W x 720H px
    RGB canvas    : 510W x 720H px
    Scale factors : scale_x=1.000000  scale_y=1.000000

  ── [STAGE 8b] 3-D Cluster Bounding Box (world space) ──
    X range : -0.0137 m  →  0.0459 m  (span 59.5 mm)
    Y range : -0.1164 m  →  0.0317 m  (span 148.1 mm)
    Z range : 0.4010 m  →  0.4540 m  (span 53.0 mm)
    Z depth : mean=0.4183 m  std=0.0096 m  min=0.4010 m  max=0.4540 m

  ── [STAGE 8c] Projection Steps ──
    [Step 1] Full-sensor pixel coords (before crop subtraction):
      u_sensor  min=363.0  max=463.0  mean=411.3
      v_sensor  min=165.0  max=420.0  mean=288.5
    [OK] Sensor-space OOB: u=0.0%  v=0.0%
    [Step 2] After crop subtraction (crop_left=0, crop_top=0):
      u_cropped min=363.0  max=463.0  mean=411.3
      v_cropped min=165.0  max=420.0  mean=288.5
    [Step 2 Check] Cropped coords outside canvas: u<0=0.0%  u>W=0.0%  v<0=0.0%  v>H=0.0%
    [Step 3] After scale to canvas (scale_x=1.0000, scale_y=1.0000):
      u  min=363  max=463  mean=411.3
      v  min=165  max=420  mean=288.5
      Canvas target size : 510W x 720H px

  ── [STAGE 8d] Expected mask centroid on canvas ──
      Projected centroid : u=411.3 px  v=288.5 px
      Canvas centre      : u=255.0 px  v=360.0 px
      Offset from centre : Δu=156.3 px  Δv=-71.5 px

  ── [STAGE 8e] Bounds Filter ──
    Total projected points : 18,300
    Inside canvas bounds   : 18,300  (100.0%)
    Duplicate pixel hits    : 0
  [INFO] Density non-zero pixels: 18,300
  [INFO] Density peak count     : 1
  [INFO] Raw mask white pixels before morphology: 18,300
  [INFO] White pixels after close: 19,731
  [INFO] Morphological open skipped for tip-loss debugging.
  [INFO] White pixels after open (skipped): 19,731

  ── [STAGE 8f] Final Mask Stats ──
    Bounding box : 100W x 255H px
    Mask centroid: (413.0, 292.5) px
    White pixels : 19,731
  masking.py run ended: 2026-06-13 19:57:53.384463
