
================================================================================
  masking.py run started: 2026-06-13 19:47:00.831230
================================================================================

━━━ [STAGE 1] Loading Point Cloud Array
  [INFO] Total raw points loaded: 366,424

━━━ [STAGE 2] Statistical Outlier Demolition
  [INFO] Points surviving outlier filter: 356,760

━━━ [STAGE 3] Live Plane Surface Isolation (RANSAC)
  [INFO] Original RANSAC: a=0.0126, b=-0.0509, c=0.9986, d=-0.4780
  [INFO] Normal vector pointing down. Flipping coefficients up toward lens.
  [INFO] Points isolated on belt plane: 309,843
  [INFO] Non-plane points going to workspace filter: 46,917

━━━ [STAGE 5] Direction-Enforced Spatial Pre-Filtering
  [INFO] Height gate window : 1.50mm to 500.00mm
  [INFO] Dist-from-plane mm : min=12.186 mean=28.420 median=24.430 max=56.324
  [INFO] Rejected by lower gate: 0 / 46,917
  [INFO] Rejected by upper gate: 0 / 46,917
  [DEBUG] Points passing directional spatial filters: 46,917

━━━ [STAGE 6] Spatial Structural Isolation Clustering (DBSCAN)
  [INFO] DBSCAN discovered 1 distinct point groups.

━━━ [STAGE 7] Multi-Gate Geometric Evaluation
  Cluster #00 -> Pts: 46917 | Dims(mm): X=143.9, Y=210.2, Z= 54.0 | VolRatio: 0.257 | Gates: [G1-4=1 G5_Size=1 G6_3D=1] -> PASSED
  [INFO] Winning Cluster selected: ID #0 (Score=0.7771)
  [INFO] Winning cluster point count: 46,917

━━━ [STAGE 8] Projection — Sensor Space → Cropped Canvas

  ── [STAGE 8a] Coordinate System Parameters ──
    Intrinsics    : fx=750.148  fy=749.790  cx=386.179  cy=366.086
    Crop offsets  : left=0 px  top=0 px
    Depth sensor  : 510W x 720H px
    RGB canvas    : 510W x 720H px
    Scale factors : scale_x=1.000000  scale_y=1.000000

  ── [STAGE 8b] 3-D Cluster Bounding Box (world space) ──
    X range : -0.1937 m  →  -0.0498 m  (span 143.9 mm)
    Y range : -0.2065 m  →  0.0037 m  (span 210.2 mm)
    Z range : 0.4140 m  →  0.4680 m  (span 54.0 mm)
    Z depth : mean=0.4457 m  std=0.0127 m  min=0.4140 m  max=0.4680 m

  ── [STAGE 8c] Projection Steps ──
    [Step 1] Full-sensor pixel coords (before crop subtraction):
      u_sensor  min=45.0  max=305.0  mean=171.1
      v_sensor  min=-0.0  max=372.0  mean=162.5
    [OK] Sensor-space OOB: u=0.0%  v=0.0%
    [Step 2] After crop subtraction (crop_left=0, crop_top=0):
      u_cropped min=45.0  max=305.0  mean=171.1
      v_cropped min=-0.0  max=372.0  mean=162.5
    [Step 2 Check] Cropped coords outside canvas: u<0=0.0%  u>W=0.0%  v<0=0.0%  v>H=0.0%
    [Step 3] After scale to canvas (scale_x=1.0000, scale_y=1.0000):
      u  min=45  max=305  mean=171.1
      v  min=0  max=372  mean=162.5
      Canvas target size : 510W x 720H px

  ── [STAGE 8d] Expected mask centroid on canvas ──
      Projected centroid : u=171.1 px  v=162.5 px
      Canvas centre      : u=255.0 px  v=360.0 px
      Offset from centre : Δu=-83.9 px  Δv=-197.5 px

  ── [STAGE 8e] Bounds Filter ──
    Total projected points : 46,917
    Inside canvas bounds   : 46,917  (100.0%)
    Duplicate pixel hits    : 0
  [INFO] Density non-zero pixels: 46,917
  [INFO] Density peak count     : 1
  [INFO] Raw mask white pixels before morphology: 46,917
  [INFO] White pixels after close: 49,321
  [INFO] Morphological open skipped for tip-loss debugging.
  [INFO] White pixels after open (skipped): 49,321

  ── [STAGE 8f] Final Mask Stats ──
    Bounding box : 260W x 372H px
    Mask centroid: (175.0, 186.0) px
    White pixels : 49,321
  masking.py run ended: 2026-06-13 19:47:07.640372
