
================================================================================
  masking.py run started: 2026-06-13 19:57:57.857284
================================================================================

━━━ [STAGE 1] Loading Point Cloud Array
  [INFO] Total raw points loaded: 363,659

━━━ [STAGE 2] Statistical Outlier Demolition
  [INFO] Points surviving outlier filter: 352,455

━━━ [STAGE 3] Live Plane Surface Isolation (RANSAC)
  [INFO] Original RANSAC: a=0.0141, b=-0.1964, c=0.9804, d=-0.4631
  [INFO] Normal vector pointing down. Flipping coefficients up toward lens.
  [INFO] Points isolated on belt plane: 320,375
  [INFO] Non-plane points going to workspace filter: 32,080

━━━ [STAGE 5] Direction-Enforced Spatial Pre-Filtering
  [INFO] Height gate window : 1.50mm to 500.00mm
  [INFO] Dist-from-plane mm : min=-4.106 mean=58.796 median=59.347 max=86.315
  [INFO] Rejected by lower gate: 2 / 32,080
  [INFO] Rejected by upper gate: 0 / 32,080
  [DEBUG] Points passing directional spatial filters: 32,078

━━━ [STAGE 6] Spatial Structural Isolation Clustering (DBSCAN)
  [INFO] DBSCAN discovered 3 distinct point groups.

━━━ [STAGE 7] Multi-Gate Geometric Evaluation
  Cluster #00 -> Pts: 31865 | Dims(mm): X=134.2, Y=120.7, Z= 84.0 | VolRatio: 0.626 | Gates: [G1-4=1 G5_Size=1 G6_3D=1] -> PASSED
  Cluster #01 -> Pts: 154   | Dims(mm): X= 12.0, Y=  8.1, Z=  7.0 | VolRatio: 0.582 | Gates: [G1-4=0 G5_Size=0 G6_3D=1] -> REJECTED
  Cluster #02 -> Pts: 52    | Dims(mm): X=  4.2, Y=  4.3, Z=  2.0 | VolRatio: 0.470 | Gates: [G1-4=1 G5_Size=0 G6_3D=1] -> REJECTED
  [INFO] Winning Cluster selected: ID #0 (Score=0.8878)
  [INFO] Winning cluster point count: 31,865

━━━ [STAGE 8] Projection — Sensor Space → Cropped Canvas

  ── [STAGE 8a] Coordinate System Parameters ──
    Intrinsics    : fx=750.148  fy=749.790  cx=386.179  cy=366.086
    Crop offsets  : left=0 px  top=0 px
    Depth sensor  : 510W x 720H px
    RGB canvas    : 510W x 720H px
    Scale factors : scale_x=1.000000  scale_y=1.000000

  ── [STAGE 8b] 3-D Cluster Bounding Box (world space) ──
    X range : -0.1038 m  →  0.0304 m  (span 134.2 mm)
    Y range : -0.1550 m  →  -0.0342 m  (span 120.7 mm)
    Z range : 0.3660 m  →  0.4500 m  (span 84.0 mm)
    Z depth : mean=0.3947 m  std=0.0192 m  min=0.3660 m  max=0.4500 m

  ── [STAGE 8c] Projection Steps ──
    [Step 1] Full-sensor pixel coords (before crop subtraction):
      u_sensor  min=190.0  max=439.0  mean=306.9
      v_sensor  min=81.0  max=307.0  mean=193.4
    [OK] Sensor-space OOB: u=0.0%  v=0.0%
    [Step 2] After crop subtraction (crop_left=0, crop_top=0):
      u_cropped min=190.0  max=439.0  mean=306.9
      v_cropped min=81.0  max=307.0  mean=193.4
    [Step 2 Check] Cropped coords outside canvas: u<0=0.0%  u>W=0.0%  v<0=0.0%  v>H=0.0%
    [Step 3] After scale to canvas (scale_x=1.0000, scale_y=1.0000):
      u  min=190  max=439  mean=306.9
      v  min=81  max=307  mean=193.4
      Canvas target size : 510W x 720H px

  ── [STAGE 8d] Expected mask centroid on canvas ──
      Projected centroid : u=306.9 px  v=193.4 px
      Canvas centre      : u=255.0 px  v=360.0 px
      Offset from centre : Δu=51.9 px  Δv=-166.6 px

  ── [STAGE 8e] Bounds Filter ──
    Total projected points : 31,865
    Inside canvas bounds   : 31,865  (100.0%)
    Duplicate pixel hits    : 0
  [INFO] Density non-zero pixels: 31,865
  [INFO] Density peak count     : 1
  [INFO] Raw mask white pixels before morphology: 31,865
  [INFO] White pixels after close: 35,150
  [INFO] Morphological open skipped for tip-loss debugging.
  [INFO] White pixels after open (skipped): 35,150

  ── [STAGE 8f] Final Mask Stats ──
    Bounding box : 249W x 226H px
    Mask centroid: (314.5, 194.0) px
    White pixels : 35,150
  masking.py run ended: 2026-06-13 19:58:03.703303
