
================================================================================
  masking.py run started: 2026-06-13 20:07:05.047454
================================================================================

━━━ [STAGE 1] Loading Point Cloud Array
  [INFO] Total raw points loaded: 365,594

━━━ [STAGE 2] Statistical Outlier Demolition
  [INFO] Points surviving outlier filter: 355,723

━━━ [STAGE 3] Live Plane Surface Isolation (RANSAC)
  [INFO] Original RANSAC: a=0.0135, b=-0.1109, c=0.9937, d=-0.4727
  [INFO] Normal vector pointing down. Flipping coefficients up toward lens.
  [INFO] Points isolated on belt plane: 331,603
  [INFO] Non-plane points going to workspace filter: 24,120

━━━ [STAGE 5] Direction-Enforced Spatial Pre-Filtering
  [INFO] Height gate window : 1.50mm to 500.00mm
  [INFO] Dist-from-plane mm : min=12.807 mean=49.904 median=51.660 max=78.687
  [INFO] Rejected by lower gate: 0 / 24,120
  [INFO] Rejected by upper gate: 0 / 24,120
  [DEBUG] Points passing directional spatial filters: 24,120

━━━ [STAGE 6] Spatial Structural Isolation Clustering (DBSCAN)
  [INFO] DBSCAN discovered 1 distinct point groups.

━━━ [STAGE 7] Multi-Gate Geometric Evaluation
  Cluster #00 -> Pts: 24120 | Dims(mm): X=119.0, Y=115.7, Z= 77.0 | VolRatio: 0.647 | Gates: [G1-4=1 G5_Size=1 G6_3D=1] -> PASSED
  [INFO] Winning Cluster selected: ID #0 (Score=0.8941)
  [INFO] Winning cluster point count: 24,120

━━━ [STAGE 8] Projection — Sensor Space → Cropped Canvas

  ── [STAGE 8a] Coordinate System Parameters ──
    Intrinsics    : fx=750.148  fy=749.790  cx=386.179  cy=366.086
    Crop offsets  : left=0 px  top=0 px
    Depth sensor  : 510W x 720H px
    RGB canvas    : 510W x 720H px
    Scale factors : scale_x=1.000000  scale_y=1.000000

  ── [STAGE 8b] 3-D Cluster Bounding Box (world space) ──
    X range : -0.1161 m  →  0.0029 m  (span 119.0 mm)
    Y range : -0.1372 m  →  -0.0215 m  (span 115.7 mm)
    Z range : 0.3840 m  →  0.4610 m  (span 77.0 mm)
    Z depth : mean=0.4185 m  std=0.0129 m  min=0.3840 m  max=0.4610 m

  ── [STAGE 8c] Projection Steps ──
    [Step 1] Full-sensor pixel coords (before crop subtraction):
      u_sensor  min=190.0  max=391.0  mean=289.3
      v_sensor  min=128.0  max=331.0  mean=240.5
    [OK] Sensor-space OOB: u=0.0%  v=0.0%
    [Step 2] After crop subtraction (crop_left=0, crop_top=0):
      u_cropped min=190.0  max=391.0  mean=289.3
      v_cropped min=128.0  max=331.0  mean=240.5
    [Step 2 Check] Cropped coords outside canvas: u<0=0.0%  u>W=0.0%  v<0=0.0%  v>H=0.0%
    [Step 3] After scale to canvas (scale_x=1.0000, scale_y=1.0000):
      u  min=190  max=391  mean=289.3
      v  min=128  max=331  mean=240.5
      Canvas target size : 510W x 720H px

  ── [STAGE 8d] Expected mask centroid on canvas ──
      Projected centroid : u=289.3 px  v=240.5 px
      Canvas centre      : u=255.0 px  v=360.0 px
      Offset from centre : Δu=34.3 px  Δv=-119.5 px

  ── [STAGE 8e] Bounds Filter ──
    Total projected points : 24,120
    Inside canvas bounds   : 24,120  (100.0%)
    Duplicate pixel hits    : 0
  [INFO] Density non-zero pixels: 24,120
  [INFO] Density peak count     : 1
  [INFO] Raw mask white pixels before morphology: 24,120
  [INFO] White pixels after close: 25,989
  [INFO] Morphological open skipped for tip-loss debugging.
  [INFO] White pixels after open (skipped): 25,989

  ── [STAGE 8f] Final Mask Stats ──
    Bounding box : 201W x 203H px
    Mask centroid: (290.5, 229.5) px
    White pixels : 25,989
  masking.py run ended: 2026-06-13 20:07:08.727913
