
================================================================================
  masking.py run started: 2026-06-13 20:01:10.041449
================================================================================

━━━ [STAGE 1] Loading Point Cloud Array
  [INFO] Total raw points loaded: 366,322

━━━ [STAGE 2] Statistical Outlier Demolition
  [INFO] Points surviving outlier filter: 355,562

━━━ [STAGE 3] Live Plane Surface Isolation (RANSAC)
  [INFO] Original RANSAC: a=0.0150, b=-0.0561, c=0.9983, d=-0.4787
  [INFO] Normal vector pointing down. Flipping coefficients up toward lens.
  [INFO] Points isolated on belt plane: 322,900
  [INFO] Non-plane points going to workspace filter: 32,662

━━━ [STAGE 5] Direction-Enforced Spatial Pre-Filtering
  [INFO] Height gate window : 1.50mm to 500.00mm
  [INFO] Dist-from-plane mm : min=14.647 mean=56.920 median=60.068 max=79.054
  [INFO] Rejected by lower gate: 0 / 32,662
  [INFO] Rejected by upper gate: 0 / 32,662
  [DEBUG] Points passing directional spatial filters: 32,662

━━━ [STAGE 6] Spatial Structural Isolation Clustering (DBSCAN)
  [INFO] DBSCAN discovered 2 distinct point groups.

━━━ [STAGE 7] Multi-Gate Geometric Evaluation
  Cluster #00 -> Pts: 32381 | Dims(mm): X=191.1, Y=109.4, Z= 66.0 | VolRatio: 0.345 | Gates: [G1-4=1 G5_Size=1 G6_3D=1] -> PASSED
  Cluster #01 -> Pts: 281   | Dims(mm): X= 26.0, Y=  6.5, Z=  6.0 | VolRatio: 0.231 | Gates: [G1-4=0 G5_Size=0 G6_3D=1] -> REJECTED
  [INFO] Winning Cluster selected: ID #0 (Score=0.8036)
  [INFO] Winning cluster point count: 32,381

━━━ [STAGE 8] Projection — Sensor Space → Cropped Canvas

  ── [STAGE 8a] Coordinate System Parameters ──
    Intrinsics    : fx=750.148  fy=749.790  cx=386.179  cy=366.086
    Crop offsets  : left=0 px  top=0 px
    Depth sensor  : 510W x 720H px
    RGB canvas    : 510W x 720H px
    Scale factors : scale_x=1.000000  scale_y=1.000000

  ── [STAGE 8b] 3-D Cluster Bounding Box (world space) ──
    X range : -0.1166 m  →  0.0745 m  (span 191.1 mm)
    Y range : -0.0912 m  →  0.0182 m  (span 109.4 mm)
    Z range : 0.3990 m  →  0.4650 m  (span 66.0 mm)
    Z depth : mean=0.4208 m  std=0.0137 m  min=0.3990 m  max=0.4650 m

  ── [STAGE 8c] Projection Steps ──
    [Step 1] Full-sensor pixel coords (before crop subtraction):
      u_sensor  min=198.0  max=509.0  mean=343.9
      v_sensor  min=211.0  max=396.0  mean=306.4
    [OK] Sensor-space OOB: u=0.0%  v=0.0%
    [Step 2] After crop subtraction (crop_left=0, crop_top=0):
      u_cropped min=198.0  max=509.0  mean=343.9
      v_cropped min=211.0  max=396.0  mean=306.4
    [Step 2 Check] Cropped coords outside canvas: u<0=0.0%  u>W=0.0%  v<0=0.0%  v>H=0.0%
    [Step 3] After scale to canvas (scale_x=1.0000, scale_y=1.0000):
      u  min=198  max=509  mean=343.9
      v  min=211  max=396  mean=306.4
      Canvas target size : 510W x 720H px

  ── [STAGE 8d] Expected mask centroid on canvas ──
      Projected centroid : u=343.9 px  v=306.4 px
      Canvas centre      : u=255.0 px  v=360.0 px
      Offset from centre : Δu=88.9 px  Δv=-53.6 px

  ── [STAGE 8e] Bounds Filter ──
    Total projected points : 32,381
    Inside canvas bounds   : 32,381  (100.0%)
    Duplicate pixel hits    : 0
  [INFO] Density non-zero pixels: 32,381
  [INFO] Density peak count     : 1
  [INFO] Raw mask white pixels before morphology: 32,381
  [INFO] White pixels after close: 34,851
  [INFO] Morphological open skipped for tip-loss debugging.
  [INFO] White pixels after open (skipped): 34,851

  ── [STAGE 8f] Final Mask Stats ──
    Bounding box : 311W x 185H px
    Mask centroid: (353.5, 303.5) px
    White pixels : 34,851
  masking.py run ended: 2026-06-13 20:01:14.447777
