
================================================================================
  masking.py run started: 2026-06-13 19:53:29.900843
================================================================================

━━━ [STAGE 1] Loading Point Cloud Array
  [INFO] Total raw points loaded: 365,020

━━━ [STAGE 2] Statistical Outlier Demolition
  [INFO] Points surviving outlier filter: 356,036

━━━ [STAGE 3] Live Plane Surface Isolation (RANSAC)
  [INFO] Original RANSAC: a=0.0139, b=-0.1398, c=0.9901, d=-0.4693
  [INFO] Normal vector pointing down. Flipping coefficients up toward lens.
  [INFO] Points isolated on belt plane: 345,623
  [INFO] Non-plane points going to workspace filter: 10,413

━━━ [STAGE 5] Direction-Enforced Spatial Pre-Filtering
  [INFO] Height gate window : 1.50mm to 500.00mm
  [INFO] Dist-from-plane mm : min=13.440 mean=32.084 median=31.961 max=56.647
  [INFO] Rejected by lower gate: 0 / 10,413
  [INFO] Rejected by upper gate: 0 / 10,413
  [DEBUG] Points passing directional spatial filters: 10,413

━━━ [STAGE 6] Spatial Structural Isolation Clustering (DBSCAN)
  [INFO] DBSCAN discovered 2 distinct point groups.

━━━ [STAGE 7] Multi-Gate Geometric Evaluation
  Cluster #00 -> Pts: 10400 | Dims(mm): X= 87.5, Y= 70.3, Z= 44.0 | VolRatio: 0.503 | Gates: [G1-4=1 G5_Size=1 G6_3D=1] -> PASSED
  Cluster #01 -> Pts: 13    | Dims(mm): X=  2.5, Y=  1.2, Z=  0.0 | VolRatio: 0.000 | Gates: [G1-4=0 G5_Size=0 G6_3D=0] -> REJECTED
  [INFO] Winning Cluster selected: ID #0 (Score=0.8508)
  [INFO] Winning cluster point count: 10,400

━━━ [STAGE 8] Projection — Sensor Space → Cropped Canvas

  ── [STAGE 8a] Coordinate System Parameters ──
    Intrinsics    : fx=750.148  fy=749.790  cx=386.179  cy=366.086
    Crop offsets  : left=0 px  top=0 px
    Depth sensor  : 510W x 720H px
    RGB canvas    : 510W x 720H px
    Scale factors : scale_x=1.000000  scale_y=1.000000

  ── [STAGE 8b] 3-D Cluster Bounding Box (world space) ──
    X range : -0.0193 m  →  0.0683 m  (span 87.5 mm)
    Y range : 0.1207 m  →  0.1910 m  (span 70.3 mm)
    Z range : 0.4380 m  →  0.4820 m  (span 44.0 mm)
    Z depth : mean=0.4635 m  std=0.0113 m  min=0.4380 m  max=0.4820 m

  ── [STAGE 8c] Projection Steps ──
    [Step 1] Full-sensor pixel coords (before crop subtraction):
      u_sensor  min=354.0  max=494.0  mean=422.4
      v_sensor  min=557.0  max=686.0  mean=620.4
    [OK] Sensor-space OOB: u=0.0%  v=0.0%
    [Step 2] After crop subtraction (crop_left=0, crop_top=0):
      u_cropped min=354.0  max=494.0  mean=422.4
      v_cropped min=557.0  max=686.0  mean=620.4
    [Step 2 Check] Cropped coords outside canvas: u<0=0.0%  u>W=0.0%  v<0=0.0%  v>H=0.0%
    [Step 3] After scale to canvas (scale_x=1.0000, scale_y=1.0000):
      u  min=354  max=494  mean=422.4
      v  min=557  max=686  mean=620.4
      Canvas target size : 510W x 720H px

  ── [STAGE 8d] Expected mask centroid on canvas ──
      Projected centroid : u=422.4 px  v=620.4 px
      Canvas centre      : u=255.0 px  v=360.0 px
      Offset from centre : Δu=167.4 px  Δv=260.4 px

  ── [STAGE 8e] Bounds Filter ──
    Total projected points : 10,400
    Inside canvas bounds   : 10,400  (100.0%)
    Duplicate pixel hits    : 0
  [INFO] Density non-zero pixels: 10,400
  [INFO] Density peak count     : 1
  [INFO] Raw mask white pixels before morphology: 10,400
  [INFO] White pixels after close: 12,287
  [INFO] Morphological open skipped for tip-loss debugging.
  [INFO] White pixels after open (skipped): 12,287

  ── [STAGE 8f] Final Mask Stats ──
    Bounding box : 140W x 129H px
    Mask centroid: (424.0, 621.5) px
    White pixels : 12,287
  masking.py run ended: 2026-06-13 19:53:31.477247
