
================================================================================
  masking.py run started: 2026-06-13 20:04:46.941746
================================================================================

━━━ [STAGE 1] Loading Point Cloud Array
  [INFO] Total raw points loaded: 365,935

━━━ [STAGE 2] Statistical Outlier Demolition
  [INFO] Points surviving outlier filter: 358,829

━━━ [STAGE 3] Live Plane Surface Isolation (RANSAC)
  [INFO] Original RANSAC: a=0.0141, b=-0.0900, c=0.9958, d=-0.4747
  [INFO] Normal vector pointing down. Flipping coefficients up toward lens.
  [INFO] Points isolated on belt plane: 343,379
  [INFO] Non-plane points going to workspace filter: 15,450

━━━ [STAGE 5] Direction-Enforced Spatial Pre-Filtering
  [INFO] Height gate window : 1.50mm to 500.00mm
  [INFO] Dist-from-plane mm : min=16.645 mean=71.186 median=70.387 max=93.702
  [INFO] Rejected by lower gate: 0 / 15,450
  [INFO] Rejected by upper gate: 0 / 15,450
  [DEBUG] Points passing directional spatial filters: 15,450

━━━ [STAGE 6] Spatial Structural Isolation Clustering (DBSCAN)
  [INFO] DBSCAN discovered 1 distinct point groups.

━━━ [STAGE 7] Multi-Gate Geometric Evaluation
  Cluster #00 -> Pts: 15450 | Dims(mm): X= 93.7, Y= 73.5, Z= 75.0 | VolRatio: 0.785 | Gates: [G1-4=1 G5_Size=1 G6_3D=1] -> PASSED
  [INFO] Winning Cluster selected: ID #0 (Score=0.9356)
  [INFO] Winning cluster point count: 15,450

━━━ [STAGE 8] Projection — Sensor Space → Cropped Canvas

  ── [STAGE 8a] Coordinate System Parameters ──
    Intrinsics    : fx=750.148  fy=749.790  cx=386.179  cy=366.086
    Crop offsets  : left=0 px  top=0 px
    Depth sensor  : 510W x 720H px
    RGB canvas    : 510W x 720H px
    Scale factors : scale_x=1.000000  scale_y=1.000000

  ── [STAGE 8b] 3-D Cluster Bounding Box (world space) ──
    X range : -0.0785 m  →  0.0152 m  (span 93.7 mm)
    Y range : 0.0334 m  →  0.1069 m  (span 73.5 mm)
    Z range : 0.3890 m  →  0.4640 m  (span 75.0 mm)
    Z depth : mean=0.4119 m  std=0.0111 m  min=0.3890 m  max=0.4640 m

  ── [STAGE 8c] Projection Steps ──
    [Step 1] Full-sensor pixel coords (before crop subtraction):
      u_sensor  min=248.0  max=411.0  mean=324.5
      v_sensor  min=425.0  max=557.0  mean=491.0
    [OK] Sensor-space OOB: u=0.0%  v=0.0%
    [Step 2] After crop subtraction (crop_left=0, crop_top=0):
      u_cropped min=248.0  max=411.0  mean=324.5
      v_cropped min=425.0  max=557.0  mean=491.0
    [Step 2 Check] Cropped coords outside canvas: u<0=0.0%  u>W=0.0%  v<0=0.0%  v>H=0.0%
    [Step 3] After scale to canvas (scale_x=1.0000, scale_y=1.0000):
      u  min=248  max=411  mean=324.5
      v  min=425  max=557  mean=491.0
      Canvas target size : 510W x 720H px

  ── [STAGE 8d] Expected mask centroid on canvas ──
      Projected centroid : u=324.5 px  v=491.0 px
      Canvas centre      : u=255.0 px  v=360.0 px
      Offset from centre : Δu=69.5 px  Δv=131.0 px

  ── [STAGE 8e] Bounds Filter ──
    Total projected points : 15,450
    Inside canvas bounds   : 15,450  (100.0%)
    Duplicate pixel hits    : 0
  [INFO] Density non-zero pixels: 15,450
  [INFO] Density peak count     : 1
  [INFO] Raw mask white pixels before morphology: 15,450
  [INFO] White pixels after close: 16,990
  [INFO] Morphological open skipped for tip-loss debugging.
  [INFO] White pixels after open (skipped): 16,990

  ── [STAGE 8f] Final Mask Stats ──
    Bounding box : 163W x 132H px
    Mask centroid: (329.5, 491.0) px
    White pixels : 16,990
  masking.py run ended: 2026-06-13 20:04:49.514867
