
================================================================================
  masking.py run started: 2026-06-13 20:07:27.731458
================================================================================

━━━ [STAGE 1] Loading Point Cloud Array
  [INFO] Total raw points loaded: 365,571

━━━ [STAGE 2] Statistical Outlier Demolition
  [INFO] Points surviving outlier filter: 352,736

━━━ [STAGE 3] Live Plane Surface Isolation (RANSAC)
  [INFO] Original RANSAC: a=0.0150, b=-0.1111, c=0.9937, d=-0.4726
  [INFO] Normal vector pointing down. Flipping coefficients up toward lens.
  [INFO] Points isolated on belt plane: 341,000
  [INFO] Non-plane points going to workspace filter: 11,736

━━━ [STAGE 5] Direction-Enforced Spatial Pre-Filtering
  [INFO] Height gate window : 1.50mm to 500.00mm
  [INFO] Dist-from-plane mm : min=7.326 mean=30.138 median=30.979 max=42.448
  [INFO] Rejected by lower gate: 0 / 11,736
  [INFO] Rejected by upper gate: 0 / 11,736
  [DEBUG] Points passing directional spatial filters: 11,736

━━━ [STAGE 6] Spatial Structural Isolation Clustering (DBSCAN)
  [INFO] DBSCAN discovered 2 distinct point groups.

━━━ [STAGE 7] Multi-Gate Geometric Evaluation
  Cluster #00 -> Pts: 11728 | Dims(mm): X= 85.1, Y= 81.5, Z= 28.0 | VolRatio: 0.329 | Gates: [G1-4=1 G5_Size=1 G6_3D=1] -> PASSED
  Cluster #01 -> Pts: 8     | Dims(mm): X=  1.3, Y=  1.5, Z=  1.0 | VolRatio: 0.646 | Gates: [G1-4=0 G5_Size=0 G6_3D=1] -> REJECTED
  [INFO] Winning Cluster selected: ID #0 (Score=0.7987)
  [INFO] Winning cluster point count: 11,728

━━━ [STAGE 8] Projection — Sensor Space → Cropped Canvas

  ── [STAGE 8a] Coordinate System Parameters ──
    Intrinsics    : fx=750.148  fy=749.790  cx=386.179  cy=366.086
    Crop offsets  : left=0 px  top=0 px
    Depth sensor  : 510W x 720H px
    RGB canvas    : 510W x 720H px
    Scale factors : scale_x=1.000000  scale_y=1.000000

  ── [STAGE 8b] 3-D Cluster Bounding Box (world space) ──
    X range : -0.0298 m  →  0.0553 m  (span 85.1 mm)
    Y range : -0.1247 m  →  -0.0432 m  (span 81.5 mm)
    Z range : 0.4240 m  →  0.4520 m  (span 28.0 mm)
    Z depth : mean=0.4361 m  std=0.0069 m  min=0.4240 m  max=0.4520 m

  ── [STAGE 8c] Projection Steps ──
    [Step 1] Full-sensor pixel coords (before crop subtraction):
      u_sensor  min=336.0  max=479.0  mean=402.9
      v_sensor  min=156.0  max=294.0  mean=228.3
    [OK] Sensor-space OOB: u=0.0%  v=0.0%
    [Step 2] After crop subtraction (crop_left=0, crop_top=0):
      u_cropped min=336.0  max=479.0  mean=402.9
      v_cropped min=156.0  max=294.0  mean=228.3
    [Step 2 Check] Cropped coords outside canvas: u<0=0.0%  u>W=0.0%  v<0=0.0%  v>H=0.0%
    [Step 3] After scale to canvas (scale_x=1.0000, scale_y=1.0000):
      u  min=336  max=479  mean=402.9
      v  min=156  max=294  mean=228.3
      Canvas target size : 510W x 720H px

  ── [STAGE 8d] Expected mask centroid on canvas ──
      Projected centroid : u=402.9 px  v=228.3 px
      Canvas centre      : u=255.0 px  v=360.0 px
      Offset from centre : Δu=147.9 px  Δv=-131.7 px

  ── [STAGE 8e] Bounds Filter ──
    Total projected points : 11,728
    Inside canvas bounds   : 11,728  (100.0%)
    Duplicate pixel hits    : 0
  [INFO] Density non-zero pixels: 11,728
  [INFO] Density peak count     : 1
  [INFO] Raw mask white pixels before morphology: 11,728
  [INFO] White pixels after close: 12,482
  [INFO] Morphological open skipped for tip-loss debugging.
  [INFO] White pixels after open (skipped): 12,482

  ── [STAGE 8f] Final Mask Stats ──
    Bounding box : 143W x 138H px
    Mask centroid: (407.5, 225.0) px
    White pixels : 12,482
  masking.py run ended: 2026-06-13 20:07:30.036211
