
================================================================================
  masking.py run started: 2026-06-13 20:06:01.824585
================================================================================

━━━ [STAGE 1] Loading Point Cloud Array
  [INFO] Total raw points loaded: 365,735

━━━ [STAGE 2] Statistical Outlier Demolition
  [INFO] Points surviving outlier filter: 356,035

━━━ [STAGE 3] Live Plane Surface Isolation (RANSAC)
  [INFO] Original RANSAC: a=0.0126, b=-0.1022, c=0.9947, d=-0.4737
  [INFO] Normal vector pointing down. Flipping coefficients up toward lens.
  [INFO] Points isolated on belt plane: 336,260
  [INFO] Non-plane points going to workspace filter: 19,775

━━━ [STAGE 5] Direction-Enforced Spatial Pre-Filtering
  [INFO] Height gate window : 1.50mm to 500.00mm
  [INFO] Dist-from-plane mm : min=13.165 mean=34.569 median=33.396 max=62.481
  [INFO] Rejected by lower gate: 0 / 19,775
  [INFO] Rejected by upper gate: 0 / 19,775
  [DEBUG] Points passing directional spatial filters: 19,775

━━━ [STAGE 6] Spatial Structural Isolation Clustering (DBSCAN)
  [INFO] DBSCAN discovered 1 distinct point groups.

━━━ [STAGE 7] Multi-Gate Geometric Evaluation
  Cluster #00 -> Pts: 19775 | Dims(mm): X=117.9, Y=121.8, Z= 47.0 | VolRatio: 0.386 | Gates: [G1-4=1 G5_Size=1 G6_3D=1] -> PASSED
  [INFO] Winning Cluster selected: ID #0 (Score=0.8157)
  [INFO] Winning cluster point count: 19,775

━━━ [STAGE 8] Projection — Sensor Space → Cropped Canvas

  ── [STAGE 8a] Coordinate System Parameters ──
    Intrinsics    : fx=750.148  fy=749.790  cx=386.179  cy=366.086
    Crop offsets  : left=0 px  top=0 px
    Depth sensor  : 510W x 720H px
    RGB canvas    : 510W x 720H px
    Scale factors : scale_x=1.000000  scale_y=1.000000

  ── [STAGE 8b] 3-D Cluster Bounding Box (world space) ──
    X range : -0.1854 m  →  -0.0676 m  (span 117.9 mm)
    Y range : -0.1793 m  →  -0.0575 m  (span 121.8 mm)
    Z range : 0.4090 m  →  0.4560 m  (span 47.0 mm)
    Z depth : mean=0.4307 m  std=0.0089 m  min=0.4090 m  max=0.4560 m

  ── [STAGE 8c] Projection Steps ──
    [Step 1] Full-sensor pixel coords (before crop subtraction):
      u_sensor  min=75.0  max=271.0  mean=178.7
      v_sensor  min=63.0  max=266.0  mean=158.0
    [OK] Sensor-space OOB: u=0.0%  v=0.0%
    [Step 2] After crop subtraction (crop_left=0, crop_top=0):
      u_cropped min=75.0  max=271.0  mean=178.7
      v_cropped min=63.0  max=266.0  mean=158.0
    [Step 2 Check] Cropped coords outside canvas: u<0=0.0%  u>W=0.0%  v<0=0.0%  v>H=0.0%
    [Step 3] After scale to canvas (scale_x=1.0000, scale_y=1.0000):
      u  min=75  max=271  mean=178.7
      v  min=63  max=266  mean=158.0
      Canvas target size : 510W x 720H px

  ── [STAGE 8d] Expected mask centroid on canvas ──
      Projected centroid : u=178.7 px  v=158.0 px
      Canvas centre      : u=255.0 px  v=360.0 px
      Offset from centre : Δu=-76.3 px  Δv=-202.0 px

  ── [STAGE 8e] Bounds Filter ──
    Total projected points : 19,775
    Inside canvas bounds   : 19,775  (100.0%)
    Duplicate pixel hits    : 0
  [INFO] Density non-zero pixels: 19,775
  [INFO] Density peak count     : 1
  [INFO] Raw mask white pixels before morphology: 19,775
  [INFO] White pixels after close: 21,349
  [INFO] Morphological open skipped for tip-loss debugging.
  [INFO] White pixels after open (skipped): 21,349

  ── [STAGE 8f] Final Mask Stats ──
    Bounding box : 196W x 203H px
    Mask centroid: (173.0, 164.5) px
    White pixels : 21,349
  masking.py run ended: 2026-06-13 20:06:04.774629
