
================================================================================
  masking.py run started: 2026-06-13 20:07:17.493221
================================================================================

━━━ [STAGE 1] Loading Point Cloud Array
  [INFO] Total raw points loaded: 365,612

━━━ [STAGE 2] Statistical Outlier Demolition
  [INFO] Points surviving outlier filter: 356,745

━━━ [STAGE 3] Live Plane Surface Isolation (RANSAC)
  [INFO] Original RANSAC: a=0.0132, b=-0.1109, c=0.9937, d=-0.4727
  [INFO] Normal vector pointing down. Flipping coefficients up toward lens.
  [INFO] Points isolated on belt plane: 329,578
  [INFO] Non-plane points going to workspace filter: 27,167

━━━ [STAGE 5] Direction-Enforced Spatial Pre-Filtering
  [INFO] Height gate window : 1.50mm to 500.00mm
  [INFO] Dist-from-plane mm : min=13.870 mean=55.261 median=56.668 max=72.753
  [INFO] Rejected by lower gate: 0 / 27,167
  [INFO] Rejected by upper gate: 0 / 27,167
  [DEBUG] Points passing directional spatial filters: 27,167

━━━ [STAGE 6] Spatial Structural Isolation Clustering (DBSCAN)
  [INFO] DBSCAN discovered 1 distinct point groups.

━━━ [STAGE 7] Multi-Gate Geometric Evaluation
  Cluster #00 -> Pts: 27167 | Dims(mm): X=128.8, Y=124.2, Z= 62.0 | VolRatio: 0.481 | Gates: [G1-4=1 G5_Size=1 G6_3D=1] -> PASSED
  [INFO] Winning Cluster selected: ID #0 (Score=0.8444)
  [INFO] Winning cluster point count: 27,167

━━━ [STAGE 8] Projection — Sensor Space → Cropped Canvas

  ── [STAGE 8a] Coordinate System Parameters ──
    Intrinsics    : fx=750.148  fy=749.790  cx=386.179  cy=366.086
    Crop offsets  : left=0 px  top=0 px
    Depth sensor  : 510W x 720H px
    RGB canvas    : 510W x 720H px
    Scale factors : scale_x=1.000000  scale_y=1.000000

  ── [STAGE 8b] 3-D Cluster Bounding Box (world space) ──
    X range : -0.1621 m  →  -0.0333 m  (span 128.8 mm)
    Y range : -0.1824 m  →  -0.0581 m  (span 124.2 mm)
    Z range : 0.3920 m  →  0.4540 m  (span 62.0 mm)
    Z depth : mean=0.4085 m  std=0.0092 m  min=0.3920 m  max=0.4540 m

  ── [STAGE 8c] Projection Steps ──
    [Step 1] Full-sensor pixel coords (before crop subtraction):
      u_sensor  min=104.0  max=329.0  mean=212.6
      v_sensor  min=56.0  max=267.0  mean=155.3
    [OK] Sensor-space OOB: u=0.0%  v=0.0%
    [Step 2] After crop subtraction (crop_left=0, crop_top=0):
      u_cropped min=104.0  max=329.0  mean=212.6
      v_cropped min=56.0  max=267.0  mean=155.3
    [Step 2 Check] Cropped coords outside canvas: u<0=0.0%  u>W=0.0%  v<0=0.0%  v>H=0.0%
    [Step 3] After scale to canvas (scale_x=1.0000, scale_y=1.0000):
      u  min=104  max=329  mean=212.6
      v  min=56  max=267  mean=155.3
      Canvas target size : 510W x 720H px

  ── [STAGE 8d] Expected mask centroid on canvas ──
      Projected centroid : u=212.6 px  v=155.3 px
      Canvas centre      : u=255.0 px  v=360.0 px
      Offset from centre : Δu=-42.4 px  Δv=-204.7 px

  ── [STAGE 8e] Bounds Filter ──
    Total projected points : 27,167
    Inside canvas bounds   : 27,167  (100.0%)
    Duplicate pixel hits    : 0
  [INFO] Density non-zero pixels: 27,167
  [INFO] Density peak count     : 1
  [INFO] Raw mask white pixels before morphology: 27,167
  [INFO] White pixels after close: 28,695
  [INFO] Morphological open skipped for tip-loss debugging.
  [INFO] White pixels after open (skipped): 28,695

  ── [STAGE 8f] Final Mask Stats ──
    Bounding box : 225W x 211H px
    Mask centroid: (216.5, 161.5) px
    White pixels : 28,695
  masking.py run ended: 2026-06-13 20:07:21.877528
