
================================================================================
  masking.py run started: 2026-06-13 20:06:28.562184
================================================================================

━━━ [STAGE 1] Loading Point Cloud Array
  [INFO] Total raw points loaded: 365,737

━━━ [STAGE 2] Statistical Outlier Demolition
  [INFO] Points surviving outlier filter: 354,262

━━━ [STAGE 3] Live Plane Surface Isolation (RANSAC)
  [INFO] Original RANSAC: a=0.0153, b=-0.1024, c=0.9946, d=-0.4737
  [INFO] Normal vector pointing down. Flipping coefficients up toward lens.
  [INFO] Points isolated on belt plane: 347,470
  [INFO] Non-plane points going to workspace filter: 6,792

━━━ [STAGE 5] Direction-Enforced Spatial Pre-Filtering
  [INFO] Height gate window : 1.50mm to 500.00mm
  [INFO] Dist-from-plane mm : min=-14.195 mean=36.271 median=38.568 max=43.277
  [INFO] Rejected by lower gate: 2 / 6,792
  [INFO] Rejected by upper gate: 0 / 6,792
  [DEBUG] Points passing directional spatial filters: 6,790

━━━ [STAGE 6] Spatial Structural Isolation Clustering (DBSCAN)
  [INFO] DBSCAN discovered 1 distinct point groups.

━━━ [STAGE 7] Multi-Gate Geometric Evaluation
  Cluster #00 -> Pts: 6790  | Dims(mm): X= 56.7, Y= 66.0, Z= 33.0 | VolRatio: 0.500 | Gates: [G1-4=1 G5_Size=1 G6_3D=1] -> PASSED
  [INFO] Winning Cluster selected: ID #0 (Score=0.6894)
  [INFO] Winning cluster point count: 6,790

━━━ [STAGE 8] Projection — Sensor Space → Cropped Canvas

  ── [STAGE 8a] Coordinate System Parameters ──
    Intrinsics    : fx=750.148  fy=749.790  cx=386.179  cy=366.086
    Crop offsets  : left=0 px  top=0 px
    Depth sensor  : 510W x 720H px
    RGB canvas    : 510W x 720H px
    Scale factors : scale_x=1.000000  scale_y=1.000000

  ── [STAGE 8b] 3-D Cluster Bounding Box (world space) ──
    X range : -0.1071 m  →  -0.0504 m  (span 56.7 mm)
    Y range : -0.1210 m  →  -0.0549 m  (span 66.0 mm)
    Z range : 0.4260 m  →  0.4590 m  (span 33.0 mm)
    Z depth : mean=0.4320 m  std=0.0056 m  min=0.4260 m  max=0.4590 m

  ── [STAGE 8c] Projection Steps ──
    [Step 1] Full-sensor pixel coords (before crop subtraction):
      u_sensor  min=206.0  max=302.0  mean=253.4
      v_sensor  min=165.0  max=276.0  mean=216.7
    [OK] Sensor-space OOB: u=0.0%  v=0.0%
    [Step 2] After crop subtraction (crop_left=0, crop_top=0):
      u_cropped min=206.0  max=302.0  mean=253.4
      v_cropped min=165.0  max=276.0  mean=216.7
    [Step 2 Check] Cropped coords outside canvas: u<0=0.0%  u>W=0.0%  v<0=0.0%  v>H=0.0%
    [Step 3] After scale to canvas (scale_x=1.0000, scale_y=1.0000):
      u  min=206  max=302  mean=253.4
      v  min=165  max=276  mean=216.7
      Canvas target size : 510W x 720H px

  ── [STAGE 8d] Expected mask centroid on canvas ──
      Projected centroid : u=253.4 px  v=216.7 px
      Canvas centre      : u=255.0 px  v=360.0 px
      Offset from centre : Δu=-1.6 px  Δv=-143.3 px

  ── [STAGE 8e] Bounds Filter ──
    Total projected points : 6,790
    Inside canvas bounds   : 6,790  (100.0%)
    Duplicate pixel hits    : 0
  [INFO] Density non-zero pixels: 6,790
  [INFO] Density peak count     : 1
  [INFO] Raw mask white pixels before morphology: 6,790
  [INFO] White pixels after close: 7,797
  [INFO] Morphological open skipped for tip-loss debugging.
  [INFO] White pixels after open (skipped): 7,797

  ── [STAGE 8f] Final Mask Stats ──
    Bounding box : 96W x 111H px
    Mask centroid: (254.0, 220.5) px
    White pixels : 7,797
  masking.py run ended: 2026-06-13 20:06:30.335853
