
================================================================================
  masking.py run started: 2026-06-13 19:54:14.999496
================================================================================

━━━ [STAGE 1] Loading Point Cloud Array
  [INFO] Total raw points loaded: 364,164

━━━ [STAGE 2] Statistical Outlier Demolition
  [INFO] Points surviving outlier filter: 353,362

━━━ [STAGE 3] Live Plane Surface Isolation (RANSAC)
  [INFO] Original RANSAC: a=0.0144, b=-0.1774, c=0.9840, d=-0.4652
  [INFO] Normal vector pointing down. Flipping coefficients up toward lens.
  [INFO] Points isolated on belt plane: 346,457
  [INFO] Non-plane points going to workspace filter: 6,905

━━━ [STAGE 5] Direction-Enforced Spatial Pre-Filtering
  [INFO] Height gate window : 1.50mm to 500.00mm
  [INFO] Dist-from-plane mm : min=13.635 mean=25.054 median=22.731 max=50.944
  [INFO] Rejected by lower gate: 0 / 6,905
  [INFO] Rejected by upper gate: 0 / 6,905
  [DEBUG] Points passing directional spatial filters: 6,905

━━━ [STAGE 6] Spatial Structural Isolation Clustering (DBSCAN)
  [INFO] DBSCAN discovered 1 distinct point groups.

━━━ [STAGE 7] Multi-Gate Geometric Evaluation
  Cluster #00 -> Pts: 6899  | Dims(mm): X= 76.4, Y=118.4, Z= 34.0 | VolRatio: 0.287 | Gates: [G1-4=1 G5_Size=1 G6_3D=1] -> PASSED
  [INFO] Winning Cluster selected: ID #0 (Score=0.6311)
  [INFO] Winning cluster point count: 6,899

━━━ [STAGE 8] Projection — Sensor Space → Cropped Canvas

  ── [STAGE 8a] Coordinate System Parameters ──
    Intrinsics    : fx=750.148  fy=749.790  cx=386.179  cy=366.086
    Crop offsets  : left=0 px  top=0 px
    Depth sensor  : 510W x 720H px
    RGB canvas    : 510W x 720H px
    Scale factors : scale_x=1.000000  scale_y=1.000000

  ── [STAGE 8b] 3-D Cluster Bounding Box (world space) ──
    X range : -0.0548 m  →  0.0216 m  (span 76.4 mm)
    Y range : 0.0147 m  →  0.1330 m  (span 118.4 mm)
    Z range : 0.4420 m  →  0.4760 m  (span 34.0 mm)
    Z depth : mean=0.4588 m  std=0.0050 m  min=0.4420 m  max=0.4760 m

  ── [STAGE 8c] Projection Steps ──
    [Step 1] Full-sensor pixel coords (before crop subtraction):
      u_sensor  min=294.0  max=421.0  mean=365.8
      v_sensor  min=390.0  max=582.0  mean=469.2
    [OK] Sensor-space OOB: u=0.0%  v=0.0%
    [Step 2] After crop subtraction (crop_left=0, crop_top=0):
      u_cropped min=294.0  max=421.0  mean=365.8
      v_cropped min=390.0  max=582.0  mean=469.2
    [Step 2 Check] Cropped coords outside canvas: u<0=0.0%  u>W=0.0%  v<0=0.0%  v>H=0.0%
    [Step 3] After scale to canvas (scale_x=1.0000, scale_y=1.0000):
      u  min=294  max=421  mean=365.8
      v  min=390  max=582  mean=469.2
      Canvas target size : 510W x 720H px

  ── [STAGE 8d] Expected mask centroid on canvas ──
      Projected centroid : u=365.8 px  v=469.2 px
      Canvas centre      : u=255.0 px  v=360.0 px
      Offset from centre : Δu=110.8 px  Δv=109.2 px

  ── [STAGE 8e] Bounds Filter ──
    Total projected points : 6,899
    Inside canvas bounds   : 6,899  (100.0%)
    Duplicate pixel hits    : 0
  [INFO] Density non-zero pixels: 6,899
  [INFO] Density peak count     : 1
  [INFO] Raw mask white pixels before morphology: 6,899
  [INFO] White pixels after close: 7,472
  [INFO] Morphological open skipped for tip-loss debugging.
  [INFO] White pixels after open (skipped): 7,472

  ── [STAGE 8f] Final Mask Stats ──
    Bounding box : 127W x 192H px
    Mask centroid: (357.5, 486.0) px
    White pixels : 7,472
  masking.py run ended: 2026-06-13 19:54:16.321070
