
================================================================================
  masking.py run started: 2026-06-13 20:06:55.201329
================================================================================

━━━ [STAGE 1] Loading Point Cloud Array
  [INFO] Total raw points loaded: 365,729

━━━ [STAGE 2] Statistical Outlier Demolition
  [INFO] Points surviving outlier filter: 353,388

━━━ [STAGE 3] Live Plane Surface Isolation (RANSAC)
  [INFO] Original RANSAC: a=0.0154, b=-0.1014, c=0.9947, d=-0.4732
  [INFO] Normal vector pointing down. Flipping coefficients up toward lens.
  [INFO] Points isolated on belt plane: 342,355
  [INFO] Non-plane points going to workspace filter: 11,033

━━━ [STAGE 5] Direction-Enforced Spatial Pre-Filtering
  [INFO] Height gate window : 1.50mm to 500.00mm
  [INFO] Dist-from-plane mm : min=-5.417 mean=22.590 median=22.127 max=51.911
  [INFO] Rejected by lower gate: 18 / 11,033
  [INFO] Rejected by upper gate: 0 / 11,033
  [DEBUG] Points passing directional spatial filters: 11,015

━━━ [STAGE 6] Spatial Structural Isolation Clustering (DBSCAN)
  [INFO] DBSCAN discovered 5 distinct point groups.

━━━ [STAGE 7] Multi-Gate Geometric Evaluation
  Cluster #00 -> Pts: 1921  | Dims(mm): X= 73.5, Y= 46.2, Z=  9.0 | VolRatio: 0.122 | Gates: [G1-4=1 G5_Size=1 G6_3D=0] -> REJECTED
  Cluster #01 -> Pts: 8885  | Dims(mm): X=118.3, Y=165.5, Z= 46.0 | VolRatio: 0.278 | Gates: [G1-4=1 G5_Size=1 G6_3D=1] -> PASSED
  Cluster #02 -> Pts: 16    | Dims(mm): X=  2.5, Y=  3.6, Z=  1.0 | VolRatio: 0.277 | Gates: [G1-4=0 G5_Size=0 G6_3D=1] -> REJECTED
  Cluster #03 -> Pts: 179   | Dims(mm): X= 17.5, Y= 44.4, Z=  5.0 | VolRatio: 0.113 | Gates: [G1-4=1 G5_Size=1 G6_3D=0] -> REJECTED
  Cluster #04 -> Pts: 14    | Dims(mm): X=  2.6, Y=  1.3, Z=  0.0 | VolRatio: 0.000 | Gates: [G1-4=0 G5_Size=0 G6_3D=0] -> REJECTED
  [INFO] Winning Cluster selected: ID #1 (Score=0.7276)
  [INFO] Winning cluster point count: 8,885

━━━ [STAGE 8] Projection — Sensor Space → Cropped Canvas

  ── [STAGE 8a] Coordinate System Parameters ──
    Intrinsics    : fx=750.148  fy=749.790  cx=386.179  cy=366.086
    Crop offsets  : left=0 px  top=0 px
    Depth sensor  : 510W x 720H px
    RGB canvas    : 510W x 720H px
    Scale factors : scale_x=1.000000  scale_y=1.000000

  ── [STAGE 8b] 3-D Cluster Bounding Box (world space) ──
    X range : -0.0670 m  →  0.0513 m  (span 118.3 mm)
    Y range : -0.0202 m  →  0.1453 m  (span 165.5 mm)
    Z range : 0.4300 m  →  0.4760 m  (span 46.0 mm)
    Z depth : mean=0.4580 m  std=0.0075 m  min=0.4300 m  max=0.4760 m

  ── [STAGE 8c] Projection Steps ──
    [Step 1] Full-sensor pixel coords (before crop subtraction):
      u_sensor  min=276.0  max=469.0  mean=362.4
      v_sensor  min=333.0  max=595.0  mean=457.9
    [OK] Sensor-space OOB: u=0.0%  v=0.0%
    [Step 2] After crop subtraction (crop_left=0, crop_top=0):
      u_cropped min=276.0  max=469.0  mean=362.4
      v_cropped min=333.0  max=595.0  mean=457.9
    [Step 2 Check] Cropped coords outside canvas: u<0=0.0%  u>W=0.0%  v<0=0.0%  v>H=0.0%
    [Step 3] After scale to canvas (scale_x=1.0000, scale_y=1.0000):
      u  min=276  max=469  mean=362.4
      v  min=333  max=595  mean=457.9
      Canvas target size : 510W x 720H px

  ── [STAGE 8d] Expected mask centroid on canvas ──
      Projected centroid : u=362.4 px  v=457.9 px
      Canvas centre      : u=255.0 px  v=360.0 px
      Offset from centre : Δu=107.4 px  Δv=97.9 px

  ── [STAGE 8e] Bounds Filter ──
    Total projected points : 8,885
    Inside canvas bounds   : 8,885  (100.0%)
    Duplicate pixel hits    : 0
  [INFO] Density non-zero pixels: 8,885
  [INFO] Density peak count     : 1
  [INFO] Raw mask white pixels before morphology: 8,885
  [INFO] White pixels after close: 10,684
  [INFO] Morphological open skipped for tip-loss debugging.
  [INFO] White pixels after open (skipped): 10,684

  ── [STAGE 8f] Final Mask Stats ──
    Bounding box : 193W x 262H px
    Mask centroid: (372.5, 464.0) px
    White pixels : 10,684
  masking.py run ended: 2026-06-13 20:06:56.812426
