
================================================================================
  masking.py run started: 2026-06-13 19:59:03.176762
================================================================================

━━━ [STAGE 1] Loading Point Cloud Array
  [INFO] Total raw points loaded: 365,915

━━━ [STAGE 2] Statistical Outlier Demolition
  [INFO] Points surviving outlier filter: 354,787

━━━ [STAGE 3] Live Plane Surface Isolation (RANSAC)
  [INFO] Original RANSAC: a=0.0139, b=-0.0078, c=0.9999, d=-0.4839
  [INFO] Normal vector pointing down. Flipping coefficients up toward lens.
  [INFO] Points isolated on belt plane: 316,770
  [INFO] Non-plane points going to workspace filter: 38,017

━━━ [STAGE 5] Direction-Enforced Spatial Pre-Filtering
  [INFO] Height gate window : 1.50mm to 500.00mm
  [INFO] Dist-from-plane mm : min=7.528 mean=52.883 median=51.561 max=88.809
  [INFO] Rejected by lower gate: 0 / 38,017
  [INFO] Rejected by upper gate: 0 / 38,017
  [DEBUG] Points passing directional spatial filters: 38,017

━━━ [STAGE 6] Spatial Structural Isolation Clustering (DBSCAN)
  [INFO] DBSCAN discovered 5 distinct point groups.

━━━ [STAGE 7] Multi-Gate Geometric Evaluation
  Cluster #00 -> Pts: 11    | Dims(mm): X=  1.1, Y=  3.7, Z=  1.0 | VolRatio: 0.273 | Gates: [G1-4=0 G5_Size=0 G6_3D=1] -> REJECTED
  Cluster #01 -> Pts: 8     | Dims(mm): X=  1.3, Y=  1.3, Z=  0.0 | VolRatio: 0.000 | Gates: [G1-4=0 G5_Size=0 G6_3D=0] -> REJECTED
  Cluster #02 -> Pts: 37940 | Dims(mm): X=136.5, Y=176.0, Z= 77.0 | VolRatio: 0.437 | Gates: [G1-4=1 G5_Size=1 G6_3D=1] -> PASSED
  Cluster #03 -> Pts: 39    | Dims(mm): X=  4.3, Y=  3.3, Z=  3.0 | VolRatio: 0.706 | Gates: [G1-4=1 G5_Size=0 G6_3D=1] -> REJECTED
  Cluster #04 -> Pts: 10    | Dims(mm): X=  1.2, Y=  1.8, Z=  0.0 | VolRatio: 0.000 | Gates: [G1-4=0 G5_Size=0 G6_3D=0] -> REJECTED
  [INFO] Winning Cluster selected: ID #2 (Score=0.8312)
  [INFO] Winning cluster point count: 37,940

━━━ [STAGE 8] Projection — Sensor Space → Cropped Canvas

  ── [STAGE 8a] Coordinate System Parameters ──
    Intrinsics    : fx=750.148  fy=749.790  cx=386.179  cy=366.086
    Crop offsets  : left=0 px  top=0 px
    Depth sensor  : 510W x 720H px
    RGB canvas    : 510W x 720H px
    Scale factors : scale_x=1.000000  scale_y=1.000000

  ── [STAGE 8b] 3-D Cluster Bounding Box (world space) ──
    X range : -0.0941 m  →  0.0424 m  (span 136.5 mm)
    Y range : -0.0110 m  →  0.1651 m  (span 176.0 mm)
    Z range : 0.3960 m  →  0.4730 m  (span 77.0 mm)
    Z depth : mean=0.4317 m  std=0.0137 m  min=0.3960 m  max=0.4730 m

  ── [STAGE 8c] Projection Steps ──
    [Step 1] Full-sensor pixel coords (before crop subtraction):
      u_sensor  min=237.0  max=454.0  mean=365.3
      v_sensor  min=348.0  max=643.0  mean=492.0
    [OK] Sensor-space OOB: u=0.0%  v=0.0%
    [Step 2] After crop subtraction (crop_left=0, crop_top=0):
      u_cropped min=237.0  max=454.0  mean=365.3
      v_cropped min=348.0  max=643.0  mean=492.0
    [Step 2 Check] Cropped coords outside canvas: u<0=0.0%  u>W=0.0%  v<0=0.0%  v>H=0.0%
    [Step 3] After scale to canvas (scale_x=1.0000, scale_y=1.0000):
      u  min=237  max=454  mean=365.3
      v  min=348  max=643  mean=492.0
      Canvas target size : 510W x 720H px

  ── [STAGE 8d] Expected mask centroid on canvas ──
      Projected centroid : u=365.3 px  v=492.0 px
      Canvas centre      : u=255.0 px  v=360.0 px
      Offset from centre : Δu=110.3 px  Δv=132.0 px

  ── [STAGE 8e] Bounds Filter ──
    Total projected points : 37,940
    Inside canvas bounds   : 37,940  (100.0%)
    Duplicate pixel hits    : 0
  [INFO] Density non-zero pixels: 37,940
  [INFO] Density peak count     : 1
  [INFO] Raw mask white pixels before morphology: 37,940
  [INFO] White pixels after close: 41,949
  [INFO] Morphological open skipped for tip-loss debugging.
  [INFO] White pixels after open (skipped): 41,949

  ── [STAGE 8f] Final Mask Stats ──
    Bounding box : 217W x 295H px
    Mask centroid: (345.5, 495.5) px
    White pixels : 41,949
  masking.py run ended: 2026-06-13 19:59:07.566046
