
================================================================================
  masking.py run started: 2026-06-13 17:04:50.660224
================================================================================

━━━ [STAGE 1] Loading Point Cloud Array
  [INFO] Total raw points loaded: 366,546

━━━ [STAGE 2] Statistical Outlier Demolition
  [INFO] Points surviving outlier filter: 355,036

━━━ [STAGE 3] Live Plane Surface Isolation (RANSAC)
  [INFO] Original RANSAC: a=0.0144, b=-0.0351, c=0.9993, d=-0.4795
  [INFO] Normal vector pointing down. Flipping coefficients up toward lens.
  [INFO] Points isolated on belt plane: 332,070
  [INFO] Non-plane points going to workspace filter: 22,966

━━━ [STAGE 5] Direction-Enforced Spatial Pre-Filtering
  [INFO] Height gate window : 1.50mm to 500.00mm
  [INFO] Dist-from-plane mm : min=13.386 mean=29.803 median=30.293 max=42.582
  [INFO] Rejected by lower gate: 0 / 22,966
  [INFO] Rejected by upper gate: 0 / 22,966
  [DEBUG] Points passing directional spatial filters: 22,966

━━━ [STAGE 6] Spatial Structural Isolation Clustering (DBSCAN)
  [INFO] DBSCAN discovered 1 distinct point groups.

━━━ [STAGE 7] Multi-Gate Geometric Evaluation
  Cluster #00 -> Pts: 22966 | Dims(mm): X= 93.9, Y=141.0, Z= 32.0 | VolRatio: 0.227 | Gates: [G1-4=1 G5_Size=1 G6_3D=1] -> PASSED
  [INFO] Winning Cluster selected: ID #0 (Score=0.7681)
  [INFO] Winning cluster point count: 22,966

━━━ [STAGE 8] Projection — Sensor Space → Cropped Canvas

  ── [STAGE 8a] Coordinate System Parameters ──
    Intrinsics    : fx=750.148  fy=749.790  cx=386.179  cy=366.086
    Crop offsets  : left=0 px  top=0 px
    Depth sensor  : 510W x 720H px
    RGB canvas    : 510W x 720H px
    Scale factors : scale_x=1.000000  scale_y=1.000000

  ── [STAGE 8b] 3-D Cluster Bounding Box (world space) ──
    X range : -0.0739 m  →  0.0200 m  (span 93.9 mm)
    Y range : -0.2152 m  →  -0.0742 m  (span 141.0 mm)
    Z range : 0.4310 m  →  0.4630 m  (span 32.0 mm)
    Z depth : mean=0.4454 m  std=0.0075 m  min=0.4310 m  max=0.4630 m

  ── [STAGE 8c] Projection Steps ──
    [Step 1] Full-sensor pixel coords (before crop subtraction):
      u_sensor  min=266.0  max=419.0  mean=343.6
      v_sensor  min=0.0  max=243.0  mean=129.4
    [OK] Sensor-space OOB: u=0.0%  v=0.0%
    [Step 2] After crop subtraction (crop_left=0, crop_top=0):
      u_cropped min=266.0  max=419.0  mean=343.6
      v_cropped min=0.0  max=243.0  mean=129.4
    [Step 2 Check] Cropped coords outside canvas: u<0=0.0%  u>W=0.0%  v<0=0.0%  v>H=0.0%
    [Step 3] After scale to canvas (scale_x=1.0000, scale_y=1.0000):
      u  min=266  max=419  mean=343.6
      v  min=0  max=243  mean=129.4
      Canvas target size : 510W x 720H px

  ── [STAGE 8d] Expected mask centroid on canvas ──
      Projected centroid : u=343.6 px  v=129.4 px
      Canvas centre      : u=255.0 px  v=360.0 px
      Offset from centre : Δu=88.6 px  Δv=-230.6 px

  ── [STAGE 8e] Bounds Filter ──
    Total projected points : 22,966
    Inside canvas bounds   : 22,966  (100.0%)
    Duplicate pixel hits    : 0
  [INFO] Density non-zero pixels: 22,966
  [INFO] Density peak count     : 1
  [INFO] Raw mask white pixels before morphology: 22,966
  [INFO] White pixels after close: 24,972
  [INFO] Morphological open skipped for tip-loss debugging.
  [INFO] White pixels after open (skipped): 24,972

  ── [STAGE 8f] Final Mask Stats ──
    Bounding box : 153W x 243H px
    Mask centroid: (342.5, 121.5) px
    White pixels : 24,972
  masking.py run ended: 2026-06-13 17:04:51.208444
