
================================================================================
  masking.py run started: 2026-06-13 19:58:49.260263
================================================================================

━━━ [STAGE 1] Loading Point Cloud Array
  [INFO] Total raw points loaded: 365,947

━━━ [STAGE 2] Statistical Outlier Demolition
  [INFO] Points surviving outlier filter: 355,971

━━━ [STAGE 3] Live Plane Surface Isolation (RANSAC)
  [INFO] Original RANSAC: a=0.0116, b=-0.0082, c=0.9999, d=-0.4842
  [INFO] Normal vector pointing down. Flipping coefficients up toward lens.
  [INFO] Points isolated on belt plane: 317,906
  [INFO] Non-plane points going to workspace filter: 38,065

━━━ [STAGE 5] Direction-Enforced Spatial Pre-Filtering
  [INFO] Height gate window : 1.50mm to 500.00mm
  [INFO] Dist-from-plane mm : min=14.564 mean=53.723 median=52.552 max=89.309
  [INFO] Rejected by lower gate: 0 / 38,065
  [INFO] Rejected by upper gate: 0 / 38,065
  [DEBUG] Points passing directional spatial filters: 38,065

━━━ [STAGE 6] Spatial Structural Isolation Clustering (DBSCAN)
  [INFO] DBSCAN discovered 2 distinct point groups.

━━━ [STAGE 7] Multi-Gate Geometric Evaluation
  Cluster #00 -> Pts: 37999 | Dims(mm): X=127.7, Y=173.6, Z= 75.0 | VolRatio: 0.432 | Gates: [G1-4=1 G5_Size=1 G6_3D=1] -> PASSED
  Cluster #01 -> Pts: 66    | Dims(mm): X=  4.4, Y=  5.2, Z=  2.0 | VolRatio: 0.387 | Gates: [G1-4=1 G5_Size=0 G6_3D=1] -> REJECTED
  [INFO] Winning Cluster selected: ID #0 (Score=0.8296)
  [INFO] Winning cluster point count: 37,999

━━━ [STAGE 8] Projection — Sensor Space → Cropped Canvas

  ── [STAGE 8a] Coordinate System Parameters ──
    Intrinsics    : fx=750.148  fy=749.790  cx=386.179  cy=366.086
    Crop offsets  : left=0 px  top=0 px
    Depth sensor  : 510W x 720H px
    RGB canvas    : 510W x 720H px
    Scale factors : scale_x=1.000000  scale_y=1.000000

  ── [STAGE 8b] 3-D Cluster Bounding Box (world space) ──
    X range : -0.1653 m  →  -0.0375 m  (span 127.7 mm)
    Y range : -0.0775 m  →  0.0960 m  (span 173.6 mm)
    Z range : 0.3960 m  →  0.4710 m  (span 75.0 mm)
    Z depth : mean=0.4317 m  std=0.0133 m  min=0.3960 m  max=0.4710 m

  ── [STAGE 8c] Projection Steps ──
    [Step 1] Full-sensor pixel coords (before crop subtraction):
      u_sensor  min=107.0  max=326.0  mean=214.9
      v_sensor  min=229.0  max=524.0  mean=382.5
    [OK] Sensor-space OOB: u=0.0%  v=0.0%
    [Step 2] After crop subtraction (crop_left=0, crop_top=0):
      u_cropped min=107.0  max=326.0  mean=214.9
      v_cropped min=229.0  max=524.0  mean=382.5
    [Step 2 Check] Cropped coords outside canvas: u<0=0.0%  u>W=0.0%  v<0=0.0%  v>H=0.0%
    [Step 3] After scale to canvas (scale_x=1.0000, scale_y=1.0000):
      u  min=107  max=326  mean=214.9
      v  min=229  max=524  mean=382.5
      Canvas target size : 510W x 720H px

  ── [STAGE 8d] Expected mask centroid on canvas ──
      Projected centroid : u=214.9 px  v=382.5 px
      Canvas centre      : u=255.0 px  v=360.0 px
      Offset from centre : Δu=-40.1 px  Δv=22.5 px

  ── [STAGE 8e] Bounds Filter ──
    Total projected points : 37,999
    Inside canvas bounds   : 37,999  (100.0%)
    Duplicate pixel hits    : 0
  [INFO] Density non-zero pixels: 37,999
  [INFO] Density peak count     : 1
  [INFO] Raw mask white pixels before morphology: 37,999
  [INFO] White pixels after close: 40,617
  [INFO] Morphological open skipped for tip-loss debugging.
  [INFO] White pixels after open (skipped): 40,617

  ── [STAGE 8f] Final Mask Stats ──
    Bounding box : 219W x 295H px
    Mask centroid: (216.5, 376.5) px
    White pixels : 40,617
  masking.py run ended: 2026-06-13 19:58:53.952881
