
================================================================================
  masking.py run started: 2026-06-13 19:54:11.653612
================================================================================

━━━ [STAGE 1] Loading Point Cloud Array
  [INFO] Total raw points loaded: 364,871

━━━ [STAGE 2] Statistical Outlier Demolition
  [INFO] Points surviving outlier filter: 353,672

━━━ [STAGE 3] Live Plane Surface Isolation (RANSAC)
  [INFO] Original RANSAC: a=0.0140, b=-0.1490, c=0.9887, d=-0.4683
  [INFO] Normal vector pointing down. Flipping coefficients up toward lens.
  [INFO] Points isolated on belt plane: 346,029
  [INFO] Non-plane points going to workspace filter: 7,643

━━━ [STAGE 5] Direction-Enforced Spatial Pre-Filtering
  [INFO] Height gate window : 1.50mm to 500.00mm
  [INFO] Dist-from-plane mm : min=14.054 mean=26.084 median=23.211 max=55.439
  [INFO] Rejected by lower gate: 0 / 7,643
  [INFO] Rejected by upper gate: 0 / 7,643
  [DEBUG] Points passing directional spatial filters: 7,643

━━━ [STAGE 6] Spatial Structural Isolation Clustering (DBSCAN)
  [INFO] DBSCAN discovered 1 distinct point groups.

━━━ [STAGE 7] Multi-Gate Geometric Evaluation
  Cluster #00 -> Pts: 7643  | Dims(mm): X= 62.3, Y=122.1, Z= 54.0 | VolRatio: 0.442 | Gates: [G1-4=1 G5_Size=1 G6_3D=1] -> PASSED
  [INFO] Winning Cluster selected: ID #0 (Score=0.7149)
  [INFO] Winning cluster point count: 7,643

━━━ [STAGE 8] Projection — Sensor Space → Cropped Canvas

  ── [STAGE 8a] Coordinate System Parameters ──
    Intrinsics    : fx=750.148  fy=749.790  cx=386.179  cy=366.086
    Crop offsets  : left=0 px  top=0 px
    Depth sensor  : 510W x 720H px
    RGB canvas    : 510W x 720H px
    Scale factors : scale_x=1.000000  scale_y=1.000000

  ── [STAGE 8b] 3-D Cluster Bounding Box (world space) ──
    X range : -0.1245 m  →  -0.0622 m  (span 62.3 mm)
    Y range : -0.1233 m  →  -0.0013 m  (span 122.1 mm)
    Z range : 0.4040 m  →  0.4580 m  (span 54.0 mm)
    Z depth : mean=0.4416 m  std=0.0133 m  min=0.4040 m  max=0.4580 m

  ── [STAGE 8c] Projection Steps ──
    [Step 1] Full-sensor pixel coords (before crop subtraction):
      u_sensor  min=180.0  max=283.0  mean=230.4
      v_sensor  min=149.0  max=364.0  mean=285.3
    [OK] Sensor-space OOB: u=0.0%  v=0.0%
    [Step 2] After crop subtraction (crop_left=0, crop_top=0):
      u_cropped min=180.0  max=283.0  mean=230.4
      v_cropped min=149.0  max=364.0  mean=285.3
    [Step 2 Check] Cropped coords outside canvas: u<0=0.0%  u>W=0.0%  v<0=0.0%  v>H=0.0%
    [Step 3] After scale to canvas (scale_x=1.0000, scale_y=1.0000):
      u  min=180  max=283  mean=230.4
      v  min=149  max=364  mean=285.3
      Canvas target size : 510W x 720H px

  ── [STAGE 8d] Expected mask centroid on canvas ──
      Projected centroid : u=230.4 px  v=285.3 px
      Canvas centre      : u=255.0 px  v=360.0 px
      Offset from centre : Δu=-24.6 px  Δv=-74.7 px

  ── [STAGE 8e] Bounds Filter ──
    Total projected points : 7,643
    Inside canvas bounds   : 7,643  (100.0%)
    Duplicate pixel hits    : 0
  [INFO] Density non-zero pixels: 7,643
  [INFO] Density peak count     : 1
  [INFO] Raw mask white pixels before morphology: 7,643
  [INFO] White pixels after close: 8,460
  [INFO] Morphological open skipped for tip-loss debugging.
  [INFO] White pixels after open (skipped): 8,460

  ── [STAGE 8f] Final Mask Stats ──
    Bounding box : 103W x 215H px
    Mask centroid: (231.5, 256.5) px
    White pixels : 8,460
  masking.py run ended: 2026-06-13 19:54:13.040236
