
================================================================================
  masking.py run started: 2026-06-13 19:46:20.046689
================================================================================

━━━ [STAGE 1] Loading Point Cloud Array
  [INFO] Total raw points loaded: 366,570

━━━ [STAGE 2] Statistical Outlier Demolition
  [INFO] Points surviving outlier filter: 356,533

━━━ [STAGE 3] Live Plane Surface Isolation (RANSAC)
  [INFO] Original RANSAC: a=0.0154, b=-0.0374, c=0.9992, d=-0.4792
  [INFO] Normal vector pointing down. Flipping coefficients up toward lens.
  [INFO] Points isolated on belt plane: 334,271
  [INFO] Non-plane points going to workspace filter: 22,262

━━━ [STAGE 5] Direction-Enforced Spatial Pre-Filtering
  [INFO] Height gate window : 1.50mm to 500.00mm
  [INFO] Dist-from-plane mm : min=5.775 mean=28.013 median=25.838 max=52.261
  [INFO] Rejected by lower gate: 0 / 22,262
  [INFO] Rejected by upper gate: 0 / 22,262
  [DEBUG] Points passing directional spatial filters: 22,262

━━━ [STAGE 6] Spatial Structural Isolation Clustering (DBSCAN)
  [INFO] DBSCAN discovered 4 distinct point groups.

━━━ [STAGE 7] Multi-Gate Geometric Evaluation
  Cluster #00 -> Pts: 20    | Dims(mm): X=  4.2, Y=  1.7, Z=  1.0 | VolRatio: 0.240 | Gates: [G1-4=0 G5_Size=0 G6_3D=1] -> REJECTED
  Cluster #01 -> Pts: 22182 | Dims(mm): X=116.1, Y=211.8, Z= 38.0 | VolRatio: 0.179 | Gates: [G1-4=1 G5_Size=1 G6_3D=1] -> PASSED
  Cluster #02 -> Pts: 34    | Dims(mm): X=  2.7, Y=  4.5, Z=  1.0 | VolRatio: 0.222 | Gates: [G1-4=1 G5_Size=0 G6_3D=1] -> REJECTED
  Cluster #03 -> Pts: 26    | Dims(mm): X=  2.7, Y=  3.2, Z=  1.0 | VolRatio: 0.309 | Gates: [G1-4=0 G5_Size=0 G6_3D=1] -> REJECTED
  [INFO] Winning Cluster selected: ID #1 (Score=0.7538)
  [INFO] Winning cluster point count: 22,182

━━━ [STAGE 8] Projection — Sensor Space → Cropped Canvas

  ── [STAGE 8a] Coordinate System Parameters ──
    Intrinsics    : fx=750.148  fy=749.790  cx=386.179  cy=366.086
    Crop offsets  : left=0 px  top=0 px
    Depth sensor  : 510W x 720H px
    RGB canvas    : 510W x 720H px
    Scale factors : scale_x=1.000000  scale_y=1.000000

  ── [STAGE 8b] 3-D Cluster Bounding Box (world space) ──
    X range : -0.0442 m  →  0.0719 m  (span 116.1 mm)
    Y range : -0.1987 m  →  0.0131 m  (span 211.8 mm)
    Z range : 0.4270 m  →  0.4650 m  (span 38.0 mm)
    Z depth : mean=0.4479 m  std=0.0088 m  min=0.4270 m  max=0.4650 m

  ── [STAGE 8c] Projection Steps ──
    [Step 1] Full-sensor pixel coords (before crop subtraction):
      u_sensor  min=311.0  max=509.0  mean=399.1
      v_sensor  min=26.0  max=389.0  mean=209.6
    [OK] Sensor-space OOB: u=0.0%  v=0.0%
    [Step 2] After crop subtraction (crop_left=0, crop_top=0):
      u_cropped min=311.0  max=509.0  mean=399.1
      v_cropped min=26.0  max=389.0  mean=209.6
    [Step 2 Check] Cropped coords outside canvas: u<0=0.0%  u>W=0.0%  v<0=0.0%  v>H=0.0%
    [Step 3] After scale to canvas (scale_x=1.0000, scale_y=1.0000):
      u  min=311  max=509  mean=399.1
      v  min=26  max=389  mean=209.6
      Canvas target size : 510W x 720H px

  ── [STAGE 8d] Expected mask centroid on canvas ──
      Projected centroid : u=399.1 px  v=209.6 px
      Canvas centre      : u=255.0 px  v=360.0 px
      Offset from centre : Δu=144.1 px  Δv=-150.4 px

  ── [STAGE 8e] Bounds Filter ──
    Total projected points : 22,182
    Inside canvas bounds   : 22,182  (100.0%)
    Duplicate pixel hits    : 0
  [INFO] Density non-zero pixels: 22,182
  [INFO] Density peak count     : 1
  [INFO] Raw mask white pixels before morphology: 22,182
  [INFO] White pixels after close: 24,480
  [INFO] Morphological open skipped for tip-loss debugging.
  [INFO] White pixels after open (skipped): 24,480

  ── [STAGE 8f] Final Mask Stats ──
    Bounding box : 198W x 363H px
    Mask centroid: (410.0, 207.5) px
    White pixels : 24,480
  masking.py run ended: 2026-06-13 19:46:23.010332
