
================================================================================
  masking.py run started: 2026-06-13 19:49:57.375385
================================================================================

━━━ [STAGE 1] Loading Point Cloud Array
  [INFO] Total raw points loaded: 366,412

━━━ [STAGE 2] Statistical Outlier Demolition
  [INFO] Points surviving outlier filter: 355,012

━━━ [STAGE 3] Live Plane Surface Isolation (RANSAC)
  [INFO] Original RANSAC: a=0.0148, b=-0.0498, c=0.9986, d=-0.4785
  [INFO] Normal vector pointing down. Flipping coefficients up toward lens.
  [INFO] Points isolated on belt plane: 343,079
  [INFO] Non-plane points going to workspace filter: 11,933

━━━ [STAGE 5] Direction-Enforced Spatial Pre-Filtering
  [INFO] Height gate window : 1.50mm to 500.00mm
  [INFO] Dist-from-plane mm : min=-12.756 mean=21.884 median=21.392 max=36.743
  [INFO] Rejected by lower gate: 3 / 11,933
  [INFO] Rejected by upper gate: 0 / 11,933
  [DEBUG] Points passing directional spatial filters: 11,930

━━━ [STAGE 6] Spatial Structural Isolation Clustering (DBSCAN)
  [INFO] DBSCAN discovered 1 distinct point groups.

━━━ [STAGE 7] Multi-Gate Geometric Evaluation
  Cluster #00 -> Pts: 11930 | Dims(mm): X=132.0, Y=111.9, Z= 27.0 | VolRatio: 0.204 | Gates: [G1-4=1 G5_Size=1 G6_3D=1] -> PASSED
  [INFO] Winning Cluster selected: ID #0 (Score=0.7613)
  [INFO] Winning cluster point count: 11,930

━━━ [STAGE 8] Projection — Sensor Space → Cropped Canvas

  ── [STAGE 8a] Coordinate System Parameters ──
    Intrinsics    : fx=750.148  fy=749.790  cx=386.179  cy=366.086
    Crop offsets  : left=0 px  top=0 px
    Depth sensor  : 510W x 720H px
    RGB canvas    : 510W x 720H px
    Scale factors : scale_x=1.000000  scale_y=1.000000

  ── [STAGE 8b] 3-D Cluster Bounding Box (world space) ──
    X range : -0.1328 m  →  -0.0007 m  (span 132.0 mm)
    Y range : -0.0324 m  →  0.0796 m  (span 111.9 mm)
    Z range : 0.4430 m  →  0.4700 m  (span 27.0 mm)
    Z depth : mean=0.4597 m  std=0.0048 m  min=0.4430 m  max=0.4700 m

  ── [STAGE 8c] Projection Steps ──
    [Step 1] Full-sensor pixel coords (before crop subtraction):
      u_sensor  min=169.0  max=385.0  mean=238.0
      v_sensor  min=314.0  max=493.0  mean=402.4
    [OK] Sensor-space OOB: u=0.0%  v=0.0%
    [Step 2] After crop subtraction (crop_left=0, crop_top=0):
      u_cropped min=169.0  max=385.0  mean=238.0
      v_cropped min=314.0  max=493.0  mean=402.4
    [Step 2 Check] Cropped coords outside canvas: u<0=0.0%  u>W=0.0%  v<0=0.0%  v>H=0.0%
    [Step 3] After scale to canvas (scale_x=1.0000, scale_y=1.0000):
      u  min=169  max=385  mean=238.0
      v  min=314  max=493  mean=402.4
      Canvas target size : 510W x 720H px

  ── [STAGE 8d] Expected mask centroid on canvas ──
      Projected centroid : u=238.0 px  v=402.4 px
      Canvas centre      : u=255.0 px  v=360.0 px
      Offset from centre : Δu=-17.0 px  Δv=42.4 px

  ── [STAGE 8e] Bounds Filter ──
    Total projected points : 11,930
    Inside canvas bounds   : 11,930  (100.0%)
    Duplicate pixel hits    : 0
  [INFO] Density non-zero pixels: 11,930
  [INFO] Density peak count     : 1
  [INFO] Raw mask white pixels before morphology: 11,930
  [INFO] White pixels after close: 13,053
  [INFO] Morphological open skipped for tip-loss debugging.
  [INFO] White pixels after open (skipped): 13,053

  ── [STAGE 8f] Final Mask Stats ──
    Bounding box : 216W x 179H px
    Mask centroid: (277.0, 403.5) px
    White pixels : 13,053
  masking.py run ended: 2026-06-13 19:49:59.522338
