
================================================================================
  masking.py run started: 2026-06-13 19:55:51.840482
================================================================================

━━━ [STAGE 1] Loading Point Cloud Array
  [INFO] Total raw points loaded: 363,714

━━━ [STAGE 2] Statistical Outlier Demolition
  [INFO] Points surviving outlier filter: 352,604

━━━ [STAGE 3] Live Plane Surface Isolation (RANSAC)
  [INFO] Original RANSAC: a=0.0154, b=-0.1949, c=0.9807, d=-0.4634
  [INFO] Normal vector pointing down. Flipping coefficients up toward lens.
  [INFO] Points isolated on belt plane: 333,634
  [INFO] Non-plane points going to workspace filter: 18,970

━━━ [STAGE 5] Direction-Enforced Spatial Pre-Filtering
  [INFO] Height gate window : 1.50mm to 500.00mm
  [INFO] Dist-from-plane mm : min=-11.459 mean=45.687 median=49.596 max=60.896
  [INFO] Rejected by lower gate: 65 / 18,970
  [INFO] Rejected by upper gate: 0 / 18,970
  [DEBUG] Points passing directional spatial filters: 18,905

━━━ [STAGE 6] Spatial Structural Isolation Clustering (DBSCAN)
  [INFO] DBSCAN discovered 3 distinct point groups.

━━━ [STAGE 7] Multi-Gate Geometric Evaluation
  Cluster #00 -> Pts: 8     | Dims(mm): X=  3.2, Y=  3.8, Z=  5.0 | VolRatio: 0.639 | Gates: [G1-4=0 G5_Size=0 G6_3D=1] -> REJECTED
  Cluster #01 -> Pts: 18883 | Dims(mm): X= 88.0, Y=171.8, Z= 76.0 | VolRatio: 0.442 | Gates: [G1-4=1 G5_Size=1 G6_3D=1] -> PASSED
  Cluster #02 -> Pts: 14    | Dims(mm): X=  1.7, Y=  2.3, Z=  0.0 | VolRatio: 0.000 | Gates: [G1-4=0 G5_Size=0 G6_3D=0] -> REJECTED
  [INFO] Winning Cluster selected: ID #1 (Score=0.8327)
  [INFO] Winning cluster point count: 18,883

━━━ [STAGE 8] Projection — Sensor Space → Cropped Canvas

  ── [STAGE 8a] Coordinate System Parameters ──
    Intrinsics    : fx=750.148  fy=749.790  cx=386.179  cy=366.086
    Crop offsets  : left=0 px  top=0 px
    Depth sensor  : 510W x 720H px
    RGB canvas    : 510W x 720H px
    Scale factors : scale_x=1.000000  scale_y=1.000000

  ── [STAGE 8b] 3-D Cluster Bounding Box (world space) ──
    X range : -0.1186 m  →  -0.0306 m  (span 88.0 mm)
    Y range : -0.1651 m  →  0.0067 m  (span 171.8 mm)
    Z range : 0.3840 m  →  0.4600 m  (span 76.0 mm)
    Z depth : mean=0.4057 m  std=0.0188 m  min=0.3840 m  max=0.4600 m

  ── [STAGE 8c] Projection Steps ──
    [Step 1] Full-sensor pixel coords (before crop subtraction):
      u_sensor  min=192.0  max=332.0  mean=261.0
      v_sensor  min=55.0  max=377.0  mean=167.1
    [OK] Sensor-space OOB: u=0.0%  v=0.0%
    [Step 2] After crop subtraction (crop_left=0, crop_top=0):
      u_cropped min=192.0  max=332.0  mean=261.0
      v_cropped min=55.0  max=377.0  mean=167.1
    [Step 2 Check] Cropped coords outside canvas: u<0=0.0%  u>W=0.0%  v<0=0.0%  v>H=0.0%
    [Step 3] After scale to canvas (scale_x=1.0000, scale_y=1.0000):
      u  min=192  max=332  mean=261.0
      v  min=55  max=377  mean=167.1
      Canvas target size : 510W x 720H px

  ── [STAGE 8d] Expected mask centroid on canvas ──
      Projected centroid : u=261.0 px  v=167.1 px
      Canvas centre      : u=255.0 px  v=360.0 px
      Offset from centre : Δu=6.0 px  Δv=-192.9 px

  ── [STAGE 8e] Bounds Filter ──
    Total projected points : 18,883
    Inside canvas bounds   : 18,883  (100.0%)
    Duplicate pixel hits    : 0
  [INFO] Density non-zero pixels: 18,883
  [INFO] Density peak count     : 1
  [INFO] Raw mask white pixels before morphology: 18,883
  [INFO] White pixels after close: 20,071
  [INFO] Morphological open skipped for tip-loss debugging.
  [INFO] White pixels after open (skipped): 20,071

  ── [STAGE 8f] Final Mask Stats ──
    Bounding box : 140W x 322H px
    Mask centroid: (262.0, 216.0) px
    White pixels : 20,071
  masking.py run ended: 2026-06-13 19:55:55.430771
