
================================================================================
  masking.py run started: 2026-06-13 19:59:34.978729
================================================================================

━━━ [STAGE 1] Loading Point Cloud Array
  [INFO] Total raw points loaded: 366,464

━━━ [STAGE 2] Statistical Outlier Demolition
  [INFO] Points surviving outlier filter: 356,970

━━━ [STAGE 3] Live Plane Surface Isolation (RANSAC)
  [INFO] Original RANSAC: a=0.0133, b=-0.0497, c=0.9987, d=-0.4796
  [INFO] Normal vector pointing down. Flipping coefficients up toward lens.
  [INFO] Points isolated on belt plane: 341,804
  [INFO] Non-plane points going to workspace filter: 15,166

━━━ [STAGE 5] Direction-Enforced Spatial Pre-Filtering
  [INFO] Height gate window : 1.50mm to 500.00mm
  [INFO] Dist-from-plane mm : min=14.874 mean=45.425 median=47.307 max=56.423
  [INFO] Rejected by lower gate: 0 / 15,166
  [INFO] Rejected by upper gate: 0 / 15,166
  [DEBUG] Points passing directional spatial filters: 15,166

━━━ [STAGE 6] Spatial Structural Isolation Clustering (DBSCAN)
  [INFO] DBSCAN discovered 2 distinct point groups.

━━━ [STAGE 7] Multi-Gate Geometric Evaluation
  Cluster #00 -> Pts: 14898 | Dims(mm): X= 82.4, Y=110.8, Z= 40.0 | VolRatio: 0.361 | Gates: [G1-4=1 G5_Size=1 G6_3D=1] -> PASSED
  Cluster #01 -> Pts: 268   | Dims(mm): X= 16.2, Y=  9.9, Z= 10.0 | VolRatio: 0.613 | Gates: [G1-4=1 G5_Size=0 G6_3D=1] -> REJECTED
  [INFO] Winning Cluster selected: ID #0 (Score=0.8083)
  [INFO] Winning cluster point count: 14,898

━━━ [STAGE 8] Projection — Sensor Space → Cropped Canvas

  ── [STAGE 8a] Coordinate System Parameters ──
    Intrinsics    : fx=750.148  fy=749.790  cx=386.179  cy=366.086
    Crop offsets  : left=0 px  top=0 px
    Depth sensor  : 510W x 720H px
    RGB canvas    : 510W x 720H px
    Scale factors : scale_x=1.000000  scale_y=1.000000

  ── [STAGE 8b] 3-D Cluster Bounding Box (world space) ──
    X range : -0.0812 m  →  0.0011 m  (span 82.4 mm)
    Y range : -0.0971 m  →  0.0136 m  (span 110.8 mm)
    Z range : 0.4220 m  →  0.4620 m  (span 40.0 mm)
    Z depth : mean=0.4330 m  std=0.0066 m  min=0.4220 m  max=0.4620 m

  ── [STAGE 8c] Projection Steps ──
    [Step 1] Full-sensor pixel coords (before crop subtraction):
      u_sensor  min=248.0  max=388.0  mean=311.9
      v_sensor  min=206.0  max=389.0  mean=301.1
    [OK] Sensor-space OOB: u=0.0%  v=0.0%
    [Step 2] After crop subtraction (crop_left=0, crop_top=0):
      u_cropped min=248.0  max=388.0  mean=311.9
      v_cropped min=206.0  max=389.0  mean=301.1
    [Step 2 Check] Cropped coords outside canvas: u<0=0.0%  u>W=0.0%  v<0=0.0%  v>H=0.0%
    [Step 3] After scale to canvas (scale_x=1.0000, scale_y=1.0000):
      u  min=248  max=388  mean=311.9
      v  min=206  max=389  mean=301.1
      Canvas target size : 510W x 720H px

  ── [STAGE 8d] Expected mask centroid on canvas ──
      Projected centroid : u=311.9 px  v=301.1 px
      Canvas centre      : u=255.0 px  v=360.0 px
      Offset from centre : Δu=56.9 px  Δv=-58.9 px

  ── [STAGE 8e] Bounds Filter ──
    Total projected points : 14,898
    Inside canvas bounds   : 14,898  (100.0%)
    Duplicate pixel hits    : 0
  [INFO] Density non-zero pixels: 14,898
  [INFO] Density peak count     : 1
  [INFO] Raw mask white pixels before morphology: 14,898
  [INFO] White pixels after close: 15,768
  [INFO] Morphological open skipped for tip-loss debugging.
  [INFO] White pixels after open (skipped): 15,768

  ── [STAGE 8f] Final Mask Stats ──
    Bounding box : 140W x 183H px
    Mask centroid: (318.0, 297.5) px
    White pixels : 15,768
  masking.py run ended: 2026-06-13 19:59:37.656612
