
================================================================================
  masking.py run started: 2026-06-13 20:04:16.605453
================================================================================

━━━ [STAGE 1] Loading Point Cloud Array
  [INFO] Total raw points loaded: 365,938

━━━ [STAGE 2] Statistical Outlier Demolition
  [INFO] Points surviving outlier filter: 355,724

━━━ [STAGE 3] Live Plane Surface Isolation (RANSAC)
  [INFO] Original RANSAC: a=0.0145, b=-0.0887, c=0.9959, d=-0.4750
  [INFO] Normal vector pointing down. Flipping coefficients up toward lens.
  [INFO] Points isolated on belt plane: 333,112
  [INFO] Non-plane points going to workspace filter: 22,612

━━━ [STAGE 5] Direction-Enforced Spatial Pre-Filtering
  [INFO] Height gate window : 1.50mm to 500.00mm
  [INFO] Dist-from-plane mm : min=16.972 mean=46.680 median=50.112 max=62.171
  [INFO] Rejected by lower gate: 0 / 22,612
  [INFO] Rejected by upper gate: 0 / 22,612
  [DEBUG] Points passing directional spatial filters: 22,612

━━━ [STAGE 6] Spatial Structural Isolation Clustering (DBSCAN)
  [INFO] DBSCAN discovered 1 distinct point groups.

━━━ [STAGE 7] Multi-Gate Geometric Evaluation
  Cluster #00 -> Pts: 22612 | Dims(mm): X=110.3, Y=185.3, Z= 42.0 | VolRatio: 0.227 | Gates: [G1-4=1 G5_Size=1 G6_3D=1] -> PASSED
  [INFO] Winning Cluster selected: ID #0 (Score=0.7680)
  [INFO] Winning cluster point count: 22,612

━━━ [STAGE 8] Projection — Sensor Space → Cropped Canvas

  ── [STAGE 8a] Coordinate System Parameters ──
    Intrinsics    : fx=750.148  fy=749.790  cx=386.179  cy=366.086
    Crop offsets  : left=0 px  top=0 px
    Depth sensor  : 510W x 720H px
    RGB canvas    : 510W x 720H px
    Scale factors : scale_x=1.000000  scale_y=1.000000

  ── [STAGE 8b] 3-D Cluster Bounding Box (world space) ──
    X range : -0.0404 m  →  0.0699 m  (span 110.3 mm)
    Y range : -0.1495 m  →  0.0357 m  (span 185.3 mm)
    Z range : 0.4120 m  →  0.4540 m  (span 42.0 mm)
    Z depth : mean=0.4260 m  std=0.0097 m  min=0.4120 m  max=0.4540 m

  ── [STAGE 8c] Projection Steps ──
    [Step 1] Full-sensor pixel coords (before crop subtraction):
      u_sensor  min=318.0  max=504.0  mean=398.0
      v_sensor  min=113.0  max=427.0  mean=290.1
    [OK] Sensor-space OOB: u=0.0%  v=0.0%
    [Step 2] After crop subtraction (crop_left=0, crop_top=0):
      u_cropped min=318.0  max=504.0  mean=398.0
      v_cropped min=113.0  max=427.0  mean=290.1
    [Step 2 Check] Cropped coords outside canvas: u<0=0.0%  u>W=0.0%  v<0=0.0%  v>H=0.0%
    [Step 3] After scale to canvas (scale_x=1.0000, scale_y=1.0000):
      u  min=318  max=504  mean=398.0
      v  min=113  max=427  mean=290.1
      Canvas target size : 510W x 720H px

  ── [STAGE 8d] Expected mask centroid on canvas ──
      Projected centroid : u=398.0 px  v=290.1 px
      Canvas centre      : u=255.0 px  v=360.0 px
      Offset from centre : Δu=143.0 px  Δv=-69.9 px

  ── [STAGE 8e] Bounds Filter ──
    Total projected points : 22,612
    Inside canvas bounds   : 22,612  (100.0%)
    Duplicate pixel hits    : 0
  [INFO] Density non-zero pixels: 22,612
  [INFO] Density peak count     : 1
  [INFO] Raw mask white pixels before morphology: 22,612
  [INFO] White pixels after close: 24,168
  [INFO] Morphological open skipped for tip-loss debugging.
  [INFO] White pixels after open (skipped): 24,168

  ── [STAGE 8f] Final Mask Stats ──
    Bounding box : 190W x 314H px
    Mask centroid: (413.0, 270.0) px
    White pixels : 24,168
  masking.py run ended: 2026-06-13 20:04:19.622822
