
================================================================================
  masking.py run started: 2026-06-13 20:06:18.241843
================================================================================

━━━ [STAGE 1] Loading Point Cloud Array
  [INFO] Total raw points loaded: 365,762

━━━ [STAGE 2] Statistical Outlier Demolition
  [INFO] Points surviving outlier filter: 355,473

━━━ [STAGE 3] Live Plane Surface Isolation (RANSAC)
  [INFO] Original RANSAC: a=0.0140, b=-0.1006, c=0.9948, d=-0.4736
  [INFO] Normal vector pointing down. Flipping coefficients up toward lens.
  [INFO] Points isolated on belt plane: 339,516
  [INFO] Non-plane points going to workspace filter: 15,957

━━━ [STAGE 5] Direction-Enforced Spatial Pre-Filtering
  [INFO] Height gate window : 1.50mm to 500.00mm
  [INFO] Dist-from-plane mm : min=13.404 mean=34.127 median=33.154 max=58.394
  [INFO] Rejected by lower gate: 0 / 15,957
  [INFO] Rejected by upper gate: 0 / 15,957
  [DEBUG] Points passing directional spatial filters: 15,957

━━━ [STAGE 6] Spatial Structural Isolation Clustering (DBSCAN)
  [INFO] DBSCAN discovered 2 distinct point groups.

━━━ [STAGE 7] Multi-Gate Geometric Evaluation
  Cluster #00 -> Pts: 15930 | Dims(mm): X=152.9, Y= 82.4, Z= 52.0 | VolRatio: 0.340 | Gates: [G1-4=1 G5_Size=1 G6_3D=1] -> PASSED
  Cluster #01 -> Pts: 15    | Dims(mm): X=  1.2, Y=  3.1, Z=  1.0 | VolRatio: 0.323 | Gates: [G1-4=0 G5_Size=0 G6_3D=1] -> REJECTED
  [INFO] Winning Cluster selected: ID #0 (Score=0.8020)
  [INFO] Winning cluster point count: 15,930

━━━ [STAGE 8] Projection — Sensor Space → Cropped Canvas

  ── [STAGE 8a] Coordinate System Parameters ──
    Intrinsics    : fx=750.148  fy=749.790  cx=386.179  cy=366.086
    Crop offsets  : left=0 px  top=0 px
    Depth sensor  : 510W x 720H px
    RGB canvas    : 510W x 720H px
    Scale factors : scale_x=1.000000  scale_y=1.000000

  ── [STAGE 8b] 3-D Cluster Bounding Box (world space) ──
    X range : -0.1328 m  →  0.0201 m  (span 152.9 mm)
    Y range : 0.0144 m  →  0.0968 m  (span 82.4 mm)
    Z range : 0.4200 m  →  0.4720 m  (span 52.0 mm)
    Z depth : mean=0.4484 m  std=0.0111 m  min=0.4200 m  max=0.4720 m

  ── [STAGE 8c] Projection Steps ──
    [Step 1] Full-sensor pixel coords (before crop subtraction):
      u_sensor  min=172.0  max=419.0  mean=287.1
      v_sensor  min=391.0  max=527.0  mean=463.2
    [OK] Sensor-space OOB: u=0.0%  v=0.0%
    [Step 2] After crop subtraction (crop_left=0, crop_top=0):
      u_cropped min=172.0  max=419.0  mean=287.1
      v_cropped min=391.0  max=527.0  mean=463.2
    [Step 2 Check] Cropped coords outside canvas: u<0=0.0%  u>W=0.0%  v<0=0.0%  v>H=0.0%
    [Step 3] After scale to canvas (scale_x=1.0000, scale_y=1.0000):
      u  min=172  max=419  mean=287.1
      v  min=391  max=527  mean=463.2
      Canvas target size : 510W x 720H px

  ── [STAGE 8d] Expected mask centroid on canvas ──
      Projected centroid : u=287.1 px  v=463.2 px
      Canvas centre      : u=255.0 px  v=360.0 px
      Offset from centre : Δu=32.1 px  Δv=103.2 px

  ── [STAGE 8e] Bounds Filter ──
    Total projected points : 15,930
    Inside canvas bounds   : 15,930  (100.0%)
    Duplicate pixel hits    : 0
  [INFO] Density non-zero pixels: 15,930
  [INFO] Density peak count     : 1
  [INFO] Raw mask white pixels before morphology: 15,930
  [INFO] White pixels after close: 17,957
  [INFO] Morphological open skipped for tip-loss debugging.
  [INFO] White pixels after open (skipped): 17,957

  ── [STAGE 8f] Final Mask Stats ──
    Bounding box : 247W x 136H px
    Mask centroid: (295.5, 459.0) px
    White pixels : 17,957
  masking.py run ended: 2026-06-13 20:06:20.738022
