
================================================================================
  masking.py run started: 2026-06-13 19:57:23.265219
================================================================================

━━━ [STAGE 1] Loading Point Cloud Array
  [INFO] Total raw points loaded: 363,602

━━━ [STAGE 2] Statistical Outlier Demolition
  [INFO] Points surviving outlier filter: 352,509

━━━ [STAGE 3] Live Plane Surface Isolation (RANSAC)
  [INFO] Original RANSAC: a=0.0136, b=-0.1957, c=0.9806, d=-0.4634
  [INFO] Normal vector pointing down. Flipping coefficients up toward lens.
  [INFO] Points isolated on belt plane: 330,649
  [INFO] Non-plane points going to workspace filter: 21,860

━━━ [STAGE 5] Direction-Enforced Spatial Pre-Filtering
  [INFO] Height gate window : 1.50mm to 500.00mm
  [INFO] Dist-from-plane mm : min=12.175 mean=37.936 median=40.079 max=56.547
  [INFO] Rejected by lower gate: 0 / 21,860
  [INFO] Rejected by upper gate: 0 / 21,860
  [DEBUG] Points passing directional spatial filters: 21,860

━━━ [STAGE 6] Spatial Structural Isolation Clustering (DBSCAN)
  [INFO] DBSCAN discovered 1 distinct point groups.

━━━ [STAGE 7] Multi-Gate Geometric Evaluation
  Cluster #00 -> Pts: 21860 | Dims(mm): X= 60.9, Y=172.7, Z= 58.0 | VolRatio: 0.336 | Gates: [G1-4=1 G5_Size=1 G6_3D=1] -> PASSED
  [INFO] Winning Cluster selected: ID #0 (Score=0.8008)
  [INFO] Winning cluster point count: 21,860

━━━ [STAGE 8] Projection — Sensor Space → Cropped Canvas

  ── [STAGE 8a] Coordinate System Parameters ──
    Intrinsics    : fx=750.148  fy=749.790  cx=386.179  cy=366.086
    Crop offsets  : left=0 px  top=0 px
    Depth sensor  : 510W x 720H px
    RGB canvas    : 510W x 720H px
    Scale factors : scale_x=1.000000  scale_y=1.000000

  ── [STAGE 8b] 3-D Cluster Bounding Box (world space) ──
    X range : -0.1392 m  →  -0.0783 m  (span 60.9 mm)
    Y range : -0.2036 m  →  -0.0309 m  (span 172.7 mm)
    Z range : 0.3960 m  →  0.4540 m  (span 58.0 mm)
    Z depth : mean=0.4128 m  std=0.0099 m  min=0.3960 m  max=0.4540 m

  ── [STAGE 8c] Projection Steps ──
    [Step 1] Full-sensor pixel coords (before crop subtraction):
      u_sensor  min=137.0  max=256.0  mean=189.3
      v_sensor  min=-0.0  max=315.0  mean=160.2
    [OK] Sensor-space OOB: u=0.0%  v=0.0%
    [Step 2] After crop subtraction (crop_left=0, crop_top=0):
      u_cropped min=137.0  max=256.0  mean=189.3
      v_cropped min=-0.0  max=315.0  mean=160.2
    [Step 2 Check] Cropped coords outside canvas: u<0=0.0%  u>W=0.0%  v<0=0.0%  v>H=0.0%
    [Step 3] After scale to canvas (scale_x=1.0000, scale_y=1.0000):
      u  min=137  max=256  mean=189.3
      v  min=0  max=315  mean=160.2
      Canvas target size : 510W x 720H px

  ── [STAGE 8d] Expected mask centroid on canvas ──
      Projected centroid : u=189.3 px  v=160.2 px
      Canvas centre      : u=255.0 px  v=360.0 px
      Offset from centre : Δu=-65.7 px  Δv=-199.8 px

  ── [STAGE 8e] Bounds Filter ──
    Total projected points : 21,860
    Inside canvas bounds   : 21,860  (100.0%)
    Duplicate pixel hits    : 0
  [INFO] Density non-zero pixels: 21,860
  [INFO] Density peak count     : 1
  [INFO] Raw mask white pixels before morphology: 21,860
  [INFO] White pixels after close: 23,883
  [INFO] Morphological open skipped for tip-loss debugging.
  [INFO] White pixels after open (skipped): 23,883

  ── [STAGE 8f] Final Mask Stats ──
    Bounding box : 119W x 315H px
    Mask centroid: (196.5, 157.5) px
    White pixels : 23,883
  masking.py run ended: 2026-06-13 19:57:27.272218
