
================================================================================
  masking.py run started: 2026-06-13 19:52:09.712732
================================================================================

━━━ [STAGE 1] Loading Point Cloud Array
  [INFO] Total raw points loaded: 365,929

━━━ [STAGE 2] Statistical Outlier Demolition
  [INFO] Points surviving outlier filter: 356,386

━━━ [STAGE 3] Live Plane Surface Isolation (RANSAC)
  [INFO] Original RANSAC: a=0.0175, b=-0.0852, c=0.9962, d=-0.4741
  [INFO] Normal vector pointing down. Flipping coefficients up toward lens.
  [INFO] Points isolated on belt plane: 348,404
  [INFO] Non-plane points going to workspace filter: 7,982

━━━ [STAGE 5] Direction-Enforced Spatial Pre-Filtering
  [INFO] Height gate window : 1.50mm to 500.00mm
  [INFO] Dist-from-plane mm : min=-5.818 mean=33.925 median=31.620 max=73.035
  [INFO] Rejected by lower gate: 113 / 7,982
  [INFO] Rejected by upper gate: 0 / 7,982
  [DEBUG] Points passing directional spatial filters: 7,869

━━━ [STAGE 6] Spatial Structural Isolation Clustering (DBSCAN)
  [INFO] DBSCAN discovered 3 distinct point groups.

━━━ [STAGE 7] Multi-Gate Geometric Evaluation
  Cluster #00 -> Pts: 7529  | Dims(mm): X=109.4, Y=123.7, Z= 59.0 | VolRatio: 0.477 | Gates: [G1-4=1 G5_Size=1 G6_3D=1] -> PASSED
  Cluster #01 -> Pts: 270   | Dims(mm): X= 27.5, Y= 22.5, Z=  3.0 | VolRatio: 0.109 | Gates: [G1-4=1 G5_Size=1 G6_3D=0] -> REJECTED
  Cluster #02 -> Pts: 70    | Dims(mm): X=  5.0, Y= 12.9, Z=  4.0 | VolRatio: 0.309 | Gates: [G1-4=1 G5_Size=0 G6_3D=1] -> REJECTED
  [INFO] Winning Cluster selected: ID #0 (Score=0.7196)
  [INFO] Winning cluster point count: 7,529

━━━ [STAGE 8] Projection — Sensor Space → Cropped Canvas

  ── [STAGE 8a] Coordinate System Parameters ──
    Intrinsics    : fx=750.148  fy=749.790  cx=386.179  cy=366.086
    Crop offsets  : left=0 px  top=0 px
    Depth sensor  : 510W x 720H px
    RGB canvas    : 510W x 720H px
    Scale factors : scale_x=1.000000  scale_y=1.000000

  ── [STAGE 8b] 3-D Cluster Bounding Box (world space) ──
    X range : -0.0580 m  →  0.0513 m  (span 109.4 mm)
    Y range : -0.0892 m  →  0.0344 m  (span 123.7 mm)
    Z range : 0.4040 m  →  0.4630 m  (span 59.0 mm)
    Z depth : mean=0.4368 m  std=0.0149 m  min=0.4040 m  max=0.4630 m

  ── [STAGE 8c] Projection Steps ──
    [Step 1] Full-sensor pixel coords (before crop subtraction):
      u_sensor  min=280.0  max=471.0  mean=344.5
      v_sensor  min=209.0  max=426.0  mean=283.1
    [OK] Sensor-space OOB: u=0.0%  v=0.0%
    [Step 2] After crop subtraction (crop_left=0, crop_top=0):
      u_cropped min=280.0  max=471.0  mean=344.5
      v_cropped min=209.0  max=426.0  mean=283.1
    [Step 2 Check] Cropped coords outside canvas: u<0=0.0%  u>W=0.0%  v<0=0.0%  v>H=0.0%
    [Step 3] After scale to canvas (scale_x=1.0000, scale_y=1.0000):
      u  min=280  max=471  mean=344.5
      v  min=209  max=426  mean=283.1
      Canvas target size : 510W x 720H px

  ── [STAGE 8d] Expected mask centroid on canvas ──
      Projected centroid : u=344.5 px  v=283.1 px
      Canvas centre      : u=255.0 px  v=360.0 px
      Offset from centre : Δu=89.5 px  Δv=-76.9 px

  ── [STAGE 8e] Bounds Filter ──
    Total projected points : 7,529
    Inside canvas bounds   : 7,529  (100.0%)
    Duplicate pixel hits    : 0
  [INFO] Density non-zero pixels: 7,529
  [INFO] Density peak count     : 1
  [INFO] Raw mask white pixels before morphology: 7,529
  [INFO] White pixels after close: 9,759
  [INFO] Morphological open skipped for tip-loss debugging.
  [INFO] White pixels after open (skipped): 9,759

  ── [STAGE 8f] Final Mask Stats ──
    Bounding box : 191W x 217H px
    Mask centroid: (375.5, 317.5) px
    White pixels : 9,759
  masking.py run ended: 2026-06-13 19:52:10.956247
