
================================================================================
  masking.py run started: 2026-06-13 20:06:40.892535
================================================================================

━━━ [STAGE 1] Loading Point Cloud Array
  [INFO] Total raw points loaded: 365,751

━━━ [STAGE 2] Statistical Outlier Demolition
  [INFO] Points surviving outlier filter: 354,178

━━━ [STAGE 3] Live Plane Surface Isolation (RANSAC)
  [INFO] Original RANSAC: a=0.0142, b=-0.1023, c=0.9947, d=-0.4736
  [INFO] Normal vector pointing down. Flipping coefficients up toward lens.
  [INFO] Points isolated on belt plane: 345,341
  [INFO] Non-plane points going to workspace filter: 8,837

━━━ [STAGE 5] Direction-Enforced Spatial Pre-Filtering
  [INFO] Height gate window : 1.50mm to 500.00mm
  [INFO] Dist-from-plane mm : min=7.082 mean=30.342 median=30.153 max=57.241
  [INFO] Rejected by lower gate: 0 / 8,837
  [INFO] Rejected by upper gate: 0 / 8,837
  [DEBUG] Points passing directional spatial filters: 8,837

━━━ [STAGE 6] Spatial Structural Isolation Clustering (DBSCAN)
  [INFO] DBSCAN discovered 1 distinct point groups.

━━━ [STAGE 7] Multi-Gate Geometric Evaluation
  Cluster #00 -> Pts: 8835  | Dims(mm): X= 59.0, Y= 92.5, Z= 41.0 | VolRatio: 0.443 | Gates: [G1-4=1 G5_Size=1 G6_3D=1] -> PASSED
  [INFO] Winning Cluster selected: ID #0 (Score=0.7747)
  [INFO] Winning cluster point count: 8,835

━━━ [STAGE 8] Projection — Sensor Space → Cropped Canvas

  ── [STAGE 8a] Coordinate System Parameters ──
    Intrinsics    : fx=750.148  fy=749.790  cx=386.179  cy=366.086
    Crop offsets  : left=0 px  top=0 px
    Depth sensor  : 510W x 720H px
    RGB canvas    : 510W x 720H px
    Scale factors : scale_x=1.000000  scale_y=1.000000

  ── [STAGE 8b] 3-D Cluster Bounding Box (world space) ──
    X range : 0.0121 m  →  0.0711 m  (span 59.0 mm)
    Y range : -0.1553 m  →  -0.0628 m  (span 92.5 mm)
    Z range : 0.4100 m  →  0.4510 m  (span 41.0 mm)
    Z depth : mean=0.4340 m  std=0.0083 m  min=0.4100 m  max=0.4510 m

  ── [STAGE 8c] Projection Steps ──
    [Step 1] Full-sensor pixel coords (before crop subtraction):
      u_sensor  min=407.0  max=506.0  mean=451.7
      v_sensor  min=102.0  max=260.0  mean=178.6
    [OK] Sensor-space OOB: u=0.0%  v=0.0%
    [Step 2] After crop subtraction (crop_left=0, crop_top=0):
      u_cropped min=407.0  max=506.0  mean=451.7
      v_cropped min=102.0  max=260.0  mean=178.6
    [Step 2 Check] Cropped coords outside canvas: u<0=0.0%  u>W=0.0%  v<0=0.0%  v>H=0.0%
    [Step 3] After scale to canvas (scale_x=1.0000, scale_y=1.0000):
      u  min=407  max=506  mean=451.7
      v  min=102  max=260  mean=178.6
      Canvas target size : 510W x 720H px

  ── [STAGE 8d] Expected mask centroid on canvas ──
      Projected centroid : u=451.7 px  v=178.6 px
      Canvas centre      : u=255.0 px  v=360.0 px
      Offset from centre : Δu=196.7 px  Δv=-181.4 px

  ── [STAGE 8e] Bounds Filter ──
    Total projected points : 8,835
    Inside canvas bounds   : 8,835  (100.0%)
    Duplicate pixel hits    : 0
  [INFO] Density non-zero pixels: 8,835
  [INFO] Density peak count     : 1
  [INFO] Raw mask white pixels before morphology: 8,835
  [INFO] White pixels after close: 10,256
  [INFO] Morphological open skipped for tip-loss debugging.
  [INFO] White pixels after open (skipped): 10,256

  ── [STAGE 8f] Final Mask Stats ──
    Bounding box : 102W x 158H px
    Mask centroid: (458.0, 181.0) px
    White pixels : 10,256
  masking.py run ended: 2026-06-13 20:06:43.104121
