
================================================================================
  masking.py run started: 2026-06-13 20:02:10.269447
================================================================================

━━━ [STAGE 1] Loading Point Cloud Array
  [INFO] Total raw points loaded: 366,155

━━━ [STAGE 2] Statistical Outlier Demolition
  [INFO] Points surviving outlier filter: 354,805

━━━ [STAGE 3] Live Plane Surface Isolation (RANSAC)
  [INFO] Original RANSAC: a=0.0126, b=-0.0746, c=0.9971, d=-0.4767
  [INFO] Normal vector pointing down. Flipping coefficients up toward lens.
  [INFO] Points isolated on belt plane: 346,723
  [INFO] Non-plane points going to workspace filter: 8,082

━━━ [STAGE 5] Direction-Enforced Spatial Pre-Filtering
  [INFO] Height gate window : 1.50mm to 500.00mm
  [INFO] Dist-from-plane mm : min=13.721 mean=31.558 median=26.922 max=58.721
  [INFO] Rejected by lower gate: 0 / 8,082
  [INFO] Rejected by upper gate: 0 / 8,082
  [DEBUG] Points passing directional spatial filters: 8,082

━━━ [STAGE 6] Spatial Structural Isolation Clustering (DBSCAN)
  [INFO] DBSCAN discovered 1 distinct point groups.

━━━ [STAGE 7] Multi-Gate Geometric Evaluation
  Cluster #00 -> Pts: 8082  | Dims(mm): X= 85.3, Y= 92.3, Z= 46.0 | VolRatio: 0.498 | Gates: [G1-4=1 G5_Size=1 G6_3D=1] -> PASSED
  [INFO] Winning Cluster selected: ID #0 (Score=0.7536)
  [INFO] Winning cluster point count: 8,082

━━━ [STAGE 8] Projection — Sensor Space → Cropped Canvas

  ── [STAGE 8a] Coordinate System Parameters ──
    Intrinsics    : fx=750.148  fy=749.790  cx=386.179  cy=366.086
    Crop offsets  : left=0 px  top=0 px
    Depth sensor  : 510W x 720H px
    RGB canvas    : 510W x 720H px
    Scale factors : scale_x=1.000000  scale_y=1.000000

  ── [STAGE 8b] 3-D Cluster Bounding Box (world space) ──
    X range : -0.1470 m  →  -0.0617 m  (span 85.3 mm)
    Y range : -0.0525 m  →  0.0398 m  (span 92.3 mm)
    Z range : 0.4210 m  →  0.4670 m  (span 46.0 mm)
    Z depth : mean=0.4474 m  std=0.0116 m  min=0.4210 m  max=0.4670 m

  ── [STAGE 8c] Projection Steps ──
    [Step 1] Full-sensor pixel coords (before crop subtraction):
      u_sensor  min=146.0  max=286.0  mean=235.4
      v_sensor  min=280.0  max=430.0  mean=361.4
    [OK] Sensor-space OOB: u=0.0%  v=0.0%
    [Step 2] After crop subtraction (crop_left=0, crop_top=0):
      u_cropped min=146.0  max=286.0  mean=235.4
      v_cropped min=280.0  max=430.0  mean=361.4
    [Step 2 Check] Cropped coords outside canvas: u<0=0.0%  u>W=0.0%  v<0=0.0%  v>H=0.0%
    [Step 3] After scale to canvas (scale_x=1.0000, scale_y=1.0000):
      u  min=146  max=286  mean=235.4
      v  min=280  max=430  mean=361.4
      Canvas target size : 510W x 720H px

  ── [STAGE 8d] Expected mask centroid on canvas ──
      Projected centroid : u=235.4 px  v=361.4 px
      Canvas centre      : u=255.0 px  v=360.0 px
      Offset from centre : Δu=-19.6 px  Δv=1.4 px

  ── [STAGE 8e] Bounds Filter ──
    Total projected points : 8,082
    Inside canvas bounds   : 8,082  (100.0%)
    Duplicate pixel hits    : 0
  [INFO] Density non-zero pixels: 8,082
  [INFO] Density peak count     : 1
  [INFO] Raw mask white pixels before morphology: 8,082
  [INFO] White pixels after close: 9,785
  [INFO] Morphological open skipped for tip-loss debugging.
  [INFO] White pixels after open (skipped): 9,785

  ── [STAGE 8f] Final Mask Stats ──
    Bounding box : 140W x 150H px
    Mask centroid: (216.0, 355.0) px
    White pixels : 9,785
  masking.py run ended: 2026-06-13 20:02:11.923903
