
================================================================================
  masking.py run started: 2026-06-13 19:54:13.521956
================================================================================

━━━ [STAGE 1] Loading Point Cloud Array
  [INFO] Total raw points loaded: 359,094

━━━ [STAGE 2] Statistical Outlier Demolition
  [INFO] Points surviving outlier filter: 352,264

━━━ [STAGE 3] Live Plane Surface Isolation (RANSAC)
  [INFO] Original RANSAC: a=0.0150, b=-0.1682, c=0.9856, d=-0.4659
  [INFO] Normal vector pointing down. Flipping coefficients up toward lens.
  [INFO] Points isolated on belt plane: 343,983
  [INFO] Non-plane points going to workspace filter: 8,281

━━━ [STAGE 5] Direction-Enforced Spatial Pre-Filtering
  [INFO] Height gate window : 1.50mm to 500.00mm
  [INFO] Dist-from-plane mm : min=14.998 mean=74.692 median=42.820 max=168.592
  [INFO] Rejected by lower gate: 0 / 8,281
  [INFO] Rejected by upper gate: 0 / 8,281
  [DEBUG] Points passing directional spatial filters: 8,281

━━━ [STAGE 6] Spatial Structural Isolation Clustering (DBSCAN)
  [INFO] DBSCAN discovered 5 distinct point groups.

━━━ [STAGE 7] Multi-Gate Geometric Evaluation
  Cluster #00 -> Pts: 2449  | Dims(mm): X= 23.0, Y= 24.5, Z= 31.0 | VolRatio: 0.741 | Gates: [G1-4=0 G5_Size=1 G6_3D=1] -> REJECTED
  Cluster #01 -> Pts: 48    | Dims(mm): X= 23.0, Y=  3.6, Z= 15.0 | VolRatio: 0.154 | Gates: [G1-4=1 G5_Size=0 G6_3D=1] -> REJECTED
  Cluster #02 -> Pts: 1354  | Dims(mm): X= 18.7, Y= 31.6, Z= 28.0 | VolRatio: 0.591 | Gates: [G1-4=0 G5_Size=1 G6_3D=1] -> REJECTED
  Cluster #03 -> Pts: 4406  | Dims(mm): X= 51.9, Y= 78.0, Z= 52.0 | VolRatio: 0.665 | Gates: [G1-4=1 G5_Size=1 G6_3D=1] -> PASSED
  Cluster #04 -> Pts: 24    | Dims(mm): X=  3.7, Y= 13.2, Z=  5.0 | VolRatio: 0.282 | Gates: [G1-4=1 G5_Size=0 G6_3D=1] -> REJECTED
  [INFO] Winning Cluster selected: ID #3 (Score=0.6197)
  [INFO] Winning cluster point count: 4,406

━━━ [STAGE 8] Projection — Sensor Space → Cropped Canvas

  ── [STAGE 8a] Coordinate System Parameters ──
    Intrinsics    : fx=750.148  fy=749.790  cx=386.179  cy=366.086
    Crop offsets  : left=0 px  top=0 px
    Depth sensor  : 510W x 720H px
    RGB canvas    : 510W x 720H px
    Scale factors : scale_x=1.000000  scale_y=1.000000

  ── [STAGE 8b] 3-D Cluster Bounding Box (world space) ──
    X range : -0.0662 m  →  -0.0144 m  (span 51.9 mm)
    Y range : 0.1002 m  →  0.1783 m  (span 78.0 mm)
    Z range : 0.4360 m  →  0.4880 m  (span 52.0 mm)
    Z depth : mean=0.4672 m  std=0.0108 m  min=0.4360 m  max=0.4880 m

  ── [STAGE 8c] Projection Steps ──
    [Step 1] Full-sensor pixel coords (before crop subtraction):
      u_sensor  min=282.0  max=364.0  mean=325.2
      v_sensor  min=526.0  max=640.0  mean=584.4
    [OK] Sensor-space OOB: u=0.0%  v=0.0%
    [Step 2] After crop subtraction (crop_left=0, crop_top=0):
      u_cropped min=282.0  max=364.0  mean=325.2
      v_cropped min=526.0  max=640.0  mean=584.4
    [Step 2 Check] Cropped coords outside canvas: u<0=0.0%  u>W=0.0%  v<0=0.0%  v>H=0.0%
    [Step 3] After scale to canvas (scale_x=1.0000, scale_y=1.0000):
      u  min=282  max=364  mean=325.2
      v  min=526  max=640  mean=584.4
      Canvas target size : 510W x 720H px

  ── [STAGE 8d] Expected mask centroid on canvas ──
      Projected centroid : u=325.2 px  v=584.4 px
      Canvas centre      : u=255.0 px  v=360.0 px
      Offset from centre : Δu=70.2 px  Δv=224.4 px

  ── [STAGE 8e] Bounds Filter ──
    Total projected points : 4,406
    Inside canvas bounds   : 4,406  (100.0%)
    Duplicate pixel hits    : 0
  [INFO] Density non-zero pixels: 4,406
  [INFO] Density peak count     : 1
  [INFO] Raw mask white pixels before morphology: 4,406
  [INFO] White pixels after close: 4,945
  [INFO] Morphological open skipped for tip-loss debugging.
  [INFO] White pixels after open (skipped): 4,945

  ── [STAGE 8f] Final Mask Stats ──
    Bounding box : 82W x 114H px
    Mask centroid: (323.0, 583.0) px
    White pixels : 4,945
  masking.py run ended: 2026-06-13 19:54:14.998942
