
================================================================================
  masking.py run started: 2026-06-13 19:51:50.560973
================================================================================

━━━ [STAGE 1] Loading Point Cloud Array
  [INFO] Total raw points loaded: 366,013

━━━ [STAGE 2] Statistical Outlier Demolition
  [INFO] Points surviving outlier filter: 354,487

━━━ [STAGE 3] Live Plane Surface Isolation (RANSAC)
  [INFO] Original RANSAC: a=0.0160, b=-0.0831, c=0.9964, d=-0.4750
  [INFO] Normal vector pointing down. Flipping coefficients up toward lens.
  [INFO] Points isolated on belt plane: 338,973
  [INFO] Non-plane points going to workspace filter: 15,514

━━━ [STAGE 5] Direction-Enforced Spatial Pre-Filtering
  [INFO] Height gate window : 1.50mm to 500.00mm
  [INFO] Dist-from-plane mm : min=8.104 mean=27.978 median=28.266 max=51.296
  [INFO] Rejected by lower gate: 0 / 15,514
  [INFO] Rejected by upper gate: 0 / 15,514
  [DEBUG] Points passing directional spatial filters: 15,514

━━━ [STAGE 6] Spatial Structural Isolation Clustering (DBSCAN)
  [INFO] DBSCAN discovered 2 distinct point groups.

━━━ [STAGE 7] Multi-Gate Geometric Evaluation
  Cluster #00 -> Pts: 15492 | Dims(mm): X=157.6, Y=107.3, Z= 37.0 | VolRatio: 0.235 | Gates: [G1-4=1 G5_Size=1 G6_3D=1] -> PASSED
  Cluster #01 -> Pts: 22    | Dims(mm): X=  3.3, Y=  3.3, Z=  0.0 | VolRatio: 0.000 | Gates: [G1-4=0 G5_Size=0 G6_3D=0] -> REJECTED
  [INFO] Winning Cluster selected: ID #0 (Score=0.7704)
  [INFO] Winning cluster point count: 15,492

━━━ [STAGE 8] Projection — Sensor Space → Cropped Canvas

  ── [STAGE 8a] Coordinate System Parameters ──
    Intrinsics    : fx=750.148  fy=749.790  cx=386.179  cy=366.086
    Crop offsets  : left=0 px  top=0 px
    Depth sensor  : 510W x 720H px
    RGB canvas    : 510W x 720H px
    Scale factors : scale_x=1.000000  scale_y=1.000000

  ── [STAGE 8b] 3-D Cluster Bounding Box (world space) ──
    X range : -0.1033 m  →  0.0544 m  (span 157.6 mm)
    Y range : -0.2139 m  →  -0.1065 m  (span 107.3 mm)
    Z range : 0.4130 m  →  0.4500 m  (span 37.0 mm)
    Z depth : mean=0.4337 m  std=0.0058 m  min=0.4130 m  max=0.4500 m

  ── [STAGE 8c] Projection Steps ──
    [Step 1] Full-sensor pixel coords (before crop subtraction):
      u_sensor  min=206.0  max=477.0  mean=384.2
      v_sensor  min=-0.0  max=185.0  mean=56.0
    [OK] Sensor-space OOB: u=0.0%  v=0.0%
    [Step 2] After crop subtraction (crop_left=0, crop_top=0):
      u_cropped min=206.0  max=477.0  mean=384.2
      v_cropped min=-0.0  max=185.0  mean=56.0
    [Step 2 Check] Cropped coords outside canvas: u<0=0.0%  u>W=0.0%  v<0=0.0%  v>H=0.0%
    [Step 3] After scale to canvas (scale_x=1.0000, scale_y=1.0000):
      u  min=206  max=477  mean=384.2
      v  min=0  max=185  mean=56.0
      Canvas target size : 510W x 720H px

  ── [STAGE 8d] Expected mask centroid on canvas ──
      Projected centroid : u=384.2 px  v=56.0 px
      Canvas centre      : u=255.0 px  v=360.0 px
      Offset from centre : Δu=129.2 px  Δv=-304.0 px

  ── [STAGE 8e] Bounds Filter ──
    Total projected points : 15,492
    Inside canvas bounds   : 15,492  (100.0%)
    Duplicate pixel hits    : 0
  [INFO] Density non-zero pixels: 15,492
  [INFO] Density peak count     : 1
  [INFO] Raw mask white pixels before morphology: 15,492
  [INFO] White pixels after close: 17,003
  [INFO] Morphological open skipped for tip-loss debugging.
  [INFO] White pixels after open (skipped): 17,003

  ── [STAGE 8f] Final Mask Stats ──
    Bounding box : 271W x 185H px
    Mask centroid: (341.5, 92.5) px
    White pixels : 17,003
  masking.py run ended: 2026-06-13 19:51:52.874619
