
================================================================================
  masking.py run started: 2026-06-13 19:47:32.079498
================================================================================

━━━ [STAGE 1] Loading Point Cloud Array
  [INFO] Total raw points loaded: 366,411

━━━ [STAGE 2] Statistical Outlier Demolition
  [INFO] Points surviving outlier filter: 356,677

━━━ [STAGE 3] Live Plane Surface Isolation (RANSAC)
  [INFO] Original RANSAC: a=0.0165, b=-0.0523, c=0.9985, d=-0.4776
  [INFO] Normal vector pointing down. Flipping coefficients up toward lens.
  [INFO] Points isolated on belt plane: 304,551
  [INFO] Non-plane points going to workspace filter: 52,126

━━━ [STAGE 5] Direction-Enforced Spatial Pre-Filtering
  [INFO] Height gate window : 1.50mm to 500.00mm
  [INFO] Dist-from-plane mm : min=4.262 mean=30.726 median=26.971 max=63.561
  [INFO] Rejected by lower gate: 0 / 52,126
  [INFO] Rejected by upper gate: 0 / 52,126
  [DEBUG] Points passing directional spatial filters: 52,126

━━━ [STAGE 6] Spatial Structural Isolation Clustering (DBSCAN)
  [INFO] DBSCAN discovered 6 distinct point groups.

━━━ [STAGE 7] Multi-Gate Geometric Evaluation
  Cluster #00 -> Pts: 51451 | Dims(mm): X=178.4, Y=181.8, Z= 51.0 | VolRatio: 0.281 | Gates: [G1-4=1 G5_Size=1 G6_3D=1] -> PASSED
  Cluster #01 -> Pts: 16    | Dims(mm): X=  1.9, Y=  3.2, Z=  2.0 | VolRatio: 0.598 | Gates: [G1-4=0 G5_Size=0 G6_3D=1] -> REJECTED
  Cluster #02 -> Pts: 584   | Dims(mm): X= 29.2, Y= 49.8, Z=  4.0 | VolRatio: 0.080 | Gates: [G1-4=1 G5_Size=1 G6_3D=0] -> REJECTED
  Cluster #03 -> Pts: 54    | Dims(mm): X= 15.6, Y= 14.1, Z=  1.0 | VolRatio: 0.064 | Gates: [G1-4=0 G5_Size=0 G6_3D=0] -> REJECTED
  Cluster #04 -> Pts: 9     | Dims(mm): X=  1.3, Y=  1.3, Z=  0.0 | VolRatio: 0.000 | Gates: [G1-4=0 G5_Size=0 G6_3D=0] -> REJECTED
  Cluster #05 -> Pts: 12    | Dims(mm): X=  1.9, Y=  1.3, Z=  0.0 | VolRatio: 0.000 | Gates: [G1-4=0 G5_Size=0 G6_3D=0] -> REJECTED
  [INFO] Winning Cluster selected: ID #0 (Score=0.7842)
  [INFO] Winning cluster point count: 51,451

━━━ [STAGE 8] Projection — Sensor Space → Cropped Canvas

  ── [STAGE 8a] Coordinate System Parameters ──
    Intrinsics    : fx=750.148  fy=749.790  cx=386.179  cy=366.086
    Crop offsets  : left=0 px  top=0 px
    Depth sensor  : 510W x 720H px
    RGB canvas    : 510W x 720H px
    Scale factors : scale_x=1.000000  scale_y=1.000000

  ── [STAGE 8b] 3-D Cluster Bounding Box (world space) ──
    X range : -0.1129 m  →  0.0654 m  (span 178.4 mm)
    Y range : -0.2156 m  →  -0.0338 m  (span 181.8 mm)
    Z range : 0.4140 m  →  0.4650 m  (span 51.0 mm)
    Z depth : mean=0.4411 m  std=0.0100 m  min=0.4140 m  max=0.4650 m

  ── [STAGE 8c] Projection Steps ──
    [Step 1] Full-sensor pixel coords (before crop subtraction):
      u_sensor  min=204.0  max=495.0  mean=344.7
      v_sensor  min=6.0  max=306.0  mean=155.2
    [OK] Sensor-space OOB: u=0.0%  v=0.0%
    [Step 2] After crop subtraction (crop_left=0, crop_top=0):
      u_cropped min=204.0  max=495.0  mean=344.7
      v_cropped min=6.0  max=306.0  mean=155.2
    [Step 2 Check] Cropped coords outside canvas: u<0=0.0%  u>W=0.0%  v<0=0.0%  v>H=0.0%
    [Step 3] After scale to canvas (scale_x=1.0000, scale_y=1.0000):
      u  min=204  max=495  mean=344.7
      v  min=6  max=306  mean=155.2
      Canvas target size : 510W x 720H px

  ── [STAGE 8d] Expected mask centroid on canvas ──
      Projected centroid : u=344.7 px  v=155.2 px
      Canvas centre      : u=255.0 px  v=360.0 px
      Offset from centre : Δu=89.7 px  Δv=-204.8 px

  ── [STAGE 8e] Bounds Filter ──
    Total projected points : 51,451
    Inside canvas bounds   : 51,451  (100.0%)
    Duplicate pixel hits    : 0
  [INFO] Density non-zero pixels: 51,451
  [INFO] Density peak count     : 1
  [INFO] Raw mask white pixels before morphology: 51,451
  [INFO] White pixels after close: 53,737
  [INFO] Morphological open skipped for tip-loss debugging.
  [INFO] White pixels after open (skipped): 53,737

  ── [STAGE 8f] Final Mask Stats ──
    Bounding box : 291W x 300H px
    Mask centroid: (349.5, 156.0) px
    White pixels : 53,737
  masking.py run ended: 2026-06-13 19:47:39.328549
