
================================================================================
  masking.py run started: 2026-06-13 19:46:16.587011
================================================================================

━━━ [STAGE 1] Loading Point Cloud Array
  [INFO] Total raw points loaded: 366,558

━━━ [STAGE 2] Statistical Outlier Demolition
  [INFO] Points surviving outlier filter: 357,474

━━━ [STAGE 3] Live Plane Surface Isolation (RANSAC)
  [INFO] Original RANSAC: a=0.0148, b=-0.0366, c=0.9992, d=-0.4791
  [INFO] Normal vector pointing down. Flipping coefficients up toward lens.
  [INFO] Points isolated on belt plane: 334,900
  [INFO] Non-plane points going to workspace filter: 22,574

━━━ [STAGE 5] Direction-Enforced Spatial Pre-Filtering
  [INFO] Height gate window : 1.50mm to 500.00mm
  [INFO] Dist-from-plane mm : min=14.401 mean=28.833 median=27.036 max=54.780
  [INFO] Rejected by lower gate: 0 / 22,574
  [INFO] Rejected by upper gate: 0 / 22,574
  [DEBUG] Points passing directional spatial filters: 22,574

━━━ [STAGE 6] Spatial Structural Isolation Clustering (DBSCAN)
  [INFO] DBSCAN discovered 1 distinct point groups.

━━━ [STAGE 7] Multi-Gate Geometric Evaluation
  Cluster #00 -> Pts: 22574 | Dims(mm): X=101.4, Y=216.9, Z= 38.0 | VolRatio: 0.175 | Gates: [G1-4=1 G5_Size=1 G6_3D=1] -> PASSED
  [INFO] Winning Cluster selected: ID #0 (Score=0.7526)
  [INFO] Winning cluster point count: 22,574

━━━ [STAGE 8] Projection — Sensor Space → Cropped Canvas

  ── [STAGE 8a] Coordinate System Parameters ──
    Intrinsics    : fx=750.148  fy=749.790  cx=386.179  cy=366.086
    Crop offsets  : left=0 px  top=0 px
    Depth sensor  : 510W x 720H px
    RGB canvas    : 510W x 720H px
    Scale factors : scale_x=1.000000  scale_y=1.000000

  ── [STAGE 8b] 3-D Cluster Bounding Box (world space) ──
    X range : -0.1063 m  →  -0.0049 m  (span 101.4 mm)
    Y range : -0.1065 m  →  0.1104 m  (span 216.9 mm)
    Z range : 0.4300 m  →  0.4680 m  (span 38.0 mm)
    Z depth : mean=0.4518 m  std=0.0082 m  min=0.4300 m  max=0.4680 m

  ── [STAGE 8c] Projection Steps ──
    [Step 1] Full-sensor pixel coords (before crop subtraction):
      u_sensor  min=205.0  max=378.0  mean=283.7
      v_sensor  min=189.0  max=555.0  mean=374.7
    [OK] Sensor-space OOB: u=0.0%  v=0.0%
    [Step 2] After crop subtraction (crop_left=0, crop_top=0):
      u_cropped min=205.0  max=378.0  mean=283.7
      v_cropped min=189.0  max=555.0  mean=374.7
    [Step 2 Check] Cropped coords outside canvas: u<0=0.0%  u>W=0.0%  v<0=0.0%  v>H=0.0%
    [Step 3] After scale to canvas (scale_x=1.0000, scale_y=1.0000):
      u  min=205  max=378  mean=283.7
      v  min=189  max=555  mean=374.7
      Canvas target size : 510W x 720H px

  ── [STAGE 8d] Expected mask centroid on canvas ──
      Projected centroid : u=283.7 px  v=374.7 px
      Canvas centre      : u=255.0 px  v=360.0 px
      Offset from centre : Δu=28.7 px  Δv=14.7 px

  ── [STAGE 8e] Bounds Filter ──
    Total projected points : 22,574
    Inside canvas bounds   : 22,574  (100.0%)
    Duplicate pixel hits    : 0
  [INFO] Density non-zero pixels: 22,574
  [INFO] Density peak count     : 1
  [INFO] Raw mask white pixels before morphology: 22,574
  [INFO] White pixels after close: 24,269
  [INFO] Morphological open skipped for tip-loss debugging.
  [INFO] White pixels after open (skipped): 24,269

  ── [STAGE 8f] Final Mask Stats ──
    Bounding box : 173W x 366H px
    Mask centroid: (291.5, 372.0) px
    White pixels : 24,269
  masking.py run ended: 2026-06-13 19:46:20.045915
