
================================================================================
  masking.py run started: 2026-06-13 20:06:46.477233
================================================================================

━━━ [STAGE 1] Loading Point Cloud Array
  [INFO] Total raw points loaded: 365,725

━━━ [STAGE 2] Statistical Outlier Demolition
  [INFO] Points surviving outlier filter: 355,746

━━━ [STAGE 3] Live Plane Surface Isolation (RANSAC)
  [INFO] Original RANSAC: a=0.0135, b=-0.1018, c=0.9947, d=-0.4738
  [INFO] Normal vector pointing down. Flipping coefficients up toward lens.
  [INFO] Points isolated on belt plane: 347,845
  [INFO] Non-plane points going to workspace filter: 7,901

━━━ [STAGE 5] Direction-Enforced Spatial Pre-Filtering
  [INFO] Height gate window : 1.50mm to 500.00mm
  [INFO] Dist-from-plane mm : min=13.161 mean=30.019 median=29.012 max=50.801
  [INFO] Rejected by lower gate: 0 / 7,901
  [INFO] Rejected by upper gate: 0 / 7,901
  [DEBUG] Points passing directional spatial filters: 7,901

━━━ [STAGE 6] Spatial Structural Isolation Clustering (DBSCAN)
  [INFO] DBSCAN discovered 1 distinct point groups.

━━━ [STAGE 7] Multi-Gate Geometric Evaluation
  Cluster #00 -> Pts: 7901  | Dims(mm): X= 88.8, Y= 51.3, Z= 37.0 | VolRatio: 0.417 | Gates: [G1-4=1 G5_Size=1 G6_3D=1] -> PASSED
  [INFO] Winning Cluster selected: ID #0 (Score=0.7200)
  [INFO] Winning cluster point count: 7,901

━━━ [STAGE 8] Projection — Sensor Space → Cropped Canvas

  ── [STAGE 8a] Coordinate System Parameters ──
    Intrinsics    : fx=750.148  fy=749.790  cx=386.179  cy=366.086
    Crop offsets  : left=0 px  top=0 px
    Depth sensor  : 510W x 720H px
    RGB canvas    : 510W x 720H px
    Scale factors : scale_x=1.000000  scale_y=1.000000

  ── [STAGE 8b] 3-D Cluster Bounding Box (world space) ──
    X range : -0.0791 m  →  0.0097 m  (span 88.8 mm)
    Y range : -0.0222 m  →  0.0291 m  (span 51.3 mm)
    Z range : 0.4260 m  →  0.4630 m  (span 37.0 mm)
    Z depth : mean=0.4468 m  std=0.0085 m  min=0.4260 m  max=0.4630 m

  ── [STAGE 8c] Projection Steps ──
    [Step 1] Full-sensor pixel coords (before crop subtraction):
      u_sensor  min=254.0  max=402.0  mean=325.0
      v_sensor  min=329.0  max=414.0  mean=369.1
    [OK] Sensor-space OOB: u=0.0%  v=0.0%
    [Step 2] After crop subtraction (crop_left=0, crop_top=0):
      u_cropped min=254.0  max=402.0  mean=325.0
      v_cropped min=329.0  max=414.0  mean=369.1
    [Step 2 Check] Cropped coords outside canvas: u<0=0.0%  u>W=0.0%  v<0=0.0%  v>H=0.0%
    [Step 3] After scale to canvas (scale_x=1.0000, scale_y=1.0000):
      u  min=254  max=402  mean=325.0
      v  min=329  max=414  mean=369.1
      Canvas target size : 510W x 720H px

  ── [STAGE 8d] Expected mask centroid on canvas ──
      Projected centroid : u=325.0 px  v=369.1 px
      Canvas centre      : u=255.0 px  v=360.0 px
      Offset from centre : Δu=70.0 px  Δv=9.1 px

  ── [STAGE 8e] Bounds Filter ──
    Total projected points : 7,901
    Inside canvas bounds   : 7,901  (100.0%)
    Duplicate pixel hits    : 0
  [INFO] Density non-zero pixels: 7,901
  [INFO] Density peak count     : 1
  [INFO] Raw mask white pixels before morphology: 7,901
  [INFO] White pixels after close: 9,449
  [INFO] Morphological open skipped for tip-loss debugging.
  [INFO] White pixels after open (skipped): 9,449

  ── [STAGE 8f] Final Mask Stats ──
    Bounding box : 148W x 85H px
    Mask centroid: (328.0, 371.5) px
    White pixels : 9,449
  masking.py run ended: 2026-06-13 20:06:48.090769
