
================================================================================
  masking.py run started: 2026-06-13 20:01:42.080657
================================================================================

━━━ [STAGE 1] Loading Point Cloud Array
  [INFO] Total raw points loaded: 366,148

━━━ [STAGE 2] Statistical Outlier Demolition
  [INFO] Points surviving outlier filter: 355,994

━━━ [STAGE 3] Live Plane Surface Isolation (RANSAC)
  [INFO] Original RANSAC: a=0.0136, b=-0.0741, c=0.9972, d=-0.4767
  [INFO] Normal vector pointing down. Flipping coefficients up toward lens.
  [INFO] Points isolated on belt plane: 338,430
  [INFO] Non-plane points going to workspace filter: 17,564

━━━ [STAGE 5] Direction-Enforced Spatial Pre-Filtering
  [INFO] Height gate window : 1.50mm to 500.00mm
  [INFO] Dist-from-plane mm : min=-4.901 mean=47.107 median=49.918 max=64.002
  [INFO] Rejected by lower gate: 5 / 17,564
  [INFO] Rejected by upper gate: 0 / 17,564
  [DEBUG] Points passing directional spatial filters: 17,559

━━━ [STAGE 6] Spatial Structural Isolation Clustering (DBSCAN)
  [INFO] DBSCAN discovered 2 distinct point groups.

━━━ [STAGE 7] Multi-Gate Geometric Evaluation
  Cluster #00 -> Pts: 17541 | Dims(mm): X=189.1, Y= 76.3, Z= 56.0 | VolRatio: 0.296 | Gates: [G1-4=1 G5_Size=1 G6_3D=1] -> PASSED
  Cluster #01 -> Pts: 18    | Dims(mm): X=  3.7, Y=  1.2, Z=  0.0 | VolRatio: 0.000 | Gates: [G1-4=0 G5_Size=0 G6_3D=0] -> REJECTED
  [INFO] Winning Cluster selected: ID #0 (Score=0.7889)
  [INFO] Winning cluster point count: 17,541

━━━ [STAGE 8] Projection — Sensor Space → Cropped Canvas

  ── [STAGE 8a] Coordinate System Parameters ──
    Intrinsics    : fx=750.148  fy=749.790  cx=386.179  cy=366.086
    Crop offsets  : left=0 px  top=0 px
    Depth sensor  : 510W x 720H px
    RGB canvas    : 510W x 720H px
    Scale factors : scale_x=1.000000  scale_y=1.000000

  ── [STAGE 8b] 3-D Cluster Bounding Box (world space) ──
    X range : -0.1245 m  →  0.0646 m  (span 189.1 mm)
    Y range : -0.0338 m  →  0.0425 m  (span 76.3 mm)
    Z range : 0.4140 m  →  0.4700 m  (span 56.0 mm)
    Z depth : mean=0.4309 m  std=0.0115 m  min=0.4140 m  max=0.4700 m

  ── [STAGE 8c] Projection Steps ──
    [Step 1] Full-sensor pixel coords (before crop subtraction):
      u_sensor  min=184.0  max=491.0  mean=368.2
      v_sensor  min=311.0  max=434.0  mean=366.9
    [OK] Sensor-space OOB: u=0.0%  v=0.0%
    [Step 2] After crop subtraction (crop_left=0, crop_top=0):
      u_cropped min=184.0  max=491.0  mean=368.2
      v_cropped min=311.0  max=434.0  mean=366.9
    [Step 2 Check] Cropped coords outside canvas: u<0=0.0%  u>W=0.0%  v<0=0.0%  v>H=0.0%
    [Step 3] After scale to canvas (scale_x=1.0000, scale_y=1.0000):
      u  min=184  max=491  mean=368.2
      v  min=311  max=434  mean=366.9
      Canvas target size : 510W x 720H px

  ── [STAGE 8d] Expected mask centroid on canvas ──
      Projected centroid : u=368.2 px  v=366.9 px
      Canvas centre      : u=255.0 px  v=360.0 px
      Offset from centre : Δu=113.2 px  Δv=6.9 px

  ── [STAGE 8e] Bounds Filter ──
    Total projected points : 17,541
    Inside canvas bounds   : 17,541  (100.0%)
    Duplicate pixel hits    : 0
  [INFO] Density non-zero pixels: 17,541
  [INFO] Density peak count     : 1
  [INFO] Raw mask white pixels before morphology: 17,541
  [INFO] White pixels after close: 18,998
  [INFO] Morphological open skipped for tip-loss debugging.
  [INFO] White pixels after open (skipped): 18,998

  ── [STAGE 8f] Final Mask Stats ──
    Bounding box : 307W x 123H px
    Mask centroid: (337.5, 372.5) px
    White pixels : 18,998
  masking.py run ended: 2026-06-13 20:01:44.788841
