
================================================================================
  masking.py run started: 2026-06-13 19:55:26.746269
================================================================================

━━━ [STAGE 1] Loading Point Cloud Array
  [INFO] Total raw points loaded: 363,702

━━━ [STAGE 2] Statistical Outlier Demolition
  [INFO] Points surviving outlier filter: 355,061

━━━ [STAGE 3] Live Plane Surface Isolation (RANSAC)
  [INFO] Original RANSAC: a=0.0144, b=-0.1928, c=0.9811, d=-0.4633
  [INFO] Normal vector pointing down. Flipping coefficients up toward lens.
  [INFO] Points isolated on belt plane: 331,596
  [INFO] Non-plane points going to workspace filter: 23,465

━━━ [STAGE 5] Direction-Enforced Spatial Pre-Filtering
  [INFO] Height gate window : 1.50mm to 500.00mm
  [INFO] Dist-from-plane mm : min=12.398 mean=63.842 median=65.870 max=80.463
  [INFO] Rejected by lower gate: 0 / 23,465
  [INFO] Rejected by upper gate: 0 / 23,465
  [DEBUG] Points passing directional spatial filters: 23,465

━━━ [STAGE 6] Spatial Structural Isolation Clustering (DBSCAN)
  [INFO] DBSCAN discovered 4 distinct point groups.

━━━ [STAGE 7] Multi-Gate Geometric Evaluation
  Cluster #00 -> Pts: 23360 | Dims(mm): X=102.9, Y=106.5, Z= 75.0 | VolRatio: 0.704 | Gates: [G1-4=1 G5_Size=1 G6_3D=1] -> PASSED
  Cluster #01 -> Pts: 39    | Dims(mm): X=  1.9, Y=  5.3, Z= 13.0 | VolRatio: 0.144 | Gates: [G1-4=1 G5_Size=0 G6_3D=0] -> REJECTED
  Cluster #02 -> Pts: 26    | Dims(mm): X=  2.7, Y=  5.5, Z= 10.0 | VolRatio: 0.273 | Gates: [G1-4=1 G5_Size=0 G6_3D=1] -> REJECTED
  Cluster #03 -> Pts: 40    | Dims(mm): X=  3.1, Y= 26.6, Z=  5.0 | VolRatio: 0.115 | Gates: [G1-4=1 G5_Size=0 G6_3D=0] -> REJECTED
  [INFO] Winning Cluster selected: ID #0 (Score=0.9113)
  [INFO] Winning cluster point count: 23,360

━━━ [STAGE 8] Projection — Sensor Space → Cropped Canvas

  ── [STAGE 8a] Coordinate System Parameters ──
    Intrinsics    : fx=750.148  fy=749.790  cx=386.179  cy=366.086
    Crop offsets  : left=0 px  top=0 px
    Depth sensor  : 510W x 720H px
    RGB canvas    : 510W x 720H px
    Scale factors : scale_x=1.000000  scale_y=1.000000

  ── [STAGE 8b] 3-D Cluster Bounding Box (world space) ──
    X range : -0.0968 m  →  0.0061 m  (span 102.9 mm)
    Y range : -0.1105 m  →  -0.0040 m  (span 106.5 mm)
    Z range : 0.3800 m  →  0.4550 m  (span 75.0 mm)
    Z depth : mean=0.3966 m  std=0.0120 m  min=0.3800 m  max=0.4550 m

  ── [STAGE 8c] Projection Steps ──
    [Step 1] Full-sensor pixel coords (before crop subtraction):
      u_sensor  min=217.0  max=397.0  mean=308.0
      v_sensor  min=162.0  max=359.0  mean=260.9
    [OK] Sensor-space OOB: u=0.0%  v=0.0%
    [Step 2] After crop subtraction (crop_left=0, crop_top=0):
      u_cropped min=217.0  max=397.0  mean=308.0
      v_cropped min=162.0  max=359.0  mean=260.9
    [Step 2 Check] Cropped coords outside canvas: u<0=0.0%  u>W=0.0%  v<0=0.0%  v>H=0.0%
    [Step 3] After scale to canvas (scale_x=1.0000, scale_y=1.0000):
      u  min=217  max=397  mean=308.0
      v  min=162  max=359  mean=260.9
      Canvas target size : 510W x 720H px

  ── [STAGE 8d] Expected mask centroid on canvas ──
      Projected centroid : u=308.0 px  v=260.9 px
      Canvas centre      : u=255.0 px  v=360.0 px
      Offset from centre : Δu=53.0 px  Δv=-99.1 px

  ── [STAGE 8e] Bounds Filter ──
    Total projected points : 23,360
    Inside canvas bounds   : 23,360  (100.0%)
    Duplicate pixel hits    : 0
  [INFO] Density non-zero pixels: 23,360
  [INFO] Density peak count     : 1
  [INFO] Raw mask white pixels before morphology: 23,360
  [INFO] White pixels after close: 24,363
  [INFO] Morphological open skipped for tip-loss debugging.
  [INFO] White pixels after open (skipped): 24,363

  ── [STAGE 8f] Final Mask Stats ──
    Bounding box : 180W x 197H px
    Mask centroid: (307.0, 260.5) px
    White pixels : 24,363
  masking.py run ended: 2026-06-13 19:55:31.229266
