
================================================================================
  masking.py run started: 2026-06-13 19:47:45.766438
================================================================================

━━━ [STAGE 1] Loading Point Cloud Array
  [INFO] Total raw points loaded: 366,437

━━━ [STAGE 2] Statistical Outlier Demolition
  [INFO] Points surviving outlier filter: 356,331

━━━ [STAGE 3] Live Plane Surface Isolation (RANSAC)
  [INFO] Original RANSAC: a=0.0147, b=-0.0491, c=0.9987, d=-0.4781
  [INFO] Normal vector pointing down. Flipping coefficients up toward lens.
  [INFO] Points isolated on belt plane: 342,397
  [INFO] Non-plane points going to workspace filter: 13,934

━━━ [STAGE 5] Direction-Enforced Spatial Pre-Filtering
  [INFO] Height gate window : 1.50mm to 500.00mm
  [INFO] Dist-from-plane mm : min=13.313 mean=27.662 median=29.232 max=38.429
  [INFO] Rejected by lower gate: 0 / 13,934
  [INFO] Rejected by upper gate: 0 / 13,934
  [DEBUG] Points passing directional spatial filters: 13,934

━━━ [STAGE 6] Spatial Structural Isolation Clustering (DBSCAN)
  [INFO] DBSCAN discovered 1 distinct point groups.

━━━ [STAGE 7] Multi-Gate Geometric Evaluation
  Cluster #00 -> Pts: 13934 | Dims(mm): X= 87.6, Y=133.6, Z= 27.0 | VolRatio: 0.202 | Gates: [G1-4=1 G5_Size=1 G6_3D=1] -> PASSED
  [INFO] Winning Cluster selected: ID #0 (Score=0.7606)
  [INFO] Winning cluster point count: 13,934

━━━ [STAGE 8] Projection — Sensor Space → Cropped Canvas

  ── [STAGE 8a] Coordinate System Parameters ──
    Intrinsics    : fx=750.148  fy=749.790  cx=386.179  cy=366.086
    Crop offsets  : left=0 px  top=0 px
    Depth sensor  : 510W x 720H px
    RGB canvas    : 510W x 720H px
    Scale factors : scale_x=1.000000  scale_y=1.000000

  ── [STAGE 8b] 3-D Cluster Bounding Box (world space) ──
    X range : -0.0828 m  →  0.0048 m  (span 87.6 mm)
    Y range : -0.0577 m  →  0.0759 m  (span 133.6 mm)
    Z range : 0.4400 m  →  0.4670 m  (span 27.0 mm)
    Z depth : mean=0.4518 m  std=0.0056 m  min=0.4400 m  max=0.4670 m

  ── [STAGE 8c] Projection Steps ──
    [Step 1] Full-sensor pixel coords (before crop subtraction):
      u_sensor  min=250.0  max=394.0  mean=316.0
      v_sensor  min=271.0  max=490.0  mean=372.3
    [OK] Sensor-space OOB: u=0.0%  v=0.0%
    [Step 2] After crop subtraction (crop_left=0, crop_top=0):
      u_cropped min=250.0  max=394.0  mean=316.0
      v_cropped min=271.0  max=490.0  mean=372.3
    [Step 2 Check] Cropped coords outside canvas: u<0=0.0%  u>W=0.0%  v<0=0.0%  v>H=0.0%
    [Step 3] After scale to canvas (scale_x=1.0000, scale_y=1.0000):
      u  min=250  max=394  mean=316.0
      v  min=271  max=490  mean=372.3
      Canvas target size : 510W x 720H px

  ── [STAGE 8d] Expected mask centroid on canvas ──
      Projected centroid : u=316.0 px  v=372.3 px
      Canvas centre      : u=255.0 px  v=360.0 px
      Offset from centre : Δu=61.0 px  Δv=12.3 px

  ── [STAGE 8e] Bounds Filter ──
    Total projected points : 13,934
    Inside canvas bounds   : 13,934  (100.0%)
    Duplicate pixel hits    : 0
  [INFO] Density non-zero pixels: 13,934
  [INFO] Density peak count     : 1
  [INFO] Raw mask white pixels before morphology: 13,934
  [INFO] White pixels after close: 15,721
  [INFO] Morphological open skipped for tip-loss debugging.
  [INFO] White pixels after open (skipped): 15,721

  ── [STAGE 8f] Final Mask Stats ──
    Bounding box : 144W x 219H px
    Mask centroid: (322.0, 380.5) px
    White pixels : 15,721
  masking.py run ended: 2026-06-13 19:47:47.943579
