
================================================================================
  masking.py run started: 2026-06-13 19:56:21.988609
================================================================================

━━━ [STAGE 1] Loading Point Cloud Array
  [INFO] Total raw points loaded: 363,639

━━━ [STAGE 2] Statistical Outlier Demolition
  [INFO] Points surviving outlier filter: 353,012

━━━ [STAGE 3] Live Plane Surface Isolation (RANSAC)
  [INFO] Original RANSAC: a=0.0152, b=-0.1953, c=0.9806, d=-0.4630
  [INFO] Normal vector pointing down. Flipping coefficients up toward lens.
  [INFO] Points isolated on belt plane: 320,641
  [INFO] Non-plane points going to workspace filter: 32,371

━━━ [STAGE 5] Direction-Enforced Spatial Pre-Filtering
  [INFO] Height gate window : 1.50mm to 500.00mm
  [INFO] Dist-from-plane mm : min=14.792 mean=52.580 median=49.313 max=85.621
  [INFO] Rejected by lower gate: 0 / 32,371
  [INFO] Rejected by upper gate: 0 / 32,371
  [DEBUG] Points passing directional spatial filters: 32,371

━━━ [STAGE 6] Spatial Structural Isolation Clustering (DBSCAN)
  [INFO] DBSCAN discovered 1 distinct point groups.

━━━ [STAGE 7] Multi-Gate Geometric Evaluation
  Cluster #00 -> Pts: 32371 | Dims(mm): X=111.1, Y=157.1, Z= 72.0 | VolRatio: 0.458 | Gates: [G1-4=1 G5_Size=1 G6_3D=1] -> PASSED
  [INFO] Winning Cluster selected: ID #0 (Score=0.8375)
  [INFO] Winning cluster point count: 32,371

━━━ [STAGE 8] Projection — Sensor Space → Cropped Canvas

  ── [STAGE 8a] Coordinate System Parameters ──
    Intrinsics    : fx=750.148  fy=749.790  cx=386.179  cy=366.086
    Crop offsets  : left=0 px  top=0 px
    Depth sensor  : 510W x 720H px
    RGB canvas    : 510W x 720H px
    Scale factors : scale_x=1.000000  scale_y=1.000000

  ── [STAGE 8b] 3-D Cluster Bounding Box (world space) ──
    X range : -0.0440 m  →  0.0671 m  (span 111.1 mm)
    Y range : -0.1248 m  →  0.0324 m  (span 157.1 mm)
    Z range : 0.3840 m  →  0.4560 m  (span 72.0 mm)
    Z depth : mean=0.4080 m  std=0.0099 m  min=0.3840 m  max=0.4560 m

  ── [STAGE 8c] Projection Steps ──
    [Step 1] Full-sensor pixel coords (before crop subtraction):
      u_sensor  min=308.0  max=503.0  mean=391.6
      v_sensor  min=146.0  max=420.0  mean=269.3
    [OK] Sensor-space OOB: u=0.0%  v=0.0%
    [Step 2] After crop subtraction (crop_left=0, crop_top=0):
      u_cropped min=308.0  max=503.0  mean=391.6
      v_cropped min=146.0  max=420.0  mean=269.3
    [Step 2 Check] Cropped coords outside canvas: u<0=0.0%  u>W=0.0%  v<0=0.0%  v>H=0.0%
    [Step 3] After scale to canvas (scale_x=1.0000, scale_y=1.0000):
      u  min=308  max=503  mean=391.6
      v  min=146  max=420  mean=269.3
      Canvas target size : 510W x 720H px

  ── [STAGE 8d] Expected mask centroid on canvas ──
      Projected centroid : u=391.6 px  v=269.3 px
      Canvas centre      : u=255.0 px  v=360.0 px
      Offset from centre : Δu=136.6 px  Δv=-90.7 px

  ── [STAGE 8e] Bounds Filter ──
    Total projected points : 32,371
    Inside canvas bounds   : 32,371  (100.0%)
    Duplicate pixel hits    : 0
  [INFO] Density non-zero pixels: 32,371
  [INFO] Density peak count     : 1
  [INFO] Raw mask white pixels before morphology: 32,371
  [INFO] White pixels after close: 34,369
  [INFO] Morphological open skipped for tip-loss debugging.
  [INFO] White pixels after open (skipped): 34,369

  ── [STAGE 8f] Final Mask Stats ──
    Bounding box : 195W x 274H px
    Mask centroid: (405.5, 283.0) px
    White pixels : 34,369
  masking.py run ended: 2026-06-13 19:56:28.252351
