
================================================================================
  masking.py run started: 2026-06-13 19:51:26.203862
================================================================================

━━━ [STAGE 1] Loading Point Cloud Array
  [INFO] Total raw points loaded: 366,054

━━━ [STAGE 2] Statistical Outlier Demolition
  [INFO] Points surviving outlier filter: 354,285

━━━ [STAGE 3] Live Plane Surface Isolation (RANSAC)
  [INFO] Original RANSAC: a=0.0147, b=-0.0803, c=0.9967, d=-0.4753
  [INFO] Normal vector pointing down. Flipping coefficients up toward lens.
  [INFO] Points isolated on belt plane: 346,475
  [INFO] Non-plane points going to workspace filter: 7,810

━━━ [STAGE 5] Direction-Enforced Spatial Pre-Filtering
  [INFO] Height gate window : 1.50mm to 500.00mm
  [INFO] Dist-from-plane mm : min=13.037 mean=24.966 median=24.762 max=41.825
  [INFO] Rejected by lower gate: 0 / 7,810
  [INFO] Rejected by upper gate: 0 / 7,810
  [DEBUG] Points passing directional spatial filters: 7,810

━━━ [STAGE 6] Spatial Structural Isolation Clustering (DBSCAN)
  [INFO] DBSCAN discovered 1 distinct point groups.

━━━ [STAGE 7] Multi-Gate Geometric Evaluation
  Cluster #00 -> Pts: 7810  | Dims(mm): X=119.8, Y= 82.5, Z= 33.0 | VolRatio: 0.275 | Gates: [G1-4=1 G5_Size=1 G6_3D=1] -> PASSED
  [INFO] Winning Cluster selected: ID #0 (Score=0.6731)
  [INFO] Winning cluster point count: 7,810

━━━ [STAGE 8] Projection — Sensor Space → Cropped Canvas

  ── [STAGE 8a] Coordinate System Parameters ──
    Intrinsics    : fx=750.148  fy=749.790  cx=386.179  cy=366.086
    Crop offsets  : left=0 px  top=0 px
    Depth sensor  : 510W x 720H px
    RGB canvas    : 510W x 720H px
    Scale factors : scale_x=1.000000  scale_y=1.000000

  ── [STAGE 8b] 3-D Cluster Bounding Box (world space) ──
    X range : -0.1141 m  →  0.0057 m  (span 119.8 mm)
    Y range : -0.2152 m  →  -0.1327 m  (span 82.5 mm)
    Z range : 0.4190 m  →  0.4520 m  (span 33.0 mm)
    Z depth : mean=0.4379 m  std=0.0086 m  min=0.4190 m  max=0.4520 m

  ── [STAGE 8c] Projection Steps ──
    [Step 1] Full-sensor pixel coords (before crop subtraction):
      u_sensor  min=196.0  max=396.0  mean=286.9
      v_sensor  min=0.0  max=143.0  mean=51.8
    [OK] Sensor-space OOB: u=0.0%  v=0.0%
    [Step 2] After crop subtraction (crop_left=0, crop_top=0):
      u_cropped min=196.0  max=396.0  mean=286.9
      v_cropped min=0.0  max=143.0  mean=51.8
    [Step 2 Check] Cropped coords outside canvas: u<0=0.0%  u>W=0.0%  v<0=0.0%  v>H=0.0%
    [Step 3] After scale to canvas (scale_x=1.0000, scale_y=1.0000):
      u  min=196  max=396  mean=286.9
      v  min=0  max=143  mean=51.8
      Canvas target size : 510W x 720H px

  ── [STAGE 8d] Expected mask centroid on canvas ──
      Projected centroid : u=286.9 px  v=51.8 px
      Canvas centre      : u=255.0 px  v=360.0 px
      Offset from centre : Δu=31.9 px  Δv=-308.2 px

  ── [STAGE 8e] Bounds Filter ──
    Total projected points : 7,810
    Inside canvas bounds   : 7,810  (100.0%)
    Duplicate pixel hits    : 0
  [INFO] Density non-zero pixels: 7,810
  [INFO] Density peak count     : 1
  [INFO] Raw mask white pixels before morphology: 7,810
  [INFO] White pixels after close: 9,318
  [INFO] Morphological open skipped for tip-loss debugging.
  [INFO] White pixels after open (skipped): 9,318

  ── [STAGE 8f] Final Mask Stats ──
    Bounding box : 200W x 143H px
    Mask centroid: (296.0, 71.5) px
    White pixels : 9,318
  masking.py run ended: 2026-06-13 19:51:27.549849
