
================================================================================
  masking.py run started: 2026-06-13 19:49:47.794630
================================================================================

━━━ [STAGE 1] Loading Point Cloud Array
  [INFO] Total raw points loaded: 366,416

━━━ [STAGE 2] Statistical Outlier Demolition
  [INFO] Points surviving outlier filter: 355,266

━━━ [STAGE 3] Live Plane Surface Isolation (RANSAC)
  [INFO] Original RANSAC: a=0.0151, b=-0.0495, c=0.9987, d=-0.4783
  [INFO] Normal vector pointing down. Flipping coefficients up toward lens.
  [INFO] Points isolated on belt plane: 343,759
  [INFO] Non-plane points going to workspace filter: 11,507

━━━ [STAGE 5] Direction-Enforced Spatial Pre-Filtering
  [INFO] Height gate window : 1.50mm to 500.00mm
  [INFO] Dist-from-plane mm : min=14.062 mean=21.714 median=21.148 max=36.377
  [INFO] Rejected by lower gate: 0 / 11,507
  [INFO] Rejected by upper gate: 0 / 11,507
  [DEBUG] Points passing directional spatial filters: 11,507

━━━ [STAGE 6] Spatial Structural Isolation Clustering (DBSCAN)
  [INFO] DBSCAN discovered 1 distinct point groups.

━━━ [STAGE 7] Multi-Gate Geometric Evaluation
  Cluster #00 -> Pts: 11507 | Dims(mm): X=106.6, Y=137.1, Z= 27.0 | VolRatio: 0.197 | Gates: [G1-4=1 G5_Size=1 G6_3D=1] -> PASSED
  [INFO] Winning Cluster selected: ID #0 (Score=0.7591)
  [INFO] Winning cluster point count: 11,507

━━━ [STAGE 8] Projection — Sensor Space → Cropped Canvas

  ── [STAGE 8a] Coordinate System Parameters ──
    Intrinsics    : fx=750.148  fy=749.790  cx=386.179  cy=366.086
    Crop offsets  : left=0 px  top=0 px
    Depth sensor  : 510W x 720H px
    RGB canvas    : 510W x 720H px
    Scale factors : scale_x=1.000000  scale_y=1.000000

  ── [STAGE 8b] 3-D Cluster Bounding Box (world space) ──
    X range : -0.0751 m  →  0.0315 m  (span 106.6 mm)
    Y range : -0.0812 m  →  0.0559 m  (span 137.1 mm)
    Z range : 0.4390 m  →  0.4660 m  (span 27.0 mm)
    Z depth : mean=0.4577 m  std=0.0053 m  min=0.4390 m  max=0.4660 m

  ── [STAGE 8c] Projection Steps ──
    [Step 1] Full-sensor pixel coords (before crop subtraction):
      u_sensor  min=265.0  max=437.0  mean=355.8
      v_sensor  min=229.0  max=456.0  mean=372.3
    [OK] Sensor-space OOB: u=0.0%  v=0.0%
    [Step 2] After crop subtraction (crop_left=0, crop_top=0):
      u_cropped min=265.0  max=437.0  mean=355.8
      v_cropped min=229.0  max=456.0  mean=372.3
    [Step 2 Check] Cropped coords outside canvas: u<0=0.0%  u>W=0.0%  v<0=0.0%  v>H=0.0%
    [Step 3] After scale to canvas (scale_x=1.0000, scale_y=1.0000):
      u  min=265  max=437  mean=355.8
      v  min=229  max=456  mean=372.3
      Canvas target size : 510W x 720H px

  ── [STAGE 8d] Expected mask centroid on canvas ──
      Projected centroid : u=355.8 px  v=372.3 px
      Canvas centre      : u=255.0 px  v=360.0 px
      Offset from centre : Δu=100.8 px  Δv=12.3 px

  ── [STAGE 8e] Bounds Filter ──
    Total projected points : 11,507
    Inside canvas bounds   : 11,507  (100.0%)
    Duplicate pixel hits    : 0
  [INFO] Density non-zero pixels: 11,507
  [INFO] Density peak count     : 1
  [INFO] Raw mask white pixels before morphology: 11,507
  [INFO] White pixels after close: 12,249
  [INFO] Morphological open skipped for tip-loss debugging.
  [INFO] White pixels after open (skipped): 12,249

  ── [STAGE 8f] Final Mask Stats ──
    Bounding box : 172W x 227H px
    Mask centroid: (351.0, 342.5) px
    White pixels : 12,249
  masking.py run ended: 2026-06-13 19:49:49.729889
