
================================================================================
  masking.py run started: 2026-06-13 20:02:40.794549
================================================================================

━━━ [STAGE 1] Loading Point Cloud Array
  [INFO] Total raw points loaded: 366,127

━━━ [STAGE 2] Statistical Outlier Demolition
  [INFO] Points surviving outlier filter: 356,254

━━━ [STAGE 3] Live Plane Surface Isolation (RANSAC)
  [INFO] Original RANSAC: a=0.0137, b=-0.0771, c=0.9969, d=-0.4765
  [INFO] Normal vector pointing down. Flipping coefficients up toward lens.
  [INFO] Points isolated on belt plane: 334,315
  [INFO] Non-plane points going to workspace filter: 21,939

━━━ [STAGE 5] Direction-Enforced Spatial Pre-Filtering
  [INFO] Height gate window : 1.50mm to 500.00mm
  [INFO] Dist-from-plane mm : min=-3.956 mean=49.203 median=51.818 max=65.318
  [INFO] Rejected by lower gate: 1 / 21,939
  [INFO] Rejected by upper gate: 0 / 21,939
  [DEBUG] Points passing directional spatial filters: 21,938

━━━ [STAGE 6] Spatial Structural Isolation Clustering (DBSCAN)
  [INFO] DBSCAN discovered 3 distinct point groups.

━━━ [STAGE 7] Multi-Gate Geometric Evaluation
  Cluster #00 -> Pts: 21873 | Dims(mm): X=107.5, Y=115.0, Z= 56.0 | VolRatio: 0.487 | Gates: [G1-4=1 G5_Size=1 G6_3D=1] -> PASSED
  Cluster #01 -> Pts: 8     | Dims(mm): X=  1.3, Y=  1.3, Z=  0.0 | VolRatio: 0.000 | Gates: [G1-4=0 G5_Size=0 G6_3D=0] -> REJECTED
  Cluster #02 -> Pts: 57    | Dims(mm): X=  3.9, Y= 13.6, Z=  3.0 | VolRatio: 0.221 | Gates: [G1-4=1 G5_Size=0 G6_3D=1] -> REJECTED
  [INFO] Winning Cluster selected: ID #0 (Score=0.8461)
  [INFO] Winning cluster point count: 21,873

━━━ [STAGE 8] Projection — Sensor Space → Cropped Canvas

  ── [STAGE 8a] Coordinate System Parameters ──
    Intrinsics    : fx=750.148  fy=749.790  cx=386.179  cy=366.086
    Crop offsets  : left=0 px  top=0 px
    Depth sensor  : 510W x 720H px
    RGB canvas    : 510W x 720H px
    Scale factors : scale_x=1.000000  scale_y=1.000000

  ── [STAGE 8b] 3-D Cluster Bounding Box (world space) ──
    X range : -0.1330 m  →  -0.0256 m  (span 107.5 mm)
    Y range : -0.1120 m  →  0.0030 m  (span 115.0 mm)
    Z range : 0.4100 m  →  0.4660 m  (span 56.0 mm)
    Z depth : mean=0.4253 m  std=0.0095 m  min=0.4100 m  max=0.4660 m

  ── [STAGE 8c] Projection Steps ──
    [Step 1] Full-sensor pixel coords (before crop subtraction):
      u_sensor  min=153.0  max=344.0  mean=237.2
      v_sensor  min=182.0  max=371.0  mean=267.5
    [OK] Sensor-space OOB: u=0.0%  v=0.0%
    [Step 2] After crop subtraction (crop_left=0, crop_top=0):
      u_cropped min=153.0  max=344.0  mean=237.2
      v_cropped min=182.0  max=371.0  mean=267.5
    [Step 2 Check] Cropped coords outside canvas: u<0=0.0%  u>W=0.0%  v<0=0.0%  v>H=0.0%
    [Step 3] After scale to canvas (scale_x=1.0000, scale_y=1.0000):
      u  min=153  max=344  mean=237.2
      v  min=182  max=371  mean=267.5
      Canvas target size : 510W x 720H px

  ── [STAGE 8d] Expected mask centroid on canvas ──
      Projected centroid : u=237.2 px  v=267.5 px
      Canvas centre      : u=255.0 px  v=360.0 px
      Offset from centre : Δu=-17.8 px  Δv=-92.5 px

  ── [STAGE 8e] Bounds Filter ──
    Total projected points : 21,873
    Inside canvas bounds   : 21,873  (100.0%)
    Duplicate pixel hits    : 0
  [INFO] Density non-zero pixels: 21,873
  [INFO] Density peak count     : 1
  [INFO] Raw mask white pixels before morphology: 21,873
  [INFO] White pixels after close: 23,576
  [INFO] Morphological open skipped for tip-loss debugging.
  [INFO] White pixels after open (skipped): 23,576

  ── [STAGE 8f] Final Mask Stats ──
    Bounding box : 191W x 189H px
    Mask centroid: (248.5, 276.5) px
    White pixels : 23,576
  masking.py run ended: 2026-06-13 20:02:44.054646
