
================================================================================
  masking.py run started: 2026-06-13 19:52:12.435000
================================================================================

━━━ [STAGE 1] Loading Point Cloud Array
  [INFO] Total raw points loaded: 365,965

━━━ [STAGE 2] Statistical Outlier Demolition
  [INFO] Points surviving outlier filter: 356,263

━━━ [STAGE 3] Live Plane Surface Isolation (RANSAC)
  [INFO] Original RANSAC: a=0.0143, b=-0.0861, c=0.9962, d=-0.4746
  [INFO] Normal vector pointing down. Flipping coefficients up toward lens.
  [INFO] Points isolated on belt plane: 333,661
  [INFO] Non-plane points going to workspace filter: 22,602

━━━ [STAGE 5] Direction-Enforced Spatial Pre-Filtering
  [INFO] Height gate window : 1.50mm to 500.00mm
  [INFO] Dist-from-plane mm : min=12.417 mean=33.449 median=32.027 max=70.349
  [INFO] Rejected by lower gate: 0 / 22,602
  [INFO] Rejected by upper gate: 0 / 22,602
  [DEBUG] Points passing directional spatial filters: 22,602

━━━ [STAGE 6] Spatial Structural Isolation Clustering (DBSCAN)
  [INFO] DBSCAN discovered 2 distinct point groups.

━━━ [STAGE 7] Multi-Gate Geometric Evaluation
  Cluster #00 -> Pts: 22593 | Dims(mm): X=144.5, Y=116.0, Z= 59.0 | VolRatio: 0.408 | Gates: [G1-4=1 G5_Size=1 G6_3D=1] -> PASSED
  Cluster #01 -> Pts: 8     | Dims(mm): X=  1.5, Y=  1.2, Z=  1.0 | VolRatio: 0.650 | Gates: [G1-4=0 G5_Size=0 G6_3D=1] -> REJECTED
  [INFO] Winning Cluster selected: ID #0 (Score=0.8225)
  [INFO] Winning cluster point count: 22,593

━━━ [STAGE 8] Projection — Sensor Space → Cropped Canvas

  ── [STAGE 8a] Coordinate System Parameters ──
    Intrinsics    : fx=750.148  fy=749.790  cx=386.179  cy=366.086
    Crop offsets  : left=0 px  top=0 px
    Depth sensor  : 510W x 720H px
    RGB canvas    : 510W x 720H px
    Scale factors : scale_x=1.000000  scale_y=1.000000

  ── [STAGE 8b] 3-D Cluster Bounding Box (world space) ──
    X range : -0.1710 m  →  -0.0265 m  (span 144.5 mm)
    Y range : -0.2048 m  →  -0.0888 m  (span 116.0 mm)
    Z range : 0.3980 m  →  0.4570 m  (span 59.0 mm)
    Z depth : mean=0.4326 m  std=0.0119 m  min=0.3980 m  max=0.4570 m

  ── [STAGE 8c] Projection Steps ──
    [Step 1] Full-sensor pixel coords (before crop subtraction):
      u_sensor  min=77.0  max=342.0  mean=238.7
      v_sensor  min=21.0  max=220.0  mean=135.3
    [OK] Sensor-space OOB: u=0.0%  v=0.0%
    [Step 2] After crop subtraction (crop_left=0, crop_top=0):
      u_cropped min=77.0  max=342.0  mean=238.7
      v_cropped min=21.0  max=220.0  mean=135.3
    [Step 2 Check] Cropped coords outside canvas: u<0=0.0%  u>W=0.0%  v<0=0.0%  v>H=0.0%
    [Step 3] After scale to canvas (scale_x=1.0000, scale_y=1.0000):
      u  min=77  max=342  mean=238.7
      v  min=21  max=220  mean=135.3
      Canvas target size : 510W x 720H px

  ── [STAGE 8d] Expected mask centroid on canvas ──
      Projected centroid : u=238.7 px  v=135.3 px
      Canvas centre      : u=255.0 px  v=360.0 px
      Offset from centre : Δu=-16.3 px  Δv=-224.7 px

  ── [STAGE 8e] Bounds Filter ──
    Total projected points : 22,593
    Inside canvas bounds   : 22,593  (100.0%)
    Duplicate pixel hits    : 0
  [INFO] Density non-zero pixels: 22,593
  [INFO] Density peak count     : 1
  [INFO] Raw mask white pixels before morphology: 22,593
  [INFO] White pixels after close: 24,749
  [INFO] Morphological open skipped for tip-loss debugging.
  [INFO] White pixels after open (skipped): 24,749

  ── [STAGE 8f] Final Mask Stats ──
    Bounding box : 265W x 199H px
    Mask centroid: (209.5, 120.5) px
    White pixels : 24,749
  masking.py run ended: 2026-06-13 19:52:14.958691
