
================================================================================
  masking.py run started: 2026-06-13 19:54:55.351710
================================================================================

━━━ [STAGE 1] Loading Point Cloud Array
  [INFO] Total raw points loaded: 364,083

━━━ [STAGE 2] Statistical Outlier Demolition
  [INFO] Points surviving outlier filter: 350,850

━━━ [STAGE 3] Live Plane Surface Isolation (RANSAC)
  [INFO] Original RANSAC: a=0.0147, b=-0.1812, c=0.9833, d=-0.4645
  [INFO] Normal vector pointing down. Flipping coefficients up toward lens.
  [INFO] Points isolated on belt plane: 333,766
  [INFO] Non-plane points going to workspace filter: 17,084

━━━ [STAGE 5] Direction-Enforced Spatial Pre-Filtering
  [INFO] Height gate window : 1.50mm to 500.00mm
  [INFO] Dist-from-plane mm : min=-5.241 mean=25.018 median=25.930 max=38.598
  [INFO] Rejected by lower gate: 136 / 17,084
  [INFO] Rejected by upper gate: 0 / 17,084
  [DEBUG] Points passing directional spatial filters: 16,948

━━━ [STAGE 6] Spatial Structural Isolation Clustering (DBSCAN)
  [INFO] DBSCAN discovered 2 distinct point groups.

━━━ [STAGE 7] Multi-Gate Geometric Evaluation
  Cluster #00 -> Pts: 16924 | Dims(mm): X=115.0, Y=121.4, Z= 32.0 | VolRatio: 0.264 | Gates: [G1-4=1 G5_Size=1 G6_3D=1] -> PASSED
  Cluster #01 -> Pts: 24    | Dims(mm): X=  2.6, Y= 22.2, Z=  4.0 | VolRatio: 0.118 | Gates: [G1-4=1 G5_Size=0 G6_3D=0] -> REJECTED
  [INFO] Winning Cluster selected: ID #0 (Score=0.7791)
  [INFO] Winning cluster point count: 16,924

━━━ [STAGE 8] Projection — Sensor Space → Cropped Canvas

  ── [STAGE 8a] Coordinate System Parameters ──
    Intrinsics    : fx=750.148  fy=749.790  cx=386.179  cy=366.086
    Crop offsets  : left=0 px  top=0 px
    Depth sensor  : 510W x 720H px
    RGB canvas    : 510W x 720H px
    Scale factors : scale_x=1.000000  scale_y=1.000000

  ── [STAGE 8b] 3-D Cluster Bounding Box (world space) ──
    X range : -0.1343 m  →  -0.0193 m  (span 115.0 mm)
    Y range : -0.1657 m  →  -0.0444 m  (span 121.4 mm)
    Z range : 0.4170 m  →  0.4490 m  (span 32.0 mm)
    Z depth : mean=0.4280 m  std=0.0074 m  min=0.4170 m  max=0.4490 m

  ── [STAGE 8c] Projection Steps ──
    [Step 1] Full-sensor pixel coords (before crop subtraction):
      u_sensor  min=154.0  max=353.0  mean=261.2
      v_sensor  min=72.0  max=292.0  mean=178.4
    [OK] Sensor-space OOB: u=0.0%  v=0.0%
    [Step 2] After crop subtraction (crop_left=0, crop_top=0):
      u_cropped min=154.0  max=353.0  mean=261.2
      v_cropped min=72.0  max=292.0  mean=178.4
    [Step 2 Check] Cropped coords outside canvas: u<0=0.0%  u>W=0.0%  v<0=0.0%  v>H=0.0%
    [Step 3] After scale to canvas (scale_x=1.0000, scale_y=1.0000):
      u  min=154  max=353  mean=261.2
      v  min=72  max=292  mean=178.4
      Canvas target size : 510W x 720H px

  ── [STAGE 8d] Expected mask centroid on canvas ──
      Projected centroid : u=261.2 px  v=178.4 px
      Canvas centre      : u=255.0 px  v=360.0 px
      Offset from centre : Δu=6.2 px  Δv=-181.6 px

  ── [STAGE 8e] Bounds Filter ──
    Total projected points : 16,924
    Inside canvas bounds   : 16,924  (100.0%)
    Duplicate pixel hits    : 0
  [INFO] Density non-zero pixels: 16,924
  [INFO] Density peak count     : 1
  [INFO] Raw mask white pixels before morphology: 16,924
  [INFO] White pixels after close: 19,161
  [INFO] Morphological open skipped for tip-loss debugging.
  [INFO] White pixels after open (skipped): 19,161

  ── [STAGE 8f] Final Mask Stats ──
    Bounding box : 199W x 220H px
    Mask centroid: (253.5, 182.0) px
    White pixels : 19,161
  masking.py run ended: 2026-06-13 19:54:59.585327
