
================================================================================
  masking.py run started: 2026-06-13 19:50:26.895125
================================================================================

━━━ [STAGE 1] Loading Point Cloud Array
  [INFO] Total raw points loaded: 366,352

━━━ [STAGE 2] Statistical Outlier Demolition
  [INFO] Points surviving outlier filter: 356,193

━━━ [STAGE 3] Live Plane Surface Isolation (RANSAC)
  [INFO] Original RANSAC: a=0.0140, b=-0.0553, c=0.9984, d=-0.4779
  [INFO] Normal vector pointing down. Flipping coefficients up toward lens.
  [INFO] Points isolated on belt plane: 330,757
  [INFO] Non-plane points going to workspace filter: 25,436

━━━ [STAGE 5] Direction-Enforced Spatial Pre-Filtering
  [INFO] Height gate window : 1.50mm to 500.00mm
  [INFO] Dist-from-plane mm : min=12.784 mean=29.042 median=28.085 max=45.835
  [INFO] Rejected by lower gate: 0 / 25,436
  [INFO] Rejected by upper gate: 0 / 25,436
  [DEBUG] Points passing directional spatial filters: 25,436

━━━ [STAGE 6] Spatial Structural Isolation Clustering (DBSCAN)
  [INFO] DBSCAN discovered 1 distinct point groups.

━━━ [STAGE 7] Multi-Gate Geometric Evaluation
  Cluster #00 -> Pts: 25436 | Dims(mm): X=124.1, Y=140.0, Z= 29.0 | VolRatio: 0.207 | Gates: [G1-4=1 G5_Size=1 G6_3D=1] -> PASSED
  [INFO] Winning Cluster selected: ID #0 (Score=0.7621)
  [INFO] Winning cluster point count: 25,436

━━━ [STAGE 8] Projection — Sensor Space → Cropped Canvas

  ── [STAGE 8a] Coordinate System Parameters ──
    Intrinsics    : fx=750.148  fy=749.790  cx=386.179  cy=366.086
    Crop offsets  : left=0 px  top=0 px
    Depth sensor  : 510W x 720H px
    RGB canvas    : 510W x 720H px
    Scale factors : scale_x=1.000000  scale_y=1.000000

  ── [STAGE 8b] 3-D Cluster Bounding Box (world space) ──
    X range : -0.1805 m  →  -0.0564 m  (span 124.1 mm)
    Y range : 0.0074 m  →  0.1474 m  (span 140.0 mm)
    Z range : 0.4400 m  →  0.4690 m  (span 29.0 mm)
    Z depth : mean=0.4554 m  std=0.0054 m  min=0.4400 m  max=0.4690 m

  ── [STAGE 8c] Projection Steps ──
    [Step 1] Full-sensor pixel coords (before crop subtraction):
      u_sensor  min=95.0  max=295.0  mean=187.0
      v_sensor  min=378.0  max=609.0  mean=487.4
    [OK] Sensor-space OOB: u=0.0%  v=0.0%
    [Step 2] After crop subtraction (crop_left=0, crop_top=0):
      u_cropped min=95.0  max=295.0  mean=187.0
      v_cropped min=378.0  max=609.0  mean=487.4
    [Step 2 Check] Cropped coords outside canvas: u<0=0.0%  u>W=0.0%  v<0=0.0%  v>H=0.0%
    [Step 3] After scale to canvas (scale_x=1.0000, scale_y=1.0000):
      u  min=95  max=295  mean=187.0
      v  min=378  max=609  mean=487.4
      Canvas target size : 510W x 720H px

  ── [STAGE 8d] Expected mask centroid on canvas ──
      Projected centroid : u=187.0 px  v=487.4 px
      Canvas centre      : u=255.0 px  v=360.0 px
      Offset from centre : Δu=-68.0 px  Δv=127.4 px

  ── [STAGE 8e] Bounds Filter ──
    Total projected points : 25,436
    Inside canvas bounds   : 25,436  (100.0%)
    Duplicate pixel hits    : 0
  [INFO] Density non-zero pixels: 25,436
  [INFO] Density peak count     : 1
  [INFO] Raw mask white pixels before morphology: 25,436
  [INFO] White pixels after close: 26,578
  [INFO] Morphological open skipped for tip-loss debugging.
  [INFO] White pixels after open (skipped): 26,578

  ── [STAGE 8f] Final Mask Stats ──
    Bounding box : 200W x 231H px
    Mask centroid: (195.0, 493.5) px
    White pixels : 26,578
  masking.py run ended: 2026-06-13 19:50:30.299885
