
================================================================================
  masking.py run started: 2026-06-13 19:54:35.731366
================================================================================

━━━ [STAGE 1] Loading Point Cloud Array
  [INFO] Total raw points loaded: 363,948

━━━ [STAGE 2] Statistical Outlier Demolition
  [INFO] Points surviving outlier filter: 350,699

━━━ [STAGE 3] Live Plane Surface Isolation (RANSAC)
  [INFO] Original RANSAC: a=0.0166, b=-0.1785, c=0.9838, d=-0.4646
  [INFO] Normal vector pointing down. Flipping coefficients up toward lens.
  [INFO] Points isolated on belt plane: 342,208
  [INFO] Non-plane points going to workspace filter: 8,491

━━━ [STAGE 5] Direction-Enforced Spatial Pre-Filtering
  [INFO] Height gate window : 1.50mm to 500.00mm
  [INFO] Dist-from-plane mm : min=-4.555 mean=18.356 median=18.597 max=32.994
  [INFO] Rejected by lower gate: 665 / 8,491
  [INFO] Rejected by upper gate: 0 / 8,491
  [DEBUG] Points passing directional spatial filters: 7,826

━━━ [STAGE 6] Spatial Structural Isolation Clustering (DBSCAN)
  [INFO] DBSCAN discovered 1 distinct point groups.

━━━ [STAGE 7] Multi-Gate Geometric Evaluation
  Cluster #00 -> Pts: 7826  | Dims(mm): X= 53.8, Y=176.2, Z= 40.0 | VolRatio: 0.227 | Gates: [G1-4=1 G5_Size=1 G6_3D=1] -> PASSED
  [INFO] Winning Cluster selected: ID #0 (Score=0.6594)
  [INFO] Winning cluster point count: 7,826

━━━ [STAGE 8] Projection — Sensor Space → Cropped Canvas

  ── [STAGE 8a] Coordinate System Parameters ──
    Intrinsics    : fx=750.148  fy=749.790  cx=386.179  cy=366.086
    Crop offsets  : left=0 px  top=0 px
    Depth sensor  : 510W x 720H px
    RGB canvas    : 510W x 720H px
    Scale factors : scale_x=1.000000  scale_y=1.000000

  ── [STAGE 8b] 3-D Cluster Bounding Box (world space) ──
    X range : -0.0237 m  →  0.0301 m  (span 53.8 mm)
    Y range : -0.0487 m  →  0.1275 m  (span 176.2 mm)
    Z range : 0.4370 m  →  0.4770 m  (span 40.0 mm)
    Z depth : mean=0.4554 m  std=0.0066 m  min=0.4370 m  max=0.4770 m

  ── [STAGE 8c] Projection Steps ──
    [Step 1] Full-sensor pixel coords (before crop subtraction):
      u_sensor  min=348.0  max=436.0  mean=385.9
      v_sensor  min=285.0  max=567.0  mean=397.9
    [OK] Sensor-space OOB: u=0.0%  v=0.0%
    [Step 2] After crop subtraction (crop_left=0, crop_top=0):
      u_cropped min=348.0  max=436.0  mean=385.9
      v_cropped min=285.0  max=567.0  mean=397.9
    [Step 2 Check] Cropped coords outside canvas: u<0=0.0%  u>W=0.0%  v<0=0.0%  v>H=0.0%
    [Step 3] After scale to canvas (scale_x=1.0000, scale_y=1.0000):
      u  min=348  max=436  mean=385.9
      v  min=285  max=567  mean=397.9
      Canvas target size : 510W x 720H px

  ── [STAGE 8d] Expected mask centroid on canvas ──
      Projected centroid : u=385.9 px  v=397.9 px
      Canvas centre      : u=255.0 px  v=360.0 px
      Offset from centre : Δu=130.9 px  Δv=37.9 px

  ── [STAGE 8e] Bounds Filter ──
    Total projected points : 7,826
    Inside canvas bounds   : 7,826  (100.0%)
    Duplicate pixel hits    : 0
  [INFO] Density non-zero pixels: 7,826
  [INFO] Density peak count     : 1
  [INFO] Raw mask white pixels before morphology: 7,826
  [INFO] White pixels after close: 9,805
  [INFO] Morphological open skipped for tip-loss debugging.
  [INFO] White pixels after open (skipped): 9,805

  ── [STAGE 8f] Final Mask Stats ──
    Bounding box : 88W x 282H px
    Mask centroid: (392.0, 426.0) px
    White pixels : 9,805
  masking.py run ended: 2026-06-13 19:54:37.084703
