
================================================================================
  masking.py run started: 2026-06-13 20:04:30.929500
================================================================================

━━━ [STAGE 1] Loading Point Cloud Array
  [INFO] Total raw points loaded: 365,894

━━━ [STAGE 2] Statistical Outlier Demolition
  [INFO] Points surviving outlier filter: 358,391

━━━ [STAGE 3] Live Plane Surface Isolation (RANSAC)
  [INFO] Original RANSAC: a=0.0134, b=-0.0897, c=0.9959, d=-0.4750
  [INFO] Normal vector pointing down. Flipping coefficients up toward lens.
  [INFO] Points isolated on belt plane: 339,040
  [INFO] Non-plane points going to workspace filter: 19,351

━━━ [STAGE 5] Direction-Enforced Spatial Pre-Filtering
  [INFO] Height gate window : 1.50mm to 500.00mm
  [INFO] Dist-from-plane mm : min=14.730 mean=70.444 median=71.426 max=90.429
  [INFO] Rejected by lower gate: 0 / 19,351
  [INFO] Rejected by upper gate: 0 / 19,351
  [DEBUG] Points passing directional spatial filters: 19,351

━━━ [STAGE 6] Spatial Structural Isolation Clustering (DBSCAN)
  [INFO] DBSCAN discovered 2 distinct point groups.

━━━ [STAGE 7] Multi-Gate Geometric Evaluation
  Cluster #00 -> Pts: 19341 | Dims(mm): X= 96.2, Y= 97.1, Z= 75.0 | VolRatio: 0.772 | Gates: [G1-4=1 G5_Size=1 G6_3D=1] -> PASSED
  Cluster #01 -> Pts: 10    | Dims(mm): X=  1.7, Y=  1.9, Z=  1.0 | VolRatio: 0.517 | Gates: [G1-4=0 G5_Size=0 G6_3D=1] -> REJECTED
  [INFO] Winning Cluster selected: ID #0 (Score=0.9317)
  [INFO] Winning cluster point count: 19,341

━━━ [STAGE 8] Projection — Sensor Space → Cropped Canvas

  ── [STAGE 8a] Coordinate System Parameters ──
    Intrinsics    : fx=750.148  fy=749.790  cx=386.179  cy=366.086
    Crop offsets  : left=0 px  top=0 px
    Depth sensor  : 510W x 720H px
    RGB canvas    : 510W x 720H px
    Scale factors : scale_x=1.000000  scale_y=1.000000

  ── [STAGE 8b] 3-D Cluster Bounding Box (world space) ──
    X range : -0.1194 m  →  -0.0232 m  (span 96.2 mm)
    Y range : -0.0807 m  →  0.0164 m  (span 97.1 mm)
    Z range : 0.3850 m  →  0.4600 m  (span 75.0 mm)
    Z depth : mean=0.4044 m  std=0.0124 m  min=0.3850 m  max=0.4600 m

  ── [STAGE 8c] Projection Steps ──
    [Step 1] Full-sensor pixel coords (before crop subtraction):
      u_sensor  min=175.0  max=348.0  mean=260.1
      v_sensor  min=226.0  max=395.0  mean=310.3
    [OK] Sensor-space OOB: u=0.0%  v=0.0%
    [Step 2] After crop subtraction (crop_left=0, crop_top=0):
      u_cropped min=175.0  max=348.0  mean=260.1
      v_cropped min=226.0  max=395.0  mean=310.3
    [Step 2 Check] Cropped coords outside canvas: u<0=0.0%  u>W=0.0%  v<0=0.0%  v>H=0.0%
    [Step 3] After scale to canvas (scale_x=1.0000, scale_y=1.0000):
      u  min=175  max=348  mean=260.1
      v  min=226  max=395  mean=310.3
      Canvas target size : 510W x 720H px

  ── [STAGE 8d] Expected mask centroid on canvas ──
      Projected centroid : u=260.1 px  v=310.3 px
      Canvas centre      : u=255.0 px  v=360.0 px
      Offset from centre : Δu=5.1 px  Δv=-49.7 px

  ── [STAGE 8e] Bounds Filter ──
    Total projected points : 19,341
    Inside canvas bounds   : 19,341  (100.0%)
    Duplicate pixel hits    : 0
  [INFO] Density non-zero pixels: 19,341
  [INFO] Density peak count     : 1
  [INFO] Raw mask white pixels before morphology: 19,341
  [INFO] White pixels after close: 20,295
  [INFO] Morphological open skipped for tip-loss debugging.
  [INFO] White pixels after open (skipped): 20,295

  ── [STAGE 8f] Final Mask Stats ──
    Bounding box : 173W x 169H px
    Mask centroid: (261.5, 310.5) px
    White pixels : 20,295
  masking.py run ended: 2026-06-13 20:04:33.733246
