
================================================================================
  masking.py run started: 2026-06-13 19:50:20.679870
================================================================================

━━━ [STAGE 1] Loading Point Cloud Array
  [INFO] Total raw points loaded: 366,391

━━━ [STAGE 2] Statistical Outlier Demolition
  [INFO] Points surviving outlier filter: 356,687

━━━ [STAGE 3] Live Plane Surface Isolation (RANSAC)
  [INFO] Original RANSAC: a=0.0141, b=-0.0493, c=0.9987, d=-0.4787
  [INFO] Normal vector pointing down. Flipping coefficients up toward lens.
  [INFO] Points isolated on belt plane: 335,621
  [INFO] Non-plane points going to workspace filter: 21,066

━━━ [STAGE 5] Direction-Enforced Spatial Pre-Filtering
  [INFO] Height gate window : 1.50mm to 500.00mm
  [INFO] Dist-from-plane mm : min=19.264 mean=31.023 median=29.709 max=46.127
  [INFO] Rejected by lower gate: 0 / 21,066
  [INFO] Rejected by upper gate: 0 / 21,066
  [DEBUG] Points passing directional spatial filters: 21,066

━━━ [STAGE 6] Spatial Structural Isolation Clustering (DBSCAN)
  [INFO] DBSCAN discovered 1 distinct point groups.

━━━ [STAGE 7] Multi-Gate Geometric Evaluation
  Cluster #00 -> Pts: 21066 | Dims(mm): X= 86.8, Y=125.3, Z= 25.0 | VolRatio: 0.200 | Gates: [G1-4=1 G5_Size=1 G6_3D=1] -> PASSED
  [INFO] Winning Cluster selected: ID #0 (Score=0.7599)
  [INFO] Winning cluster point count: 21,066

━━━ [STAGE 8] Projection — Sensor Space → Cropped Canvas

  ── [STAGE 8a] Coordinate System Parameters ──
    Intrinsics    : fx=750.148  fy=749.790  cx=386.179  cy=366.086
    Crop offsets  : left=0 px  top=0 px
    Depth sensor  : 510W x 720H px
    RGB canvas    : 510W x 720H px
    Scale factors : scale_x=1.000000  scale_y=1.000000

  ── [STAGE 8b] 3-D Cluster Bounding Box (world space) ──
    X range : -0.1809 m  →  -0.0941 m  (span 86.8 mm)
    Y range : -0.2191 m  →  -0.0939 m  (span 125.3 mm)
    Z range : 0.4300 m  →  0.4550 m  (span 25.0 mm)
    Z depth : mean=0.4422 m  std=0.0047 m  min=0.4300 m  max=0.4550 m

  ── [STAGE 8c] Projection Steps ──
    [Step 1] Full-sensor pixel coords (before crop subtraction):
      u_sensor  min=88.0  max=229.0  mean=156.5
      v_sensor  min=0.0  max=209.0  mean=92.1
    [OK] Sensor-space OOB: u=0.0%  v=0.0%
    [Step 2] After crop subtraction (crop_left=0, crop_top=0):
      u_cropped min=88.0  max=229.0  mean=156.5
      v_cropped min=0.0  max=209.0  mean=92.1
    [Step 2 Check] Cropped coords outside canvas: u<0=0.0%  u>W=0.0%  v<0=0.0%  v>H=0.0%
    [Step 3] After scale to canvas (scale_x=1.0000, scale_y=1.0000):
      u  min=88  max=229  mean=156.5
      v  min=0  max=209  mean=92.1
      Canvas target size : 510W x 720H px

  ── [STAGE 8d] Expected mask centroid on canvas ──
      Projected centroid : u=156.5 px  v=92.1 px
      Canvas centre      : u=255.0 px  v=360.0 px
      Offset from centre : Δu=-98.5 px  Δv=-267.9 px

  ── [STAGE 8e] Bounds Filter ──
    Total projected points : 21,066
    Inside canvas bounds   : 21,066  (100.0%)
    Duplicate pixel hits    : 0
  [INFO] Density non-zero pixels: 21,066
  [INFO] Density peak count     : 1
  [INFO] Raw mask white pixels before morphology: 21,066
  [INFO] White pixels after close: 21,954
  [INFO] Morphological open skipped for tip-loss debugging.
  [INFO] White pixels after open (skipped): 21,954

  ── [STAGE 8f] Final Mask Stats ──
    Bounding box : 141W x 209H px
    Mask centroid: (158.5, 104.5) px
    White pixels : 21,954
  masking.py run ended: 2026-06-13 19:50:23.804500
