
================================================================================
  masking.py run started: 2026-06-13 19:48:50.193304
================================================================================

━━━ [STAGE 1] Loading Point Cloud Array
  [INFO] Total raw points loaded: 366,414

━━━ [STAGE 2] Statistical Outlier Demolition
  [INFO] Points surviving outlier filter: 356,327

━━━ [STAGE 3] Live Plane Surface Isolation (RANSAC)
  [INFO] Original RANSAC: a=0.0148, b=-0.0496, c=0.9987, d=-0.4785
  [INFO] Normal vector pointing down. Flipping coefficients up toward lens.
  [INFO] Points isolated on belt plane: 350,819
  [INFO] Non-plane points going to workspace filter: 5,508

━━━ [STAGE 5] Direction-Enforced Spatial Pre-Filtering
  [INFO] Height gate window : 1.50mm to 500.00mm
  [INFO] Dist-from-plane mm : min=14.377 mean=43.013 median=45.327 max=55.390
  [INFO] Rejected by lower gate: 0 / 5,508
  [INFO] Rejected by upper gate: 0 / 5,508
  [DEBUG] Points passing directional spatial filters: 5,508

━━━ [STAGE 6] Spatial Structural Isolation Clustering (DBSCAN)
  [INFO] DBSCAN discovered 1 distinct point groups.

━━━ [STAGE 7] Multi-Gate Geometric Evaluation
  Cluster #00 -> Pts: 5508  | Dims(mm): X= 68.1, Y=107.2, Z= 40.0 | VolRatio: 0.373 | Gates: [G1-4=1 G5_Size=1 G6_3D=1] -> PASSED
  [INFO] Winning Cluster selected: ID #0 (Score=0.5873)
  [INFO] Winning cluster point count: 5,508

━━━ [STAGE 8] Projection — Sensor Space → Cropped Canvas

  ── [STAGE 8a] Coordinate System Parameters ──
    Intrinsics    : fx=750.148  fy=749.790  cx=386.179  cy=366.086
    Crop offsets  : left=0 px  top=0 px
    Depth sensor  : 510W x 720H px
    RGB canvas    : 510W x 720H px
    Scale factors : scale_x=1.000000  scale_y=1.000000

  ── [STAGE 8b] 3-D Cluster Bounding Box (world space) ──
    X range : -0.0965 m  →  -0.0284 m  (span 68.1 mm)
    Y range : -0.2198 m  →  -0.1126 m  (span 107.2 mm)
    Z range : 0.4170 m  →  0.4570 m  (span 40.0 mm)
    Z depth : mean=0.4294 m  std=0.0081 m  min=0.4170 m  max=0.4570 m

  ── [STAGE 8c] Projection Steps ──
    [Step 1] Full-sensor pixel coords (before crop subtraction):
      u_sensor  min=225.0  max=338.0  mean=285.2
      v_sensor  min=0.0  max=178.0  mean=98.4
    [OK] Sensor-space OOB: u=0.0%  v=0.0%
    [Step 2] After crop subtraction (crop_left=0, crop_top=0):
      u_cropped min=225.0  max=338.0  mean=285.2
      v_cropped min=0.0  max=178.0  mean=98.4
    [Step 2 Check] Cropped coords outside canvas: u<0=0.0%  u>W=0.0%  v<0=0.0%  v>H=0.0%
    [Step 3] After scale to canvas (scale_x=1.0000, scale_y=1.0000):
      u  min=225  max=338  mean=285.2
      v  min=0  max=178  mean=98.4
      Canvas target size : 510W x 720H px

  ── [STAGE 8d] Expected mask centroid on canvas ──
      Projected centroid : u=285.2 px  v=98.4 px
      Canvas centre      : u=255.0 px  v=360.0 px
      Offset from centre : Δu=30.2 px  Δv=-261.6 px

  ── [STAGE 8e] Bounds Filter ──
    Total projected points : 5,508
    Inside canvas bounds   : 5,508  (100.0%)
    Duplicate pixel hits    : 0
  [INFO] Density non-zero pixels: 5,508
  [INFO] Density peak count     : 1
  [INFO] Raw mask white pixels before morphology: 5,508
  [INFO] White pixels after close: 6,721
  [INFO] Morphological open skipped for tip-loss debugging.
  [INFO] White pixels after open (skipped): 6,721

  ── [STAGE 8f] Final Mask Stats ──
    Bounding box : 113W x 178H px
    Mask centroid: (281.5, 89.0) px
    White pixels : 6,721
  masking.py run ended: 2026-06-13 19:48:51.720195
