
================================================================================
  masking.py run started: 2026-06-13 19:52:51.937173
================================================================================

━━━ [STAGE 1] Loading Point Cloud Array
  [INFO] Total raw points loaded: 365,575

━━━ [STAGE 2] Statistical Outlier Demolition
  [INFO] Points surviving outlier filter: 354,984

━━━ [STAGE 3] Live Plane Surface Isolation (RANSAC)
  [INFO] Original RANSAC: a=0.0146, b=-0.1108, c=0.9937, d=-0.4724
  [INFO] Normal vector pointing down. Flipping coefficients up toward lens.
  [INFO] Points isolated on belt plane: 336,612
  [INFO] Non-plane points going to workspace filter: 18,372

━━━ [STAGE 5] Direction-Enforced Spatial Pre-Filtering
  [INFO] Height gate window : 1.50mm to 500.00mm
  [INFO] Dist-from-plane mm : min=12.984 mean=33.052 median=31.399 max=70.000
  [INFO] Rejected by lower gate: 0 / 18,372
  [INFO] Rejected by upper gate: 0 / 18,372
  [DEBUG] Points passing directional spatial filters: 18,372

━━━ [STAGE 6] Spatial Structural Isolation Clustering (DBSCAN)
  [INFO] DBSCAN discovered 1 distinct point groups.

━━━ [STAGE 7] Multi-Gate Geometric Evaluation
  Cluster #00 -> Pts: 18372 | Dims(mm): X=106.4, Y=127.5, Z= 66.0 | VolRatio: 0.517 | Gates: [G1-4=1 G5_Size=1 G6_3D=1] -> PASSED
  [INFO] Winning Cluster selected: ID #0 (Score=0.8552)
  [INFO] Winning cluster point count: 18,372

━━━ [STAGE 8] Projection — Sensor Space → Cropped Canvas

  ── [STAGE 8a] Coordinate System Parameters ──
    Intrinsics    : fx=750.148  fy=749.790  cx=386.179  cy=366.086
    Crop offsets  : left=0 px  top=0 px
    Depth sensor  : 510W x 720H px
    RGB canvas    : 510W x 720H px
    Scale factors : scale_x=1.000000  scale_y=1.000000

  ── [STAGE 8b] 3-D Cluster Bounding Box (world space) ──
    X range : -0.1041 m  →  0.0024 m  (span 106.4 mm)
    Y range : -0.0770 m  →  0.0505 m  (span 127.5 mm)
    Z range : 0.4020 m  →  0.4680 m  (span 66.0 mm)
    Z depth : mean=0.4418 m  std=0.0142 m  min=0.4020 m  max=0.4680 m

  ── [STAGE 8c] Projection Steps ──
    [Step 1] Full-sensor pixel coords (before crop subtraction):
      u_sensor  min=215.0  max=390.0  mean=310.9
      v_sensor  min=236.0  max=447.0  mean=350.1
    [OK] Sensor-space OOB: u=0.0%  v=0.0%
    [Step 2] After crop subtraction (crop_left=0, crop_top=0):
      u_cropped min=215.0  max=390.0  mean=310.9
      v_cropped min=236.0  max=447.0  mean=350.1
    [Step 2 Check] Cropped coords outside canvas: u<0=0.0%  u>W=0.0%  v<0=0.0%  v>H=0.0%
    [Step 3] After scale to canvas (scale_x=1.0000, scale_y=1.0000):
      u  min=215  max=390  mean=310.9
      v  min=236  max=447  mean=350.1
      Canvas target size : 510W x 720H px

  ── [STAGE 8d] Expected mask centroid on canvas ──
      Projected centroid : u=310.9 px  v=350.1 px
      Canvas centre      : u=255.0 px  v=360.0 px
      Offset from centre : Δu=55.9 px  Δv=-9.9 px

  ── [STAGE 8e] Bounds Filter ──
    Total projected points : 18,372
    Inside canvas bounds   : 18,372  (100.0%)
    Duplicate pixel hits    : 0
  [INFO] Density non-zero pixels: 18,372
  [INFO] Density peak count     : 1
  [INFO] Raw mask white pixels before morphology: 18,372
  [INFO] White pixels after close: 21,056
  [INFO] Morphological open skipped for tip-loss debugging.
  [INFO] White pixels after open (skipped): 21,056

  ── [STAGE 8f] Final Mask Stats ──
    Bounding box : 175W x 211H px
    Mask centroid: (302.5, 341.5) px
    White pixels : 21,056
  masking.py run ended: 2026-06-13 19:52:54.294203
