
================================================================================
  masking.py run started: 2026-06-13 19:58:26.299117
================================================================================

━━━ [STAGE 1] Loading Point Cloud Array
  [INFO] Total raw points loaded: 363,664

━━━ [STAGE 2] Statistical Outlier Demolition
  [INFO] Points surviving outlier filter: 353,216

━━━ [STAGE 3] Live Plane Surface Isolation (RANSAC)
  [INFO] Original RANSAC: a=0.0162, b=-0.1933, c=0.9810, d=-0.4629
  [INFO] Normal vector pointing down. Flipping coefficients up toward lens.
  [INFO] Points isolated on belt plane: 325,981
  [INFO] Non-plane points going to workspace filter: 27,235

━━━ [STAGE 5] Direction-Enforced Spatial Pre-Filtering
  [INFO] Height gate window : 1.50mm to 500.00mm
  [INFO] Dist-from-plane mm : min=12.767 mean=70.362 median=72.303 max=91.539
  [INFO] Rejected by lower gate: 0 / 27,235
  [INFO] Rejected by upper gate: 0 / 27,235
  [DEBUG] Points passing directional spatial filters: 27,235

━━━ [STAGE 6] Spatial Structural Isolation Clustering (DBSCAN)
  [INFO] DBSCAN discovered 3 distinct point groups.

━━━ [STAGE 7] Multi-Gate Geometric Evaluation
  Cluster #00 -> Pts: 33    | Dims(mm): X=  3.7, Y=  4.9, Z=  7.0 | VolRatio: 0.529 | Gates: [G1-4=1 G5_Size=0 G6_3D=1] -> REJECTED
  Cluster #01 -> Pts: 27188 | Dims(mm): X=164.0, Y=126.9, Z= 93.0 | VolRatio: 0.567 | Gates: [G1-4=1 G5_Size=1 G6_3D=1] -> PASSED
  Cluster #02 -> Pts: 14    | Dims(mm): X=  2.6, Y=  2.1, Z=  1.0 | VolRatio: 0.382 | Gates: [G1-4=0 G5_Size=0 G6_3D=1] -> REJECTED
  [INFO] Winning Cluster selected: ID #1 (Score=0.8702)
  [INFO] Winning cluster point count: 27,188

━━━ [STAGE 8] Projection — Sensor Space → Cropped Canvas

  ── [STAGE 8a] Coordinate System Parameters ──
    Intrinsics    : fx=750.148  fy=749.790  cx=386.179  cy=366.086
    Crop offsets  : left=0 px  top=0 px
    Depth sensor  : 510W x 720H px
    RGB canvas    : 510W x 720H px
    Scale factors : scale_x=1.000000  scale_y=1.000000

  ── [STAGE 8b] 3-D Cluster Bounding Box (world space) ──
    X range : -0.0892 m  →  0.0748 m  (span 164.0 mm)
    Y range : -0.0124 m  →  0.1145 m  (span 126.9 mm)
    Z range : 0.3840 m  →  0.4770 m  (span 93.0 mm)
    Z depth : mean=0.4081 m  std=0.0150 m  min=0.3840 m  max=0.4770 m

  ── [STAGE 8c] Projection Steps ──
    [Step 1] Full-sensor pixel coords (before crop subtraction):
      u_sensor  min=232.0  max=506.0  mean=355.2
      v_sensor  min=345.0  max=548.0  mean=437.7
    [OK] Sensor-space OOB: u=0.0%  v=0.0%
    [Step 2] After crop subtraction (crop_left=0, crop_top=0):
      u_cropped min=232.0  max=506.0  mean=355.2
      v_cropped min=345.0  max=548.0  mean=437.7
    [Step 2 Check] Cropped coords outside canvas: u<0=0.0%  u>W=0.0%  v<0=0.0%  v>H=0.0%
    [Step 3] After scale to canvas (scale_x=1.0000, scale_y=1.0000):
      u  min=232  max=506  mean=355.2
      v  min=345  max=548  mean=437.7
      Canvas target size : 510W x 720H px

  ── [STAGE 8d] Expected mask centroid on canvas ──
      Projected centroid : u=355.2 px  v=437.7 px
      Canvas centre      : u=255.0 px  v=360.0 px
      Offset from centre : Δu=100.2 px  Δv=77.7 px

  ── [STAGE 8e] Bounds Filter ──
    Total projected points : 27,188
    Inside canvas bounds   : 27,188  (100.0%)
    Duplicate pixel hits    : 0
  [INFO] Density non-zero pixels: 27,188
  [INFO] Density peak count     : 1
  [INFO] Raw mask white pixels before morphology: 27,188
  [INFO] White pixels after close: 29,170
  [INFO] Morphological open skipped for tip-loss debugging.
  [INFO] White pixels after open (skipped): 29,170

  ── [STAGE 8f] Final Mask Stats ──
    Bounding box : 277W x 203H px
    Mask centroid: (370.5, 446.5) px
    White pixels : 29,170
  masking.py run ended: 2026-06-13 19:58:30.205259
