
================================================================================
  masking.py run started: 2026-06-13 19:56:42.793161
================================================================================

━━━ [STAGE 1] Loading Point Cloud Array
  [INFO] Total raw points loaded: 363,601

━━━ [STAGE 2] Statistical Outlier Demolition
  [INFO] Points surviving outlier filter: 354,567

━━━ [STAGE 3] Live Plane Surface Isolation (RANSAC)
  [INFO] Original RANSAC: a=0.0145, b=-0.1948, c=0.9807, d=-0.4630
  [INFO] Normal vector pointing down. Flipping coefficients up toward lens.
  [INFO] Points isolated on belt plane: 322,990
  [INFO] Non-plane points going to workspace filter: 31,577

━━━ [STAGE 5] Direction-Enforced Spatial Pre-Filtering
  [INFO] Height gate window : 1.50mm to 500.00mm
  [INFO] Dist-from-plane mm : min=14.355 mean=55.898 median=55.128 max=84.786
  [INFO] Rejected by lower gate: 0 / 31,577
  [INFO] Rejected by upper gate: 0 / 31,577
  [DEBUG] Points passing directional spatial filters: 31,577

━━━ [STAGE 6] Spatial Structural Isolation Clustering (DBSCAN)
  [INFO] DBSCAN discovered 1 distinct point groups.

━━━ [STAGE 7] Multi-Gate Geometric Evaluation
  Cluster #00 -> Pts: 31571 | Dims(mm): X=165.0, Y= 89.1, Z= 69.0 | VolRatio: 0.418 | Gates: [G1-4=1 G5_Size=1 G6_3D=1] -> PASSED
  [INFO] Winning Cluster selected: ID #0 (Score=0.8255)
  [INFO] Winning cluster point count: 31,571

━━━ [STAGE 8] Projection — Sensor Space → Cropped Canvas

  ── [STAGE 8a] Coordinate System Parameters ──
    Intrinsics    : fx=750.148  fy=749.790  cx=386.179  cy=366.086
    Crop offsets  : left=0 px  top=0 px
    Depth sensor  : 510W x 720H px
    RGB canvas    : 510W x 720H px
    Scale factors : scale_x=1.000000  scale_y=1.000000

  ── [STAGE 8b] 3-D Cluster Bounding Box (world space) ──
    X range : -0.1140 m  →  0.0510 m  (span 165.0 mm)
    Y range : -0.0590 m  →  0.0301 m  (span 89.1 mm)
    Z range : 0.3870 m  →  0.4560 m  (span 69.0 mm)
    Z depth : mean=0.4126 m  std=0.0099 m  min=0.3870 m  max=0.4560 m

  ── [STAGE 8c] Projection Steps ──
    [Step 1] Full-sensor pixel coords (before crop subtraction):
      u_sensor  min=190.0  max=470.0  mean=334.1
      v_sensor  min=260.0  max=420.0  mean=338.5
    [OK] Sensor-space OOB: u=0.0%  v=0.0%
    [Step 2] After crop subtraction (crop_left=0, crop_top=0):
      u_cropped min=190.0  max=470.0  mean=334.1
      v_cropped min=260.0  max=420.0  mean=338.5
    [Step 2 Check] Cropped coords outside canvas: u<0=0.0%  u>W=0.0%  v<0=0.0%  v>H=0.0%
    [Step 3] After scale to canvas (scale_x=1.0000, scale_y=1.0000):
      u  min=190  max=470  mean=334.1
      v  min=260  max=420  mean=338.5
      Canvas target size : 510W x 720H px

  ── [STAGE 8d] Expected mask centroid on canvas ──
      Projected centroid : u=334.1 px  v=338.5 px
      Canvas centre      : u=255.0 px  v=360.0 px
      Offset from centre : Δu=79.1 px  Δv=-21.5 px

  ── [STAGE 8e] Bounds Filter ──
    Total projected points : 31,571
    Inside canvas bounds   : 31,571  (100.0%)
    Duplicate pixel hits    : 0
  [INFO] Density non-zero pixels: 31,571
  [INFO] Density peak count     : 1
  [INFO] Raw mask white pixels before morphology: 31,571
  [INFO] White pixels after close: 32,738
  [INFO] Morphological open skipped for tip-loss debugging.
  [INFO] White pixels after open (skipped): 32,738

  ── [STAGE 8f] Final Mask Stats ──
    Bounding box : 280W x 160H px
    Mask centroid: (330.0, 340.0) px
    White pixels : 32,738
  masking.py run ended: 2026-06-13 19:56:47.863614
