
================================================================================
  masking.py run started: 2026-06-13 19:46:54.486840
================================================================================

━━━ [STAGE 1] Loading Point Cloud Array
  [INFO] Total raw points loaded: 366,432

━━━ [STAGE 2] Statistical Outlier Demolition
  [INFO] Points surviving outlier filter: 356,456

━━━ [STAGE 3] Live Plane Surface Isolation (RANSAC)
  [INFO] Original RANSAC: a=0.0173, b=-0.0470, c=0.9987, d=-0.4776
  [INFO] Normal vector pointing down. Flipping coefficients up toward lens.
  [INFO] Points isolated on belt plane: 310,869
  [INFO] Non-plane points going to workspace filter: 45,587

━━━ [STAGE 5] Direction-Enforced Spatial Pre-Filtering
  [INFO] Height gate window : 1.50mm to 500.00mm
  [INFO] Dist-from-plane mm : min=12.135 mean=29.077 median=24.454 max=61.599
  [INFO] Rejected by lower gate: 0 / 45,587
  [INFO] Rejected by upper gate: 0 / 45,587
  [DEBUG] Points passing directional spatial filters: 45,587

━━━ [STAGE 6] Spatial Structural Isolation Clustering (DBSCAN)
  [INFO] DBSCAN discovered 1 distinct point groups.

━━━ [STAGE 7] Multi-Gate Geometric Evaluation
  Cluster #00 -> Pts: 45587 | Dims(mm): X=148.6, Y=234.7, Z= 60.0 | VolRatio: 0.256 | Gates: [G1-4=1 G5_Size=1 G6_3D=1] -> PASSED
  [INFO] Winning Cluster selected: ID #0 (Score=0.7767)
  [INFO] Winning cluster point count: 45,587

━━━ [STAGE 8] Projection — Sensor Space → Cropped Canvas

  ── [STAGE 8a] Coordinate System Parameters ──
    Intrinsics    : fx=750.148  fy=749.790  cx=386.179  cy=366.086
    Crop offsets  : left=0 px  top=0 px
    Depth sensor  : 510W x 720H px
    RGB canvas    : 510W x 720H px
    Scale factors : scale_x=1.000000  scale_y=1.000000

  ── [STAGE 8b] 3-D Cluster Bounding Box (world space) ──
    X range : -0.1272 m  →  0.0214 m  (span 148.6 mm)
    Y range : -0.1160 m  →  0.1187 m  (span 234.7 mm)
    Z range : 0.4130 m  →  0.4730 m  (span 60.0 mm)
    Z depth : mean=0.4502 m  std=0.0141 m  min=0.4130 m  max=0.4730 m

  ── [STAGE 8c] Projection Steps ──
    [Step 1] Full-sensor pixel coords (before crop subtraction):
      u_sensor  min=184.0  max=421.0  mean=286.5
      v_sensor  min=168.0  max=563.0  mean=368.3
    [OK] Sensor-space OOB: u=0.0%  v=0.0%
    [Step 2] After crop subtraction (crop_left=0, crop_top=0):
      u_cropped min=184.0  max=421.0  mean=286.5
      v_cropped min=168.0  max=563.0  mean=368.3
    [Step 2 Check] Cropped coords outside canvas: u<0=0.0%  u>W=0.0%  v<0=0.0%  v>H=0.0%
    [Step 3] After scale to canvas (scale_x=1.0000, scale_y=1.0000):
      u  min=184  max=421  mean=286.5
      v  min=168  max=563  mean=368.3
      Canvas target size : 510W x 720H px

  ── [STAGE 8d] Expected mask centroid on canvas ──
      Projected centroid : u=286.5 px  v=368.3 px
      Canvas centre      : u=255.0 px  v=360.0 px
      Offset from centre : Δu=31.5 px  Δv=8.3 px

  ── [STAGE 8e] Bounds Filter ──
    Total projected points : 45,587
    Inside canvas bounds   : 45,587  (100.0%)
    Duplicate pixel hits    : 0
  [INFO] Density non-zero pixels: 45,587
  [INFO] Density peak count     : 1
  [INFO] Raw mask white pixels before morphology: 45,587
  [INFO] White pixels after close: 47,537
  [INFO] Morphological open skipped for tip-loss debugging.
  [INFO] White pixels after open (skipped): 47,537

  ── [STAGE 8f] Final Mask Stats ──
    Bounding box : 237W x 395H px
    Mask centroid: (302.5, 365.5) px
    White pixels : 47,537
  masking.py run ended: 2026-06-13 19:47:00.830093
