
================================================================================
  masking.py run started: 2026-06-13 19:49:35.996079
================================================================================

━━━ [STAGE 1] Loading Point Cloud Array
  [INFO] Total raw points loaded: 366,405

━━━ [STAGE 2] Statistical Outlier Demolition
  [INFO] Points surviving outlier filter: 357,361

━━━ [STAGE 3] Live Plane Surface Isolation (RANSAC)
  [INFO] Original RANSAC: a=0.0138, b=-0.0502, c=0.9986, d=-0.4785
  [INFO] Normal vector pointing down. Flipping coefficients up toward lens.
  [INFO] Points isolated on belt plane: 350,301
  [INFO] Non-plane points going to workspace filter: 7,060

━━━ [STAGE 5] Direction-Enforced Spatial Pre-Filtering
  [INFO] Height gate window : 1.50mm to 500.00mm
  [INFO] Dist-from-plane mm : min=9.100 mean=38.964 median=39.989 max=53.624
  [INFO] Rejected by lower gate: 0 / 7,060
  [INFO] Rejected by upper gate: 0 / 7,060
  [DEBUG] Points passing directional spatial filters: 7,060

━━━ [STAGE 6] Spatial Structural Isolation Clustering (DBSCAN)
  [INFO] DBSCAN discovered 3 distinct point groups.

━━━ [STAGE 7] Multi-Gate Geometric Evaluation
  Cluster #00 -> Pts: 7038  | Dims(mm): X= 76.2, Y=166.3, Z= 46.0 | VolRatio: 0.277 | Gates: [G1-4=1 G5_Size=1 G6_3D=1] -> PASSED
  Cluster #01 -> Pts: 9     | Dims(mm): X=  9.6, Y= 10.0, Z=  1.0 | VolRatio: 0.100 | Gates: [G1-4=0 G5_Size=0 G6_3D=0] -> REJECTED
  Cluster #02 -> Pts: 13    | Dims(mm): X=  1.3, Y=  3.2, Z=  1.0 | VolRatio: 0.310 | Gates: [G1-4=0 G5_Size=0 G6_3D=1] -> REJECTED
  [INFO] Winning Cluster selected: ID #0 (Score=0.6349)
  [INFO] Winning cluster point count: 7,038

━━━ [STAGE 8] Projection — Sensor Space → Cropped Canvas

  ── [STAGE 8a] Coordinate System Parameters ──
    Intrinsics    : fx=750.148  fy=749.790  cx=386.179  cy=366.086
    Crop offsets  : left=0 px  top=0 px
    Depth sensor  : 510W x 720H px
    RGB canvas    : 510W x 720H px
    Scale factors : scale_x=1.000000  scale_y=1.000000

  ── [STAGE 8b] 3-D Cluster Bounding Box (world space) ──
    X range : -0.0865 m  →  -0.0103 m  (span 76.2 mm)
    Y range : -0.1786 m  →  -0.0123 m  (span 166.3 mm)
    Z range : 0.4180 m  →  0.4640 m  (span 46.0 mm)
    Z depth : mean=0.4358 m  std=0.0095 m  min=0.4180 m  max=0.4640 m

  ── [STAGE 8c] Projection Steps ──
    [Step 1] Full-sensor pixel coords (before crop subtraction):
      u_sensor  min=241.0  max=369.0  mean=282.7
      v_sensor  min=61.0  max=346.0  mean=191.4
    [OK] Sensor-space OOB: u=0.0%  v=0.0%
    [Step 2] After crop subtraction (crop_left=0, crop_top=0):
      u_cropped min=241.0  max=369.0  mean=282.7
      v_cropped min=61.0  max=346.0  mean=191.4
    [Step 2 Check] Cropped coords outside canvas: u<0=0.0%  u>W=0.0%  v<0=0.0%  v>H=0.0%
    [Step 3] After scale to canvas (scale_x=1.0000, scale_y=1.0000):
      u  min=241  max=369  mean=282.7
      v  min=61  max=346  mean=191.4
      Canvas target size : 510W x 720H px

  ── [STAGE 8d] Expected mask centroid on canvas ──
      Projected centroid : u=282.7 px  v=191.4 px
      Canvas centre      : u=255.0 px  v=360.0 px
      Offset from centre : Δu=27.7 px  Δv=-168.6 px

  ── [STAGE 8e] Bounds Filter ──
    Total projected points : 7,038
    Inside canvas bounds   : 7,038  (100.0%)
    Duplicate pixel hits    : 0
  [INFO] Density non-zero pixels: 7,038
  [INFO] Density peak count     : 1
  [INFO] Raw mask white pixels before morphology: 7,038
  [INFO] White pixels after close: 8,166
  [INFO] Morphological open skipped for tip-loss debugging.
  [INFO] White pixels after open (skipped): 8,166

  ── [STAGE 8f] Final Mask Stats ──
    Bounding box : 128W x 285H px
    Mask centroid: (305.0, 203.5) px
    White pixels : 8,166
  masking.py run ended: 2026-06-13 19:49:37.589036
