
================================================================================
  masking.py run started: 2026-06-13 19:50:42.310141
================================================================================

━━━ [STAGE 1] Loading Point Cloud Array
  [INFO] Total raw points loaded: 366,031

━━━ [STAGE 2] Statistical Outlier Demolition
  [INFO] Points surviving outlier filter: 355,993

━━━ [STAGE 3] Live Plane Surface Isolation (RANSAC)
  [INFO] Original RANSAC: a=0.0161, b=-0.0787, c=0.9968, d=-0.4755
  [INFO] Normal vector pointing down. Flipping coefficients up toward lens.
  [INFO] Points isolated on belt plane: 334,166
  [INFO] Non-plane points going to workspace filter: 21,827

━━━ [STAGE 5] Direction-Enforced Spatial Pre-Filtering
  [INFO] Height gate window : 1.50mm to 500.00mm
  [INFO] Dist-from-plane mm : min=15.572 mean=29.674 median=29.787 max=44.275
  [INFO] Rejected by lower gate: 0 / 21,827
  [INFO] Rejected by upper gate: 0 / 21,827
  [DEBUG] Points passing directional spatial filters: 21,827

━━━ [STAGE 6] Spatial Structural Isolation Clustering (DBSCAN)
  [INFO] DBSCAN discovered 1 distinct point groups.

━━━ [STAGE 7] Multi-Gate Geometric Evaluation
  Cluster #00 -> Pts: 21827 | Dims(mm): X= 82.8, Y=115.3, Z= 32.0 | VolRatio: 0.278 | Gates: [G1-4=1 G5_Size=1 G6_3D=1] -> PASSED
  [INFO] Winning Cluster selected: ID #0 (Score=0.7833)
  [INFO] Winning cluster point count: 21,827

━━━ [STAGE 8] Projection — Sensor Space → Cropped Canvas

  ── [STAGE 8a] Coordinate System Parameters ──
    Intrinsics    : fx=750.148  fy=749.790  cx=386.179  cy=366.086
    Crop offsets  : left=0 px  top=0 px
    Depth sensor  : 510W x 720H px
    RGB canvas    : 510W x 720H px
    Scale factors : scale_x=1.000000  scale_y=1.000000

  ── [STAGE 8b] 3-D Cluster Bounding Box (world space) ──
    X range : -0.1864 m  →  -0.1036 m  (span 82.8 mm)
    Y range : -0.2153 m  →  -0.1000 m  (span 115.3 mm)
    Z range : 0.4200 m  →  0.4520 m  (span 32.0 mm)
    Z depth : mean=0.4368 m  std=0.0058 m  min=0.4200 m  max=0.4520 m

  ── [STAGE 8c] Projection Steps ──
    [Step 1] Full-sensor pixel coords (before crop subtraction):
      u_sensor  min=64.0  max=213.0  mean=144.8
      v_sensor  min=0.0  max=196.0  mean=88.9
    [OK] Sensor-space OOB: u=0.0%  v=0.0%
    [Step 2] After crop subtraction (crop_left=0, crop_top=0):
      u_cropped min=64.0  max=213.0  mean=144.8
      v_cropped min=0.0  max=196.0  mean=88.9
    [Step 2 Check] Cropped coords outside canvas: u<0=0.0%  u>W=0.0%  v<0=0.0%  v>H=0.0%
    [Step 3] After scale to canvas (scale_x=1.0000, scale_y=1.0000):
      u  min=64  max=213  mean=144.8
      v  min=0  max=196  mean=88.9
      Canvas target size : 510W x 720H px

  ── [STAGE 8d] Expected mask centroid on canvas ──
      Projected centroid : u=144.8 px  v=88.9 px
      Canvas centre      : u=255.0 px  v=360.0 px
      Offset from centre : Δu=-110.2 px  Δv=-271.1 px

  ── [STAGE 8e] Bounds Filter ──
    Total projected points : 21,827
    Inside canvas bounds   : 21,827  (100.0%)
    Duplicate pixel hits    : 0
  [INFO] Density non-zero pixels: 21,827
  [INFO] Density peak count     : 1
  [INFO] Raw mask white pixels before morphology: 21,827
  [INFO] White pixels after close: 23,119
  [INFO] Morphological open skipped for tip-loss debugging.
  [INFO] White pixels after open (skipped): 23,119

  ── [STAGE 8f] Final Mask Stats ──
    Bounding box : 149W x 196H px
    Mask centroid: (138.5, 98.0) px
    White pixels : 23,119
  masking.py run ended: 2026-06-13 19:50:45.249519
