
================================================================================
  masking.py run started: 2026-06-13 19:52:54.294845
================================================================================

━━━ [STAGE 1] Loading Point Cloud Array
  [INFO] Total raw points loaded: 365,538

━━━ [STAGE 2] Statistical Outlier Demolition
  [INFO] Points surviving outlier filter: 355,193

━━━ [STAGE 3] Live Plane Surface Isolation (RANSAC)
  [INFO] Original RANSAC: a=0.0150, b=-0.1106, c=0.9937, d=-0.4723
  [INFO] Normal vector pointing down. Flipping coefficients up toward lens.
  [INFO] Points isolated on belt plane: 336,007
  [INFO] Non-plane points going to workspace filter: 19,186

━━━ [STAGE 5] Direction-Enforced Spatial Pre-Filtering
  [INFO] Height gate window : 1.50mm to 500.00mm
  [INFO] Dist-from-plane mm : min=12.915 mean=32.389 median=31.137 max=68.215
  [INFO] Rejected by lower gate: 0 / 19,186
  [INFO] Rejected by upper gate: 0 / 19,186
  [DEBUG] Points passing directional spatial filters: 19,186

━━━ [STAGE 6] Spatial Structural Isolation Clustering (DBSCAN)
  [INFO] DBSCAN discovered 2 distinct point groups.

━━━ [STAGE 7] Multi-Gate Geometric Evaluation
  Cluster #00 -> Pts: 19166 | Dims(mm): X=127.5, Y= 99.5, Z= 59.0 | VolRatio: 0.463 | Gates: [G1-4=1 G5_Size=1 G6_3D=1] -> PASSED
  Cluster #01 -> Pts: 20    | Dims(mm): X=  1.2, Y=  4.2, Z=  0.0 | VolRatio: 0.000 | Gates: [G1-4=0 G5_Size=0 G6_3D=0] -> REJECTED
  [INFO] Winning Cluster selected: ID #0 (Score=0.8388)
  [INFO] Winning cluster point count: 19,166

━━━ [STAGE 8] Projection — Sensor Space → Cropped Canvas

  ── [STAGE 8a] Coordinate System Parameters ──
    Intrinsics    : fx=750.148  fy=749.790  cx=386.179  cy=366.086
    Crop offsets  : left=0 px  top=0 px
    Depth sensor  : 510W x 720H px
    RGB canvas    : 510W x 720H px
    Scale factors : scale_x=1.000000  scale_y=1.000000

  ── [STAGE 8b] 3-D Cluster Bounding Box (world space) ──
    X range : -0.0553 m  →  0.0722 m  (span 127.5 mm)
    Y range : -0.0641 m  →  0.0354 m  (span 99.5 mm)
    Z range : 0.4070 m  →  0.4660 m  (span 59.0 mm)
    Z depth : mean=0.4417 m  std=0.0117 m  min=0.4070 m  max=0.4660 m

  ── [STAGE 8c] Projection Steps ──
    [Step 1] Full-sensor pixel coords (before crop subtraction):
      u_sensor  min=297.0  max=509.0  mean=401.6
      v_sensor  min=259.0  max=424.0  mean=353.4
    [OK] Sensor-space OOB: u=0.0%  v=0.0%
    [Step 2] After crop subtraction (crop_left=0, crop_top=0):
      u_cropped min=297.0  max=509.0  mean=401.6
      v_cropped min=259.0  max=424.0  mean=353.4
    [Step 2 Check] Cropped coords outside canvas: u<0=0.0%  u>W=0.0%  v<0=0.0%  v>H=0.0%
    [Step 3] After scale to canvas (scale_x=1.0000, scale_y=1.0000):
      u  min=297  max=509  mean=401.6
      v  min=259  max=424  mean=353.4
      Canvas target size : 510W x 720H px

  ── [STAGE 8d] Expected mask centroid on canvas ──
      Projected centroid : u=401.6 px  v=353.4 px
      Canvas centre      : u=255.0 px  v=360.0 px
      Offset from centre : Δu=146.6 px  Δv=-6.6 px

  ── [STAGE 8e] Bounds Filter ──
    Total projected points : 19,166
    Inside canvas bounds   : 19,166  (100.0%)
    Duplicate pixel hits    : 0
  [INFO] Density non-zero pixels: 19,166
  [INFO] Density peak count     : 1
  [INFO] Raw mask white pixels before morphology: 19,166
  [INFO] White pixels after close: 21,512
  [INFO] Morphological open skipped for tip-loss debugging.
  [INFO] White pixels after open (skipped): 21,512

  ── [STAGE 8f] Final Mask Stats ──
    Bounding box : 212W x 165H px
    Mask centroid: (403.0, 341.5) px
    White pixels : 21,512
  masking.py run ended: 2026-06-13 19:52:56.943575
