
================================================================================
  masking.py run started: 2026-06-13 19:53:13.635338
================================================================================

━━━ [STAGE 1] Loading Point Cloud Array
  [INFO] Total raw points loaded: 365,313

━━━ [STAGE 2] Statistical Outlier Demolition
  [INFO] Points surviving outlier filter: 352,991

━━━ [STAGE 3] Live Plane Surface Isolation (RANSAC)
  [INFO] Original RANSAC: a=0.0144, b=-0.1255, c=0.9920, d=-0.4708
  [INFO] Normal vector pointing down. Flipping coefficients up toward lens.
  [INFO] Points isolated on belt plane: 344,299
  [INFO] Non-plane points going to workspace filter: 8,692

━━━ [STAGE 5] Direction-Enforced Spatial Pre-Filtering
  [INFO] Height gate window : 1.50mm to 500.00mm
  [INFO] Dist-from-plane mm : min=15.327 mean=25.127 median=25.523 max=34.782
  [INFO] Rejected by lower gate: 0 / 8,692
  [INFO] Rejected by upper gate: 0 / 8,692
  [DEBUG] Points passing directional spatial filters: 8,692

━━━ [STAGE 6] Spatial Structural Isolation Clustering (DBSCAN)
  [INFO] DBSCAN discovered 1 distinct point groups.

━━━ [STAGE 7] Multi-Gate Geometric Evaluation
  Cluster #00 -> Pts: 8692  | Dims(mm): X= 42.6, Y=135.3, Z= 28.0 | VolRatio: 0.207 | Gates: [G1-4=1 G5_Size=1 G6_3D=1] -> PASSED
  [INFO] Winning Cluster selected: ID #0 (Score=0.6967)
  [INFO] Winning cluster point count: 8,692

━━━ [STAGE 8] Projection — Sensor Space → Cropped Canvas

  ── [STAGE 8a] Coordinate System Parameters ──
    Intrinsics    : fx=750.148  fy=749.790  cx=386.179  cy=366.086
    Crop offsets  : left=0 px  top=0 px
    Depth sensor  : 510W x 720H px
    RGB canvas    : 510W x 720H px
    Scale factors : scale_x=1.000000  scale_y=1.000000

  ── [STAGE 8b] 3-D Cluster Bounding Box (world space) ──
    X range : -0.0529 m  →  -0.0103 m  (span 42.6 mm)
    Y range : -0.2092 m  →  -0.0739 m  (span 135.3 mm)
    Z range : 0.4200 m  →  0.4480 m  (span 28.0 mm)
    Z depth : mean=0.4325 m  std=0.0052 m  min=0.4200 m  max=0.4480 m

  ── [STAGE 8c] Projection Steps ──
    [Step 1] Full-sensor pixel coords (before crop subtraction):
      u_sensor  min=294.0  max=369.0  mean=331.4
      v_sensor  min=3.0  max=239.0  mean=129.1
    [OK] Sensor-space OOB: u=0.0%  v=0.0%
    [Step 2] After crop subtraction (crop_left=0, crop_top=0):
      u_cropped min=294.0  max=369.0  mean=331.4
      v_cropped min=3.0  max=239.0  mean=129.1
    [Step 2 Check] Cropped coords outside canvas: u<0=0.0%  u>W=0.0%  v<0=0.0%  v>H=0.0%
    [Step 3] After scale to canvas (scale_x=1.0000, scale_y=1.0000):
      u  min=294  max=369  mean=331.4
      v  min=3  max=239  mean=129.1
      Canvas target size : 510W x 720H px

  ── [STAGE 8d] Expected mask centroid on canvas ──
      Projected centroid : u=331.4 px  v=129.1 px
      Canvas centre      : u=255.0 px  v=360.0 px
      Offset from centre : Δu=76.4 px  Δv=-230.9 px

  ── [STAGE 8e] Bounds Filter ──
    Total projected points : 8,692
    Inside canvas bounds   : 8,692  (100.0%)
    Duplicate pixel hits    : 0
  [INFO] Density non-zero pixels: 8,692
  [INFO] Density peak count     : 1
  [INFO] Raw mask white pixels before morphology: 8,692
  [INFO] White pixels after close: 9,400
  [INFO] Morphological open skipped for tip-loss debugging.
  [INFO] White pixels after open (skipped): 9,400

  ── [STAGE 8f] Final Mask Stats ──
    Bounding box : 75W x 239H px
    Mask centroid: (331.5, 119.5) px
    White pixels : 9,400
  masking.py run ended: 2026-06-13 19:53:15.236941
