
================================================================================
  masking.py run started: 2026-06-13 20:06:32.097181
================================================================================

━━━ [STAGE 1] Loading Point Cloud Array
  [INFO] Total raw points loaded: 365,738

━━━ [STAGE 2] Statistical Outlier Demolition
  [INFO] Points surviving outlier filter: 355,327

━━━ [STAGE 3] Live Plane Surface Isolation (RANSAC)
  [INFO] Original RANSAC: a=0.0140, b=-0.1014, c=0.9947, d=-0.4737
  [INFO] Normal vector pointing down. Flipping coefficients up toward lens.
  [INFO] Points isolated on belt plane: 349,724
  [INFO] Non-plane points going to workspace filter: 5,603

━━━ [STAGE 5] Direction-Enforced Spatial Pre-Filtering
  [INFO] Height gate window : 1.50mm to 500.00mm
  [INFO] Dist-from-plane mm : min=14.823 mean=40.248 median=41.102 max=49.483
  [INFO] Rejected by lower gate: 0 / 5,603
  [INFO] Rejected by upper gate: 0 / 5,603
  [DEBUG] Points passing directional spatial filters: 5,603

━━━ [STAGE 6] Spatial Structural Isolation Clustering (DBSCAN)
  [INFO] DBSCAN discovered 1 distinct point groups.

━━━ [STAGE 7] Multi-Gate Geometric Evaluation
  Cluster #00 -> Pts: 5603  | Dims(mm): X= 59.7, Y= 52.9, Z= 34.0 | VolRatio: 0.570 | Gates: [G1-4=1 G5_Size=1 G6_3D=1] -> PASSED
  [INFO] Winning Cluster selected: ID #0 (Score=0.6511)
  [INFO] Winning cluster point count: 5,603

━━━ [STAGE 8] Projection — Sensor Space → Cropped Canvas

  ── [STAGE 8a] Coordinate System Parameters ──
    Intrinsics    : fx=750.148  fy=749.790  cx=386.179  cy=366.086
    Crop offsets  : left=0 px  top=0 px
    Depth sensor  : 510W x 720H px
    RGB canvas    : 510W x 720H px
    Scale factors : scale_x=1.000000  scale_y=1.000000

  ── [STAGE 8b] 3-D Cluster Bounding Box (world space) ──
    X range : -0.0424 m  →  0.0172 m  (span 59.7 mm)
    Y range : 0.0061 m  →  0.0590 m  (span 52.9 mm)
    Z range : 0.4310 m  →  0.4650 m  (span 34.0 mm)
    Z depth : mean=0.4392 m  std=0.0058 m  min=0.4310 m  max=0.4650 m

  ── [STAGE 8c] Projection Steps ──
    [Step 1] Full-sensor pixel coords (before crop subtraction):
      u_sensor  min=315.0  max=414.0  mean=363.9
      v_sensor  min=376.0  max=464.0  mean=422.2
    [OK] Sensor-space OOB: u=0.0%  v=0.0%
    [Step 2] After crop subtraction (crop_left=0, crop_top=0):
      u_cropped min=315.0  max=414.0  mean=363.9
      v_cropped min=376.0  max=464.0  mean=422.2
    [Step 2 Check] Cropped coords outside canvas: u<0=0.0%  u>W=0.0%  v<0=0.0%  v>H=0.0%
    [Step 3] After scale to canvas (scale_x=1.0000, scale_y=1.0000):
      u  min=315  max=414  mean=363.9
      v  min=376  max=464  mean=422.2
      Canvas target size : 510W x 720H px

  ── [STAGE 8d] Expected mask centroid on canvas ──
      Projected centroid : u=363.9 px  v=422.2 px
      Canvas centre      : u=255.0 px  v=360.0 px
      Offset from centre : Δu=108.9 px  Δv=62.2 px

  ── [STAGE 8e] Bounds Filter ──
    Total projected points : 5,603
    Inside canvas bounds   : 5,603  (100.0%)
    Duplicate pixel hits    : 0
  [INFO] Density non-zero pixels: 5,603
  [INFO] Density peak count     : 1
  [INFO] Raw mask white pixels before morphology: 5,603
  [INFO] White pixels after close: 6,120
  [INFO] Morphological open skipped for tip-loss debugging.
  [INFO] White pixels after open (skipped): 6,120

  ── [STAGE 8f] Final Mask Stats ──
    Bounding box : 99W x 88H px
    Mask centroid: (364.5, 420.0) px
    White pixels : 6,120
  masking.py run ended: 2026-06-13 20:06:33.726236
