
================================================================================
  masking.py run started: 2026-06-13 19:52:14.959273
================================================================================

━━━ [STAGE 1] Loading Point Cloud Array
  [INFO] Total raw points loaded: 365,942

━━━ [STAGE 2] Statistical Outlier Demolition
  [INFO] Points surviving outlier filter: 355,688

━━━ [STAGE 3] Live Plane Surface Isolation (RANSAC)
  [INFO] Original RANSAC: a=0.0155, b=-0.0854, c=0.9962, d=-0.4743
  [INFO] Normal vector pointing down. Flipping coefficients up toward lens.
  [INFO] Points isolated on belt plane: 338,566
  [INFO] Non-plane points going to workspace filter: 17,122

━━━ [STAGE 5] Direction-Enforced Spatial Pre-Filtering
  [INFO] Height gate window : 1.50mm to 500.00mm
  [INFO] Dist-from-plane mm : min=12.530 mean=34.150 median=32.641 max=68.711
  [INFO] Rejected by lower gate: 0 / 17,122
  [INFO] Rejected by upper gate: 0 / 17,122
  [DEBUG] Points passing directional spatial filters: 17,122

━━━ [STAGE 6] Spatial Structural Isolation Clustering (DBSCAN)
  [INFO] DBSCAN discovered 1 distinct point groups.

━━━ [STAGE 7] Multi-Gate Geometric Evaluation
  Cluster #00 -> Pts: 17122 | Dims(mm): X=115.7, Y=148.4, Z= 57.0 | VolRatio: 0.384 | Gates: [G1-4=1 G5_Size=1 G6_3D=1] -> PASSED
  [INFO] Winning Cluster selected: ID #0 (Score=0.8153)
  [INFO] Winning cluster point count: 17,122

━━━ [STAGE 8] Projection — Sensor Space → Cropped Canvas

  ── [STAGE 8a] Coordinate System Parameters ──
    Intrinsics    : fx=750.148  fy=749.790  cx=386.179  cy=366.086
    Crop offsets  : left=0 px  top=0 px
    Depth sensor  : 510W x 720H px
    RGB canvas    : 510W x 720H px
    Scale factors : scale_x=1.000000  scale_y=1.000000

  ── [STAGE 8b] 3-D Cluster Bounding Box (world space) ──
    X range : -0.0885 m  →  0.0272 m  (span 115.7 mm)
    Y range : 0.0043 m  →  0.1526 m  (span 148.4 mm)
    Z range : 0.4180 m  →  0.4750 m  (span 57.0 mm)
    Z depth : mean=0.4469 m  std=0.0122 m  min=0.4180 m  max=0.4750 m

  ── [STAGE 8c] Projection Steps ──
    [Step 1] Full-sensor pixel coords (before crop subtraction):
      u_sensor  min=245.0  max=430.0  mean=349.0
      v_sensor  min=373.0  max=623.0  mean=458.7
    [OK] Sensor-space OOB: u=0.0%  v=0.0%
    [Step 2] After crop subtraction (crop_left=0, crop_top=0):
      u_cropped min=245.0  max=430.0  mean=349.0
      v_cropped min=373.0  max=623.0  mean=458.7
    [Step 2 Check] Cropped coords outside canvas: u<0=0.0%  u>W=0.0%  v<0=0.0%  v>H=0.0%
    [Step 3] After scale to canvas (scale_x=1.0000, scale_y=1.0000):
      u  min=245  max=430  mean=349.0
      v  min=373  max=623  mean=458.7
      Canvas target size : 510W x 720H px

  ── [STAGE 8d] Expected mask centroid on canvas ──
      Projected centroid : u=349.0 px  v=458.7 px
      Canvas centre      : u=255.0 px  v=360.0 px
      Offset from centre : Δu=94.0 px  Δv=98.7 px

  ── [STAGE 8e] Bounds Filter ──
    Total projected points : 17,122
    Inside canvas bounds   : 17,122  (100.0%)
    Duplicate pixel hits    : 0
  [INFO] Density non-zero pixels: 17,122
  [INFO] Density peak count     : 1
  [INFO] Raw mask white pixels before morphology: 17,122
  [INFO] White pixels after close: 19,687
  [INFO] Morphological open skipped for tip-loss debugging.
  [INFO] White pixels after open (skipped): 19,687

  ── [STAGE 8f] Final Mask Stats ──
    Bounding box : 185W x 250H px
    Mask centroid: (337.5, 498.0) px
    White pixels : 19,687
  masking.py run ended: 2026-06-13 19:52:16.977730
