
================================================================================
  masking.py run started: 2026-06-13 20:05:41.262994
================================================================================

━━━ [STAGE 1] Loading Point Cloud Array
  [INFO] Total raw points loaded: 365,786

━━━ [STAGE 2] Statistical Outlier Demolition
  [INFO] Points surviving outlier filter: 355,905

━━━ [STAGE 3] Live Plane Surface Isolation (RANSAC)
  [INFO] Original RANSAC: a=0.0137, b=-0.1005, c=0.9948, d=-0.4736
  [INFO] Normal vector pointing down. Flipping coefficients up toward lens.
  [INFO] Points isolated on belt plane: 341,067
  [INFO] Non-plane points going to workspace filter: 14,838

━━━ [STAGE 5] Direction-Enforced Spatial Pre-Filtering
  [INFO] Height gate window : 1.50mm to 500.00mm
  [INFO] Dist-from-plane mm : min=-12.354 mean=35.607 median=33.048 max=80.719
  [INFO] Rejected by lower gate: 273 / 14,838
  [INFO] Rejected by upper gate: 0 / 14,838
  [DEBUG] Points passing directional spatial filters: 14,565

━━━ [STAGE 6] Spatial Structural Isolation Clustering (DBSCAN)
  [INFO] DBSCAN discovered 2 distinct point groups.

━━━ [STAGE 7] Multi-Gate Geometric Evaluation
  Cluster #00 -> Pts: 14543 | Dims(mm): X= 63.1, Y=147.2, Z= 64.0 | VolRatio: 0.428 | Gates: [G1-4=1 G5_Size=1 G6_3D=1] -> PASSED
  Cluster #01 -> Pts: 22    | Dims(mm): X=  6.1, Y=  1.2, Z=  1.0 | VolRatio: 0.163 | Gates: [G1-4=0 G5_Size=0 G6_3D=1] -> REJECTED
  [INFO] Winning Cluster selected: ID #0 (Score=0.8285)
  [INFO] Winning cluster point count: 14,543

━━━ [STAGE 8] Projection — Sensor Space → Cropped Canvas

  ── [STAGE 8a] Coordinate System Parameters ──
    Intrinsics    : fx=750.148  fy=749.790  cx=386.179  cy=366.086
    Crop offsets  : left=0 px  top=0 px
    Depth sensor  : 510W x 720H px
    RGB canvas    : 510W x 720H px
    Scale factors : scale_x=1.000000  scale_y=1.000000

  ── [STAGE 8b] 3-D Cluster Bounding Box (world space) ──
    X range : -0.0805 m  →  -0.0175 m  (span 63.1 mm)
    Y range : -0.1086 m  →  0.0387 m  (span 147.2 mm)
    Z range : 0.3970 m  →  0.4610 m  (span 64.0 mm)
    Z depth : mean=0.4367 m  std=0.0129 m  min=0.3970 m  max=0.4610 m

  ── [STAGE 8c] Projection Steps ──
    [Step 1] Full-sensor pixel coords (before crop subtraction):
      u_sensor  min=251.0  max=356.0  mean=300.9
      v_sensor  min=186.0  max=432.0  mean=309.4
    [OK] Sensor-space OOB: u=0.0%  v=0.0%
    [Step 2] After crop subtraction (crop_left=0, crop_top=0):
      u_cropped min=251.0  max=356.0  mean=300.9
      v_cropped min=186.0  max=432.0  mean=309.4
    [Step 2 Check] Cropped coords outside canvas: u<0=0.0%  u>W=0.0%  v<0=0.0%  v>H=0.0%
    [Step 3] After scale to canvas (scale_x=1.0000, scale_y=1.0000):
      u  min=251  max=356  mean=300.9
      v  min=186  max=432  mean=309.4
      Canvas target size : 510W x 720H px

  ── [STAGE 8d] Expected mask centroid on canvas ──
      Projected centroid : u=300.9 px  v=309.4 px
      Canvas centre      : u=255.0 px  v=360.0 px
      Offset from centre : Δu=45.9 px  Δv=-50.6 px

  ── [STAGE 8e] Bounds Filter ──
    Total projected points : 14,543
    Inside canvas bounds   : 14,543  (100.0%)
    Duplicate pixel hits    : 0
  [INFO] Density non-zero pixels: 14,543
  [INFO] Density peak count     : 1
  [INFO] Raw mask white pixels before morphology: 14,543
  [INFO] White pixels after close: 16,566
  [INFO] Morphological open skipped for tip-loss debugging.
  [INFO] White pixels after open (skipped): 16,566

  ── [STAGE 8f] Final Mask Stats ──
    Bounding box : 105W x 246H px
    Mask centroid: (303.5, 309.0) px
    White pixels : 16,566
  masking.py run ended: 2026-06-13 20:05:43.903293
