
================================================================================
  masking.py run started: 2026-06-13 19:45:54.024109
================================================================================

━━━ [STAGE 1] Loading Point Cloud Array
  [INFO] Total raw points loaded: 366,529

━━━ [STAGE 2] Statistical Outlier Demolition
  [INFO] Points surviving outlier filter: 352,654

━━━ [STAGE 3] Live Plane Surface Isolation (RANSAC)
  [INFO] Original RANSAC: a=0.0138, b=-0.0355, c=0.9993, d=-0.4791
  [INFO] Normal vector pointing down. Flipping coefficients up toward lens.
  [INFO] Points isolated on belt plane: 317,219
  [INFO] Non-plane points going to workspace filter: 35,435

━━━ [STAGE 5] Direction-Enforced Spatial Pre-Filtering
  [INFO] Height gate window : 1.50mm to 500.00mm
  [INFO] Dist-from-plane mm : min=-9.924 mean=51.457 median=43.553 max=109.681
  [INFO] Rejected by lower gate: 80 / 35,435
  [INFO] Rejected by upper gate: 0 / 35,435
  [DEBUG] Points passing directional spatial filters: 35,355

━━━ [STAGE 6] Spatial Structural Isolation Clustering (DBSCAN)
  [INFO] DBSCAN discovered 5 distinct point groups.

━━━ [STAGE 7] Multi-Gate Geometric Evaluation
  Cluster #00 -> Pts: 11    | Dims(mm): X= 10.7, Y= 10.1, Z= 22.0 | VolRatio: 0.457 | Gates: [G1-4=0 G5_Size=0 G6_3D=1] -> REJECTED
  Cluster #01 -> Pts: 35170 | Dims(mm): X=206.9, Y=227.2, Z=100.0 | VolRatio: 0.440 | Gates: [G1-4=1 G5_Size=1 G6_3D=1] -> PASSED
  Cluster #02 -> Pts: 106   | Dims(mm): X= 34.4, Y= 10.1, Z= 13.0 | VolRatio: 0.293 | Gates: [G1-4=1 G5_Size=0 G6_3D=1] -> REJECTED
  Cluster #03 -> Pts: 21    | Dims(mm): X=  4.6, Y=  1.2, Z=  0.0 | VolRatio: 0.000 | Gates: [G1-4=0 G5_Size=0 G6_3D=0] -> REJECTED
  Cluster #04 -> Pts: 40    | Dims(mm): X= 11.5, Y=  1.1, Z=  2.0 | VolRatio: 0.095 | Gates: [G1-4=1 G5_Size=0 G6_3D=0] -> REJECTED
  [INFO] Winning Cluster selected: ID #1 (Score=0.8320)
  [INFO] Winning cluster point count: 35,170

━━━ [STAGE 8] Projection — Sensor Space → Cropped Canvas

  ── [STAGE 8a] Coordinate System Parameters ──
    Intrinsics    : fx=750.148  fy=749.790  cx=386.179  cy=366.086
    Crop offsets  : left=0 px  top=0 px
    Depth sensor  : 510W x 720H px
    RGB canvas    : 510W x 720H px
    Scale factors : scale_x=1.000000  scale_y=1.000000

  ── [STAGE 8b] 3-D Cluster Bounding Box (world space) ──
    X range : -0.1639 m  →  0.0430 m  (span 206.9 mm)
    Y range : -0.1519 m  →  0.0753 m  (span 227.2 mm)
    Z range : 0.3670 m  →  0.4670 m  (span 100.0 mm)
    Z depth : mean=0.4274 m  std=0.0252 m  min=0.3670 m  max=0.4670 m

  ── [STAGE 8c] Projection Steps ──
    [Step 1] Full-sensor pixel coords (before crop subtraction):
      u_sensor  min=80.0  max=457.0  mean=256.6
      v_sensor  min=91.0  max=487.0  mean=294.9
    [OK] Sensor-space OOB: u=0.0%  v=0.0%
    [Step 2] After crop subtraction (crop_left=0, crop_top=0):
      u_cropped min=80.0  max=457.0  mean=256.6
      v_cropped min=91.0  max=487.0  mean=294.9
    [Step 2 Check] Cropped coords outside canvas: u<0=0.0%  u>W=0.0%  v<0=0.0%  v>H=0.0%
    [Step 3] After scale to canvas (scale_x=1.0000, scale_y=1.0000):
      u  min=80  max=457  mean=256.6
      v  min=91  max=487  mean=294.9
      Canvas target size : 510W x 720H px

  ── [STAGE 8d] Expected mask centroid on canvas ──
      Projected centroid : u=256.6 px  v=294.9 px
      Canvas centre      : u=255.0 px  v=360.0 px
      Offset from centre : Δu=1.6 px  Δv=-65.1 px

  ── [STAGE 8e] Bounds Filter ──
    Total projected points : 35,170
    Inside canvas bounds   : 35,170  (100.0%)
    Duplicate pixel hits    : 0
  [INFO] Density non-zero pixels: 35,170
  [INFO] Density peak count     : 1
  [INFO] Raw mask white pixels before morphology: 35,170
  [INFO] White pixels after close: 38,653
  [INFO] Morphological open skipped for tip-loss debugging.
  [INFO] White pixels after open (skipped): 38,653

  ── [STAGE 8f] Final Mask Stats ──
    Bounding box : 377W x 396H px
    Mask centroid: (268.5, 289.0) px
    White pixels : 38,653
  masking.py run ended: 2026-06-13 19:45:58.237648
