
================================================================================
  masking.py run started: 2026-06-13 19:53:09.199162
================================================================================

━━━ [STAGE 1] Loading Point Cloud Array
  [INFO] Total raw points loaded: 365,351

━━━ [STAGE 2] Statistical Outlier Demolition
  [INFO] Points surviving outlier filter: 352,452

━━━ [STAGE 3] Live Plane Surface Isolation (RANSAC)
  [INFO] Original RANSAC: a=0.0141, b=-0.1221, c=0.9924, d=-0.4711
  [INFO] Normal vector pointing down. Flipping coefficients up toward lens.
  [INFO] Points isolated on belt plane: 342,968
  [INFO] Non-plane points going to workspace filter: 9,484

━━━ [STAGE 5] Direction-Enforced Spatial Pre-Filtering
  [INFO] Height gate window : 1.50mm to 500.00mm
  [INFO] Dist-from-plane mm : min=12.212 mean=24.688 median=25.750 max=35.445
  [INFO] Rejected by lower gate: 0 / 9,484
  [INFO] Rejected by upper gate: 0 / 9,484
  [DEBUG] Points passing directional spatial filters: 9,484

━━━ [STAGE 6] Spatial Structural Isolation Clustering (DBSCAN)
  [INFO] DBSCAN discovered 1 distinct point groups.

━━━ [STAGE 7] Multi-Gate Geometric Evaluation
  Cluster #00 -> Pts: 9484  | Dims(mm): X=127.1, Y= 80.1, Z= 28.0 | VolRatio: 0.220 | Gates: [G1-4=1 G5_Size=1 G6_3D=1] -> PASSED
  [INFO] Winning Cluster selected: ID #0 (Score=0.7403)
  [INFO] Winning cluster point count: 9,484

━━━ [STAGE 8] Projection — Sensor Space → Cropped Canvas

  ── [STAGE 8a] Coordinate System Parameters ──
    Intrinsics    : fx=750.148  fy=749.790  cx=386.179  cy=366.086
    Crop offsets  : left=0 px  top=0 px
    Depth sensor  : 510W x 720H px
    RGB canvas    : 510W x 720H px
    Scale factors : scale_x=1.000000  scale_y=1.000000

  ── [STAGE 8b] 3-D Cluster Bounding Box (world space) ──
    X range : -0.1231 m  →  0.0040 m  (span 127.1 mm)
    Y range : -0.1445 m  →  -0.0645 m  (span 80.1 mm)
    Z range : 0.4270 m  →  0.4550 m  (span 28.0 mm)
    Z depth : mean=0.4378 m  std=0.0065 m  min=0.4270 m  max=0.4550 m

  ── [STAGE 8c] Projection Steps ──
    [Step 1] Full-sensor pixel coords (before crop subtraction):
      u_sensor  min=181.0  max=393.0  mean=292.4
      v_sensor  min=116.0  max=257.0  mean=186.9
    [OK] Sensor-space OOB: u=0.0%  v=0.0%
    [Step 2] After crop subtraction (crop_left=0, crop_top=0):
      u_cropped min=181.0  max=393.0  mean=292.4
      v_cropped min=116.0  max=257.0  mean=186.9
    [Step 2 Check] Cropped coords outside canvas: u<0=0.0%  u>W=0.0%  v<0=0.0%  v>H=0.0%
    [Step 3] After scale to canvas (scale_x=1.0000, scale_y=1.0000):
      u  min=181  max=393  mean=292.4
      v  min=116  max=257  mean=186.9
      Canvas target size : 510W x 720H px

  ── [STAGE 8d] Expected mask centroid on canvas ──
      Projected centroid : u=292.4 px  v=186.9 px
      Canvas centre      : u=255.0 px  v=360.0 px
      Offset from centre : Δu=37.4 px  Δv=-173.1 px

  ── [STAGE 8e] Bounds Filter ──
    Total projected points : 9,484
    Inside canvas bounds   : 9,484  (100.0%)
    Duplicate pixel hits    : 0
  [INFO] Density non-zero pixels: 9,484
  [INFO] Density peak count     : 1
  [INFO] Raw mask white pixels before morphology: 9,484
  [INFO] White pixels after close: 10,552
  [INFO] Morphological open skipped for tip-loss debugging.
  [INFO] White pixels after open (skipped): 10,552

  ── [STAGE 8f] Final Mask Stats ──
    Bounding box : 212W x 141H px
    Mask centroid: (287.0, 186.5) px
    White pixels : 10,552
  masking.py run ended: 2026-06-13 19:53:10.826518
