
================================================================================
  masking.py run started: 2026-06-13 20:02:15.059492
================================================================================

━━━ [STAGE 1] Loading Point Cloud Array
  [INFO] Total raw points loaded: 366,031

━━━ [STAGE 2] Statistical Outlier Demolition
  [INFO] Points surviving outlier filter: 356,907

━━━ [STAGE 3] Live Plane Surface Isolation (RANSAC)
  [INFO] Original RANSAC: a=0.0175, b=-0.0760, c=0.9970, d=-0.4763
  [INFO] Normal vector pointing down. Flipping coefficients up toward lens.
  [INFO] Points isolated on belt plane: 349,069
  [INFO] Non-plane points going to workspace filter: 7,838

━━━ [STAGE 5] Direction-Enforced Spatial Pre-Filtering
  [INFO] Height gate window : 1.50mm to 500.00mm
  [INFO] Dist-from-plane mm : min=9.506 mean=30.354 median=24.915 max=71.042
  [INFO] Rejected by lower gate: 0 / 7,838
  [INFO] Rejected by upper gate: 0 / 7,838
  [DEBUG] Points passing directional spatial filters: 7,838

━━━ [STAGE 6] Spatial Structural Isolation Clustering (DBSCAN)
  [INFO] DBSCAN discovered 1 distinct point groups.

━━━ [STAGE 7] Multi-Gate Geometric Evaluation
  Cluster #00 -> Pts: 7834  | Dims(mm): X= 60.9, Y=119.1, Z= 56.0 | VolRatio: 0.470 | Gates: [G1-4=1 G5_Size=1 G6_3D=1] -> PASSED
  [INFO] Winning Cluster selected: ID #0 (Score=0.7328)
  [INFO] Winning cluster point count: 7,834

━━━ [STAGE 8] Projection — Sensor Space → Cropped Canvas

  ── [STAGE 8a] Coordinate System Parameters ──
    Intrinsics    : fx=750.148  fy=749.790  cx=386.179  cy=366.086
    Crop offsets  : left=0 px  top=0 px
    Depth sensor  : 510W x 720H px
    RGB canvas    : 510W x 720H px
    Scale factors : scale_x=1.000000  scale_y=1.000000

  ── [STAGE 8b] 3-D Cluster Bounding Box (world space) ──
    X range : 0.0140 m  →  0.0748 m  (span 60.9 mm)
    Y range : -0.1197 m  →  -0.0006 m  (span 119.1 mm)
    Z range : 0.4040 m  →  0.4600 m  (span 56.0 mm)
    Z depth : mean=0.4417 m  std=0.0145 m  min=0.4040 m  max=0.4600 m

  ── [STAGE 8c] Projection Steps ──
    [Step 1] Full-sensor pixel coords (before crop subtraction):
      u_sensor  min=409.0  max=509.0  mean=464.3
      v_sensor  min=162.0  max=365.0  mean=260.4
    [OK] Sensor-space OOB: u=0.0%  v=0.0%
    [Step 2] After crop subtraction (crop_left=0, crop_top=0):
      u_cropped min=409.0  max=509.0  mean=464.3
      v_cropped min=162.0  max=365.0  mean=260.4
    [Step 2 Check] Cropped coords outside canvas: u<0=0.0%  u>W=0.0%  v<0=0.0%  v>H=0.0%
    [Step 3] After scale to canvas (scale_x=1.0000, scale_y=1.0000):
      u  min=409  max=509  mean=464.3
      v  min=162  max=365  mean=260.4
      Canvas target size : 510W x 720H px

  ── [STAGE 8d] Expected mask centroid on canvas ──
      Projected centroid : u=464.3 px  v=260.4 px
      Canvas centre      : u=255.0 px  v=360.0 px
      Offset from centre : Δu=209.3 px  Δv=-99.6 px

  ── [STAGE 8e] Bounds Filter ──
    Total projected points : 7,834
    Inside canvas bounds   : 7,834  (100.0%)
    Duplicate pixel hits    : 0
  [INFO] Density non-zero pixels: 7,834
  [INFO] Density peak count     : 1
  [INFO] Raw mask white pixels before morphology: 7,834
  [INFO] White pixels after close: 9,640
  [INFO] Morphological open skipped for tip-loss debugging.
  [INFO] White pixels after open (skipped): 9,640

  ── [STAGE 8f] Final Mask Stats ──
    Bounding box : 100W x 203H px
    Mask centroid: (459.0, 263.5) px
    White pixels : 9,640
  masking.py run ended: 2026-06-13 20:02:16.585018
