
================================================================================
  masking.py run started: 2026-06-13 20:04:03.605467
================================================================================

━━━ [STAGE 1] Loading Point Cloud Array
  [INFO] Total raw points loaded: 365,909

━━━ [STAGE 2] Statistical Outlier Demolition
  [INFO] Points surviving outlier filter: 355,495

━━━ [STAGE 3] Live Plane Surface Isolation (RANSAC)
  [INFO] Original RANSAC: a=0.0136, b=-0.0887, c=0.9960, d=-0.4751
  [INFO] Normal vector pointing down. Flipping coefficients up toward lens.
  [INFO] Points isolated on belt plane: 332,114
  [INFO] Non-plane points going to workspace filter: 23,381

━━━ [STAGE 5] Direction-Enforced Spatial Pre-Filtering
  [INFO] Height gate window : 1.50mm to 500.00mm
  [INFO] Dist-from-plane mm : min=13.523 mean=50.145 median=51.299 max=64.655
  [INFO] Rejected by lower gate: 0 / 23,381
  [INFO] Rejected by upper gate: 0 / 23,381
  [DEBUG] Points passing directional spatial filters: 23,381

━━━ [STAGE 6] Spatial Structural Isolation Clustering (DBSCAN)
  [INFO] DBSCAN discovered 1 distinct point groups.

━━━ [STAGE 7] Multi-Gate Geometric Evaluation
  Cluster #00 -> Pts: 23381 | Dims(mm): X=115.6, Y=182.7, Z= 47.0 | VolRatio: 0.257 | Gates: [G1-4=1 G5_Size=1 G6_3D=1] -> PASSED
  [INFO] Winning Cluster selected: ID #0 (Score=0.7772)
  [INFO] Winning cluster point count: 23,381

━━━ [STAGE 8] Projection — Sensor Space → Cropped Canvas

  ── [STAGE 8a] Coordinate System Parameters ──
    Intrinsics    : fx=750.148  fy=749.790  cx=386.179  cy=366.086
    Crop offsets  : left=0 px  top=0 px
    Depth sensor  : 510W x 720H px
    RGB canvas    : 510W x 720H px
    Scale factors : scale_x=1.000000  scale_y=1.000000

  ── [STAGE 8b] 3-D Cluster Bounding Box (world space) ──
    X range : -0.0883 m  →  0.0273 m  (span 115.6 mm)
    Y range : -0.1451 m  →  0.0375 m  (span 182.7 mm)
    Z range : 0.4110 m  →  0.4580 m  (span 47.0 mm)
    Z depth : mean=0.4235 m  std=0.0076 m  min=0.4110 m  max=0.4580 m

  ── [STAGE 8c] Projection Steps ──
    [Step 1] Full-sensor pixel coords (before crop subtraction):
      u_sensor  min=238.0  max=434.0  mean=329.9
      v_sensor  min=113.0  max=429.0  mean=293.3
    [OK] Sensor-space OOB: u=0.0%  v=0.0%
    [Step 2] After crop subtraction (crop_left=0, crop_top=0):
      u_cropped min=238.0  max=434.0  mean=329.9
      v_cropped min=113.0  max=429.0  mean=293.3
    [Step 2 Check] Cropped coords outside canvas: u<0=0.0%  u>W=0.0%  v<0=0.0%  v>H=0.0%
    [Step 3] After scale to canvas (scale_x=1.0000, scale_y=1.0000):
      u  min=238  max=434  mean=329.9
      v  min=113  max=429  mean=293.3
      Canvas target size : 510W x 720H px

  ── [STAGE 8d] Expected mask centroid on canvas ──
      Projected centroid : u=329.9 px  v=293.3 px
      Canvas centre      : u=255.0 px  v=360.0 px
      Offset from centre : Δu=74.9 px  Δv=-66.7 px

  ── [STAGE 8e] Bounds Filter ──
    Total projected points : 23,381
    Inside canvas bounds   : 23,381  (100.0%)
    Duplicate pixel hits    : 0
  [INFO] Density non-zero pixels: 23,381
  [INFO] Density peak count     : 1
  [INFO] Raw mask white pixels before morphology: 23,381
  [INFO] White pixels after close: 25,383
  [INFO] Morphological open skipped for tip-loss debugging.
  [INFO] White pixels after open (skipped): 25,383

  ── [STAGE 8f] Final Mask Stats ──
    Bounding box : 196W x 316H px
    Mask centroid: (336.0, 271.0) px
    White pixels : 25,383
  masking.py run ended: 2026-06-13 20:04:06.724767
