
================================================================================
  masking.py run started: 2026-06-13 19:57:53.385436
================================================================================

━━━ [STAGE 1] Loading Point Cloud Array
  [INFO] Total raw points loaded: 363,520

━━━ [STAGE 2] Statistical Outlier Demolition
  [INFO] Points surviving outlier filter: 352,691

━━━ [STAGE 3] Live Plane Surface Isolation (RANSAC)
  [INFO] Original RANSAC: a=0.0141, b=-0.1962, c=0.9805, d=-0.4632
  [INFO] Normal vector pointing down. Flipping coefficients up toward lens.
  [INFO] Points isolated on belt plane: 334,124
  [INFO] Non-plane points going to workspace filter: 18,567

━━━ [STAGE 5] Direction-Enforced Spatial Pre-Filtering
  [INFO] Height gate window : 1.50mm to 500.00mm
  [INFO] Dist-from-plane mm : min=12.572 mean=44.080 median=46.835 max=56.963
  [INFO] Rejected by lower gate: 0 / 18,567
  [INFO] Rejected by upper gate: 0 / 18,567
  [DEBUG] Points passing directional spatial filters: 18,567

━━━ [STAGE 6] Spatial Structural Isolation Clustering (DBSCAN)
  [INFO] DBSCAN discovered 1 distinct point groups.

━━━ [STAGE 7] Multi-Gate Geometric Evaluation
  Cluster #00 -> Pts: 18567 | Dims(mm): X=132.2, Y=106.4, Z= 50.0 | VolRatio: 0.378 | Gates: [G1-4=1 G5_Size=1 G6_3D=1] -> PASSED
  [INFO] Winning Cluster selected: ID #0 (Score=0.8134)
  [INFO] Winning cluster point count: 18,567

━━━ [STAGE 8] Projection — Sensor Space → Cropped Canvas

  ── [STAGE 8a] Coordinate System Parameters ──
    Intrinsics    : fx=750.148  fy=749.790  cx=386.179  cy=366.086
    Crop offsets  : left=0 px  top=0 px
    Depth sensor  : 510W x 720H px
    RGB canvas    : 510W x 720H px
    Scale factors : scale_x=1.000000  scale_y=1.000000

  ── [STAGE 8b] 3-D Cluster Bounding Box (world space) ──
    X range : -0.1300 m  →  0.0022 m  (span 132.2 mm)
    Y range : -0.1388 m  →  -0.0324 m  (span 106.4 mm)
    Z range : 0.3990 m  →  0.4490 m  (span 50.0 mm)
    Z depth : mean=0.4122 m  std=0.0084 m  min=0.3990 m  max=0.4490 m

  ── [STAGE 8c] Projection Steps ──
    [Step 1] Full-sensor pixel coords (before crop subtraction):
      u_sensor  min=169.0  max=390.0  mean=286.4
      v_sensor  min=122.0  max=310.0  mean=219.2
    [OK] Sensor-space OOB: u=0.0%  v=0.0%
    [Step 2] After crop subtraction (crop_left=0, crop_top=0):
      u_cropped min=169.0  max=390.0  mean=286.4
      v_cropped min=122.0  max=310.0  mean=219.2
    [Step 2 Check] Cropped coords outside canvas: u<0=0.0%  u>W=0.0%  v<0=0.0%  v>H=0.0%
    [Step 3] After scale to canvas (scale_x=1.0000, scale_y=1.0000):
      u  min=169  max=390  mean=286.4
      v  min=122  max=310  mean=219.2
      Canvas target size : 510W x 720H px

  ── [STAGE 8d] Expected mask centroid on canvas ──
      Projected centroid : u=286.4 px  v=219.2 px
      Canvas centre      : u=255.0 px  v=360.0 px
      Offset from centre : Δu=31.4 px  Δv=-140.8 px

  ── [STAGE 8e] Bounds Filter ──
    Total projected points : 18,567
    Inside canvas bounds   : 18,567  (100.0%)
    Duplicate pixel hits    : 0
  [INFO] Density non-zero pixels: 18,567
  [INFO] Density peak count     : 1
  [INFO] Raw mask white pixels before morphology: 18,567
  [INFO] White pixels after close: 20,391
  [INFO] Morphological open skipped for tip-loss debugging.
  [INFO] White pixels after open (skipped): 20,391

  ── [STAGE 8f] Final Mask Stats ──
    Bounding box : 221W x 188H px
    Mask centroid: (279.5, 216.0) px
    White pixels : 20,391
  masking.py run ended: 2026-06-13 19:57:57.856022
