
================================================================================
  masking.py run started: 2026-06-13 19:53:34.249190
================================================================================

━━━ [STAGE 1] Loading Point Cloud Array
  [INFO] Total raw points loaded: 144,446

━━━ [STAGE 2] Statistical Outlier Demolition
  [INFO] Points surviving outlier filter: 140,837

━━━ [STAGE 3] Live Plane Surface Isolation (RANSAC)
  [INFO] Original RANSAC: a=0.0033, b=-0.3040, c=0.9527, d=-0.4539
  [INFO] Normal vector pointing down. Flipping coefficients up toward lens.
  [INFO] Points isolated on belt plane: 137,152
  [INFO] Non-plane points going to workspace filter: 3,685

━━━ [STAGE 5] Direction-Enforced Spatial Pre-Filtering
  [INFO] Height gate window : 1.50mm to 500.00mm
  [INFO] Dist-from-plane mm : min=3.655 mean=23.322 median=19.437 max=49.739
  [INFO] Rejected by lower gate: 0 / 3,685
  [INFO] Rejected by upper gate: 0 / 3,685
  [DEBUG] Points passing directional spatial filters: 3,685

━━━ [STAGE 6] Spatial Structural Isolation Clustering (DBSCAN)
  [INFO] DBSCAN discovered 9 distinct point groups.

━━━ [STAGE 7] Multi-Gate Geometric Evaluation
  Cluster #00 -> Pts: 32    | Dims(mm): X= 37.6, Y=  3.5, Z=  3.0 | VolRatio: 0.080 | Gates: [G1-4=1 G5_Size=0 G6_3D=0] -> REJECTED
  Cluster #01 -> Pts: 15    | Dims(mm): X= 24.3, Y=  7.7, Z=  4.0 | VolRatio: 0.164 | Gates: [G1-4=0 G5_Size=0 G6_3D=1] -> REJECTED
  Cluster #02 -> Pts: 3479  | Dims(mm): X=205.4, Y= 57.4, Z= 50.0 | VolRatio: 0.243 | Gates: [G1-4=1 G5_Size=1 G6_3D=1] -> PASSED
  Cluster #03 -> Pts: 15    | Dims(mm): X= 11.1, Y=  7.3, Z=  3.0 | VolRatio: 0.270 | Gates: [G1-4=0 G5_Size=0 G6_3D=1] -> REJECTED
  Cluster #04 -> Pts: 10    | Dims(mm): X=  8.7, Y= 11.4, Z=  4.0 | VolRatio: 0.349 | Gates: [G1-4=0 G5_Size=0 G6_3D=1] -> REJECTED
  Cluster #05 -> Pts: 8     | Dims(mm): X= 18.0, Y=  4.0, Z=  2.0 | VolRatio: 0.111 | Gates: [G1-4=0 G5_Size=0 G6_3D=0] -> REJECTED
  Cluster #06 -> Pts: 46    | Dims(mm): X= 53.0, Y= 46.4, Z= 15.0 | VolRatio: 0.283 | Gates: [G1-4=1 G5_Size=1 G6_3D=1] -> PASSED
  Cluster #07 -> Pts: 15    | Dims(mm): X= 13.6, Y=  7.3, Z=  2.0 | VolRatio: 0.147 | Gates: [G1-4=0 G5_Size=0 G6_3D=0] -> REJECTED
  Cluster #08 -> Pts: 11    | Dims(mm): X= 19.3, Y=  4.1, Z=  1.0 | VolRatio: 0.052 | Gates: [G1-4=0 G5_Size=0 G6_3D=0] -> REJECTED
  [INFO] Winning Cluster selected: ID #2 (Score=0.4470)
  [INFO] Winning cluster point count: 3,479

━━━ [STAGE 8] Projection — Sensor Space → Cropped Canvas

  ── [STAGE 8a] Coordinate System Parameters ──
    Intrinsics    : fx=149.444  fy=599.832  cx=1.739  cy=292.869
    Crop offsets  : left=0 px  top=0 px
    Depth sensor  : 255W x 576H px
    RGB canvas    : 510W x 720H px
    Scale factors : scale_x=2.000000  scale_y=1.250000

  ── [STAGE 8b] 3-D Cluster Bounding Box (world space) ──
    X range : 0.5373 m  →  0.7427 m  (span 205.4 mm)
    Y range : -0.0928 m  →  -0.0354 m  (span 57.4 mm)
    Z range : 0.3940 m  →  0.4440 m  (span 50.0 mm)
    Z depth : mean=0.4271 m  std=0.0141 m  min=0.3940 m  max=0.4440 m

  ── [STAGE 8c] Projection Steps ──
    [Step 1] Full-sensor pixel coords (before crop subtraction):
      u_sensor  min=200.0  max=254.0  mean=231.2
      v_sensor  min=154.0  max=244.0  mean=197.6
    [OK] Sensor-space OOB: u=0.0%  v=0.0%
    [Step 2] After crop subtraction (crop_left=0, crop_top=0):
      u_cropped min=200.0  max=254.0  mean=231.2
      v_cropped min=154.0  max=244.0  mean=197.6
    [Step 2 Check] Cropped coords outside canvas: u<0=0.0%  u>W=0.0%  v<0=0.0%  v>H=0.0%
    [Step 3] After scale to canvas (scale_x=2.0000, scale_y=1.2500):
      u  min=400  max=508  mean=462.5
      v  min=192  max=305  mean=247.1
      Canvas target size : 510W x 720H px

  ── [STAGE 8d] Expected mask centroid on canvas ──
      Projected centroid : u=462.5 px  v=247.1 px
      Canvas centre      : u=255.0 px  v=360.0 px
      Offset from centre : Δu=207.5 px  Δv=-112.9 px

  ── [STAGE 8e] Bounds Filter ──
    Total projected points : 3,479
    Inside canvas bounds   : 3,479  (100.0%)
    Duplicate pixel hits    : 0
  [INFO] Density non-zero pixels: 3,479
  [INFO] Density peak count     : 1
  [INFO] Raw mask white pixels before morphology: 3,479
  [INFO] White pixels after close: 9,846
  [INFO] Morphological open skipped for tip-loss debugging.
  [INFO] White pixels after open (skipped): 9,846

  ── [STAGE 8f] Final Mask Stats ──
    Bounding box : 109W x 113H px
    Mask centroid: (454.5, 248.5) px
    White pixels : 9,846
  masking.py run ended: 2026-06-13 19:53:34.722247
