
================================================================================
  masking.py run started: 2026-06-13 20:06:56.813217
================================================================================

━━━ [STAGE 1] Loading Point Cloud Array
  [INFO] Total raw points loaded: 365,749

━━━ [STAGE 2] Statistical Outlier Demolition
  [INFO] Points surviving outlier filter: 353,856

━━━ [STAGE 3] Live Plane Surface Isolation (RANSAC)
  [INFO] Original RANSAC: a=0.0130, b=-0.1025, c=0.9947, d=-0.4735
  [INFO] Normal vector pointing down. Flipping coefficients up toward lens.
  [INFO] Points isolated on belt plane: 341,004
  [INFO] Non-plane points going to workspace filter: 12,852

━━━ [STAGE 5] Direction-Enforced Spatial Pre-Filtering
  [INFO] Height gate window : 1.50mm to 500.00mm
  [INFO] Dist-from-plane mm : min=12.819 mean=22.014 median=21.012 max=53.957
  [INFO] Rejected by lower gate: 0 / 12,852
  [INFO] Rejected by upper gate: 0 / 12,852
  [DEBUG] Points passing directional spatial filters: 12,852

━━━ [STAGE 6] Spatial Structural Isolation Clustering (DBSCAN)
  [INFO] DBSCAN discovered 1 distinct point groups.

━━━ [STAGE 7] Multi-Gate Geometric Evaluation
  Cluster #00 -> Pts: 12852 | Dims(mm): X=186.8, Y=187.2, Z= 47.0 | VolRatio: 0.251 | Gates: [G1-4=1 G5_Size=1 G6_3D=1] -> PASSED
  [INFO] Winning Cluster selected: ID #0 (Score=0.7753)
  [INFO] Winning cluster point count: 12,852

━━━ [STAGE 8] Projection — Sensor Space → Cropped Canvas

  ── [STAGE 8a] Coordinate System Parameters ──
    Intrinsics    : fx=750.148  fy=749.790  cx=386.179  cy=366.086
    Crop offsets  : left=0 px  top=0 px
    Depth sensor  : 510W x 720H px
    RGB canvas    : 510W x 720H px
    Scale factors : scale_x=1.000000  scale_y=1.000000

  ── [STAGE 8b] 3-D Cluster Bounding Box (world space) ──
    X range : -0.1863 m  →  0.0005 m  (span 186.8 mm)
    Y range : -0.1481 m  →  0.0391 m  (span 187.2 mm)
    Z range : 0.4190 m  →  0.4660 m  (span 47.0 mm)
    Z depth : mean=0.4492 m  std=0.0069 m  min=0.4190 m  max=0.4660 m

  ── [STAGE 8c] Projection Steps ──
    [Step 1] Full-sensor pixel coords (before crop subtraction):
      u_sensor  min=77.0  max=387.0  mean=216.8
      v_sensor  min=116.0  max=429.0  mean=267.6
    [OK] Sensor-space OOB: u=0.0%  v=0.0%
    [Step 2] After crop subtraction (crop_left=0, crop_top=0):
      u_cropped min=77.0  max=387.0  mean=216.8
      v_cropped min=116.0  max=429.0  mean=267.6
    [Step 2 Check] Cropped coords outside canvas: u<0=0.0%  u>W=0.0%  v<0=0.0%  v>H=0.0%
    [Step 3] After scale to canvas (scale_x=1.0000, scale_y=1.0000):
      u  min=77  max=387  mean=216.8
      v  min=116  max=429  mean=267.6
      Canvas target size : 510W x 720H px

  ── [STAGE 8d] Expected mask centroid on canvas ──
      Projected centroid : u=216.8 px  v=267.6 px
      Canvas centre      : u=255.0 px  v=360.0 px
      Offset from centre : Δu=-38.2 px  Δv=-92.4 px

  ── [STAGE 8e] Bounds Filter ──
    Total projected points : 12,852
    Inside canvas bounds   : 12,852  (100.0%)
    Duplicate pixel hits    : 0
  [INFO] Density non-zero pixels: 12,852
  [INFO] Density peak count     : 1
  [INFO] Raw mask white pixels before morphology: 12,852
  [INFO] White pixels after close: 14,689
  [INFO] Morphological open skipped for tip-loss debugging.
  [INFO] White pixels after open (skipped): 14,689

  ── [STAGE 8f] Final Mask Stats ──
    Bounding box : 310W x 313H px
    Mask centroid: (232.0, 272.5) px
    White pixels : 14,689
  masking.py run ended: 2026-06-13 20:06:58.578061
