
================================================================================
  masking.py run started: 2026-06-13 19:52:27.442042
================================================================================

━━━ [STAGE 1] Loading Point Cloud Array
  [INFO] Total raw points loaded: 365,904

━━━ [STAGE 2] Statistical Outlier Demolition
  [INFO] Points surviving outlier filter: 356,936

━━━ [STAGE 3] Live Plane Surface Isolation (RANSAC)
  [INFO] Original RANSAC: a=0.0139, b=-0.0893, c=0.9959, d=-0.4749
  [INFO] Normal vector pointing down. Flipping coefficients up toward lens.
  [INFO] Points isolated on belt plane: 348,036
  [INFO] Non-plane points going to workspace filter: 8,900

━━━ [STAGE 5] Direction-Enforced Spatial Pre-Filtering
  [INFO] Height gate window : 1.50mm to 500.00mm
  [INFO] Dist-from-plane mm : min=16.671 mean=43.231 median=44.866 max=56.519
  [INFO] Rejected by lower gate: 0 / 8,900
  [INFO] Rejected by upper gate: 0 / 8,900
  [DEBUG] Points passing directional spatial filters: 8,900

━━━ [STAGE 6] Spatial Structural Isolation Clustering (DBSCAN)
  [INFO] DBSCAN discovered 1 distinct point groups.

━━━ [STAGE 7] Multi-Gate Geometric Evaluation
  Cluster #00 -> Pts: 8900  | Dims(mm): X= 64.4, Y= 79.1, Z= 41.0 | VolRatio: 0.518 | Gates: [G1-4=1 G5_Size=1 G6_3D=1] -> PASSED
  [INFO] Winning Cluster selected: ID #0 (Score=0.8004)
  [INFO] Winning cluster point count: 8,900

━━━ [STAGE 8] Projection — Sensor Space → Cropped Canvas

  ── [STAGE 8a] Coordinate System Parameters ──
    Intrinsics    : fx=750.148  fy=749.790  cx=386.179  cy=366.086
    Crop offsets  : left=0 px  top=0 px
    Depth sensor  : 510W x 720H px
    RGB canvas    : 510W x 720H px
    Scale factors : scale_x=1.000000  scale_y=1.000000

  ── [STAGE 8b] 3-D Cluster Bounding Box (world space) ──
    X range : -0.0688 m  →  -0.0043 m  (span 64.4 mm)
    Y range : -0.0768 m  →  0.0024 m  (span 79.1 mm)
    Z range : 0.4170 m  →  0.4580 m  (span 41.0 mm)
    Z depth : mean=0.4309 m  std=0.0098 m  min=0.4170 m  max=0.4580 m

  ── [STAGE 8c] Projection Steps ──
    [Step 1] Full-sensor pixel coords (before crop subtraction):
      u_sensor  min=270.0  max=379.0  mean=324.5
      v_sensor  min=235.0  max=370.0  mean=306.1
    [OK] Sensor-space OOB: u=0.0%  v=0.0%
    [Step 2] After crop subtraction (crop_left=0, crop_top=0):
      u_cropped min=270.0  max=379.0  mean=324.5
      v_cropped min=235.0  max=370.0  mean=306.1
    [Step 2 Check] Cropped coords outside canvas: u<0=0.0%  u>W=0.0%  v<0=0.0%  v>H=0.0%
    [Step 3] After scale to canvas (scale_x=1.0000, scale_y=1.0000):
      u  min=270  max=379  mean=324.5
      v  min=235  max=370  mean=306.1
      Canvas target size : 510W x 720H px

  ── [STAGE 8d] Expected mask centroid on canvas ──
      Projected centroid : u=324.5 px  v=306.1 px
      Canvas centre      : u=255.0 px  v=360.0 px
      Offset from centre : Δu=69.5 px  Δv=-53.9 px

  ── [STAGE 8e] Bounds Filter ──
    Total projected points : 8,900
    Inside canvas bounds   : 8,900  (100.0%)
    Duplicate pixel hits    : 0
  [INFO] Density non-zero pixels: 8,900
  [INFO] Density peak count     : 1
  [INFO] Raw mask white pixels before morphology: 8,900
  [INFO] White pixels after close: 9,586
  [INFO] Morphological open skipped for tip-loss debugging.
  [INFO] White pixels after open (skipped): 9,586

  ── [STAGE 8f] Final Mask Stats ──
    Bounding box : 109W x 135H px
    Mask centroid: (324.5, 302.5) px
    White pixels : 9,586
  masking.py run ended: 2026-06-13 19:52:29.074038
