
================================================================================
  masking.py run started: 2026-06-13 19:52:20.545296
================================================================================

━━━ [STAGE 1] Loading Point Cloud Array
  [INFO] Total raw points loaded: 365,868

━━━ [STAGE 2] Statistical Outlier Demolition
  [INFO] Points surviving outlier filter: 357,942

━━━ [STAGE 3] Live Plane Surface Isolation (RANSAC)
  [INFO] Original RANSAC: a=0.0136, b=-0.0872, c=0.9961, d=-0.4742
  [INFO] Normal vector pointing down. Flipping coefficients up toward lens.
  [INFO] Points isolated on belt plane: 341,043
  [INFO] Non-plane points going to workspace filter: 16,899

━━━ [STAGE 5] Direction-Enforced Spatial Pre-Filtering
  [INFO] Height gate window : 1.50mm to 500.00mm
  [INFO] Dist-from-plane mm : min=13.471 mean=46.555 median=34.767 max=98.091
  [INFO] Rejected by lower gate: 0 / 16,899
  [INFO] Rejected by upper gate: 0 / 16,899
  [DEBUG] Points passing directional spatial filters: 16,899

━━━ [STAGE 6] Spatial Structural Isolation Clustering (DBSCAN)
  [INFO] DBSCAN discovered 5 distinct point groups.

━━━ [STAGE 7] Multi-Gate Geometric Evaluation
  Cluster #00 -> Pts: 16834 | Dims(mm): X=119.5, Y=136.5, Z= 85.0 | VolRatio: 0.623 | Gates: [G1-4=1 G5_Size=1 G6_3D=1] -> PASSED
  Cluster #01 -> Pts: 9     | Dims(mm): X=  1.3, Y=  1.3, Z=  0.0 | VolRatio: 0.000 | Gates: [G1-4=0 G5_Size=0 G6_3D=0] -> REJECTED
  Cluster #02 -> Pts: 10    | Dims(mm): X=  1.5, Y=  1.6, Z=  1.0 | VolRatio: 0.627 | Gates: [G1-4=0 G5_Size=0 G6_3D=1] -> REJECTED
  Cluster #03 -> Pts: 19    | Dims(mm): X=  1.6, Y=  6.1, Z=  1.0 | VolRatio: 0.165 | Gates: [G1-4=0 G5_Size=0 G6_3D=1] -> REJECTED
  Cluster #04 -> Pts: 11    | Dims(mm): X=  2.5, Y=  1.3, Z=  1.0 | VolRatio: 0.399 | Gates: [G1-4=0 G5_Size=0 G6_3D=1] -> REJECTED
  [INFO] Winning Cluster selected: ID #0 (Score=0.8868)
  [INFO] Winning cluster point count: 16,834

━━━ [STAGE 8] Projection — Sensor Space → Cropped Canvas

  ── [STAGE 8a] Coordinate System Parameters ──
    Intrinsics    : fx=750.148  fy=749.790  cx=386.179  cy=366.086
    Crop offsets  : left=0 px  top=0 px
    Depth sensor  : 510W x 720H px
    RGB canvas    : 510W x 720H px
    Scale factors : scale_x=1.000000  scale_y=1.000000

  ── [STAGE 8b] 3-D Cluster Bounding Box (world space) ──
    X range : -0.1676 m  →  -0.0480 m  (span 119.5 mm)
    Y range : 0.0244 m  →  0.1609 m  (span 136.5 mm)
    Z range : 0.3900 m  →  0.4750 m  (span 85.0 mm)
    Z depth : mean=0.4395 m  std=0.0276 m  min=0.3900 m  max=0.4750 m

  ── [STAGE 8c] Projection Steps ──
    [Step 1] Full-sensor pixel coords (before crop subtraction):
      u_sensor  min=88.0  max=310.0  mean=190.9
      v_sensor  min=406.0  max=652.0  mean=539.5
    [OK] Sensor-space OOB: u=0.0%  v=0.0%
    [Step 2] After crop subtraction (crop_left=0, crop_top=0):
      u_cropped min=88.0  max=310.0  mean=190.9
      v_cropped min=406.0  max=652.0  mean=539.5
    [Step 2 Check] Cropped coords outside canvas: u<0=0.0%  u>W=0.0%  v<0=0.0%  v>H=0.0%
    [Step 3] After scale to canvas (scale_x=1.0000, scale_y=1.0000):
      u  min=88  max=310  mean=190.9
      v  min=406  max=652  mean=539.5
      Canvas target size : 510W x 720H px

  ── [STAGE 8d] Expected mask centroid on canvas ──
      Projected centroid : u=190.9 px  v=539.5 px
      Canvas centre      : u=255.0 px  v=360.0 px
      Offset from centre : Δu=-64.1 px  Δv=179.5 px

  ── [STAGE 8e] Bounds Filter ──
    Total projected points : 16,834
    Inside canvas bounds   : 16,834  (100.0%)
    Duplicate pixel hits    : 0
  [INFO] Density non-zero pixels: 16,834
  [INFO] Density peak count     : 1
  [INFO] Raw mask white pixels before morphology: 16,834
  [INFO] White pixels after close: 18,434
  [INFO] Morphological open skipped for tip-loss debugging.
  [INFO] White pixels after open (skipped): 18,434

  ── [STAGE 8f] Final Mask Stats ──
    Bounding box : 222W x 246H px
    Mask centroid: (199.0, 529.0) px
    White pixels : 18,434
  masking.py run ended: 2026-06-13 19:52:22.533909
