
================================================================================
  masking.py run started: 2026-06-13 20:06:26.742923
================================================================================

━━━ [STAGE 1] Loading Point Cloud Array
  [INFO] Total raw points loaded: 365,760

━━━ [STAGE 2] Statistical Outlier Demolition
  [INFO] Points surviving outlier filter: 353,286

━━━ [STAGE 3] Live Plane Surface Isolation (RANSAC)
  [INFO] Original RANSAC: a=0.0138, b=-0.1017, c=0.9947, d=-0.4737
  [INFO] Normal vector pointing down. Flipping coefficients up toward lens.
  [INFO] Points isolated on belt plane: 345,526
  [INFO] Non-plane points going to workspace filter: 7,760

━━━ [STAGE 5] Direction-Enforced Spatial Pre-Filtering
  [INFO] Height gate window : 1.50mm to 500.00mm
  [INFO] Dist-from-plane mm : min=12.599 mean=36.066 median=38.350 max=44.536
  [INFO] Rejected by lower gate: 0 / 7,760
  [INFO] Rejected by upper gate: 0 / 7,760
  [DEBUG] Points passing directional spatial filters: 7,760

━━━ [STAGE 6] Spatial Structural Isolation Clustering (DBSCAN)
  [INFO] DBSCAN discovered 1 distinct point groups.

━━━ [STAGE 7] Multi-Gate Geometric Evaluation
  Cluster #00 -> Pts: 7755  | Dims(mm): X= 58.8, Y= 71.6, Z= 34.0 | VolRatio: 0.475 | Gates: [G1-4=1 G5_Size=1 G6_3D=1] -> PASSED
  [INFO] Winning Cluster selected: ID #0 (Score=0.7302)
  [INFO] Winning cluster point count: 7,755

━━━ [STAGE 8] Projection — Sensor Space → Cropped Canvas

  ── [STAGE 8a] Coordinate System Parameters ──
    Intrinsics    : fx=750.148  fy=749.790  cx=386.179  cy=366.086
    Crop offsets  : left=0 px  top=0 px
    Depth sensor  : 510W x 720H px
    RGB canvas    : 510W x 720H px
    Scale factors : scale_x=1.000000  scale_y=1.000000

  ── [STAGE 8b] 3-D Cluster Bounding Box (world space) ──
    X range : -0.0089 m  →  0.0498 m  (span 58.8 mm)
    Y range : -0.1909 m  →  -0.1193 m  (span 71.6 mm)
    Z range : 0.4160 m  →  0.4500 m  (span 34.0 mm)
    Z depth : mean=0.4244 m  std=0.0069 m  min=0.4160 m  max=0.4500 m

  ── [STAGE 8c] Projection Steps ──
    [Step 1] Full-sensor pixel coords (before crop subtraction):
      u_sensor  min=371.0  max=470.0  mean=420.4
      v_sensor  min=43.0  max=167.0  mean=101.9
    [OK] Sensor-space OOB: u=0.0%  v=0.0%
    [Step 2] After crop subtraction (crop_left=0, crop_top=0):
      u_cropped min=371.0  max=470.0  mean=420.4
      v_cropped min=43.0  max=167.0  mean=101.9
    [Step 2 Check] Cropped coords outside canvas: u<0=0.0%  u>W=0.0%  v<0=0.0%  v>H=0.0%
    [Step 3] After scale to canvas (scale_x=1.0000, scale_y=1.0000):
      u  min=371  max=470  mean=420.4
      v  min=43  max=167  mean=101.9
      Canvas target size : 510W x 720H px

  ── [STAGE 8d] Expected mask centroid on canvas ──
      Projected centroid : u=420.4 px  v=101.9 px
      Canvas centre      : u=255.0 px  v=360.0 px
      Offset from centre : Δu=165.4 px  Δv=-258.1 px

  ── [STAGE 8e] Bounds Filter ──
    Total projected points : 7,755
    Inside canvas bounds   : 7,755  (100.0%)
    Duplicate pixel hits    : 0
  [INFO] Density non-zero pixels: 7,755
  [INFO] Density peak count     : 1
  [INFO] Raw mask white pixels before morphology: 7,755
  [INFO] White pixels after close: 8,835
  [INFO] Morphological open skipped for tip-loss debugging.
  [INFO] White pixels after open (skipped): 8,835

  ── [STAGE 8f] Final Mask Stats ──
    Bounding box : 99W x 124H px
    Mask centroid: (420.5, 105.0) px
    White pixels : 8,835
  masking.py run ended: 2026-06-13 20:06:28.561493
