
================================================================================
  masking.py run started: 2026-06-13 19:54:23.064961
================================================================================

━━━ [STAGE 1] Loading Point Cloud Array
  [INFO] Total raw points loaded: 364,124

━━━ [STAGE 2] Statistical Outlier Demolition
  [INFO] Points surviving outlier filter: 355,403

━━━ [STAGE 3] Live Plane Surface Isolation (RANSAC)
  [INFO] Original RANSAC: a=0.0134, b=-0.1803, c=0.9835, d=-0.4649
  [INFO] Normal vector pointing down. Flipping coefficients up toward lens.
  [INFO] Points isolated on belt plane: 336,740
  [INFO] Non-plane points going to workspace filter: 18,663

━━━ [STAGE 5] Direction-Enforced Spatial Pre-Filtering
  [INFO] Height gate window : 1.50mm to 500.00mm
  [INFO] Dist-from-plane mm : min=13.137 mean=31.787 median=29.282 max=58.403
  [INFO] Rejected by lower gate: 0 / 18,663
  [INFO] Rejected by upper gate: 0 / 18,663
  [DEBUG] Points passing directional spatial filters: 18,663

━━━ [STAGE 6] Spatial Structural Isolation Clustering (DBSCAN)
  [INFO] DBSCAN discovered 1 distinct point groups.

━━━ [STAGE 7] Multi-Gate Geometric Evaluation
  Cluster #00 -> Pts: 18663 | Dims(mm): X=123.9, Y=160.5, Z= 48.0 | VolRatio: 0.299 | Gates: [G1-4=1 G5_Size=1 G6_3D=1] -> PASSED
  [INFO] Winning Cluster selected: ID #0 (Score=0.7897)
  [INFO] Winning cluster point count: 18,663

━━━ [STAGE 8] Projection — Sensor Space → Cropped Canvas

  ── [STAGE 8a] Coordinate System Parameters ──
    Intrinsics    : fx=750.148  fy=749.790  cx=386.179  cy=366.086
    Crop offsets  : left=0 px  top=0 px
    Depth sensor  : 510W x 720H px
    RGB canvas    : 510W x 720H px
    Scale factors : scale_x=1.000000  scale_y=1.000000

  ── [STAGE 8b] 3-D Cluster Bounding Box (world space) ──
    X range : -0.1529 m  →  -0.0290 m  (span 123.9 mm)
    Y range : -0.1775 m  →  -0.0170 m  (span 160.5 mm)
    Z range : 0.4020 m  →  0.4500 m  (span 48.0 mm)
    Z depth : mean=0.4224 m  std=0.0085 m  min=0.4020 m  max=0.4500 m

  ── [STAGE 8c] Projection Steps ──
    [Step 1] Full-sensor pixel coords (before crop subtraction):
      u_sensor  min=107.0  max=335.0  mean=203.5
      v_sensor  min=53.0  max=337.0  mean=179.3
    [OK] Sensor-space OOB: u=0.0%  v=0.0%
    [Step 2] After crop subtraction (crop_left=0, crop_top=0):
      u_cropped min=107.0  max=335.0  mean=203.5
      v_cropped min=53.0  max=337.0  mean=179.3
    [Step 2 Check] Cropped coords outside canvas: u<0=0.0%  u>W=0.0%  v<0=0.0%  v>H=0.0%
    [Step 3] After scale to canvas (scale_x=1.0000, scale_y=1.0000):
      u  min=107  max=335  mean=203.5
      v  min=53  max=337  mean=179.3
      Canvas target size : 510W x 720H px

  ── [STAGE 8d] Expected mask centroid on canvas ──
      Projected centroid : u=203.5 px  v=179.3 px
      Canvas centre      : u=255.0 px  v=360.0 px
      Offset from centre : Δu=-51.5 px  Δv=-180.7 px

  ── [STAGE 8e] Bounds Filter ──
    Total projected points : 18,663
    Inside canvas bounds   : 18,663  (100.0%)
    Duplicate pixel hits    : 0
  [INFO] Density non-zero pixels: 18,663
  [INFO] Density peak count     : 1
  [INFO] Raw mask white pixels before morphology: 18,663
  [INFO] White pixels after close: 19,715
  [INFO] Morphological open skipped for tip-loss debugging.
  [INFO] White pixels after open (skipped): 19,715

  ── [STAGE 8f] Final Mask Stats ──
    Bounding box : 228W x 284H px
    Mask centroid: (221.0, 195.0) px
    White pixels : 19,715
  masking.py run ended: 2026-06-13 19:54:25.638393
