
================================================================================
  masking.py run started: 2026-06-13 19:46:03.919726
================================================================================

━━━ [STAGE 1] Loading Point Cloud Array
  [INFO] Total raw points loaded: 366,209

━━━ [STAGE 2] Statistical Outlier Demolition
  [INFO] Points surviving outlier filter: 354,610

━━━ [STAGE 3] Live Plane Surface Isolation (RANSAC)
  [INFO] Original RANSAC: a=0.0152, b=-0.0361, c=0.9992, d=-0.4791
  [INFO] Normal vector pointing down. Flipping coefficients up toward lens.
  [INFO] Points isolated on belt plane: 327,775
  [INFO] Non-plane points going to workspace filter: 26,835

━━━ [STAGE 5] Direction-Enforced Spatial Pre-Filtering
  [INFO] Height gate window : 1.50mm to 500.00mm
  [INFO] Dist-from-plane mm : min=-5.901 mean=56.040 median=58.875 max=92.322
  [INFO] Rejected by lower gate: 353 / 26,835
  [INFO] Rejected by upper gate: 0 / 26,835
  [DEBUG] Points passing directional spatial filters: 26,482

━━━ [STAGE 6] Spatial Structural Isolation Clustering (DBSCAN)
  [INFO] DBSCAN discovered 5 distinct point groups.

━━━ [STAGE 7] Multi-Gate Geometric Evaluation
  Cluster #00 -> Pts: 24378 | Dims(mm): X=208.0, Y=180.5, Z= 75.0 | VolRatio: 0.361 | Gates: [G1-4=1 G5_Size=1 G6_3D=1] -> PASSED
  Cluster #01 -> Pts: 13    | Dims(mm): X=  1.8, Y=  2.4, Z=  0.0 | VolRatio: 0.000 | Gates: [G1-4=0 G5_Size=0 G6_3D=0] -> REJECTED
  Cluster #02 -> Pts: 9     | Dims(mm): X=  1.2, Y=  1.9, Z=  0.0 | VolRatio: 0.000 | Gates: [G1-4=0 G5_Size=0 G6_3D=0] -> REJECTED
  Cluster #03 -> Pts: 46    | Dims(mm): X=  6.7, Y=  9.9, Z= 15.0 | VolRatio: 0.449 | Gates: [G1-4=0 G5_Size=0 G6_3D=1] -> REJECTED
  Cluster #04 -> Pts: 2035  | Dims(mm): X= 53.1, Y= 31.7, Z= 57.0 | VolRatio: 0.556 | Gates: [G1-4=1 G5_Size=1 G6_3D=1] -> PASSED
  [INFO] Winning Cluster selected: ID #0 (Score=0.8082)
  [INFO] Winning cluster point count: 24,378

━━━ [STAGE 8] Projection — Sensor Space → Cropped Canvas

  ── [STAGE 8a] Coordinate System Parameters ──
    Intrinsics    : fx=750.148  fy=749.790  cx=386.179  cy=366.086
    Crop offsets  : left=0 px  top=0 px
    Depth sensor  : 510W x 720H px
    RGB canvas    : 510W x 720H px
    Scale factors : scale_x=1.000000  scale_y=1.000000

  ── [STAGE 8b] 3-D Cluster Bounding Box (world space) ──
    X range : -0.1565 m  →  0.0516 m  (span 208.0 mm)
    Y range : 0.0392 m  →  0.2197 m  (span 180.5 mm)
    Z range : 0.3930 m  →  0.4680 m  (span 75.0 mm)
    Z depth : mean=0.4273 m  std=0.0196 m  min=0.3930 m  max=0.4680 m

  ── [STAGE 8c] Projection Steps ──
    [Step 1] Full-sensor pixel coords (before crop subtraction):
      u_sensor  min=120.0  max=469.0  mean=290.2
      v_sensor  min=431.0  max=718.0  mean=556.2
    [OK] Sensor-space OOB: u=0.0%  v=0.0%
    [Step 2] After crop subtraction (crop_left=0, crop_top=0):
      u_cropped min=120.0  max=469.0  mean=290.2
      v_cropped min=431.0  max=718.0  mean=556.2
    [Step 2 Check] Cropped coords outside canvas: u<0=0.0%  u>W=0.0%  v<0=0.0%  v>H=0.0%
    [Step 3] After scale to canvas (scale_x=1.0000, scale_y=1.0000):
      u  min=120  max=469  mean=290.2
      v  min=431  max=718  mean=556.2
      Canvas target size : 510W x 720H px

  ── [STAGE 8d] Expected mask centroid on canvas ──
      Projected centroid : u=290.2 px  v=556.2 px
      Canvas centre      : u=255.0 px  v=360.0 px
      Offset from centre : Δu=35.2 px  Δv=196.2 px

  ── [STAGE 8e] Bounds Filter ──
    Total projected points : 24,378
    Inside canvas bounds   : 24,378  (100.0%)
    Duplicate pixel hits    : 0
  [INFO] Density non-zero pixels: 24,378
  [INFO] Density peak count     : 1
  [INFO] Raw mask white pixels before morphology: 24,378
  [INFO] White pixels after close: 27,284
  [INFO] Morphological open skipped for tip-loss debugging.
  [INFO] White pixels after open (skipped): 27,284

  ── [STAGE 8f] Final Mask Stats ──
    Bounding box : 349W x 288H px
    Mask centroid: (294.5, 575.0) px
    White pixels : 27,284
  masking.py run ended: 2026-06-13 19:46:07.010160
