
================================================================================
  masking.py run started: 2026-06-13 20:06:37.357852
================================================================================

━━━ [STAGE 1] Loading Point Cloud Array
  [INFO] Total raw points loaded: 365,798

━━━ [STAGE 2] Statistical Outlier Demolition
  [INFO] Points surviving outlier filter: 354,947

━━━ [STAGE 3] Live Plane Surface Isolation (RANSAC)
  [INFO] Original RANSAC: a=0.0139, b=-0.1019, c=0.9947, d=-0.4738
  [INFO] Normal vector pointing down. Flipping coefficients up toward lens.
  [INFO] Points isolated on belt plane: 346,829
  [INFO] Non-plane points going to workspace filter: 8,118

━━━ [STAGE 5] Direction-Enforced Spatial Pre-Filtering
  [INFO] Height gate window : 1.50mm to 500.00mm
  [INFO] Dist-from-plane mm : min=13.134 mean=29.950 median=28.644 max=53.466
  [INFO] Rejected by lower gate: 0 / 8,118
  [INFO] Rejected by upper gate: 0 / 8,118
  [DEBUG] Points passing directional spatial filters: 8,118

━━━ [STAGE 6] Spatial Structural Isolation Clustering (DBSCAN)
  [INFO] DBSCAN discovered 1 distinct point groups.

━━━ [STAGE 7] Multi-Gate Geometric Evaluation
  Cluster #00 -> Pts: 8118  | Dims(mm): X= 59.2, Y= 87.4, Z= 40.0 | VolRatio: 0.458 | Gates: [G1-4=1 G5_Size=1 G6_3D=1] -> PASSED
  [INFO] Winning Cluster selected: ID #0 (Score=0.7432)
  [INFO] Winning cluster point count: 8,118

━━━ [STAGE 8] Projection — Sensor Space → Cropped Canvas

  ── [STAGE 8a] Coordinate System Parameters ──
    Intrinsics    : fx=750.148  fy=749.790  cx=386.179  cy=366.086
    Crop offsets  : left=0 px  top=0 px
    Depth sensor  : 510W x 720H px
    RGB canvas    : 510W x 720H px
    Scale factors : scale_x=1.000000  scale_y=1.000000

  ── [STAGE 8b] 3-D Cluster Bounding Box (world space) ──
    X range : -0.0551 m  →  0.0042 m  (span 59.2 mm)
    Y range : -0.0892 m  →  -0.0018 m  (span 87.4 mm)
    Z range : 0.4210 m  →  0.4610 m  (span 40.0 mm)
    Z depth : mean=0.4417 m  std=0.0078 m  min=0.4210 m  max=0.4610 m

  ── [STAGE 8c] Projection Steps ──
    [Step 1] Full-sensor pixel coords (before crop subtraction):
      u_sensor  min=294.0  max=393.0  mean=339.7
      v_sensor  min=214.0  max=363.0  mean=286.3
    [OK] Sensor-space OOB: u=0.0%  v=0.0%
    [Step 2] After crop subtraction (crop_left=0, crop_top=0):
      u_cropped min=294.0  max=393.0  mean=339.7
      v_cropped min=214.0  max=363.0  mean=286.3
    [Step 2 Check] Cropped coords outside canvas: u<0=0.0%  u>W=0.0%  v<0=0.0%  v>H=0.0%
    [Step 3] After scale to canvas (scale_x=1.0000, scale_y=1.0000):
      u  min=294  max=393  mean=339.7
      v  min=214  max=363  mean=286.3
      Canvas target size : 510W x 720H px

  ── [STAGE 8d] Expected mask centroid on canvas ──
      Projected centroid : u=339.7 px  v=286.3 px
      Canvas centre      : u=255.0 px  v=360.0 px
      Offset from centre : Δu=84.7 px  Δv=-73.7 px

  ── [STAGE 8e] Bounds Filter ──
    Total projected points : 8,118
    Inside canvas bounds   : 8,118  (100.0%)
    Duplicate pixel hits    : 0
  [INFO] Density non-zero pixels: 8,118
  [INFO] Density peak count     : 1
  [INFO] Raw mask white pixels before morphology: 8,118
  [INFO] White pixels after close: 9,963
  [INFO] Morphological open skipped for tip-loss debugging.
  [INFO] White pixels after open (skipped): 9,963

  ── [STAGE 8f] Final Mask Stats ──
    Bounding box : 99W x 149H px
    Mask centroid: (343.5, 288.5) px
    White pixels : 9,963
  masking.py run ended: 2026-06-13 20:06:38.996307
