
================================================================================
  masking.py run started: 2026-06-13 19:59:26.042378
================================================================================

━━━ [STAGE 1] Loading Point Cloud Array
  [INFO] Total raw points loaded: 366,478

━━━ [STAGE 2] Statistical Outlier Demolition
  [INFO] Points surviving outlier filter: 356,040

━━━ [STAGE 3] Live Plane Surface Isolation (RANSAC)
  [INFO] Original RANSAC: a=0.0141, b=-0.0507, c=0.9986, d=-0.4795
  [INFO] Normal vector pointing down. Flipping coefficients up toward lens.
  [INFO] Points isolated on belt plane: 323,233
  [INFO] Non-plane points going to workspace filter: 32,807

━━━ [STAGE 5] Direction-Enforced Spatial Pre-Filtering
  [INFO] Height gate window : 1.50mm to 500.00mm
  [INFO] Dist-from-plane mm : min=13.549 mean=61.193 median=62.906 max=91.226
  [INFO] Rejected by lower gate: 0 / 32,807
  [INFO] Rejected by upper gate: 0 / 32,807
  [DEBUG] Points passing directional spatial filters: 32,807

━━━ [STAGE 6] Spatial Structural Isolation Clustering (DBSCAN)
  [INFO] DBSCAN discovered 4 distinct point groups.

━━━ [STAGE 7] Multi-Gate Geometric Evaluation
  Cluster #00 -> Pts: 32594 | Dims(mm): X=170.9, Y=115.5, Z= 79.0 | VolRatio: 0.462 | Gates: [G1-4=1 G5_Size=1 G6_3D=1] -> PASSED
  Cluster #01 -> Pts: 11    | Dims(mm): X=  1.8, Y=  2.4, Z=  0.0 | VolRatio: 0.000 | Gates: [G1-4=0 G5_Size=0 G6_3D=0] -> REJECTED
  Cluster #02 -> Pts: 80    | Dims(mm): X=  5.9, Y=  4.5, Z=  5.0 | VolRatio: 0.759 | Gates: [G1-4=0 G5_Size=0 G6_3D=1] -> REJECTED
  Cluster #03 -> Pts: 116   | Dims(mm): X=  7.4, Y= 13.5, Z= 12.0 | VolRatio: 0.547 | Gates: [G1-4=1 G5_Size=0 G6_3D=1] -> REJECTED
  [INFO] Winning Cluster selected: ID #0 (Score=0.8387)
  [INFO] Winning cluster point count: 32,594

━━━ [STAGE 8] Projection — Sensor Space → Cropped Canvas

  ── [STAGE 8a] Coordinate System Parameters ──
    Intrinsics    : fx=750.148  fy=749.790  cx=386.179  cy=366.086
    Crop offsets  : left=0 px  top=0 px
    Depth sensor  : 510W x 720H px
    RGB canvas    : 510W x 720H px
    Scale factors : scale_x=1.000000  scale_y=1.000000

  ── [STAGE 8b] 3-D Cluster Bounding Box (world space) ──
    X range : -0.2032 m  →  -0.0323 m  (span 170.9 mm)
    Y range : -0.1224 m  →  -0.0069 m  (span 115.5 mm)
    Z range : 0.3880 m  →  0.4670 m  (span 79.0 mm)
    Z depth : mean=0.4169 m  std=0.0157 m  min=0.3880 m  max=0.4670 m

  ── [STAGE 8c] Projection Steps ──
    [Step 1] Full-sensor pixel coords (before crop subtraction):
      u_sensor  min=58.0  max=333.0  mean=190.6
      v_sensor  min=156.0  max=355.0  mean=250.8
    [OK] Sensor-space OOB: u=0.0%  v=0.0%
    [Step 2] After crop subtraction (crop_left=0, crop_top=0):
      u_cropped min=58.0  max=333.0  mean=190.6
      v_cropped min=156.0  max=355.0  mean=250.8
    [Step 2 Check] Cropped coords outside canvas: u<0=0.0%  u>W=0.0%  v<0=0.0%  v>H=0.0%
    [Step 3] After scale to canvas (scale_x=1.0000, scale_y=1.0000):
      u  min=58  max=333  mean=190.6
      v  min=156  max=355  mean=250.8
      Canvas target size : 510W x 720H px

  ── [STAGE 8d] Expected mask centroid on canvas ──
      Projected centroid : u=190.6 px  v=250.8 px
      Canvas centre      : u=255.0 px  v=360.0 px
      Offset from centre : Δu=-64.4 px  Δv=-109.2 px

  ── [STAGE 8e] Bounds Filter ──
    Total projected points : 32,594
    Inside canvas bounds   : 32,594  (100.0%)
    Duplicate pixel hits    : 0
  [INFO] Density non-zero pixels: 32,594
  [INFO] Density peak count     : 1
  [INFO] Raw mask white pixels before morphology: 32,594
  [INFO] White pixels after close: 34,993
  [INFO] Morphological open skipped for tip-loss debugging.
  [INFO] White pixels after open (skipped): 34,993

  ── [STAGE 8f] Final Mask Stats ──
    Bounding box : 275W x 199H px
    Mask centroid: (195.5, 255.5) px
    White pixels : 34,993
  masking.py run ended: 2026-06-13 19:59:30.468500
