
================================================================================
  masking.py run started: 2026-06-13 20:02:06.754396
================================================================================

━━━ [STAGE 1] Loading Point Cloud Array
  [INFO] Total raw points loaded: 366,069

━━━ [STAGE 2] Statistical Outlier Demolition
  [INFO] Points surviving outlier filter: 356,556

━━━ [STAGE 3] Live Plane Surface Isolation (RANSAC)
  [INFO] Original RANSAC: a=0.0127, b=-0.0749, c=0.9971, d=-0.4769
  [INFO] Normal vector pointing down. Flipping coefficients up toward lens.
  [INFO] Points isolated on belt plane: 347,270
  [INFO] Non-plane points going to workspace filter: 9,286

━━━ [STAGE 5] Direction-Enforced Spatial Pre-Filtering
  [INFO] Height gate window : 1.50mm to 500.00mm
  [INFO] Dist-from-plane mm : min=11.394 mean=30.521 median=23.790 max=64.871
  [INFO] Rejected by lower gate: 0 / 9,286
  [INFO] Rejected by upper gate: 0 / 9,286
  [DEBUG] Points passing directional spatial filters: 9,286

━━━ [STAGE 6] Spatial Structural Isolation Clustering (DBSCAN)
  [INFO] DBSCAN discovered 1 distinct point groups.

━━━ [STAGE 7] Multi-Gate Geometric Evaluation
  Cluster #00 -> Pts: 9286  | Dims(mm): X=107.3, Y= 85.8, Z= 53.0 | VolRatio: 0.494 | Gates: [G1-4=1 G5_Size=1 G6_3D=1] -> PASSED
  [INFO] Winning Cluster selected: ID #0 (Score=0.8125)
  [INFO] Winning cluster point count: 9,286

━━━ [STAGE 8] Projection — Sensor Space → Cropped Canvas

  ── [STAGE 8a] Coordinate System Parameters ──
    Intrinsics    : fx=750.148  fy=749.790  cx=386.179  cy=366.086
    Crop offsets  : left=0 px  top=0 px
    Depth sensor  : 510W x 720H px
    RGB canvas    : 510W x 720H px
    Scale factors : scale_x=1.000000  scale_y=1.000000

  ── [STAGE 8b] 3-D Cluster Bounding Box (world space) ──
    X range : -0.2006 m  →  -0.0933 m  (span 107.3 mm)
    Y range : -0.1083 m  →  -0.0225 m  (span 85.8 mm)
    Z range : 0.4120 m  →  0.4650 m  (span 53.0 mm)
    Z depth : mean=0.4441 m  std=0.0156 m  min=0.4120 m  max=0.4650 m

  ── [STAGE 8c] Projection Steps ──
    [Step 1] Full-sensor pixel coords (before crop subtraction):
      u_sensor  min=55.0  max=226.0  mean=141.6
      v_sensor  min=182.0  max=328.0  mean=244.7
    [OK] Sensor-space OOB: u=0.0%  v=0.0%
    [Step 2] After crop subtraction (crop_left=0, crop_top=0):
      u_cropped min=55.0  max=226.0  mean=141.6
      v_cropped min=182.0  max=328.0  mean=244.7
    [Step 2 Check] Cropped coords outside canvas: u<0=0.0%  u>W=0.0%  v<0=0.0%  v>H=0.0%
    [Step 3] After scale to canvas (scale_x=1.0000, scale_y=1.0000):
      u  min=55  max=226  mean=141.6
      v  min=182  max=328  mean=244.7
      Canvas target size : 510W x 720H px

  ── [STAGE 8d] Expected mask centroid on canvas ──
      Projected centroid : u=141.6 px  v=244.7 px
      Canvas centre      : u=255.0 px  v=360.0 px
      Offset from centre : Δu=-113.4 px  Δv=-115.3 px

  ── [STAGE 8e] Bounds Filter ──
    Total projected points : 9,286
    Inside canvas bounds   : 9,286  (100.0%)
    Duplicate pixel hits    : 0
  [INFO] Density non-zero pixels: 9,286
  [INFO] Density peak count     : 1
  [INFO] Raw mask white pixels before morphology: 9,286
  [INFO] White pixels after close: 11,281
  [INFO] Morphological open skipped for tip-loss debugging.
  [INFO] White pixels after open (skipped): 11,281

  ── [STAGE 8f] Final Mask Stats ──
    Bounding box : 171W x 146H px
    Mask centroid: (140.5, 255.0) px
    White pixels : 11,281
  masking.py run ended: 2026-06-13 20:02:08.532883
