
================================================================================
  masking.py run started: 2026-06-13 19:52:04.682678
================================================================================

━━━ [STAGE 1] Loading Point Cloud Array
  [INFO] Total raw points loaded: 366,011

━━━ [STAGE 2] Statistical Outlier Demolition
  [INFO] Points surviving outlier filter: 355,733

━━━ [STAGE 3] Live Plane Surface Isolation (RANSAC)
  [INFO] Original RANSAC: a=0.0139, b=-0.0829, c=0.9965, d=-0.4747
  [INFO] Normal vector pointing down. Flipping coefficients up toward lens.
  [INFO] Points isolated on belt plane: 337,084
  [INFO] Non-plane points going to workspace filter: 18,649

━━━ [STAGE 5] Direction-Enforced Spatial Pre-Filtering
  [INFO] Height gate window : 1.50mm to 500.00mm
  [INFO] Dist-from-plane mm : min=13.231 mean=33.976 median=35.240 max=48.269
  [INFO] Rejected by lower gate: 0 / 18,649
  [INFO] Rejected by upper gate: 0 / 18,649
  [DEBUG] Points passing directional spatial filters: 18,649

━━━ [STAGE 6] Spatial Structural Isolation Clustering (DBSCAN)
  [INFO] DBSCAN discovered 1 distinct point groups.

━━━ [STAGE 7] Multi-Gate Geometric Evaluation
  Cluster #00 -> Pts: 18649 | Dims(mm): X=145.5, Y=169.7, Z= 44.0 | VolRatio: 0.259 | Gates: [G1-4=1 G5_Size=1 G6_3D=1] -> PASSED
  [INFO] Winning Cluster selected: ID #0 (Score=0.7778)
  [INFO] Winning cluster point count: 18,649

━━━ [STAGE 8] Projection — Sensor Space → Cropped Canvas

  ── [STAGE 8a] Coordinate System Parameters ──
    Intrinsics    : fx=750.148  fy=749.790  cx=386.179  cy=366.086
    Crop offsets  : left=0 px  top=0 px
    Depth sensor  : 510W x 720H px
    RGB canvas    : 510W x 720H px
    Scale factors : scale_x=1.000000  scale_y=1.000000

  ── [STAGE 8b] 3-D Cluster Bounding Box (world space) ──
    X range : -0.1857 m  →  -0.0402 m  (span 145.5 mm)
    Y range : -0.0389 m  →  0.1308 m  (span 169.7 mm)
    Z range : 0.4300 m  →  0.4740 m  (span 44.0 mm)
    Z depth : mean=0.4481 m  std=0.0097 m  min=0.4300 m  max=0.4740 m

  ── [STAGE 8c] Projection Steps ──
    [Step 1] Full-sensor pixel coords (before crop subtraction):
      u_sensor  min=71.0  max=321.0  mean=221.0
      v_sensor  min=299.0  max=573.0  mean=452.6
    [OK] Sensor-space OOB: u=0.0%  v=0.0%
    [Step 2] After crop subtraction (crop_left=0, crop_top=0):
      u_cropped min=71.0  max=321.0  mean=221.0
      v_cropped min=299.0  max=573.0  mean=452.6
    [Step 2 Check] Cropped coords outside canvas: u<0=0.0%  u>W=0.0%  v<0=0.0%  v>H=0.0%
    [Step 3] After scale to canvas (scale_x=1.0000, scale_y=1.0000):
      u  min=71  max=321  mean=221.0
      v  min=299  max=573  mean=452.6
      Canvas target size : 510W x 720H px

  ── [STAGE 8d] Expected mask centroid on canvas ──
      Projected centroid : u=221.0 px  v=452.6 px
      Canvas centre      : u=255.0 px  v=360.0 px
      Offset from centre : Δu=-34.0 px  Δv=92.6 px

  ── [STAGE 8e] Bounds Filter ──
    Total projected points : 18,649
    Inside canvas bounds   : 18,649  (100.0%)
    Duplicate pixel hits    : 0
  [INFO] Density non-zero pixels: 18,649
  [INFO] Density peak count     : 1
  [INFO] Raw mask white pixels before morphology: 18,649
  [INFO] White pixels after close: 20,379
  [INFO] Morphological open skipped for tip-loss debugging.
  [INFO] White pixels after open (skipped): 20,379

  ── [STAGE 8f] Final Mask Stats ──
    Bounding box : 250W x 274H px
    Mask centroid: (196.0, 436.0) px
    White pixels : 20,379
  masking.py run ended: 2026-06-13 19:52:06.933678
