
================================================================================
  masking.py run started: 2026-06-13 19:53:39.443078
================================================================================

━━━ [STAGE 1] Loading Point Cloud Array
  [INFO] Total raw points loaded: 365,046

━━━ [STAGE 2] Statistical Outlier Demolition
  [INFO] Points surviving outlier filter: 354,056

━━━ [STAGE 3] Live Plane Surface Isolation (RANSAC)
  [INFO] Original RANSAC: a=0.0147, b=-0.1400, c=0.9900, d=-0.4691
  [INFO] Normal vector pointing down. Flipping coefficients up toward lens.
  [INFO] Points isolated on belt plane: 333,382
  [INFO] Non-plane points going to workspace filter: 20,674

━━━ [STAGE 5] Direction-Enforced Spatial Pre-Filtering
  [INFO] Height gate window : 1.50mm to 500.00mm
  [INFO] Dist-from-plane mm : min=-3.756 mean=29.726 median=29.558 max=61.205
  [INFO] Rejected by lower gate: 74 / 20,674
  [INFO] Rejected by upper gate: 0 / 20,674
  [DEBUG] Points passing directional spatial filters: 20,600

━━━ [STAGE 6] Spatial Structural Isolation Clustering (DBSCAN)
  [INFO] DBSCAN discovered 2 distinct point groups.

━━━ [STAGE 7] Multi-Gate Geometric Evaluation
  Cluster #00 -> Pts: 20518 | Dims(mm): X=110.4, Y=134.7, Z= 53.0 | VolRatio: 0.393 | Gates: [G1-4=1 G5_Size=1 G6_3D=1] -> PASSED
  Cluster #01 -> Pts: 82    | Dims(mm): X=  4.0, Y= 59.1, Z=  9.0 | VolRatio: 0.067 | Gates: [G1-4=1 G5_Size=0 G6_3D=0] -> REJECTED
  [INFO] Winning Cluster selected: ID #0 (Score=0.8180)
  [INFO] Winning cluster point count: 20,518

━━━ [STAGE 8] Projection — Sensor Space → Cropped Canvas

  ── [STAGE 8a] Coordinate System Parameters ──
    Intrinsics    : fx=750.148  fy=749.790  cx=386.179  cy=366.086
    Crop offsets  : left=0 px  top=0 px
    Depth sensor  : 510W x 720H px
    RGB canvas    : 510W x 720H px
    Scale factors : scale_x=1.000000  scale_y=1.000000

  ── [STAGE 8b] 3-D Cluster Bounding Box (world space) ──
    X range : -0.0951 m  →  0.0153 m  (span 110.4 mm)
    Y range : -0.1188 m  →  0.0159 m  (span 134.7 mm)
    Z range : 0.4080 m  →  0.4610 m  (span 53.0 mm)
    Z depth : mean=0.4375 m  std=0.0097 m  min=0.4080 m  max=0.4610 m

  ── [STAGE 8c] Projection Steps ──
    [Step 1] Full-sensor pixel coords (before crop subtraction):
      u_sensor  min=230.0  max=412.0  mean=329.2
      v_sensor  min=157.0  max=392.0  mean=285.7
    [OK] Sensor-space OOB: u=0.0%  v=0.0%
    [Step 2] After crop subtraction (crop_left=0, crop_top=0):
      u_cropped min=230.0  max=412.0  mean=329.2
      v_cropped min=157.0  max=392.0  mean=285.7
    [Step 2 Check] Cropped coords outside canvas: u<0=0.0%  u>W=0.0%  v<0=0.0%  v>H=0.0%
    [Step 3] After scale to canvas (scale_x=1.0000, scale_y=1.0000):
      u  min=230  max=412  mean=329.2
      v  min=157  max=392  mean=285.7
      Canvas target size : 510W x 720H px

  ── [STAGE 8d] Expected mask centroid on canvas ──
      Projected centroid : u=329.2 px  v=285.7 px
      Canvas centre      : u=255.0 px  v=360.0 px
      Offset from centre : Δu=74.2 px  Δv=-74.3 px

  ── [STAGE 8e] Bounds Filter ──
    Total projected points : 20,518
    Inside canvas bounds   : 20,518  (100.0%)
    Duplicate pixel hits    : 0
  [INFO] Density non-zero pixels: 20,518
  [INFO] Density peak count     : 1
  [INFO] Raw mask white pixels before morphology: 20,518
  [INFO] White pixels after close: 23,036
  [INFO] Morphological open skipped for tip-loss debugging.
  [INFO] White pixels after open (skipped): 23,036

  ── [STAGE 8f] Final Mask Stats ──
    Bounding box : 182W x 235H px
    Mask centroid: (321.0, 274.5) px
    White pixels : 23,036
  masking.py run ended: 2026-06-13 19:53:41.889603
