
================================================================================
  masking.py run started: 2026-06-13 19:49:40.738171
================================================================================

━━━ [STAGE 1] Loading Point Cloud Array
  [INFO] Total raw points loaded: 366,425

━━━ [STAGE 2] Statistical Outlier Demolition
  [INFO] Points surviving outlier filter: 354,386

━━━ [STAGE 3] Live Plane Surface Isolation (RANSAC)
  [INFO] Original RANSAC: a=0.0144, b=-0.0495, c=0.9987, d=-0.4785
  [INFO] Normal vector pointing down. Flipping coefficients up toward lens.
  [INFO] Points isolated on belt plane: 348,005
  [INFO] Non-plane points going to workspace filter: 6,381

━━━ [STAGE 5] Direction-Enforced Spatial Pre-Filtering
  [INFO] Height gate window : 1.50mm to 500.00mm
  [INFO] Dist-from-plane mm : min=13.055 mean=22.016 median=22.089 max=37.549
  [INFO] Rejected by lower gate: 0 / 6,381
  [INFO] Rejected by upper gate: 0 / 6,381
  [DEBUG] Points passing directional spatial filters: 6,381

━━━ [STAGE 6] Spatial Structural Isolation Clustering (DBSCAN)
  [INFO] DBSCAN discovered 1 distinct point groups.

━━━ [STAGE 7] Multi-Gate Geometric Evaluation
  Cluster #00 -> Pts: 6381  | Dims(mm): X= 87.6, Y= 98.4, Z= 28.0 | VolRatio: 0.285 | Gates: [G1-4=1 G5_Size=1 G6_3D=1] -> PASSED
  [INFO] Winning Cluster selected: ID #0 (Score=0.6044)
  [INFO] Winning cluster point count: 6,381

━━━ [STAGE 8] Projection — Sensor Space → Cropped Canvas

  ── [STAGE 8a] Coordinate System Parameters ──
    Intrinsics    : fx=750.148  fy=749.790  cx=386.179  cy=366.086
    Crop offsets  : left=0 px  top=0 px
    Depth sensor  : 510W x 720H px
    RGB canvas    : 510W x 720H px
    Scale factors : scale_x=1.000000  scale_y=1.000000

  ── [STAGE 8b] 3-D Cluster Bounding Box (world space) ──
    X range : -0.0606 m  →  0.0270 m  (span 87.6 mm)
    Y range : -0.0523 m  →  0.0461 m  (span 98.4 mm)
    Z range : 0.4400 m  →  0.4680 m  (span 28.0 mm)
    Z depth : mean=0.4567 m  std=0.0063 m  min=0.4400 m  max=0.4680 m

  ── [STAGE 8c] Projection Steps ──
    [Step 1] Full-sensor pixel coords (before crop subtraction):
      u_sensor  min=288.0  max=430.0  mean=347.4
      v_sensor  min=281.0  max=441.0  mean=341.1
    [OK] Sensor-space OOB: u=0.0%  v=0.0%
    [Step 2] After crop subtraction (crop_left=0, crop_top=0):
      u_cropped min=288.0  max=430.0  mean=347.4
      v_cropped min=281.0  max=441.0  mean=341.1
    [Step 2 Check] Cropped coords outside canvas: u<0=0.0%  u>W=0.0%  v<0=0.0%  v>H=0.0%
    [Step 3] After scale to canvas (scale_x=1.0000, scale_y=1.0000):
      u  min=288  max=430  mean=347.4
      v  min=281  max=441  mean=341.1
      Canvas target size : 510W x 720H px

  ── [STAGE 8d] Expected mask centroid on canvas ──
      Projected centroid : u=347.4 px  v=341.1 px
      Canvas centre      : u=255.0 px  v=360.0 px
      Offset from centre : Δu=92.4 px  Δv=-18.9 px

  ── [STAGE 8e] Bounds Filter ──
    Total projected points : 6,381
    Inside canvas bounds   : 6,381  (100.0%)
    Duplicate pixel hits    : 0
  [INFO] Density non-zero pixels: 6,381
  [INFO] Density peak count     : 1
  [INFO] Raw mask white pixels before morphology: 6,381
  [INFO] White pixels after close: 7,567
  [INFO] Morphological open skipped for tip-loss debugging.
  [INFO] White pixels after open (skipped): 7,567

  ── [STAGE 8f] Final Mask Stats ──
    Bounding box : 142W x 160H px
    Mask centroid: (359.0, 361.0) px
    White pixels : 7,567
  masking.py run ended: 2026-06-13 19:49:42.411732
