
================================================================================
  masking.py run started: 2026-06-13 19:45:22.368484
================================================================================

━━━ [STAGE 1] Loading Point Cloud Array
  [INFO] Total raw points loaded: 366,564

━━━ [STAGE 2] Statistical Outlier Demolition
  [INFO] Points surviving outlier filter: 355,824

━━━ [STAGE 3] Live Plane Surface Isolation (RANSAC)
  [INFO] Original RANSAC: a=0.0164, b=-0.0351, c=0.9993, d=-0.4790
  [INFO] Normal vector pointing down. Flipping coefficients up toward lens.
  [INFO] Points isolated on belt plane: 337,447
  [INFO] Non-plane points going to workspace filter: 18,377

━━━ [STAGE 5] Direction-Enforced Spatial Pre-Filtering
  [INFO] Height gate window : 1.50mm to 500.00mm
  [INFO] Dist-from-plane mm : min=-5.417 mean=24.621 median=23.576 max=40.788
  [INFO] Rejected by lower gate: 4 / 18,377
  [INFO] Rejected by upper gate: 0 / 18,377
  [DEBUG] Points passing directional spatial filters: 18,373

━━━ [STAGE 6] Spatial Structural Isolation Clustering (DBSCAN)
  [INFO] DBSCAN discovered 4 distinct point groups.

━━━ [STAGE 7] Multi-Gate Geometric Evaluation
  Cluster #00 -> Pts: 18148 | Dims(mm): X=111.0, Y=148.2, Z= 31.0 | VolRatio: 0.209 | Gates: [G1-4=1 G5_Size=1 G6_3D=1] -> PASSED
  Cluster #01 -> Pts: 12    | Dims(mm): X=  1.8, Y=  7.3, Z=  1.0 | VolRatio: 0.136 | Gates: [G1-4=0 G5_Size=0 G6_3D=0] -> REJECTED
  Cluster #02 -> Pts: 12    | Dims(mm): X=  1.3, Y=  3.2, Z=  0.0 | VolRatio: 0.000 | Gates: [G1-4=0 G5_Size=0 G6_3D=0] -> REJECTED
  Cluster #03 -> Pts: 201   | Dims(mm): X= 17.5, Y= 30.4, Z=  4.0 | VolRatio: 0.132 | Gates: [G1-4=1 G5_Size=1 G6_3D=0] -> REJECTED
  [INFO] Winning Cluster selected: ID #0 (Score=0.7627)
  [INFO] Winning cluster point count: 18,148

━━━ [STAGE 8] Projection — Sensor Space → Cropped Canvas

  ── [STAGE 8a] Coordinate System Parameters ──
    Intrinsics    : fx=750.148  fy=749.790  cx=386.179  cy=366.086
    Crop offsets  : left=0 px  top=0 px
    Depth sensor  : 510W x 720H px
    RGB canvas    : 510W x 720H px
    Scale factors : scale_x=1.000000  scale_y=1.000000

  ── [STAGE 8b] 3-D Cluster Bounding Box (world space) ──
    X range : -0.0864 m  →  0.0246 m  (span 111.0 mm)
    Y range : -0.0958 m  →  0.0525 m  (span 148.2 mm)
    Z range : 0.4380 m  →  0.4690 m  (span 31.0 mm)
    Z depth : mean=0.4543 m  std=0.0084 m  min=0.4380 m  max=0.4690 m

  ── [STAGE 8c] Projection Steps ──
    [Step 1] Full-sensor pixel coords (before crop subtraction):
      u_sensor  min=244.0  max=427.0  mean=330.4
      v_sensor  min=210.0  max=450.0  mean=330.1
    [OK] Sensor-space OOB: u=0.0%  v=0.0%
    [Step 2] After crop subtraction (crop_left=0, crop_top=0):
      u_cropped min=244.0  max=427.0  mean=330.4
      v_cropped min=210.0  max=450.0  mean=330.1
    [Step 2 Check] Cropped coords outside canvas: u<0=0.0%  u>W=0.0%  v<0=0.0%  v>H=0.0%
    [Step 3] After scale to canvas (scale_x=1.0000, scale_y=1.0000):
      u  min=244  max=427  mean=330.4
      v  min=210  max=450  mean=330.1
      Canvas target size : 510W x 720H px

  ── [STAGE 8d] Expected mask centroid on canvas ──
      Projected centroid : u=330.4 px  v=330.1 px
      Canvas centre      : u=255.0 px  v=360.0 px
      Offset from centre : Δu=75.4 px  Δv=-29.9 px

  ── [STAGE 8e] Bounds Filter ──
    Total projected points : 18,148
    Inside canvas bounds   : 18,148  (100.0%)
    Duplicate pixel hits    : 0
  [INFO] Density non-zero pixels: 18,148
  [INFO] Density peak count     : 1
  [INFO] Raw mask white pixels before morphology: 18,148
  [INFO] White pixels after close: 20,900
  [INFO] Morphological open skipped for tip-loss debugging.
  [INFO] White pixels after open (skipped): 20,900

  ── [STAGE 8f] Final Mask Stats ──
    Bounding box : 183W x 240H px
    Mask centroid: (335.5, 330.0) px
    White pixels : 20,900
  masking.py run ended: 2026-06-13 19:45:24.905544
