
================================================================================
  masking.py run started: 2026-06-13 19:56:13.036622
================================================================================

━━━ [STAGE 1] Loading Point Cloud Array
  [INFO] Total raw points loaded: 363,657

━━━ [STAGE 2] Statistical Outlier Demolition
  [INFO] Points surviving outlier filter: 352,036

━━━ [STAGE 3] Live Plane Surface Isolation (RANSAC)
  [INFO] Original RANSAC: a=0.0138, b=-0.1957, c=0.9806, d=-0.4634
  [INFO] Normal vector pointing down. Flipping coefficients up toward lens.
  [INFO] Points isolated on belt plane: 337,441
  [INFO] Non-plane points going to workspace filter: 14,595

━━━ [STAGE 5] Direction-Enforced Spatial Pre-Filtering
  [INFO] Height gate window : 1.50mm to 500.00mm
  [INFO] Dist-from-plane mm : min=13.694 mean=45.081 median=47.120 max=70.599
  [INFO] Rejected by lower gate: 0 / 14,595
  [INFO] Rejected by upper gate: 0 / 14,595
  [DEBUG] Points passing directional spatial filters: 14,595

━━━ [STAGE 6] Spatial Structural Isolation Clustering (DBSCAN)
  [INFO] DBSCAN discovered 1 distinct point groups.

━━━ [STAGE 7] Multi-Gate Geometric Evaluation
  Cluster #00 -> Pts: 14594 | Dims(mm): X= 76.3, Y= 94.6, Z= 59.0 | VolRatio: 0.624 | Gates: [G1-4=1 G5_Size=1 G6_3D=1] -> PASSED
  [INFO] Winning Cluster selected: ID #0 (Score=0.8871)
  [INFO] Winning cluster point count: 14,594

━━━ [STAGE 8] Projection — Sensor Space → Cropped Canvas

  ── [STAGE 8a] Coordinate System Parameters ──
    Intrinsics    : fx=750.148  fy=749.790  cx=386.179  cy=366.086
    Crop offsets  : left=0 px  top=0 px
    Depth sensor  : 510W x 720H px
    RGB canvas    : 510W x 720H px
    Scale factors : scale_x=1.000000  scale_y=1.000000

  ── [STAGE 8b] 3-D Cluster Bounding Box (world space) ──
    X range : -0.0376 m  →  0.0387 m  (span 76.3 mm)
    Y range : -0.1709 m  →  -0.0763 m  (span 94.6 mm)
    Z range : 0.3780 m  →  0.4370 m  (span 59.0 mm)
    Z depth : mean=0.4029 m  std=0.0125 m  min=0.3780 m  max=0.4370 m

  ── [STAGE 8c] Projection Steps ──
    [Step 1] Full-sensor pixel coords (before crop subtraction):
      u_sensor  min=318.0  max=454.0  mean=389.5
      v_sensor  min=58.0  max=233.0  mean=145.9
    [OK] Sensor-space OOB: u=0.0%  v=0.0%
    [Step 2] After crop subtraction (crop_left=0, crop_top=0):
      u_cropped min=318.0  max=454.0  mean=389.5
      v_cropped min=58.0  max=233.0  mean=145.9
    [Step 2 Check] Cropped coords outside canvas: u<0=0.0%  u>W=0.0%  v<0=0.0%  v>H=0.0%
    [Step 3] After scale to canvas (scale_x=1.0000, scale_y=1.0000):
      u  min=318  max=454  mean=389.5
      v  min=58  max=233  mean=145.9
      Canvas target size : 510W x 720H px

  ── [STAGE 8d] Expected mask centroid on canvas ──
      Projected centroid : u=389.5 px  v=145.9 px
      Canvas centre      : u=255.0 px  v=360.0 px
      Offset from centre : Δu=134.5 px  Δv=-214.1 px

  ── [STAGE 8e] Bounds Filter ──
    Total projected points : 14,594
    Inside canvas bounds   : 14,594  (100.0%)
    Duplicate pixel hits    : 0
  [INFO] Density non-zero pixels: 14,594
  [INFO] Density peak count     : 1
  [INFO] Raw mask white pixels before morphology: 14,594
  [INFO] White pixels after close: 16,559
  [INFO] Morphological open skipped for tip-loss debugging.
  [INFO] White pixels after open (skipped): 16,559

  ── [STAGE 8f] Final Mask Stats ──
    Bounding box : 136W x 175H px
    Mask centroid: (386.0, 145.5) px
    White pixels : 16,559
  masking.py run ended: 2026-06-13 19:56:15.830988
