
================================================================================
  masking.py run started: 2026-06-13 20:04:25.874288
================================================================================

━━━ [STAGE 1] Loading Point Cloud Array
  [INFO] Total raw points loaded: 365,929

━━━ [STAGE 2] Statistical Outlier Demolition
  [INFO] Points surviving outlier filter: 357,447

━━━ [STAGE 3] Live Plane Surface Isolation (RANSAC)
  [INFO] Original RANSAC: a=0.0147, b=-0.0891, c=0.9959, d=-0.4750
  [INFO] Normal vector pointing down. Flipping coefficients up toward lens.
  [INFO] Points isolated on belt plane: 343,791
  [INFO] Non-plane points going to workspace filter: 13,656

━━━ [STAGE 5] Direction-Enforced Spatial Pre-Filtering
  [INFO] Height gate window : 1.50mm to 500.00mm
  [INFO] Dist-from-plane mm : min=11.856 mean=50.151 median=51.693 max=64.418
  [INFO] Rejected by lower gate: 0 / 13,656
  [INFO] Rejected by upper gate: 0 / 13,656
  [DEBUG] Points passing directional spatial filters: 13,656

━━━ [STAGE 6] Spatial Structural Isolation Clustering (DBSCAN)
  [INFO] DBSCAN discovered 1 distinct point groups.

━━━ [STAGE 7] Multi-Gate Geometric Evaluation
  Cluster #00 -> Pts: 13656 | Dims(mm): X= 42.1, Y=208.4, Z= 59.0 | VolRatio: 0.202 | Gates: [G1-4=1 G5_Size=1 G6_3D=1] -> PASSED
  [INFO] Winning Cluster selected: ID #0 (Score=0.7606)
  [INFO] Winning cluster point count: 13,656

━━━ [STAGE 8] Projection — Sensor Space → Cropped Canvas

  ── [STAGE 8a] Coordinate System Parameters ──
    Intrinsics    : fx=750.148  fy=749.790  cx=386.179  cy=366.086
    Crop offsets  : left=0 px  top=0 px
    Depth sensor  : 510W x 720H px
    RGB canvas    : 510W x 720H px
    Scale factors : scale_x=1.000000  scale_y=1.000000

  ── [STAGE 8b] 3-D Cluster Bounding Box (world space) ──
    X range : 0.0323 m  →  0.0744 m  (span 42.1 mm)
    Y range : -0.0339 m  →  0.1746 m  (span 208.4 mm)
    Z range : 0.4130 m  →  0.4720 m  (span 59.0 mm)
    Z depth : mean=0.4312 m  std=0.0110 m  min=0.4130 m  max=0.4720 m

  ── [STAGE 8c] Projection Steps ──
    [Step 1] Full-sensor pixel coords (before crop subtraction):
      u_sensor  min=441.0  max=509.0  mean=483.8
      v_sensor  min=309.0  max=650.0  mean=470.6
    [OK] Sensor-space OOB: u=0.0%  v=0.0%
    [Step 2] After crop subtraction (crop_left=0, crop_top=0):
      u_cropped min=441.0  max=509.0  mean=483.8
      v_cropped min=309.0  max=650.0  mean=470.6
    [Step 2 Check] Cropped coords outside canvas: u<0=0.0%  u>W=0.0%  v<0=0.0%  v>H=0.0%
    [Step 3] After scale to canvas (scale_x=1.0000, scale_y=1.0000):
      u  min=441  max=509  mean=483.8
      v  min=309  max=650  mean=470.6
      Canvas target size : 510W x 720H px

  ── [STAGE 8d] Expected mask centroid on canvas ──
      Projected centroid : u=483.8 px  v=470.6 px
      Canvas centre      : u=255.0 px  v=360.0 px
      Offset from centre : Δu=228.8 px  Δv=110.6 px

  ── [STAGE 8e] Bounds Filter ──
    Total projected points : 13,656
    Inside canvas bounds   : 13,656  (100.0%)
    Duplicate pixel hits    : 0
  [INFO] Density non-zero pixels: 13,656
  [INFO] Density peak count     : 1
  [INFO] Raw mask white pixels before morphology: 13,656
  [INFO] White pixels after close: 15,268
  [INFO] Morphological open skipped for tip-loss debugging.
  [INFO] White pixels after open (skipped): 15,268

  ── [STAGE 8f] Final Mask Stats ──
    Bounding box : 68W x 341H px
    Mask centroid: (475.0, 479.5) px
    White pixels : 15,268
  masking.py run ended: 2026-06-13 20:04:28.057176
