
================================================================================
  masking.py run started: 2026-06-13 19:46:51.765520
================================================================================

━━━ [STAGE 1] Loading Point Cloud Array
  [INFO] Total raw points loaded: 366,440

━━━ [STAGE 2] Statistical Outlier Demolition
  [INFO] Points surviving outlier filter: 354,668

━━━ [STAGE 3] Live Plane Surface Isolation (RANSAC)
  [INFO] Original RANSAC: a=0.0155, b=-0.0469, c=0.9988, d=-0.4782
  [INFO] Normal vector pointing down. Flipping coefficients up toward lens.
  [INFO] Points isolated on belt plane: 335,549
  [INFO] Non-plane points going to workspace filter: 19,119

━━━ [STAGE 5] Direction-Enforced Spatial Pre-Filtering
  [INFO] Height gate window : 1.50mm to 500.00mm
  [INFO] Dist-from-plane mm : min=-15.204 mean=27.077 median=27.051 max=42.808
  [INFO] Rejected by lower gate: 19 / 19,119
  [INFO] Rejected by upper gate: 0 / 19,119
  [DEBUG] Points passing directional spatial filters: 19,100

━━━ [STAGE 6] Spatial Structural Isolation Clustering (DBSCAN)
  [INFO] DBSCAN discovered 1 distinct point groups.

━━━ [STAGE 7] Multi-Gate Geometric Evaluation
  Cluster #00 -> Pts: 19100 | Dims(mm): X=113.3, Y=123.3, Z= 29.0 | VolRatio: 0.235 | Gates: [G1-4=1 G5_Size=1 G6_3D=1] -> PASSED
  [INFO] Winning Cluster selected: ID #0 (Score=0.7706)
  [INFO] Winning cluster point count: 19,100

━━━ [STAGE 8] Projection — Sensor Space → Cropped Canvas

  ── [STAGE 8a] Coordinate System Parameters ──
    Intrinsics    : fx=750.148  fy=749.790  cx=386.179  cy=366.086
    Crop offsets  : left=0 px  top=0 px
    Depth sensor  : 510W x 720H px
    RGB canvas    : 510W x 720H px
    Scale factors : scale_x=1.000000  scale_y=1.000000

  ── [STAGE 8b] 3-D Cluster Bounding Box (world space) ──
    X range : -0.0580 m  →  0.0553 m  (span 113.3 mm)
    Y range : 0.0055 m  →  0.1288 m  (span 123.3 mm)
    Z range : 0.4400 m  →  0.4690 m  (span 29.0 mm)
    Z depth : mean=0.4552 m  std=0.0051 m  min=0.4400 m  max=0.4690 m

  ── [STAGE 8c] Projection Steps ──
    [Step 1] Full-sensor pixel coords (before crop subtraction):
      u_sensor  min=292.0  max=475.0  mean=371.1
      v_sensor  min=375.0  max=573.0  mean=486.8
    [OK] Sensor-space OOB: u=0.0%  v=0.0%
    [Step 2] After crop subtraction (crop_left=0, crop_top=0):
      u_cropped min=292.0  max=475.0  mean=371.1
      v_cropped min=375.0  max=573.0  mean=486.8
    [Step 2 Check] Cropped coords outside canvas: u<0=0.0%  u>W=0.0%  v<0=0.0%  v>H=0.0%
    [Step 3] After scale to canvas (scale_x=1.0000, scale_y=1.0000):
      u  min=292  max=475  mean=371.1
      v  min=375  max=573  mean=486.8
      Canvas target size : 510W x 720H px

  ── [STAGE 8d] Expected mask centroid on canvas ──
      Projected centroid : u=371.1 px  v=486.8 px
      Canvas centre      : u=255.0 px  v=360.0 px
      Offset from centre : Δu=116.1 px  Δv=126.8 px

  ── [STAGE 8e] Bounds Filter ──
    Total projected points : 19,100
    Inside canvas bounds   : 19,100  (100.0%)
    Duplicate pixel hits    : 0
  [INFO] Density non-zero pixels: 19,100
  [INFO] Density peak count     : 1
  [INFO] Raw mask white pixels before morphology: 19,100
  [INFO] White pixels after close: 21,342
  [INFO] Morphological open skipped for tip-loss debugging.
  [INFO] White pixels after open (skipped): 21,342

  ── [STAGE 8f] Final Mask Stats ──
    Bounding box : 183W x 198H px
    Mask centroid: (383.5, 474.0) px
    White pixels : 21,342
  masking.py run ended: 2026-06-13 19:46:54.485920
