
================================================================================
  masking.py run started: 2026-06-13 19:57:41.293680
================================================================================

━━━ [STAGE 1] Loading Point Cloud Array
  [INFO] Total raw points loaded: 363,529

━━━ [STAGE 2] Statistical Outlier Demolition
  [INFO] Points surviving outlier filter: 351,562

━━━ [STAGE 3] Live Plane Surface Isolation (RANSAC)
  [INFO] Original RANSAC: a=0.0143, b=-0.1958, c=0.9805, d=-0.4633
  [INFO] Normal vector pointing down. Flipping coefficients up toward lens.
  [INFO] Points isolated on belt plane: 336,422
  [INFO] Non-plane points going to workspace filter: 15,140

━━━ [STAGE 5] Direction-Enforced Spatial Pre-Filtering
  [INFO] Height gate window : 1.50mm to 500.00mm
  [INFO] Dist-from-plane mm : min=13.619 mean=45.214 median=47.715 max=56.820
  [INFO] Rejected by lower gate: 0 / 15,140
  [INFO] Rejected by upper gate: 0 / 15,140
  [DEBUG] Points passing directional spatial filters: 15,140

━━━ [STAGE 6] Spatial Structural Isolation Clustering (DBSCAN)
  [INFO] DBSCAN discovered 1 distinct point groups.

━━━ [STAGE 7] Multi-Gate Geometric Evaluation
  Cluster #00 -> Pts: 15140 | Dims(mm): X= 64.9, Y= 96.9, Z= 57.0 | VolRatio: 0.588 | Gates: [G1-4=1 G5_Size=1 G6_3D=1] -> PASSED
  [INFO] Winning Cluster selected: ID #0 (Score=0.8765)
  [INFO] Winning cluster point count: 15,140

━━━ [STAGE 8] Projection — Sensor Space → Cropped Canvas

  ── [STAGE 8a] Coordinate System Parameters ──
    Intrinsics    : fx=750.148  fy=749.790  cx=386.179  cy=366.086
    Crop offsets  : left=0 px  top=0 px
    Depth sensor  : 510W x 720H px
    RGB canvas    : 510W x 720H px
    Scale factors : scale_x=1.000000  scale_y=1.000000

  ── [STAGE 8b] 3-D Cluster Bounding Box (world space) ──
    X range : -0.0399 m  →  0.0250 m  (span 64.9 mm)
    Y range : -0.2015 m  →  -0.1046 m  (span 96.9 mm)
    Z range : 0.3810 m  →  0.4380 m  (span 57.0 mm)
    Z depth : mean=0.3968 m  std=0.0102 m  min=0.3810 m  max=0.4380 m

  ── [STAGE 8c] Projection Steps ──
    [Step 1] Full-sensor pixel coords (before crop subtraction):
      u_sensor  min=312.0  max=430.0  mean=371.2
      v_sensor  min=-0.0  max=187.0  mean=83.6
    [OK] Sensor-space OOB: u=0.0%  v=0.0%
    [Step 2] After crop subtraction (crop_left=0, crop_top=0):
      u_cropped min=312.0  max=430.0  mean=371.2
      v_cropped min=-0.0  max=187.0  mean=83.6
    [Step 2 Check] Cropped coords outside canvas: u<0=0.0%  u>W=0.0%  v<0=0.0%  v>H=0.0%
    [Step 3] After scale to canvas (scale_x=1.0000, scale_y=1.0000):
      u  min=312  max=430  mean=371.2
      v  min=0  max=187  mean=83.6
      Canvas target size : 510W x 720H px

  ── [STAGE 8d] Expected mask centroid on canvas ──
      Projected centroid : u=371.2 px  v=83.6 px
      Canvas centre      : u=255.0 px  v=360.0 px
      Offset from centre : Δu=116.2 px  Δv=-276.4 px

  ── [STAGE 8e] Bounds Filter ──
    Total projected points : 15,140
    Inside canvas bounds   : 15,140  (100.0%)
    Duplicate pixel hits    : 0
  [INFO] Density non-zero pixels: 15,140
  [INFO] Density peak count     : 1
  [INFO] Raw mask white pixels before morphology: 15,140
  [INFO] White pixels after close: 16,425
  [INFO] Morphological open skipped for tip-loss debugging.
  [INFO] White pixels after open (skipped): 16,425

  ── [STAGE 8f] Final Mask Stats ──
    Bounding box : 118W x 187H px
    Mask centroid: (371.0, 93.5) px
    White pixels : 16,425
  masking.py run ended: 2026-06-13 19:57:45.031676
