
================================================================================
  masking.py run started: 2026-06-13 19:53:16.616052
================================================================================

━━━ [STAGE 1] Loading Point Cloud Array
  [INFO] Total raw points loaded: 144,815

━━━ [STAGE 2] Statistical Outlier Demolition
  [INFO] Points surviving outlier filter: 141,163

━━━ [STAGE 3] Live Plane Surface Isolation (RANSAC)
  [INFO] Original RANSAC: a=0.0026, b=-0.2860, c=0.9582, d=-0.4564
  [INFO] Normal vector pointing down. Flipping coefficients up toward lens.
  [INFO] Points isolated on belt plane: 136,649
  [INFO] Non-plane points going to workspace filter: 4,514

━━━ [STAGE 5] Direction-Enforced Spatial Pre-Filtering
  [INFO] Height gate window : 1.50mm to 500.00mm
  [INFO] Dist-from-plane mm : min=10.526 mean=31.650 median=27.543 max=66.848
  [INFO] Rejected by lower gate: 0 / 4,514
  [INFO] Rejected by upper gate: 0 / 4,514
  [DEBUG] Points passing directional spatial filters: 4,514

━━━ [STAGE 6] Spatial Structural Isolation Clustering (DBSCAN)
  [INFO] DBSCAN discovered 5 distinct point groups.

━━━ [STAGE 7] Multi-Gate Geometric Evaluation
  Cluster #00 -> Pts: 71    | Dims(mm): X= 86.5, Y= 16.0, Z=  8.0 | VolRatio: 0.092 | Gates: [G1-4=1 G5_Size=1 G6_3D=0] -> REJECTED
  Cluster #01 -> Pts: 3355  | Dims(mm): X=219.5, Y=105.7, Z= 54.0 | VolRatio: 0.246 | Gates: [G1-4=1 G5_Size=1 G6_3D=1] -> PASSED
  Cluster #02 -> Pts: 30    | Dims(mm): X= 10.6, Y= 16.5, Z=  6.0 | VolRatio: 0.363 | Gates: [G1-4=1 G5_Size=0 G6_3D=1] -> REJECTED
  Cluster #03 -> Pts: 934   | Dims(mm): X=168.4, Y= 43.0, Z= 16.0 | VolRatio: 0.095 | Gates: [G1-4=1 G5_Size=1 G6_3D=0] -> REJECTED
  Cluster #04 -> Pts: 113   | Dims(mm): X= 50.2, Y=  9.0, Z=  9.0 | VolRatio: 0.179 | Gates: [G1-4=0 G5_Size=0 G6_3D=1] -> REJECTED
  [INFO] Winning Cluster selected: ID #1 (Score=0.4415)
  [INFO] Winning cluster point count: 3,355

━━━ [STAGE 8] Projection — Sensor Space → Cropped Canvas

  ── [STAGE 8a] Coordinate System Parameters ──
    Intrinsics    : fx=149.444  fy=599.832  cx=1.739  cy=292.869
    Crop offsets  : left=0 px  top=0 px
    Depth sensor  : 255W x 576H px
    RGB canvas    : 510W x 720H px
    Scale factors : scale_x=2.000000  scale_y=1.250000

  ── [STAGE 8b] 3-D Cluster Bounding Box (world space) ──
    X range : 0.2033 m  →  0.4228 m  (span 219.5 mm)
    Y range : -0.1152 m  →  -0.0095 m  (span 105.7 mm)
    Z range : 0.3980 m  →  0.4520 m  (span 54.0 mm)
    Z depth : mean=0.4193 m  std=0.0133 m  min=0.3980 m  max=0.4520 m

  ── [STAGE 8c] Projection Steps ──
    [Step 1] Full-sensor pixel coords (before crop subtraction):
      u_sensor  min=70.0  max=148.0  mean=119.1
      v_sensor  min=126.0  max=279.0  mean=204.2
    [OK] Sensor-space OOB: u=0.0%  v=0.0%
    [Step 2] After crop subtraction (crop_left=0, crop_top=0):
      u_cropped min=70.0  max=148.0  mean=119.1
      v_cropped min=126.0  max=279.0  mean=204.2
    [Step 2 Check] Cropped coords outside canvas: u<0=0.0%  u>W=0.0%  v<0=0.0%  v>H=0.0%
    [Step 3] After scale to canvas (scale_x=2.0000, scale_y=1.2500):
      u  min=140  max=296  mean=238.3
      v  min=158  max=349  mean=255.3
      Canvas target size : 510W x 720H px

  ── [STAGE 8d] Expected mask centroid on canvas ──
      Projected centroid : u=238.3 px  v=255.3 px
      Canvas centre      : u=255.0 px  v=360.0 px
      Offset from centre : Δu=-16.7 px  Δv=-104.7 px

  ── [STAGE 8e] Bounds Filter ──
    Total projected points : 3,355
    Inside canvas bounds   : 3,355  (100.0%)
    Duplicate pixel hits    : 0
  [INFO] Density non-zero pixels: 3,355
  [INFO] Density peak count     : 1
  [INFO] Raw mask white pixels before morphology: 3,355
  [INFO] White pixels after close: 8,674
  [INFO] Morphological open skipped for tip-loss debugging.
  [INFO] White pixels after open (skipped): 8,674

  ── [STAGE 8f] Final Mask Stats ──
    Bounding box : 156W x 191H px
    Mask centroid: (218.0, 253.5) px
    White pixels : 8,674
  masking.py run ended: 2026-06-13 19:53:17.089363
