
================================================================================
  masking.py run started: 2026-06-13 19:49:42.412490
================================================================================

━━━ [STAGE 1] Loading Point Cloud Array
  [INFO] Total raw points loaded: 366,434

━━━ [STAGE 2] Statistical Outlier Demolition
  [INFO] Points surviving outlier filter: 355,756

━━━ [STAGE 3] Live Plane Surface Isolation (RANSAC)
  [INFO] Original RANSAC: a=0.0140, b=-0.0500, c=0.9987, d=-0.4787
  [INFO] Normal vector pointing down. Flipping coefficients up toward lens.
  [INFO] Points isolated on belt plane: 346,835
  [INFO] Non-plane points going to workspace filter: 8,921

━━━ [STAGE 5] Direction-Enforced Spatial Pre-Filtering
  [INFO] Height gate window : 1.50mm to 500.00mm
  [INFO] Dist-from-plane mm : min=13.632 mean=25.179 median=23.946 max=44.278
  [INFO] Rejected by lower gate: 0 / 8,921
  [INFO] Rejected by upper gate: 0 / 8,921
  [DEBUG] Points passing directional spatial filters: 8,921

━━━ [STAGE 6] Spatial Structural Isolation Clustering (DBSCAN)
  [INFO] DBSCAN discovered 1 distinct point groups.

━━━ [STAGE 7] Multi-Gate Geometric Evaluation
  Cluster #00 -> Pts: 8921  | Dims(mm): X= 74.1, Y=110.4, Z= 28.0 | VolRatio: 0.254 | Gates: [G1-4=1 G5_Size=1 G6_3D=1] -> PASSED
  [INFO] Winning Cluster selected: ID #0 (Score=0.7221)
  [INFO] Winning cluster point count: 8,921

━━━ [STAGE 8] Projection — Sensor Space → Cropped Canvas

  ── [STAGE 8a] Coordinate System Parameters ──
    Intrinsics    : fx=750.148  fy=749.790  cx=386.179  cy=366.086
    Crop offsets  : left=0 px  top=0 px
    Depth sensor  : 510W x 720H px
    RGB canvas    : 510W x 720H px
    Scale factors : scale_x=1.000000  scale_y=1.000000

  ── [STAGE 8b] 3-D Cluster Bounding Box (world space) ──
    X range : -0.1448 m  →  -0.0706 m  (span 74.1 mm)
    Y range : -0.1015 m  →  0.0089 m  (span 110.4 mm)
    Z range : 0.4360 m  →  0.4640 m  (span 28.0 mm)
    Z depth : mean=0.4529 m  std=0.0060 m  min=0.4360 m  max=0.4640 m

  ── [STAGE 8c] Projection Steps ──
    [Step 1] Full-sensor pixel coords (before crop subtraction):
      u_sensor  min=147.0  max=271.0  mean=219.1
      v_sensor  min=201.0  max=381.0  mean=278.5
    [OK] Sensor-space OOB: u=0.0%  v=0.0%
    [Step 2] After crop subtraction (crop_left=0, crop_top=0):
      u_cropped min=147.0  max=271.0  mean=219.1
      v_cropped min=201.0  max=381.0  mean=278.5
    [Step 2 Check] Cropped coords outside canvas: u<0=0.0%  u>W=0.0%  v<0=0.0%  v>H=0.0%
    [Step 3] After scale to canvas (scale_x=1.0000, scale_y=1.0000):
      u  min=147  max=271  mean=219.1
      v  min=201  max=381  mean=278.5
      Canvas target size : 510W x 720H px

  ── [STAGE 8d] Expected mask centroid on canvas ──
      Projected centroid : u=219.1 px  v=278.5 px
      Canvas centre      : u=255.0 px  v=360.0 px
      Offset from centre : Δu=-35.9 px  Δv=-81.5 px

  ── [STAGE 8e] Bounds Filter ──
    Total projected points : 8,921
    Inside canvas bounds   : 8,921  (100.0%)
    Duplicate pixel hits    : 0
  [INFO] Density non-zero pixels: 8,921
  [INFO] Density peak count     : 1
  [INFO] Raw mask white pixels before morphology: 8,921
  [INFO] White pixels after close: 10,236
  [INFO] Morphological open skipped for tip-loss debugging.
  [INFO] White pixels after open (skipped): 10,236

  ── [STAGE 8f] Final Mask Stats ──
    Bounding box : 124W x 180H px
    Mask centroid: (209.0, 291.0) px
    White pixels : 10,236
  masking.py run ended: 2026-06-13 19:49:44.183116
