
================================================================================
  masking.py run started: 2026-06-13 20:02:28.413623
================================================================================

━━━ [STAGE 1] Loading Point Cloud Array
  [INFO] Total raw points loaded: 366,154

━━━ [STAGE 2] Statistical Outlier Demolition
  [INFO] Points surviving outlier filter: 357,037

━━━ [STAGE 3] Live Plane Surface Isolation (RANSAC)
  [INFO] Original RANSAC: a=0.0137, b=-0.0745, c=0.9971, d=-0.4766
  [INFO] Normal vector pointing down. Flipping coefficients up toward lens.
  [INFO] Points isolated on belt plane: 343,648
  [INFO] Non-plane points going to workspace filter: 13,389

━━━ [STAGE 5] Direction-Enforced Spatial Pre-Filtering
  [INFO] Height gate window : 1.50mm to 500.00mm
  [INFO] Dist-from-plane mm : min=15.494 mean=51.923 median=53.335 max=72.764
  [INFO] Rejected by lower gate: 0 / 13,389
  [INFO] Rejected by upper gate: 0 / 13,389
  [DEBUG] Points passing directional spatial filters: 13,389

━━━ [STAGE 6] Spatial Structural Isolation Clustering (DBSCAN)
  [INFO] DBSCAN discovered 2 distinct point groups.

━━━ [STAGE 7] Multi-Gate Geometric Evaluation
  Cluster #00 -> Pts: 13366 | Dims(mm): X= 87.2, Y= 97.3, Z= 60.0 | VolRatio: 0.617 | Gates: [G1-4=1 G5_Size=1 G6_3D=1] -> PASSED
  Cluster #01 -> Pts: 23    | Dims(mm): X=  2.2, Y=  2.5, Z=  1.0 | VolRatio: 0.406 | Gates: [G1-4=0 G5_Size=0 G6_3D=1] -> REJECTED
  [INFO] Winning Cluster selected: ID #0 (Score=0.8850)
  [INFO] Winning cluster point count: 13,366

━━━ [STAGE 8] Projection — Sensor Space → Cropped Canvas

  ── [STAGE 8a] Coordinate System Parameters ──
    Intrinsics    : fx=750.148  fy=749.790  cx=386.179  cy=366.086
    Crop offsets  : left=0 px  top=0 px
    Depth sensor  : 510W x 720H px
    RGB canvas    : 510W x 720H px
    Scale factors : scale_x=1.000000  scale_y=1.000000

  ── [STAGE 8b] 3-D Cluster Bounding Box (world space) ──
    X range : -0.0148 m  →  0.0724 m  (span 87.2 mm)
    Y range : -0.1194 m  →  -0.0221 m  (span 97.3 mm)
    Z range : 0.4000 m  →  0.4600 m  (span 60.0 mm)
    Z depth : mean=0.4206 m  std=0.0120 m  min=0.4000 m  max=0.4600 m

  ── [STAGE 8c] Projection Steps ──
    [Step 1] Full-sensor pixel coords (before crop subtraction):
      u_sensor  min=361.0  max=506.0  mean=421.5
      v_sensor  min=168.0  max=330.0  mean=244.4
    [OK] Sensor-space OOB: u=0.0%  v=0.0%
    [Step 2] After crop subtraction (crop_left=0, crop_top=0):
      u_cropped min=361.0  max=506.0  mean=421.5
      v_cropped min=168.0  max=330.0  mean=244.4
    [Step 2 Check] Cropped coords outside canvas: u<0=0.0%  u>W=0.0%  v<0=0.0%  v>H=0.0%
    [Step 3] After scale to canvas (scale_x=1.0000, scale_y=1.0000):
      u  min=361  max=506  mean=421.5
      v  min=168  max=330  mean=244.4
      Canvas target size : 510W x 720H px

  ── [STAGE 8d] Expected mask centroid on canvas ──
      Projected centroid : u=421.5 px  v=244.4 px
      Canvas centre      : u=255.0 px  v=360.0 px
      Offset from centre : Δu=166.5 px  Δv=-115.6 px

  ── [STAGE 8e] Bounds Filter ──
    Total projected points : 13,366
    Inside canvas bounds   : 13,366  (100.0%)
    Duplicate pixel hits    : 0
  [INFO] Density non-zero pixels: 13,366
  [INFO] Density peak count     : 1
  [INFO] Raw mask white pixels before morphology: 13,366
  [INFO] White pixels after close: 15,022
  [INFO] Morphological open skipped for tip-loss debugging.
  [INFO] White pixels after open (skipped): 15,022

  ── [STAGE 8f] Final Mask Stats ──
    Bounding box : 148W x 162H px
    Mask centroid: (435.0, 249.0) px
    White pixels : 15,022
  masking.py run ended: 2026-06-13 20:02:30.787287
