
================================================================================
  masking.py run started: 2026-06-13 20:01:59.462876
================================================================================

━━━ [STAGE 1] Loading Point Cloud Array
  [INFO] Total raw points loaded: 366,198

━━━ [STAGE 2] Statistical Outlier Demolition
  [INFO] Points surviving outlier filter: 353,673

━━━ [STAGE 3] Live Plane Surface Isolation (RANSAC)
  [INFO] Original RANSAC: a=0.0134, b=-0.0741, c=0.9972, d=-0.4768
  [INFO] Normal vector pointing down. Flipping coefficients up toward lens.
  [INFO] Points isolated on belt plane: 343,558
  [INFO] Non-plane points going to workspace filter: 10,115

━━━ [STAGE 5] Direction-Enforced Spatial Pre-Filtering
  [INFO] Height gate window : 1.50mm to 500.00mm
  [INFO] Dist-from-plane mm : min=16.164 mean=27.339 median=27.291 max=39.505
  [INFO] Rejected by lower gate: 0 / 10,115
  [INFO] Rejected by upper gate: 0 / 10,115
  [DEBUG] Points passing directional spatial filters: 10,115

━━━ [STAGE 6] Spatial Structural Isolation Clustering (DBSCAN)
  [INFO] DBSCAN discovered 1 distinct point groups.

━━━ [STAGE 7] Multi-Gate Geometric Evaluation
  Cluster #00 -> Pts: 10115 | Dims(mm): X= 85.4, Y= 74.8, Z= 23.0 | VolRatio: 0.269 | Gates: [G1-4=1 G5_Size=1 G6_3D=1] -> PASSED
  [INFO] Winning Cluster selected: ID #0 (Score=0.7808)
  [INFO] Winning cluster point count: 10,115

━━━ [STAGE 8] Projection — Sensor Space → Cropped Canvas

  ── [STAGE 8a] Coordinate System Parameters ──
    Intrinsics    : fx=750.148  fy=749.790  cx=386.179  cy=366.086
    Crop offsets  : left=0 px  top=0 px
    Depth sensor  : 510W x 720H px
    RGB canvas    : 510W x 720H px
    Scale factors : scale_x=1.000000  scale_y=1.000000

  ── [STAGE 8b] 3-D Cluster Bounding Box (world space) ──
    X range : -0.1950 m  →  -0.1096 m  (span 85.4 mm)
    Y range : 0.1104 m  →  0.1853 m  (span 74.8 mm)
    Z range : 0.4510 m  →  0.4740 m  (span 23.0 mm)
    Z depth : mean=0.4638 m  std=0.0048 m  min=0.4510 m  max=0.4740 m

  ── [STAGE 8c] Projection Steps ──
    [Step 1] Full-sensor pixel coords (before crop subtraction):
      u_sensor  min=75.0  max=212.0  mean=141.0
      v_sensor  min=542.0  max=661.0  mean=604.3
    [OK] Sensor-space OOB: u=0.0%  v=0.0%
    [Step 2] After crop subtraction (crop_left=0, crop_top=0):
      u_cropped min=75.0  max=212.0  mean=141.0
      v_cropped min=542.0  max=661.0  mean=604.3
    [Step 2 Check] Cropped coords outside canvas: u<0=0.0%  u>W=0.0%  v<0=0.0%  v>H=0.0%
    [Step 3] After scale to canvas (scale_x=1.0000, scale_y=1.0000):
      u  min=75  max=212  mean=141.0
      v  min=542  max=661  mean=604.3
      Canvas target size : 510W x 720H px

  ── [STAGE 8d] Expected mask centroid on canvas ──
      Projected centroid : u=141.0 px  v=604.3 px
      Canvas centre      : u=255.0 px  v=360.0 px
      Offset from centre : Δu=-114.0 px  Δv=244.3 px

  ── [STAGE 8e] Bounds Filter ──
    Total projected points : 10,115
    Inside canvas bounds   : 10,115  (100.0%)
    Duplicate pixel hits    : 0
  [INFO] Density non-zero pixels: 10,115
  [INFO] Density peak count     : 1
  [INFO] Raw mask white pixels before morphology: 10,115
  [INFO] White pixels after close: 10,787
  [INFO] Morphological open skipped for tip-loss debugging.
  [INFO] White pixels after open (skipped): 10,787

  ── [STAGE 8f] Final Mask Stats ──
    Bounding box : 137W x 119H px
    Mask centroid: (143.5, 601.5) px
    White pixels : 10,787
  masking.py run ended: 2026-06-13 20:02:01.493372
