
================================================================================
  masking.py run started: 2026-06-13 20:00:37.776092
================================================================================

━━━ [STAGE 1] Loading Point Cloud Array
  [INFO] Total raw points loaded: 366,275

━━━ [STAGE 2] Statistical Outlier Demolition
  [INFO] Points surviving outlier filter: 354,127

━━━ [STAGE 3] Live Plane Surface Isolation (RANSAC)
  [INFO] Original RANSAC: a=0.0129, b=-0.0527, c=0.9985, d=-0.4791
  [INFO] Normal vector pointing down. Flipping coefficients up toward lens.
  [INFO] Points isolated on belt plane: 334,773
  [INFO] Non-plane points going to workspace filter: 19,354

━━━ [STAGE 5] Direction-Enforced Spatial Pre-Filtering
  [INFO] Height gate window : 1.50mm to 500.00mm
  [INFO] Dist-from-plane mm : min=14.001 mean=49.276 median=52.755 max=74.646
  [INFO] Rejected by lower gate: 0 / 19,354
  [INFO] Rejected by upper gate: 0 / 19,354
  [DEBUG] Points passing directional spatial filters: 19,354

━━━ [STAGE 6] Spatial Structural Isolation Clustering (DBSCAN)
  [INFO] DBSCAN discovered 2 distinct point groups.

━━━ [STAGE 7] Multi-Gate Geometric Evaluation
  Cluster #00 -> Pts: 19317 | Dims(mm): X=135.2, Y=286.2, Z= 72.0 | VolRatio: 0.252 | Gates: [G1-4=1 G5_Size=1 G6_3D=1] -> PASSED
  Cluster #01 -> Pts: 30    | Dims(mm): X=  3.9, Y= 25.4, Z=  8.0 | VolRatio: 0.155 | Gates: [G1-4=1 G5_Size=0 G6_3D=1] -> REJECTED
  [INFO] Winning Cluster selected: ID #0 (Score=0.7755)
  [INFO] Winning cluster point count: 19,317

━━━ [STAGE 8] Projection — Sensor Space → Cropped Canvas

  ── [STAGE 8a] Coordinate System Parameters ──
    Intrinsics    : fx=750.148  fy=749.790  cx=386.179  cy=366.086
    Crop offsets  : left=0 px  top=0 px
    Depth sensor  : 510W x 720H px
    RGB canvas    : 510W x 720H px
    Scale factors : scale_x=1.000000  scale_y=1.000000

  ── [STAGE 8b] 3-D Cluster Bounding Box (world space) ──
    X range : -0.1740 m  →  -0.0387 m  (span 135.2 mm)
    Y range : -0.1770 m  →  0.1092 m  (span 286.2 mm)
    Z range : 0.3990 m  →  0.4710 m  (span 72.0 mm)
    Z depth : mean=0.4312 m  std=0.0164 m  min=0.3990 m  max=0.4710 m

  ── [STAGE 8c] Projection Steps ──
    [Step 1] Full-sensor pixel coords (before crop subtraction):
      u_sensor  min=77.0  max=323.0  mean=220.0
      v_sensor  min=47.0  max=548.0  mean=352.1
    [OK] Sensor-space OOB: u=0.0%  v=0.0%
    [Step 2] After crop subtraction (crop_left=0, crop_top=0):
      u_cropped min=77.0  max=323.0  mean=220.0
      v_cropped min=47.0  max=548.0  mean=352.1
    [Step 2 Check] Cropped coords outside canvas: u<0=0.0%  u>W=0.0%  v<0=0.0%  v>H=0.0%
    [Step 3] After scale to canvas (scale_x=1.0000, scale_y=1.0000):
      u  min=77  max=323  mean=220.0
      v  min=47  max=548  mean=352.1
      Canvas target size : 510W x 720H px

  ── [STAGE 8d] Expected mask centroid on canvas ──
      Projected centroid : u=220.0 px  v=352.1 px
      Canvas centre      : u=255.0 px  v=360.0 px
      Offset from centre : Δu=-35.0 px  Δv=-7.9 px

  ── [STAGE 8e] Bounds Filter ──
    Total projected points : 19,317
    Inside canvas bounds   : 19,317  (100.0%)
    Duplicate pixel hits    : 0
  [INFO] Density non-zero pixels: 19,317
  [INFO] Density peak count     : 1
  [INFO] Raw mask white pixels before morphology: 19,317
  [INFO] White pixels after close: 22,481
  [INFO] Morphological open skipped for tip-loss debugging.
  [INFO] White pixels after open (skipped): 22,481

  ── [STAGE 8f] Final Mask Stats ──
    Bounding box : 246W x 501H px
    Mask centroid: (200.0, 297.5) px
    White pixels : 22,481
  masking.py run ended: 2026-06-13 20:00:40.014282
