
================================================================================
  masking.py run started: 2026-06-13 19:58:03.704951
================================================================================

━━━ [STAGE 1] Loading Point Cloud Array
  [INFO] Total raw points loaded: 363,592

━━━ [STAGE 2] Statistical Outlier Demolition
  [INFO] Points surviving outlier filter: 352,886

━━━ [STAGE 3] Live Plane Surface Isolation (RANSAC)
  [INFO] Original RANSAC: a=0.0135, b=-0.1963, c=0.9805, d=-0.4632
  [INFO] Normal vector pointing down. Flipping coefficients up toward lens.
  [INFO] Points isolated on belt plane: 319,211
  [INFO] Non-plane points going to workspace filter: 33,675

━━━ [STAGE 5] Direction-Enforced Spatial Pre-Filtering
  [INFO] Height gate window : 1.50mm to 500.00mm
  [INFO] Dist-from-plane mm : min=15.632 mean=57.970 median=58.508 max=87.271
  [INFO] Rejected by lower gate: 0 / 33,675
  [INFO] Rejected by upper gate: 0 / 33,675
  [DEBUG] Points passing directional spatial filters: 33,675

━━━ [STAGE 6] Spatial Structural Isolation Clustering (DBSCAN)
  [INFO] DBSCAN discovered 2 distinct point groups.

━━━ [STAGE 7] Multi-Gate Geometric Evaluation
  Cluster #00 -> Pts: 33519 | Dims(mm): X=126.7, Y=133.3, Z= 76.0 | VolRatio: 0.570 | Gates: [G1-4=1 G5_Size=1 G6_3D=1] -> PASSED
  Cluster #01 -> Pts: 156   | Dims(mm): X= 14.9, Y= 34.2, Z= 16.0 | VolRatio: 0.435 | Gates: [G1-4=1 G5_Size=0 G6_3D=1] -> REJECTED
  [INFO] Winning Cluster selected: ID #0 (Score=0.8711)
  [INFO] Winning cluster point count: 33,519

━━━ [STAGE 8] Projection — Sensor Space → Cropped Canvas

  ── [STAGE 8a] Coordinate System Parameters ──
    Intrinsics    : fx=750.148  fy=749.790  cx=386.179  cy=366.086
    Crop offsets  : left=0 px  top=0 px
    Depth sensor  : 510W x 720H px
    RGB canvas    : 510W x 720H px
    Scale factors : scale_x=1.000000  scale_y=1.000000

  ── [STAGE 8b] 3-D Cluster Bounding Box (world space) ──
    X range : -0.1046 m  →  0.0221 m  (span 126.7 mm)
    Y range : -0.1910 m  →  -0.0577 m  (span 133.3 mm)
    Z range : 0.3640 m  →  0.4400 m  (span 76.0 mm)
    Z depth : mean=0.3917 m  std=0.0155 m  min=0.3640 m  max=0.4400 m

  ── [STAGE 8c] Projection Steps ──
    [Step 1] Full-sensor pixel coords (before crop subtraction):
      u_sensor  min=187.0  max=426.0  mean=295.6
      v_sensor  min=21.0  max=264.0  mean=154.3
    [OK] Sensor-space OOB: u=0.0%  v=0.0%
    [Step 2] After crop subtraction (crop_left=0, crop_top=0):
      u_cropped min=187.0  max=426.0  mean=295.6
      v_cropped min=21.0  max=264.0  mean=154.3
    [Step 2 Check] Cropped coords outside canvas: u<0=0.0%  u>W=0.0%  v<0=0.0%  v>H=0.0%
    [Step 3] After scale to canvas (scale_x=1.0000, scale_y=1.0000):
      u  min=187  max=426  mean=295.6
      v  min=21  max=264  mean=154.3
      Canvas target size : 510W x 720H px

  ── [STAGE 8d] Expected mask centroid on canvas ──
      Projected centroid : u=295.6 px  v=154.3 px
      Canvas centre      : u=255.0 px  v=360.0 px
      Offset from centre : Δu=40.6 px  Δv=-205.7 px

  ── [STAGE 8e] Bounds Filter ──
    Total projected points : 33,519
    Inside canvas bounds   : 33,519  (100.0%)
    Duplicate pixel hits    : 0
  [INFO] Density non-zero pixels: 33,519
  [INFO] Density peak count     : 1
  [INFO] Raw mask white pixels before morphology: 33,519
  [INFO] White pixels after close: 36,474
  [INFO] Morphological open skipped for tip-loss debugging.
  [INFO] White pixels after open (skipped): 36,474

  ── [STAGE 8f] Final Mask Stats ──
    Bounding box : 239W x 243H px
    Mask centroid: (306.5, 142.5) px
    White pixels : 36,474
  masking.py run ended: 2026-06-13 19:58:09.687530
