
================================================================================
  masking.py run started: 2026-06-13 20:05:39.150760
================================================================================

━━━ [STAGE 1] Loading Point Cloud Array
  [INFO] Total raw points loaded: 365,772

━━━ [STAGE 2] Statistical Outlier Demolition
  [INFO] Points surviving outlier filter: 354,950

━━━ [STAGE 3] Live Plane Surface Isolation (RANSAC)
  [INFO] Original RANSAC: a=0.0138, b=-0.1003, c=0.9949, d=-0.4738
  [INFO] Normal vector pointing down. Flipping coefficients up toward lens.
  [INFO] Points isolated on belt plane: 341,690
  [INFO] Non-plane points going to workspace filter: 13,260

━━━ [STAGE 5] Direction-Enforced Spatial Pre-Filtering
  [INFO] Height gate window : 1.50mm to 500.00mm
  [INFO] Dist-from-plane mm : min=13.245 mean=37.612 median=39.490 max=61.473
  [INFO] Rejected by lower gate: 0 / 13,260
  [INFO] Rejected by upper gate: 0 / 13,260
  [DEBUG] Points passing directional spatial filters: 13,260

━━━ [STAGE 6] Spatial Structural Isolation Clustering (DBSCAN)
  [INFO] DBSCAN discovered 1 distinct point groups.

━━━ [STAGE 7] Multi-Gate Geometric Evaluation
  Cluster #00 -> Pts: 13260 | Dims(mm): X=126.6, Y=131.5, Z= 48.0 | VolRatio: 0.365 | Gates: [G1-4=1 G5_Size=1 G6_3D=1] -> PASSED
  [INFO] Winning Cluster selected: ID #0 (Score=0.8095)
  [INFO] Winning cluster point count: 13,260

━━━ [STAGE 8] Projection — Sensor Space → Cropped Canvas

  ── [STAGE 8a] Coordinate System Parameters ──
    Intrinsics    : fx=750.148  fy=749.790  cx=386.179  cy=366.086
    Crop offsets  : left=0 px  top=0 px
    Depth sensor  : 510W x 720H px
    RGB canvas    : 510W x 720H px
    Scale factors : scale_x=1.000000  scale_y=1.000000

  ── [STAGE 8b] 3-D Cluster Bounding Box (world space) ──
    X range : -0.1244 m  →  0.0022 m  (span 126.6 mm)
    Y range : -0.0911 m  →  0.0404 m  (span 131.5 mm)
    Z range : 0.4160 m  →  0.4640 m  (span 48.0 mm)
    Z depth : mean=0.4373 m  std=0.0087 m  min=0.4160 m  max=0.4640 m

  ── [STAGE 8c] Projection Steps ──
    [Step 1] Full-sensor pixel coords (before crop subtraction):
      u_sensor  min=182.0  max=390.0  mean=289.1
      v_sensor  min=211.0  max=432.0  mean=334.2
    [OK] Sensor-space OOB: u=0.0%  v=0.0%
    [Step 2] After crop subtraction (crop_left=0, crop_top=0):
      u_cropped min=182.0  max=390.0  mean=289.1
      v_cropped min=211.0  max=432.0  mean=334.2
    [Step 2 Check] Cropped coords outside canvas: u<0=0.0%  u>W=0.0%  v<0=0.0%  v>H=0.0%
    [Step 3] After scale to canvas (scale_x=1.0000, scale_y=1.0000):
      u  min=182  max=390  mean=289.1
      v  min=211  max=432  mean=334.2
      Canvas target size : 510W x 720H px

  ── [STAGE 8d] Expected mask centroid on canvas ──
      Projected centroid : u=289.1 px  v=334.2 px
      Canvas centre      : u=255.0 px  v=360.0 px
      Offset from centre : Δu=34.1 px  Δv=-25.8 px

  ── [STAGE 8e] Bounds Filter ──
    Total projected points : 13,260
    Inside canvas bounds   : 13,260  (100.0%)
    Duplicate pixel hits    : 0
  [INFO] Density non-zero pixels: 13,260
  [INFO] Density peak count     : 1
  [INFO] Raw mask white pixels before morphology: 13,260
  [INFO] White pixels after close: 16,433
  [INFO] Morphological open skipped for tip-loss debugging.
  [INFO] White pixels after open (skipped): 16,433

  ── [STAGE 8f] Final Mask Stats ──
    Bounding box : 208W x 221H px
    Mask centroid: (286.0, 321.5) px
    White pixels : 16,433
  masking.py run ended: 2026-06-13 20:05:41.261799
