
================================================================================
  masking.py run started: 2026-06-13 17:04:47.693489
================================================================================

━━━ [STAGE 1] Loading Point Cloud Array
  [INFO] Total raw points loaded: 366,533

━━━ [STAGE 2] Statistical Outlier Demolition
  [INFO] Points surviving outlier filter: 352,992

━━━ [STAGE 3] Live Plane Surface Isolation (RANSAC)
  [INFO] Original RANSAC: a=0.0152, b=-0.0353, c=0.9993, d=-0.4792
  [INFO] Normal vector pointing down. Flipping coefficients up toward lens.
  [INFO] Points isolated on belt plane: 347,126
  [INFO] Non-plane points going to workspace filter: 5,866

━━━ [STAGE 5] Direction-Enforced Spatial Pre-Filtering
  [INFO] Height gate window : 1.50mm to 500.00mm
  [INFO] Dist-from-plane mm : min=15.104 mean=25.523 median=26.527 max=34.296
  [INFO] Rejected by lower gate: 0 / 5,866
  [INFO] Rejected by upper gate: 0 / 5,866
  [DEBUG] Points passing directional spatial filters: 5,866

━━━ [STAGE 6] Spatial Structural Isolation Clustering (DBSCAN)
  [INFO] DBSCAN discovered 1 distinct point groups.

━━━ [STAGE 7] Multi-Gate Geometric Evaluation
  Cluster #00 -> Pts: 5866  | Dims(mm): X= 79.3, Y= 89.4, Z= 22.0 | VolRatio: 0.246 | Gates: [G1-4=1 G5_Size=1 G6_3D=1] -> PASSED
  [INFO] Winning Cluster selected: ID #0 (Score=0.5671)
  [INFO] Winning cluster point count: 5,866

━━━ [STAGE 8] Projection — Sensor Space → Cropped Canvas

  ── [STAGE 8a] Coordinate System Parameters ──
    Intrinsics    : fx=750.148  fy=749.790  cx=386.179  cy=366.086
    Crop offsets  : left=0 px  top=0 px
    Depth sensor  : 510W x 720H px
    RGB canvas    : 510W x 720H px
    Scale factors : scale_x=1.000000  scale_y=1.000000

  ── [STAGE 8b] 3-D Cluster Bounding Box (world space) ──
    X range : -0.0648 m  →  0.0145 m  (span 79.3 mm)
    Y range : -0.1179 m  →  -0.0285 m  (span 89.4 mm)
    Z range : 0.4420 m  →  0.4640 m  (span 22.0 mm)
    Z depth : mean=0.4519 m  std=0.0050 m  min=0.4420 m  max=0.4640 m

  ── [STAGE 8c] Projection Steps ──
    [Step 1] Full-sensor pixel coords (before crop subtraction):
      u_sensor  min=281.0  max=410.0  mean=345.4
      v_sensor  min=173.0  max=320.0  mean=253.1
    [OK] Sensor-space OOB: u=0.0%  v=0.0%
    [Step 2] After crop subtraction (crop_left=0, crop_top=0):
      u_cropped min=281.0  max=410.0  mean=345.4
      v_cropped min=173.0  max=320.0  mean=253.1
    [Step 2 Check] Cropped coords outside canvas: u<0=0.0%  u>W=0.0%  v<0=0.0%  v>H=0.0%
    [Step 3] After scale to canvas (scale_x=1.0000, scale_y=1.0000):
      u  min=281  max=410  mean=345.4
      v  min=173  max=320  mean=253.1
      Canvas target size : 510W x 720H px

  ── [STAGE 8d] Expected mask centroid on canvas ──
      Projected centroid : u=345.4 px  v=253.1 px
      Canvas centre      : u=255.0 px  v=360.0 px
      Offset from centre : Δu=90.4 px  Δv=-106.9 px

  ── [STAGE 8e] Bounds Filter ──
    Total projected points : 5,866
    Inside canvas bounds   : 5,866  (100.0%)
    Duplicate pixel hits    : 0
  [INFO] Density non-zero pixels: 5,866
  [INFO] Density peak count     : 1
  [INFO] Raw mask white pixels before morphology: 5,866
  [INFO] White pixels after close: 6,886
  [INFO] Morphological open skipped for tip-loss debugging.
  [INFO] White pixels after open (skipped): 6,886

  ── [STAGE 8f] Final Mask Stats ──
    Bounding box : 129W x 147H px
    Mask centroid: (345.5, 246.5) px
    White pixels : 6,886
  masking.py run ended: 2026-06-13 17:04:47.942813
