
================================================================================
  masking.py run started: 2026-06-13 19:59:40.489569
================================================================================

━━━ [STAGE 1] Loading Point Cloud Array
  [INFO] Total raw points loaded: 366,435

━━━ [STAGE 2] Statistical Outlier Demolition
  [INFO] Points surviving outlier filter: 356,822

━━━ [STAGE 3] Live Plane Surface Isolation (RANSAC)
  [INFO] Original RANSAC: a=0.0145, b=-0.0494, c=0.9987, d=-0.4794
  [INFO] Normal vector pointing down. Flipping coefficients up toward lens.
  [INFO] Points isolated on belt plane: 341,823
  [INFO] Non-plane points going to workspace filter: 14,999

━━━ [STAGE 5] Direction-Enforced Spatial Pre-Filtering
  [INFO] Height gate window : 1.50mm to 500.00mm
  [INFO] Dist-from-plane mm : min=13.904 mean=45.463 median=46.557 max=55.000
  [INFO] Rejected by lower gate: 0 / 14,999
  [INFO] Rejected by upper gate: 0 / 14,999
  [DEBUG] Points passing directional spatial filters: 14,999

━━━ [STAGE 6] Spatial Structural Isolation Clustering (DBSCAN)
  [INFO] DBSCAN discovered 1 distinct point groups.

━━━ [STAGE 7] Multi-Gate Geometric Evaluation
  Cluster #00 -> Pts: 14999 | Dims(mm): X= 70.4, Y=119.3, Z= 41.0 | VolRatio: 0.344 | Gates: [G1-4=1 G5_Size=1 G6_3D=1] -> PASSED
  [INFO] Winning Cluster selected: ID #0 (Score=0.8031)
  [INFO] Winning cluster point count: 14,999

━━━ [STAGE 8] Projection — Sensor Space → Cropped Canvas

  ── [STAGE 8a] Coordinate System Parameters ──
    Intrinsics    : fx=750.148  fy=749.790  cx=386.179  cy=366.086
    Crop offsets  : left=0 px  top=0 px
    Depth sensor  : 510W x 720H px
    RGB canvas    : 510W x 720H px
    Scale factors : scale_x=1.000000  scale_y=1.000000

  ── [STAGE 8b] 3-D Cluster Bounding Box (world space) ──
    X range : -0.0262 m  →  0.0442 m  (span 70.4 mm)
    Y range : -0.0211 m  →  0.0981 m  (span 119.3 mm)
    Z range : 0.4270 m  →  0.4680 m  (span 41.0 mm)
    Z depth : mean=0.4361 m  std=0.0063 m  min=0.4270 m  max=0.4680 m

  ── [STAGE 8c] Projection Steps ──
    [Step 1] Full-sensor pixel coords (before crop subtraction):
      u_sensor  min=343.0  max=457.0  mean=396.4
      v_sensor  min=330.0  max=525.0  mean=425.3
    [OK] Sensor-space OOB: u=0.0%  v=0.0%
    [Step 2] After crop subtraction (crop_left=0, crop_top=0):
      u_cropped min=343.0  max=457.0  mean=396.4
      v_cropped min=330.0  max=525.0  mean=425.3
    [Step 2 Check] Cropped coords outside canvas: u<0=0.0%  u>W=0.0%  v<0=0.0%  v>H=0.0%
    [Step 3] After scale to canvas (scale_x=1.0000, scale_y=1.0000):
      u  min=343  max=457  mean=396.4
      v  min=330  max=525  mean=425.3
      Canvas target size : 510W x 720H px

  ── [STAGE 8d] Expected mask centroid on canvas ──
      Projected centroid : u=396.4 px  v=425.3 px
      Canvas centre      : u=255.0 px  v=360.0 px
      Offset from centre : Δu=141.4 px  Δv=65.3 px

  ── [STAGE 8e] Bounds Filter ──
    Total projected points : 14,999
    Inside canvas bounds   : 14,999  (100.0%)
    Duplicate pixel hits    : 0
  [INFO] Density non-zero pixels: 14,999
  [INFO] Density peak count     : 1
  [INFO] Raw mask white pixels before morphology: 14,999
  [INFO] White pixels after close: 16,133
  [INFO] Morphological open skipped for tip-loss debugging.
  [INFO] White pixels after open (skipped): 16,133

  ── [STAGE 8f] Final Mask Stats ──
    Bounding box : 114W x 195H px
    Mask centroid: (400.0, 427.5) px
    White pixels : 16,133
  masking.py run ended: 2026-06-13 19:59:43.051922
