
================================================================================
  masking.py run started: 2026-06-13 20:02:47.451450
================================================================================

━━━ [STAGE 1] Loading Point Cloud Array
  [INFO] Total raw points loaded: 365,936

━━━ [STAGE 2] Statistical Outlier Demolition
  [INFO] Points surviving outlier filter: 355,384

━━━ [STAGE 3] Live Plane Surface Isolation (RANSAC)
  [INFO] Original RANSAC: a=0.0133, b=-0.0886, c=0.9960, d=-0.4753
  [INFO] Normal vector pointing down. Flipping coefficients up toward lens.
  [INFO] Points isolated on belt plane: 337,460
  [INFO] Non-plane points going to workspace filter: 17,924

━━━ [STAGE 5] Direction-Enforced Spatial Pre-Filtering
  [INFO] Height gate window : 1.50mm to 500.00mm
  [INFO] Dist-from-plane mm : min=16.418 mean=48.597 median=51.961 max=64.041
  [INFO] Rejected by lower gate: 0 / 17,924
  [INFO] Rejected by upper gate: 0 / 17,924
  [DEBUG] Points passing directional spatial filters: 17,924

━━━ [STAGE 6] Spatial Structural Isolation Clustering (DBSCAN)
  [INFO] DBSCAN discovered 1 distinct point groups.

━━━ [STAGE 7] Multi-Gate Geometric Evaluation
  Cluster #00 -> Pts: 17924 | Dims(mm): X=129.4, Y= 77.3, Z= 49.0 | VolRatio: 0.379 | Gates: [G1-4=1 G5_Size=1 G6_3D=1] -> PASSED
  [INFO] Winning Cluster selected: ID #0 (Score=0.8136)
  [INFO] Winning cluster point count: 17,924

━━━ [STAGE 8] Projection — Sensor Space → Cropped Canvas

  ── [STAGE 8a] Coordinate System Parameters ──
    Intrinsics    : fx=750.148  fy=749.790  cx=386.179  cy=366.086
    Crop offsets  : left=0 px  top=0 px
    Depth sensor  : 510W x 720H px
    RGB canvas    : 510W x 720H px
    Scale factors : scale_x=1.000000  scale_y=1.000000

  ── [STAGE 8b] 3-D Cluster Bounding Box (world space) ──
    X range : -0.0545 m  →  0.0750 m  (span 129.4 mm)
    Y range : 0.1353 m  →  0.2126 m  (span 77.3 mm)
    Z range : 0.4280 m  →  0.4770 m  (span 49.0 mm)
    Z depth : mean=0.4436 m  std=0.0104 m  min=0.4280 m  max=0.4770 m

  ── [STAGE 8c] Projection Steps ──
    [Step 1] Full-sensor pixel coords (before crop subtraction):
      u_sensor  min=300.0  max=509.0  mean=422.1
      v_sensor  min=582.0  max=718.0  mean=660.7
    [OK] Sensor-space OOB: u=0.0%  v=0.0%
    [Step 2] After crop subtraction (crop_left=0, crop_top=0):
      u_cropped min=300.0  max=509.0  mean=422.1
      v_cropped min=582.0  max=718.0  mean=660.7
    [Step 2 Check] Cropped coords outside canvas: u<0=0.0%  u>W=0.0%  v<0=0.0%  v>H=0.0%
    [Step 3] After scale to canvas (scale_x=1.0000, scale_y=1.0000):
      u  min=300  max=509  mean=422.1
      v  min=582  max=718  mean=660.7
      Canvas target size : 510W x 720H px

  ── [STAGE 8d] Expected mask centroid on canvas ──
      Projected centroid : u=422.1 px  v=660.7 px
      Canvas centre      : u=255.0 px  v=360.0 px
      Offset from centre : Δu=167.1 px  Δv=300.7 px

  ── [STAGE 8e] Bounds Filter ──
    Total projected points : 17,924
    Inside canvas bounds   : 17,924  (100.0%)
    Duplicate pixel hits    : 0
  [INFO] Density non-zero pixels: 17,924
  [INFO] Density peak count     : 1
  [INFO] Raw mask white pixels before morphology: 17,924
  [INFO] White pixels after close: 19,426
  [INFO] Morphological open skipped for tip-loss debugging.
  [INFO] White pixels after open (skipped): 19,426

  ── [STAGE 8f] Final Mask Stats ──
    Bounding box : 209W x 137H px
    Mask centroid: (404.5, 650.5) px
    White pixels : 19,426
  masking.py run ended: 2026-06-13 20:02:50.532581
