
================================================================================
  masking.py run started: 2026-06-13 20:06:22.984048
================================================================================

━━━ [STAGE 1] Loading Point Cloud Array
  [INFO] Total raw points loaded: 365,643

━━━ [STAGE 2] Statistical Outlier Demolition
  [INFO] Points surviving outlier filter: 355,218

━━━ [STAGE 3] Live Plane Surface Isolation (RANSAC)
  [INFO] Original RANSAC: a=0.0136, b=-0.1022, c=0.9947, d=-0.4736
  [INFO] Normal vector pointing down. Flipping coefficients up toward lens.
  [INFO] Points isolated on belt plane: 348,502
  [INFO] Non-plane points going to workspace filter: 6,716

━━━ [STAGE 5] Direction-Enforced Spatial Pre-Filtering
  [INFO] Height gate window : 1.50mm to 500.00mm
  [INFO] Dist-from-plane mm : min=17.840 mean=36.423 median=38.741 max=44.000
  [INFO] Rejected by lower gate: 0 / 6,716
  [INFO] Rejected by upper gate: 0 / 6,716
  [DEBUG] Points passing directional spatial filters: 6,716

━━━ [STAGE 6] Spatial Structural Isolation Clustering (DBSCAN)
  [INFO] DBSCAN discovered 1 distinct point groups.

━━━ [STAGE 7] Multi-Gate Geometric Evaluation
  Cluster #00 -> Pts: 6716  | Dims(mm): X= 51.3, Y= 54.7, Z= 27.0 | VolRatio: 0.494 | Gates: [G1-4=1 G5_Size=1 G6_3D=1] -> PASSED
  [INFO] Winning Cluster selected: ID #0 (Score=0.6840)
  [INFO] Winning cluster point count: 6,716

━━━ [STAGE 8] Projection — Sensor Space → Cropped Canvas

  ── [STAGE 8a] Coordinate System Parameters ──
    Intrinsics    : fx=750.148  fy=749.790  cx=386.179  cy=366.086
    Crop offsets  : left=0 px  top=0 px
    Depth sensor  : 510W x 720H px
    RGB canvas    : 510W x 720H px
    Scale factors : scale_x=1.000000  scale_y=1.000000

  ── [STAGE 8b] 3-D Cluster Bounding Box (world space) ──
    X range : -0.0729 m  →  -0.0216 m  (span 51.3 mm)
    Y range : -0.0990 m  →  -0.0444 m  (span 54.7 mm)
    Z range : 0.4250 m  →  0.4520 m  (span 27.0 mm)
    Z depth : mean=0.4328 m  std=0.0063 m  min=0.4250 m  max=0.4520 m

  ── [STAGE 8c] Projection Steps ──
    [Step 1] Full-sensor pixel coords (before crop subtraction):
      u_sensor  min=259.0  max=350.0  mean=301.9
      v_sensor  min=193.0  max=292.0  mean=240.3
    [OK] Sensor-space OOB: u=0.0%  v=0.0%
    [Step 2] After crop subtraction (crop_left=0, crop_top=0):
      u_cropped min=259.0  max=350.0  mean=301.9
      v_cropped min=193.0  max=292.0  mean=240.3
    [Step 2 Check] Cropped coords outside canvas: u<0=0.0%  u>W=0.0%  v<0=0.0%  v>H=0.0%
    [Step 3] After scale to canvas (scale_x=1.0000, scale_y=1.0000):
      u  min=259  max=350  mean=301.9
      v  min=193  max=292  mean=240.3
      Canvas target size : 510W x 720H px

  ── [STAGE 8d] Expected mask centroid on canvas ──
      Projected centroid : u=301.9 px  v=240.3 px
      Canvas centre      : u=255.0 px  v=360.0 px
      Offset from centre : Δu=46.9 px  Δv=-119.7 px

  ── [STAGE 8e] Bounds Filter ──
    Total projected points : 6,716
    Inside canvas bounds   : 6,716  (100.0%)
    Duplicate pixel hits    : 0
  [INFO] Density non-zero pixels: 6,716
  [INFO] Density peak count     : 1
  [INFO] Raw mask white pixels before morphology: 6,716
  [INFO] White pixels after close: 7,021
  [INFO] Morphological open skipped for tip-loss debugging.
  [INFO] White pixels after open (skipped): 7,021

  ── [STAGE 8f] Final Mask Stats ──
    Bounding box : 91W x 99H px
    Mask centroid: (304.5, 242.5) px
    White pixels : 7,021
  masking.py run ended: 2026-06-13 20:06:24.944807
