
================================================================================
  masking.py run started: 2026-06-13 19:46:30.149875
================================================================================

━━━ [STAGE 1] Loading Point Cloud Array
  [INFO] Total raw points loaded: 366,545

━━━ [STAGE 2] Statistical Outlier Demolition
  [INFO] Points surviving outlier filter: 356,874

━━━ [STAGE 3] Live Plane Surface Isolation (RANSAC)
  [INFO] Original RANSAC: a=0.0150, b=-0.0379, c=0.9992, d=-0.4793
  [INFO] Normal vector pointing down. Flipping coefficients up toward lens.
  [INFO] Points isolated on belt plane: 346,012
  [INFO] Non-plane points going to workspace filter: 10,862

━━━ [STAGE 5] Direction-Enforced Spatial Pre-Filtering
  [INFO] Height gate window : 1.50mm to 500.00mm
  [INFO] Dist-from-plane mm : min=12.342 mean=29.351 median=27.517 max=51.211
  [INFO] Rejected by lower gate: 0 / 10,862
  [INFO] Rejected by upper gate: 0 / 10,862
  [DEBUG] Points passing directional spatial filters: 10,862

━━━ [STAGE 6] Spatial Structural Isolation Clustering (DBSCAN)
  [INFO] DBSCAN discovered 1 distinct point groups.

━━━ [STAGE 7] Multi-Gate Geometric Evaluation
  Cluster #00 -> Pts: 10862 | Dims(mm): X= 61.2, Y=131.2, Z= 36.0 | VolRatio: 0.274 | Gates: [G1-4=1 G5_Size=1 G6_3D=1] -> PASSED
  [INFO] Winning Cluster selected: ID #0 (Score=0.7823)
  [INFO] Winning cluster point count: 10,862

━━━ [STAGE 8] Projection — Sensor Space → Cropped Canvas

  ── [STAGE 8a] Coordinate System Parameters ──
    Intrinsics    : fx=750.148  fy=749.790  cx=386.179  cy=366.086
    Crop offsets  : left=0 px  top=0 px
    Depth sensor  : 510W x 720H px
    RGB canvas    : 510W x 720H px
    Scale factors : scale_x=1.000000  scale_y=1.000000

  ── [STAGE 8b] 3-D Cluster Bounding Box (world space) ──
    X range : -0.0186 m  →  0.0426 m  (span 61.2 mm)
    Y range : -0.2236 m  →  -0.0924 m  (span 131.2 mm)
    Z range : 0.4250 m  →  0.4610 m  (span 36.0 mm)
    Z depth : mean=0.4445 m  std=0.0090 m  min=0.4250 m  max=0.4610 m

  ── [STAGE 8c] Projection Steps ──
    [Step 1] Full-sensor pixel coords (before crop subtraction):
      u_sensor  min=355.0  max=459.0  mean=395.3
      v_sensor  min=-0.0  max=205.0  mean=109.2
    [OK] Sensor-space OOB: u=0.0%  v=0.1%
    [Step 2] After crop subtraction (crop_left=0, crop_top=0):
      u_cropped min=355.0  max=459.0  mean=395.3
      v_cropped min=-0.0  max=205.0  mean=109.2
    [Step 2 Check] Cropped coords outside canvas: u<0=0.0%  u>W=0.0%  v<0=0.1%  v>H=0.0%
    [Step 3] After scale to canvas (scale_x=1.0000, scale_y=1.0000):
      u  min=355  max=459  mean=395.3
      v  min=0  max=205  mean=109.2
      Canvas target size : 510W x 720H px

  ── [STAGE 8d] Expected mask centroid on canvas ──
      Projected centroid : u=395.3 px  v=109.2 px
      Canvas centre      : u=255.0 px  v=360.0 px
      Offset from centre : Δu=140.3 px  Δv=-250.8 px

  ── [STAGE 8e] Bounds Filter ──
    Total projected points : 10,862
    Inside canvas bounds   : 10,862  (100.0%)
    Duplicate pixel hits    : 0
  [INFO] Density non-zero pixels: 10,862
  [INFO] Density peak count     : 1
  [INFO] Raw mask white pixels before morphology: 10,862
  [INFO] White pixels after close: 12,662
  [INFO] Morphological open skipped for tip-loss debugging.
  [INFO] White pixels after open (skipped): 12,662

  ── [STAGE 8f] Final Mask Stats ──
    Bounding box : 104W x 205H px
    Mask centroid: (407.0, 102.5) px
    White pixels : 12,662
  masking.py run ended: 2026-06-13 19:46:31.991356
