
================================================================================
  masking.py run started: 2026-06-13 19:53:51.264633
================================================================================

━━━ [STAGE 1] Loading Point Cloud Array
  [INFO] Total raw points loaded: 364,943

━━━ [STAGE 2] Statistical Outlier Demolition
  [INFO] Points surviving outlier filter: 354,963

━━━ [STAGE 3] Live Plane Surface Isolation (RANSAC)
  [INFO] Original RANSAC: a=0.0135, b=-0.1405, c=0.9900, d=-0.4693
  [INFO] Normal vector pointing down. Flipping coefficients up toward lens.
  [INFO] Points isolated on belt plane: 344,086
  [INFO] Non-plane points going to workspace filter: 10,877

━━━ [STAGE 5] Direction-Enforced Spatial Pre-Filtering
  [INFO] Height gate window : 1.50mm to 500.00mm
  [INFO] Dist-from-plane mm : min=13.708 mean=31.108 median=28.496 max=54.851
  [INFO] Rejected by lower gate: 0 / 10,877
  [INFO] Rejected by upper gate: 0 / 10,877
  [DEBUG] Points passing directional spatial filters: 10,877

━━━ [STAGE 6] Spatial Structural Isolation Clustering (DBSCAN)
  [INFO] DBSCAN discovered 1 distinct point groups.

━━━ [STAGE 7] Multi-Gate Geometric Evaluation
  Cluster #00 -> Pts: 10875 | Dims(mm): X= 94.1, Y= 83.1, Z= 49.0 | VolRatio: 0.521 | Gates: [G1-4=1 G5_Size=1 G6_3D=1] -> PASSED
  [INFO] Winning Cluster selected: ID #0 (Score=0.8562)
  [INFO] Winning cluster point count: 10,875

━━━ [STAGE 8] Projection — Sensor Space → Cropped Canvas

  ── [STAGE 8a] Coordinate System Parameters ──
    Intrinsics    : fx=750.148  fy=749.790  cx=386.179  cy=366.086
    Crop offsets  : left=0 px  top=0 px
    Depth sensor  : 510W x 720H px
    RGB canvas    : 510W x 720H px
    Scale factors : scale_x=1.000000  scale_y=1.000000

  ── [STAGE 8b] 3-D Cluster Bounding Box (world space) ──
    X range : -0.1663 m  →  -0.0722 m  (span 94.1 mm)
    Y range : -0.1417 m  →  -0.0585 m  (span 83.1 mm)
    Z range : 0.4020 m  →  0.4510 m  (span 49.0 mm)
    Z depth : mean=0.4296 m  std=0.0121 m  min=0.4020 m  max=0.4510 m

  ── [STAGE 8c] Projection Steps ──
    [Step 1] Full-sensor pixel coords (before crop subtraction):
      u_sensor  min=104.0  max=262.0  mean=180.3
      v_sensor  min=107.0  max=268.0  mean=186.2
    [OK] Sensor-space OOB: u=0.0%  v=0.0%
    [Step 2] After crop subtraction (crop_left=0, crop_top=0):
      u_cropped min=104.0  max=262.0  mean=180.3
      v_cropped min=107.0  max=268.0  mean=186.2
    [Step 2 Check] Cropped coords outside canvas: u<0=0.0%  u>W=0.0%  v<0=0.0%  v>H=0.0%
    [Step 3] After scale to canvas (scale_x=1.0000, scale_y=1.0000):
      u  min=104  max=262  mean=180.3
      v  min=107  max=268  mean=186.2
      Canvas target size : 510W x 720H px

  ── [STAGE 8d] Expected mask centroid on canvas ──
      Projected centroid : u=180.3 px  v=186.2 px
      Canvas centre      : u=255.0 px  v=360.0 px
      Offset from centre : Δu=-74.7 px  Δv=-173.8 px

  ── [STAGE 8e] Bounds Filter ──
    Total projected points : 10,875
    Inside canvas bounds   : 10,875  (100.0%)
    Duplicate pixel hits    : 0
  [INFO] Density non-zero pixels: 10,875
  [INFO] Density peak count     : 1
  [INFO] Raw mask white pixels before morphology: 10,875
  [INFO] White pixels after close: 11,878
  [INFO] Morphological open skipped for tip-loss debugging.
  [INFO] White pixels after open (skipped): 11,878

  ── [STAGE 8f] Final Mask Stats ──
    Bounding box : 158W x 161H px
    Mask centroid: (183.0, 187.5) px
    White pixels : 11,878
  masking.py run ended: 2026-06-13 19:53:52.957466
