
================================================================================
  masking.py run started: 2026-06-13 20:07:21.878358
================================================================================

━━━ [STAGE 1] Loading Point Cloud Array
  [INFO] Total raw points loaded: 365,388

━━━ [STAGE 2] Statistical Outlier Demolition
  [INFO] Points surviving outlier filter: 355,709

━━━ [STAGE 3] Live Plane Surface Isolation (RANSAC)
  [INFO] Original RANSAC: a=0.0149, b=-0.1098, c=0.9938, d=-0.4724
  [INFO] Normal vector pointing down. Flipping coefficients up toward lens.
  [INFO] Points isolated on belt plane: 331,760
  [INFO] Non-plane points going to workspace filter: 23,949

━━━ [STAGE 5] Direction-Enforced Spatial Pre-Filtering
  [INFO] Height gate window : 1.50mm to 500.00mm
  [INFO] Dist-from-plane mm : min=15.224 mean=53.935 median=55.748 max=72.384
  [INFO] Rejected by lower gate: 0 / 23,949
  [INFO] Rejected by upper gate: 0 / 23,949
  [DEBUG] Points passing directional spatial filters: 23,949

━━━ [STAGE 6] Spatial Structural Isolation Clustering (DBSCAN)
  [INFO] DBSCAN discovered 3 distinct point groups.

━━━ [STAGE 7] Multi-Gate Geometric Evaluation
  Cluster #00 -> Pts: 23918 | Dims(mm): X=101.0, Y=137.8, Z= 58.0 | VolRatio: 0.421 | Gates: [G1-4=1 G5_Size=1 G6_3D=1] -> PASSED
  Cluster #01 -> Pts: 17    | Dims(mm): X=  4.6, Y=  5.1, Z= 10.0 | VolRatio: 0.459 | Gates: [G1-4=0 G5_Size=0 G6_3D=1] -> REJECTED
  Cluster #02 -> Pts: 14    | Dims(mm): X=  1.2, Y=  2.5, Z=  0.0 | VolRatio: 0.000 | Gates: [G1-4=0 G5_Size=0 G6_3D=0] -> REJECTED
  [INFO] Winning Cluster selected: ID #0 (Score=0.8263)
  [INFO] Winning cluster point count: 23,918

━━━ [STAGE 8] Projection — Sensor Space → Cropped Canvas

  ── [STAGE 8a] Coordinate System Parameters ──
    Intrinsics    : fx=750.148  fy=749.790  cx=386.179  cy=366.086
    Crop offsets  : left=0 px  top=0 px
    Depth sensor  : 510W x 720H px
    RGB canvas    : 510W x 720H px
    Scale factors : scale_x=1.000000  scale_y=1.000000

  ── [STAGE 8b] 3-D Cluster Bounding Box (world space) ──
    X range : -0.0633 m  →  0.0377 m  (span 101.0 mm)
    Y range : -0.0473 m  →  0.0905 m  (span 137.8 mm)
    Z range : 0.4080 m  →  0.4660 m  (span 58.0 mm)
    Z depth : mean=0.4235 m  std=0.0072 m  min=0.4080 m  max=0.4660 m

  ── [STAGE 8c] Projection Steps ──
    [Step 1] Full-sensor pixel coords (before crop subtraction):
      u_sensor  min=277.0  max=451.0  mean=354.0
      v_sensor  min=287.0  max=513.0  mean=403.2
    [OK] Sensor-space OOB: u=0.0%  v=0.0%
    [Step 2] After crop subtraction (crop_left=0, crop_top=0):
      u_cropped min=277.0  max=451.0  mean=354.0
      v_cropped min=287.0  max=513.0  mean=403.2
    [Step 2 Check] Cropped coords outside canvas: u<0=0.0%  u>W=0.0%  v<0=0.0%  v>H=0.0%
    [Step 3] After scale to canvas (scale_x=1.0000, scale_y=1.0000):
      u  min=277  max=451  mean=354.0
      v  min=287  max=513  mean=403.2
      Canvas target size : 510W x 720H px

  ── [STAGE 8d] Expected mask centroid on canvas ──
      Projected centroid : u=354.0 px  v=403.2 px
      Canvas centre      : u=255.0 px  v=360.0 px
      Offset from centre : Δu=99.0 px  Δv=43.2 px

  ── [STAGE 8e] Bounds Filter ──
    Total projected points : 23,918
    Inside canvas bounds   : 23,918  (100.0%)
    Duplicate pixel hits    : 0
  [INFO] Density non-zero pixels: 23,918
  [INFO] Density peak count     : 1
  [INFO] Raw mask white pixels before morphology: 23,918
  [INFO] White pixels after close: 26,329
  [INFO] Morphological open skipped for tip-loss debugging.
  [INFO] White pixels after open (skipped): 26,329

  ── [STAGE 8f] Final Mask Stats ──
    Bounding box : 174W x 226H px
    Mask centroid: (364.0, 400.0) px
    White pixels : 26,329
  masking.py run ended: 2026-06-13 20:07:25.535531
