
================================================================================
  masking.py run started: 2026-06-13 20:01:44.789547
================================================================================

━━━ [STAGE 1] Loading Point Cloud Array
  [INFO] Total raw points loaded: 366,132

━━━ [STAGE 2] Statistical Outlier Demolition
  [INFO] Points surviving outlier filter: 355,954

━━━ [STAGE 3] Live Plane Surface Isolation (RANSAC)
  [INFO] Original RANSAC: a=0.0139, b=-0.0748, c=0.9971, d=-0.4767
  [INFO] Normal vector pointing down. Flipping coefficients up toward lens.
  [INFO] Points isolated on belt plane: 338,915
  [INFO] Non-plane points going to workspace filter: 17,039

━━━ [STAGE 5] Direction-Enforced Spatial Pre-Filtering
  [INFO] Height gate window : 1.50mm to 500.00mm
  [INFO] Dist-from-plane mm : min=8.625 mean=49.851 median=54.733 max=61.675
  [INFO] Rejected by lower gate: 0 / 17,039
  [INFO] Rejected by upper gate: 0 / 17,039
  [DEBUG] Points passing directional spatial filters: 17,039

━━━ [STAGE 6] Spatial Structural Isolation Clustering (DBSCAN)
  [INFO] DBSCAN discovered 2 distinct point groups.

━━━ [STAGE 7] Multi-Gate Geometric Evaluation
  Cluster #00 -> Pts: 17025 | Dims(mm): X= 99.3, Y=172.7, Z= 52.0 | VolRatio: 0.301 | Gates: [G1-4=1 G5_Size=1 G6_3D=1] -> PASSED
  Cluster #01 -> Pts: 14    | Dims(mm): X=  2.1, Y=  5.0, Z=  1.0 | VolRatio: 0.199 | Gates: [G1-4=0 G5_Size=0 G6_3D=1] -> REJECTED
  [INFO] Winning Cluster selected: ID #0 (Score=0.7903)
  [INFO] Winning cluster point count: 17,025

━━━ [STAGE 8] Projection — Sensor Space → Cropped Canvas

  ── [STAGE 8a] Coordinate System Parameters ──
    Intrinsics    : fx=750.148  fy=749.790  cx=386.179  cy=366.086
    Crop offsets  : left=0 px  top=0 px
    Depth sensor  : 510W x 720H px
    RGB canvas    : 510W x 720H px
    Scale factors : scale_x=1.000000  scale_y=1.000000

  ── [STAGE 8b] 3-D Cluster Bounding Box (world space) ──
    X range : -0.0265 m  →  0.0729 m  (span 99.3 mm)
    Y range : -0.1775 m  →  -0.0048 m  (span 172.7 mm)
    Z range : 0.4090 m  →  0.4610 m  (span 52.0 mm)
    Z depth : mean=0.4226 m  std=0.0101 m  min=0.4090 m  max=0.4610 m

  ── [STAGE 8c] Projection Steps ──
    [Step 1] Full-sensor pixel coords (before crop subtraction):
      u_sensor  min=343.0  max=509.0  mean=416.4
      v_sensor  min=67.0  max=358.0  mean=242.0
    [OK] Sensor-space OOB: u=0.0%  v=0.0%
    [Step 2] After crop subtraction (crop_left=0, crop_top=0):
      u_cropped min=343.0  max=509.0  mean=416.4
      v_cropped min=67.0  max=358.0  mean=242.0
    [Step 2 Check] Cropped coords outside canvas: u<0=0.0%  u>W=0.0%  v<0=0.0%  v>H=0.0%
    [Step 3] After scale to canvas (scale_x=1.0000, scale_y=1.0000):
      u  min=343  max=509  mean=416.4
      v  min=67  max=358  mean=242.0
      Canvas target size : 510W x 720H px

  ── [STAGE 8d] Expected mask centroid on canvas ──
      Projected centroid : u=416.4 px  v=242.0 px
      Canvas centre      : u=255.0 px  v=360.0 px
      Offset from centre : Δu=161.4 px  Δv=-118.0 px

  ── [STAGE 8e] Bounds Filter ──
    Total projected points : 17,025
    Inside canvas bounds   : 17,025  (100.0%)
    Duplicate pixel hits    : 0
  [INFO] Density non-zero pixels: 17,025
  [INFO] Density peak count     : 1
  [INFO] Raw mask white pixels before morphology: 17,025
  [INFO] White pixels after close: 18,419
  [INFO] Morphological open skipped for tip-loss debugging.
  [INFO] White pixels after open (skipped): 18,419

  ── [STAGE 8f] Final Mask Stats ──
    Bounding box : 166W x 291H px
    Mask centroid: (426.0, 212.5) px
    White pixels : 18,419
  masking.py run ended: 2026-06-13 20:01:47.591892
