
================================================================================
  masking.py run started: 2026-06-13 20:02:44.055374
================================================================================

━━━ [STAGE 1] Loading Point Cloud Array
  [INFO] Total raw points loaded: 366,137

━━━ [STAGE 2] Statistical Outlier Demolition
  [INFO] Points surviving outlier filter: 356,231

━━━ [STAGE 3] Live Plane Surface Isolation (RANSAC)
  [INFO] Original RANSAC: a=0.0143, b=-0.0767, c=0.9970, d=-0.4765
  [INFO] Normal vector pointing down. Flipping coefficients up toward lens.
  [INFO] Points isolated on belt plane: 334,421
  [INFO] Non-plane points going to workspace filter: 21,810

━━━ [STAGE 5] Direction-Enforced Spatial Pre-Filtering
  [INFO] Height gate window : 1.50mm to 500.00mm
  [INFO] Dist-from-plane mm : min=6.642 mean=49.656 median=51.444 max=65.239
  [INFO] Rejected by lower gate: 0 / 21,810
  [INFO] Rejected by upper gate: 0 / 21,810
  [DEBUG] Points passing directional spatial filters: 21,810

━━━ [STAGE 6] Spatial Structural Isolation Clustering (DBSCAN)
  [INFO] DBSCAN discovered 4 distinct point groups.

━━━ [STAGE 7] Multi-Gate Geometric Evaluation
  Cluster #00 -> Pts: 56    | Dims(mm): X=  6.1, Y=  4.4, Z=  3.0 | VolRatio: 0.495 | Gates: [G1-4=1 G5_Size=0 G6_3D=1] -> REJECTED
  Cluster #01 -> Pts: 21729 | Dims(mm): X=140.8, Y= 89.7, Z= 53.0 | VolRatio: 0.376 | Gates: [G1-4=1 G5_Size=1 G6_3D=1] -> PASSED
  Cluster #02 -> Pts: 17    | Dims(mm): X=  2.0, Y=  2.6, Z=  1.0 | VolRatio: 0.383 | Gates: [G1-4=0 G5_Size=0 G6_3D=1] -> REJECTED
  Cluster #03 -> Pts: 8     | Dims(mm): X=  1.3, Y=  1.3, Z=  0.0 | VolRatio: 0.000 | Gates: [G1-4=0 G5_Size=0 G6_3D=0] -> REJECTED
  [INFO] Winning Cluster selected: ID #1 (Score=0.8129)
  [INFO] Winning cluster point count: 21,729

━━━ [STAGE 8] Projection — Sensor Space → Cropped Canvas

  ── [STAGE 8a] Coordinate System Parameters ──
    Intrinsics    : fx=750.148  fy=749.790  cx=386.179  cy=366.086
    Crop offsets  : left=0 px  top=0 px
    Depth sensor  : 510W x 720H px
    RGB canvas    : 510W x 720H px
    Scale factors : scale_x=1.000000  scale_y=1.000000

  ── [STAGE 8b] 3-D Cluster Bounding Box (world space) ──
    X range : -0.0875 m  →  0.0534 m  (span 140.8 mm)
    Y range : -0.1208 m  →  -0.0311 m  (span 89.7 mm)
    Z range : 0.4070 m  →  0.4600 m  (span 53.0 mm)
    Z depth : mean=0.4223 m  std=0.0097 m  min=0.4070 m  max=0.4600 m

  ── [STAGE 8c] Projection Steps ──
    [Step 1] Full-sensor pixel coords (before crop subtraction):
      u_sensor  min=242.0  max=477.0  mean=367.2
      v_sensor  min=156.0  max=313.0  mean=231.4
    [OK] Sensor-space OOB: u=0.0%  v=0.0%
    [Step 2] After crop subtraction (crop_left=0, crop_top=0):
      u_cropped min=242.0  max=477.0  mean=367.2
      v_cropped min=156.0  max=313.0  mean=231.4
    [Step 2 Check] Cropped coords outside canvas: u<0=0.0%  u>W=0.0%  v<0=0.0%  v>H=0.0%
    [Step 3] After scale to canvas (scale_x=1.0000, scale_y=1.0000):
      u  min=242  max=477  mean=367.2
      v  min=156  max=313  mean=231.4
      Canvas target size : 510W x 720H px

  ── [STAGE 8d] Expected mask centroid on canvas ──
      Projected centroid : u=367.2 px  v=231.4 px
      Canvas centre      : u=255.0 px  v=360.0 px
      Offset from centre : Δu=112.2 px  Δv=-128.6 px

  ── [STAGE 8e] Bounds Filter ──
    Total projected points : 21,729
    Inside canvas bounds   : 21,729  (100.0%)
    Duplicate pixel hits    : 0
  [INFO] Density non-zero pixels: 21,729
  [INFO] Density peak count     : 1
  [INFO] Raw mask white pixels before morphology: 21,729
  [INFO] White pixels after close: 23,092
  [INFO] Morphological open skipped for tip-loss debugging.
  [INFO] White pixels after open (skipped): 23,092

  ── [STAGE 8f] Final Mask Stats ──
    Bounding box : 235W x 157H px
    Mask centroid: (359.5, 234.5) px
    White pixels : 23,092
  masking.py run ended: 2026-06-13 20:02:47.450181
