
================================================================================
  masking.py run started: 2026-06-13 19:57:45.032620
================================================================================

━━━ [STAGE 1] Loading Point Cloud Array
  [INFO] Total raw points loaded: 363,607

━━━ [STAGE 2] Statistical Outlier Demolition
  [INFO] Points surviving outlier filter: 353,443

━━━ [STAGE 3] Live Plane Surface Isolation (RANSAC)
  [INFO] Original RANSAC: a=0.0136, b=-0.1952, c=0.9807, d=-0.4635
  [INFO] Normal vector pointing down. Flipping coefficients up toward lens.
  [INFO] Points isolated on belt plane: 334,578
  [INFO] Non-plane points going to workspace filter: 18,865

━━━ [STAGE 5] Direction-Enforced Spatial Pre-Filtering
  [INFO] Height gate window : 1.50mm to 500.00mm
  [INFO] Dist-from-plane mm : min=12.753 mean=43.327 median=46.362 max=54.729
  [INFO] Rejected by lower gate: 0 / 18,865
  [INFO] Rejected by upper gate: 0 / 18,865
  [DEBUG] Points passing directional spatial filters: 18,865

━━━ [STAGE 6] Spatial Structural Isolation Clustering (DBSCAN)
  [INFO] DBSCAN discovered 1 distinct point groups.

━━━ [STAGE 7] Multi-Gate Geometric Evaluation
  Cluster #00 -> Pts: 18865 | Dims(mm): X= 87.8, Y=103.7, Z= 58.0 | VolRatio: 0.559 | Gates: [G1-4=1 G5_Size=1 G6_3D=1] -> PASSED
  [INFO] Winning Cluster selected: ID #0 (Score=0.8678)
  [INFO] Winning cluster point count: 18,865

━━━ [STAGE 8] Projection — Sensor Space → Cropped Canvas

  ── [STAGE 8a] Coordinate System Parameters ──
    Intrinsics    : fx=750.148  fy=749.790  cx=386.179  cy=366.086
    Crop offsets  : left=0 px  top=0 px
    Depth sensor  : 510W x 720H px
    RGB canvas    : 510W x 720H px
    Scale factors : scale_x=1.000000  scale_y=1.000000

  ── [STAGE 8b] 3-D Cluster Bounding Box (world space) ──
    X range : -0.1780 m  →  -0.0902 m  (span 87.8 mm)
    Y range : -0.2023 m  →  -0.0986 m  (span 103.7 mm)
    Z range : 0.3820 m  →  0.4400 m  (span 58.0 mm)
    Z depth : mean=0.4005 m  std=0.0106 m  min=0.3820 m  max=0.4400 m

  ── [STAGE 8c] Projection Steps ──
    [Step 1] Full-sensor pixel coords (before crop subtraction):
      u_sensor  min=62.0  max=225.0  mean=135.3
      v_sensor  min=-0.0  max=195.0  mean=85.1
    [OK] Sensor-space OOB: u=0.0%  v=0.0%
    [Step 2] After crop subtraction (crop_left=0, crop_top=0):
      u_cropped min=62.0  max=225.0  mean=135.3
      v_cropped min=-0.0  max=195.0  mean=85.1
    [Step 2 Check] Cropped coords outside canvas: u<0=0.0%  u>W=0.0%  v<0=0.0%  v>H=0.0%
    [Step 3] After scale to canvas (scale_x=1.0000, scale_y=1.0000):
      u  min=62  max=225  mean=135.3
      v  min=0  max=195  mean=85.1
      Canvas target size : 510W x 720H px

  ── [STAGE 8d] Expected mask centroid on canvas ──
      Projected centroid : u=135.3 px  v=85.1 px
      Canvas centre      : u=255.0 px  v=360.0 px
      Offset from centre : Δu=-119.7 px  Δv=-274.9 px

  ── [STAGE 8e] Bounds Filter ──
    Total projected points : 18,865
    Inside canvas bounds   : 18,865  (100.0%)
    Duplicate pixel hits    : 0
  [INFO] Density non-zero pixels: 18,865
  [INFO] Density peak count     : 1
  [INFO] Raw mask white pixels before morphology: 18,865
  [INFO] White pixels after close: 19,704
  [INFO] Morphological open skipped for tip-loss debugging.
  [INFO] White pixels after open (skipped): 19,704

  ── [STAGE 8f] Final Mask Stats ──
    Bounding box : 163W x 195H px
    Mask centroid: (143.5, 97.5) px
    White pixels : 19,704
  masking.py run ended: 2026-06-13 19:57:49.643514
