
================================================================================
  masking.py run started: 2026-06-13 19:57:37.331071
================================================================================

━━━ [STAGE 1] Loading Point Cloud Array
  [INFO] Total raw points loaded: 363,598

━━━ [STAGE 2] Statistical Outlier Demolition
  [INFO] Points surviving outlier filter: 352,509

━━━ [STAGE 3] Live Plane Surface Isolation (RANSAC)
  [INFO] Original RANSAC: a=0.0142, b=-0.1964, c=0.9804, d=-0.4634
  [INFO] Normal vector pointing down. Flipping coefficients up toward lens.
  [INFO] Points isolated on belt plane: 333,770
  [INFO] Non-plane points going to workspace filter: 18,739

━━━ [STAGE 5] Direction-Enforced Spatial Pre-Filtering
  [INFO] Height gate window : 1.50mm to 500.00mm
  [INFO] Dist-from-plane mm : min=8.126 mean=45.157 median=46.833 max=58.623
  [INFO] Rejected by lower gate: 0 / 18,739
  [INFO] Rejected by upper gate: 0 / 18,739
  [DEBUG] Points passing directional spatial filters: 18,739

━━━ [STAGE 6] Spatial Structural Isolation Clustering (DBSCAN)
  [INFO] DBSCAN discovered 2 distinct point groups.

━━━ [STAGE 7] Multi-Gate Geometric Evaluation
  Cluster #00 -> Pts: 18723 | Dims(mm): X= 87.3, Y=134.2, Z= 63.0 | VolRatio: 0.469 | Gates: [G1-4=1 G5_Size=1 G6_3D=1] -> PASSED
  Cluster #01 -> Pts: 10    | Dims(mm): X=  1.2, Y=  1.8, Z=  0.0 | VolRatio: 0.000 | Gates: [G1-4=0 G5_Size=0 G6_3D=0] -> REJECTED
  [INFO] Winning Cluster selected: ID #0 (Score=0.8408)
  [INFO] Winning cluster point count: 18,723

━━━ [STAGE 8] Projection — Sensor Space → Cropped Canvas

  ── [STAGE 8a] Coordinate System Parameters ──
    Intrinsics    : fx=750.148  fy=749.790  cx=386.179  cy=366.086
    Crop offsets  : left=0 px  top=0 px
    Depth sensor  : 510W x 720H px
    RGB canvas    : 510W x 720H px
    Scale factors : scale_x=1.000000  scale_y=1.000000

  ── [STAGE 8b] 3-D Cluster Bounding Box (world space) ──
    X range : -0.1112 m  →  -0.0240 m  (span 87.3 mm)
    Y range : -0.1476 m  →  -0.0134 m  (span 134.2 mm)
    Z range : 0.3920 m  →  0.4550 m  (span 63.0 mm)
    Z depth : mean=0.4111 m  std=0.0093 m  min=0.3920 m  max=0.4550 m

  ── [STAGE 8c] Projection Steps ──
    [Step 1] Full-sensor pixel coords (before crop subtraction):
      u_sensor  min=193.0  max=344.0  mean=266.0
      v_sensor  min=100.0  max=343.0  mean=215.8
    [OK] Sensor-space OOB: u=0.0%  v=0.0%
    [Step 2] After crop subtraction (crop_left=0, crop_top=0):
      u_cropped min=193.0  max=344.0  mean=266.0
      v_cropped min=100.0  max=343.0  mean=215.8
    [Step 2 Check] Cropped coords outside canvas: u<0=0.0%  u>W=0.0%  v<0=0.0%  v>H=0.0%
    [Step 3] After scale to canvas (scale_x=1.0000, scale_y=1.0000):
      u  min=193  max=344  mean=266.0
      v  min=100  max=343  mean=215.8
      Canvas target size : 510W x 720H px

  ── [STAGE 8d] Expected mask centroid on canvas ──
      Projected centroid : u=266.0 px  v=215.8 px
      Canvas centre      : u=255.0 px  v=360.0 px
      Offset from centre : Δu=11.0 px  Δv=-144.2 px

  ── [STAGE 8e] Bounds Filter ──
    Total projected points : 18,723
    Inside canvas bounds   : 18,723  (100.0%)
    Duplicate pixel hits    : 0
  [INFO] Density non-zero pixels: 18,723
  [INFO] Density peak count     : 1
  [INFO] Raw mask white pixels before morphology: 18,723
  [INFO] White pixels after close: 20,289
  [INFO] Morphological open skipped for tip-loss debugging.
  [INFO] White pixels after open (skipped): 20,289

  ── [STAGE 8f] Final Mask Stats ──
    Bounding box : 151W x 243H px
    Mask centroid: (268.5, 221.5) px
    White pixels : 20,289
  masking.py run ended: 2026-06-13 19:57:41.292743
