
================================================================================
  masking.py run started: 2026-06-13 19:53:02.262519
================================================================================

━━━ [STAGE 1] Loading Point Cloud Array
  [INFO] Total raw points loaded: 365,576

━━━ [STAGE 2] Statistical Outlier Demolition
  [INFO] Points surviving outlier filter: 354,683

━━━ [STAGE 3] Live Plane Surface Isolation (RANSAC)
  [INFO] Original RANSAC: a=0.0158, b=-0.1118, c=0.9936, d=-0.4723
  [INFO] Normal vector pointing down. Flipping coefficients up toward lens.
  [INFO] Points isolated on belt plane: 334,519
  [INFO] Non-plane points going to workspace filter: 20,164

━━━ [STAGE 5] Direction-Enforced Spatial Pre-Filtering
  [INFO] Height gate window : 1.50mm to 500.00mm
  [INFO] Dist-from-plane mm : min=14.576 mean=37.585 median=39.404 max=69.725
  [INFO] Rejected by lower gate: 0 / 20,164
  [INFO] Rejected by upper gate: 0 / 20,164
  [DEBUG] Points passing directional spatial filters: 20,164

━━━ [STAGE 6] Spatial Structural Isolation Clustering (DBSCAN)
  [INFO] DBSCAN discovered 1 distinct point groups.

━━━ [STAGE 7] Multi-Gate Geometric Evaluation
  Cluster #00 -> Pts: 20164 | Dims(mm): X=122.8, Y=101.4, Z= 59.0 | VolRatio: 0.480 | Gates: [G1-4=1 G5_Size=1 G6_3D=1] -> PASSED
  [INFO] Winning Cluster selected: ID #0 (Score=0.8441)
  [INFO] Winning cluster point count: 20,164

━━━ [STAGE 8] Projection — Sensor Space → Cropped Canvas

  ── [STAGE 8a] Coordinate System Parameters ──
    Intrinsics    : fx=750.148  fy=749.790  cx=386.179  cy=366.086
    Crop offsets  : left=0 px  top=0 px
    Depth sensor  : 510W x 720H px
    RGB canvas    : 510W x 720H px
    Scale factors : scale_x=1.000000  scale_y=1.000000

  ── [STAGE 8b] 3-D Cluster Bounding Box (world space) ──
    X range : -0.1235 m  →  -0.0007 m  (span 122.8 mm)
    Y range : -0.1641 m  →  -0.0628 m  (span 101.4 mm)
    Z range : 0.3950 m  →  0.4540 m  (span 59.0 mm)
    Z depth : mean=0.4253 m  std=0.0126 m  min=0.3950 m  max=0.4540 m

  ── [STAGE 8c] Projection Steps ──
    [Step 1] Full-sensor pixel coords (before crop subtraction):
      u_sensor  min=174.0  max=385.0  mean=266.9
      v_sensor  min=85.0  max=261.0  mean=158.0
    [OK] Sensor-space OOB: u=0.0%  v=0.0%
    [Step 2] After crop subtraction (crop_left=0, crop_top=0):
      u_cropped min=174.0  max=385.0  mean=266.9
      v_cropped min=85.0  max=261.0  mean=158.0
    [Step 2 Check] Cropped coords outside canvas: u<0=0.0%  u>W=0.0%  v<0=0.0%  v>H=0.0%
    [Step 3] After scale to canvas (scale_x=1.0000, scale_y=1.0000):
      u  min=174  max=385  mean=266.9
      v  min=85  max=261  mean=158.0
      Canvas target size : 510W x 720H px

  ── [STAGE 8d] Expected mask centroid on canvas ──
      Projected centroid : u=266.9 px  v=158.0 px
      Canvas centre      : u=255.0 px  v=360.0 px
      Offset from centre : Δu=11.9 px  Δv=-202.0 px

  ── [STAGE 8e] Bounds Filter ──
    Total projected points : 20,164
    Inside canvas bounds   : 20,164  (100.0%)
    Duplicate pixel hits    : 0
  [INFO] Density non-zero pixels: 20,164
  [INFO] Density peak count     : 1
  [INFO] Raw mask white pixels before morphology: 20,164
  [INFO] White pixels after close: 22,865
  [INFO] Morphological open skipped for tip-loss debugging.
  [INFO] White pixels after open (skipped): 22,865

  ── [STAGE 8f] Final Mask Stats ──
    Bounding box : 211W x 176H px
    Mask centroid: (279.5, 173.0) px
    White pixels : 22,865
  masking.py run ended: 2026-06-13 19:53:04.788897
