
================================================================================
  masking.py run started: 2026-06-13 20:06:51.877530
================================================================================

━━━ [STAGE 1] Loading Point Cloud Array
  [INFO] Total raw points loaded: 365,698

━━━ [STAGE 2] Statistical Outlier Demolition
  [INFO] Points surviving outlier filter: 354,769

━━━ [STAGE 3] Live Plane Surface Isolation (RANSAC)
  [INFO] Original RANSAC: a=0.0151, b=-0.1018, c=0.9947, d=-0.4733
  [INFO] Normal vector pointing down. Flipping coefficients up toward lens.
  [INFO] Points isolated on belt plane: 343,488
  [INFO] Non-plane points going to workspace filter: 11,281

━━━ [STAGE 5] Direction-Enforced Spatial Pre-Filtering
  [INFO] Height gate window : 1.50mm to 500.00mm
  [INFO] Dist-from-plane mm : min=6.941 mean=26.087 median=21.158 max=72.695
  [INFO] Rejected by lower gate: 0 / 11,281
  [INFO] Rejected by upper gate: 0 / 11,281
  [DEBUG] Points passing directional spatial filters: 11,281

━━━ [STAGE 6] Spatial Structural Isolation Clustering (DBSCAN)
  [INFO] DBSCAN discovered 3 distinct point groups.

━━━ [STAGE 7] Multi-Gate Geometric Evaluation
  Cluster #00 -> Pts: 5027  | Dims(mm): X= 91.7, Y=110.0, Z= 37.0 | VolRatio: 0.336 | Gates: [G1-4=1 G5_Size=1 G6_3D=1] -> PASSED
  Cluster #01 -> Pts: 6237  | Dims(mm): X=113.0, Y=136.0, Z= 55.0 | VolRatio: 0.404 | Gates: [G1-4=1 G5_Size=1 G6_3D=1] -> PASSED
  Cluster #02 -> Pts: 17    | Dims(mm): X=  2.6, Y=  4.0, Z=  0.0 | VolRatio: 0.000 | Gates: [G1-4=0 G5_Size=0 G6_3D=0] -> REJECTED
  [INFO] Winning Cluster selected: ID #1 (Score=0.6332)
  [INFO] Winning cluster point count: 6,237

━━━ [STAGE 8] Projection — Sensor Space → Cropped Canvas

  ── [STAGE 8a] Coordinate System Parameters ──
    Intrinsics    : fx=750.148  fy=749.790  cx=386.179  cy=366.086
    Crop offsets  : left=0 px  top=0 px
    Depth sensor  : 510W x 720H px
    RGB canvas    : 510W x 720H px
    Scale factors : scale_x=1.000000  scale_y=1.000000

  ── [STAGE 8b] 3-D Cluster Bounding Box (world space) ──
    X range : -0.1144 m  →  -0.0014 m  (span 113.0 mm)
    Y range : -0.0302 m  →  0.1058 m  (span 136.0 mm)
    Z range : 0.4150 m  →  0.4700 m  (span 55.0 mm)
    Z depth : mean=0.4500 m  std=0.0120 m  min=0.4150 m  max=0.4700 m

  ── [STAGE 8c] Projection Steps ──
    [Step 1] Full-sensor pixel coords (before crop subtraction):
      u_sensor  min=186.0  max=384.0  mean=282.0
      v_sensor  min=317.0  max=554.0  mean=405.4
    [OK] Sensor-space OOB: u=0.0%  v=0.0%
    [Step 2] After crop subtraction (crop_left=0, crop_top=0):
      u_cropped min=186.0  max=384.0  mean=282.0
      v_cropped min=317.0  max=554.0  mean=405.4
    [Step 2 Check] Cropped coords outside canvas: u<0=0.0%  u>W=0.0%  v<0=0.0%  v>H=0.0%
    [Step 3] After scale to canvas (scale_x=1.0000, scale_y=1.0000):
      u  min=186  max=384  mean=282.0
      v  min=317  max=554  mean=405.4
      Canvas target size : 510W x 720H px

  ── [STAGE 8d] Expected mask centroid on canvas ──
      Projected centroid : u=282.0 px  v=405.4 px
      Canvas centre      : u=255.0 px  v=360.0 px
      Offset from centre : Δu=27.0 px  Δv=45.4 px

  ── [STAGE 8e] Bounds Filter ──
    Total projected points : 6,237
    Inside canvas bounds   : 6,237  (100.0%)
    Duplicate pixel hits    : 0
  [INFO] Density non-zero pixels: 6,237
  [INFO] Density peak count     : 1
  [INFO] Raw mask white pixels before morphology: 6,237
  [INFO] White pixels after close: 7,941
  [INFO] Morphological open skipped for tip-loss debugging.
  [INFO] White pixels after open (skipped): 7,941

  ── [STAGE 8f] Final Mask Stats ──
    Bounding box : 198W x 237H px
    Mask centroid: (285.0, 435.5) px
    White pixels : 7,941
  masking.py run ended: 2026-06-13 20:06:53.454935
