
================================================================================
  masking.py run started: 2026-06-13 19:48:58.481602
================================================================================

━━━ [STAGE 1] Loading Point Cloud Array
  [INFO] Total raw points loaded: 366,340

━━━ [STAGE 2] Statistical Outlier Demolition
  [INFO] Points surviving outlier filter: 357,362

━━━ [STAGE 3] Live Plane Surface Isolation (RANSAC)
  [INFO] Original RANSAC: a=0.0163, b=-0.0508, c=0.9986, d=-0.4780
  [INFO] Normal vector pointing down. Flipping coefficients up toward lens.
  [INFO] Points isolated on belt plane: 341,965
  [INFO] Non-plane points going to workspace filter: 15,397

━━━ [STAGE 5] Direction-Enforced Spatial Pre-Filtering
  [INFO] Height gate window : 1.50mm to 500.00mm
  [INFO] Dist-from-plane mm : min=12.809 mean=32.779 median=33.567 max=52.210
  [INFO] Rejected by lower gate: 0 / 15,397
  [INFO] Rejected by upper gate: 0 / 15,397
  [DEBUG] Points passing directional spatial filters: 15,397

━━━ [STAGE 6] Spatial Structural Isolation Clustering (DBSCAN)
  [INFO] DBSCAN discovered 1 distinct point groups.

━━━ [STAGE 7] Multi-Gate Geometric Evaluation
  Cluster #00 -> Pts: 15397 | Dims(mm): X=100.9, Y=200.0, Z= 41.0 | VolRatio: 0.205 | Gates: [G1-4=1 G5_Size=1 G6_3D=1] -> PASSED
  [INFO] Winning Cluster selected: ID #0 (Score=0.7615)
  [INFO] Winning cluster point count: 15,397

━━━ [STAGE 8] Projection — Sensor Space → Cropped Canvas

  ── [STAGE 8a] Coordinate System Parameters ──
    Intrinsics    : fx=750.148  fy=749.790  cx=386.179  cy=366.086
    Crop offsets  : left=0 px  top=0 px
    Depth sensor  : 510W x 720H px
    RGB canvas    : 510W x 720H px
    Scale factors : scale_x=1.000000  scale_y=1.000000

  ── [STAGE 8b] 3-D Cluster Bounding Box (world space) ──
    X range : -0.0674 m  →  0.0336 m  (span 100.9 mm)
    Y range : -0.2185 m  →  -0.0185 m  (span 200.0 mm)
    Z range : 0.4240 m  →  0.4650 m  (span 41.0 mm)
    Z depth : mean=0.4400 m  std=0.0088 m  min=0.4240 m  max=0.4650 m

  ── [STAGE 8c] Projection Steps ──
    [Step 1] Full-sensor pixel coords (before crop subtraction):
      u_sensor  min=270.0  max=442.0  mean=348.1
      v_sensor  min=-0.0  max=334.0  mean=156.5
    [OK] Sensor-space OOB: u=0.0%  v=0.0%
    [Step 2] After crop subtraction (crop_left=0, crop_top=0):
      u_cropped min=270.0  max=442.0  mean=348.1
      v_cropped min=-0.0  max=334.0  mean=156.5
    [Step 2 Check] Cropped coords outside canvas: u<0=0.0%  u>W=0.0%  v<0=0.0%  v>H=0.0%
    [Step 3] After scale to canvas (scale_x=1.0000, scale_y=1.0000):
      u  min=270  max=442  mean=348.1
      v  min=0  max=334  mean=156.5
      Canvas target size : 510W x 720H px

  ── [STAGE 8d] Expected mask centroid on canvas ──
      Projected centroid : u=348.1 px  v=156.5 px
      Canvas centre      : u=255.0 px  v=360.0 px
      Offset from centre : Δu=93.1 px  Δv=-203.5 px

  ── [STAGE 8e] Bounds Filter ──
    Total projected points : 15,397
    Inside canvas bounds   : 15,397  (100.0%)
    Duplicate pixel hits    : 0
  [INFO] Density non-zero pixels: 15,397
  [INFO] Density peak count     : 1
  [INFO] Raw mask white pixels before morphology: 15,397
  [INFO] White pixels after close: 17,863
  [INFO] Morphological open skipped for tip-loss debugging.
  [INFO] White pixels after open (skipped): 17,863

  ── [STAGE 8f] Final Mask Stats ──
    Bounding box : 172W x 334H px
    Mask centroid: (356.0, 167.0) px
    White pixels : 17,863
  masking.py run ended: 2026-06-13 19:49:00.867932
