
================================================================================
  masking.py run started: 2026-06-13 19:59:16.712373
================================================================================

━━━ [STAGE 1] Loading Point Cloud Array
  [INFO] Total raw points loaded: 366,384

━━━ [STAGE 2] Statistical Outlier Demolition
  [INFO] Points surviving outlier filter: 357,043

━━━ [STAGE 3] Live Plane Surface Isolation (RANSAC)
  [INFO] Original RANSAC: a=0.0139, b=-0.0488, c=0.9987, d=-0.4794
  [INFO] Normal vector pointing down. Flipping coefficients up toward lens.
  [INFO] Points isolated on belt plane: 320,719
  [INFO] Non-plane points going to workspace filter: 36,324

━━━ [STAGE 5] Direction-Enforced Spatial Pre-Filtering
  [INFO] Height gate window : 1.50mm to 500.00mm
  [INFO] Dist-from-plane mm : min=15.169 mean=63.879 median=61.829 max=92.537
  [INFO] Rejected by lower gate: 0 / 36,324
  [INFO] Rejected by upper gate: 0 / 36,324
  [DEBUG] Points passing directional spatial filters: 36,324

━━━ [STAGE 6] Spatial Structural Isolation Clustering (DBSCAN)
  [INFO] DBSCAN discovered 3 distinct point groups.

━━━ [STAGE 7] Multi-Gate Geometric Evaluation
  Cluster #00 -> Pts: 36273 | Dims(mm): X=138.5, Y=144.8, Z= 71.0 | VolRatio: 0.490 | Gates: [G1-4=1 G5_Size=1 G6_3D=1] -> PASSED
  Cluster #01 -> Pts: 32    | Dims(mm): X=  3.0, Y=  4.1, Z=  6.0 | VolRatio: 0.500 | Gates: [G1-4=0 G5_Size=0 G6_3D=1] -> REJECTED
  Cluster #02 -> Pts: 12    | Dims(mm): X=  1.2, Y=  1.9, Z=  0.0 | VolRatio: 0.000 | Gates: [G1-4=0 G5_Size=0 G6_3D=0] -> REJECTED
  [INFO] Winning Cluster selected: ID #0 (Score=0.8471)
  [INFO] Winning cluster point count: 36,273

━━━ [STAGE 8] Projection — Sensor Space → Cropped Canvas

  ── [STAGE 8a] Coordinate System Parameters ──
    Intrinsics    : fx=750.148  fy=749.790  cx=386.179  cy=366.086
    Crop offsets  : left=0 px  top=0 px
    Depth sensor  : 510W x 720H px
    RGB canvas    : 510W x 720H px
    Scale factors : scale_x=1.000000  scale_y=1.000000

  ── [STAGE 8b] 3-D Cluster Bounding Box (world space) ──
    X range : -0.1135 m  →  0.0250 m  (span 138.5 mm)
    Y range : -0.0440 m  →  0.1008 m  (span 144.8 mm)
    Z range : 0.3890 m  →  0.4600 m  (span 71.0 mm)
    Z depth : mean=0.4177 m  std=0.0128 m  min=0.3890 m  max=0.4600 m

  ── [STAGE 8c] Projection Steps ──
    [Step 1] Full-sensor pixel coords (before crop subtraction):
      u_sensor  min=190.0  max=428.0  mean=310.7
      v_sensor  min=290.0  max=543.0  mean=408.4
    [OK] Sensor-space OOB: u=0.0%  v=0.0%
    [Step 2] After crop subtraction (crop_left=0, crop_top=0):
      u_cropped min=190.0  max=428.0  mean=310.7
      v_cropped min=290.0  max=543.0  mean=408.4
    [Step 2 Check] Cropped coords outside canvas: u<0=0.0%  u>W=0.0%  v<0=0.0%  v>H=0.0%
    [Step 3] After scale to canvas (scale_x=1.0000, scale_y=1.0000):
      u  min=190  max=428  mean=310.7
      v  min=290  max=543  mean=408.4
      Canvas target size : 510W x 720H px

  ── [STAGE 8d] Expected mask centroid on canvas ──
      Projected centroid : u=310.7 px  v=408.4 px
      Canvas centre      : u=255.0 px  v=360.0 px
      Offset from centre : Δu=55.7 px  Δv=48.4 px

  ── [STAGE 8e] Bounds Filter ──
    Total projected points : 36,273
    Inside canvas bounds   : 36,273  (100.0%)
    Duplicate pixel hits    : 0
  [INFO] Density non-zero pixels: 36,273
  [INFO] Density peak count     : 1
  [INFO] Raw mask white pixels before morphology: 36,273
  [INFO] White pixels after close: 38,243
  [INFO] Morphological open skipped for tip-loss debugging.
  [INFO] White pixels after open (skipped): 38,243

  ── [STAGE 8f] Final Mask Stats ──
    Bounding box : 238W x 253H px
    Mask centroid: (309.0, 416.5) px
    White pixels : 38,243
  masking.py run ended: 2026-06-13 19:59:21.457168
