
================================================================================
  masking.py run started: 2026-06-13 20:02:18.950416
================================================================================

━━━ [STAGE 1] Loading Point Cloud Array
  [INFO] Total raw points loaded: 366,157

━━━ [STAGE 2] Statistical Outlier Demolition
  [INFO] Points surviving outlier filter: 357,385

━━━ [STAGE 3] Live Plane Surface Isolation (RANSAC)
  [INFO] Original RANSAC: a=0.0142, b=-0.0743, c=0.9971, d=-0.4767
  [INFO] Normal vector pointing down. Flipping coefficients up toward lens.
  [INFO] Points isolated on belt plane: 344,717
  [INFO] Non-plane points going to workspace filter: 12,668

━━━ [STAGE 5] Direction-Enforced Spatial Pre-Filtering
  [INFO] Height gate window : 1.50mm to 500.00mm
  [INFO] Dist-from-plane mm : min=13.564 mean=51.552 median=53.068 max=71.955
  [INFO] Rejected by lower gate: 0 / 12,668
  [INFO] Rejected by upper gate: 0 / 12,668
  [DEBUG] Points passing directional spatial filters: 12,668

━━━ [STAGE 6] Spatial Structural Isolation Clustering (DBSCAN)
  [INFO] DBSCAN discovered 2 distinct point groups.

━━━ [STAGE 7] Multi-Gate Geometric Evaluation
  Cluster #00 -> Pts: 12629 | Dims(mm): X= 77.5, Y=106.0, Z= 62.0 | VolRatio: 0.585 | Gates: [G1-4=1 G5_Size=1 G6_3D=1] -> PASSED
  Cluster #01 -> Pts: 39    | Dims(mm): X=  3.6, Y=  4.1, Z=  3.0 | VolRatio: 0.726 | Gates: [G1-4=0 G5_Size=0 G6_3D=1] -> REJECTED
  [INFO] Winning Cluster selected: ID #0 (Score=0.8754)
  [INFO] Winning cluster point count: 12,629

━━━ [STAGE 8] Projection — Sensor Space → Cropped Canvas

  ── [STAGE 8a] Coordinate System Parameters ──
    Intrinsics    : fx=750.148  fy=749.790  cx=386.179  cy=366.086
    Crop offsets  : left=0 px  top=0 px
    Depth sensor  : 510W x 720H px
    RGB canvas    : 510W x 720H px
    Scale factors : scale_x=1.000000  scale_y=1.000000

  ── [STAGE 8b] 3-D Cluster Bounding Box (world space) ──
    X range : -0.0047 m  →  0.0729 m  (span 77.5 mm)
    Y range : -0.0650 m  →  0.0411 m  (span 106.0 mm)
    Z range : 0.4050 m  →  0.4670 m  (span 62.0 mm)
    Z depth : mean=0.4248 m  std=0.0113 m  min=0.4050 m  max=0.4670 m

  ── [STAGE 8c] Projection Steps ──
    [Step 1] Full-sensor pixel coords (before crop subtraction):
      u_sensor  min=378.0  max=509.0  mean=445.1
      v_sensor  min=259.0  max=432.0  mean=342.7
    [OK] Sensor-space OOB: u=0.0%  v=0.0%
    [Step 2] After crop subtraction (crop_left=0, crop_top=0):
      u_cropped min=378.0  max=509.0  mean=445.1
      v_cropped min=259.0  max=432.0  mean=342.7
    [Step 2 Check] Cropped coords outside canvas: u<0=0.0%  u>W=0.0%  v<0=0.0%  v>H=0.0%
    [Step 3] After scale to canvas (scale_x=1.0000, scale_y=1.0000):
      u  min=378  max=509  mean=445.1
      v  min=259  max=432  mean=342.7
      Canvas target size : 510W x 720H px

  ── [STAGE 8d] Expected mask centroid on canvas ──
      Projected centroid : u=445.1 px  v=342.7 px
      Canvas centre      : u=255.0 px  v=360.0 px
      Offset from centre : Δu=190.1 px  Δv=-17.3 px

  ── [STAGE 8e] Bounds Filter ──
    Total projected points : 12,629
    Inside canvas bounds   : 12,629  (100.0%)
    Duplicate pixel hits    : 0
  [INFO] Density non-zero pixels: 12,629
  [INFO] Density peak count     : 1
  [INFO] Raw mask white pixels before morphology: 12,629
  [INFO] White pixels after close: 14,134
  [INFO] Morphological open skipped for tip-loss debugging.
  [INFO] White pixels after open (skipped): 14,134

  ── [STAGE 8f] Final Mask Stats ──
    Bounding box : 131W x 173H px
    Mask centroid: (443.5, 345.5) px
    White pixels : 14,134
  masking.py run ended: 2026-06-13 20:02:21.184930
