
================================================================================
  masking.py run started: 2026-06-13 19:58:09.688481
================================================================================

━━━ [STAGE 1] Loading Point Cloud Array
  [INFO] Total raw points loaded: 363,628

━━━ [STAGE 2] Statistical Outlier Demolition
  [INFO] Points surviving outlier filter: 351,918

━━━ [STAGE 3] Live Plane Surface Isolation (RANSAC)
  [INFO] Original RANSAC: a=0.0151, b=-0.1956, c=0.9806, d=-0.4631
  [INFO] Normal vector pointing down. Flipping coefficients up toward lens.
  [INFO] Points isolated on belt plane: 321,513
  [INFO] Non-plane points going to workspace filter: 30,405

━━━ [STAGE 5] Direction-Enforced Spatial Pre-Filtering
  [INFO] Height gate window : 1.50mm to 500.00mm
  [INFO] Dist-from-plane mm : min=13.593 mean=58.285 median=58.491 max=88.998
  [INFO] Rejected by lower gate: 0 / 30,405
  [INFO] Rejected by upper gate: 0 / 30,405
  [DEBUG] Points passing directional spatial filters: 30,405

━━━ [STAGE 6] Spatial Structural Isolation Clustering (DBSCAN)
  [INFO] DBSCAN discovered 3 distinct point groups.

━━━ [STAGE 7] Multi-Gate Geometric Evaluation
  Cluster #00 -> Pts: 30242 | Dims(mm): X=130.4, Y=137.0, Z= 71.0 | VolRatio: 0.518 | Gates: [G1-4=1 G5_Size=1 G6_3D=1] -> PASSED
  Cluster #01 -> Pts: 16    | Dims(mm): X=  1.3, Y=  2.9, Z=  1.0 | VolRatio: 0.344 | Gates: [G1-4=0 G5_Size=0 G6_3D=1] -> REJECTED
  Cluster #02 -> Pts: 147   | Dims(mm): X= 10.2, Y=  9.9, Z=  6.0 | VolRatio: 0.589 | Gates: [G1-4=0 G5_Size=0 G6_3D=1] -> REJECTED
  [INFO] Winning Cluster selected: ID #0 (Score=0.8555)
  [INFO] Winning cluster point count: 30,242

━━━ [STAGE 8] Projection — Sensor Space → Cropped Canvas

  ── [STAGE 8a] Coordinate System Parameters ──
    Intrinsics    : fx=750.148  fy=749.790  cx=386.179  cy=366.086
    Crop offsets  : left=0 px  top=0 px
    Depth sensor  : 510W x 720H px
    RGB canvas    : 510W x 720H px
    Scale factors : scale_x=1.000000  scale_y=1.000000

  ── [STAGE 8b] 3-D Cluster Bounding Box (world space) ──
    X range : -0.0606 m  →  0.0698 m  (span 130.4 mm)
    Y range : -0.1359 m  →  0.0011 m  (span 137.0 mm)
    Z range : 0.3740 m  →  0.4450 m  (span 71.0 mm)
    Z depth : mean=0.4003 m  std=0.0133 m  min=0.3740 m  max=0.4450 m

  ── [STAGE 8c] Projection Steps ──
    [Step 1] Full-sensor pixel coords (before crop subtraction):
      u_sensor  min=279.0  max=508.0  mean=387.5
      v_sensor  min=128.0  max=368.0  mean=250.7
    [OK] Sensor-space OOB: u=0.0%  v=0.0%
    [Step 2] After crop subtraction (crop_left=0, crop_top=0):
      u_cropped min=279.0  max=508.0  mean=387.5
      v_cropped min=128.0  max=368.0  mean=250.7
    [Step 2 Check] Cropped coords outside canvas: u<0=0.0%  u>W=0.0%  v<0=0.0%  v>H=0.0%
    [Step 3] After scale to canvas (scale_x=1.0000, scale_y=1.0000):
      u  min=279  max=508  mean=387.5
      v  min=128  max=368  mean=250.7
      Canvas target size : 510W x 720H px

  ── [STAGE 8d] Expected mask centroid on canvas ──
      Projected centroid : u=387.5 px  v=250.7 px
      Canvas centre      : u=255.0 px  v=360.0 px
      Offset from centre : Δu=132.5 px  Δv=-109.3 px

  ── [STAGE 8e] Bounds Filter ──
    Total projected points : 30,242
    Inside canvas bounds   : 30,242  (100.0%)
    Duplicate pixel hits    : 0
  [INFO] Density non-zero pixels: 30,242
  [INFO] Density peak count     : 1
  [INFO] Raw mask white pixels before morphology: 30,242
  [INFO] White pixels after close: 33,795
  [INFO] Morphological open skipped for tip-loss debugging.
  [INFO] White pixels after open (skipped): 33,795

  ── [STAGE 8f] Final Mask Stats ──
    Bounding box : 229W x 240H px
    Mask centroid: (393.5, 248.0) px
    White pixels : 33,795
  masking.py run ended: 2026-06-13 19:58:15.317429
