
================================================================================
  masking.py run started: 2026-06-13 19:45:27.571291
================================================================================

━━━ [STAGE 1] Loading Point Cloud Array
  [INFO] Total raw points loaded: 366,516

━━━ [STAGE 2] Statistical Outlier Demolition
  [INFO] Points surviving outlier filter: 355,580

━━━ [STAGE 3] Live Plane Surface Isolation (RANSAC)
  [INFO] Original RANSAC: a=0.0144, b=-0.0354, c=0.9993, d=-0.4791
  [INFO] Normal vector pointing down. Flipping coefficients up toward lens.
  [INFO] Points isolated on belt plane: 340,267
  [INFO] Non-plane points going to workspace filter: 15,313

━━━ [STAGE 5] Direction-Enforced Spatial Pre-Filtering
  [INFO] Height gate window : 1.50mm to 500.00mm
  [INFO] Dist-from-plane mm : min=-5.248 mean=25.115 median=23.915 max=40.060
  [INFO] Rejected by lower gate: 9 / 15,313
  [INFO] Rejected by upper gate: 0 / 15,313
  [DEBUG] Points passing directional spatial filters: 15,304

━━━ [STAGE 6] Spatial Structural Isolation Clustering (DBSCAN)
  [INFO] DBSCAN discovered 1 distinct point groups.

━━━ [STAGE 7] Multi-Gate Geometric Evaluation
  Cluster #00 -> Pts: 15304 | Dims(mm): X=128.5, Y=128.1, Z= 27.0 | VolRatio: 0.210 | Gates: [G1-4=1 G5_Size=1 G6_3D=1] -> PASSED
  [INFO] Winning Cluster selected: ID #0 (Score=0.7631)
  [INFO] Winning cluster point count: 15,304

━━━ [STAGE 8] Projection — Sensor Space → Cropped Canvas

  ── [STAGE 8a] Coordinate System Parameters ──
    Intrinsics    : fx=750.148  fy=749.790  cx=386.179  cy=366.086
    Crop offsets  : left=0 px  top=0 px
    Depth sensor  : 510W x 720H px
    RGB canvas    : 510W x 720H px
    Scale factors : scale_x=1.000000  scale_y=1.000000

  ── [STAGE 8b] 3-D Cluster Bounding Box (world space) ──
    X range : -0.1618 m  →  -0.0334 m  (span 128.5 mm)
    Y range : -0.0941 m  →  0.0340 m  (span 128.1 mm)
    Z range : 0.4400 m  →  0.4670 m  (span 27.0 mm)
    Z depth : mean=0.4549 m  std=0.0076 m  min=0.4400 m  max=0.4670 m

  ── [STAGE 8c] Projection Steps ──
    [Step 1] Full-sensor pixel coords (before crop subtraction):
      u_sensor  min=123.0  max=332.0  mean=220.9
      v_sensor  min=214.0  max=421.0  mean=325.6
    [OK] Sensor-space OOB: u=0.0%  v=0.0%
    [Step 2] After crop subtraction (crop_left=0, crop_top=0):
      u_cropped min=123.0  max=332.0  mean=220.9
      v_cropped min=214.0  max=421.0  mean=325.6
    [Step 2 Check] Cropped coords outside canvas: u<0=0.0%  u>W=0.0%  v<0=0.0%  v>H=0.0%
    [Step 3] After scale to canvas (scale_x=1.0000, scale_y=1.0000):
      u  min=123  max=332  mean=220.9
      v  min=214  max=421  mean=325.6
      Canvas target size : 510W x 720H px

  ── [STAGE 8d] Expected mask centroid on canvas ──
      Projected centroid : u=220.9 px  v=325.6 px
      Canvas centre      : u=255.0 px  v=360.0 px
      Offset from centre : Δu=-34.1 px  Δv=-34.4 px

  ── [STAGE 8e] Bounds Filter ──
    Total projected points : 15,304
    Inside canvas bounds   : 15,304  (100.0%)
    Duplicate pixel hits    : 0
  [INFO] Density non-zero pixels: 15,304
  [INFO] Density peak count     : 1
  [INFO] Raw mask white pixels before morphology: 15,304
  [INFO] White pixels after close: 17,480
  [INFO] Morphological open skipped for tip-loss debugging.
  [INFO] White pixels after open (skipped): 17,480

  ── [STAGE 8f] Final Mask Stats ──
    Bounding box : 209W x 207H px
    Mask centroid: (227.5, 317.5) px
    White pixels : 17,480
  masking.py run ended: 2026-06-13 19:45:29.885303
