
================================================================================
  masking.py run started: 2026-06-13 19:52:22.534552
================================================================================

━━━ [STAGE 1] Loading Point Cloud Array
  [INFO] Total raw points loaded: 365,919

━━━ [STAGE 2] Statistical Outlier Demolition
  [INFO] Points surviving outlier filter: 357,495

━━━ [STAGE 3] Live Plane Surface Isolation (RANSAC)
  [INFO] Original RANSAC: a=0.0116, b=-0.0904, c=0.9958, d=-0.4746
  [INFO] Normal vector pointing down. Flipping coefficients up toward lens.
  [INFO] Points isolated on belt plane: 339,601
  [INFO] Non-plane points going to workspace filter: 17,894

━━━ [STAGE 5] Direction-Enforced Spatial Pre-Filtering
  [INFO] Height gate window : 1.50mm to 500.00mm
  [INFO] Dist-from-plane mm : min=12.579 mean=30.306 median=21.477 max=79.158
  [INFO] Rejected by lower gate: 0 / 17,894
  [INFO] Rejected by upper gate: 0 / 17,894
  [DEBUG] Points passing directional spatial filters: 17,894

━━━ [STAGE 6] Spatial Structural Isolation Clustering (DBSCAN)
  [INFO] DBSCAN discovered 1 distinct point groups.

━━━ [STAGE 7] Multi-Gate Geometric Evaluation
  Cluster #00 -> Pts: 17894 | Dims(mm): X=131.6, Y=116.4, Z= 69.0 | VolRatio: 0.524 | Gates: [G1-4=1 G5_Size=1 G6_3D=1] -> PASSED
  [INFO] Winning Cluster selected: ID #0 (Score=0.8573)
  [INFO] Winning cluster point count: 17,894

━━━ [STAGE 8] Projection — Sensor Space → Cropped Canvas

  ── [STAGE 8a] Coordinate System Parameters ──
    Intrinsics    : fx=750.148  fy=749.790  cx=386.179  cy=366.086
    Crop offsets  : left=0 px  top=0 px
    Depth sensor  : 510W x 720H px
    RGB canvas    : 510W x 720H px
    Scale factors : scale_x=1.000000  scale_y=1.000000

  ── [STAGE 8b] 3-D Cluster Bounding Box (world space) ──
    X range : -0.1791 m  →  -0.0475 m  (span 131.6 mm)
    Y range : -0.1078 m  →  0.0086 m  (span 116.4 mm)
    Z range : 0.3960 m  →  0.4650 m  (span 69.0 mm)
    Z depth : mean=0.4431 m  std=0.0171 m  min=0.3960 m  max=0.4650 m

  ── [STAGE 8c] Projection Steps ──
    [Step 1] Full-sensor pixel coords (before crop subtraction):
      u_sensor  min=51.0  max=308.0  mean=167.2
      v_sensor  min=188.0  max=381.0  mean=283.6
    [OK] Sensor-space OOB: u=0.0%  v=0.0%
    [Step 2] After crop subtraction (crop_left=0, crop_top=0):
      u_cropped min=51.0  max=308.0  mean=167.2
      v_cropped min=188.0  max=381.0  mean=283.6
    [Step 2 Check] Cropped coords outside canvas: u<0=0.0%  u>W=0.0%  v<0=0.0%  v>H=0.0%
    [Step 3] After scale to canvas (scale_x=1.0000, scale_y=1.0000):
      u  min=51  max=308  mean=167.2
      v  min=188  max=381  mean=283.6
      Canvas target size : 510W x 720H px

  ── [STAGE 8d] Expected mask centroid on canvas ──
      Projected centroid : u=167.2 px  v=283.6 px
      Canvas centre      : u=255.0 px  v=360.0 px
      Offset from centre : Δu=-87.8 px  Δv=-76.4 px

  ── [STAGE 8e] Bounds Filter ──
    Total projected points : 17,894
    Inside canvas bounds   : 17,894  (100.0%)
    Duplicate pixel hits    : 0
  [INFO] Density non-zero pixels: 17,894
  [INFO] Density peak count     : 1
  [INFO] Raw mask white pixels before morphology: 17,894
  [INFO] White pixels after close: 19,378
  [INFO] Morphological open skipped for tip-loss debugging.
  [INFO] White pixels after open (skipped): 19,378

  ── [STAGE 8f] Final Mask Stats ──
    Bounding box : 257W x 193H px
    Mask centroid: (179.5, 284.5) px
    White pixels : 19,378
  masking.py run ended: 2026-06-13 19:52:24.925022
