
================================================================================
  masking.py run started: 2026-06-13 19:59:58.257928
================================================================================

━━━ [STAGE 1] Loading Point Cloud Array
  [INFO] Total raw points loaded: 366,444

━━━ [STAGE 2] Statistical Outlier Demolition
  [INFO] Points surviving outlier filter: 358,025

━━━ [STAGE 3] Live Plane Surface Isolation (RANSAC)
  [INFO] Original RANSAC: a=0.0126, b=-0.0496, c=0.9987, d=-0.4794
  [INFO] Normal vector pointing down. Flipping coefficients up toward lens.
  [INFO] Points isolated on belt plane: 304,490
  [INFO] Non-plane points going to workspace filter: 53,535

━━━ [STAGE 5] Direction-Enforced Spatial Pre-Filtering
  [INFO] Height gate window : 1.50mm to 500.00mm
  [INFO] Dist-from-plane mm : min=-13.589 mean=64.411 median=70.507 max=88.003
  [INFO] Rejected by lower gate: 3 / 53,535
  [INFO] Rejected by upper gate: 0 / 53,535
  [DEBUG] Points passing directional spatial filters: 53,532

━━━ [STAGE 6] Spatial Structural Isolation Clustering (DBSCAN)
  [INFO] DBSCAN discovered 3 distinct point groups.

━━━ [STAGE 7] Multi-Gate Geometric Evaluation
  Cluster #00 -> Pts: 150   | Dims(mm): X=  8.9, Y= 19.5, Z=  5.0 | VolRatio: 0.257 | Gates: [G1-4=1 G5_Size=0 G6_3D=1] -> REJECTED
  Cluster #01 -> Pts: 13    | Dims(mm): X=  2.2, Y=  1.2, Z=  1.0 | VolRatio: 0.447 | Gates: [G1-4=0 G5_Size=0 G6_3D=1] -> REJECTED
  Cluster #02 -> Pts: 53363 | Dims(mm): X=140.4, Y=181.4, Z= 83.0 | VolRatio: 0.458 | Gates: [G1-4=1 G5_Size=1 G6_3D=1] -> PASSED
  [INFO] Winning Cluster selected: ID #2 (Score=0.8373)
  [INFO] Winning cluster point count: 53,363

━━━ [STAGE 8] Projection — Sensor Space → Cropped Canvas

  ── [STAGE 8a] Coordinate System Parameters ──
    Intrinsics    : fx=750.148  fy=749.790  cx=386.179  cy=366.086
    Crop offsets  : left=0 px  top=0 px
    Depth sensor  : 510W x 720H px
    RGB canvas    : 510W x 720H px
    Scale factors : scale_x=1.000000  scale_y=1.000000

  ── [STAGE 8b] 3-D Cluster Bounding Box (world space) ──
    X range : -0.1418 m  →  -0.0013 m  (span 140.4 mm)
    Y range : -0.1068 m  →  0.0745 m  (span 181.4 mm)
    Z range : 0.3890 m  →  0.4720 m  (span 83.0 mm)
    Z depth : mean=0.4149 m  std=0.0175 m  min=0.3890 m  max=0.4720 m

  ── [STAGE 8c] Projection Steps ──
    [Step 1] Full-sensor pixel coords (before crop subtraction):
      u_sensor  min=132.0  max=384.0  mean=253.0
      v_sensor  min=171.0  max=485.0  mean=317.2
    [OK] Sensor-space OOB: u=0.0%  v=0.0%
    [Step 2] After crop subtraction (crop_left=0, crop_top=0):
      u_cropped min=132.0  max=384.0  mean=253.0
      v_cropped min=171.0  max=485.0  mean=317.2
    [Step 2 Check] Cropped coords outside canvas: u<0=0.0%  u>W=0.0%  v<0=0.0%  v>H=0.0%
    [Step 3] After scale to canvas (scale_x=1.0000, scale_y=1.0000):
      u  min=132  max=384  mean=253.0
      v  min=171  max=485  mean=317.2
      Canvas target size : 510W x 720H px

  ── [STAGE 8d] Expected mask centroid on canvas ──
      Projected centroid : u=253.0 px  v=317.2 px
      Canvas centre      : u=255.0 px  v=360.0 px
      Offset from centre : Δu=-2.0 px  Δv=-42.8 px

  ── [STAGE 8e] Bounds Filter ──
    Total projected points : 53,363
    Inside canvas bounds   : 53,363  (100.0%)
    Duplicate pixel hits    : 0
  [INFO] Density non-zero pixels: 53,363
  [INFO] Density peak count     : 1
  [INFO] Raw mask white pixels before morphology: 53,363
  [INFO] White pixels after close: 55,083
  [INFO] Morphological open skipped for tip-loss debugging.
  [INFO] White pixels after open (skipped): 55,083

  ── [STAGE 8f] Final Mask Stats ──
    Bounding box : 252W x 314H px
    Mask centroid: (258.0, 328.0) px
    White pixels : 55,083
  masking.py run ended: 2026-06-13 20:00:05.518751
