
================================================================================
  masking.py run started: 2026-06-13 19:54:20.962827
================================================================================

━━━ [STAGE 1] Loading Point Cloud Array
  [INFO] Total raw points loaded: 364,003

━━━ [STAGE 2] Statistical Outlier Demolition
  [INFO] Points surviving outlier filter: 355,569

━━━ [STAGE 3] Live Plane Surface Isolation (RANSAC)
  [INFO] Original RANSAC: a=0.0152, b=-0.1798, c=0.9836, d=-0.4646
  [INFO] Normal vector pointing down. Flipping coefficients up toward lens.
  [INFO] Points isolated on belt plane: 339,226
  [INFO] Non-plane points going to workspace filter: 16,343

━━━ [STAGE 5] Direction-Enforced Spatial Pre-Filtering
  [INFO] Height gate window : 1.50mm to 500.00mm
  [INFO] Dist-from-plane mm : min=12.904 mean=37.383 median=28.257 max=76.401
  [INFO] Rejected by lower gate: 0 / 16,343
  [INFO] Rejected by upper gate: 0 / 16,343
  [DEBUG] Points passing directional spatial filters: 16,343

━━━ [STAGE 6] Spatial Structural Isolation Clustering (DBSCAN)
  [INFO] DBSCAN discovered 1 distinct point groups.

━━━ [STAGE 7] Multi-Gate Geometric Evaluation
  Cluster #00 -> Pts: 16343 | Dims(mm): X= 56.9, Y=225.5, Z= 65.0 | VolRatio: 0.253 | Gates: [G1-4=1 G5_Size=1 G6_3D=1] -> PASSED
  [INFO] Winning Cluster selected: ID #0 (Score=0.7758)
  [INFO] Winning cluster point count: 16,343

━━━ [STAGE 8] Projection — Sensor Space → Cropped Canvas

  ── [STAGE 8a] Coordinate System Parameters ──
    Intrinsics    : fx=750.148  fy=749.790  cx=386.179  cy=366.086
    Crop offsets  : left=0 px  top=0 px
    Depth sensor  : 510W x 720H px
    RGB canvas    : 510W x 720H px
    Scale factors : scale_x=1.000000  scale_y=1.000000

  ── [STAGE 8b] 3-D Cluster Bounding Box (world space) ──
    X range : -0.0403 m  →  0.0167 m  (span 56.9 mm)
    Y range : -0.1914 m  →  0.0341 m  (span 225.5 mm)
    Z range : 0.3980 m  →  0.4630 m  (span 65.0 mm)
    Z depth : mean=0.4261 m  std=0.0145 m  min=0.3980 m  max=0.4630 m

  ── [STAGE 8c] Projection Steps ──
    [Step 1] Full-sensor pixel coords (before crop subtraction):
      u_sensor  min=311.0  max=414.0  mean=358.8
      v_sensor  min=26.0  max=429.0  mean=284.9
    [OK] Sensor-space OOB: u=0.0%  v=0.0%
    [Step 2] After crop subtraction (crop_left=0, crop_top=0):
      u_cropped min=311.0  max=414.0  mean=358.8
      v_cropped min=26.0  max=429.0  mean=284.9
    [Step 2 Check] Cropped coords outside canvas: u<0=0.0%  u>W=0.0%  v<0=0.0%  v>H=0.0%
    [Step 3] After scale to canvas (scale_x=1.0000, scale_y=1.0000):
      u  min=311  max=414  mean=358.8
      v  min=26  max=429  mean=284.9
      Canvas target size : 510W x 720H px

  ── [STAGE 8d] Expected mask centroid on canvas ──
      Projected centroid : u=358.8 px  v=284.9 px
      Canvas centre      : u=255.0 px  v=360.0 px
      Offset from centre : Δu=103.8 px  Δv=-75.1 px

  ── [STAGE 8e] Bounds Filter ──
    Total projected points : 16,343
    Inside canvas bounds   : 16,343  (100.0%)
    Duplicate pixel hits    : 0
  [INFO] Density non-zero pixels: 16,343
  [INFO] Density peak count     : 1
  [INFO] Raw mask white pixels before morphology: 16,343
  [INFO] White pixels after close: 17,846
  [INFO] Morphological open skipped for tip-loss debugging.
  [INFO] White pixels after open (skipped): 17,846

  ── [STAGE 8f] Final Mask Stats ──
    Bounding box : 103W x 403H px
    Mask centroid: (362.5, 227.5) px
    White pixels : 17,846
  masking.py run ended: 2026-06-13 19:54:23.064277
