
================================================================================
  masking.py run started: 2026-06-13 19:53:24.452995
================================================================================

━━━ [STAGE 1] Loading Point Cloud Array
  [INFO] Total raw points loaded: 365,299

━━━ [STAGE 2] Statistical Outlier Demolition
  [INFO] Points surviving outlier filter: 357,177

━━━ [STAGE 3] Live Plane Surface Isolation (RANSAC)
  [INFO] Original RANSAC: a=0.0145, b=-0.1259, c=0.9919, d=-0.4707
  [INFO] Normal vector pointing down. Flipping coefficients up toward lens.
  [INFO] Points isolated on belt plane: 346,139
  [INFO] Non-plane points going to workspace filter: 11,038

━━━ [STAGE 5] Direction-Enforced Spatial Pre-Filtering
  [INFO] Height gate window : 1.50mm to 500.00mm
  [INFO] Dist-from-plane mm : min=7.711 mean=31.046 median=29.759 max=57.620
  [INFO] Rejected by lower gate: 0 / 11,038
  [INFO] Rejected by upper gate: 0 / 11,038
  [DEBUG] Points passing directional spatial filters: 11,038

━━━ [STAGE 6] Spatial Structural Isolation Clustering (DBSCAN)
  [INFO] DBSCAN discovered 2 distinct point groups.

━━━ [STAGE 7] Multi-Gate Geometric Evaluation
  Cluster #00 -> Pts: 11027 | Dims(mm): X= 69.2, Y= 76.8, Z= 48.0 | VolRatio: 0.625 | Gates: [G1-4=1 G5_Size=1 G6_3D=1] -> PASSED
  Cluster #01 -> Pts: 11    | Dims(mm): X=  1.5, Y=  7.1, Z=  1.0 | VolRatio: 0.141 | Gates: [G1-4=0 G5_Size=0 G6_3D=0] -> REJECTED
  [INFO] Winning Cluster selected: ID #0 (Score=0.8875)
  [INFO] Winning cluster point count: 11,027

━━━ [STAGE 8] Projection — Sensor Space → Cropped Canvas

  ── [STAGE 8a] Coordinate System Parameters ──
    Intrinsics    : fx=750.148  fy=749.790  cx=386.179  cy=366.086
    Crop offsets  : left=0 px  top=0 px
    Depth sensor  : 510W x 720H px
    RGB canvas    : 510W x 720H px
    Scale factors : scale_x=1.000000  scale_y=1.000000

  ── [STAGE 8b] 3-D Cluster Bounding Box (world space) ──
    X range : -0.0759 m  →  -0.0067 m  (span 69.2 mm)
    Y range : -0.1118 m  →  -0.0349 m  (span 76.8 mm)
    Z range : 0.4040 m  →  0.4520 m  (span 48.0 mm)
    Z depth : mean=0.4342 m  std=0.0124 m  min=0.4040 m  max=0.4520 m

  ── [STAGE 8c] Projection Steps ──
    [Step 1] Full-sensor pixel coords (before crop subtraction):
      u_sensor  min=250.0  max=375.0  mean=311.9
      v_sensor  min=164.0  max=306.0  mean=235.2
    [OK] Sensor-space OOB: u=0.0%  v=0.0%
    [Step 2] After crop subtraction (crop_left=0, crop_top=0):
      u_cropped min=250.0  max=375.0  mean=311.9
      v_cropped min=164.0  max=306.0  mean=235.2
    [Step 2 Check] Cropped coords outside canvas: u<0=0.0%  u>W=0.0%  v<0=0.0%  v>H=0.0%
    [Step 3] After scale to canvas (scale_x=1.0000, scale_y=1.0000):
      u  min=250  max=375  mean=311.9
      v  min=164  max=306  mean=235.2
      Canvas target size : 510W x 720H px

  ── [STAGE 8d] Expected mask centroid on canvas ──
      Projected centroid : u=311.9 px  v=235.2 px
      Canvas centre      : u=255.0 px  v=360.0 px
      Offset from centre : Δu=56.9 px  Δv=-124.8 px

  ── [STAGE 8e] Bounds Filter ──
    Total projected points : 11,027
    Inside canvas bounds   : 11,027  (100.0%)
    Duplicate pixel hits    : 0
  [INFO] Density non-zero pixels: 11,027
  [INFO] Density peak count     : 1
  [INFO] Raw mask white pixels before morphology: 11,027
  [INFO] White pixels after close: 12,696
  [INFO] Morphological open skipped for tip-loss debugging.
  [INFO] White pixels after open (skipped): 12,696

  ── [STAGE 8f] Final Mask Stats ──
    Bounding box : 125W x 142H px
    Mask centroid: (312.5, 235.0) px
    White pixels : 12,696
  masking.py run ended: 2026-06-13 19:53:26.010858
