
================================================================================
  masking.py run started: 2026-06-13 20:06:35.469199
================================================================================

━━━ [STAGE 1] Loading Point Cloud Array
  [INFO] Total raw points loaded: 365,750

━━━ [STAGE 2] Statistical Outlier Demolition
  [INFO] Points surviving outlier filter: 354,523

━━━ [STAGE 3] Live Plane Surface Isolation (RANSAC)
  [INFO] Original RANSAC: a=0.0150, b=-0.1022, c=0.9946, d=-0.4737
  [INFO] Normal vector pointing down. Flipping coefficients up toward lens.
  [INFO] Points isolated on belt plane: 346,483
  [INFO] Non-plane points going to workspace filter: 8,040

━━━ [STAGE 5] Direction-Enforced Spatial Pre-Filtering
  [INFO] Height gate window : 1.50mm to 500.00mm
  [INFO] Dist-from-plane mm : min=-11.642 mean=41.965 median=43.151 max=60.138
  [INFO] Rejected by lower gate: 6 / 8,040
  [INFO] Rejected by upper gate: 0 / 8,040
  [DEBUG] Points passing directional spatial filters: 8,034

━━━ [STAGE 6] Spatial Structural Isolation Clustering (DBSCAN)
  [INFO] DBSCAN discovered 1 distinct point groups.

━━━ [STAGE 7] Multi-Gate Geometric Evaluation
  Cluster #00 -> Pts: 8029  | Dims(mm): X= 52.9, Y= 61.0, Z= 46.0 | VolRatio: 0.754 | Gates: [G1-4=1 G5_Size=1 G6_3D=1] -> PASSED
  [INFO] Winning Cluster selected: ID #0 (Score=0.8276)
  [INFO] Winning cluster point count: 8,029

━━━ [STAGE 8] Projection — Sensor Space → Cropped Canvas

  ── [STAGE 8a] Coordinate System Parameters ──
    Intrinsics    : fx=750.148  fy=749.790  cx=386.179  cy=366.086
    Crop offsets  : left=0 px  top=0 px
    Depth sensor  : 510W x 720H px
    RGB canvas    : 510W x 720H px
    Scale factors : scale_x=1.000000  scale_y=1.000000

  ── [STAGE 8b] 3-D Cluster Bounding Box (world space) ──
    X range : 0.0150 m  →  0.0679 m  (span 52.9 mm)
    Y range : -0.1987 m  →  -0.1377 m  (span 61.0 mm)
    Z range : 0.4000 m  →  0.4460 m  (span 46.0 mm)
    Z depth : mean=0.4166 m  std=0.0099 m  min=0.4000 m  max=0.4460 m

  ── [STAGE 8c] Projection Steps ──
    [Step 1] Full-sensor pixel coords (before crop subtraction):
      u_sensor  min=413.0  max=509.0  mean=460.7
      v_sensor  min=18.0  max=128.0  mean=70.8
    [OK] Sensor-space OOB: u=0.0%  v=0.0%
    [Step 2] After crop subtraction (crop_left=0, crop_top=0):
      u_cropped min=413.0  max=509.0  mean=460.7
      v_cropped min=18.0  max=128.0  mean=70.8
    [Step 2 Check] Cropped coords outside canvas: u<0=0.0%  u>W=0.0%  v<0=0.0%  v>H=0.0%
    [Step 3] After scale to canvas (scale_x=1.0000, scale_y=1.0000):
      u  min=413  max=509  mean=460.7
      v  min=18  max=128  mean=70.8
      Canvas target size : 510W x 720H px

  ── [STAGE 8d] Expected mask centroid on canvas ──
      Projected centroid : u=460.7 px  v=70.8 px
      Canvas centre      : u=255.0 px  v=360.0 px
      Offset from centre : Δu=205.7 px  Δv=-289.2 px

  ── [STAGE 8e] Bounds Filter ──
    Total projected points : 8,029
    Inside canvas bounds   : 8,029  (100.0%)
    Duplicate pixel hits    : 0
  [INFO] Density non-zero pixels: 8,029
  [INFO] Density peak count     : 1
  [INFO] Raw mask white pixels before morphology: 8,029
  [INFO] White pixels after close: 8,761
  [INFO] Morphological open skipped for tip-loss debugging.
  [INFO] White pixels after open (skipped): 8,761

  ── [STAGE 8f] Final Mask Stats ──
    Bounding box : 96W x 110H px
    Mask centroid: (461.0, 73.0) px
    White pixels : 8,761
  masking.py run ended: 2026-06-13 20:06:37.357089
