
================================================================================
  masking.py run started: 2026-06-13 20:05:15.704100
================================================================================

━━━ [STAGE 1] Loading Point Cloud Array
  [INFO] Total raw points loaded: 365,888

━━━ [STAGE 2] Statistical Outlier Demolition
  [INFO] Points surviving outlier filter: 357,190

━━━ [STAGE 3] Live Plane Surface Isolation (RANSAC)
  [INFO] Original RANSAC: a=0.0140, b=-0.0918, c=0.9957, d=-0.4749
  [INFO] Normal vector pointing down. Flipping coefficients up toward lens.
  [INFO] Points isolated on belt plane: 325,741
  [INFO] Non-plane points going to workspace filter: 31,449

━━━ [STAGE 5] Direction-Enforced Spatial Pre-Filtering
  [INFO] Height gate window : 1.50mm to 500.00mm
  [INFO] Dist-from-plane mm : min=-15.292 mean=61.189 median=62.574 max=78.039
  [INFO] Rejected by lower gate: 17 / 31,449
  [INFO] Rejected by upper gate: 0 / 31,449
  [DEBUG] Points passing directional spatial filters: 31,432

━━━ [STAGE 6] Spatial Structural Isolation Clustering (DBSCAN)
  [INFO] DBSCAN discovered 2 distinct point groups.

━━━ [STAGE 7] Multi-Gate Geometric Evaluation
  Cluster #00 -> Pts: 31413 | Dims(mm): X=124.0, Y=131.2, Z= 66.0 | VolRatio: 0.503 | Gates: [G1-4=1 G5_Size=1 G6_3D=1] -> PASSED
  Cluster #01 -> Pts: 16    | Dims(mm): X=  2.7, Y=  2.3, Z=  5.0 | VolRatio: 0.462 | Gates: [G1-4=0 G5_Size=0 G6_3D=1] -> REJECTED
  [INFO] Winning Cluster selected: ID #0 (Score=0.8509)
  [INFO] Winning cluster point count: 31,413

━━━ [STAGE 8] Projection — Sensor Space → Cropped Canvas

  ── [STAGE 8a] Coordinate System Parameters ──
    Intrinsics    : fx=750.148  fy=749.790  cx=386.179  cy=366.086
    Crop offsets  : left=0 px  top=0 px
    Depth sensor  : 510W x 720H px
    RGB canvas    : 510W x 720H px
    Scale factors : scale_x=1.000000  scale_y=1.000000

  ── [STAGE 8b] 3-D Cluster Bounding Box (world space) ──
    X range : -0.1060 m  →  0.0180 m  (span 124.0 mm)
    Y range : -0.2105 m  →  -0.0792 m  (span 131.2 mm)
    Z range : 0.3850 m  →  0.4510 m  (span 66.0 mm)
    Z depth : mean=0.4037 m  std=0.0086 m  min=0.3850 m  max=0.4510 m

  ── [STAGE 8c] Projection Steps ──
    [Step 1] Full-sensor pixel coords (before crop subtraction):
      u_sensor  min=199.0  max=417.0  mean=313.6
      v_sensor  min=3.0  max=225.0  mean=117.0
    [OK] Sensor-space OOB: u=0.0%  v=0.0%
    [Step 2] After crop subtraction (crop_left=0, crop_top=0):
      u_cropped min=199.0  max=417.0  mean=313.6
      v_cropped min=3.0  max=225.0  mean=117.0
    [Step 2 Check] Cropped coords outside canvas: u<0=0.0%  u>W=0.0%  v<0=0.0%  v>H=0.0%
    [Step 3] After scale to canvas (scale_x=1.0000, scale_y=1.0000):
      u  min=199  max=417  mean=313.6
      v  min=3  max=225  mean=117.0
      Canvas target size : 510W x 720H px

  ── [STAGE 8d] Expected mask centroid on canvas ──
      Projected centroid : u=313.6 px  v=117.0 px
      Canvas centre      : u=255.0 px  v=360.0 px
      Offset from centre : Δu=58.6 px  Δv=-243.0 px

  ── [STAGE 8e] Bounds Filter ──
    Total projected points : 31,413
    Inside canvas bounds   : 31,413  (100.0%)
    Duplicate pixel hits    : 0
  [INFO] Density non-zero pixels: 31,413
  [INFO] Density peak count     : 1
  [INFO] Raw mask white pixels before morphology: 31,413
  [INFO] White pixels after close: 32,984
  [INFO] Morphological open skipped for tip-loss debugging.
  [INFO] White pixels after open (skipped): 32,984

  ── [STAGE 8f] Final Mask Stats ──
    Bounding box : 218W x 225H px
    Mask centroid: (308.0, 112.5) px
    White pixels : 32,984
  masking.py run ended: 2026-06-13 20:05:23.070031
