
================================================================================
  masking.py run started: 2026-06-13 19:48:24.283719
================================================================================

━━━ [STAGE 1] Loading Point Cloud Array
  [INFO] Total raw points loaded: 366,354

━━━ [STAGE 2] Statistical Outlier Demolition
  [INFO] Points surviving outlier filter: 354,812

━━━ [STAGE 3] Live Plane Surface Isolation (RANSAC)
  [INFO] Original RANSAC: a=0.0157, b=-0.0505, c=0.9986, d=-0.4779
  [INFO] Normal vector pointing down. Flipping coefficients up toward lens.
  [INFO] Points isolated on belt plane: 326,216
  [INFO] Non-plane points going to workspace filter: 28,596

━━━ [STAGE 5] Direction-Enforced Spatial Pre-Filtering
  [INFO] Height gate window : 1.50mm to 500.00mm
  [INFO] Dist-from-plane mm : min=5.820 mean=34.340 median=34.168 max=58.158
  [INFO] Rejected by lower gate: 0 / 28,596
  [INFO] Rejected by upper gate: 0 / 28,596
  [DEBUG] Points passing directional spatial filters: 28,596

━━━ [STAGE 6] Spatial Structural Isolation Clustering (DBSCAN)
  [INFO] DBSCAN discovered 3 distinct point groups.

━━━ [STAGE 7] Multi-Gate Geometric Evaluation
  Cluster #00 -> Pts: 28450 | Dims(mm): X=118.3, Y=303.0, Z= 55.0 | VolRatio: 0.182 | Gates: [G1-4=1 G5_Size=1 G6_3D=1] -> PASSED
  Cluster #01 -> Pts: 32    | Dims(mm): X=  3.1, Y=  7.5, Z=  1.0 | VolRatio: 0.134 | Gates: [G1-4=1 G5_Size=0 G6_3D=0] -> REJECTED
  Cluster #02 -> Pts: 114   | Dims(mm): X=  4.3, Y= 33.1, Z=  4.0 | VolRatio: 0.121 | Gates: [G1-4=1 G5_Size=0 G6_3D=0] -> REJECTED
  [INFO] Winning Cluster selected: ID #0 (Score=0.7545)
  [INFO] Winning cluster point count: 28,450

━━━ [STAGE 8] Projection — Sensor Space → Cropped Canvas

  ── [STAGE 8a] Coordinate System Parameters ──
    Intrinsics    : fx=750.148  fy=749.790  cx=386.179  cy=366.086
    Crop offsets  : left=0 px  top=0 px
    Depth sensor  : 510W x 720H px
    RGB canvas    : 510W x 720H px
    Scale factors : scale_x=1.000000  scale_y=1.000000

  ── [STAGE 8b] 3-D Cluster Bounding Box (world space) ──
    X range : -0.0951 m  →  0.0232 m  (span 118.3 mm)
    Y range : -0.1761 m  →  0.1269 m  (span 303.0 mm)
    Z range : 0.4170 m  →  0.4720 m  (span 55.0 mm)
    Z depth : mean=0.4430 m  std=0.0094 m  min=0.4170 m  max=0.4720 m

  ── [STAGE 8c] Projection Steps ──
    [Step 1] Full-sensor pixel coords (before crop subtraction):
      u_sensor  min=230.0  max=425.0  mean=317.7
      v_sensor  min=74.0  max=572.0  mean=309.8
    [OK] Sensor-space OOB: u=0.0%  v=0.0%
    [Step 2] After crop subtraction (crop_left=0, crop_top=0):
      u_cropped min=230.0  max=425.0  mean=317.7
      v_cropped min=74.0  max=572.0  mean=309.8
    [Step 2 Check] Cropped coords outside canvas: u<0=0.0%  u>W=0.0%  v<0=0.0%  v>H=0.0%
    [Step 3] After scale to canvas (scale_x=1.0000, scale_y=1.0000):
      u  min=230  max=425  mean=317.7
      v  min=74  max=572  mean=309.8
      Canvas target size : 510W x 720H px

  ── [STAGE 8d] Expected mask centroid on canvas ──
      Projected centroid : u=317.7 px  v=309.8 px
      Canvas centre      : u=255.0 px  v=360.0 px
      Offset from centre : Δu=62.7 px  Δv=-50.2 px

  ── [STAGE 8e] Bounds Filter ──
    Total projected points : 28,450
    Inside canvas bounds   : 28,450  (100.0%)
    Duplicate pixel hits    : 0
  [INFO] Density non-zero pixels: 28,450
  [INFO] Density peak count     : 1
  [INFO] Raw mask white pixels before morphology: 28,450
  [INFO] White pixels after close: 30,990
  [INFO] Morphological open skipped for tip-loss debugging.
  [INFO] White pixels after open (skipped): 30,990

  ── [STAGE 8f] Final Mask Stats ──
    Bounding box : 195W x 498H px
    Mask centroid: (327.5, 323.0) px
    White pixels : 30,990
  masking.py run ended: 2026-06-13 19:48:27.990980
