
================================================================================
  masking.py run started: 2026-06-13 19:50:58.175257
================================================================================

━━━ [STAGE 1] Loading Point Cloud Array
  [INFO] Total raw points loaded: 366,070

━━━ [STAGE 2] Statistical Outlier Demolition
  [INFO] Points surviving outlier filter: 352,915

━━━ [STAGE 3] Live Plane Surface Isolation (RANSAC)
  [INFO] Original RANSAC: a=0.0141, b=-0.0800, c=0.9967, d=-0.4753
  [INFO] Normal vector pointing down. Flipping coefficients up toward lens.
  [INFO] Points isolated on belt plane: 331,254
  [INFO] Non-plane points going to workspace filter: 21,661

━━━ [STAGE 5] Direction-Enforced Spatial Pre-Filtering
  [INFO] Height gate window : 1.50mm to 500.00mm
  [INFO] Dist-from-plane mm : min=15.741 mean=35.185 median=37.751 max=50.020
  [INFO] Rejected by lower gate: 0 / 21,661
  [INFO] Rejected by upper gate: 0 / 21,661
  [DEBUG] Points passing directional spatial filters: 21,661

━━━ [STAGE 6] Spatial Structural Isolation Clustering (DBSCAN)
  [INFO] DBSCAN discovered 1 distinct point groups.

━━━ [STAGE 7] Multi-Gate Geometric Evaluation
  Cluster #00 -> Pts: 21661 | Dims(mm): X=113.5, Y=104.2, Z= 42.0 | VolRatio: 0.370 | Gates: [G1-4=1 G5_Size=1 G6_3D=1] -> PASSED
  [INFO] Winning Cluster selected: ID #0 (Score=0.8110)
  [INFO] Winning cluster point count: 21,661

━━━ [STAGE 8] Projection — Sensor Space → Cropped Canvas

  ── [STAGE 8a] Coordinate System Parameters ──
    Intrinsics    : fx=750.148  fy=749.790  cx=386.179  cy=366.086
    Crop offsets  : left=0 px  top=0 px
    Depth sensor  : 510W x 720H px
    RGB canvas    : 510W x 720H px
    Scale factors : scale_x=1.000000  scale_y=1.000000

  ── [STAGE 8b] 3-D Cluster Bounding Box (world space) ──
    X range : -0.1990 m  →  -0.0854 m  (span 113.5 mm)
    Y range : -0.2114 m  →  -0.1072 m  (span 104.2 mm)
    Z range : 0.4120 m  →  0.4540 m  (span 42.0 mm)
    Z depth : mean=0.4298 m  std=0.0095 m  min=0.4120 m  max=0.4540 m

  ── [STAGE 8c] Projection Steps ──
    [Step 1] Full-sensor pixel coords (before crop subtraction):
      u_sensor  min=49.0  max=241.0  mean=162.9
      v_sensor  min=-0.0  max=189.0  mean=69.9
    [OK] Sensor-space OOB: u=0.0%  v=0.1%
    [Step 2] After crop subtraction (crop_left=0, crop_top=0):
      u_cropped min=49.0  max=241.0  mean=162.9
      v_cropped min=-0.0  max=189.0  mean=69.9
    [Step 2 Check] Cropped coords outside canvas: u<0=0.0%  u>W=0.0%  v<0=0.1%  v>H=0.0%
    [Step 3] After scale to canvas (scale_x=1.0000, scale_y=1.0000):
      u  min=49  max=241  mean=162.9
      v  min=0  max=189  mean=69.9
      Canvas target size : 510W x 720H px

  ── [STAGE 8d] Expected mask centroid on canvas ──
      Projected centroid : u=162.9 px  v=69.9 px
      Canvas centre      : u=255.0 px  v=360.0 px
      Offset from centre : Δu=-92.1 px  Δv=-290.1 px

  ── [STAGE 8e] Bounds Filter ──
    Total projected points : 21,661
    Inside canvas bounds   : 21,661  (100.0%)
    Duplicate pixel hits    : 0
  [INFO] Density non-zero pixels: 21,661
  [INFO] Density peak count     : 1
  [INFO] Raw mask white pixels before morphology: 21,661
  [INFO] White pixels after close: 23,077
  [INFO] Morphological open skipped for tip-loss debugging.
  [INFO] White pixels after open (skipped): 23,077

  ── [STAGE 8f] Final Mask Stats ──
    Bounding box : 192W x 189H px
    Mask centroid: (145.0, 94.5) px
    White pixels : 23,077
  masking.py run ended: 2026-06-13 19:51:01.267032
