
================================================================================
  masking.py run started: 2026-06-13 19:52:25.336392
================================================================================

━━━ [STAGE 1] Loading Point Cloud Array
  [INFO] Total raw points loaded: 365,807

━━━ [STAGE 2] Statistical Outlier Demolition
  [INFO] Points surviving outlier filter: 356,384

━━━ [STAGE 3] Live Plane Surface Isolation (RANSAC)
  [INFO] Original RANSAC: a=0.0138, b=-0.0891, c=0.9959, d=-0.4749
  [INFO] Normal vector pointing down. Flipping coefficients up toward lens.
  [INFO] Points isolated on belt plane: 340,660
  [INFO] Non-plane points going to workspace filter: 15,724

━━━ [STAGE 5] Direction-Enforced Spatial Pre-Filtering
  [INFO] Height gate window : 1.50mm to 500.00mm
  [INFO] Dist-from-plane mm : min=14.635 mean=38.903 median=35.292 max=72.284
  [INFO] Rejected by lower gate: 0 / 15,724
  [INFO] Rejected by upper gate: 0 / 15,724
  [DEBUG] Points passing directional spatial filters: 15,724

━━━ [STAGE 6] Spatial Structural Isolation Clustering (DBSCAN)
  [INFO] DBSCAN discovered 2 distinct point groups.

━━━ [STAGE 7] Multi-Gate Geometric Evaluation
  Cluster #00 -> Pts: 15660 | Dims(mm): X= 70.5, Y=134.3, Z= 67.0 | VolRatio: 0.499 | Gates: [G1-4=1 G5_Size=1 G6_3D=1] -> PASSED
  Cluster #01 -> Pts: 64    | Dims(mm): X=  3.1, Y= 33.4, Z= 12.0 | VolRatio: 0.094 | Gates: [G1-4=1 G5_Size=0 G6_3D=0] -> REJECTED
  [INFO] Winning Cluster selected: ID #0 (Score=0.8496)
  [INFO] Winning cluster point count: 15,660

━━━ [STAGE 8] Projection — Sensor Space → Cropped Canvas

  ── [STAGE 8a] Coordinate System Parameters ──
    Intrinsics    : fx=750.148  fy=749.790  cx=386.179  cy=366.086
    Crop offsets  : left=0 px  top=0 px
    Depth sensor  : 510W x 720H px
    RGB canvas    : 510W x 720H px
    Scale factors : scale_x=1.000000  scale_y=1.000000

  ── [STAGE 8b] 3-D Cluster Bounding Box (world space) ──
    X range : -0.1458 m  →  -0.0753 m  (span 70.5 mm)
    Y range : -0.2027 m  →  -0.0683 m  (span 134.3 mm)
    Z range : 0.3900 m  →  0.4570 m  (span 67.0 mm)
    Z depth : mean=0.4271 m  std=0.0182 m  min=0.3900 m  max=0.4570 m

  ── [STAGE 8c] Projection Steps ──
    [Step 1] Full-sensor pixel coords (before crop subtraction):
      u_sensor  min=141.0  max=262.0  mean=203.5
      v_sensor  min=0.0  max=254.0  mean=126.8
    [OK] Sensor-space OOB: u=0.0%  v=0.0%
    [Step 2] After crop subtraction (crop_left=0, crop_top=0):
      u_cropped min=141.0  max=262.0  mean=203.5
      v_cropped min=0.0  max=254.0  mean=126.8
    [Step 2 Check] Cropped coords outside canvas: u<0=0.0%  u>W=0.0%  v<0=0.0%  v>H=0.0%
    [Step 3] After scale to canvas (scale_x=1.0000, scale_y=1.0000):
      u  min=141  max=262  mean=203.5
      v  min=0  max=254  mean=126.8
      Canvas target size : 510W x 720H px

  ── [STAGE 8d] Expected mask centroid on canvas ──
      Projected centroid : u=203.5 px  v=126.8 px
      Canvas centre      : u=255.0 px  v=360.0 px
      Offset from centre : Δu=-51.5 px  Δv=-233.2 px

  ── [STAGE 8e] Bounds Filter ──
    Total projected points : 15,660
    Inside canvas bounds   : 15,660  (100.0%)
    Duplicate pixel hits    : 0
  [INFO] Density non-zero pixels: 15,660
  [INFO] Density peak count     : 1
  [INFO] Raw mask white pixels before morphology: 15,660
  [INFO] White pixels after close: 16,979
  [INFO] Morphological open skipped for tip-loss debugging.
  [INFO] White pixels after open (skipped): 16,979

  ── [STAGE 8f] Final Mask Stats ──
    Bounding box : 121W x 254H px
    Mask centroid: (201.5, 127.0) px
    White pixels : 16,979
  masking.py run ended: 2026-06-13 19:52:27.441400
