
================================================================================
  masking.py run started: 2026-06-13 20:02:11.924570
================================================================================

━━━ [STAGE 1] Loading Point Cloud Array
  [INFO] Total raw points loaded: 366,155

━━━ [STAGE 2] Statistical Outlier Demolition
  [INFO] Points surviving outlier filter: 353,900

━━━ [STAGE 3] Live Plane Surface Isolation (RANSAC)
  [INFO] Original RANSAC: a=0.0146, b=-0.0739, c=0.9972, d=-0.4766
  [INFO] Normal vector pointing down. Flipping coefficients up toward lens.
  [INFO] Points isolated on belt plane: 346,888
  [INFO] Non-plane points going to workspace filter: 7,012

━━━ [STAGE 5] Direction-Enforced Spatial Pre-Filtering
  [INFO] Height gate window : 1.50mm to 500.00mm
  [INFO] Dist-from-plane mm : min=-9.908 mean=31.260 median=29.352 max=53.144
  [INFO] Rejected by lower gate: 235 / 7,012
  [INFO] Rejected by upper gate: 0 / 7,012
  [DEBUG] Points passing directional spatial filters: 6,777

━━━ [STAGE 6] Spatial Structural Isolation Clustering (DBSCAN)
  [INFO] DBSCAN discovered 2 distinct point groups.

━━━ [STAGE 7] Multi-Gate Geometric Evaluation
  Cluster #00 -> Pts: 6761  | Dims(mm): X=101.5, Y= 77.4, Z= 41.0 | VolRatio: 0.404 | Gates: [G1-4=1 G5_Size=1 G6_3D=1] -> PASSED
  Cluster #01 -> Pts: 16    | Dims(mm): X=  2.7, Y=  9.5, Z=  1.0 | VolRatio: 0.105 | Gates: [G1-4=0 G5_Size=0 G6_3D=0] -> REJECTED
  [INFO] Winning Cluster selected: ID #0 (Score=0.6592)
  [INFO] Winning cluster point count: 6,761

━━━ [STAGE 8] Projection — Sensor Space → Cropped Canvas

  ── [STAGE 8a] Coordinate System Parameters ──
    Intrinsics    : fx=750.148  fy=749.790  cx=386.179  cy=366.086
    Crop offsets  : left=0 px  top=0 px
    Depth sensor  : 510W x 720H px
    RGB canvas    : 510W x 720H px
    Scale factors : scale_x=1.000000  scale_y=1.000000

  ── [STAGE 8b] 3-D Cluster Bounding Box (world space) ──
    X range : -0.0538 m  →  0.0477 m  (span 101.5 mm)
    Y range : 0.0248 m  →  0.1021 m  (span 77.4 mm)
    Z range : 0.4290 m  →  0.4700 m  (span 41.0 mm)
    Z depth : mean=0.4502 m  std=0.0116 m  min=0.4290 m  max=0.4700 m

  ── [STAGE 8c] Projection Steps ──
    [Step 1] Full-sensor pixel coords (before crop subtraction):
      u_sensor  min=300.0  max=463.0  mean=381.2
      v_sensor  min=406.0  max=529.0  mean=477.4
    [OK] Sensor-space OOB: u=0.0%  v=0.0%
    [Step 2] After crop subtraction (crop_left=0, crop_top=0):
      u_cropped min=300.0  max=463.0  mean=381.2
      v_cropped min=406.0  max=529.0  mean=477.4
    [Step 2 Check] Cropped coords outside canvas: u<0=0.0%  u>W=0.0%  v<0=0.0%  v>H=0.0%
    [Step 3] After scale to canvas (scale_x=1.0000, scale_y=1.0000):
      u  min=300  max=463  mean=381.2
      v  min=406  max=529  mean=477.4
      Canvas target size : 510W x 720H px

  ── [STAGE 8d] Expected mask centroid on canvas ──
      Projected centroid : u=381.2 px  v=477.4 px
      Canvas centre      : u=255.0 px  v=360.0 px
      Offset from centre : Δu=126.2 px  Δv=117.4 px

  ── [STAGE 8e] Bounds Filter ──
    Total projected points : 6,761
    Inside canvas bounds   : 6,761  (100.0%)
    Duplicate pixel hits    : 0
  [INFO] Density non-zero pixels: 6,761
  [INFO] Density peak count     : 1
  [INFO] Raw mask white pixels before morphology: 6,761
  [INFO] White pixels after close: 9,197
  [INFO] Morphological open skipped for tip-loss debugging.
  [INFO] White pixels after open (skipped): 9,197

  ── [STAGE 8f] Final Mask Stats ──
    Bounding box : 163W x 123H px
    Mask centroid: (381.5, 467.5) px
    White pixels : 9,197
  masking.py run ended: 2026-06-13 20:02:13.398000
