
================================================================================
  masking.py run started: 2026-06-13 19:53:22.960695
================================================================================

━━━ [STAGE 1] Loading Point Cloud Array
  [INFO] Total raw points loaded: 365,337

━━━ [STAGE 2] Statistical Outlier Demolition
  [INFO] Points surviving outlier filter: 355,692

━━━ [STAGE 3] Live Plane Surface Isolation (RANSAC)
  [INFO] Original RANSAC: a=0.0123, b=-0.1251, c=0.9921, d=-0.4708
  [INFO] Normal vector pointing down. Flipping coefficients up toward lens.
  [INFO] Points isolated on belt plane: 348,826
  [INFO] Non-plane points going to workspace filter: 6,866

━━━ [STAGE 5] Direction-Enforced Spatial Pre-Filtering
  [INFO] Height gate window : 1.50mm to 500.00mm
  [INFO] Dist-from-plane mm : min=13.838 mean=36.862 median=25.369 max=94.398
  [INFO] Rejected by lower gate: 0 / 6,866
  [INFO] Rejected by upper gate: 0 / 6,866
  [DEBUG] Points passing directional spatial filters: 6,866

━━━ [STAGE 6] Spatial Structural Isolation Clustering (DBSCAN)
  [INFO] DBSCAN discovered 2 distinct point groups.

━━━ [STAGE 7] Multi-Gate Geometric Evaluation
  Cluster #00 -> Pts: 6848  | Dims(mm): X=108.1, Y= 79.3, Z= 86.0 | VolRatio: 0.733 | Gates: [G1-4=1 G5_Size=1 G6_3D=1] -> PASSED
  Cluster #01 -> Pts: 18    | Dims(mm): X=  1.2, Y=  3.6, Z=  1.0 | VolRatio: 0.276 | Gates: [G1-4=0 G5_Size=0 G6_3D=1] -> REJECTED
  [INFO] Winning Cluster selected: ID #0 (Score=0.7623)
  [INFO] Winning cluster point count: 6,848

━━━ [STAGE 8] Projection — Sensor Space → Cropped Canvas

  ── [STAGE 8a] Coordinate System Parameters ──
    Intrinsics    : fx=750.148  fy=749.790  cx=386.179  cy=366.086
    Crop offsets  : left=0 px  top=0 px
    Depth sensor  : 510W x 720H px
    RGB canvas    : 510W x 720H px
    Scale factors : scale_x=1.000000  scale_y=1.000000

  ── [STAGE 8b] 3-D Cluster Bounding Box (world space) ──
    X range : -0.1811 m  →  -0.0729 m  (span 108.1 mm)
    Y range : -0.0414 m  →  0.0379 m  (span 79.3 mm)
    Z range : 0.3800 m  →  0.4660 m  (span 86.0 mm)
    Z depth : mean=0.4380 m  std=0.0237 m  min=0.3800 m  max=0.4660 m

  ── [STAGE 8c] Projection Steps ──
    [Step 1] Full-sensor pixel coords (before crop subtraction):
      u_sensor  min=87.0  max=255.0  mean=169.3
      v_sensor  min=298.0  max=427.0  mean=353.4
    [OK] Sensor-space OOB: u=0.0%  v=0.0%
    [Step 2] After crop subtraction (crop_left=0, crop_top=0):
      u_cropped min=87.0  max=255.0  mean=169.3
      v_cropped min=298.0  max=427.0  mean=353.4
    [Step 2 Check] Cropped coords outside canvas: u<0=0.0%  u>W=0.0%  v<0=0.0%  v>H=0.0%
    [Step 3] After scale to canvas (scale_x=1.0000, scale_y=1.0000):
      u  min=87  max=255  mean=169.3
      v  min=298  max=427  mean=353.4
      Canvas target size : 510W x 720H px

  ── [STAGE 8d] Expected mask centroid on canvas ──
      Projected centroid : u=169.3 px  v=353.4 px
      Canvas centre      : u=255.0 px  v=360.0 px
      Offset from centre : Δu=-85.7 px  Δv=-6.6 px

  ── [STAGE 8e] Bounds Filter ──
    Total projected points : 6,848
    Inside canvas bounds   : 6,848  (100.0%)
    Duplicate pixel hits    : 0
  [INFO] Density non-zero pixels: 6,848
  [INFO] Density peak count     : 1
  [INFO] Raw mask white pixels before morphology: 6,848
  [INFO] White pixels after close: 8,475
  [INFO] Morphological open skipped for tip-loss debugging.
  [INFO] White pixels after open (skipped): 8,475

  ── [STAGE 8f] Final Mask Stats ──
    Bounding box : 168W x 129H px
    Mask centroid: (171.0, 362.5) px
    White pixels : 8,475
  masking.py run ended: 2026-06-13 19:53:24.452393
