
================================================================================
  masking.py run started: 2026-06-13 19:52:29.074675
================================================================================

━━━ [STAGE 1] Loading Point Cloud Array
  [INFO] Total raw points loaded: 365,911

━━━ [STAGE 2] Statistical Outlier Demolition
  [INFO] Points surviving outlier filter: 355,868

━━━ [STAGE 3] Live Plane Surface Isolation (RANSAC)
  [INFO] Original RANSAC: a=0.0138, b=-0.0894, c=0.9959, d=-0.4750
  [INFO] Normal vector pointing down. Flipping coefficients up toward lens.
  [INFO] Points isolated on belt plane: 345,228
  [INFO] Non-plane points going to workspace filter: 10,640

━━━ [STAGE 5] Direction-Enforced Spatial Pre-Filtering
  [INFO] Height gate window : 1.50mm to 500.00mm
  [INFO] Dist-from-plane mm : min=12.666 mean=39.745 median=38.919 max=51.630
  [INFO] Rejected by lower gate: 0 / 10,640
  [INFO] Rejected by upper gate: 0 / 10,640
  [DEBUG] Points passing directional spatial filters: 10,640

━━━ [STAGE 6] Spatial Structural Isolation Clustering (DBSCAN)
  [INFO] DBSCAN discovered 1 distinct point groups.

━━━ [STAGE 7] Multi-Gate Geometric Evaluation
  Cluster #00 -> Pts: 10640 | Dims(mm): X= 80.8, Y= 71.2, Z= 38.0 | VolRatio: 0.470 | Gates: [G1-4=1 G5_Size=1 G6_3D=1] -> PASSED
  [INFO] Winning Cluster selected: ID #0 (Score=0.8410)
  [INFO] Winning cluster point count: 10,640

━━━ [STAGE 8] Projection — Sensor Space → Cropped Canvas

  ── [STAGE 8a] Coordinate System Parameters ──
    Intrinsics    : fx=750.148  fy=749.790  cx=386.179  cy=366.086
    Crop offsets  : left=0 px  top=0 px
    Depth sensor  : 510W x 720H px
    RGB canvas    : 510W x 720H px
    Scale factors : scale_x=1.000000  scale_y=1.000000

  ── [STAGE 8b] 3-D Cluster Bounding Box (world space) ──
    X range : -0.1320 m  →  -0.0512 m  (span 80.8 mm)
    Y range : -0.1500 m  →  -0.0788 m  (span 71.2 mm)
    Z range : 0.4150 m  →  0.4530 m  (span 38.0 mm)
    Z depth : mean=0.4283 m  std=0.0073 m  min=0.4150 m  max=0.4530 m

  ── [STAGE 8c] Projection Steps ──
    [Step 1] Full-sensor pixel coords (before crop subtraction):
      u_sensor  min=159.0  max=301.0  mean=227.2
      v_sensor  min=107.0  max=233.0  mean=172.0
    [OK] Sensor-space OOB: u=0.0%  v=0.0%
    [Step 2] After crop subtraction (crop_left=0, crop_top=0):
      u_cropped min=159.0  max=301.0  mean=227.2
      v_cropped min=107.0  max=233.0  mean=172.0
    [Step 2 Check] Cropped coords outside canvas: u<0=0.0%  u>W=0.0%  v<0=0.0%  v>H=0.0%
    [Step 3] After scale to canvas (scale_x=1.0000, scale_y=1.0000):
      u  min=159  max=301  mean=227.2
      v  min=107  max=233  mean=172.0
      Canvas target size : 510W x 720H px

  ── [STAGE 8d] Expected mask centroid on canvas ──
      Projected centroid : u=227.2 px  v=172.0 px
      Canvas centre      : u=255.0 px  v=360.0 px
      Offset from centre : Δu=-27.8 px  Δv=-188.0 px

  ── [STAGE 8e] Bounds Filter ──
    Total projected points : 10,640
    Inside canvas bounds   : 10,640  (100.0%)
    Duplicate pixel hits    : 0
  [INFO] Density non-zero pixels: 10,640
  [INFO] Density peak count     : 1
  [INFO] Raw mask white pixels before morphology: 10,640
  [INFO] White pixels after close: 12,018
  [INFO] Morphological open skipped for tip-loss debugging.
  [INFO] White pixels after open (skipped): 12,018

  ── [STAGE 8f] Final Mask Stats ──
    Bounding box : 142W x 126H px
    Mask centroid: (230.0, 170.0) px
    White pixels : 12,018
  masking.py run ended: 2026-06-13 19:52:30.888705
