
================================================================================
  masking.py run started: 2026-06-13 19:48:47.354164
================================================================================

━━━ [STAGE 1] Loading Point Cloud Array
  [INFO] Total raw points loaded: 366,421

━━━ [STAGE 2] Statistical Outlier Demolition
  [INFO] Points surviving outlier filter: 354,829

━━━ [STAGE 3] Live Plane Surface Isolation (RANSAC)
  [INFO] Original RANSAC: a=0.0159, b=-0.0506, c=0.9986, d=-0.4780
  [INFO] Normal vector pointing down. Flipping coefficients up toward lens.
  [INFO] Points isolated on belt plane: 334,013
  [INFO] Non-plane points going to workspace filter: 20,816

━━━ [STAGE 5] Direction-Enforced Spatial Pre-Filtering
  [INFO] Height gate window : 1.50mm to 500.00mm
  [INFO] Dist-from-plane mm : min=-5.550 mean=36.531 median=38.908 max=55.526
  [INFO] Rejected by lower gate: 22 / 20,816
  [INFO] Rejected by upper gate: 0 / 20,816
  [DEBUG] Points passing directional spatial filters: 20,794

━━━ [STAGE 6] Spatial Structural Isolation Clustering (DBSCAN)
  [INFO] DBSCAN discovered 3 distinct point groups.

━━━ [STAGE 7] Multi-Gate Geometric Evaluation
  Cluster #00 -> Pts: 20604 | Dims(mm): X=187.6, Y=244.9, Z= 46.0 | VolRatio: 0.188 | Gates: [G1-4=1 G5_Size=1 G6_3D=1] -> PASSED
  Cluster #01 -> Pts: 57    | Dims(mm): X=  4.5, Y= 17.8, Z=  1.0 | VolRatio: 0.056 | Gates: [G1-4=1 G5_Size=0 G6_3D=0] -> REJECTED
  Cluster #02 -> Pts: 126   | Dims(mm): X= 13.6, Y= 32.8, Z=  3.0 | VolRatio: 0.092 | Gates: [G1-4=1 G5_Size=0 G6_3D=0] -> REJECTED
  [INFO] Winning Cluster selected: ID #0 (Score=0.7564)
  [INFO] Winning cluster point count: 20,604

━━━ [STAGE 8] Projection — Sensor Space → Cropped Canvas

  ── [STAGE 8a] Coordinate System Parameters ──
    Intrinsics    : fx=750.148  fy=749.790  cx=386.179  cy=366.086
    Crop offsets  : left=0 px  top=0 px
    Depth sensor  : 510W x 720H px
    RGB canvas    : 510W x 720H px
    Scale factors : scale_x=1.000000  scale_y=1.000000

  ── [STAGE 8b] 3-D Cluster Bounding Box (world space) ──
    X range : -0.1151 m  →  0.0725 m  (span 187.6 mm)
    Y range : -0.1700 m  →  0.0749 m  (span 244.9 mm)
    Z range : 0.4170 m  →  0.4630 m  (span 46.0 mm)
    Z depth : mean=0.4394 m  std=0.0103 m  min=0.4170 m  max=0.4630 m

  ── [STAGE 8c] Projection Steps ──
    [Step 1] Full-sensor pixel coords (before crop subtraction):
      u_sensor  min=182.0  max=509.0  mean=329.6
      v_sensor  min=76.0  max=490.0  mean=269.4
    [OK] Sensor-space OOB: u=0.0%  v=0.0%
    [Step 2] After crop subtraction (crop_left=0, crop_top=0):
      u_cropped min=182.0  max=509.0  mean=329.6
      v_cropped min=76.0  max=490.0  mean=269.4
    [Step 2 Check] Cropped coords outside canvas: u<0=0.0%  u>W=0.0%  v<0=0.0%  v>H=0.0%
    [Step 3] After scale to canvas (scale_x=1.0000, scale_y=1.0000):
      u  min=182  max=509  mean=329.6
      v  min=76  max=490  mean=269.4
      Canvas target size : 510W x 720H px

  ── [STAGE 8d] Expected mask centroid on canvas ──
      Projected centroid : u=329.6 px  v=269.4 px
      Canvas centre      : u=255.0 px  v=360.0 px
      Offset from centre : Δu=74.6 px  Δv=-90.6 px

  ── [STAGE 8e] Bounds Filter ──
    Total projected points : 20,604
    Inside canvas bounds   : 20,604  (100.0%)
    Duplicate pixel hits    : 0
  [INFO] Density non-zero pixels: 20,604
  [INFO] Density peak count     : 1
  [INFO] Raw mask white pixels before morphology: 20,604
  [INFO] White pixels after close: 22,910
  [INFO] Morphological open skipped for tip-loss debugging.
  [INFO] White pixels after open (skipped): 22,910

  ── [STAGE 8f] Final Mask Stats ──
    Bounding box : 327W x 414H px
    Mask centroid: (345.5, 283.0) px
    White pixels : 22,910
  masking.py run ended: 2026-06-13 19:48:50.192441
