
================================================================================
  masking.py run started: 2026-06-13 19:58:23.172934
================================================================================

━━━ [STAGE 1] Loading Point Cloud Array
  [INFO] Total raw points loaded: 362,488

━━━ [STAGE 2] Statistical Outlier Demolition
  [INFO] Points surviving outlier filter: 350,488

━━━ [STAGE 3] Live Plane Surface Isolation (RANSAC)
  [INFO] Original RANSAC: a=0.0142, b=-0.1941, c=0.9809, d=-0.4632
  [INFO] Normal vector pointing down. Flipping coefficients up toward lens.
  [INFO] Points isolated on belt plane: 325,763
  [INFO] Non-plane points going to workspace filter: 24,725

━━━ [STAGE 5] Direction-Enforced Spatial Pre-Filtering
  [INFO] Height gate window : 1.50mm to 500.00mm
  [INFO] Dist-from-plane mm : min=-13.931 mean=58.027 median=59.717 max=92.262
  [INFO] Rejected by lower gate: 112 / 24,725
  [INFO] Rejected by upper gate: 0 / 24,725
  [DEBUG] Points passing directional spatial filters: 24,613

━━━ [STAGE 6] Spatial Structural Isolation Clustering (DBSCAN)
  [INFO] DBSCAN discovered 1 distinct point groups.

━━━ [STAGE 7] Multi-Gate Geometric Evaluation
  Cluster #00 -> Pts: 24609 | Dims(mm): X=134.8, Y=125.1, Z= 89.0 | VolRatio: 0.660 | Gates: [G1-4=1 G5_Size=1 G6_3D=1] -> PASSED
  [INFO] Winning Cluster selected: ID #0 (Score=0.8980)
  [INFO] Winning cluster point count: 24,609

━━━ [STAGE 8] Projection — Sensor Space → Cropped Canvas

  ── [STAGE 8a] Coordinate System Parameters ──
    Intrinsics    : fx=750.148  fy=749.790  cx=386.179  cy=366.086
    Crop offsets  : left=0 px  top=0 px
    Depth sensor  : 510W x 720H px
    RGB canvas    : 510W x 720H px
    Scale factors : scale_x=1.000000  scale_y=1.000000

  ── [STAGE 8b] 3-D Cluster Bounding Box (world space) ──
    X range : -0.1676 m  →  -0.0328 m  (span 134.8 mm)
    Y range : -0.0110 m  →  0.1141 m  (span 125.1 mm)
    Z range : 0.3920 m  →  0.4810 m  (span 89.0 mm)
    Z depth : mean=0.4240 m  std=0.0193 m  min=0.3920 m  max=0.4810 m

  ── [STAGE 8c] Projection Steps ──
    [Step 1] Full-sensor pixel coords (before crop subtraction):
      u_sensor  min=100.0  max=333.0  mean=207.1
      v_sensor  min=348.0  max=552.0  mean=454.2
    [OK] Sensor-space OOB: u=0.0%  v=0.0%
    [Step 2] After crop subtraction (crop_left=0, crop_top=0):
      u_cropped min=100.0  max=333.0  mean=207.1
      v_cropped min=348.0  max=552.0  mean=454.2
    [Step 2 Check] Cropped coords outside canvas: u<0=0.0%  u>W=0.0%  v<0=0.0%  v>H=0.0%
    [Step 3] After scale to canvas (scale_x=1.0000, scale_y=1.0000):
      u  min=100  max=333  mean=207.1
      v  min=348  max=552  mean=454.2
      Canvas target size : 510W x 720H px

  ── [STAGE 8d] Expected mask centroid on canvas ──
      Projected centroid : u=207.1 px  v=454.2 px
      Canvas centre      : u=255.0 px  v=360.0 px
      Offset from centre : Δu=-47.9 px  Δv=94.2 px

  ── [STAGE 8e] Bounds Filter ──
    Total projected points : 24,609
    Inside canvas bounds   : 24,609  (100.0%)
    Duplicate pixel hits    : 0
  [INFO] Density non-zero pixels: 24,609
  [INFO] Density peak count     : 1
  [INFO] Raw mask white pixels before morphology: 24,609
  [INFO] White pixels after close: 30,093
  [INFO] Morphological open skipped for tip-loss debugging.
  [INFO] White pixels after open (skipped): 30,093

  ── [STAGE 8f] Final Mask Stats ──
    Bounding box : 233W x 204H px
    Mask centroid: (216.5, 450.0) px
    White pixels : 30,093
  masking.py run ended: 2026-06-13 19:58:26.298382
