
================================================================================
  masking.py run started: 2026-06-13 19:47:14.649875
================================================================================

━━━ [STAGE 1] Loading Point Cloud Array
  [INFO] Total raw points loaded: 366,426

━━━ [STAGE 2] Statistical Outlier Demolition
  [INFO] Points surviving outlier filter: 358,126

━━━ [STAGE 3] Live Plane Surface Isolation (RANSAC)
  [INFO] Original RANSAC: a=0.0149, b=-0.0448, c=0.9989, d=-0.4778
  [INFO] Normal vector pointing down. Flipping coefficients up toward lens.
  [INFO] Points isolated on belt plane: 310,627
  [INFO] Non-plane points going to workspace filter: 47,499

━━━ [STAGE 5] Direction-Enforced Spatial Pre-Filtering
  [INFO] Height gate window : 1.50mm to 500.00mm
  [INFO] Dist-from-plane mm : min=-5.884 mean=31.905 median=28.062 max=64.537
  [INFO] Rejected by lower gate: 136 / 47,499
  [INFO] Rejected by upper gate: 0 / 47,499
  [DEBUG] Points passing directional spatial filters: 47,363

━━━ [STAGE 6] Spatial Structural Isolation Clustering (DBSCAN)
  [INFO] DBSCAN discovered 1 distinct point groups.

━━━ [STAGE 7] Multi-Gate Geometric Evaluation
  Cluster #00 -> Pts: 47363 | Dims(mm): X=143.5, Y=218.6, Z= 53.0 | VolRatio: 0.242 | Gates: [G1-4=1 G5_Size=1 G6_3D=1] -> PASSED
  [INFO] Winning Cluster selected: ID #0 (Score=0.7727)
  [INFO] Winning cluster point count: 47,363

━━━ [STAGE 8] Projection — Sensor Space → Cropped Canvas

  ── [STAGE 8a] Coordinate System Parameters ──
    Intrinsics    : fx=750.148  fy=749.790  cx=386.179  cy=366.086
    Crop offsets  : left=0 px  top=0 px
    Depth sensor  : 510W x 720H px
    RGB canvas    : 510W x 720H px
    Scale factors : scale_x=1.000000  scale_y=1.000000

  ── [STAGE 8b] 3-D Cluster Bounding Box (world space) ──
    X range : -0.1468 m  →  -0.0032 m  (span 143.5 mm)
    Y range : 0.0006 m  →  0.2192 m  (span 218.6 mm)
    Z range : 0.4160 m  →  0.4690 m  (span 53.0 mm)
    Z depth : mean=0.4520 m  std=0.0129 m  min=0.4160 m  max=0.4690 m

  ── [STAGE 8c] Projection Steps ──
    [Step 1] Full-sensor pixel coords (before crop subtraction):
      u_sensor  min=141.0  max=381.0  mean=256.7
      v_sensor  min=367.0  max=718.0  mean=530.9
    [OK] Sensor-space OOB: u=0.0%  v=0.0%
    [Step 2] After crop subtraction (crop_left=0, crop_top=0):
      u_cropped min=141.0  max=381.0  mean=256.7
      v_cropped min=367.0  max=718.0  mean=530.9
    [Step 2 Check] Cropped coords outside canvas: u<0=0.0%  u>W=0.0%  v<0=0.0%  v>H=0.0%
    [Step 3] After scale to canvas (scale_x=1.0000, scale_y=1.0000):
      u  min=141  max=381  mean=256.7
      v  min=367  max=718  mean=530.9
      Canvas target size : 510W x 720H px

  ── [STAGE 8d] Expected mask centroid on canvas ──
      Projected centroid : u=256.7 px  v=530.9 px
      Canvas centre      : u=255.0 px  v=360.0 px
      Offset from centre : Δu=1.7 px  Δv=170.9 px

  ── [STAGE 8e] Bounds Filter ──
    Total projected points : 47,363
    Inside canvas bounds   : 47,363  (100.0%)
    Duplicate pixel hits    : 0
  [INFO] Density non-zero pixels: 47,363
  [INFO] Density peak count     : 1
  [INFO] Raw mask white pixels before morphology: 47,363
  [INFO] White pixels after close: 49,180
  [INFO] Morphological open skipped for tip-loss debugging.
  [INFO] White pixels after open (skipped): 49,180

  ── [STAGE 8f] Final Mask Stats ──
    Bounding box : 240W x 352H px
    Mask centroid: (261.0, 543.0) px
    White pixels : 49,180
  masking.py run ended: 2026-06-13 19:47:20.734195
