
================================================================================
  masking.py run started: 2026-06-13 19:54:19.096747
================================================================================

━━━ [STAGE 1] Loading Point Cloud Array
  [INFO] Total raw points loaded: 364,104

━━━ [STAGE 2] Statistical Outlier Demolition
  [INFO] Points surviving outlier filter: 353,045

━━━ [STAGE 3] Live Plane Surface Isolation (RANSAC)
  [INFO] Original RANSAC: a=0.0137, b=-0.1808, c=0.9834, d=-0.4645
  [INFO] Normal vector pointing down. Flipping coefficients up toward lens.
  [INFO] Points isolated on belt plane: 341,305
  [INFO] Non-plane points going to workspace filter: 11,740

━━━ [STAGE 5] Direction-Enforced Spatial Pre-Filtering
  [INFO] Height gate window : 1.50mm to 500.00mm
  [INFO] Dist-from-plane mm : min=12.610 mean=25.132 median=23.868 max=52.296
  [INFO] Rejected by lower gate: 0 / 11,740
  [INFO] Rejected by upper gate: 0 / 11,740
  [DEBUG] Points passing directional spatial filters: 11,740

━━━ [STAGE 6] Spatial Structural Isolation Clustering (DBSCAN)
  [INFO] DBSCAN discovered 1 distinct point groups.

━━━ [STAGE 7] Multi-Gate Geometric Evaluation
  Cluster #00 -> Pts: 11740 | Dims(mm): X= 71.5, Y=209.0, Z= 42.0 | VolRatio: 0.201 | Gates: [G1-4=1 G5_Size=1 G6_3D=1] -> PASSED
  [INFO] Winning Cluster selected: ID #0 (Score=0.7603)
  [INFO] Winning cluster point count: 11,740

━━━ [STAGE 8] Projection — Sensor Space → Cropped Canvas

  ── [STAGE 8a] Coordinate System Parameters ──
    Intrinsics    : fx=750.148  fy=749.790  cx=386.179  cy=366.086
    Crop offsets  : left=0 px  top=0 px
    Depth sensor  : 510W x 720H px
    RGB canvas    : 510W x 720H px
    Scale factors : scale_x=1.000000  scale_y=1.000000

  ── [STAGE 8b] 3-D Cluster Bounding Box (world space) ──
    X range : -0.1046 m  →  -0.0332 m  (span 71.5 mm)
    Y range : -0.1952 m  →  0.0137 m  (span 209.0 mm)
    Z range : 0.4150 m  →  0.4570 m  (span 42.0 mm)
    Z depth : mean=0.4306 m  std=0.0090 m  min=0.4150 m  max=0.4570 m

  ── [STAGE 8c] Projection Steps ──
    [Step 1] Full-sensor pixel coords (before crop subtraction):
      u_sensor  min=204.0  max=329.0  mean=284.6
      v_sensor  min=20.0  max=389.0  mean=204.5
    [OK] Sensor-space OOB: u=0.0%  v=0.0%
    [Step 2] After crop subtraction (crop_left=0, crop_top=0):
      u_cropped min=204.0  max=329.0  mean=284.6
      v_cropped min=20.0  max=389.0  mean=204.5
    [Step 2 Check] Cropped coords outside canvas: u<0=0.0%  u>W=0.0%  v<0=0.0%  v>H=0.0%
    [Step 3] After scale to canvas (scale_x=1.0000, scale_y=1.0000):
      u  min=204  max=329  mean=284.6
      v  min=20  max=389  mean=204.5
      Canvas target size : 510W x 720H px

  ── [STAGE 8d] Expected mask centroid on canvas ──
      Projected centroid : u=284.6 px  v=204.5 px
      Canvas centre      : u=255.0 px  v=360.0 px
      Offset from centre : Δu=29.6 px  Δv=-155.5 px

  ── [STAGE 8e] Bounds Filter ──
    Total projected points : 11,740
    Inside canvas bounds   : 11,740  (100.0%)
    Duplicate pixel hits    : 0
  [INFO] Density non-zero pixels: 11,740
  [INFO] Density peak count     : 1
  [INFO] Raw mask white pixels before morphology: 11,740
  [INFO] White pixels after close: 14,292
  [INFO] Morphological open skipped for tip-loss debugging.
  [INFO] White pixels after open (skipped): 14,292

  ── [STAGE 8f] Final Mask Stats ──
    Bounding box : 125W x 369H px
    Mask centroid: (266.5, 204.5) px
    White pixels : 14,292
  masking.py run ended: 2026-06-13 19:54:20.962218
