
================================================================================
  masking.py run started: 2026-06-13 19:51:09.731318
================================================================================

━━━ [STAGE 1] Loading Point Cloud Array
  [INFO] Total raw points loaded: 366,051

━━━ [STAGE 2] Statistical Outlier Demolition
  [INFO] Points surviving outlier filter: 354,322

━━━ [STAGE 3] Live Plane Surface Isolation (RANSAC)
  [INFO] Original RANSAC: a=0.0142, b=-0.0803, c=0.9967, d=-0.4753
  [INFO] Normal vector pointing down. Flipping coefficients up toward lens.
  [INFO] Points isolated on belt plane: 344,591
  [INFO] Non-plane points going to workspace filter: 9,731

━━━ [STAGE 5] Direction-Enforced Spatial Pre-Filtering
  [INFO] Height gate window : 1.50mm to 500.00mm
  [INFO] Dist-from-plane mm : min=13.637 mean=23.588 median=23.919 max=37.875
  [INFO] Rejected by lower gate: 0 / 9,731
  [INFO] Rejected by upper gate: 0 / 9,731
  [DEBUG] Points passing directional spatial filters: 9,731

━━━ [STAGE 6] Spatial Structural Isolation Clustering (DBSCAN)
  [INFO] DBSCAN discovered 1 distinct point groups.

━━━ [STAGE 7] Multi-Gate Geometric Evaluation
  Cluster #00 -> Pts: 9731  | Dims(mm): X=111.1, Y= 66.7, Z= 27.0 | VolRatio: 0.243 | Gates: [G1-4=1 G5_Size=1 G6_3D=1] -> PASSED
  [INFO] Winning Cluster selected: ID #0 (Score=0.7594)
  [INFO] Winning cluster point count: 9,731

━━━ [STAGE 8] Projection — Sensor Space → Cropped Canvas

  ── [STAGE 8a] Coordinate System Parameters ──
    Intrinsics    : fx=750.148  fy=749.790  cx=386.179  cy=366.086
    Crop offsets  : left=0 px  top=0 px
    Depth sensor  : 510W x 720H px
    RGB canvas    : 510W x 720H px
    Scale factors : scale_x=1.000000  scale_y=1.000000

  ── [STAGE 8b] 3-D Cluster Bounding Box (world space) ──
    X range : -0.1549 m  →  -0.0438 m  (span 111.1 mm)
    Y range : -0.2159 m  →  -0.1492 m  (span 66.7 mm)
    Z range : 0.4250 m  →  0.4520 m  (span 27.0 mm)
    Z depth : mean=0.4399 m  std=0.0061 m  min=0.4250 m  max=0.4520 m

  ── [STAGE 8c] Projection Steps ──
    [Step 1] Full-sensor pixel coords (before crop subtraction):
      u_sensor  min=119.0  max=313.0  mean=206.5
      v_sensor  min=0.0  max=115.0  mean=53.3
    [OK] Sensor-space OOB: u=0.0%  v=0.0%
    [Step 2] After crop subtraction (crop_left=0, crop_top=0):
      u_cropped min=119.0  max=313.0  mean=206.5
      v_cropped min=0.0  max=115.0  mean=53.3
    [Step 2 Check] Cropped coords outside canvas: u<0=0.0%  u>W=0.0%  v<0=0.0%  v>H=0.0%
    [Step 3] After scale to canvas (scale_x=1.0000, scale_y=1.0000):
      u  min=119  max=313  mean=206.5
      v  min=0  max=115  mean=53.3
      Canvas target size : 510W x 720H px

  ── [STAGE 8d] Expected mask centroid on canvas ──
      Projected centroid : u=206.5 px  v=53.3 px
      Canvas centre      : u=255.0 px  v=360.0 px
      Offset from centre : Δu=-48.5 px  Δv=-306.7 px

  ── [STAGE 8e] Bounds Filter ──
    Total projected points : 9,731
    Inside canvas bounds   : 9,731  (100.0%)
    Duplicate pixel hits    : 0
  [INFO] Density non-zero pixels: 9,731
  [INFO] Density peak count     : 1
  [INFO] Raw mask white pixels before morphology: 9,731
  [INFO] White pixels after close: 11,229
  [INFO] Morphological open skipped for tip-loss debugging.
  [INFO] White pixels after open (skipped): 11,229

  ── [STAGE 8f] Final Mask Stats ──
    Bounding box : 194W x 115H px
    Mask centroid: (216.0, 57.5) px
    White pixels : 11,229
  masking.py run ended: 2026-06-13 19:51:11.293462
