
================================================================================
  masking.py run started: 2026-06-13 19:50:16.794350
================================================================================

━━━ [STAGE 1] Loading Point Cloud Array
  [INFO] Total raw points loaded: 366,435

━━━ [STAGE 2] Statistical Outlier Demolition
  [INFO] Points surviving outlier filter: 355,037

━━━ [STAGE 3] Live Plane Surface Isolation (RANSAC)
  [INFO] Original RANSAC: a=0.0139, b=-0.0495, c=0.9987, d=-0.4787
  [INFO] Normal vector pointing down. Flipping coefficients up toward lens.
  [INFO] Points isolated on belt plane: 330,704
  [INFO] Non-plane points going to workspace filter: 24,333

━━━ [STAGE 5] Direction-Enforced Spatial Pre-Filtering
  [INFO] Height gate window : 1.50mm to 500.00mm
  [INFO] Dist-from-plane mm : min=14.344 mean=30.171 median=30.444 max=45.295
  [INFO] Rejected by lower gate: 0 / 24,333
  [INFO] Rejected by upper gate: 0 / 24,333
  [DEBUG] Points passing directional spatial filters: 24,333

━━━ [STAGE 6] Spatial Structural Isolation Clustering (DBSCAN)
  [INFO] DBSCAN discovered 1 distinct point groups.

━━━ [STAGE 7] Multi-Gate Geometric Evaluation
  Cluster #00 -> Pts: 24333 | Dims(mm): X= 92.6, Y=142.8, Z= 34.0 | VolRatio: 0.238 | Gates: [G1-4=1 G5_Size=1 G6_3D=1] -> PASSED
  [INFO] Winning Cluster selected: ID #0 (Score=0.7714)
  [INFO] Winning cluster point count: 24,333

━━━ [STAGE 8] Projection — Sensor Space → Cropped Canvas

  ── [STAGE 8a] Coordinate System Parameters ──
    Intrinsics    : fx=750.148  fy=749.790  cx=386.179  cy=366.086
    Crop offsets  : left=0 px  top=0 px
    Depth sensor  : 510W x 720H px
    RGB canvas    : 510W x 720H px
    Scale factors : scale_x=1.000000  scale_y=1.000000

  ── [STAGE 8b] 3-D Cluster Bounding Box (world space) ──
    X range : -0.1424 m  →  -0.0497 m  (span 92.6 mm)
    Y range : -0.2191 m  →  -0.0763 m  (span 142.8 mm)
    Z range : 0.4280 m  →  0.4620 m  (span 34.0 mm)
    Z depth : mean=0.4428 m  std=0.0063 m  min=0.4280 m  max=0.4620 m

  ── [STAGE 8c] Projection Steps ──
    [Step 1] Full-sensor pixel coords (before crop subtraction):
      u_sensor  min=144.0  max=304.0  mean=226.2
      v_sensor  min=-0.0  max=242.0  mean=106.9
    [OK] Sensor-space OOB: u=0.0%  v=0.0%
    [Step 2] After crop subtraction (crop_left=0, crop_top=0):
      u_cropped min=144.0  max=304.0  mean=226.2
      v_cropped min=-0.0  max=242.0  mean=106.9
    [Step 2 Check] Cropped coords outside canvas: u<0=0.0%  u>W=0.0%  v<0=0.0%  v>H=0.0%
    [Step 3] After scale to canvas (scale_x=1.0000, scale_y=1.0000):
      u  min=144  max=304  mean=226.2
      v  min=0  max=242  mean=106.9
      Canvas target size : 510W x 720H px

  ── [STAGE 8d] Expected mask centroid on canvas ──
      Projected centroid : u=226.2 px  v=106.9 px
      Canvas centre      : u=255.0 px  v=360.0 px
      Offset from centre : Δu=-28.8 px  Δv=-253.1 px

  ── [STAGE 8e] Bounds Filter ──
    Total projected points : 24,333
    Inside canvas bounds   : 24,333  (100.0%)
    Duplicate pixel hits    : 0
  [INFO] Density non-zero pixels: 24,333
  [INFO] Density peak count     : 1
  [INFO] Raw mask white pixels before morphology: 24,333
  [INFO] White pixels after close: 26,209
  [INFO] Morphological open skipped for tip-loss debugging.
  [INFO] White pixels after open (skipped): 26,209

  ── [STAGE 8f] Final Mask Stats ──
    Bounding box : 160W x 242H px
    Mask centroid: (224.0, 121.0) px
    White pixels : 26,209
  masking.py run ended: 2026-06-13 19:50:20.679029
