
================================================================================
  masking.py run started: 2026-06-13 20:06:07.310242
================================================================================

━━━ [STAGE 1] Loading Point Cloud Array
  [INFO] Total raw points loaded: 365,755

━━━ [STAGE 2] Statistical Outlier Demolition
  [INFO] Points surviving outlier filter: 355,758

━━━ [STAGE 3] Live Plane Surface Isolation (RANSAC)
  [INFO] Original RANSAC: a=0.0140, b=-0.1023, c=0.9947, d=-0.4735
  [INFO] Normal vector pointing down. Flipping coefficients up toward lens.
  [INFO] Points isolated on belt plane: 337,464
  [INFO] Non-plane points going to workspace filter: 18,294

━━━ [STAGE 5] Direction-Enforced Spatial Pre-Filtering
  [INFO] Height gate window : 1.50mm to 500.00mm
  [INFO] Dist-from-plane mm : min=5.788 mean=35.005 median=33.566 max=60.098
  [INFO] Rejected by lower gate: 0 / 18,294
  [INFO] Rejected by upper gate: 0 / 18,294
  [DEBUG] Points passing directional spatial filters: 18,294

━━━ [STAGE 6] Spatial Structural Isolation Clustering (DBSCAN)
  [INFO] DBSCAN discovered 3 distinct point groups.

━━━ [STAGE 7] Multi-Gate Geometric Evaluation
  Cluster #00 -> Pts: 18210 | Dims(mm): X=134.0, Y= 97.8, Z= 52.0 | VolRatio: 0.388 | Gates: [G1-4=1 G5_Size=1 G6_3D=1] -> PASSED
  Cluster #01 -> Pts: 18    | Dims(mm): X=  2.0, Y=  3.9, Z=  0.0 | VolRatio: 0.000 | Gates: [G1-4=0 G5_Size=0 G6_3D=0] -> REJECTED
  Cluster #02 -> Pts: 66    | Dims(mm): X= 17.2, Y= 38.9, Z=  4.0 | VolRatio: 0.103 | Gates: [G1-4=1 G5_Size=1 G6_3D=0] -> REJECTED
  [INFO] Winning Cluster selected: ID #0 (Score=0.8164)
  [INFO] Winning cluster point count: 18,210

━━━ [STAGE 8] Projection — Sensor Space → Cropped Canvas

  ── [STAGE 8a] Coordinate System Parameters ──
    Intrinsics    : fx=750.148  fy=749.790  cx=386.179  cy=366.086
    Crop offsets  : left=0 px  top=0 px
    Depth sensor  : 510W x 720H px
    RGB canvas    : 510W x 720H px
    Scale factors : scale_x=1.000000  scale_y=1.000000

  ── [STAGE 8b] 3-D Cluster Bounding Box (world space) ──
    X range : -0.0917 m  →  0.0423 m  (span 134.0 mm)
    Y range : -0.1226 m  →  -0.0248 m  (span 97.8 mm)
    Z range : 0.4070 m  →  0.4590 m  (span 52.0 mm)
    Z depth : mean=0.4333 m  std=0.0105 m  min=0.4070 m  max=0.4590 m

  ── [STAGE 8c] Projection Steps ──
    [Step 1] Full-sensor pixel coords (before crop subtraction):
      u_sensor  min=233.0  max=457.0  mean=341.5
      v_sensor  min=159.0  max=325.0  mean=236.0
    [OK] Sensor-space OOB: u=0.0%  v=0.0%
    [Step 2] After crop subtraction (crop_left=0, crop_top=0):
      u_cropped min=233.0  max=457.0  mean=341.5
      v_cropped min=159.0  max=325.0  mean=236.0
    [Step 2 Check] Cropped coords outside canvas: u<0=0.0%  u>W=0.0%  v<0=0.0%  v>H=0.0%
    [Step 3] After scale to canvas (scale_x=1.0000, scale_y=1.0000):
      u  min=233  max=457  mean=341.5
      v  min=159  max=325  mean=236.0
      Canvas target size : 510W x 720H px

  ── [STAGE 8d] Expected mask centroid on canvas ──
      Projected centroid : u=341.5 px  v=236.0 px
      Canvas centre      : u=255.0 px  v=360.0 px
      Offset from centre : Δu=86.5 px  Δv=-124.0 px

  ── [STAGE 8e] Bounds Filter ──
    Total projected points : 18,210
    Inside canvas bounds   : 18,210  (100.0%)
    Duplicate pixel hits    : 0
  [INFO] Density non-zero pixels: 18,210
  [INFO] Density peak count     : 1
  [INFO] Raw mask white pixels before morphology: 18,210
  [INFO] White pixels after close: 20,097
  [INFO] Morphological open skipped for tip-loss debugging.
  [INFO] White pixels after open (skipped): 20,097

  ── [STAGE 8f] Final Mask Stats ──
    Bounding box : 224W x 166H px
    Mask centroid: (345.0, 242.0) px
    White pixels : 20,097
  masking.py run ended: 2026-06-13 20:06:10.064462
