
================================================================================
  masking.py run started: 2026-06-13 19:54:47.177775
================================================================================

━━━ [STAGE 1] Loading Point Cloud Array
  [INFO] Total raw points loaded: 364,042

━━━ [STAGE 2] Statistical Outlier Demolition
  [INFO] Points surviving outlier filter: 350,821

━━━ [STAGE 3] Live Plane Surface Isolation (RANSAC)
  [INFO] Original RANSAC: a=0.0146, b=-0.1798, c=0.9836, d=-0.4648
  [INFO] Normal vector pointing down. Flipping coefficients up toward lens.
  [INFO] Points isolated on belt plane: 329,941
  [INFO] Non-plane points going to workspace filter: 20,880

━━━ [STAGE 5] Direction-Enforced Spatial Pre-Filtering
  [INFO] Height gate window : 1.50mm to 500.00mm
  [INFO] Dist-from-plane mm : min=-15.633 mean=23.697 median=24.362 max=39.335
  [INFO] Rejected by lower gate: 54 / 20,880
  [INFO] Rejected by upper gate: 0 / 20,880
  [DEBUG] Points passing directional spatial filters: 20,826

━━━ [STAGE 6] Spatial Structural Isolation Clustering (DBSCAN)
  [INFO] DBSCAN discovered 1 distinct point groups.

━━━ [STAGE 7] Multi-Gate Geometric Evaluation
  Cluster #00 -> Pts: 20826 | Dims(mm): X= 97.4, Y=136.5, Z= 40.0 | VolRatio: 0.293 | Gates: [G1-4=1 G5_Size=1 G6_3D=1] -> PASSED
  [INFO] Winning Cluster selected: ID #0 (Score=0.7879)
  [INFO] Winning cluster point count: 20,826

━━━ [STAGE 8] Projection — Sensor Space → Cropped Canvas

  ── [STAGE 8a] Coordinate System Parameters ──
    Intrinsics    : fx=750.148  fy=749.790  cx=386.179  cy=366.086
    Crop offsets  : left=0 px  top=0 px
    Depth sensor  : 510W x 720H px
    RGB canvas    : 510W x 720H px
    Scale factors : scale_x=1.000000  scale_y=1.000000

  ── [STAGE 8b] 3-D Cluster Bounding Box (world space) ──
    X range : -0.0260 m  →  0.0714 m  (span 97.4 mm)
    Y range : -0.1879 m  →  -0.0514 m  (span 136.5 mm)
    Z range : 0.4090 m  →  0.4490 m  (span 40.0 mm)
    Z depth : mean=0.4272 m  std=0.0108 m  min=0.4090 m  max=0.4490 m

  ── [STAGE 8c] Projection Steps ──
    [Step 1] Full-sensor pixel coords (before crop subtraction):
      u_sensor  min=342.0  max=509.0  mean=434.9
      v_sensor  min=33.0  max=280.0  mean=165.9
    [OK] Sensor-space OOB: u=0.0%  v=0.0%
    [Step 2] After crop subtraction (crop_left=0, crop_top=0):
      u_cropped min=342.0  max=509.0  mean=434.9
      v_cropped min=33.0  max=280.0  mean=165.9
    [Step 2 Check] Cropped coords outside canvas: u<0=0.0%  u>W=0.0%  v<0=0.0%  v>H=0.0%
    [Step 3] After scale to canvas (scale_x=1.0000, scale_y=1.0000):
      u  min=342  max=509  mean=434.9
      v  min=33  max=280  mean=165.9
      Canvas target size : 510W x 720H px

  ── [STAGE 8d] Expected mask centroid on canvas ──
      Projected centroid : u=434.9 px  v=165.9 px
      Canvas centre      : u=255.0 px  v=360.0 px
      Offset from centre : Δu=179.9 px  Δv=-194.1 px

  ── [STAGE 8e] Bounds Filter ──
    Total projected points : 20,826
    Inside canvas bounds   : 20,826  (100.0%)
    Duplicate pixel hits    : 0
  [INFO] Density non-zero pixels: 20,826
  [INFO] Density peak count     : 1
  [INFO] Raw mask white pixels before morphology: 20,826
  [INFO] White pixels after close: 23,155
  [INFO] Morphological open skipped for tip-loss debugging.
  [INFO] White pixels after open (skipped): 23,155

  ── [STAGE 8f] Final Mask Stats ──
    Bounding box : 167W x 247H px
    Mask centroid: (425.5, 156.5) px
    White pixels : 23,155
  masking.py run ended: 2026-06-13 19:54:55.350024
