
================================================================================
  masking.py run started: 2026-06-13 19:51:11.294061
================================================================================

━━━ [STAGE 1] Loading Point Cloud Array
  [INFO] Total raw points loaded: 366,064

━━━ [STAGE 2] Statistical Outlier Demolition
  [INFO] Points surviving outlier filter: 355,197

━━━ [STAGE 3] Live Plane Surface Isolation (RANSAC)
  [INFO] Original RANSAC: a=0.0131, b=-0.0808, c=0.9966, d=-0.4752
  [INFO] Normal vector pointing down. Flipping coefficients up toward lens.
  [INFO] Points isolated on belt plane: 347,236
  [INFO] Non-plane points going to workspace filter: 7,961

━━━ [STAGE 5] Direction-Enforced Spatial Pre-Filtering
  [INFO] Height gate window : 1.50mm to 500.00mm
  [INFO] Dist-from-plane mm : min=-5.266 mean=28.088 median=27.045 max=49.439
  [INFO] Rejected by lower gate: 8 / 7,961
  [INFO] Rejected by upper gate: 0 / 7,961
  [DEBUG] Points passing directional spatial filters: 7,953

━━━ [STAGE 6] Spatial Structural Isolation Clustering (DBSCAN)
  [INFO] DBSCAN discovered 1 distinct point groups.

━━━ [STAGE 7] Multi-Gate Geometric Evaluation
  Cluster #00 -> Pts: 7953  | Dims(mm): X= 88.6, Y=130.0, Z= 41.0 | VolRatio: 0.315 | Gates: [G1-4=1 G5_Size=1 G6_3D=1] -> PASSED
  [INFO] Winning Cluster selected: ID #0 (Score=0.6923)
  [INFO] Winning cluster point count: 7,953

━━━ [STAGE 8] Projection — Sensor Space → Cropped Canvas

  ── [STAGE 8a] Coordinate System Parameters ──
    Intrinsics    : fx=750.148  fy=749.790  cx=386.179  cy=366.086
    Crop offsets  : left=0 px  top=0 px
    Depth sensor  : 510W x 720H px
    RGB canvas    : 510W x 720H px
    Scale factors : scale_x=1.000000  scale_y=1.000000

  ── [STAGE 8b] 3-D Cluster Bounding Box (world space) ──
    X range : -0.1805 m  →  -0.0919 m  (span 88.6 mm)
    Y range : -0.1677 m  →  -0.0377 m  (span 130.0 mm)
    Z range : 0.4170 m  →  0.4580 m  (span 41.0 mm)
    Z depth : mean=0.4416 m  std=0.0090 m  min=0.4170 m  max=0.4580 m

  ── [STAGE 8c] Projection Steps ──
    [Step 1] Full-sensor pixel coords (before crop subtraction):
      u_sensor  min=86.0  max=233.0  mean=161.4
      v_sensor  min=75.0  max=303.0  mean=182.3
    [OK] Sensor-space OOB: u=0.0%  v=0.0%
    [Step 2] After crop subtraction (crop_left=0, crop_top=0):
      u_cropped min=86.0  max=233.0  mean=161.4
      v_cropped min=75.0  max=303.0  mean=182.3
    [Step 2 Check] Cropped coords outside canvas: u<0=0.0%  u>W=0.0%  v<0=0.0%  v>H=0.0%
    [Step 3] After scale to canvas (scale_x=1.0000, scale_y=1.0000):
      u  min=86  max=233  mean=161.4
      v  min=75  max=303  mean=182.3
      Canvas target size : 510W x 720H px

  ── [STAGE 8d] Expected mask centroid on canvas ──
      Projected centroid : u=161.4 px  v=182.3 px
      Canvas centre      : u=255.0 px  v=360.0 px
      Offset from centre : Δu=-93.6 px  Δv=-177.7 px

  ── [STAGE 8e] Bounds Filter ──
    Total projected points : 7,953
    Inside canvas bounds   : 7,953  (100.0%)
    Duplicate pixel hits    : 0
  [INFO] Density non-zero pixels: 7,953
  [INFO] Density peak count     : 1
  [INFO] Raw mask white pixels before morphology: 7,953
  [INFO] White pixels after close: 8,993
  [INFO] Morphological open skipped for tip-loss debugging.
  [INFO] White pixels after open (skipped): 8,993

  ── [STAGE 8f] Final Mask Stats ──
    Bounding box : 147W x 228H px
    Mask centroid: (159.5, 189.0) px
    White pixels : 8,993
  masking.py run ended: 2026-06-13 19:51:12.559362
