
================================================================================
  masking.py run started: 2026-06-13 19:50:01.848488
================================================================================

━━━ [STAGE 1] Loading Point Cloud Array
  [INFO] Total raw points loaded: 366,427

━━━ [STAGE 2] Statistical Outlier Demolition
  [INFO] Points surviving outlier filter: 354,483

━━━ [STAGE 3] Live Plane Surface Isolation (RANSAC)
  [INFO] Original RANSAC: a=0.0159, b=-0.0494, c=0.9987, d=-0.4787
  [INFO] Normal vector pointing down. Flipping coefficients up toward lens.
  [INFO] Points isolated on belt plane: 350,987
  [INFO] Non-plane points going to workspace filter: 3,496

━━━ [STAGE 5] Direction-Enforced Spatial Pre-Filtering
  [INFO] Height gate window : 1.50mm to 500.00mm
  [INFO] Dist-from-plane mm : min=-12.549 mean=24.723 median=23.568 max=37.232
  [INFO] Rejected by lower gate: 1 / 3,496
  [INFO] Rejected by upper gate: 0 / 3,496
  [DEBUG] Points passing directional spatial filters: 3,495

━━━ [STAGE 6] Spatial Structural Isolation Clustering (DBSCAN)
  [INFO] DBSCAN discovered 1 distinct point groups.

━━━ [STAGE 7] Multi-Gate Geometric Evaluation
  Cluster #00 -> Pts: 3495  | Dims(mm): X= 29.7, Y= 76.1, Z= 22.0 | VolRatio: 0.289 | Gates: [G1-4=1 G5_Size=1 G6_3D=1] -> PASSED
  [INFO] Winning Cluster selected: ID #0 (Score=0.4615)
  [INFO] Winning cluster point count: 3,495

━━━ [STAGE 8] Projection — Sensor Space → Cropped Canvas

  ── [STAGE 8a] Coordinate System Parameters ──
    Intrinsics    : fx=750.148  fy=749.790  cx=386.179  cy=366.086
    Crop offsets  : left=0 px  top=0 px
    Depth sensor  : 510W x 720H px
    RGB canvas    : 510W x 720H px
    Scale factors : scale_x=1.000000  scale_y=1.000000

  ── [STAGE 8b] 3-D Cluster Bounding Box (world space) ──
    X range : -0.0951 m  →  -0.0653 m  (span 29.7 mm)
    Y range : -0.2196 m  →  -0.1435 m  (span 76.1 mm)
    Z range : 0.4360 m  →  0.4580 m  (span 22.0 mm)
    Z depth : mean=0.4468 m  std=0.0049 m  min=0.4360 m  max=0.4580 m

  ── [STAGE 8c] Projection Steps ──
    [Step 1] Full-sensor pixel coords (before crop subtraction):
      u_sensor  min=227.0  max=277.0  mean=254.7
      v_sensor  min=0.0  max=127.0  mean=61.4
    [OK] Sensor-space OOB: u=0.0%  v=0.0%
    [Step 2] After crop subtraction (crop_left=0, crop_top=0):
      u_cropped min=227.0  max=277.0  mean=254.7
      v_cropped min=0.0  max=127.0  mean=61.4
    [Step 2 Check] Cropped coords outside canvas: u<0=0.0%  u>W=0.0%  v<0=0.0%  v>H=0.0%
    [Step 3] After scale to canvas (scale_x=1.0000, scale_y=1.0000):
      u  min=227  max=277  mean=254.7
      v  min=0  max=127  mean=61.4
      Canvas target size : 510W x 720H px

  ── [STAGE 8d] Expected mask centroid on canvas ──
      Projected centroid : u=254.7 px  v=61.4 px
      Canvas centre      : u=255.0 px  v=360.0 px
      Offset from centre : Δu=-0.3 px  Δv=-298.6 px

  ── [STAGE 8e] Bounds Filter ──
    Total projected points : 3,495
    Inside canvas bounds   : 3,495  (100.0%)
    Duplicate pixel hits    : 0
  [INFO] Density non-zero pixels: 3,495
  [INFO] Density peak count     : 1
  [INFO] Raw mask white pixels before morphology: 3,495
  [INFO] White pixels after close: 3,948
  [INFO] Morphological open skipped for tip-loss debugging.
  [INFO] White pixels after open (skipped): 3,948

  ── [STAGE 8f] Final Mask Stats ──
    Bounding box : 50W x 127H px
    Mask centroid: (252.0, 63.5) px
    White pixels : 3,948
  masking.py run ended: 2026-06-13 19:50:03.182104
