
================================================================================
  masking.py run started: 2026-06-13 19:55:47.570242
================================================================================

━━━ [STAGE 1] Loading Point Cloud Array
  [INFO] Total raw points loaded: 362,969

━━━ [STAGE 2] Statistical Outlier Demolition
  [INFO] Points surviving outlier filter: 352,111

━━━ [STAGE 3] Live Plane Surface Isolation (RANSAC)
  [INFO] Original RANSAC: a=0.0210, b=-0.1946, c=0.9807, d=-0.4629
  [INFO] Normal vector pointing down. Flipping coefficients up toward lens.
  [INFO] Points isolated on belt plane: 327,926
  [INFO] Non-plane points going to workspace filter: 24,185

━━━ [STAGE 5] Direction-Enforced Spatial Pre-Filtering
  [INFO] Height gate window : 1.50mm to 500.00mm
  [INFO] Dist-from-plane mm : min=-22.688 mean=57.663 median=59.362 max=84.311
  [INFO] Rejected by lower gate: 187 / 24,185
  [INFO] Rejected by upper gate: 0 / 24,185
  [DEBUG] Points passing directional spatial filters: 23,998

━━━ [STAGE 6] Spatial Structural Isolation Clustering (DBSCAN)
  [INFO] DBSCAN discovered 3 distinct point groups.

━━━ [STAGE 7] Multi-Gate Geometric Evaluation
  Cluster #00 -> Pts: 23955 | Dims(mm): X=107.0, Y=103.9, Z= 78.0 | VolRatio: 0.729 | Gates: [G1-4=1 G5_Size=1 G6_3D=1] -> PASSED
  Cluster #01 -> Pts: 15    | Dims(mm): X=  1.9, Y=  2.4, Z=  2.0 | VolRatio: 0.772 | Gates: [G1-4=0 G5_Size=0 G6_3D=1] -> REJECTED
  Cluster #02 -> Pts: 28    | Dims(mm): X=  3.2, Y=  5.0, Z=  3.0 | VolRatio: 0.597 | Gates: [G1-4=1 G5_Size=0 G6_3D=1] -> REJECTED
  [INFO] Winning Cluster selected: ID #0 (Score=0.9187)
  [INFO] Winning cluster point count: 23,955

━━━ [STAGE 8] Projection — Sensor Space → Cropped Canvas

  ── [STAGE 8a] Coordinate System Parameters ──
    Intrinsics    : fx=750.148  fy=749.790  cx=386.179  cy=366.086
    Crop offsets  : left=0 px  top=0 px
    Depth sensor  : 510W x 720H px
    RGB canvas    : 510W x 720H px
    Scale factors : scale_x=1.000000  scale_y=1.000000

  ── [STAGE 8b] 3-D Cluster Bounding Box (world space) ──
    X range : -0.0338 m  →  0.0732 m  (span 107.0 mm)
    Y range : -0.0769 m  →  0.0269 m  (span 103.9 mm)
    Z range : 0.3820 m  →  0.4600 m  (span 78.0 mm)
    Z depth : mean=0.4071 m  std=0.0150 m  min=0.3820 m  max=0.4600 m

  ── [STAGE 8c] Projection Steps ──
    [Step 1] Full-sensor pixel coords (before crop subtraction):
      u_sensor  min=328.0  max=509.0  mean=416.9
      v_sensor  min=235.0  max=410.0  mean=317.5
    [OK] Sensor-space OOB: u=0.0%  v=0.0%
    [Step 2] After crop subtraction (crop_left=0, crop_top=0):
      u_cropped min=328.0  max=509.0  mean=416.9
      v_cropped min=235.0  max=410.0  mean=317.5
    [Step 2 Check] Cropped coords outside canvas: u<0=0.0%  u>W=0.0%  v<0=0.0%  v>H=0.0%
    [Step 3] After scale to canvas (scale_x=1.0000, scale_y=1.0000):
      u  min=328  max=509  mean=416.9
      v  min=235  max=410  mean=317.5
      Canvas target size : 510W x 720H px

  ── [STAGE 8d] Expected mask centroid on canvas ──
      Projected centroid : u=416.9 px  v=317.5 px
      Canvas centre      : u=255.0 px  v=360.0 px
      Offset from centre : Δu=161.9 px  Δv=-42.5 px

  ── [STAGE 8e] Bounds Filter ──
    Total projected points : 23,955
    Inside canvas bounds   : 23,955  (100.0%)
    Duplicate pixel hits    : 0
  [INFO] Density non-zero pixels: 23,955
  [INFO] Density peak count     : 1
  [INFO] Raw mask white pixels before morphology: 23,955
  [INFO] White pixels after close: 25,691
  [INFO] Morphological open skipped for tip-loss debugging.
  [INFO] White pixels after open (skipped): 25,691

  ── [STAGE 8f] Final Mask Stats ──
    Bounding box : 181W x 175H px
    Mask centroid: (418.5, 322.5) px
    White pixels : 25,691
  masking.py run ended: 2026-06-13 19:55:51.839720
