
================================================================================
  masking.py run started: 2026-06-13 19:55:41.811536
================================================================================

━━━ [STAGE 1] Loading Point Cloud Array
  [INFO] Total raw points loaded: 363,732

━━━ [STAGE 2] Statistical Outlier Demolition
  [INFO] Points surviving outlier filter: 354,113

━━━ [STAGE 3] Live Plane Surface Isolation (RANSAC)
  [INFO] Original RANSAC: a=0.0120, b=-0.1936, c=0.9810, d=-0.4633
  [INFO] Normal vector pointing down. Flipping coefficients up toward lens.
  [INFO] Points isolated on belt plane: 326,537
  [INFO] Non-plane points going to workspace filter: 27,576

━━━ [STAGE 5] Direction-Enforced Spatial Pre-Filtering
  [INFO] Height gate window : 1.50mm to 500.00mm
  [INFO] Dist-from-plane mm : min=12.404 mean=56.539 median=57.946 max=82.684
  [INFO] Rejected by lower gate: 0 / 27,576
  [INFO] Rejected by upper gate: 0 / 27,576
  [DEBUG] Points passing directional spatial filters: 27,576

━━━ [STAGE 6] Spatial Structural Isolation Clustering (DBSCAN)
  [INFO] DBSCAN discovered 2 distinct point groups.

━━━ [STAGE 7] Multi-Gate Geometric Evaluation
  Cluster #00 -> Pts: 27436 | Dims(mm): X=101.1, Y=126.5, Z= 74.0 | VolRatio: 0.585 | Gates: [G1-4=1 G5_Size=1 G6_3D=1] -> PASSED
  Cluster #01 -> Pts: 140   | Dims(mm): X= 13.3, Y= 13.0, Z= 12.0 | VolRatio: 0.899 | Gates: [G1-4=1 G5_Size=0 G6_3D=1] -> REJECTED
  [INFO] Winning Cluster selected: ID #0 (Score=0.8755)
  [INFO] Winning cluster point count: 27,436

━━━ [STAGE 8] Projection — Sensor Space → Cropped Canvas

  ── [STAGE 8a] Coordinate System Parameters ──
    Intrinsics    : fx=750.148  fy=749.790  cx=386.179  cy=366.086
    Crop offsets  : left=0 px  top=0 px
    Depth sensor  : 510W x 720H px
    RGB canvas    : 510W x 720H px
    Scale factors : scale_x=1.000000  scale_y=1.000000

  ── [STAGE 8b] 3-D Cluster Bounding Box (world space) ──
    X range : -0.1694 m  →  -0.0683 m  (span 101.1 mm)
    Y range : -0.1717 m  →  -0.0452 m  (span 126.5 mm)
    Z range : 0.3700 m  →  0.4440 m  (span 74.0 mm)
    Z depth : mean=0.3966 m  std=0.0145 m  min=0.3700 m  max=0.4440 m

  ── [STAGE 8c] Projection Steps ──
    [Step 1] Full-sensor pixel coords (before crop subtraction):
      u_sensor  min=74.0  max=269.0  mean=174.5
      v_sensor  min=61.0  max=285.0  mean=182.3
    [OK] Sensor-space OOB: u=0.0%  v=0.0%
    [Step 2] After crop subtraction (crop_left=0, crop_top=0):
      u_cropped min=74.0  max=269.0  mean=174.5
      v_cropped min=61.0  max=285.0  mean=182.3
    [Step 2 Check] Cropped coords outside canvas: u<0=0.0%  u>W=0.0%  v<0=0.0%  v>H=0.0%
    [Step 3] After scale to canvas (scale_x=1.0000, scale_y=1.0000):
      u  min=74  max=269  mean=174.5
      v  min=61  max=285  mean=182.3
      Canvas target size : 510W x 720H px

  ── [STAGE 8d] Expected mask centroid on canvas ──
      Projected centroid : u=174.5 px  v=182.3 px
      Canvas centre      : u=255.0 px  v=360.0 px
      Offset from centre : Δu=-80.5 px  Δv=-177.7 px

  ── [STAGE 8e] Bounds Filter ──
    Total projected points : 27,436
    Inside canvas bounds   : 27,436  (100.0%)
    Duplicate pixel hits    : 0
  [INFO] Density non-zero pixels: 27,436
  [INFO] Density peak count     : 1
  [INFO] Raw mask white pixels before morphology: 27,436
  [INFO] White pixels after close: 29,446
  [INFO] Morphological open skipped for tip-loss debugging.
  [INFO] White pixels after open (skipped): 29,446

  ── [STAGE 8f] Final Mask Stats ──
    Bounding box : 195W x 224H px
    Mask centroid: (171.5, 173.0) px
    White pixels : 29,446
  masking.py run ended: 2026-06-13 19:55:47.569479
