
================================================================================
  masking.py run started: 2026-06-13 20:04:52.430563
================================================================================

━━━ [STAGE 1] Loading Point Cloud Array
  [INFO] Total raw points loaded: 365,783

━━━ [STAGE 2] Statistical Outlier Demolition
  [INFO] Points surviving outlier filter: 356,266

━━━ [STAGE 3] Live Plane Surface Isolation (RANSAC)
  [INFO] Original RANSAC: a=0.0135, b=-0.0904, c=0.9958, d=-0.4746
  [INFO] Normal vector pointing down. Flipping coefficients up toward lens.
  [INFO] Points isolated on belt plane: 326,585
  [INFO] Non-plane points going to workspace filter: 29,681

━━━ [STAGE 5] Direction-Enforced Spatial Pre-Filtering
  [INFO] Height gate window : 1.50mm to 500.00mm
  [INFO] Dist-from-plane mm : min=-13.721 mean=60.332 median=61.018 max=79.889
  [INFO] Rejected by lower gate: 23 / 29,681
  [INFO] Rejected by upper gate: 0 / 29,681
  [DEBUG] Points passing directional spatial filters: 29,658

━━━ [STAGE 6] Spatial Structural Isolation Clustering (DBSCAN)
  [INFO] DBSCAN discovered 2 distinct point groups.

━━━ [STAGE 7] Multi-Gate Geometric Evaluation
  Cluster #00 -> Pts: 29578 | Dims(mm): X=130.6, Y=121.4, Z= 65.0 | VolRatio: 0.498 | Gates: [G1-4=1 G5_Size=1 G6_3D=1] -> PASSED
  Cluster #01 -> Pts: 80    | Dims(mm): X=  7.7, Y=  5.3, Z=  5.0 | VolRatio: 0.652 | Gates: [G1-4=1 G5_Size=0 G6_3D=1] -> REJECTED
  [INFO] Winning Cluster selected: ID #0 (Score=0.8493)
  [INFO] Winning cluster point count: 29,578

━━━ [STAGE 8] Projection — Sensor Space → Cropped Canvas

  ── [STAGE 8a] Coordinate System Parameters ──
    Intrinsics    : fx=750.148  fy=749.790  cx=386.179  cy=366.086
    Crop offsets  : left=0 px  top=0 px
    Depth sensor  : 510W x 720H px
    RGB canvas    : 510W x 720H px
    Scale factors : scale_x=1.000000  scale_y=1.000000

  ── [STAGE 8b] 3-D Cluster Bounding Box (world space) ──
    X range : -0.1337 m  →  -0.0031 m  (span 130.6 mm)
    Y range : -0.0670 m  →  0.0543 m  (span 121.4 mm)
    Z range : 0.3960 m  →  0.4610 m  (span 65.0 mm)
    Z depth : mean=0.4165 m  std=0.0092 m  min=0.3960 m  max=0.4610 m

  ── [STAGE 8c] Projection Steps ──
    [Step 1] Full-sensor pixel coords (before crop subtraction):
      u_sensor  min=153.0  max=381.0  mean=260.2
      v_sensor  min=250.0  max=456.0  mean=360.5
    [OK] Sensor-space OOB: u=0.0%  v=0.0%
    [Step 2] After crop subtraction (crop_left=0, crop_top=0):
      u_cropped min=153.0  max=381.0  mean=260.2
      v_cropped min=250.0  max=456.0  mean=360.5
    [Step 2 Check] Cropped coords outside canvas: u<0=0.0%  u>W=0.0%  v<0=0.0%  v>H=0.0%
    [Step 3] After scale to canvas (scale_x=1.0000, scale_y=1.0000):
      u  min=153  max=381  mean=260.2
      v  min=250  max=456  mean=360.5
      Canvas target size : 510W x 720H px

  ── [STAGE 8d] Expected mask centroid on canvas ──
      Projected centroid : u=260.2 px  v=360.5 px
      Canvas centre      : u=255.0 px  v=360.0 px
      Offset from centre : Δu=5.2 px  Δv=0.5 px

  ── [STAGE 8e] Bounds Filter ──
    Total projected points : 29,578
    Inside canvas bounds   : 29,578  (100.0%)
    Duplicate pixel hits    : 0
  [INFO] Density non-zero pixels: 29,578
  [INFO] Density peak count     : 1
  [INFO] Raw mask white pixels before morphology: 29,578
  [INFO] White pixels after close: 30,936
  [INFO] Morphological open skipped for tip-loss debugging.
  [INFO] White pixels after open (skipped): 30,936

  ── [STAGE 8f] Final Mask Stats ──
    Bounding box : 228W x 206H px
    Mask centroid: (267.0, 353.0) px
    White pixels : 30,936
  masking.py run ended: 2026-06-13 20:04:57.224511
