
================================================================================
  masking.py run started: 2026-06-13 19:48:27.991856
================================================================================

━━━ [STAGE 1] Loading Point Cloud Array
  [INFO] Total raw points loaded: 366,405

━━━ [STAGE 2] Statistical Outlier Demolition
  [INFO] Points surviving outlier filter: 353,753

━━━ [STAGE 3] Live Plane Surface Isolation (RANSAC)
  [INFO] Original RANSAC: a=0.0138, b=-0.0502, c=0.9986, d=-0.4783
  [INFO] Normal vector pointing down. Flipping coefficients up toward lens.
  [INFO] Points isolated on belt plane: 333,470
  [INFO] Non-plane points going to workspace filter: 20,283

━━━ [STAGE 5] Direction-Enforced Spatial Pre-Filtering
  [INFO] Height gate window : 1.50mm to 500.00mm
  [INFO] Dist-from-plane mm : min=13.061 mean=37.377 median=39.257 max=57.264
  [INFO] Rejected by lower gate: 0 / 20,283
  [INFO] Rejected by upper gate: 0 / 20,283
  [DEBUG] Points passing directional spatial filters: 20,283

━━━ [STAGE 6] Spatial Structural Isolation Clustering (DBSCAN)
  [INFO] DBSCAN discovered 1 distinct point groups.

━━━ [STAGE 7] Multi-Gate Geometric Evaluation
  Cluster #00 -> Pts: 20283 | Dims(mm): X=173.2, Y=263.8, Z= 51.0 | VolRatio: 0.193 | Gates: [G1-4=1 G5_Size=1 G6_3D=1] -> PASSED
  [INFO] Winning Cluster selected: ID #0 (Score=0.7580)
  [INFO] Winning cluster point count: 20,283

━━━ [STAGE 8] Projection — Sensor Space → Cropped Canvas

  ── [STAGE 8a] Coordinate System Parameters ──
    Intrinsics    : fx=750.148  fy=749.790  cx=386.179  cy=366.086
    Crop offsets  : left=0 px  top=0 px
    Depth sensor  : 510W x 720H px
    RGB canvas    : 510W x 720H px
    Scale factors : scale_x=1.000000  scale_y=1.000000

  ── [STAGE 8b] 3-D Cluster Bounding Box (world space) ──
    X range : -0.1974 m  →  -0.0241 m  (span 173.2 mm)
    Y range : -0.2057 m  →  0.0581 m  (span 263.8 mm)
    Z range : 0.4150 m  →  0.4660 m  (span 51.0 mm)
    Z depth : mean=0.4391 m  std=0.0104 m  min=0.4150 m  max=0.4660 m

  ── [STAGE 8c] Projection Steps ──
    [Step 1] Full-sensor pixel coords (before crop subtraction):
      u_sensor  min=37.0  max=347.0  mean=177.6
      v_sensor  min=14.0  max=462.0  mean=223.4
    [OK] Sensor-space OOB: u=0.0%  v=0.0%
    [Step 2] After crop subtraction (crop_left=0, crop_top=0):
      u_cropped min=37.0  max=347.0  mean=177.6
      v_cropped min=14.0  max=462.0  mean=223.4
    [Step 2 Check] Cropped coords outside canvas: u<0=0.0%  u>W=0.0%  v<0=0.0%  v>H=0.0%
    [Step 3] After scale to canvas (scale_x=1.0000, scale_y=1.0000):
      u  min=37  max=347  mean=177.6
      v  min=14  max=462  mean=223.4
      Canvas target size : 510W x 720H px

  ── [STAGE 8d] Expected mask centroid on canvas ──
      Projected centroid : u=177.6 px  v=223.4 px
      Canvas centre      : u=255.0 px  v=360.0 px
      Offset from centre : Δu=-77.4 px  Δv=-136.6 px

  ── [STAGE 8e] Bounds Filter ──
    Total projected points : 20,283
    Inside canvas bounds   : 20,283  (100.0%)
    Duplicate pixel hits    : 0
  [INFO] Density non-zero pixels: 20,283
  [INFO] Density peak count     : 1
  [INFO] Raw mask white pixels before morphology: 20,283
  [INFO] White pixels after close: 23,310
  [INFO] Morphological open skipped for tip-loss debugging.
  [INFO] White pixels after open (skipped): 23,310

  ── [STAGE 8f] Final Mask Stats ──
    Bounding box : 310W x 448H px
    Mask centroid: (192.0, 238.0) px
    White pixels : 23,310
  masking.py run ended: 2026-06-13 19:48:30.583527
