
================================================================================
  masking.py run started: 2026-06-13 19:52:50.387543
================================================================================

━━━ [STAGE 1] Loading Point Cloud Array
  [INFO] Total raw points loaded: 365,535

━━━ [STAGE 2] Statistical Outlier Demolition
  [INFO] Points surviving outlier filter: 353,124

━━━ [STAGE 3] Live Plane Surface Isolation (RANSAC)
  [INFO] Original RANSAC: a=0.0142, b=-0.1099, c=0.9938, d=-0.4724
  [INFO] Normal vector pointing down. Flipping coefficients up toward lens.
  [INFO] Points isolated on belt plane: 342,396
  [INFO] Non-plane points going to workspace filter: 10,728

━━━ [STAGE 5] Direction-Enforced Spatial Pre-Filtering
  [INFO] Height gate window : 1.50mm to 500.00mm
  [INFO] Dist-from-plane mm : min=-4.691 mean=22.512 median=21.261 max=45.378
  [INFO] Rejected by lower gate: 5 / 10,728
  [INFO] Rejected by upper gate: 0 / 10,728
  [DEBUG] Points passing directional spatial filters: 10,723

━━━ [STAGE 6] Spatial Structural Isolation Clustering (DBSCAN)
  [INFO] DBSCAN discovered 1 distinct point groups.

━━━ [STAGE 7] Multi-Gate Geometric Evaluation
  Cluster #00 -> Pts: 10723 | Dims(mm): X= 51.4, Y=161.7, Z= 44.0 | VolRatio: 0.272 | Gates: [G1-4=1 G5_Size=1 G6_3D=1] -> PASSED
  [INFO] Winning Cluster selected: ID #0 (Score=0.7816)
  [INFO] Winning cluster point count: 10,723

━━━ [STAGE 8] Projection — Sensor Space → Cropped Canvas

  ── [STAGE 8a] Coordinate System Parameters ──
    Intrinsics    : fx=750.148  fy=749.790  cx=386.179  cy=366.086
    Crop offsets  : left=0 px  top=0 px
    Depth sensor  : 510W x 720H px
    RGB canvas    : 510W x 720H px
    Scale factors : scale_x=1.000000  scale_y=1.000000

  ── [STAGE 8b] 3-D Cluster Bounding Box (world space) ──
    X range : -0.0930 m  →  -0.0416 m  (span 51.4 mm)
    Y range : 0.0551 m  →  0.2168 m  (span 161.7 mm)
    Z range : 0.4400 m  →  0.4840 m  (span 44.0 mm)
    Z depth : mean=0.4688 m  std=0.0091 m  min=0.4400 m  max=0.4840 m

  ── [STAGE 8c] Projection Steps ──
    [Step 1] Full-sensor pixel coords (before crop subtraction):
      u_sensor  min=241.0  max=320.0  mean=278.2
      v_sensor  min=455.0  max=702.0  mean=584.1
    [OK] Sensor-space OOB: u=0.0%  v=0.0%
    [Step 2] After crop subtraction (crop_left=0, crop_top=0):
      u_cropped min=241.0  max=320.0  mean=278.2
      v_cropped min=455.0  max=702.0  mean=584.1
    [Step 2 Check] Cropped coords outside canvas: u<0=0.0%  u>W=0.0%  v<0=0.0%  v>H=0.0%
    [Step 3] After scale to canvas (scale_x=1.0000, scale_y=1.0000):
      u  min=241  max=320  mean=278.2
      v  min=455  max=702  mean=584.1
      Canvas target size : 510W x 720H px

  ── [STAGE 8d] Expected mask centroid on canvas ──
      Projected centroid : u=278.2 px  v=584.1 px
      Canvas centre      : u=255.0 px  v=360.0 px
      Offset from centre : Δu=23.2 px  Δv=224.1 px

  ── [STAGE 8e] Bounds Filter ──
    Total projected points : 10,723
    Inside canvas bounds   : 10,723  (100.0%)
    Duplicate pixel hits    : 0
  [INFO] Density non-zero pixels: 10,723
  [INFO] Density peak count     : 1
  [INFO] Raw mask white pixels before morphology: 10,723
  [INFO] White pixels after close: 12,301
  [INFO] Morphological open skipped for tip-loss debugging.
  [INFO] White pixels after open (skipped): 12,301

  ── [STAGE 8f] Final Mask Stats ──
    Bounding box : 79W x 247H px
    Mask centroid: (280.5, 578.5) px
    White pixels : 12,301
  masking.py run ended: 2026-06-13 19:52:51.936366
