
================================================================================
  masking.py run started: 2026-06-13 20:06:33.727139
================================================================================

━━━ [STAGE 1] Loading Point Cloud Array
  [INFO] Total raw points loaded: 365,756

━━━ [STAGE 2] Statistical Outlier Demolition
  [INFO] Points surviving outlier filter: 355,394

━━━ [STAGE 3] Live Plane Surface Isolation (RANSAC)
  [INFO] Original RANSAC: a=0.0139, b=-0.1021, c=0.9947, d=-0.4737
  [INFO] Normal vector pointing down. Flipping coefficients up toward lens.
  [INFO] Points isolated on belt plane: 348,993
  [INFO] Non-plane points going to workspace filter: 6,401

━━━ [STAGE 5] Direction-Enforced Spatial Pre-Filtering
  [INFO] Height gate window : 1.50mm to 500.00mm
  [INFO] Dist-from-plane mm : min=14.391 mean=43.786 median=44.227 max=61.222
  [INFO] Rejected by lower gate: 0 / 6,401
  [INFO] Rejected by upper gate: 0 / 6,401
  [DEBUG] Points passing directional spatial filters: 6,401

━━━ [STAGE 6] Spatial Structural Isolation Clustering (DBSCAN)
  [INFO] DBSCAN discovered 3 distinct point groups.

━━━ [STAGE 7] Multi-Gate Geometric Evaluation
  Cluster #00 -> Pts: 6379  | Dims(mm): X= 58.9, Y= 54.8, Z= 48.0 | VolRatio: 0.815 | Gates: [G1-4=1 G5_Size=1 G6_3D=1] -> PASSED
  Cluster #01 -> Pts: 10    | Dims(mm): X=  1.2, Y=  2.2, Z=  1.0 | VolRatio: 0.456 | Gates: [G1-4=0 G5_Size=0 G6_3D=1] -> REJECTED
  Cluster #02 -> Pts: 12    | Dims(mm): X=  1.2, Y=  1.8, Z=  0.0 | VolRatio: 0.000 | Gates: [G1-4=0 G5_Size=0 G6_3D=0] -> REJECTED
  [INFO] Winning Cluster selected: ID #0 (Score=0.7633)
  [INFO] Winning cluster point count: 6,379

━━━ [STAGE 8] Projection — Sensor Space → Cropped Canvas

  ── [STAGE 8a] Coordinate System Parameters ──
    Intrinsics    : fx=750.148  fy=749.790  cx=386.179  cy=366.086
    Crop offsets  : left=0 px  top=0 px
    Depth sensor  : 510W x 720H px
    RGB canvas    : 510W x 720H px
    Scale factors : scale_x=1.000000  scale_y=1.000000

  ── [STAGE 8b] 3-D Cluster Bounding Box (world space) ──
    X range : -0.0151 m  →  0.0438 m  (span 58.9 mm)
    Y range : -0.1055 m  →  -0.0507 m  (span 54.8 mm)
    Z range : 0.4080 m  →  0.4560 m  (span 48.0 mm)
    Z depth : mean=0.4240 m  std=0.0078 m  min=0.4080 m  max=0.4560 m

  ── [STAGE 8c] Projection Steps ──
    [Step 1] Full-sensor pixel coords (before crop subtraction):
      u_sensor  min=360.0  max=464.0  mean=410.3
      v_sensor  min=185.0  max=280.0  mean=229.5
    [OK] Sensor-space OOB: u=0.0%  v=0.0%
    [Step 2] After crop subtraction (crop_left=0, crop_top=0):
      u_cropped min=360.0  max=464.0  mean=410.3
      v_cropped min=185.0  max=280.0  mean=229.5
    [Step 2 Check] Cropped coords outside canvas: u<0=0.0%  u>W=0.0%  v<0=0.0%  v>H=0.0%
    [Step 3] After scale to canvas (scale_x=1.0000, scale_y=1.0000):
      u  min=360  max=464  mean=410.3
      v  min=185  max=280  mean=229.5
      Canvas target size : 510W x 720H px

  ── [STAGE 8d] Expected mask centroid on canvas ──
      Projected centroid : u=410.3 px  v=229.5 px
      Canvas centre      : u=255.0 px  v=360.0 px
      Offset from centre : Δu=155.3 px  Δv=-130.5 px

  ── [STAGE 8e] Bounds Filter ──
    Total projected points : 6,379
    Inside canvas bounds   : 6,379  (100.0%)
    Duplicate pixel hits    : 0
  [INFO] Density non-zero pixels: 6,379
  [INFO] Density peak count     : 1
  [INFO] Raw mask white pixels before morphology: 6,379
  [INFO] White pixels after close: 6,904
  [INFO] Morphological open skipped for tip-loss debugging.
  [INFO] White pixels after open (skipped): 6,904

  ── [STAGE 8f] Final Mask Stats ──
    Bounding box : 104W x 95H px
    Mask centroid: (412.0, 232.5) px
    White pixels : 6,904
  masking.py run ended: 2026-06-13 20:06:35.468433
