
================================================================================
  masking.py run started: 2026-06-13 19:47:39.329477
================================================================================

━━━ [STAGE 1] Loading Point Cloud Array
  [INFO] Total raw points loaded: 366,413

━━━ [STAGE 2] Statistical Outlier Demolition
  [INFO] Points surviving outlier filter: 355,637

━━━ [STAGE 3] Live Plane Surface Isolation (RANSAC)
  [INFO] Original RANSAC: a=0.0151, b=-0.0533, c=0.9985, d=-0.4776
  [INFO] Normal vector pointing down. Flipping coefficients up toward lens.
  [INFO] Points isolated on belt plane: 308,683
  [INFO] Non-plane points going to workspace filter: 46,954

━━━ [STAGE 5] Direction-Enforced Spatial Pre-Filtering
  [INFO] Height gate window : 1.50mm to 500.00mm
  [INFO] Dist-from-plane mm : min=13.330 mean=28.593 median=23.994 max=58.608
  [INFO] Rejected by lower gate: 0 / 46,954
  [INFO] Rejected by upper gate: 0 / 46,954
  [DEBUG] Points passing directional spatial filters: 46,954

━━━ [STAGE 6] Spatial Structural Isolation Clustering (DBSCAN)
  [INFO] DBSCAN discovered 2 distinct point groups.

━━━ [STAGE 7] Multi-Gate Geometric Evaluation
  Cluster #00 -> Pts: 46943 | Dims(mm): X=222.1, Y=159.2, Z= 47.0 | VolRatio: 0.212 | Gates: [G1-4=1 G5_Size=1 G6_3D=1] -> PASSED
  Cluster #01 -> Pts: 10    | Dims(mm): X=  1.2, Y=  2.4, Z=  0.0 | VolRatio: 0.000 | Gates: [G1-4=0 G5_Size=0 G6_3D=0] -> REJECTED
  [INFO] Winning Cluster selected: ID #0 (Score=0.7635)
  [INFO] Winning cluster point count: 46,943

━━━ [STAGE 8] Projection — Sensor Space → Cropped Canvas

  ── [STAGE 8a] Coordinate System Parameters ──
    Intrinsics    : fx=750.148  fy=749.790  cx=386.179  cy=366.086
    Crop offsets  : left=0 px  top=0 px
    Depth sensor  : 510W x 720H px
    RGB canvas    : 510W x 720H px
    Scale factors : scale_x=1.000000  scale_y=1.000000

  ── [STAGE 8b] 3-D Cluster Bounding Box (world space) ──
    X range : -0.1784 m  →  0.0437 m  (span 222.1 mm)
    Y range : -0.2116 m  →  -0.0524 m  (span 159.2 mm)
    Z range : 0.4150 m  →  0.4620 m  (span 47.0 mm)
    Z depth : mean=0.4433 m  std=0.0115 m  min=0.4150 m  max=0.4620 m

  ── [STAGE 8c] Projection Steps ──
    [Step 1] Full-sensor pixel coords (before crop subtraction):
      u_sensor  min=80.0  max=463.0  mean=268.0
      v_sensor  min=15.0  max=281.0  mean=129.5
    [OK] Sensor-space OOB: u=0.0%  v=0.0%
    [Step 2] After crop subtraction (crop_left=0, crop_top=0):
      u_cropped min=80.0  max=463.0  mean=268.0
      v_cropped min=15.0  max=281.0  mean=129.5
    [Step 2 Check] Cropped coords outside canvas: u<0=0.0%  u>W=0.0%  v<0=0.0%  v>H=0.0%
    [Step 3] After scale to canvas (scale_x=1.0000, scale_y=1.0000):
      u  min=80  max=463  mean=268.0
      v  min=15  max=281  mean=129.5
      Canvas target size : 510W x 720H px

  ── [STAGE 8d] Expected mask centroid on canvas ──
      Projected centroid : u=268.0 px  v=129.5 px
      Canvas centre      : u=255.0 px  v=360.0 px
      Offset from centre : Δu=13.0 px  Δv=-230.5 px

  ── [STAGE 8e] Bounds Filter ──
    Total projected points : 46,943
    Inside canvas bounds   : 46,943  (100.0%)
    Duplicate pixel hits    : 0
  [INFO] Density non-zero pixels: 46,943
  [INFO] Density peak count     : 1
  [INFO] Raw mask white pixels before morphology: 46,943
  [INFO] White pixels after close: 49,535
  [INFO] Morphological open skipped for tip-loss debugging.
  [INFO] White pixels after open (skipped): 49,535

  ── [STAGE 8f] Final Mask Stats ──
    Bounding box : 383W x 266H px
    Mask centroid: (271.5, 148.0) px
    White pixels : 49,535
  masking.py run ended: 2026-06-13 19:47:45.765725
