
================================================================================
  masking.py run started: 2026-06-13 20:06:15.472650
================================================================================

━━━ [STAGE 1] Loading Point Cloud Array
  [INFO] Total raw points loaded: 365,749

━━━ [STAGE 2] Statistical Outlier Demolition
  [INFO] Points surviving outlier filter: 356,828

━━━ [STAGE 3] Live Plane Surface Isolation (RANSAC)
  [INFO] Original RANSAC: a=0.0114, b=-0.1012, c=0.9948, d=-0.4736
  [INFO] Normal vector pointing down. Flipping coefficients up toward lens.
  [INFO] Points isolated on belt plane: 338,394
  [INFO] Non-plane points going to workspace filter: 18,434

━━━ [STAGE 5] Direction-Enforced Spatial Pre-Filtering
  [INFO] Height gate window : 1.50mm to 500.00mm
  [INFO] Dist-from-plane mm : min=14.177 mean=34.185 median=33.279 max=60.171
  [INFO] Rejected by lower gate: 0 / 18,434
  [INFO] Rejected by upper gate: 0 / 18,434
  [DEBUG] Points passing directional spatial filters: 18,434

━━━ [STAGE 6] Spatial Structural Isolation Clustering (DBSCAN)
  [INFO] DBSCAN discovered 1 distinct point groups.

━━━ [STAGE 7] Multi-Gate Geometric Evaluation
  Cluster #00 -> Pts: 18434 | Dims(mm): X=117.7, Y=116.4, Z= 50.0 | VolRatio: 0.425 | Gates: [G1-4=1 G5_Size=1 G6_3D=1] -> PASSED
  [INFO] Winning Cluster selected: ID #0 (Score=0.8275)
  [INFO] Winning cluster point count: 18,434

━━━ [STAGE 8] Projection — Sensor Space → Cropped Canvas

  ── [STAGE 8a] Coordinate System Parameters ──
    Intrinsics    : fx=750.148  fy=749.790  cx=386.179  cy=366.086
    Crop offsets  : left=0 px  top=0 px
    Depth sensor  : 510W x 720H px
    RGB canvas    : 510W x 720H px
    Scale factors : scale_x=1.000000  scale_y=1.000000

  ── [STAGE 8b] 3-D Cluster Bounding Box (world space) ──
    X range : -0.2068 m  →  -0.0891 m  (span 117.7 mm)
    Y range : -0.0147 m  →  0.1017 m  (span 116.4 mm)
    Z range : 0.4230 m  →  0.4730 m  (span 50.0 mm)
    Z depth : mean=0.4480 m  std=0.0113 m  min=0.4230 m  max=0.4730 m

  ── [STAGE 8c] Projection Steps ──
    [Step 1] Full-sensor pixel coords (before crop subtraction):
      u_sensor  min=23.0  max=243.0  mean=143.4
      v_sensor  min=342.0  max=530.0  mean=441.0
    [OK] Sensor-space OOB: u=0.0%  v=0.0%
    [Step 2] After crop subtraction (crop_left=0, crop_top=0):
      u_cropped min=23.0  max=243.0  mean=143.4
      v_cropped min=342.0  max=530.0  mean=441.0
    [Step 2 Check] Cropped coords outside canvas: u<0=0.0%  u>W=0.0%  v<0=0.0%  v>H=0.0%
    [Step 3] After scale to canvas (scale_x=1.0000, scale_y=1.0000):
      u  min=23  max=243  mean=143.4
      v  min=342  max=530  mean=441.0
      Canvas target size : 510W x 720H px

  ── [STAGE 8d] Expected mask centroid on canvas ──
      Projected centroid : u=143.4 px  v=441.0 px
      Canvas centre      : u=255.0 px  v=360.0 px
      Offset from centre : Δu=-111.6 px  Δv=81.0 px

  ── [STAGE 8e] Bounds Filter ──
    Total projected points : 18,434
    Inside canvas bounds   : 18,434  (100.0%)
    Duplicate pixel hits    : 0
  [INFO] Density non-zero pixels: 18,434
  [INFO] Density peak count     : 1
  [INFO] Raw mask white pixels before morphology: 18,434
  [INFO] White pixels after close: 19,762
  [INFO] Morphological open skipped for tip-loss debugging.
  [INFO] White pixels after open (skipped): 19,762

  ── [STAGE 8f] Final Mask Stats ──
    Bounding box : 220W x 188H px
    Mask centroid: (133.0, 436.0) px
    White pixels : 19,762
  masking.py run ended: 2026-06-13 20:06:18.241106
