
================================================================================
  masking.py run started: 2026-06-13 19:48:02.538170
================================================================================

━━━ [STAGE 1] Loading Point Cloud Array
  [INFO] Total raw points loaded: 366,346

━━━ [STAGE 2] Statistical Outlier Demolition
  [INFO] Points surviving outlier filter: 353,874

━━━ [STAGE 3] Live Plane Surface Isolation (RANSAC)
  [INFO] Original RANSAC: a=0.0145, b=-0.0499, c=0.9986, d=-0.4782
  [INFO] Normal vector pointing down. Flipping coefficients up toward lens.
  [INFO] Points isolated on belt plane: 320,027
  [INFO] Non-plane points going to workspace filter: 33,847

━━━ [STAGE 5] Direction-Enforced Spatial Pre-Filtering
  [INFO] Height gate window : 1.50mm to 500.00mm
  [INFO] Dist-from-plane mm : min=12.895 mean=37.269 median=32.606 max=71.400
  [INFO] Rejected by lower gate: 0 / 33,847
  [INFO] Rejected by upper gate: 0 / 33,847
  [DEBUG] Points passing directional spatial filters: 33,847

━━━ [STAGE 6] Spatial Structural Isolation Clustering (DBSCAN)
  [INFO] DBSCAN discovered 1 distinct point groups.

━━━ [STAGE 7] Multi-Gate Geometric Evaluation
  Cluster #00 -> Pts: 33847 | Dims(mm): X=197.7, Y=436.5, Z= 77.0 | VolRatio: 0.176 | Gates: [G1-4=1 G5_Size=1 G6_3D=1] -> PASSED
  [INFO] Winning Cluster selected: ID #0 (Score=0.7529)
  [INFO] Winning cluster point count: 33,847

━━━ [STAGE 8] Projection — Sensor Space → Cropped Canvas

  ── [STAGE 8a] Coordinate System Parameters ──
    Intrinsics    : fx=750.148  fy=749.790  cx=386.179  cy=366.086
    Crop offsets  : left=0 px  top=0 px
    Depth sensor  : 510W x 720H px
    RGB canvas    : 510W x 720H px
    Scale factors : scale_x=1.000000  scale_y=1.000000

  ── [STAGE 8b] 3-D Cluster Bounding Box (world space) ──
    X range : -0.2403 m  →  -0.0427 m  (span 197.7 mm)
    Y range : -0.2201 m  →  0.2164 m  (span 436.5 mm)
    Z range : 0.4010 m  →  0.4780 m  (span 77.0 mm)
    Z depth : mean=0.4418 m  std=0.0192 m  min=0.4010 m  max=0.4780 m

  ── [STAGE 8c] Projection Steps ──
    [Step 1] Full-sensor pixel coords (before crop subtraction):
      u_sensor  min=9.0  max=316.0  mean=222.0
      v_sensor  min=-0.0  max=707.0  mean=322.0
    [OK] Sensor-space OOB: u=0.0%  v=0.0%
    [Step 2] After crop subtraction (crop_left=0, crop_top=0):
      u_cropped min=9.0  max=316.0  mean=222.0
      v_cropped min=-0.0  max=707.0  mean=322.0
    [Step 2 Check] Cropped coords outside canvas: u<0=0.0%  u>W=0.0%  v<0=0.0%  v>H=0.0%
    [Step 3] After scale to canvas (scale_x=1.0000, scale_y=1.0000):
      u  min=9  max=316  mean=222.0
      v  min=0  max=707  mean=322.0
      Canvas target size : 510W x 720H px

  ── [STAGE 8d] Expected mask centroid on canvas ──
      Projected centroid : u=222.0 px  v=322.0 px
      Canvas centre      : u=255.0 px  v=360.0 px
      Offset from centre : Δu=-33.0 px  Δv=-38.0 px

  ── [STAGE 8e] Bounds Filter ──
    Total projected points : 33,847
    Inside canvas bounds   : 33,847  (100.0%)
    Duplicate pixel hits    : 0
  [INFO] Density non-zero pixels: 33,847
  [INFO] Density peak count     : 1
  [INFO] Raw mask white pixels before morphology: 33,847
  [INFO] White pixels after close: 36,588
  [INFO] Morphological open skipped for tip-loss debugging.
  [INFO] White pixels after open (skipped): 36,588

  ── [STAGE 8f] Final Mask Stats ──
    Bounding box : 307W x 707H px
    Mask centroid: (162.5, 353.5) px
    White pixels : 36,588
  masking.py run ended: 2026-06-13 19:48:06.601495
