
================================================================================
  masking.py run started: 2026-06-13 20:05:43.904031
================================================================================

━━━ [STAGE 1] Loading Point Cloud Array
  [INFO] Total raw points loaded: 365,688

━━━ [STAGE 2] Statistical Outlier Demolition
  [INFO] Points surviving outlier filter: 356,742

━━━ [STAGE 3] Live Plane Surface Isolation (RANSAC)
  [INFO] Original RANSAC: a=0.0154, b=-0.1003, c=0.9948, d=-0.4737
  [INFO] Normal vector pointing down. Flipping coefficients up toward lens.
  [INFO] Points isolated on belt plane: 344,578
  [INFO] Non-plane points going to workspace filter: 12,164

━━━ [STAGE 5] Direction-Enforced Spatial Pre-Filtering
  [INFO] Height gate window : 1.50mm to 500.00mm
  [INFO] Dist-from-plane mm : min=17.462 mean=52.514 median=54.633 max=72.015
  [INFO] Rejected by lower gate: 0 / 12,164
  [INFO] Rejected by upper gate: 0 / 12,164
  [DEBUG] Points passing directional spatial filters: 12,164

━━━ [STAGE 6] Spatial Structural Isolation Clustering (DBSCAN)
  [INFO] DBSCAN discovered 2 distinct point groups.

━━━ [STAGE 7] Multi-Gate Geometric Evaluation
  Cluster #00 -> Pts: 13    | Dims(mm): X=  2.3, Y=  1.7, Z=  0.0 | VolRatio: 0.000 | Gates: [G1-4=0 G5_Size=0 G6_3D=0] -> REJECTED
  Cluster #01 -> Pts: 12151 | Dims(mm): X= 62.5, Y=140.7, Z= 64.0 | VolRatio: 0.444 | Gates: [G1-4=1 G5_Size=1 G6_3D=1] -> PASSED
  [INFO] Winning Cluster selected: ID #1 (Score=0.8332)
  [INFO] Winning cluster point count: 12,151

━━━ [STAGE 8] Projection — Sensor Space → Cropped Canvas

  ── [STAGE 8a] Coordinate System Parameters ──
    Intrinsics    : fx=750.148  fy=749.790  cx=386.179  cy=366.086
    Crop offsets  : left=0 px  top=0 px
    Depth sensor  : 510W x 720H px
    RGB canvas    : 510W x 720H px
    Scale factors : scale_x=1.000000  scale_y=1.000000

  ── [STAGE 8b] 3-D Cluster Bounding Box (world space) ──
    X range : 0.0114 m  →  0.0738 m  (span 62.5 mm)
    Y range : -0.1078 m  →  0.0329 m  (span 140.7 mm)
    Z range : 0.3960 m  →  0.4600 m  (span 64.0 mm)
    Z depth : mean=0.4192 m  std=0.0143 m  min=0.3960 m  max=0.4600 m

  ── [STAGE 8c] Projection Steps ──
    [Step 1] Full-sensor pixel coords (before crop subtraction):
      u_sensor  min=407.0  max=509.0  mean=456.9
      v_sensor  min=168.0  max=423.0  mean=302.6
    [OK] Sensor-space OOB: u=0.0%  v=0.0%
    [Step 2] After crop subtraction (crop_left=0, crop_top=0):
      u_cropped min=407.0  max=509.0  mean=456.9
      v_cropped min=168.0  max=423.0  mean=302.6
    [Step 2 Check] Cropped coords outside canvas: u<0=0.0%  u>W=0.0%  v<0=0.0%  v>H=0.0%
    [Step 3] After scale to canvas (scale_x=1.0000, scale_y=1.0000):
      u  min=407  max=509  mean=456.9
      v  min=168  max=423  mean=302.6
      Canvas target size : 510W x 720H px

  ── [STAGE 8d] Expected mask centroid on canvas ──
      Projected centroid : u=456.9 px  v=302.6 px
      Canvas centre      : u=255.0 px  v=360.0 px
      Offset from centre : Δu=201.9 px  Δv=-57.4 px

  ── [STAGE 8e] Bounds Filter ──
    Total projected points : 12,151
    Inside canvas bounds   : 12,151  (100.0%)
    Duplicate pixel hits    : 0
  [INFO] Density non-zero pixels: 12,151
  [INFO] Density peak count     : 1
  [INFO] Raw mask white pixels before morphology: 12,151
  [INFO] White pixels after close: 14,501
  [INFO] Morphological open skipped for tip-loss debugging.
  [INFO] White pixels after open (skipped): 14,501

  ── [STAGE 8f] Final Mask Stats ──
    Bounding box : 102W x 255H px
    Mask centroid: (458.0, 295.5) px
    White pixels : 14,501
  masking.py run ended: 2026-06-13 20:05:45.949476
