
================================================================================
  masking.py run started: 2026-06-13 20:00:26.469168
================================================================================

━━━ [STAGE 1] Loading Point Cloud Array
  [INFO] Total raw points loaded: 366,356

━━━ [STAGE 2] Statistical Outlier Demolition
  [INFO] Points surviving outlier filter: 354,366

━━━ [STAGE 3] Live Plane Surface Isolation (RANSAC)
  [INFO] Original RANSAC: a=0.0149, b=-0.0519, c=0.9985, d=-0.4789
  [INFO] Normal vector pointing down. Flipping coefficients up toward lens.
  [INFO] Points isolated on belt plane: 333,599
  [INFO] Non-plane points going to workspace filter: 20,767

━━━ [STAGE 5] Direction-Enforced Spatial Pre-Filtering
  [INFO] Height gate window : 1.50mm to 500.00mm
  [INFO] Dist-from-plane mm : min=11.160 mean=47.344 median=50.847 max=76.378
  [INFO] Rejected by lower gate: 0 / 20,767
  [INFO] Rejected by upper gate: 0 / 20,767
  [DEBUG] Points passing directional spatial filters: 20,767

━━━ [STAGE 6] Spatial Structural Isolation Clustering (DBSCAN)
  [INFO] DBSCAN discovered 5 distinct point groups.

━━━ [STAGE 7] Multi-Gate Geometric Evaluation
  Cluster #00 -> Pts: 21    | Dims(mm): X=  7.3, Y=  1.2, Z=  2.0 | VolRatio: 0.166 | Gates: [G1-4=1 G5_Size=0 G6_3D=1] -> REJECTED
  Cluster #01 -> Pts: 11894 | Dims(mm): X= 67.2, Y=270.3, Z= 70.0 | VolRatio: 0.249 | Gates: [G1-4=1 G5_Size=1 G6_3D=1] -> PASSED
  Cluster #02 -> Pts: 8820  | Dims(mm): X= 87.6, Y= 75.4, Z= 66.0 | VolRatio: 0.754 | Gates: [G1-4=1 G5_Size=1 G6_3D=1] -> PASSED
  Cluster #03 -> Pts: 14    | Dims(mm): X=  1.2, Y=  2.9, Z=  2.0 | VolRatio: 0.414 | Gates: [G1-4=0 G5_Size=0 G6_3D=1] -> REJECTED
  Cluster #04 -> Pts: 18    | Dims(mm): X=  7.6, Y=  2.7, Z=  4.0 | VolRatio: 0.359 | Gates: [G1-4=0 G5_Size=0 G6_3D=1] -> REJECTED
  [INFO] Winning Cluster selected: ID #2 (Score=0.8671)
  [INFO] Winning cluster point count: 8,820

━━━ [STAGE 8] Projection — Sensor Space → Cropped Canvas

  ── [STAGE 8a] Coordinate System Parameters ──
    Intrinsics    : fx=750.148  fy=749.790  cx=386.179  cy=366.086
    Crop offsets  : left=0 px  top=0 px
    Depth sensor  : 510W x 720H px
    RGB canvas    : 510W x 720H px
    Scale factors : scale_x=1.000000  scale_y=1.000000

  ── [STAGE 8b] 3-D Cluster Bounding Box (world space) ──
    X range : -0.1104 m  →  -0.0228 m  (span 87.6 mm)
    Y range : 0.0362 m  →  0.1116 m  (span 75.4 mm)
    Z range : 0.4080 m  →  0.4740 m  (span 66.0 mm)
    Z depth : mean=0.4283 m  std=0.0154 m  min=0.4080 m  max=0.4740 m

  ── [STAGE 8c] Projection Steps ──
    [Step 1] Full-sensor pixel coords (before crop subtraction):
      u_sensor  min=190.0  max=347.0  mean=262.5
      v_sensor  min=429.0  max=548.0  mean=498.9
    [OK] Sensor-space OOB: u=0.0%  v=0.0%
    [Step 2] After crop subtraction (crop_left=0, crop_top=0):
      u_cropped min=190.0  max=347.0  mean=262.5
      v_cropped min=429.0  max=548.0  mean=498.9
    [Step 2 Check] Cropped coords outside canvas: u<0=0.0%  u>W=0.0%  v<0=0.0%  v>H=0.0%
    [Step 3] After scale to canvas (scale_x=1.0000, scale_y=1.0000):
      u  min=190  max=347  mean=262.5
      v  min=429  max=548  mean=498.9
      Canvas target size : 510W x 720H px

  ── [STAGE 8d] Expected mask centroid on canvas ──
      Projected centroid : u=262.5 px  v=498.9 px
      Canvas centre      : u=255.0 px  v=360.0 px
      Offset from centre : Δu=7.5 px  Δv=138.9 px

  ── [STAGE 8e] Bounds Filter ──
    Total projected points : 8,820
    Inside canvas bounds   : 8,820  (100.0%)
    Duplicate pixel hits    : 0
  [INFO] Density non-zero pixels: 8,820
  [INFO] Density peak count     : 1
  [INFO] Raw mask white pixels before morphology: 8,820
  [INFO] White pixels after close: 10,127
  [INFO] Morphological open skipped for tip-loss debugging.
  [INFO] White pixels after open (skipped): 10,127

  ── [STAGE 8f] Final Mask Stats ──
    Bounding box : 157W x 119H px
    Mask centroid: (268.5, 488.5) px
    White pixels : 10,127
  masking.py run ended: 2026-06-13 20:00:28.749486
