
================================================================================
  masking.py run started: 2026-06-13 19:56:02.938051
================================================================================

━━━ [STAGE 1] Loading Point Cloud Array
  [INFO] Total raw points loaded: 363,706

━━━ [STAGE 2] Statistical Outlier Demolition
  [INFO] Points surviving outlier filter: 353,354

━━━ [STAGE 3] Live Plane Surface Isolation (RANSAC)
  [INFO] Original RANSAC: a=0.0141, b=-0.1935, c=0.9810, d=-0.4635
  [INFO] Normal vector pointing down. Flipping coefficients up toward lens.
  [INFO] Points isolated on belt plane: 339,576
  [INFO] Non-plane points going to workspace filter: 13,778

━━━ [STAGE 5] Direction-Enforced Spatial Pre-Filtering
  [INFO] Height gate window : 1.50mm to 500.00mm
  [INFO] Dist-from-plane mm : min=-4.435 mean=44.949 median=47.967 max=65.765
  [INFO] Rejected by lower gate: 2 / 13,778
  [INFO] Rejected by upper gate: 0 / 13,778
  [DEBUG] Points passing directional spatial filters: 13,776

━━━ [STAGE 6] Spatial Structural Isolation Clustering (DBSCAN)
  [INFO] DBSCAN discovered 1 distinct point groups.

━━━ [STAGE 7] Multi-Gate Geometric Evaluation
  Cluster #00 -> Pts: 13776 | Dims(mm): X= 96.4, Y= 79.0, Z= 57.0 | VolRatio: 0.592 | Gates: [G1-4=1 G5_Size=1 G6_3D=1] -> PASSED
  [INFO] Winning Cluster selected: ID #0 (Score=0.8775)
  [INFO] Winning cluster point count: 13,776

━━━ [STAGE 8] Projection — Sensor Space → Cropped Canvas

  ── [STAGE 8a] Coordinate System Parameters ──
    Intrinsics    : fx=750.148  fy=749.790  cx=386.179  cy=366.086
    Crop offsets  : left=0 px  top=0 px
    Depth sensor  : 510W x 720H px
    RGB canvas    : 510W x 720H px
    Scale factors : scale_x=1.000000  scale_y=1.000000

  ── [STAGE 8b] 3-D Cluster Bounding Box (world space) ──
    X range : -0.0811 m  →  0.0153 m  (span 96.4 mm)
    Y range : -0.1230 m  →  -0.0440 m  (span 79.0 mm)
    Z range : 0.3910 m  →  0.4480 m  (span 57.0 mm)
    Z depth : mean=0.4118 m  std=0.0152 m  min=0.3910 m  max=0.4480 m

  ── [STAGE 8c] Projection Steps ──
    [Step 1] Full-sensor pixel coords (before crop subtraction):
      u_sensor  min=247.0  max=412.0  mean=331.4
      v_sensor  min=146.0  max=292.0  mean=224.4
    [OK] Sensor-space OOB: u=0.0%  v=0.0%
    [Step 2] After crop subtraction (crop_left=0, crop_top=0):
      u_cropped min=247.0  max=412.0  mean=331.4
      v_cropped min=146.0  max=292.0  mean=224.4
    [Step 2 Check] Cropped coords outside canvas: u<0=0.0%  u>W=0.0%  v<0=0.0%  v>H=0.0%
    [Step 3] After scale to canvas (scale_x=1.0000, scale_y=1.0000):
      u  min=247  max=412  mean=331.4
      v  min=146  max=292  mean=224.4
      Canvas target size : 510W x 720H px

  ── [STAGE 8d] Expected mask centroid on canvas ──
      Projected centroid : u=331.4 px  v=224.4 px
      Canvas centre      : u=255.0 px  v=360.0 px
      Offset from centre : Δu=76.4 px  Δv=-135.6 px

  ── [STAGE 8e] Bounds Filter ──
    Total projected points : 13,776
    Inside canvas bounds   : 13,776  (100.0%)
    Duplicate pixel hits    : 0
  [INFO] Density non-zero pixels: 13,776
  [INFO] Density peak count     : 1
  [INFO] Raw mask white pixels before morphology: 13,776
  [INFO] White pixels after close: 15,510
  [INFO] Morphological open skipped for tip-loss debugging.
  [INFO] White pixels after open (skipped): 15,510

  ── [STAGE 8f] Final Mask Stats ──
    Bounding box : 165W x 146H px
    Mask centroid: (329.5, 219.0) px
    White pixels : 15,510
  masking.py run ended: 2026-06-13 19:56:05.491514
