
================================================================================
  masking.py run started: 2026-06-13 20:06:10.065333
================================================================================

━━━ [STAGE 1] Loading Point Cloud Array
  [INFO] Total raw points loaded: 365,730

━━━ [STAGE 2] Statistical Outlier Demolition
  [INFO] Points surviving outlier filter: 355,176

━━━ [STAGE 3] Live Plane Surface Isolation (RANSAC)
  [INFO] Original RANSAC: a=0.0136, b=-0.1020, c=0.9947, d=-0.4735
  [INFO] Normal vector pointing down. Flipping coefficients up toward lens.
  [INFO] Points isolated on belt plane: 337,340
  [INFO] Non-plane points going to workspace filter: 17,836

━━━ [STAGE 5] Direction-Enforced Spatial Pre-Filtering
  [INFO] Height gate window : 1.50mm to 500.00mm
  [INFO] Dist-from-plane mm : min=13.615 mean=35.405 median=34.407 max=58.883
  [INFO] Rejected by lower gate: 0 / 17,836
  [INFO] Rejected by upper gate: 0 / 17,836
  [DEBUG] Points passing directional spatial filters: 17,836

━━━ [STAGE 6] Spatial Structural Isolation Clustering (DBSCAN)
  [INFO] DBSCAN discovered 1 distinct point groups.

━━━ [STAGE 7] Multi-Gate Geometric Evaluation
  Cluster #00 -> Pts: 17830 | Dims(mm): X=151.8, Y= 87.0, Z= 54.0 | VolRatio: 0.356 | Gates: [G1-4=1 G5_Size=1 G6_3D=1] -> PASSED
  [INFO] Winning Cluster selected: ID #0 (Score=0.8067)
  [INFO] Winning cluster point count: 17,830

━━━ [STAGE 8] Projection — Sensor Space → Cropped Canvas

  ── [STAGE 8a] Coordinate System Parameters ──
    Intrinsics    : fx=750.148  fy=749.790  cx=386.179  cy=366.086
    Crop offsets  : left=0 px  top=0 px
    Depth sensor  : 510W x 720H px
    RGB canvas    : 510W x 720H px
    Scale factors : scale_x=1.000000  scale_y=1.000000

  ── [STAGE 8b] 3-D Cluster Bounding Box (world space) ──
    X range : -0.1214 m  →  0.0304 m  (span 151.8 mm)
    Y range : -0.1065 m  →  -0.0195 m  (span 87.0 mm)
    Z range : 0.4070 m  →  0.4610 m  (span 54.0 mm)
    Z depth : mean=0.4353 m  std=0.0116 m  min=0.4070 m  max=0.4610 m

  ── [STAGE 8c] Projection Steps ──
    [Step 1] Full-sensor pixel coords (before crop subtraction):
      u_sensor  min=186.0  max=437.0  mean=304.5
      v_sensor  min=176.0  max=333.0  mean=267.4
    [OK] Sensor-space OOB: u=0.0%  v=0.0%
    [Step 2] After crop subtraction (crop_left=0, crop_top=0):
      u_cropped min=186.0  max=437.0  mean=304.5
      v_cropped min=176.0  max=333.0  mean=267.4
    [Step 2 Check] Cropped coords outside canvas: u<0=0.0%  u>W=0.0%  v<0=0.0%  v>H=0.0%
    [Step 3] After scale to canvas (scale_x=1.0000, scale_y=1.0000):
      u  min=186  max=437  mean=304.5
      v  min=176  max=333  mean=267.4
      Canvas target size : 510W x 720H px

  ── [STAGE 8d] Expected mask centroid on canvas ──
      Projected centroid : u=304.5 px  v=267.4 px
      Canvas centre      : u=255.0 px  v=360.0 px
      Offset from centre : Δu=49.5 px  Δv=-92.6 px

  ── [STAGE 8e] Bounds Filter ──
    Total projected points : 17,830
    Inside canvas bounds   : 17,830  (100.0%)
    Duplicate pixel hits    : 0
  [INFO] Density non-zero pixels: 17,830
  [INFO] Density peak count     : 1
  [INFO] Raw mask white pixels before morphology: 17,830
  [INFO] White pixels after close: 19,747
  [INFO] Morphological open skipped for tip-loss debugging.
  [INFO] White pixels after open (skipped): 19,747

  ── [STAGE 8f] Final Mask Stats ──
    Bounding box : 251W x 157H px
    Mask centroid: (311.5, 254.5) px
    White pixels : 19,747
  masking.py run ended: 2026-06-13 20:06:12.700024
