
================================================================================
  masking.py run started: 2026-06-13 19:54:01.242057
================================================================================

━━━ [STAGE 1] Loading Point Cloud Array
  [INFO] Total raw points loaded: 364,917

━━━ [STAGE 2] Statistical Outlier Demolition
  [INFO] Points surviving outlier filter: 353,661

━━━ [STAGE 3] Live Plane Surface Isolation (RANSAC)
  [INFO] Original RANSAC: a=0.0139, b=-0.1436, c=0.9895, d=-0.4686
  [INFO] Normal vector pointing down. Flipping coefficients up toward lens.
  [INFO] Points isolated on belt plane: 330,422
  [INFO] Non-plane points going to workspace filter: 23,239

━━━ [STAGE 5] Direction-Enforced Spatial Pre-Filtering
  [INFO] Height gate window : 1.50mm to 500.00mm
  [INFO] Dist-from-plane mm : min=12.297 mean=32.544 median=34.538 max=49.521
  [INFO] Rejected by lower gate: 0 / 23,239
  [INFO] Rejected by upper gate: 0 / 23,239
  [DEBUG] Points passing directional spatial filters: 23,239

━━━ [STAGE 6] Spatial Structural Isolation Clustering (DBSCAN)
  [INFO] DBSCAN discovered 1 distinct point groups.

━━━ [STAGE 7] Multi-Gate Geometric Evaluation
  Cluster #00 -> Pts: 23238 | Dims(mm): X=178.8, Y=150.3, Z= 50.0 | VolRatio: 0.280 | Gates: [G1-4=1 G5_Size=1 G6_3D=1] -> PASSED
  [INFO] Winning Cluster selected: ID #0 (Score=0.7839)
  [INFO] Winning cluster point count: 23,238

━━━ [STAGE 8] Projection — Sensor Space → Cropped Canvas

  ── [STAGE 8a] Coordinate System Parameters ──
    Intrinsics    : fx=750.148  fy=749.790  cx=386.179  cy=366.086
    Crop offsets  : left=0 px  top=0 px
    Depth sensor  : 510W x 720H px
    RGB canvas    : 510W x 720H px
    Scale factors : scale_x=1.000000  scale_y=1.000000

  ── [STAGE 8b] 3-D Cluster Bounding Box (world space) ──
    X range : -0.1635 m  →  0.0153 m  (span 178.8 mm)
    Y range : -0.1170 m  →  0.0332 m  (span 150.3 mm)
    Z range : 0.4120 m  →  0.4620 m  (span 50.0 mm)
    Z depth : mean=0.4352 m  std=0.0091 m  min=0.4120 m  max=0.4620 m

  ── [STAGE 8c] Projection Steps ──
    [Step 1] Full-sensor pixel coords (before crop subtraction):
      u_sensor  min=116.0  max=411.0  mean=260.4
      v_sensor  min=168.0  max=420.0  mean=288.3
    [OK] Sensor-space OOB: u=0.0%  v=0.0%
    [Step 2] After crop subtraction (crop_left=0, crop_top=0):
      u_cropped min=116.0  max=411.0  mean=260.4
      v_cropped min=168.0  max=420.0  mean=288.3
    [Step 2 Check] Cropped coords outside canvas: u<0=0.0%  u>W=0.0%  v<0=0.0%  v>H=0.0%
    [Step 3] After scale to canvas (scale_x=1.0000, scale_y=1.0000):
      u  min=116  max=411  mean=260.4
      v  min=168  max=420  mean=288.3
      Canvas target size : 510W x 720H px

  ── [STAGE 8d] Expected mask centroid on canvas ──
      Projected centroid : u=260.4 px  v=288.3 px
      Canvas centre      : u=255.0 px  v=360.0 px
      Offset from centre : Δu=5.4 px  Δv=-71.7 px

  ── [STAGE 8e] Bounds Filter ──
    Total projected points : 23,238
    Inside canvas bounds   : 23,238  (100.0%)
    Duplicate pixel hits    : 0
  [INFO] Density non-zero pixels: 23,238
  [INFO] Density peak count     : 1
  [INFO] Raw mask white pixels before morphology: 23,238
  [INFO] White pixels after close: 25,512
  [INFO] Morphological open skipped for tip-loss debugging.
  [INFO] White pixels after open (skipped): 25,512

  ── [STAGE 8f] Final Mask Stats ──
    Bounding box : 295W x 252H px
    Mask centroid: (263.5, 294.0) px
    White pixels : 25,512
  masking.py run ended: 2026-06-13 19:54:03.853780
