
================================================================================
  masking.py run started: 2026-06-13 20:03:13.889683
================================================================================

━━━ [STAGE 1] Loading Point Cloud Array
  [INFO] Total raw points loaded: 365,805

━━━ [STAGE 2] Statistical Outlier Demolition
  [INFO] Points surviving outlier filter: 354,478

━━━ [STAGE 3] Live Plane Surface Isolation (RANSAC)
  [INFO] Original RANSAC: a=0.0136, b=-0.0884, c=0.9960, d=-0.4750
  [INFO] Normal vector pointing down. Flipping coefficients up toward lens.
  [INFO] Points isolated on belt plane: 332,963
  [INFO] Non-plane points going to workspace filter: 21,515

━━━ [STAGE 5] Direction-Enforced Spatial Pre-Filtering
  [INFO] Height gate window : 1.50mm to 500.00mm
  [INFO] Dist-from-plane mm : min=13.389 mean=47.911 median=49.735 max=71.632
  [INFO] Rejected by lower gate: 0 / 21,515
  [INFO] Rejected by upper gate: 0 / 21,515
  [DEBUG] Points passing directional spatial filters: 21,515

━━━ [STAGE 6] Spatial Structural Isolation Clustering (DBSCAN)
  [INFO] DBSCAN discovered 2 distinct point groups.

━━━ [STAGE 7] Multi-Gate Geometric Evaluation
  Cluster #00 -> Pts: 21498 | Dims(mm): X=202.9, Y=125.5, Z= 62.0 | VolRatio: 0.306 | Gates: [G1-4=1 G5_Size=1 G6_3D=1] -> PASSED
  Cluster #01 -> Pts: 17    | Dims(mm): X=  3.5, Y=  2.5, Z=  1.0 | VolRatio: 0.282 | Gates: [G1-4=0 G5_Size=0 G6_3D=1] -> REJECTED
  [INFO] Winning Cluster selected: ID #0 (Score=0.7917)
  [INFO] Winning cluster point count: 21,498

━━━ [STAGE 8] Projection — Sensor Space → Cropped Canvas

  ── [STAGE 8a] Coordinate System Parameters ──
    Intrinsics    : fx=750.148  fy=749.790  cx=386.179  cy=366.086
    Crop offsets  : left=0 px  top=0 px
    Depth sensor  : 510W x 720H px
    RGB canvas    : 510W x 720H px
    Scale factors : scale_x=1.000000  scale_y=1.000000

  ── [STAGE 8b] 3-D Cluster Bounding Box (world space) ──
    X range : -0.1310 m  →  0.0719 m  (span 202.9 mm)
    Y range : -0.1133 m  →  0.0122 m  (span 125.5 mm)
    Z range : 0.4030 m  →  0.4650 m  (span 62.0 mm)
    Z depth : mean=0.4257 m  std=0.0116 m  min=0.4030 m  max=0.4650 m

  ── [STAGE 8c] Projection Steps ──
    [Step 1] Full-sensor pixel coords (before crop subtraction):
      u_sensor  min=174.0  max=509.0  mean=326.9
      v_sensor  min=173.0  max=387.0  mean=295.8
    [OK] Sensor-space OOB: u=0.0%  v=0.0%
    [Step 2] After crop subtraction (crop_left=0, crop_top=0):
      u_cropped min=174.0  max=509.0  mean=326.9
      v_cropped min=173.0  max=387.0  mean=295.8
    [Step 2 Check] Cropped coords outside canvas: u<0=0.0%  u>W=0.0%  v<0=0.0%  v>H=0.0%
    [Step 3] After scale to canvas (scale_x=1.0000, scale_y=1.0000):
      u  min=174  max=509  mean=326.9
      v  min=173  max=387  mean=295.8
      Canvas target size : 510W x 720H px

  ── [STAGE 8d] Expected mask centroid on canvas ──
      Projected centroid : u=326.9 px  v=295.8 px
      Canvas centre      : u=255.0 px  v=360.0 px
      Offset from centre : Δu=71.9 px  Δv=-64.2 px

  ── [STAGE 8e] Bounds Filter ──
    Total projected points : 21,498
    Inside canvas bounds   : 21,498  (100.0%)
    Duplicate pixel hits    : 0
  [INFO] Density non-zero pixels: 21,498
  [INFO] Density peak count     : 1
  [INFO] Raw mask white pixels before morphology: 21,498
  [INFO] White pixels after close: 24,459
  [INFO] Morphological open skipped for tip-loss debugging.
  [INFO] White pixels after open (skipped): 24,459

  ── [STAGE 8f] Final Mask Stats ──
    Bounding box : 335W x 214H px
    Mask centroid: (341.5, 280.0) px
    White pixels : 24,459
  masking.py run ended: 2026-06-13 20:03:16.890752
