
================================================================================
  masking.py run started: 2026-06-13 20:01:34.326657
================================================================================

━━━ [STAGE 1] Loading Point Cloud Array
  [INFO] Total raw points loaded: 366,168

━━━ [STAGE 2] Statistical Outlier Demolition
  [INFO] Points surviving outlier filter: 355,016

━━━ [STAGE 3] Live Plane Surface Isolation (RANSAC)
  [INFO] Original RANSAC: a=0.0127, b=-0.0736, c=0.9972, d=-0.4771
  [INFO] Normal vector pointing down. Flipping coefficients up toward lens.
  [INFO] Points isolated on belt plane: 343,236
  [INFO] Non-plane points going to workspace filter: 11,780

━━━ [STAGE 5] Direction-Enforced Spatial Pre-Filtering
  [INFO] Height gate window : 1.50mm to 500.00mm
  [INFO] Dist-from-plane mm : min=14.323 mean=44.244 median=46.885 max=61.822
  [INFO] Rejected by lower gate: 0 / 11,780
  [INFO] Rejected by upper gate: 0 / 11,780
  [DEBUG] Points passing directional spatial filters: 11,780

━━━ [STAGE 6] Spatial Structural Isolation Clustering (DBSCAN)
  [INFO] DBSCAN discovered 1 distinct point groups.

━━━ [STAGE 7] Multi-Gate Geometric Evaluation
  Cluster #00 -> Pts: 11780 | Dims(mm): X=140.5, Y= 62.2, Z= 50.0 | VolRatio: 0.356 | Gates: [G1-4=1 G5_Size=1 G6_3D=1] -> PASSED
  [INFO] Winning Cluster selected: ID #0 (Score=0.8067)
  [INFO] Winning cluster point count: 11,780

━━━ [STAGE 8] Projection — Sensor Space → Cropped Canvas

  ── [STAGE 8a] Coordinate System Parameters ──
    Intrinsics    : fx=750.148  fy=749.790  cx=386.179  cy=366.086
    Crop offsets  : left=0 px  top=0 px
    Depth sensor  : 510W x 720H px
    RGB canvas    : 510W x 720H px
    Scale factors : scale_x=1.000000  scale_y=1.000000

  ── [STAGE 8b] 3-D Cluster Bounding Box (world space) ──
    X range : -0.0647 m  →  0.0758 m  (span 140.5 mm)
    Y range : 0.1600 m  →  0.2221 m  (span 62.2 mm)
    Z range : 0.4310 m  →  0.4810 m  (span 50.0 mm)
    Z depth : mean=0.4475 m  std=0.0109 m  min=0.4310 m  max=0.4810 m

  ── [STAGE 8c] Projection Steps ──
    [Step 1] Full-sensor pixel coords (before crop subtraction):
      u_sensor  min=285.0  max=509.0  mean=413.3
      v_sensor  min=624.0  max=718.0  mean=678.1
    [OK] Sensor-space OOB: u=0.0%  v=0.0%
    [Step 2] After crop subtraction (crop_left=0, crop_top=0):
      u_cropped min=285.0  max=509.0  mean=413.3
      v_cropped min=624.0  max=718.0  mean=678.1
    [Step 2 Check] Cropped coords outside canvas: u<0=0.0%  u>W=0.0%  v<0=0.0%  v>H=0.0%
    [Step 3] After scale to canvas (scale_x=1.0000, scale_y=1.0000):
      u  min=285  max=509  mean=413.3
      v  min=624  max=718  mean=678.1
      Canvas target size : 510W x 720H px

  ── [STAGE 8d] Expected mask centroid on canvas ──
      Projected centroid : u=413.3 px  v=678.1 px
      Canvas centre      : u=255.0 px  v=360.0 px
      Offset from centre : Δu=158.3 px  Δv=318.1 px

  ── [STAGE 8e] Bounds Filter ──
    Total projected points : 11,780
    Inside canvas bounds   : 11,780  (100.0%)
    Duplicate pixel hits    : 0
  [INFO] Density non-zero pixels: 11,780
  [INFO] Density peak count     : 1
  [INFO] Raw mask white pixels before morphology: 11,780
  [INFO] White pixels after close: 13,179
  [INFO] Morphological open skipped for tip-loss debugging.
  [INFO] White pixels after open (skipped): 13,179

  ── [STAGE 8f] Final Mask Stats ──
    Bounding box : 224W x 95H px
    Mask centroid: (397.0, 671.5) px
    White pixels : 13,179
  masking.py run ended: 2026-06-13 20:01:36.578731
