
================================================================================
  masking.py run started: 2026-06-13 19:51:01.267645
================================================================================

━━━ [STAGE 1] Loading Point Cloud Array
  [INFO] Total raw points loaded: 366,074

━━━ [STAGE 2] Statistical Outlier Demolition
  [INFO] Points surviving outlier filter: 355,545

━━━ [STAGE 3] Live Plane Surface Isolation (RANSAC)
  [INFO] Original RANSAC: a=0.0195, b=-0.0778, c=0.9968, d=-0.4741
  [INFO] Normal vector pointing down. Flipping coefficients up toward lens.
  [INFO] Points isolated on belt plane: 322,470
  [INFO] Non-plane points going to workspace filter: 33,075

━━━ [STAGE 5] Direction-Enforced Spatial Pre-Filtering
  [INFO] Height gate window : 1.50mm to 500.00mm
  [INFO] Dist-from-plane mm : min=13.644 mean=24.665 median=21.044 max=56.504
  [INFO] Rejected by lower gate: 0 / 33,075
  [INFO] Rejected by upper gate: 0 / 33,075
  [DEBUG] Points passing directional spatial filters: 33,075

━━━ [STAGE 6] Spatial Structural Isolation Clustering (DBSCAN)
  [INFO] DBSCAN discovered 1 distinct point groups.

━━━ [STAGE 7] Multi-Gate Geometric Evaluation
  Cluster #00 -> Pts: 33075 | Dims(mm): X=161.4, Y=163.6, Z= 55.0 | VolRatio: 0.336 | Gates: [G1-4=1 G5_Size=1 G6_3D=1] -> PASSED
  [INFO] Winning Cluster selected: ID #0 (Score=0.8009)
  [INFO] Winning cluster point count: 33,075

━━━ [STAGE 8] Projection — Sensor Space → Cropped Canvas

  ── [STAGE 8a] Coordinate System Parameters ──
    Intrinsics    : fx=750.148  fy=749.790  cx=386.179  cy=366.086
    Crop offsets  : left=0 px  top=0 px
    Depth sensor  : 510W x 720H px
    RGB canvas    : 510W x 720H px
    Scale factors : scale_x=1.000000  scale_y=1.000000

  ── [STAGE 8b] 3-D Cluster Bounding Box (world space) ──
    X range : -0.0896 m  →  0.0718 m  (span 161.4 mm)
    Y range : -0.0676 m  →  0.0960 m  (span 163.6 mm)
    Z range : 0.4140 m  →  0.4690 m  (span 55.0 mm)
    Z depth : mean=0.4519 m  std=0.0115 m  min=0.4140 m  max=0.4690 m

  ── [STAGE 8c] Projection Steps ──
    [Step 1] Full-sensor pixel coords (before crop subtraction):
      u_sensor  min=242.0  max=509.0  mean=397.3
      v_sensor  min=252.0  max=524.0  mean=387.8
    [OK] Sensor-space OOB: u=0.0%  v=0.0%
    [Step 2] After crop subtraction (crop_left=0, crop_top=0):
      u_cropped min=242.0  max=509.0  mean=397.3
      v_cropped min=252.0  max=524.0  mean=387.8
    [Step 2 Check] Cropped coords outside canvas: u<0=0.0%  u>W=0.0%  v<0=0.0%  v>H=0.0%
    [Step 3] After scale to canvas (scale_x=1.0000, scale_y=1.0000):
      u  min=242  max=509  mean=397.3
      v  min=252  max=524  mean=387.8
      Canvas target size : 510W x 720H px

  ── [STAGE 8d] Expected mask centroid on canvas ──
      Projected centroid : u=397.3 px  v=387.8 px
      Canvas centre      : u=255.0 px  v=360.0 px
      Offset from centre : Δu=142.3 px  Δv=27.8 px

  ── [STAGE 8e] Bounds Filter ──
    Total projected points : 33,075
    Inside canvas bounds   : 33,075  (100.0%)
    Duplicate pixel hits    : 0
  [INFO] Density non-zero pixels: 33,075
  [INFO] Density peak count     : 1
  [INFO] Raw mask white pixels before morphology: 33,075
  [INFO] White pixels after close: 34,712
  [INFO] Morphological open skipped for tip-loss debugging.
  [INFO] White pixels after open (skipped): 34,712

  ── [STAGE 8f] Final Mask Stats ──
    Bounding box : 267W x 272H px
    Mask centroid: (375.5, 388.0) px
    White pixels : 34,712
  masking.py run ended: 2026-06-13 19:51:05.076169
