
================================================================================
  masking.py run started: 2026-06-13 19:58:44.804086
================================================================================

━━━ [STAGE 1] Loading Point Cloud Array
  [INFO] Total raw points loaded: 365,984

━━━ [STAGE 2] Statistical Outlier Demolition
  [INFO] Points surviving outlier filter: 355,261

━━━ [STAGE 3] Live Plane Surface Isolation (RANSAC)
  [INFO] Original RANSAC: a=0.0144, b=-0.0076, c=0.9999, d=-0.4837
  [INFO] Normal vector pointing down. Flipping coefficients up toward lens.
  [INFO] Points isolated on belt plane: 319,127
  [INFO] Non-plane points going to workspace filter: 36,134

━━━ [STAGE 5] Direction-Enforced Spatial Pre-Filtering
  [INFO] Height gate window : 1.50mm to 500.00mm
  [INFO] Dist-from-plane mm : min=15.046 mean=53.433 median=52.400 max=87.792
  [INFO] Rejected by lower gate: 0 / 36,134
  [INFO] Rejected by upper gate: 0 / 36,134
  [DEBUG] Points passing directional spatial filters: 36,134

━━━ [STAGE 6] Spatial Structural Isolation Clustering (DBSCAN)
  [INFO] DBSCAN discovered 1 distinct point groups.

━━━ [STAGE 7] Multi-Gate Geometric Evaluation
  Cluster #00 -> Pts: 36134 | Dims(mm): X=136.6, Y=164.2, Z= 74.0 | VolRatio: 0.451 | Gates: [G1-4=1 G5_Size=1 G6_3D=1] -> PASSED
  [INFO] Winning Cluster selected: ID #0 (Score=0.8352)
  [INFO] Winning cluster point count: 36,134

━━━ [STAGE 8] Projection — Sensor Space → Cropped Canvas

  ── [STAGE 8a] Coordinate System Parameters ──
    Intrinsics    : fx=750.148  fy=749.790  cx=386.179  cy=366.086
    Crop offsets  : left=0 px  top=0 px
    Depth sensor  : 510W x 720H px
    RGB canvas    : 510W x 720H px
    Scale factors : scale_x=1.000000  scale_y=1.000000

  ── [STAGE 8b] 3-D Cluster Bounding Box (world space) ──
    X range : -0.0676 m  →  0.0690 m  (span 136.6 mm)
    Y range : -0.0329 m  →  0.1313 m  (span 164.2 mm)
    Z range : 0.3960 m  →  0.4700 m  (span 74.0 mm)
    Z depth : mean=0.4307 m  std=0.0138 m  min=0.3960 m  max=0.4700 m

  ── [STAGE 8c] Projection Steps ──
    [Step 1] Full-sensor pixel coords (before crop subtraction):
      u_sensor  min=275.0  max=498.0  mean=401.3
      v_sensor  min=308.0  max=585.0  mean=460.9
    [OK] Sensor-space OOB: u=0.0%  v=0.0%
    [Step 2] After crop subtraction (crop_left=0, crop_top=0):
      u_cropped min=275.0  max=498.0  mean=401.3
      v_cropped min=308.0  max=585.0  mean=460.9
    [Step 2 Check] Cropped coords outside canvas: u<0=0.0%  u>W=0.0%  v<0=0.0%  v>H=0.0%
    [Step 3] After scale to canvas (scale_x=1.0000, scale_y=1.0000):
      u  min=275  max=498  mean=401.3
      v  min=308  max=585  mean=460.9
      Canvas target size : 510W x 720H px

  ── [STAGE 8d] Expected mask centroid on canvas ──
      Projected centroid : u=401.3 px  v=460.9 px
      Canvas centre      : u=255.0 px  v=360.0 px
      Offset from centre : Δu=146.3 px  Δv=100.9 px

  ── [STAGE 8e] Bounds Filter ──
    Total projected points : 36,134
    Inside canvas bounds   : 36,134  (100.0%)
    Duplicate pixel hits    : 0
  [INFO] Density non-zero pixels: 36,134
  [INFO] Density peak count     : 1
  [INFO] Raw mask white pixels before morphology: 36,134
  [INFO] White pixels after close: 39,444
  [INFO] Morphological open skipped for tip-loss debugging.
  [INFO] White pixels after open (skipped): 39,444

  ── [STAGE 8f] Final Mask Stats ──
    Bounding box : 223W x 277H px
    Mask centroid: (386.5, 446.5) px
    White pixels : 39,444
  masking.py run ended: 2026-06-13 19:58:49.252933
