
================================================================================
  masking.py run started: 2026-06-13 19:56:08.604501
================================================================================

━━━ [STAGE 1] Loading Point Cloud Array
  [INFO] Total raw points loaded: 363,665

━━━ [STAGE 2] Statistical Outlier Demolition
  [INFO] Points surviving outlier filter: 353,230

━━━ [STAGE 3] Live Plane Surface Isolation (RANSAC)
  [INFO] Original RANSAC: a=0.0137, b=-0.1944, c=0.9808, d=-0.4632
  [INFO] Normal vector pointing down. Flipping coefficients up toward lens.
  [INFO] Points isolated on belt plane: 343,633
  [INFO] Non-plane points going to workspace filter: 9,597

━━━ [STAGE 5] Direction-Enforced Spatial Pre-Filtering
  [INFO] Height gate window : 1.50mm to 500.00mm
  [INFO] Dist-from-plane mm : min=12.887 mean=46.643 median=50.022 max=63.792
  [INFO] Rejected by lower gate: 0 / 9,597
  [INFO] Rejected by upper gate: 0 / 9,597
  [DEBUG] Points passing directional spatial filters: 9,597

━━━ [STAGE 6] Spatial Structural Isolation Clustering (DBSCAN)
  [INFO] DBSCAN discovered 3 distinct point groups.

━━━ [STAGE 7] Multi-Gate Geometric Evaluation
  Cluster #00 -> Pts: 9573  | Dims(mm): X= 74.4, Y= 83.6, Z= 46.0 | VolRatio: 0.550 | Gates: [G1-4=1 G5_Size=1 G6_3D=1] -> PASSED
  Cluster #01 -> Pts: 8     | Dims(mm): X=  1.3, Y=  1.9, Z=  0.0 | VolRatio: 0.000 | Gates: [G1-4=0 G5_Size=0 G6_3D=0] -> REJECTED
  Cluster #02 -> Pts: 16    | Dims(mm): X= 12.9, Y= 10.6, Z= 11.0 | VolRatio: 0.821 | Gates: [G1-4=0 G5_Size=0 G6_3D=1] -> REJECTED
  [INFO] Winning Cluster selected: ID #0 (Score=0.8437)
  [INFO] Winning cluster point count: 9,573

━━━ [STAGE 8] Projection — Sensor Space → Cropped Canvas

  ── [STAGE 8a] Coordinate System Parameters ──
    Intrinsics    : fx=750.148  fy=749.790  cx=386.179  cy=366.086
    Crop offsets  : left=0 px  top=0 px
    Depth sensor  : 510W x 720H px
    RGB canvas    : 510W x 720H px
    Scale factors : scale_x=1.000000  scale_y=1.000000

  ── [STAGE 8b] 3-D Cluster Bounding Box (world space) ──
    X range : -0.0295 m  →  0.0449 m  (span 74.4 mm)
    Y range : 0.0938 m  →  0.1774 m  (span 83.6 mm)
    Z range : 0.4330 m  →  0.4790 m  (span 46.0 mm)
    Z depth : mean=0.4492 m  std=0.0098 m  min=0.4330 m  max=0.4790 m

  ── [STAGE 8c] Projection Steps ──
    [Step 1] Full-sensor pixel coords (before crop subtraction):
      u_sensor  min=340.0  max=458.0  mean=392.5
      v_sensor  min=515.0  max=654.0  mean=573.7
    [OK] Sensor-space OOB: u=0.0%  v=0.0%
    [Step 2] After crop subtraction (crop_left=0, crop_top=0):
      u_cropped min=340.0  max=458.0  mean=392.5
      v_cropped min=515.0  max=654.0  mean=573.7
    [Step 2 Check] Cropped coords outside canvas: u<0=0.0%  u>W=0.0%  v<0=0.0%  v>H=0.0%
    [Step 3] After scale to canvas (scale_x=1.0000, scale_y=1.0000):
      u  min=340  max=458  mean=392.5
      v  min=515  max=654  mean=573.7
      Canvas target size : 510W x 720H px

  ── [STAGE 8d] Expected mask centroid on canvas ──
      Projected centroid : u=392.5 px  v=573.7 px
      Canvas centre      : u=255.0 px  v=360.0 px
      Offset from centre : Δu=137.5 px  Δv=213.7 px

  ── [STAGE 8e] Bounds Filter ──
    Total projected points : 9,573
    Inside canvas bounds   : 9,573  (100.0%)
    Duplicate pixel hits    : 0
  [INFO] Density non-zero pixels: 9,573
  [INFO] Density peak count     : 1
  [INFO] Raw mask white pixels before morphology: 9,573
  [INFO] White pixels after close: 10,829
  [INFO] Morphological open skipped for tip-loss debugging.
  [INFO] White pixels after open (skipped): 10,829

  ── [STAGE 8f] Final Mask Stats ──
    Bounding box : 118W x 139H px
    Mask centroid: (399.0, 584.5) px
    White pixels : 10,829
  masking.py run ended: 2026-06-13 19:56:11.075906
