
================================================================================
  masking.py run started: 2026-06-13 20:06:44.851920
================================================================================

━━━ [STAGE 1] Loading Point Cloud Array
  [INFO] Total raw points loaded: 365,758

━━━ [STAGE 2] Statistical Outlier Demolition
  [INFO] Points surviving outlier filter: 356,263

━━━ [STAGE 3] Live Plane Surface Isolation (RANSAC)
  [INFO] Original RANSAC: a=0.0138, b=-0.1015, c=0.9947, d=-0.4737
  [INFO] Normal vector pointing down. Flipping coefficients up toward lens.
  [INFO] Points isolated on belt plane: 348,707
  [INFO] Non-plane points going to workspace filter: 7,556

━━━ [STAGE 5] Direction-Enforced Spatial Pre-Filtering
  [INFO] Height gate window : 1.50mm to 500.00mm
  [INFO] Dist-from-plane mm : min=13.981 mean=34.788 median=33.450 max=54.387
  [INFO] Rejected by lower gate: 0 / 7,556
  [INFO] Rejected by upper gate: 0 / 7,556
  [DEBUG] Points passing directional spatial filters: 7,556

━━━ [STAGE 6] Spatial Structural Isolation Clustering (DBSCAN)
  [INFO] DBSCAN discovered 1 distinct point groups.

━━━ [STAGE 7] Multi-Gate Geometric Evaluation
  Cluster #00 -> Pts: 7556  | Dims(mm): X= 94.7, Y= 55.2, Z= 43.0 | VolRatio: 0.454 | Gates: [G1-4=1 G5_Size=1 G6_3D=1] -> PASSED
  [INFO] Winning Cluster selected: ID #0 (Score=0.7140)
  [INFO] Winning cluster point count: 7,556

━━━ [STAGE 8] Projection — Sensor Space → Cropped Canvas

  ── [STAGE 8a] Coordinate System Parameters ──
    Intrinsics    : fx=750.148  fy=749.790  cx=386.179  cy=366.086
    Crop offsets  : left=0 px  top=0 px
    Depth sensor  : 510W x 720H px
    RGB canvas    : 510W x 720H px
    Scale factors : scale_x=1.000000  scale_y=1.000000

  ── [STAGE 8b] 3-D Cluster Bounding Box (world space) ──
    X range : -0.1028 m  →  -0.0081 m  (span 94.7 mm)
    Y range : 0.0365 m  →  0.0917 m  (span 55.2 mm)
    Z range : 0.4280 m  →  0.4710 m  (span 43.0 mm)
    Z depth : mean=0.4479 m  std=0.0086 m  min=0.4280 m  max=0.4710 m

  ── [STAGE 8c] Projection Steps ──
    [Step 1] Full-sensor pixel coords (before crop subtraction):
      u_sensor  min=214.0  max=373.0  mean=301.2
      v_sensor  min=425.0  max=512.0  mean=463.4
    [OK] Sensor-space OOB: u=0.0%  v=0.0%
    [Step 2] After crop subtraction (crop_left=0, crop_top=0):
      u_cropped min=214.0  max=373.0  mean=301.2
      v_cropped min=425.0  max=512.0  mean=463.4
    [Step 2 Check] Cropped coords outside canvas: u<0=0.0%  u>W=0.0%  v<0=0.0%  v>H=0.0%
    [Step 3] After scale to canvas (scale_x=1.0000, scale_y=1.0000):
      u  min=214  max=373  mean=301.2
      v  min=425  max=512  mean=463.4
      Canvas target size : 510W x 720H px

  ── [STAGE 8d] Expected mask centroid on canvas ──
      Projected centroid : u=301.2 px  v=463.4 px
      Canvas centre      : u=255.0 px  v=360.0 px
      Offset from centre : Δu=46.2 px  Δv=103.4 px

  ── [STAGE 8e] Bounds Filter ──
    Total projected points : 7,556
    Inside canvas bounds   : 7,556  (100.0%)
    Duplicate pixel hits    : 0
  [INFO] Density non-zero pixels: 7,556
  [INFO] Density peak count     : 1
  [INFO] Raw mask white pixels before morphology: 7,556
  [INFO] White pixels after close: 8,811
  [INFO] Morphological open skipped for tip-loss debugging.
  [INFO] White pixels after open (skipped): 8,811

  ── [STAGE 8f] Final Mask Stats ──
    Bounding box : 159W x 87H px
    Mask centroid: (293.5, 468.5) px
    White pixels : 8,811
  masking.py run ended: 2026-06-13 20:06:46.476311
