
================================================================================
  masking.py run started: 2026-06-13 19:49:44.183834
================================================================================

━━━ [STAGE 1] Loading Point Cloud Array
  [INFO] Total raw points loaded: 366,419

━━━ [STAGE 2] Statistical Outlier Demolition
  [INFO] Points surviving outlier filter: 355,674

━━━ [STAGE 3] Live Plane Surface Isolation (RANSAC)
  [INFO] Original RANSAC: a=0.0143, b=-0.0500, c=0.9986, d=-0.4786
  [INFO] Normal vector pointing down. Flipping coefficients up toward lens.
  [INFO] Points isolated on belt plane: 346,301
  [INFO] Non-plane points going to workspace filter: 9,373

━━━ [STAGE 5] Direction-Enforced Spatial Pre-Filtering
  [INFO] Height gate window : 1.50mm to 500.00mm
  [INFO] Dist-from-plane mm : min=6.720 mean=25.382 median=23.728 max=46.912
  [INFO] Rejected by lower gate: 0 / 9,373
  [INFO] Rejected by upper gate: 0 / 9,373
  [DEBUG] Points passing directional spatial filters: 9,373

━━━ [STAGE 6] Spatial Structural Isolation Clustering (DBSCAN)
  [INFO] DBSCAN discovered 2 distinct point groups.

━━━ [STAGE 7] Multi-Gate Geometric Evaluation
  Cluster #00 -> Pts: 9351  | Dims(mm): X= 69.5, Y=111.6, Z= 33.0 | VolRatio: 0.296 | Gates: [G1-4=1 G5_Size=1 G6_3D=1] -> PASSED
  Cluster #01 -> Pts: 22    | Dims(mm): X=  2.7, Y=  2.6, Z=  1.0 | VolRatio: 0.366 | Gates: [G1-4=0 G5_Size=0 G6_3D=1] -> REJECTED
  [INFO] Winning Cluster selected: ID #0 (Score=0.7563)
  [INFO] Winning cluster point count: 9,351

━━━ [STAGE 8] Projection — Sensor Space → Cropped Canvas

  ── [STAGE 8a] Coordinate System Parameters ──
    Intrinsics    : fx=750.148  fy=749.790  cx=386.179  cy=366.086
    Crop offsets  : left=0 px  top=0 px
    Depth sensor  : 510W x 720H px
    RGB canvas    : 510W x 720H px
    Scale factors : scale_x=1.000000  scale_y=1.000000

  ── [STAGE 8b] 3-D Cluster Bounding Box (world space) ──
    X range : -0.1043 m  →  -0.0348 m  (span 69.5 mm)
    Y range : -0.2202 m  →  -0.1086 m  (span 111.6 mm)
    Z range : 0.4270 m  →  0.4600 m  (span 33.0 mm)
    Z depth : mean=0.4462 m  std=0.0069 m  min=0.4270 m  max=0.4600 m

  ── [STAGE 8c] Projection Steps ──
    [Step 1] Full-sensor pixel coords (before crop subtraction):
      u_sensor  min=213.0  max=329.0  mean=273.5
      v_sensor  min=0.0  max=181.0  mean=80.0
    [OK] Sensor-space OOB: u=0.0%  v=0.0%
    [Step 2] After crop subtraction (crop_left=0, crop_top=0):
      u_cropped min=213.0  max=329.0  mean=273.5
      v_cropped min=0.0  max=181.0  mean=80.0
    [Step 2 Check] Cropped coords outside canvas: u<0=0.0%  u>W=0.0%  v<0=0.0%  v>H=0.0%
    [Step 3] After scale to canvas (scale_x=1.0000, scale_y=1.0000):
      u  min=213  max=329  mean=273.5
      v  min=0  max=181  mean=80.0
      Canvas target size : 510W x 720H px

  ── [STAGE 8d] Expected mask centroid on canvas ──
      Projected centroid : u=273.5 px  v=80.0 px
      Canvas centre      : u=255.0 px  v=360.0 px
      Offset from centre : Δu=18.5 px  Δv=-280.0 px

  ── [STAGE 8e] Bounds Filter ──
    Total projected points : 9,351
    Inside canvas bounds   : 9,351  (100.0%)
    Duplicate pixel hits    : 0
  [INFO] Density non-zero pixels: 9,351
  [INFO] Density peak count     : 1
  [INFO] Raw mask white pixels before morphology: 9,351
  [INFO] White pixels after close: 10,925
  [INFO] Morphological open skipped for tip-loss debugging.
  [INFO] White pixels after open (skipped): 10,925

  ── [STAGE 8f] Final Mask Stats ──
    Bounding box : 116W x 181H px
    Mask centroid: (271.0, 90.5) px
    White pixels : 10,925
  masking.py run ended: 2026-06-13 19:49:46.200241
