
================================================================================
  masking.py run started: 2026-06-13 19:46:33.900005
================================================================================

━━━ [STAGE 1] Loading Point Cloud Array
  [INFO] Total raw points loaded: 366,510

━━━ [STAGE 2] Statistical Outlier Demolition
  [INFO] Points surviving outlier filter: 356,671

━━━ [STAGE 3] Live Plane Surface Isolation (RANSAC)
  [INFO] Original RANSAC: a=0.0145, b=-0.0372, c=0.9992, d=-0.4795
  [INFO] Normal vector pointing down. Flipping coefficients up toward lens.
  [INFO] Points isolated on belt plane: 343,945
  [INFO] Non-plane points going to workspace filter: 12,726

━━━ [STAGE 5] Direction-Enforced Spatial Pre-Filtering
  [INFO] Height gate window : 1.50mm to 500.00mm
  [INFO] Dist-from-plane mm : min=-7.744 mean=36.364 median=37.832 max=52.620
  [INFO] Rejected by lower gate: 2 / 12,726
  [INFO] Rejected by upper gate: 0 / 12,726
  [DEBUG] Points passing directional spatial filters: 12,724

━━━ [STAGE 6] Spatial Structural Isolation Clustering (DBSCAN)
  [INFO] DBSCAN discovered 1 distinct point groups.

━━━ [STAGE 7] Multi-Gate Geometric Evaluation
  Cluster #00 -> Pts: 12724 | Dims(mm): X= 44.4, Y=129.1, Z= 40.0 | VolRatio: 0.310 | Gates: [G1-4=1 G5_Size=1 G6_3D=1] -> PASSED
  [INFO] Winning Cluster selected: ID #0 (Score=0.7929)
  [INFO] Winning cluster point count: 12,724

━━━ [STAGE 8] Projection — Sensor Space → Cropped Canvas

  ── [STAGE 8a] Coordinate System Parameters ──
    Intrinsics    : fx=750.148  fy=749.790  cx=386.179  cy=366.086
    Crop offsets  : left=0 px  top=0 px
    Depth sensor  : 510W x 720H px
    RGB canvas    : 510W x 720H px
    Scale factors : scale_x=1.000000  scale_y=1.000000

  ── [STAGE 8b] 3-D Cluster Bounding Box (world space) ──
    X range : -0.1414 m  →  -0.0970 m  (span 44.4 mm)
    Y range : -0.2196 m  →  -0.0905 m  (span 129.1 mm)
    Z range : 0.4220 m  →  0.4620 m  (span 40.0 mm)
    Z depth : mean=0.4395 m  std=0.0097 m  min=0.4220 m  max=0.4620 m

  ── [STAGE 8c] Projection Steps ──
    [Step 1] Full-sensor pixel coords (before crop subtraction):
      u_sensor  min=146.0  max=228.0  mean=186.0
      v_sensor  min=0.0  max=218.0  mean=103.3
    [OK] Sensor-space OOB: u=0.0%  v=0.0%
    [Step 2] After crop subtraction (crop_left=0, crop_top=0):
      u_cropped min=146.0  max=228.0  mean=186.0
      v_cropped min=0.0  max=218.0  mean=103.3
    [Step 2 Check] Cropped coords outside canvas: u<0=0.0%  u>W=0.0%  v<0=0.0%  v>H=0.0%
    [Step 3] After scale to canvas (scale_x=1.0000, scale_y=1.0000):
      u  min=146  max=228  mean=186.0
      v  min=0  max=218  mean=103.3
      Canvas target size : 510W x 720H px

  ── [STAGE 8d] Expected mask centroid on canvas ──
      Projected centroid : u=186.0 px  v=103.3 px
      Canvas centre      : u=255.0 px  v=360.0 px
      Offset from centre : Δu=-69.0 px  Δv=-256.7 px

  ── [STAGE 8e] Bounds Filter ──
    Total projected points : 12,724
    Inside canvas bounds   : 12,724  (100.0%)
    Duplicate pixel hits    : 0
  [INFO] Density non-zero pixels: 12,724
  [INFO] Density peak count     : 1
  [INFO] Raw mask white pixels before morphology: 12,724
  [INFO] White pixels after close: 13,459
  [INFO] Morphological open skipped for tip-loss debugging.
  [INFO] White pixels after open (skipped): 13,459

  ── [STAGE 8f] Final Mask Stats ──
    Bounding box : 82W x 218H px
    Mask centroid: (187.0, 109.0) px
    White pixels : 13,459
  masking.py run ended: 2026-06-13 19:46:36.465835
