
================================================================================
  masking.py run started: 2026-06-13 19:59:07.566789
================================================================================

━━━ [STAGE 1] Loading Point Cloud Array
  [INFO] Total raw points loaded: 366,450

━━━ [STAGE 2] Statistical Outlier Demolition
  [INFO] Points surviving outlier filter: 356,070

━━━ [STAGE 3] Live Plane Surface Isolation (RANSAC)
  [INFO] Original RANSAC: a=0.0134, b=-0.0501, c=0.9987, d=-0.4794
  [INFO] Normal vector pointing down. Flipping coefficients up toward lens.
  [INFO] Points isolated on belt plane: 323,638
  [INFO] Non-plane points going to workspace filter: 32,432

━━━ [STAGE 5] Direction-Enforced Spatial Pre-Filtering
  [INFO] Height gate window : 1.50mm to 500.00mm
  [INFO] Dist-from-plane mm : min=8.442 mean=61.350 median=62.878 max=91.742
  [INFO] Rejected by lower gate: 0 / 32,432
  [INFO] Rejected by upper gate: 0 / 32,432
  [DEBUG] Points passing directional spatial filters: 32,432

━━━ [STAGE 6] Spatial Structural Isolation Clustering (DBSCAN)
  [INFO] DBSCAN discovered 4 distinct point groups.

━━━ [STAGE 7] Multi-Gate Geometric Evaluation
  Cluster #00 -> Pts: 22    | Dims(mm): X=  3.1, Y=  2.4, Z=  0.0 | VolRatio: 0.000 | Gates: [G1-4=0 G5_Size=0 G6_3D=0] -> REJECTED
  Cluster #01 -> Pts: 18    | Dims(mm): X=  9.7, Y=  5.1, Z=  7.0 | VolRatio: 0.527 | Gates: [G1-4=0 G5_Size=0 G6_3D=1] -> REJECTED
  Cluster #02 -> Pts: 32381 | Dims(mm): X=142.1, Y=131.9, Z= 76.0 | VolRatio: 0.535 | Gates: [G1-4=1 G5_Size=1 G6_3D=1] -> PASSED
  Cluster #03 -> Pts: 11    | Dims(mm): X=  1.3, Y=  2.4, Z=  1.0 | VolRatio: 0.417 | Gates: [G1-4=0 G5_Size=0 G6_3D=1] -> REJECTED
  [INFO] Winning Cluster selected: ID #2 (Score=0.8605)
  [INFO] Winning cluster point count: 32,381

━━━ [STAGE 8] Projection — Sensor Space → Cropped Canvas

  ── [STAGE 8a] Coordinate System Parameters ──
    Intrinsics    : fx=750.148  fy=749.790  cx=386.179  cy=366.086
    Crop offsets  : left=0 px  top=0 px
    Depth sensor  : 510W x 720H px
    RGB canvas    : 510W x 720H px
    Scale factors : scale_x=1.000000  scale_y=1.000000

  ── [STAGE 8b] 3-D Cluster Bounding Box (world space) ──
    X range : -0.1158 m  →  0.0263 m  (span 142.1 mm)
    Y range : -0.1109 m  →  0.0210 m  (span 131.9 mm)
    Z range : 0.3860 m  →  0.4620 m  (span 76.0 mm)
    Z depth : mean=0.4170 m  std=0.0167 m  min=0.3860 m  max=0.4620 m

  ── [STAGE 8c] Projection Steps ──
    [Step 1] Full-sensor pixel coords (before crop subtraction):
      u_sensor  min=192.0  max=430.0  mean=307.6
      v_sensor  min=185.0  max=401.0  mean=289.3
    [OK] Sensor-space OOB: u=0.0%  v=0.0%
    [Step 2] After crop subtraction (crop_left=0, crop_top=0):
      u_cropped min=192.0  max=430.0  mean=307.6
      v_cropped min=185.0  max=401.0  mean=289.3
    [Step 2 Check] Cropped coords outside canvas: u<0=0.0%  u>W=0.0%  v<0=0.0%  v>H=0.0%
    [Step 3] After scale to canvas (scale_x=1.0000, scale_y=1.0000):
      u  min=192  max=430  mean=307.6
      v  min=185  max=401  mean=289.3
      Canvas target size : 510W x 720H px

  ── [STAGE 8d] Expected mask centroid on canvas ──
      Projected centroid : u=307.6 px  v=289.3 px
      Canvas centre      : u=255.0 px  v=360.0 px
      Offset from centre : Δu=52.6 px  Δv=-70.7 px

  ── [STAGE 8e] Bounds Filter ──
    Total projected points : 32,381
    Inside canvas bounds   : 32,381  (100.0%)
    Duplicate pixel hits    : 0
  [INFO] Density non-zero pixels: 32,381
  [INFO] Density peak count     : 1
  [INFO] Raw mask white pixels before morphology: 32,381
  [INFO] White pixels after close: 35,286
  [INFO] Morphological open skipped for tip-loss debugging.
  [INFO] White pixels after open (skipped): 35,286

  ── [STAGE 8f] Final Mask Stats ──
    Bounding box : 238W x 216H px
    Mask centroid: (311.0, 293.0) px
    White pixels : 35,286
  masking.py run ended: 2026-06-13 19:59:11.861253
