
================================================================================
  masking.py run started: 2026-06-13 19:51:47.707443
================================================================================

━━━ [STAGE 1] Loading Point Cloud Array
  [INFO] Total raw points loaded: 366,043

━━━ [STAGE 2] Statistical Outlier Demolition
  [INFO] Points surviving outlier filter: 355,036

━━━ [STAGE 3] Live Plane Surface Isolation (RANSAC)
  [INFO] Original RANSAC: a=0.0141, b=-0.0818, c=0.9965, d=-0.4751
  [INFO] Normal vector pointing down. Flipping coefficients up toward lens.
  [INFO] Points isolated on belt plane: 336,618
  [INFO] Non-plane points going to workspace filter: 18,418

━━━ [STAGE 5] Direction-Enforced Spatial Pre-Filtering
  [INFO] Height gate window : 1.50mm to 500.00mm
  [INFO] Dist-from-plane mm : min=14.095 mean=29.265 median=29.670 max=51.870
  [INFO] Rejected by lower gate: 0 / 18,418
  [INFO] Rejected by upper gate: 0 / 18,418
  [DEBUG] Points passing directional spatial filters: 18,418

━━━ [STAGE 6] Spatial Structural Isolation Clustering (DBSCAN)
  [INFO] DBSCAN discovered 1 distinct point groups.

━━━ [STAGE 7] Multi-Gate Geometric Evaluation
  Cluster #00 -> Pts: 18418 | Dims(mm): X=134.1, Y=102.4, Z= 38.0 | VolRatio: 0.283 | Gates: [G1-4=1 G5_Size=1 G6_3D=1] -> PASSED
  [INFO] Winning Cluster selected: ID #0 (Score=0.7850)
  [INFO] Winning cluster point count: 18,418

━━━ [STAGE 8] Projection — Sensor Space → Cropped Canvas

  ── [STAGE 8a] Coordinate System Parameters ──
    Intrinsics    : fx=750.148  fy=749.790  cx=386.179  cy=366.086
    Crop offsets  : left=0 px  top=0 px
    Depth sensor  : 510W x 720H px
    RGB canvas    : 510W x 720H px
    Scale factors : scale_x=1.000000  scale_y=1.000000

  ── [STAGE 8b] 3-D Cluster Bounding Box (world space) ──
    X range : -0.0855 m  →  0.0486 m  (span 134.1 mm)
    Y range : -0.2114 m  →  -0.1090 m  (span 102.4 mm)
    Z range : 0.4150 m  →  0.4530 m  (span 38.0 mm)
    Z depth : mean=0.4344 m  std=0.0065 m  min=0.4150 m  max=0.4530 m

  ── [STAGE 8c] Projection Steps ──
    [Step 1] Full-sensor pixel coords (before crop subtraction):
      u_sensor  min=242.0  max=470.0  mean=376.3
      v_sensor  min=0.0  max=184.0  mean=92.3
    [OK] Sensor-space OOB: u=0.0%  v=0.0%
    [Step 2] After crop subtraction (crop_left=0, crop_top=0):
      u_cropped min=242.0  max=470.0  mean=376.3
      v_cropped min=0.0  max=184.0  mean=92.3
    [Step 2 Check] Cropped coords outside canvas: u<0=0.0%  u>W=0.0%  v<0=0.0%  v>H=0.0%
    [Step 3] After scale to canvas (scale_x=1.0000, scale_y=1.0000):
      u  min=242  max=470  mean=376.3
      v  min=0  max=184  mean=92.3
      Canvas target size : 510W x 720H px

  ── [STAGE 8d] Expected mask centroid on canvas ──
      Projected centroid : u=376.3 px  v=92.3 px
      Canvas centre      : u=255.0 px  v=360.0 px
      Offset from centre : Δu=121.3 px  Δv=-267.7 px

  ── [STAGE 8e] Bounds Filter ──
    Total projected points : 18,418
    Inside canvas bounds   : 18,418  (100.0%)
    Duplicate pixel hits    : 0
  [INFO] Density non-zero pixels: 18,418
  [INFO] Density peak count     : 1
  [INFO] Raw mask white pixels before morphology: 18,418
  [INFO] White pixels after close: 20,317
  [INFO] Morphological open skipped for tip-loss debugging.
  [INFO] White pixels after open (skipped): 20,317

  ── [STAGE 8f] Final Mask Stats ──
    Bounding box : 228W x 184H px
    Mask centroid: (356.0, 92.0) px
    White pixels : 20,317
  masking.py run ended: 2026-06-13 19:51:50.560310
