
================================================================================
  masking.py run started: 2026-06-13 19:51:06.354355
================================================================================

━━━ [STAGE 1] Loading Point Cloud Array
  [INFO] Total raw points loaded: 366,070

━━━ [STAGE 2] Statistical Outlier Demolition
  [INFO] Points surviving outlier filter: 356,650

━━━ [STAGE 3] Live Plane Surface Isolation (RANSAC)
  [INFO] Original RANSAC: a=0.0144, b=-0.0812, c=0.9966, d=-0.4751
  [INFO] Normal vector pointing down. Flipping coefficients up toward lens.
  [INFO] Points isolated on belt plane: 344,765
  [INFO] Non-plane points going to workspace filter: 11,885

━━━ [STAGE 5] Direction-Enforced Spatial Pre-Filtering
  [INFO] Height gate window : 1.50mm to 500.00mm
  [INFO] Dist-from-plane mm : min=14.505 mean=25.961 median=25.230 max=49.088
  [INFO] Rejected by lower gate: 0 / 11,885
  [INFO] Rejected by upper gate: 0 / 11,885
  [DEBUG] Points passing directional spatial filters: 11,885

━━━ [STAGE 6] Spatial Structural Isolation Clustering (DBSCAN)
  [INFO] DBSCAN discovered 1 distinct point groups.

━━━ [STAGE 7] Multi-Gate Geometric Evaluation
  Cluster #00 -> Pts: 11885 | Dims(mm): X= 96.4, Y=133.1, Z= 32.0 | VolRatio: 0.240 | Gates: [G1-4=1 G5_Size=1 G6_3D=1] -> PASSED
  [INFO] Winning Cluster selected: ID #0 (Score=0.7721)
  [INFO] Winning cluster point count: 11,885

━━━ [STAGE 8] Projection — Sensor Space → Cropped Canvas

  ── [STAGE 8a] Coordinate System Parameters ──
    Intrinsics    : fx=750.148  fy=749.790  cx=386.179  cy=366.086
    Crop offsets  : left=0 px  top=0 px
    Depth sensor  : 510W x 720H px
    RGB canvas    : 510W x 720H px
    Scale factors : scale_x=1.000000  scale_y=1.000000

  ── [STAGE 8b] 3-D Cluster Bounding Box (world space) ──
    X range : -0.1194 m  →  -0.0230 m  (span 96.4 mm)
    Y range : -0.1919 m  →  -0.0588 m  (span 133.1 mm)
    Z range : 0.4230 m  →  0.4550 m  (span 32.0 mm)
    Z depth : mean=0.4416 m  std=0.0063 m  min=0.4230 m  max=0.4550 m

  ── [STAGE 8c] Projection Steps ──
    [Step 1] Full-sensor pixel coords (before crop subtraction):
      u_sensor  min=184.0  max=348.0  mean=263.0
      v_sensor  min=33.0  max=264.0  mean=153.7
    [OK] Sensor-space OOB: u=0.0%  v=0.0%
    [Step 2] After crop subtraction (crop_left=0, crop_top=0):
      u_cropped min=184.0  max=348.0  mean=263.0
      v_cropped min=33.0  max=264.0  mean=153.7
    [Step 2 Check] Cropped coords outside canvas: u<0=0.0%  u>W=0.0%  v<0=0.0%  v>H=0.0%
    [Step 3] After scale to canvas (scale_x=1.0000, scale_y=1.0000):
      u  min=184  max=348  mean=263.0
      v  min=33  max=264  mean=153.7
      Canvas target size : 510W x 720H px

  ── [STAGE 8d] Expected mask centroid on canvas ──
      Projected centroid : u=263.0 px  v=153.7 px
      Canvas centre      : u=255.0 px  v=360.0 px
      Offset from centre : Δu=8.0 px  Δv=-206.3 px

  ── [STAGE 8e] Bounds Filter ──
    Total projected points : 11,885
    Inside canvas bounds   : 11,885  (100.0%)
    Duplicate pixel hits    : 0
  [INFO] Density non-zero pixels: 11,885
  [INFO] Density peak count     : 1
  [INFO] Raw mask white pixels before morphology: 11,885
  [INFO] White pixels after close: 12,840
  [INFO] Morphological open skipped for tip-loss debugging.
  [INFO] White pixels after open (skipped): 12,840

  ── [STAGE 8f] Final Mask Stats ──
    Bounding box : 164W x 231H px
    Mask centroid: (266.0, 148.5) px
    White pixels : 12,840
  masking.py run ended: 2026-06-13 19:51:08.005420
