
================================================================================
  masking.py run started: 2026-06-13 19:55:06.450802
================================================================================

━━━ [STAGE 1] Loading Point Cloud Array
  [INFO] Total raw points loaded: 363,705

━━━ [STAGE 2] Statistical Outlier Demolition
  [INFO] Points surviving outlier filter: 352,988

━━━ [STAGE 3] Live Plane Surface Isolation (RANSAC)
  [INFO] Original RANSAC: a=0.0141, b=-0.1925, c=0.9812, d=-0.4635
  [INFO] Normal vector pointing down. Flipping coefficients up toward lens.
  [INFO] Points isolated on belt plane: 338,611
  [INFO] Non-plane points going to workspace filter: 14,377

━━━ [STAGE 5] Direction-Enforced Spatial Pre-Filtering
  [INFO] Height gate window : 1.50mm to 500.00mm
  [INFO] Dist-from-plane mm : min=15.414 mean=30.275 median=31.063 max=41.608
  [INFO] Rejected by lower gate: 0 / 14,377
  [INFO] Rejected by upper gate: 0 / 14,377
  [DEBUG] Points passing directional spatial filters: 14,377

━━━ [STAGE 6] Spatial Structural Isolation Clustering (DBSCAN)
  [INFO] DBSCAN discovered 1 distinct point groups.

━━━ [STAGE 7] Multi-Gate Geometric Evaluation
  Cluster #00 -> Pts: 14377 | Dims(mm): X=122.3, Y= 88.5, Z= 30.0 | VolRatio: 0.245 | Gates: [G1-4=1 G5_Size=1 G6_3D=1] -> PASSED
  [INFO] Winning Cluster selected: ID #0 (Score=0.7736)
  [INFO] Winning cluster point count: 14,377

━━━ [STAGE 8] Projection — Sensor Space → Cropped Canvas

  ── [STAGE 8a] Coordinate System Parameters ──
    Intrinsics    : fx=750.148  fy=749.790  cx=386.179  cy=366.086
    Crop offsets  : left=0 px  top=0 px
    Depth sensor  : 510W x 720H px
    RGB canvas    : 510W x 720H px
    Scale factors : scale_x=1.000000  scale_y=1.000000

  ── [STAGE 8b] 3-D Cluster Bounding Box (world space) ──
    X range : -0.1306 m  →  -0.0082 m  (span 122.3 mm)
    Y range : 0.0361 m  →  0.1246 m  (span 88.5 mm)
    Z range : 0.4470 m  →  0.4770 m  (span 30.0 mm)
    Z depth : mean=0.4590 m  std=0.0059 m  min=0.4470 m  max=0.4770 m

  ── [STAGE 8c] Projection Steps ──
    [Step 1] Full-sensor pixel coords (before crop subtraction):
      u_sensor  min=180.0  max=373.0  mean=286.3
      v_sensor  min=425.0  max=567.0  mean=504.0
    [OK] Sensor-space OOB: u=0.0%  v=0.0%
    [Step 2] After crop subtraction (crop_left=0, crop_top=0):
      u_cropped min=180.0  max=373.0  mean=286.3
      v_cropped min=425.0  max=567.0  mean=504.0
    [Step 2 Check] Cropped coords outside canvas: u<0=0.0%  u>W=0.0%  v<0=0.0%  v>H=0.0%
    [Step 3] After scale to canvas (scale_x=1.0000, scale_y=1.0000):
      u  min=180  max=373  mean=286.3
      v  min=425  max=567  mean=504.0
      Canvas target size : 510W x 720H px

  ── [STAGE 8d] Expected mask centroid on canvas ──
      Projected centroid : u=286.3 px  v=504.0 px
      Canvas centre      : u=255.0 px  v=360.0 px
      Offset from centre : Δu=31.3 px  Δv=144.0 px

  ── [STAGE 8e] Bounds Filter ──
    Total projected points : 14,377
    Inside canvas bounds   : 14,377  (100.0%)
    Duplicate pixel hits    : 0
  [INFO] Density non-zero pixels: 14,377
  [INFO] Density peak count     : 1
  [INFO] Raw mask white pixels before morphology: 14,377
  [INFO] White pixels after close: 14,980
  [INFO] Morphological open skipped for tip-loss debugging.
  [INFO] White pixels after open (skipped): 14,980

  ── [STAGE 8f] Final Mask Stats ──
    Bounding box : 193W x 142H px
    Mask centroid: (276.5, 496.0) px
    White pixels : 14,980
  masking.py run ended: 2026-06-13 19:55:08.779384
