
================================================================================
  masking.py run started: 2026-06-13 19:57:30.331219
================================================================================

━━━ [STAGE 1] Loading Point Cloud Array
  [INFO] Total raw points loaded: 363,659

━━━ [STAGE 2] Statistical Outlier Demolition
  [INFO] Points surviving outlier filter: 351,823

━━━ [STAGE 3] Live Plane Surface Isolation (RANSAC)
  [INFO] Original RANSAC: a=0.0149, b=-0.1964, c=0.9804, d=-0.4632
  [INFO] Normal vector pointing down. Flipping coefficients up toward lens.
  [INFO] Points isolated on belt plane: 333,483
  [INFO] Non-plane points going to workspace filter: 18,340

━━━ [STAGE 5] Direction-Enforced Spatial Pre-Filtering
  [INFO] Height gate window : 1.50mm to 500.00mm
  [INFO] Dist-from-plane mm : min=8.333 mean=40.702 median=42.097 max=54.980
  [INFO] Rejected by lower gate: 0 / 18,340
  [INFO] Rejected by upper gate: 0 / 18,340
  [DEBUG] Points passing directional spatial filters: 18,340

━━━ [STAGE 6] Spatial Structural Isolation Clustering (DBSCAN)
  [INFO] DBSCAN discovered 2 distinct point groups.

━━━ [STAGE 7] Multi-Gate Geometric Evaluation
  Cluster #00 -> Pts: 18305 | Dims(mm): X=120.7, Y= 92.7, Z= 38.0 | VolRatio: 0.315 | Gates: [G1-4=1 G5_Size=1 G6_3D=1] -> PASSED
  Cluster #01 -> Pts: 35    | Dims(mm): X=  3.6, Y=  5.2, Z=  2.0 | VolRatio: 0.384 | Gates: [G1-4=1 G5_Size=0 G6_3D=1] -> REJECTED
  [INFO] Winning Cluster selected: ID #0 (Score=0.7945)
  [INFO] Winning cluster point count: 18,305

━━━ [STAGE 8] Projection — Sensor Space → Cropped Canvas

  ── [STAGE 8a] Coordinate System Parameters ──
    Intrinsics    : fx=750.148  fy=749.790  cx=386.179  cy=366.086
    Crop offsets  : left=0 px  top=0 px
    Depth sensor  : 510W x 720H px
    RGB canvas    : 510W x 720H px
    Scale factors : scale_x=1.000000  scale_y=1.000000

  ── [STAGE 8b] 3-D Cluster Bounding Box (world space) ──
    X range : -0.0735 m  →  0.0471 m  (span 120.7 mm)
    Y range : -0.2021 m  →  -0.1094 m  (span 92.7 mm)
    Z range : 0.3890 m  →  0.4270 m  (span 38.0 mm)
    Z depth : mean=0.4000 m  std=0.0071 m  min=0.3890 m  max=0.4270 m

  ── [STAGE 8c] Projection Steps ──
    [Step 1] Full-sensor pixel coords (before crop subtraction):
      u_sensor  min=252.0  max=469.0  mean=376.6
      v_sensor  min=-0.0  max=167.0  mean=76.4
    [OK] Sensor-space OOB: u=0.0%  v=0.0%
    [Step 2] After crop subtraction (crop_left=0, crop_top=0):
      u_cropped min=252.0  max=469.0  mean=376.6
      v_cropped min=-0.0  max=167.0  mean=76.4
    [Step 2 Check] Cropped coords outside canvas: u<0=0.0%  u>W=0.0%  v<0=0.0%  v>H=0.0%
    [Step 3] After scale to canvas (scale_x=1.0000, scale_y=1.0000):
      u  min=252  max=469  mean=376.6
      v  min=0  max=167  mean=76.4
      Canvas target size : 510W x 720H px

  ── [STAGE 8d] Expected mask centroid on canvas ──
      Projected centroid : u=376.6 px  v=76.4 px
      Canvas centre      : u=255.0 px  v=360.0 px
      Offset from centre : Δu=121.6 px  Δv=-283.6 px

  ── [STAGE 8e] Bounds Filter ──
    Total projected points : 18,305
    Inside canvas bounds   : 18,305  (100.0%)
    Duplicate pixel hits    : 0
  [INFO] Density non-zero pixels: 18,305
  [INFO] Density peak count     : 1
  [INFO] Raw mask white pixels before morphology: 18,305
  [INFO] White pixels after close: 19,193
  [INFO] Morphological open skipped for tip-loss debugging.
  [INFO] White pixels after open (skipped): 19,193

  ── [STAGE 8f] Final Mask Stats ──
    Bounding box : 217W x 167H px
    Mask centroid: (360.5, 83.5) px
    White pixels : 19,193
  masking.py run ended: 2026-06-13 19:57:34.194385
