
================================================================================
  masking.py run started: 2026-06-13 19:45:18.845928
================================================================================

━━━ [STAGE 1] Loading Point Cloud Array
  [INFO] Total raw points loaded: 366,482

━━━ [STAGE 2] Statistical Outlier Demolition
  [INFO] Points surviving outlier filter: 355,486

━━━ [STAGE 3] Live Plane Surface Isolation (RANSAC)
  [INFO] Original RANSAC: a=0.0150, b=-0.0349, c=0.9993, d=-0.4794
  [INFO] Normal vector pointing down. Flipping coefficients up toward lens.
  [INFO] Points isolated on belt plane: 333,062
  [INFO] Non-plane points going to workspace filter: 22,424

━━━ [STAGE 5] Direction-Enforced Spatial Pre-Filtering
  [INFO] Height gate window : 1.50mm to 500.00mm
  [INFO] Dist-from-plane mm : min=13.529 mean=29.513 median=30.468 max=43.675
  [INFO] Rejected by lower gate: 0 / 22,424
  [INFO] Rejected by upper gate: 0 / 22,424
  [DEBUG] Points passing directional spatial filters: 22,424

━━━ [STAGE 6] Spatial Structural Isolation Clustering (DBSCAN)
  [INFO] DBSCAN discovered 1 distinct point groups.

━━━ [STAGE 7] Multi-Gate Geometric Evaluation
  Cluster #00 -> Pts: 22424 | Dims(mm): X= 89.1, Y=147.3, Z= 33.0 | VolRatio: 0.224 | Gates: [G1-4=1 G5_Size=1 G6_3D=1] -> PASSED
  [INFO] Winning Cluster selected: ID #0 (Score=0.7672)
  [INFO] Winning cluster point count: 22,424

━━━ [STAGE 8] Projection — Sensor Space → Cropped Canvas

  ── [STAGE 8a] Coordinate System Parameters ──
    Intrinsics    : fx=750.148  fy=749.790  cx=386.179  cy=366.086
    Crop offsets  : left=0 px  top=0 px
    Depth sensor  : 510W x 720H px
    RGB canvas    : 510W x 720H px
    Scale factors : scale_x=1.000000  scale_y=1.000000

  ── [STAGE 8b] 3-D Cluster Bounding Box (world space) ──
    X range : -0.0991 m  →  -0.0100 m  (span 89.1 mm)
    Y range : -0.1043 m  →  0.0429 m  (span 147.3 mm)
    Z range : 0.4350 m  →  0.4680 m  (span 33.0 mm)
    Z depth : mean=0.4501 m  std=0.0077 m  min=0.4350 m  max=0.4680 m

  ── [STAGE 8c] Projection Steps ──
    [Step 1] Full-sensor pixel coords (before crop subtraction):
      u_sensor  min=227.0  max=370.0  mean=293.2
      v_sensor  min=196.0  max=435.0  mean=323.9
    [OK] Sensor-space OOB: u=0.0%  v=0.0%
    [Step 2] After crop subtraction (crop_left=0, crop_top=0):
      u_cropped min=227.0  max=370.0  mean=293.2
      v_cropped min=196.0  max=435.0  mean=323.9
    [Step 2 Check] Cropped coords outside canvas: u<0=0.0%  u>W=0.0%  v<0=0.0%  v>H=0.0%
    [Step 3] After scale to canvas (scale_x=1.0000, scale_y=1.0000):
      u  min=227  max=370  mean=293.2
      v  min=196  max=435  mean=323.9
      Canvas target size : 510W x 720H px

  ── [STAGE 8d] Expected mask centroid on canvas ──
      Projected centroid : u=293.2 px  v=323.9 px
      Canvas centre      : u=255.0 px  v=360.0 px
      Offset from centre : Δu=38.2 px  Δv=-36.1 px

  ── [STAGE 8e] Bounds Filter ──
    Total projected points : 22,424
    Inside canvas bounds   : 22,424  (100.0%)
    Duplicate pixel hits    : 0
  [INFO] Density non-zero pixels: 22,424
  [INFO] Density peak count     : 1
  [INFO] Raw mask white pixels before morphology: 22,424
  [INFO] White pixels after close: 24,357
  [INFO] Morphological open skipped for tip-loss debugging.
  [INFO] White pixels after open (skipped): 24,357

  ── [STAGE 8f] Final Mask Stats ──
    Bounding box : 143W x 239H px
    Mask centroid: (298.5, 315.5) px
    White pixels : 24,357
  masking.py run ended: 2026-06-13 19:45:22.367814
