
================================================================================
  masking.py run started: 2026-06-13 19:54:13.040824
================================================================================

━━━ [STAGE 1] Loading Point Cloud Array
  [INFO] Total raw points loaded: 144,116

━━━ [STAGE 2] Statistical Outlier Demolition
  [INFO] Points surviving outlier filter: 140,052

━━━ [STAGE 3] Live Plane Surface Isolation (RANSAC)
  [INFO] Original RANSAC: a=0.0032, b=-0.3139, c=0.9495, d=-0.4521
  [INFO] Normal vector pointing down. Flipping coefficients up toward lens.
  [INFO] Points isolated on belt plane: 135,896
  [INFO] Non-plane points going to workspace filter: 4,156

━━━ [STAGE 5] Direction-Enforced Spatial Pre-Filtering
  [INFO] Height gate window : 1.50mm to 500.00mm
  [INFO] Dist-from-plane mm : min=10.010 mean=22.974 median=18.032 max=83.367
  [INFO] Rejected by lower gate: 0 / 4,156
  [INFO] Rejected by upper gate: 0 / 4,156
  [DEBUG] Points passing directional spatial filters: 4,156

━━━ [STAGE 6] Spatial Structural Isolation Clustering (DBSCAN)
  [INFO] DBSCAN discovered 5 distinct point groups.

━━━ [STAGE 7] Multi-Gate Geometric Evaluation
  Cluster #00 -> Pts: 679   | Dims(mm): X=213.6, Y= 20.3, Z= 12.0 | VolRatio: 0.056 | Gates: [G1-4=1 G5_Size=1 G6_3D=0] -> REJECTED
  Cluster #01 -> Pts: 54    | Dims(mm): X= 26.3, Y= 18.4, Z= 11.0 | VolRatio: 0.419 | Gates: [G1-4=1 G5_Size=1 G6_3D=1] -> PASSED
  Cluster #02 -> Pts: 323   | Dims(mm): X= 38.5, Y= 11.5, Z= 25.0 | VolRatio: 0.299 | Gates: [G1-4=0 G5_Size=0 G6_3D=1] -> REJECTED
  Cluster #03 -> Pts: 8     | Dims(mm): X= 28.2, Y=  6.4, Z=  3.0 | VolRatio: 0.106 | Gates: [G1-4=0 G5_Size=0 G6_3D=0] -> REJECTED
  Cluster #04 -> Pts: 3077  | Dims(mm): X=181.1, Y= 75.1, Z= 36.0 | VolRatio: 0.199 | Gates: [G1-4=1 G5_Size=1 G6_3D=1] -> PASSED
  [INFO] Winning Cluster selected: ID #4 (Score=0.4135)
  [INFO] Winning cluster point count: 3,077

━━━ [STAGE 8] Projection — Sensor Space → Cropped Canvas

  ── [STAGE 8a] Coordinate System Parameters ──
    Intrinsics    : fx=149.444  fy=599.832  cx=1.739  cy=292.869
    Crop offsets  : left=0 px  top=0 px
    Depth sensor  : 255W x 576H px
    RGB canvas    : 510W x 720H px
    Scale factors : scale_x=2.000000  scale_y=1.250000

  ── [STAGE 8b] 3-D Cluster Bounding Box (world space) ──
    X range : 0.5369 m  →  0.7179 m  (span 181.1 mm)
    Y range : -0.1645 m  →  -0.0894 m  (span 75.1 mm)
    Z range : 0.3960 m  →  0.4320 m  (span 36.0 mm)
    Z depth : mean=0.4142 m  std=0.0093 m  min=0.3960 m  max=0.4320 m

  ── [STAGE 8c] Projection Steps ──
    [Step 1] Full-sensor pixel coords (before crop subtraction):
      u_sensor  min=194.0  max=254.0  mean=224.7
      v_sensor  min=51.0  max=167.0  mean=124.2
    [OK] Sensor-space OOB: u=0.0%  v=0.0%
    [Step 2] After crop subtraction (crop_left=0, crop_top=0):
      u_cropped min=194.0  max=254.0  mean=224.7
      v_cropped min=51.0  max=167.0  mean=124.2
    [Step 2 Check] Cropped coords outside canvas: u<0=0.0%  u>W=0.0%  v<0=0.0%  v>H=0.0%
    [Step 3] After scale to canvas (scale_x=2.0000, scale_y=1.2500):
      u  min=388  max=508  mean=449.4
      v  min=64  max=209  mean=155.2
      Canvas target size : 510W x 720H px

  ── [STAGE 8d] Expected mask centroid on canvas ──
      Projected centroid : u=449.4 px  v=155.2 px
      Canvas centre      : u=255.0 px  v=360.0 px
      Offset from centre : Δu=194.4 px  Δv=-204.8 px

  ── [STAGE 8e] Bounds Filter ──
    Total projected points : 3,077
    Inside canvas bounds   : 3,077  (100.0%)
    Duplicate pixel hits    : 0
  [INFO] Density non-zero pixels: 3,077
  [INFO] Density peak count     : 1
  [INFO] Raw mask white pixels before morphology: 3,077
  [INFO] White pixels after close: 7,732
  [INFO] Morphological open skipped for tip-loss debugging.
  [INFO] White pixels after open (skipped): 7,732

  ── [STAGE 8f] Final Mask Stats ──
    Bounding box : 121W x 145H px
    Mask centroid: (448.5, 136.5) px
    White pixels : 7,732
  masking.py run ended: 2026-06-13 19:54:13.521086
