
================================================================================
  masking.py run started: 2026-06-13 20:04:09.992348
================================================================================

━━━ [STAGE 1] Loading Point Cloud Array
  [INFO] Total raw points loaded: 365,908

━━━ [STAGE 2] Statistical Outlier Demolition
  [INFO] Points surviving outlier filter: 355,863

━━━ [STAGE 3] Live Plane Surface Isolation (RANSAC)
  [INFO] Original RANSAC: a=0.0156, b=-0.0884, c=0.9960, d=-0.4750
  [INFO] Normal vector pointing down. Flipping coefficients up toward lens.
  [INFO] Points isolated on belt plane: 333,002
  [INFO] Non-plane points going to workspace filter: 22,861

━━━ [STAGE 5] Direction-Enforced Spatial Pre-Filtering
  [INFO] Height gate window : 1.50mm to 500.00mm
  [INFO] Dist-from-plane mm : min=-4.697 mean=46.405 median=49.820 max=63.156
  [INFO] Rejected by lower gate: 12 / 22,861
  [INFO] Rejected by upper gate: 0 / 22,861
  [DEBUG] Points passing directional spatial filters: 22,849

━━━ [STAGE 6] Spatial Structural Isolation Clustering (DBSCAN)
  [INFO] DBSCAN discovered 1 distinct point groups.

━━━ [STAGE 7] Multi-Gate Geometric Evaluation
  Cluster #00 -> Pts: 22849 | Dims(mm): X=124.9, Y=175.8, Z= 44.0 | VolRatio: 0.250 | Gates: [G1-4=1 G5_Size=1 G6_3D=1] -> PASSED
  [INFO] Winning Cluster selected: ID #0 (Score=0.7751)
  [INFO] Winning cluster point count: 22,849

━━━ [STAGE 8] Projection — Sensor Space → Cropped Canvas

  ── [STAGE 8a] Coordinate System Parameters ──
    Intrinsics    : fx=750.148  fy=749.790  cx=386.179  cy=366.086
    Crop offsets  : left=0 px  top=0 px
    Depth sensor  : 510W x 720H px
    RGB canvas    : 510W x 720H px
    Scale factors : scale_x=1.000000  scale_y=1.000000

  ── [STAGE 8b] 3-D Cluster Bounding Box (world space) ──
    X range : -0.0519 m  →  0.0730 m  (span 124.9 mm)
    Y range : -0.1321 m  →  0.0437 m  (span 175.8 mm)
    Z range : 0.4120 m  →  0.4560 m  (span 44.0 mm)
    Z depth : mean=0.4276 m  std=0.0104 m  min=0.4120 m  max=0.4560 m

  ── [STAGE 8c] Projection Steps ──
    [Step 1] Full-sensor pixel coords (before crop subtraction):
      u_sensor  min=300.0  max=509.0  mean=412.8
      v_sensor  min=145.0  max=441.0  mean=318.1
    [OK] Sensor-space OOB: u=0.0%  v=0.0%
    [Step 2] After crop subtraction (crop_left=0, crop_top=0):
      u_cropped min=300.0  max=509.0  mean=412.8
      v_cropped min=145.0  max=441.0  mean=318.1
    [Step 2 Check] Cropped coords outside canvas: u<0=0.0%  u>W=0.0%  v<0=0.0%  v>H=0.0%
    [Step 3] After scale to canvas (scale_x=1.0000, scale_y=1.0000):
      u  min=300  max=509  mean=412.8
      v  min=145  max=441  mean=318.1
      Canvas target size : 510W x 720H px

  ── [STAGE 8d] Expected mask centroid on canvas ──
      Projected centroid : u=412.8 px  v=318.1 px
      Canvas centre      : u=255.0 px  v=360.0 px
      Offset from centre : Δu=157.8 px  Δv=-41.9 px

  ── [STAGE 8e] Bounds Filter ──
    Total projected points : 22,849
    Inside canvas bounds   : 22,849  (100.0%)
    Duplicate pixel hits    : 0
  [INFO] Density non-zero pixels: 22,849
  [INFO] Density peak count     : 1
  [INFO] Raw mask white pixels before morphology: 22,849
  [INFO] White pixels after close: 24,390
  [INFO] Morphological open skipped for tip-loss debugging.
  [INFO] White pixels after open (skipped): 24,390

  ── [STAGE 8f] Final Mask Stats ──
    Bounding box : 209W x 296H px
    Mask centroid: (404.5, 293.0) px
    White pixels : 24,390
  masking.py run ended: 2026-06-13 20:04:13.227382
