
================================================================================
  masking.py run started: 2026-06-13 19:50:04.618040
================================================================================

━━━ [STAGE 1] Loading Point Cloud Array
  [INFO] Total raw points loaded: 366,411

━━━ [STAGE 2] Statistical Outlier Demolition
  [INFO] Points surviving outlier filter: 354,143

━━━ [STAGE 3] Live Plane Surface Isolation (RANSAC)
  [INFO] Original RANSAC: a=0.0164, b=-0.0514, c=0.9985, d=-0.4781
  [INFO] Normal vector pointing down. Flipping coefficients up toward lens.
  [INFO] Points isolated on belt plane: 343,047
  [INFO] Non-plane points going to workspace filter: 11,096

━━━ [STAGE 5] Direction-Enforced Spatial Pre-Filtering
  [INFO] Height gate window : 1.50mm to 500.00mm
  [INFO] Dist-from-plane mm : min=7.994 mean=22.494 median=21.535 max=37.765
  [INFO] Rejected by lower gate: 0 / 11,096
  [INFO] Rejected by upper gate: 0 / 11,096
  [DEBUG] Points passing directional spatial filters: 11,096

━━━ [STAGE 6] Spatial Structural Isolation Clustering (DBSCAN)
  [INFO] DBSCAN discovered 2 distinct point groups.

━━━ [STAGE 7] Multi-Gate Geometric Evaluation
  Cluster #00 -> Pts: 11086 | Dims(mm): X=135.9, Y= 92.9, Z= 23.0 | VolRatio: 0.169 | Gates: [G1-4=1 G5_Size=1 G6_3D=1] -> PASSED
  Cluster #01 -> Pts: 10    | Dims(mm): X=  1.9, Y=  1.9, Z=  0.0 | VolRatio: 0.000 | Gates: [G1-4=0 G5_Size=0 G6_3D=0] -> REJECTED
  [INFO] Winning Cluster selected: ID #0 (Score=0.7508)
  [INFO] Winning cluster point count: 11,086

━━━ [STAGE 8] Projection — Sensor Space → Cropped Canvas

  ── [STAGE 8a] Coordinate System Parameters ──
    Intrinsics    : fx=750.148  fy=749.790  cx=386.179  cy=366.086
    Crop offsets  : left=0 px  top=0 px
    Depth sensor  : 510W x 720H px
    RGB canvas    : 510W x 720H px
    Scale factors : scale_x=1.000000  scale_y=1.000000

  ── [STAGE 8b] 3-D Cluster Bounding Box (world space) ──
    X range : -0.0786 m  →  0.0574 m  (span 135.9 mm)
    Y range : -0.2182 m  →  -0.1253 m  (span 92.9 mm)
    Z range : 0.4330 m  →  0.4560 m  (span 23.0 mm)
    Z depth : mean=0.4473 m  std=0.0040 m  min=0.4330 m  max=0.4560 m

  ── [STAGE 8c] Projection Steps ──
    [Step 1] Full-sensor pixel coords (before crop subtraction):
      u_sensor  min=253.0  max=482.0  mean=394.4
      v_sensor  min=0.0  max=160.0  mean=76.9
    [OK] Sensor-space OOB: u=0.0%  v=0.0%
    [Step 2] After crop subtraction (crop_left=0, crop_top=0):
      u_cropped min=253.0  max=482.0  mean=394.4
      v_cropped min=0.0  max=160.0  mean=76.9
    [Step 2 Check] Cropped coords outside canvas: u<0=0.0%  u>W=0.0%  v<0=0.0%  v>H=0.0%
    [Step 3] After scale to canvas (scale_x=1.0000, scale_y=1.0000):
      u  min=253  max=482  mean=394.4
      v  min=0  max=160  mean=76.9
      Canvas target size : 510W x 720H px

  ── [STAGE 8d] Expected mask centroid on canvas ──
      Projected centroid : u=394.4 px  v=76.9 px
      Canvas centre      : u=255.0 px  v=360.0 px
      Offset from centre : Δu=139.4 px  Δv=-283.1 px

  ── [STAGE 8e] Bounds Filter ──
    Total projected points : 11,086
    Inside canvas bounds   : 11,086  (100.0%)
    Duplicate pixel hits    : 0
  [INFO] Density non-zero pixels: 11,086
  [INFO] Density peak count     : 1
  [INFO] Raw mask white pixels before morphology: 11,086
  [INFO] White pixels after close: 12,158
  [INFO] Morphological open skipped for tip-loss debugging.
  [INFO] White pixels after open (skipped): 12,158

  ── [STAGE 8f] Final Mask Stats ──
    Bounding box : 229W x 160H px
    Mask centroid: (367.5, 80.0) px
    White pixels : 12,158
  masking.py run ended: 2026-06-13 19:50:07.253280
