
================================================================================
  masking.py run started: 2026-06-13 20:00:48.678864
================================================================================

━━━ [STAGE 1] Loading Point Cloud Array
  [INFO] Total raw points loaded: 366,413

━━━ [STAGE 2] Statistical Outlier Demolition
  [INFO] Points surviving outlier filter: 356,913

━━━ [STAGE 3] Live Plane Surface Isolation (RANSAC)
  [INFO] Original RANSAC: a=0.0140, b=-0.0549, c=0.9984, d=-0.4789
  [INFO] Normal vector pointing down. Flipping coefficients up toward lens.
  [INFO] Points isolated on belt plane: 353,338
  [INFO] Non-plane points going to workspace filter: 3,575

━━━ [STAGE 5] Direction-Enforced Spatial Pre-Filtering
  [INFO] Height gate window : 1.50mm to 500.00mm
  [INFO] Dist-from-plane mm : min=-14.831 mean=46.519 median=50.367 max=70.968
  [INFO] Rejected by lower gate: 2 / 3,575
  [INFO] Rejected by upper gate: 0 / 3,575
  [DEBUG] Points passing directional spatial filters: 3,573

━━━ [STAGE 6] Spatial Structural Isolation Clustering (DBSCAN)
  [INFO] DBSCAN discovered 1 distinct point groups.

━━━ [STAGE 7] Multi-Gate Geometric Evaluation
  Cluster #00 -> Pts: 3573  | Dims(mm): X= 71.6, Y= 48.4, Z= 53.0 | VolRatio: 0.676 | Gates: [G1-4=1 G5_Size=1 G6_3D=1] -> PASSED
  [INFO] Winning Cluster selected: ID #0 (Score=0.5816)
  [INFO] Winning cluster point count: 3,573

━━━ [STAGE 8] Projection — Sensor Space → Cropped Canvas

  ── [STAGE 8a] Coordinate System Parameters ──
    Intrinsics    : fx=750.148  fy=749.790  cx=386.179  cy=366.086
    Crop offsets  : left=0 px  top=0 px
    Depth sensor  : 510W x 720H px
    RGB canvas    : 510W x 720H px
    Scale factors : scale_x=1.000000  scale_y=1.000000

  ── [STAGE 8b] 3-D Cluster Bounding Box (world space) ──
    X range : -0.1243 m  →  -0.0528 m  (span 71.6 mm)
    Y range : -0.1424 m  →  -0.0940 m  (span 48.4 mm)
    Z range : 0.4040 m  →  0.4570 m  (span 53.0 mm)
    Z depth : mean=0.4279 m  std=0.0171 m  min=0.4040 m  max=0.4570 m

  ── [STAGE 8c] Projection Steps ──
    [Step 1] Full-sensor pixel coords (before crop subtraction):
      u_sensor  min=178.0  max=299.0  mean=244.9
      v_sensor  min=132.0  max=196.0  mean=167.1
    [OK] Sensor-space OOB: u=0.0%  v=0.0%
    [Step 2] After crop subtraction (crop_left=0, crop_top=0):
      u_cropped min=178.0  max=299.0  mean=244.9
      v_cropped min=132.0  max=196.0  mean=167.1
    [Step 2 Check] Cropped coords outside canvas: u<0=0.0%  u>W=0.0%  v<0=0.0%  v>H=0.0%
    [Step 3] After scale to canvas (scale_x=1.0000, scale_y=1.0000):
      u  min=178  max=299  mean=244.9
      v  min=132  max=196  mean=167.1
      Canvas target size : 510W x 720H px

  ── [STAGE 8d] Expected mask centroid on canvas ──
      Projected centroid : u=244.9 px  v=167.1 px
      Canvas centre      : u=255.0 px  v=360.0 px
      Offset from centre : Δu=-10.1 px  Δv=-192.9 px

  ── [STAGE 8e] Bounds Filter ──
    Total projected points : 3,573
    Inside canvas bounds   : 3,573  (100.0%)
    Duplicate pixel hits    : 0
  [INFO] Density non-zero pixels: 3,573
  [INFO] Density peak count     : 1
  [INFO] Raw mask white pixels before morphology: 3,573
  [INFO] White pixels after close: 4,530
  [INFO] Morphological open skipped for tip-loss debugging.
  [INFO] White pixels after open (skipped): 4,530

  ── [STAGE 8f] Final Mask Stats ──
    Bounding box : 121W x 64H px
    Mask centroid: (238.5, 164.0) px
    White pixels : 4,530
  masking.py run ended: 2026-06-13 20:00:49.997536
