
================================================================================
  masking.py run started: 2026-06-13 20:01:50.643657
================================================================================

━━━ [STAGE 1] Loading Point Cloud Array
  [INFO] Total raw points loaded: 366,178

━━━ [STAGE 2] Statistical Outlier Demolition
  [INFO] Points surviving outlier filter: 353,498

━━━ [STAGE 3] Live Plane Surface Isolation (RANSAC)
  [INFO] Original RANSAC: a=0.0135, b=-0.0739, c=0.9972, d=-0.4767
  [INFO] Normal vector pointing down. Flipping coefficients up toward lens.
  [INFO] Points isolated on belt plane: 342,343
  [INFO] Non-plane points going to workspace filter: 11,155

━━━ [STAGE 5] Direction-Enforced Spatial Pre-Filtering
  [INFO] Height gate window : 1.50mm to 500.00mm
  [INFO] Dist-from-plane mm : min=12.674 mean=25.524 median=25.645 max=38.100
  [INFO] Rejected by lower gate: 0 / 11,155
  [INFO] Rejected by upper gate: 0 / 11,155
  [DEBUG] Points passing directional spatial filters: 11,155

━━━ [STAGE 6] Spatial Structural Isolation Clustering (DBSCAN)
  [INFO] DBSCAN discovered 1 distinct point groups.

━━━ [STAGE 7] Multi-Gate Geometric Evaluation
  Cluster #00 -> Pts: 11155 | Dims(mm): X= 82.2, Y= 88.5, Z= 25.0 | VolRatio: 0.282 | Gates: [G1-4=1 G5_Size=1 G6_3D=1] -> PASSED
  [INFO] Winning Cluster selected: ID #0 (Score=0.7847)
  [INFO] Winning cluster point count: 11,155

━━━ [STAGE 8] Projection — Sensor Space → Cropped Canvas

  ── [STAGE 8a] Coordinate System Parameters ──
    Intrinsics    : fx=750.148  fy=749.790  cx=386.179  cy=366.086
    Crop offsets  : left=0 px  top=0 px
    Depth sensor  : 510W x 720H px
    RGB canvas    : 510W x 720H px
    Scale factors : scale_x=1.000000  scale_y=1.000000

  ── [STAGE 8b] 3-D Cluster Bounding Box (world space) ──
    X range : -0.1028 m  →  -0.0206 m  (span 82.2 mm)
    Y range : 0.0260 m  →  0.1145 m  (span 88.5 mm)
    Z range : 0.4470 m  →  0.4720 m  (span 25.0 mm)
    Z depth : mean=0.4578 m  std=0.0045 m  min=0.4470 m  max=0.4720 m

  ── [STAGE 8c] Projection Steps ──
    [Step 1] Full-sensor pixel coords (before crop subtraction):
      u_sensor  min=220.0  max=353.0  mean=291.6
      v_sensor  min=408.0  max=550.0  mean=467.7
    [OK] Sensor-space OOB: u=0.0%  v=0.0%
    [Step 2] After crop subtraction (crop_left=0, crop_top=0):
      u_cropped min=220.0  max=353.0  mean=291.6
      v_cropped min=408.0  max=550.0  mean=467.7
    [Step 2 Check] Cropped coords outside canvas: u<0=0.0%  u>W=0.0%  v<0=0.0%  v>H=0.0%
    [Step 3] After scale to canvas (scale_x=1.0000, scale_y=1.0000):
      u  min=220  max=353  mean=291.6
      v  min=408  max=550  mean=467.7
      Canvas target size : 510W x 720H px

  ── [STAGE 8d] Expected mask centroid on canvas ──
      Projected centroid : u=291.6 px  v=467.7 px
      Canvas centre      : u=255.0 px  v=360.0 px
      Offset from centre : Δu=36.6 px  Δv=107.7 px

  ── [STAGE 8e] Bounds Filter ──
    Total projected points : 11,155
    Inside canvas bounds   : 11,155  (100.0%)
    Duplicate pixel hits    : 0
  [INFO] Density non-zero pixels: 11,155
  [INFO] Density peak count     : 1
  [INFO] Raw mask white pixels before morphology: 11,155
  [INFO] White pixels after close: 11,871
  [INFO] Morphological open skipped for tip-loss debugging.
  [INFO] White pixels after open (skipped): 11,871

  ── [STAGE 8f] Final Mask Stats ──
    Bounding box : 133W x 142H px
    Mask centroid: (286.5, 479.0) px
    White pixels : 11,871
  masking.py run ended: 2026-06-13 20:01:52.782126
