
================================================================================
  masking.py run started: 2026-06-13 19:49:16.685280
================================================================================

━━━ [STAGE 1] Loading Point Cloud Array
  [INFO] Total raw points loaded: 366,423

━━━ [STAGE 2] Statistical Outlier Demolition
  [INFO] Points surviving outlier filter: 356,516

━━━ [STAGE 3] Live Plane Surface Isolation (RANSAC)
  [INFO] Original RANSAC: a=0.0151, b=-0.0487, c=0.9987, d=-0.4783
  [INFO] Normal vector pointing down. Flipping coefficients up toward lens.
  [INFO] Points isolated on belt plane: 337,076
  [INFO] Non-plane points going to workspace filter: 19,440

━━━ [STAGE 5] Direction-Enforced Spatial Pre-Filtering
  [INFO] Height gate window : 1.50mm to 500.00mm
  [INFO] Dist-from-plane mm : min=-5.719 mean=30.181 median=29.706 max=55.166
  [INFO] Rejected by lower gate: 219 / 19,440
  [INFO] Rejected by upper gate: 0 / 19,440
  [DEBUG] Points passing directional spatial filters: 19,221

━━━ [STAGE 6] Spatial Structural Isolation Clustering (DBSCAN)
  [INFO] DBSCAN discovered 1 distinct point groups.

━━━ [STAGE 7] Multi-Gate Geometric Evaluation
  Cluster #00 -> Pts: 19221 | Dims(mm): X=138.5, Y=108.8, Z= 39.0 | VolRatio: 0.282 | Gates: [G1-4=1 G5_Size=1 G6_3D=1] -> PASSED
  [INFO] Winning Cluster selected: ID #0 (Score=0.7845)
  [INFO] Winning cluster point count: 19,221

━━━ [STAGE 8] Projection — Sensor Space → Cropped Canvas

  ── [STAGE 8a] Coordinate System Parameters ──
    Intrinsics    : fx=750.148  fy=749.790  cx=386.179  cy=366.086
    Crop offsets  : left=0 px  top=0 px
    Depth sensor  : 510W x 720H px
    RGB canvas    : 510W x 720H px
    Scale factors : scale_x=1.000000  scale_y=1.000000

  ── [STAGE 8b] 3-D Cluster Bounding Box (world space) ──
    X range : -0.0850 m  →  0.0535 m  (span 138.5 mm)
    Y range : 0.0692 m  →  0.1780 m  (span 108.8 mm)
    Z range : 0.4280 m  →  0.4670 m  (span 39.0 mm)
    Z depth : mean=0.4544 m  std=0.0080 m  min=0.4280 m  max=0.4670 m

  ── [STAGE 8c] Projection Steps ──
    [Step 1] Full-sensor pixel coords (before crop subtraction):
      u_sensor  min=248.0  max=473.0  mean=363.8
      v_sensor  min=486.0  max=655.0  mean=566.3
    [OK] Sensor-space OOB: u=0.0%  v=0.0%
    [Step 2] After crop subtraction (crop_left=0, crop_top=0):
      u_cropped min=248.0  max=473.0  mean=363.8
      v_cropped min=486.0  max=655.0  mean=566.3
    [Step 2 Check] Cropped coords outside canvas: u<0=0.0%  u>W=0.0%  v<0=0.0%  v>H=0.0%
    [Step 3] After scale to canvas (scale_x=1.0000, scale_y=1.0000):
      u  min=248  max=473  mean=363.8
      v  min=486  max=655  mean=566.3
      Canvas target size : 510W x 720H px

  ── [STAGE 8d] Expected mask centroid on canvas ──
      Projected centroid : u=363.8 px  v=566.3 px
      Canvas centre      : u=255.0 px  v=360.0 px
      Offset from centre : Δu=108.8 px  Δv=206.3 px

  ── [STAGE 8e] Bounds Filter ──
    Total projected points : 19,221
    Inside canvas bounds   : 19,221  (100.0%)
    Duplicate pixel hits    : 0
  [INFO] Density non-zero pixels: 19,221
  [INFO] Density peak count     : 1
  [INFO] Raw mask white pixels before morphology: 19,221
  [INFO] White pixels after close: 20,773
  [INFO] Morphological open skipped for tip-loss debugging.
  [INFO] White pixels after open (skipped): 20,773

  ── [STAGE 8f] Final Mask Stats ──
    Bounding box : 225W x 169H px
    Mask centroid: (360.5, 570.5) px
    White pixels : 20,773
  masking.py run ended: 2026-06-13 19:49:19.851434
