
================================================================================
  masking.py run started: 2026-06-13 20:07:08.728603
================================================================================

━━━ [STAGE 1] Loading Point Cloud Array
  [INFO] Total raw points loaded: 365,575

━━━ [STAGE 2] Statistical Outlier Demolition
  [INFO] Points surviving outlier filter: 354,459

━━━ [STAGE 3] Live Plane Surface Isolation (RANSAC)
  [INFO] Original RANSAC: a=0.0141, b=-0.1109, c=0.9937, d=-0.4727
  [INFO] Normal vector pointing down. Flipping coefficients up toward lens.
  [INFO] Points isolated on belt plane: 330,573
  [INFO] Non-plane points going to workspace filter: 23,886

━━━ [STAGE 5] Direction-Enforced Spatial Pre-Filtering
  [INFO] Height gate window : 1.50mm to 500.00mm
  [INFO] Dist-from-plane mm : min=13.183 mean=50.409 median=51.950 max=69.812
  [INFO] Rejected by lower gate: 0 / 23,886
  [INFO] Rejected by upper gate: 0 / 23,886
  [DEBUG] Points passing directional spatial filters: 23,886

━━━ [STAGE 6] Spatial Structural Isolation Clustering (DBSCAN)
  [INFO] DBSCAN discovered 1 distinct point groups.

━━━ [STAGE 7] Multi-Gate Geometric Evaluation
  Cluster #00 -> Pts: 23886 | Dims(mm): X=106.6, Y=131.9, Z= 59.0 | VolRatio: 0.447 | Gates: [G1-4=1 G5_Size=1 G6_3D=1] -> PASSED
  [INFO] Winning Cluster selected: ID #0 (Score=0.8342)
  [INFO] Winning cluster point count: 23,886

━━━ [STAGE 8] Projection — Sensor Space → Cropped Canvas

  ── [STAGE 8a] Coordinate System Parameters ──
    Intrinsics    : fx=750.148  fy=749.790  cx=386.179  cy=366.086
    Crop offsets  : left=0 px  top=0 px
    Depth sensor  : 510W x 720H px
    RGB canvas    : 510W x 720H px
    Scale factors : scale_x=1.000000  scale_y=1.000000

  ── [STAGE 8b] 3-D Cluster Bounding Box (world space) ──
    X range : -0.0503 m  →  0.0563 m  (span 106.6 mm)
    Y range : -0.1663 m  →  -0.0344 m  (span 131.9 mm)
    Z range : 0.3970 m  →  0.4560 m  (span 59.0 mm)
    Z depth : mean=0.4151 m  std=0.0107 m  min=0.3970 m  max=0.4560 m

  ── [STAGE 8c] Projection Steps ──
    [Step 1] Full-sensor pixel coords (before crop subtraction):
      u_sensor  min=303.0  max=479.0  mean=389.6
      v_sensor  min=84.0  max=307.0  mean=207.1
    [OK] Sensor-space OOB: u=0.0%  v=0.0%
    [Step 2] After crop subtraction (crop_left=0, crop_top=0):
      u_cropped min=303.0  max=479.0  mean=389.6
      v_cropped min=84.0  max=307.0  mean=207.1
    [Step 2 Check] Cropped coords outside canvas: u<0=0.0%  u>W=0.0%  v<0=0.0%  v>H=0.0%
    [Step 3] After scale to canvas (scale_x=1.0000, scale_y=1.0000):
      u  min=303  max=479  mean=389.6
      v  min=84  max=307  mean=207.1
      Canvas target size : 510W x 720H px

  ── [STAGE 8d] Expected mask centroid on canvas ──
      Projected centroid : u=389.6 px  v=207.1 px
      Canvas centre      : u=255.0 px  v=360.0 px
      Offset from centre : Δu=134.6 px  Δv=-152.9 px

  ── [STAGE 8e] Bounds Filter ──
    Total projected points : 23,886
    Inside canvas bounds   : 23,886  (100.0%)
    Duplicate pixel hits    : 0
  [INFO] Density non-zero pixels: 23,886
  [INFO] Density peak count     : 1
  [INFO] Raw mask white pixels before morphology: 23,886
  [INFO] White pixels after close: 26,111
  [INFO] Morphological open skipped for tip-loss debugging.
  [INFO] White pixels after open (skipped): 26,111

  ── [STAGE 8f] Final Mask Stats ──
    Bounding box : 176W x 223H px
    Mask centroid: (391.0, 195.5) px
    White pixels : 26,111
  masking.py run ended: 2026-06-13 20:07:12.335762
