
================================================================================
  masking.py run started: 2026-06-13 19:54:40.852194
================================================================================

━━━ [STAGE 1] Loading Point Cloud Array
  [INFO] Total raw points loaded: 364,113

━━━ [STAGE 2] Statistical Outlier Demolition
  [INFO] Points surviving outlier filter: 351,461

━━━ [STAGE 3] Live Plane Surface Isolation (RANSAC)
  [INFO] Original RANSAC: a=0.0138, b=-0.1798, c=0.9836, d=-0.4650
  [INFO] Normal vector pointing down. Flipping coefficients up toward lens.
  [INFO] Points isolated on belt plane: 333,336
  [INFO] Non-plane points going to workspace filter: 18,125

━━━ [STAGE 5] Direction-Enforced Spatial Pre-Filtering
  [INFO] Height gate window : 1.50mm to 500.00mm
  [INFO] Dist-from-plane mm : min=7.977 mean=22.292 median=21.881 max=35.333
  [INFO] Rejected by lower gate: 0 / 18,125
  [INFO] Rejected by upper gate: 0 / 18,125
  [DEBUG] Points passing directional spatial filters: 18,125

━━━ [STAGE 6] Spatial Structural Isolation Clustering (DBSCAN)
  [INFO] DBSCAN discovered 2 distinct point groups.

━━━ [STAGE 7] Multi-Gate Geometric Evaluation
  Cluster #00 -> Pts: 18109 | Dims(mm): X=130.2, Y=135.4, Z= 33.0 | VolRatio: 0.244 | Gates: [G1-4=1 G5_Size=1 G6_3D=1] -> PASSED
  Cluster #01 -> Pts: 16    | Dims(mm): X=  2.2, Y=  2.7, Z=  1.0 | VolRatio: 0.368 | Gates: [G1-4=0 G5_Size=0 G6_3D=1] -> REJECTED
  [INFO] Winning Cluster selected: ID #0 (Score=0.7731)
  [INFO] Winning cluster point count: 18,109

━━━ [STAGE 8] Projection — Sensor Space → Cropped Canvas

  ── [STAGE 8a] Coordinate System Parameters ──
    Intrinsics    : fx=750.148  fy=749.790  cx=386.179  cy=366.086
    Crop offsets  : left=0 px  top=0 px
    Depth sensor  : 510W x 720H px
    RGB canvas    : 510W x 720H px
    Scale factors : scale_x=1.000000  scale_y=1.000000

  ── [STAGE 8b] 3-D Cluster Bounding Box (world space) ──
    X range : -0.1078 m  →  0.0224 m  (span 130.2 mm)
    Y range : -0.1379 m  →  -0.0024 m  (span 135.4 mm)
    Z range : 0.4210 m  →  0.4540 m  (span 33.0 mm)
    Z depth : mean=0.4357 m  std=0.0071 m  min=0.4210 m  max=0.4540 m

  ── [STAGE 8c] Projection Steps ──
    [Step 1] Full-sensor pixel coords (before crop subtraction):
      u_sensor  min=208.0  max=425.0  mean=302.4
      v_sensor  min=124.0  max=362.0  mean=222.9
    [OK] Sensor-space OOB: u=0.0%  v=0.0%
    [Step 2] After crop subtraction (crop_left=0, crop_top=0):
      u_cropped min=208.0  max=425.0  mean=302.4
      v_cropped min=124.0  max=362.0  mean=222.9
    [Step 2 Check] Cropped coords outside canvas: u<0=0.0%  u>W=0.0%  v<0=0.0%  v>H=0.0%
    [Step 3] After scale to canvas (scale_x=1.0000, scale_y=1.0000):
      u  min=208  max=425  mean=302.4
      v  min=124  max=362  mean=222.9
      Canvas target size : 510W x 720H px

  ── [STAGE 8d] Expected mask centroid on canvas ──
      Projected centroid : u=302.4 px  v=222.9 px
      Canvas centre      : u=255.0 px  v=360.0 px
      Offset from centre : Δu=47.4 px  Δv=-137.1 px

  ── [STAGE 8e] Bounds Filter ──
    Total projected points : 18,109
    Inside canvas bounds   : 18,109  (100.0%)
    Duplicate pixel hits    : 0
  [INFO] Density non-zero pixels: 18,109
  [INFO] Density peak count     : 1
  [INFO] Raw mask white pixels before morphology: 18,109
  [INFO] White pixels after close: 18,764
  [INFO] Morphological open skipped for tip-loss debugging.
  [INFO] White pixels after open (skipped): 18,764

  ── [STAGE 8f] Final Mask Stats ──
    Bounding box : 217W x 238H px
    Mask centroid: (316.5, 243.0) px
    White pixels : 18,764
  masking.py run ended: 2026-06-13 19:54:43.475308
