
================================================================================
  masking.py run started: 2026-06-13 20:06:20.738870
================================================================================

━━━ [STAGE 1] Loading Point Cloud Array
  [INFO] Total raw points loaded: 365,729

━━━ [STAGE 2] Statistical Outlier Demolition
  [INFO] Points surviving outlier filter: 355,021

━━━ [STAGE 3] Live Plane Surface Isolation (RANSAC)
  [INFO] Original RANSAC: a=0.0148, b=-0.1029, c=0.9946, d=-0.4734
  [INFO] Normal vector pointing down. Flipping coefficients up toward lens.
  [INFO] Points isolated on belt plane: 339,193
  [INFO] Non-plane points going to workspace filter: 15,828

━━━ [STAGE 5] Direction-Enforced Spatial Pre-Filtering
  [INFO] Height gate window : 1.50mm to 500.00mm
  [INFO] Dist-from-plane mm : min=-13.096 mean=33.974 median=34.995 max=56.141
  [INFO] Rejected by lower gate: 34 / 15,828
  [INFO] Rejected by upper gate: 0 / 15,828
  [DEBUG] Points passing directional spatial filters: 15,794

━━━ [STAGE 6] Spatial Structural Isolation Clustering (DBSCAN)
  [INFO] DBSCAN discovered 1 distinct point groups.

━━━ [STAGE 7] Multi-Gate Geometric Evaluation
  Cluster #00 -> Pts: 15794 | Dims(mm): X= 83.4, Y=132.3, Z= 48.0 | VolRatio: 0.363 | Gates: [G1-4=1 G5_Size=1 G6_3D=1] -> PASSED
  [INFO] Winning Cluster selected: ID #0 (Score=0.8088)
  [INFO] Winning cluster point count: 15,794

━━━ [STAGE 8] Projection — Sensor Space → Cropped Canvas

  ── [STAGE 8a] Coordinate System Parameters ──
    Intrinsics    : fx=750.148  fy=749.790  cx=386.179  cy=366.086
    Crop offsets  : left=0 px  top=0 px
    Depth sensor  : 510W x 720H px
    RGB canvas    : 510W x 720H px
    Scale factors : scale_x=1.000000  scale_y=1.000000

  ── [STAGE 8b] 3-D Cluster Bounding Box (world space) ──
    X range : -0.0859 m  →  -0.0025 m  (span 83.4 mm)
    Y range : -0.1393 m  →  -0.0070 m  (span 132.3 mm)
    Z range : 0.4140 m  →  0.4620 m  (span 48.0 mm)
    Z depth : mean=0.4346 m  std=0.0109 m  min=0.4140 m  max=0.4620 m

  ── [STAGE 8c] Projection Steps ──
    [Step 1] Full-sensor pixel coords (before crop subtraction):
      u_sensor  min=240.0  max=382.0  mean=314.3
      v_sensor  min=133.0  max=354.0  mean=237.4
    [OK] Sensor-space OOB: u=0.0%  v=0.0%
    [Step 2] After crop subtraction (crop_left=0, crop_top=0):
      u_cropped min=240.0  max=382.0  mean=314.3
      v_cropped min=133.0  max=354.0  mean=237.4
    [Step 2 Check] Cropped coords outside canvas: u<0=0.0%  u>W=0.0%  v<0=0.0%  v>H=0.0%
    [Step 3] After scale to canvas (scale_x=1.0000, scale_y=1.0000):
      u  min=240  max=382  mean=314.3
      v  min=133  max=354  mean=237.4
      Canvas target size : 510W x 720H px

  ── [STAGE 8d] Expected mask centroid on canvas ──
      Projected centroid : u=314.3 px  v=237.4 px
      Canvas centre      : u=255.0 px  v=360.0 px
      Offset from centre : Δu=59.3 px  Δv=-122.6 px

  ── [STAGE 8e] Bounds Filter ──
    Total projected points : 15,794
    Inside canvas bounds   : 15,794  (100.0%)
    Duplicate pixel hits    : 0
  [INFO] Density non-zero pixels: 15,794
  [INFO] Density peak count     : 1
  [INFO] Raw mask white pixels before morphology: 15,794
  [INFO] White pixels after close: 19,034
  [INFO] Morphological open skipped for tip-loss debugging.
  [INFO] White pixels after open (skipped): 19,034

  ── [STAGE 8f] Final Mask Stats ──
    Bounding box : 142W x 221H px
    Mask centroid: (311.0, 243.5) px
    White pixels : 19,034
  masking.py run ended: 2026-06-13 20:06:22.983099
