
================================================================================
  masking.py run started: 2026-06-13 20:00:43.712033
================================================================================

━━━ [STAGE 1] Loading Point Cloud Array
  [INFO] Total raw points loaded: 366,401

━━━ [STAGE 2] Statistical Outlier Demolition
  [INFO] Points surviving outlier filter: 355,738

━━━ [STAGE 3] Live Plane Surface Isolation (RANSAC)
  [INFO] Original RANSAC: a=0.0147, b=-0.0531, c=0.9985, d=-0.4790
  [INFO] Normal vector pointing down. Flipping coefficients up toward lens.
  [INFO] Points isolated on belt plane: 345,287
  [INFO] Non-plane points going to workspace filter: 10,451

━━━ [STAGE 5] Direction-Enforced Spatial Pre-Filtering
  [INFO] Height gate window : 1.50mm to 500.00mm
  [INFO] Dist-from-plane mm : min=-14.838 mean=25.516 median=23.183 max=51.464
  [INFO] Rejected by lower gate: 25 / 10,451
  [INFO] Rejected by upper gate: 0 / 10,451
  [DEBUG] Points passing directional spatial filters: 10,426

━━━ [STAGE 6] Spatial Structural Isolation Clustering (DBSCAN)
  [INFO] DBSCAN discovered 1 distinct point groups.

━━━ [STAGE 7] Multi-Gate Geometric Evaluation
  Cluster #00 -> Pts: 10426 | Dims(mm): X=120.6, Y=129.5, Z= 41.0 | VolRatio: 0.316 | Gates: [G1-4=1 G5_Size=1 G6_3D=1] -> PASSED
  [INFO] Winning Cluster selected: ID #0 (Score=0.7949)
  [INFO] Winning cluster point count: 10,426

━━━ [STAGE 8] Projection — Sensor Space → Cropped Canvas

  ── [STAGE 8a] Coordinate System Parameters ──
    Intrinsics    : fx=750.148  fy=749.790  cx=386.179  cy=366.086
    Crop offsets  : left=0 px  top=0 px
    Depth sensor  : 510W x 720H px
    RGB canvas    : 510W x 720H px
    Scale factors : scale_x=1.000000  scale_y=1.000000

  ── [STAGE 8b] 3-D Cluster Bounding Box (world space) ──
    X range : -0.1293 m  →  -0.0087 m  (span 120.6 mm)
    Y range : -0.0845 m  →  0.0451 m  (span 129.5 mm)
    Z range : 0.4290 m  →  0.4700 m  (span 41.0 mm)
    Z depth : mean=0.4545 m  std=0.0096 m  min=0.4290 m  max=0.4700 m

  ── [STAGE 8c] Projection Steps ──
    [Step 1] Full-sensor pixel coords (before crop subtraction):
      u_sensor  min=178.0  max=372.0  mean=283.5
      v_sensor  min=229.0  max=438.0  mean=349.0
    [OK] Sensor-space OOB: u=0.0%  v=0.0%
    [Step 2] After crop subtraction (crop_left=0, crop_top=0):
      u_cropped min=178.0  max=372.0  mean=283.5
      v_cropped min=229.0  max=438.0  mean=349.0
    [Step 2 Check] Cropped coords outside canvas: u<0=0.0%  u>W=0.0%  v<0=0.0%  v>H=0.0%
    [Step 3] After scale to canvas (scale_x=1.0000, scale_y=1.0000):
      u  min=178  max=372  mean=283.5
      v  min=229  max=438  mean=349.0
      Canvas target size : 510W x 720H px

  ── [STAGE 8d] Expected mask centroid on canvas ──
      Projected centroid : u=283.5 px  v=349.0 px
      Canvas centre      : u=255.0 px  v=360.0 px
      Offset from centre : Δu=28.5 px  Δv=-11.0 px

  ── [STAGE 8e] Bounds Filter ──
    Total projected points : 10,426
    Inside canvas bounds   : 10,426  (100.0%)
    Duplicate pixel hits    : 0
  [INFO] Density non-zero pixels: 10,426
  [INFO] Density peak count     : 1
  [INFO] Raw mask white pixels before morphology: 10,426
  [INFO] White pixels after close: 12,136
  [INFO] Morphological open skipped for tip-loss debugging.
  [INFO] White pixels after open (skipped): 12,136

  ── [STAGE 8f] Final Mask Stats ──
    Bounding box : 194W x 209H px
    Mask centroid: (275.0, 333.5) px
    White pixels : 12,136
  masking.py run ended: 2026-06-13 20:00:45.470918
