
================================================================================
  masking.py run started: 2026-06-13 19:53:07.240863
================================================================================

━━━ [STAGE 1] Loading Point Cloud Array
  [INFO] Total raw points loaded: 365,428

━━━ [STAGE 2] Statistical Outlier Demolition
  [INFO] Points surviving outlier filter: 355,053

━━━ [STAGE 3] Live Plane Surface Isolation (RANSAC)
  [INFO] Original RANSAC: a=0.0143, b=-0.1195, c=0.9927, d=-0.4713
  [INFO] Normal vector pointing down. Flipping coefficients up toward lens.
  [INFO] Points isolated on belt plane: 339,169
  [INFO] Non-plane points going to workspace filter: 15,884

━━━ [STAGE 5] Direction-Enforced Spatial Pre-Filtering
  [INFO] Height gate window : 1.50mm to 500.00mm
  [INFO] Dist-from-plane mm : min=15.035 mean=37.058 median=38.234 max=69.084
  [INFO] Rejected by lower gate: 0 / 15,884
  [INFO] Rejected by upper gate: 0 / 15,884
  [DEBUG] Points passing directional spatial filters: 15,884

━━━ [STAGE 6] Spatial Structural Isolation Clustering (DBSCAN)
  [INFO] DBSCAN discovered 1 distinct point groups.

━━━ [STAGE 7] Multi-Gate Geometric Evaluation
  Cluster #00 -> Pts: 15878 | Dims(mm): X=107.7, Y=131.8, Z= 59.0 | VolRatio: 0.448 | Gates: [G1-4=1 G5_Size=1 G6_3D=1] -> PASSED
  [INFO] Winning Cluster selected: ID #0 (Score=0.8343)
  [INFO] Winning cluster point count: 15,878

━━━ [STAGE 8] Projection — Sensor Space → Cropped Canvas

  ── [STAGE 8a] Coordinate System Parameters ──
    Intrinsics    : fx=750.148  fy=749.790  cx=386.179  cy=366.086
    Crop offsets  : left=0 px  top=0 px
    Depth sensor  : 510W x 720H px
    RGB canvas    : 510W x 720H px
    Scale factors : scale_x=1.000000  scale_y=1.000000

  ── [STAGE 8b] 3-D Cluster Bounding Box (world space) ──
    X range : -0.0682 m  →  0.0395 m  (span 107.7 mm)
    Y range : 0.0417 m  →  0.1735 m  (span 131.8 mm)
    Z range : 0.4180 m  →  0.4770 m  (span 59.0 mm)
    Z depth : mean=0.4508 m  std=0.0146 m  min=0.4180 m  max=0.4770 m

  ── [STAGE 8c] Projection Steps ──
    [Step 1] Full-sensor pixel coords (before crop subtraction):
      u_sensor  min=279.0  max=449.0  mean=354.2
      v_sensor  min=437.0  max=653.0  mean=546.3
    [OK] Sensor-space OOB: u=0.0%  v=0.0%
    [Step 2] After crop subtraction (crop_left=0, crop_top=0):
      u_cropped min=279.0  max=449.0  mean=354.2
      v_cropped min=437.0  max=653.0  mean=546.3
    [Step 2 Check] Cropped coords outside canvas: u<0=0.0%  u>W=0.0%  v<0=0.0%  v>H=0.0%
    [Step 3] After scale to canvas (scale_x=1.0000, scale_y=1.0000):
      u  min=279  max=449  mean=354.2
      v  min=437  max=653  mean=546.3
      Canvas target size : 510W x 720H px

  ── [STAGE 8d] Expected mask centroid on canvas ──
      Projected centroid : u=354.2 px  v=546.3 px
      Canvas centre      : u=255.0 px  v=360.0 px
      Offset from centre : Δu=99.2 px  Δv=186.3 px

  ── [STAGE 8e] Bounds Filter ──
    Total projected points : 15,878
    Inside canvas bounds   : 15,878  (100.0%)
    Duplicate pixel hits    : 0
  [INFO] Density non-zero pixels: 15,878
  [INFO] Density peak count     : 1
  [INFO] Raw mask white pixels before morphology: 15,878
  [INFO] White pixels after close: 18,775
  [INFO] Morphological open skipped for tip-loss debugging.
  [INFO] White pixels after open (skipped): 18,775

  ── [STAGE 8f] Final Mask Stats ──
    Bounding box : 170W x 216H px
    Mask centroid: (364.0, 545.0) px
    White pixels : 18,775
  masking.py run ended: 2026-06-13 19:53:09.198500
