
================================================================================
  masking.py run started: 2026-06-13 19:48:15.862909
================================================================================

━━━ [STAGE 1] Loading Point Cloud Array
  [INFO] Total raw points loaded: 366,392

━━━ [STAGE 2] Statistical Outlier Demolition
  [INFO] Points surviving outlier filter: 356,026

━━━ [STAGE 3] Live Plane Surface Isolation (RANSAC)
  [INFO] Original RANSAC: a=0.0188, b=-0.0481, c=0.9987, d=-0.4776
  [INFO] Normal vector pointing down. Flipping coefficients up toward lens.
  [INFO] Points isolated on belt plane: 344,789
  [INFO] Non-plane points going to workspace filter: 11,237

━━━ [STAGE 5] Direction-Enforced Spatial Pre-Filtering
  [INFO] Height gate window : 1.50mm to 500.00mm
  [INFO] Dist-from-plane mm : min=-5.347 mean=26.144 median=25.574 max=58.296
  [INFO] Rejected by lower gate: 150 / 11,237
  [INFO] Rejected by upper gate: 0 / 11,237
  [DEBUG] Points passing directional spatial filters: 11,087

━━━ [STAGE 6] Spatial Structural Isolation Clustering (DBSCAN)
  [INFO] DBSCAN discovered 2 distinct point groups.

━━━ [STAGE 7] Multi-Gate Geometric Evaluation
  Cluster #00 -> Pts: 10015 | Dims(mm): X=158.1, Y=269.7, Z= 31.0 | VolRatio: 0.115 | Gates: [G1-4=1 G5_Size=1 G6_3D=0] -> REJECTED
  Cluster #01 -> Pts: 1072  | Dims(mm): X= 19.5, Y= 24.2, Z= 44.0 | VolRatio: 0.443 | Gates: [G1-4=1 G5_Size=1 G6_3D=1] -> PASSED
  [INFO] Winning Cluster selected: ID #1 (Score=0.3865)
  [INFO] Winning cluster point count: 1,072

━━━ [STAGE 8] Projection — Sensor Space → Cropped Canvas

  ── [STAGE 8a] Coordinate System Parameters ──
    Intrinsics    : fx=750.148  fy=749.790  cx=386.179  cy=366.086
    Crop offsets  : left=0 px  top=0 px
    Depth sensor  : 510W x 720H px
    RGB canvas    : 510W x 720H px
    Scale factors : scale_x=1.000000  scale_y=1.000000

  ── [STAGE 8b] 3-D Cluster Bounding Box (world space) ──
    X range : -0.1268 m  →  -0.1073 m  (span 19.5 mm)
    Y range : 0.1879 m  →  0.2120 m  (span 24.2 mm)
    Z range : 0.4320 m  →  0.4760 m  (span 44.0 mm)
    Z depth : mean=0.4523 m  std=0.0110 m  min=0.4320 m  max=0.4760 m

  ── [STAGE 8c] Projection Steps ──
    [Step 1] Full-sensor pixel coords (before crop subtraction):
      u_sensor  min=166.0  max=217.0  mean=194.3
      v_sensor  min=662.0  max=718.0  mean=698.1
    [OK] Sensor-space OOB: u=0.0%  v=0.0%
    [Step 2] After crop subtraction (crop_left=0, crop_top=0):
      u_cropped min=166.0  max=217.0  mean=194.3
      v_cropped min=662.0  max=718.0  mean=698.1
    [Step 2 Check] Cropped coords outside canvas: u<0=0.0%  u>W=0.0%  v<0=0.0%  v>H=0.0%
    [Step 3] After scale to canvas (scale_x=1.0000, scale_y=1.0000):
      u  min=166  max=217  mean=194.3
      v  min=662  max=718  mean=698.1
      Canvas target size : 510W x 720H px

  ── [STAGE 8d] Expected mask centroid on canvas ──
      Projected centroid : u=194.3 px  v=698.1 px
      Canvas centre      : u=255.0 px  v=360.0 px
      Offset from centre : Δu=-60.7 px  Δv=338.1 px

  ── [STAGE 8e] Bounds Filter ──
    Total projected points : 1,072
    Inside canvas bounds   : 1,072  (100.0%)
    Duplicate pixel hits    : 0
  [INFO] Density non-zero pixels: 1,072
  [INFO] Density peak count     : 1
  [INFO] Raw mask white pixels before morphology: 1,072
  [INFO] White pixels after close: 1,369
  [INFO] Morphological open skipped for tip-loss debugging.
  [INFO] White pixels after open (skipped): 1,369

  ── [STAGE 8f] Final Mask Stats ──
    Bounding box : 51W x 57H px
    Mask centroid: (191.5, 690.5) px
    White pixels : 1,369
  masking.py run ended: 2026-06-13 19:48:18.090256
