
================================================================================
  masking.py run started: 2026-06-13 20:06:53.455768
================================================================================

━━━ [STAGE 1] Loading Point Cloud Array
  [INFO] Total raw points loaded: 365,709

━━━ [STAGE 2] Statistical Outlier Demolition
  [INFO] Points surviving outlier filter: 353,367

━━━ [STAGE 3] Live Plane Surface Isolation (RANSAC)
  [INFO] Original RANSAC: a=0.0130, b=-0.1022, c=0.9947, d=-0.4737
  [INFO] Normal vector pointing down. Flipping coefficients up toward lens.
  [INFO] Points isolated on belt plane: 340,253
  [INFO] Non-plane points going to workspace filter: 13,114

━━━ [STAGE 5] Direction-Enforced Spatial Pre-Filtering
  [INFO] Height gate window : 1.50mm to 500.00mm
  [INFO] Dist-from-plane mm : min=11.647 mean=21.738 median=21.156 max=53.519
  [INFO] Rejected by lower gate: 0 / 13,114
  [INFO] Rejected by upper gate: 0 / 13,114
  [DEBUG] Points passing directional spatial filters: 13,114

━━━ [STAGE 6] Spatial Structural Isolation Clustering (DBSCAN)
  [INFO] DBSCAN discovered 1 distinct point groups.

━━━ [STAGE 7] Multi-Gate Geometric Evaluation
  Cluster #00 -> Pts: 13114 | Dims(mm): X=131.1, Y=255.1, Z= 51.0 | VolRatio: 0.200 | Gates: [G1-4=1 G5_Size=1 G6_3D=1] -> PASSED
  [INFO] Winning Cluster selected: ID #0 (Score=0.7600)
  [INFO] Winning cluster point count: 13,114

━━━ [STAGE 8] Projection — Sensor Space → Cropped Canvas

  ── [STAGE 8a] Coordinate System Parameters ──
    Intrinsics    : fx=750.148  fy=749.790  cx=386.179  cy=366.086
    Crop offsets  : left=0 px  top=0 px
    Depth sensor  : 510W x 720H px
    RGB canvas    : 510W x 720H px
    Scale factors : scale_x=1.000000  scale_y=1.000000

  ── [STAGE 8b] 3-D Cluster Bounding Box (world space) ──
    X range : -0.1548 m  →  -0.0238 m  (span 131.1 mm)
    Y range : -0.1330 m  →  0.1221 m  (span 255.1 mm)
    Z range : 0.4260 m  →  0.4770 m  (span 51.0 mm)
    Z depth : mean=0.4541 m  std=0.0080 m  min=0.4260 m  max=0.4770 m

  ── [STAGE 8c] Projection Steps ──
    [Step 1] Full-sensor pixel coords (before crop subtraction):
      u_sensor  min=132.0  max=347.0  mean=235.1
      v_sensor  min=145.0  max=558.0  mean=341.0
    [OK] Sensor-space OOB: u=0.0%  v=0.0%
    [Step 2] After crop subtraction (crop_left=0, crop_top=0):
      u_cropped min=132.0  max=347.0  mean=235.1
      v_cropped min=145.0  max=558.0  mean=341.0
    [Step 2 Check] Cropped coords outside canvas: u<0=0.0%  u>W=0.0%  v<0=0.0%  v>H=0.0%
    [Step 3] After scale to canvas (scale_x=1.0000, scale_y=1.0000):
      u  min=132  max=347  mean=235.1
      v  min=145  max=558  mean=341.0
      Canvas target size : 510W x 720H px

  ── [STAGE 8d] Expected mask centroid on canvas ──
      Projected centroid : u=235.1 px  v=341.0 px
      Canvas centre      : u=255.0 px  v=360.0 px
      Offset from centre : Δu=-19.9 px  Δv=-19.0 px

  ── [STAGE 8e] Bounds Filter ──
    Total projected points : 13,114
    Inside canvas bounds   : 13,114  (100.0%)
    Duplicate pixel hits    : 0
  [INFO] Density non-zero pixels: 13,114
  [INFO] Density peak count     : 1
  [INFO] Raw mask white pixels before morphology: 13,114
  [INFO] White pixels after close: 15,396
  [INFO] Morphological open skipped for tip-loss debugging.
  [INFO] White pixels after open (skipped): 15,396

  ── [STAGE 8f] Final Mask Stats ──
    Bounding box : 215W x 413H px
    Mask centroid: (239.5, 351.5) px
    White pixels : 15,396
  masking.py run ended: 2026-06-13 20:06:55.200428
