
================================================================================
  masking.py run started: 2026-06-13 19:48:09.219853
================================================================================

━━━ [STAGE 1] Loading Point Cloud Array
  [INFO] Total raw points loaded: 366,399

━━━ [STAGE 2] Statistical Outlier Demolition
  [INFO] Points surviving outlier filter: 355,824

━━━ [STAGE 3] Live Plane Surface Isolation (RANSAC)
  [INFO] Original RANSAC: a=0.0163, b=-0.0497, c=0.9986, d=-0.4780
  [INFO] Normal vector pointing down. Flipping coefficients up toward lens.
  [INFO] Points isolated on belt plane: 336,431
  [INFO] Non-plane points going to workspace filter: 19,393

━━━ [STAGE 5] Direction-Enforced Spatial Pre-Filtering
  [INFO] Height gate window : 1.50mm to 500.00mm
  [INFO] Dist-from-plane mm : min=3.781 mean=26.961 median=25.209 max=54.553
  [INFO] Rejected by lower gate: 0 / 19,393
  [INFO] Rejected by upper gate: 0 / 19,393
  [DEBUG] Points passing directional spatial filters: 19,393

━━━ [STAGE 6] Spatial Structural Isolation Clustering (DBSCAN)
  [INFO] DBSCAN discovered 6 distinct point groups.

━━━ [STAGE 7] Multi-Gate Geometric Evaluation
  Cluster #00 -> Pts: 90    | Dims(mm): X= 23.5, Y= 27.1, Z=  3.0 | VolRatio: 0.111 | Gates: [G1-4=1 G5_Size=1 G6_3D=0] -> REJECTED
  Cluster #01 -> Pts: 19131 | Dims(mm): X= 91.4, Y=387.9, Z= 60.0 | VolRatio: 0.155 | Gates: [G1-4=1 G5_Size=1 G6_3D=1] -> PASSED
  Cluster #02 -> Pts: 12    | Dims(mm): X=  4.9, Y= 11.1, Z= 11.0 | VolRatio: 0.442 | Gates: [G1-4=0 G5_Size=0 G6_3D=1] -> REJECTED
  Cluster #03 -> Pts: 15    | Dims(mm): X=  1.3, Y=  2.5, Z=  0.0 | VolRatio: 0.000 | Gates: [G1-4=0 G5_Size=0 G6_3D=0] -> REJECTED
  Cluster #04 -> Pts: 15    | Dims(mm): X=  1.3, Y=  3.2, Z=  0.0 | VolRatio: 0.000 | Gates: [G1-4=0 G5_Size=0 G6_3D=0] -> REJECTED
  Cluster #05 -> Pts: 127   | Dims(mm): X= 18.0, Y= 23.1, Z=  3.0 | VolRatio: 0.130 | Gates: [G1-4=1 G5_Size=1 G6_3D=0] -> REJECTED
  [INFO] Winning Cluster selected: ID #1 (Score=0.7464)
  [INFO] Winning cluster point count: 19,131

━━━ [STAGE 8] Projection — Sensor Space → Cropped Canvas

  ── [STAGE 8a] Coordinate System Parameters ──
    Intrinsics    : fx=750.148  fy=749.790  cx=386.179  cy=366.086
    Crop offsets  : left=0 px  top=0 px
    Depth sensor  : 510W x 720H px
    RGB canvas    : 510W x 720H px
    Scale factors : scale_x=1.000000  scale_y=1.000000

  ── [STAGE 8b] 3-D Cluster Bounding Box (world space) ──
    X range : -0.0688 m  →  0.0226 m  (span 91.4 mm)
    Y range : -0.1640 m  →  0.2239 m  (span 387.9 mm)
    Z range : 0.4170 m  →  0.4770 m  (span 60.0 mm)
    Z depth : mean=0.4521 m  std=0.0133 m  min=0.4170 m  max=0.4770 m

  ── [STAGE 8c] Projection Steps ──
    [Step 1] Full-sensor pixel coords (before crop subtraction):
      u_sensor  min=278.0  max=424.0  mean=368.4
      v_sensor  min=76.0  max=718.0  mean=378.8
    [OK] Sensor-space OOB: u=0.0%  v=0.0%
    [Step 2] After crop subtraction (crop_left=0, crop_top=0):
      u_cropped min=278.0  max=424.0  mean=368.4
      v_cropped min=76.0  max=718.0  mean=378.8
    [Step 2 Check] Cropped coords outside canvas: u<0=0.0%  u>W=0.0%  v<0=0.0%  v>H=0.0%
    [Step 3] After scale to canvas (scale_x=1.0000, scale_y=1.0000):
      u  min=278  max=424  mean=368.4
      v  min=76  max=718  mean=378.8
      Canvas target size : 510W x 720H px

  ── [STAGE 8d] Expected mask centroid on canvas ──
      Projected centroid : u=368.4 px  v=378.8 px
      Canvas centre      : u=255.0 px  v=360.0 px
      Offset from centre : Δu=113.4 px  Δv=18.8 px

  ── [STAGE 8e] Bounds Filter ──
    Total projected points : 19,131
    Inside canvas bounds   : 19,131  (100.0%)
    Duplicate pixel hits    : 0
  [INFO] Density non-zero pixels: 19,131
  [INFO] Density peak count     : 1
  [INFO] Raw mask white pixels before morphology: 19,131
  [INFO] White pixels after close: 20,561
  [INFO] Morphological open skipped for tip-loss debugging.
  [INFO] White pixels after open (skipped): 20,561

  ── [STAGE 8f] Final Mask Stats ──
    Bounding box : 146W x 643H px
    Mask centroid: (351.0, 397.5) px
    White pixels : 20,561
  masking.py run ended: 2026-06-13 19:48:11.776324
