
================================================================================
  masking.py run started: 2026-06-13 19:49:19.852187
================================================================================

━━━ [STAGE 1] Loading Point Cloud Array
  [INFO] Total raw points loaded: 366,400

━━━ [STAGE 2] Statistical Outlier Demolition
  [INFO] Points surviving outlier filter: 356,128

━━━ [STAGE 3] Live Plane Surface Isolation (RANSAC)
  [INFO] Original RANSAC: a=0.0150, b=-0.0506, c=0.9986, d=-0.4784
  [INFO] Normal vector pointing down. Flipping coefficients up toward lens.
  [INFO] Points isolated on belt plane: 348,990
  [INFO] Non-plane points going to workspace filter: 7,138

━━━ [STAGE 5] Direction-Enforced Spatial Pre-Filtering
  [INFO] Height gate window : 1.50mm to 500.00mm
  [INFO] Dist-from-plane mm : min=14.402 mean=34.273 median=34.780 max=49.839
  [INFO] Rejected by lower gate: 0 / 7,138
  [INFO] Rejected by upper gate: 0 / 7,138
  [DEBUG] Points passing directional spatial filters: 7,138

━━━ [STAGE 6] Spatial Structural Isolation Clustering (DBSCAN)
  [INFO] DBSCAN discovered 1 distinct point groups.

━━━ [STAGE 7] Multi-Gate Geometric Evaluation
  Cluster #00 -> Pts: 7138  | Dims(mm): X= 80.9, Y= 68.7, Z= 35.0 | VolRatio: 0.433 | Gates: [G1-4=1 G5_Size=1 G6_3D=1] -> PASSED
  [INFO] Winning Cluster selected: ID #0 (Score=0.6868)
  [INFO] Winning cluster point count: 7,138

━━━ [STAGE 8] Projection — Sensor Space → Cropped Canvas

  ── [STAGE 8a] Coordinate System Parameters ──
    Intrinsics    : fx=750.148  fy=749.790  cx=386.179  cy=366.086
    Crop offsets  : left=0 px  top=0 px
    Depth sensor  : 510W x 720H px
    RGB canvas    : 510W x 720H px
    Scale factors : scale_x=1.000000  scale_y=1.000000

  ── [STAGE 8b] 3-D Cluster Bounding Box (world space) ──
    X range : -0.0249 m  →  0.0559 m  (span 80.9 mm)
    Y range : -0.2180 m  →  -0.1493 m  (span 68.7 mm)
    Z range : 0.4210 m  →  0.4560 m  (span 35.0 mm)
    Z depth : mean=0.4354 m  std=0.0091 m  min=0.4210 m  max=0.4560 m

  ── [STAGE 8c] Projection Steps ──
    [Step 1] Full-sensor pixel coords (before crop subtraction):
      u_sensor  min=343.0  max=479.0  mean=413.2
      v_sensor  min=0.0  max=120.0  mean=57.7
    [OK] Sensor-space OOB: u=0.0%  v=0.0%
    [Step 2] After crop subtraction (crop_left=0, crop_top=0):
      u_cropped min=343.0  max=479.0  mean=413.2
      v_cropped min=0.0  max=120.0  mean=57.7
    [Step 2 Check] Cropped coords outside canvas: u<0=0.0%  u>W=0.0%  v<0=0.0%  v>H=0.0%
    [Step 3] After scale to canvas (scale_x=1.0000, scale_y=1.0000):
      u  min=343  max=479  mean=413.2
      v  min=0  max=120  mean=57.7
      Canvas target size : 510W x 720H px

  ── [STAGE 8d] Expected mask centroid on canvas ──
      Projected centroid : u=413.2 px  v=57.7 px
      Canvas centre      : u=255.0 px  v=360.0 px
      Offset from centre : Δu=158.2 px  Δv=-302.3 px

  ── [STAGE 8e] Bounds Filter ──
    Total projected points : 7,138
    Inside canvas bounds   : 7,138  (100.0%)
    Duplicate pixel hits    : 0
  [INFO] Density non-zero pixels: 7,138
  [INFO] Density peak count     : 1
  [INFO] Raw mask white pixels before morphology: 7,138
  [INFO] White pixels after close: 8,468
  [INFO] Morphological open skipped for tip-loss debugging.
  [INFO] White pixels after open (skipped): 8,468

  ── [STAGE 8f] Final Mask Stats ──
    Bounding box : 136W x 120H px
    Mask centroid: (411.0, 60.0) px
    White pixels : 8,468
  masking.py run ended: 2026-06-13 19:49:21.429059
