
================================================================================
  masking.py run started: 2026-06-13 20:00:42.320350
================================================================================

━━━ [STAGE 1] Loading Point Cloud Array
  [INFO] Total raw points loaded: 366,380

━━━ [STAGE 2] Statistical Outlier Demolition
  [INFO] Points surviving outlier filter: 356,678

━━━ [STAGE 3] Live Plane Surface Isolation (RANSAC)
  [INFO] Original RANSAC: a=0.0140, b=-0.0524, c=0.9985, d=-0.4789
  [INFO] Normal vector pointing down. Flipping coefficients up toward lens.
  [INFO] Points isolated on belt plane: 351,742
  [INFO] Non-plane points going to workspace filter: 4,936

━━━ [STAGE 5] Direction-Enforced Spatial Pre-Filtering
  [INFO] Height gate window : 1.50mm to 500.00mm
  [INFO] Dist-from-plane mm : min=12.587 mean=39.318 median=38.556 max=70.332
  [INFO] Rejected by lower gate: 0 / 4,936
  [INFO] Rejected by upper gate: 0 / 4,936
  [DEBUG] Points passing directional spatial filters: 4,936

━━━ [STAGE 6] Spatial Structural Isolation Clustering (DBSCAN)
  [INFO] DBSCAN discovered 2 distinct point groups.

━━━ [STAGE 7] Multi-Gate Geometric Evaluation
  Cluster #00 -> Pts: 456   | Dims(mm): X= 22.4, Y= 16.6, Z=  3.0 | VolRatio: 0.134 | Gates: [G1-4=1 G5_Size=1 G6_3D=0] -> REJECTED
  Cluster #01 -> Pts: 4480  | Dims(mm): X= 63.9, Y= 70.6, Z= 56.0 | VolRatio: 0.794 | Gates: [G1-4=1 G5_Size=1 G6_3D=1] -> PASSED
  [INFO] Winning Cluster selected: ID #1 (Score=0.6621)
  [INFO] Winning cluster point count: 4,480

━━━ [STAGE 8] Projection — Sensor Space → Cropped Canvas

  ── [STAGE 8a] Coordinate System Parameters ──
    Intrinsics    : fx=750.148  fy=749.790  cx=386.179  cy=366.086
    Crop offsets  : left=0 px  top=0 px
    Depth sensor  : 510W x 720H px
    RGB canvas    : 510W x 720H px
    Scale factors : scale_x=1.000000  scale_y=1.000000

  ── [STAGE 8b] 3-D Cluster Bounding Box (world space) ──
    X range : -0.0876 m  →  -0.0238 m  (span 63.9 mm)
    Y range : -0.0038 m  →  0.0668 m  (span 70.6 mm)
    Z range : 0.4130 m  →  0.4690 m  (span 56.0 mm)
    Z depth : mean=0.4405 m  std=0.0179 m  min=0.4130 m  max=0.4690 m

  ── [STAGE 8c] Projection Steps ──
    [Step 1] Full-sensor pixel coords (before crop subtraction):
      u_sensor  min=246.0  max=348.0  mean=306.9
      v_sensor  min=360.0  max=485.0  mean=438.7
    [OK] Sensor-space OOB: u=0.0%  v=0.0%
    [Step 2] After crop subtraction (crop_left=0, crop_top=0):
      u_cropped min=246.0  max=348.0  mean=306.9
      v_cropped min=360.0  max=485.0  mean=438.7
    [Step 2 Check] Cropped coords outside canvas: u<0=0.0%  u>W=0.0%  v<0=0.0%  v>H=0.0%
    [Step 3] After scale to canvas (scale_x=1.0000, scale_y=1.0000):
      u  min=246  max=348  mean=306.9
      v  min=360  max=485  mean=438.7
      Canvas target size : 510W x 720H px

  ── [STAGE 8d] Expected mask centroid on canvas ──
      Projected centroid : u=306.9 px  v=438.7 px
      Canvas centre      : u=255.0 px  v=360.0 px
      Offset from centre : Δu=51.9 px  Δv=78.7 px

  ── [STAGE 8e] Bounds Filter ──
    Total projected points : 4,480
    Inside canvas bounds   : 4,480  (100.0%)
    Duplicate pixel hits    : 0
  [INFO] Density non-zero pixels: 4,480
  [INFO] Density peak count     : 1
  [INFO] Raw mask white pixels before morphology: 4,480
  [INFO] White pixels after close: 5,963
  [INFO] Morphological open skipped for tip-loss debugging.
  [INFO] White pixels after open (skipped): 5,963

  ── [STAGE 8f] Final Mask Stats ──
    Bounding box : 102W x 125H px
    Mask centroid: (297.0, 422.5) px
    White pixels : 5,963
  masking.py run ended: 2026-06-13 20:00:43.711188
