
================================================================================
  masking.py run started: 2026-06-13 20:03:45.210743
================================================================================

━━━ [STAGE 1] Loading Point Cloud Array
  [INFO] Total raw points loaded: 365,913

━━━ [STAGE 2] Statistical Outlier Demolition
  [INFO] Points surviving outlier filter: 355,905

━━━ [STAGE 3] Live Plane Surface Isolation (RANSAC)
  [INFO] Original RANSAC: a=0.0135, b=-0.0887, c=0.9960, d=-0.4751
  [INFO] Normal vector pointing down. Flipping coefficients up toward lens.
  [INFO] Points isolated on belt plane: 335,274
  [INFO] Non-plane points going to workspace filter: 20,631

━━━ [STAGE 5] Direction-Enforced Spatial Pre-Filtering
  [INFO] Height gate window : 1.50mm to 500.00mm
  [INFO] Dist-from-plane mm : min=-3.869 mean=46.582 median=47.672 max=64.718
  [INFO] Rejected by lower gate: 52 / 20,631
  [INFO] Rejected by upper gate: 0 / 20,631
  [DEBUG] Points passing directional spatial filters: 20,579

━━━ [STAGE 6] Spatial Structural Isolation Clustering (DBSCAN)
  [INFO] DBSCAN discovered 1 distinct point groups.

━━━ [STAGE 7] Multi-Gate Geometric Evaluation
  Cluster #00 -> Pts: 20579 | Dims(mm): X=105.2, Y=197.6, Z= 57.0 | VolRatio: 0.288 | Gates: [G1-4=1 G5_Size=1 G6_3D=1] -> PASSED
  [INFO] Winning Cluster selected: ID #0 (Score=0.7865)
  [INFO] Winning cluster point count: 20,579

━━━ [STAGE 8] Projection — Sensor Space → Cropped Canvas

  ── [STAGE 8a] Coordinate System Parameters ──
    Intrinsics    : fx=750.148  fy=749.790  cx=386.179  cy=366.086
    Crop offsets  : left=0 px  top=0 px
    Depth sensor  : 510W x 720H px
    RGB canvas    : 510W x 720H px
    Scale factors : scale_x=1.000000  scale_y=1.000000

  ── [STAGE 8b] 3-D Cluster Bounding Box (world space) ──
    X range : -0.1339 m  →  -0.0286 m  (span 105.2 mm)
    Y range : -0.1533 m  →  0.0443 m  (span 197.6 mm)
    Z range : 0.4090 m  →  0.4660 m  (span 57.0 mm)
    Z depth : mean=0.4281 m  std=0.0116 m  min=0.4090 m  max=0.4660 m

  ── [STAGE 8c] Projection Steps ──
    [Step 1] Full-sensor pixel coords (before crop subtraction):
      u_sensor  min=159.0  max=340.0  mean=244.1
      v_sensor  min=109.0  max=442.0  mean=304.9
    [OK] Sensor-space OOB: u=0.0%  v=0.0%
    [Step 2] After crop subtraction (crop_left=0, crop_top=0):
      u_cropped min=159.0  max=340.0  mean=244.1
      v_cropped min=109.0  max=442.0  mean=304.9
    [Step 2 Check] Cropped coords outside canvas: u<0=0.0%  u>W=0.0%  v<0=0.0%  v>H=0.0%
    [Step 3] After scale to canvas (scale_x=1.0000, scale_y=1.0000):
      u  min=159  max=340  mean=244.1
      v  min=109  max=442  mean=304.9
      Canvas target size : 510W x 720H px

  ── [STAGE 8d] Expected mask centroid on canvas ──
      Projected centroid : u=244.1 px  v=304.9 px
      Canvas centre      : u=255.0 px  v=360.0 px
      Offset from centre : Δu=-10.9 px  Δv=-55.1 px

  ── [STAGE 8e] Bounds Filter ──
    Total projected points : 20,579
    Inside canvas bounds   : 20,579  (100.0%)
    Duplicate pixel hits    : 0
  [INFO] Density non-zero pixels: 20,579
  [INFO] Density peak count     : 1
  [INFO] Raw mask white pixels before morphology: 20,579
  [INFO] White pixels after close: 22,478
  [INFO] Morphological open skipped for tip-loss debugging.
  [INFO] White pixels after open (skipped): 22,478

  ── [STAGE 8f] Final Mask Stats ──
    Bounding box : 181W x 333H px
    Mask centroid: (249.5, 275.5) px
    White pixels : 22,478
  masking.py run ended: 2026-06-13 20:03:47.886400
