
================================================================================
  masking.py run started: 2026-06-13 20:02:05.147152
================================================================================

━━━ [STAGE 1] Loading Point Cloud Array
  [INFO] Total raw points loaded: 366,177

━━━ [STAGE 2] Statistical Outlier Demolition
  [INFO] Points surviving outlier filter: 354,707

━━━ [STAGE 3] Live Plane Surface Isolation (RANSAC)
  [INFO] Original RANSAC: a=0.0140, b=-0.0746, c=0.9971, d=-0.4767
  [INFO] Normal vector pointing down. Flipping coefficients up toward lens.
  [INFO] Points isolated on belt plane: 346,099
  [INFO] Non-plane points going to workspace filter: 8,608

━━━ [STAGE 5] Direction-Enforced Spatial Pre-Filtering
  [INFO] Height gate window : 1.50mm to 500.00mm
  [INFO] Dist-from-plane mm : min=12.266 mean=30.986 median=27.096 max=56.275
  [INFO] Rejected by lower gate: 0 / 8,608
  [INFO] Rejected by upper gate: 0 / 8,608
  [DEBUG] Points passing directional spatial filters: 8,608

━━━ [STAGE 6] Spatial Structural Isolation Clustering (DBSCAN)
  [INFO] DBSCAN discovered 1 distinct point groups.

━━━ [STAGE 7] Multi-Gate Geometric Evaluation
  Cluster #00 -> Pts: 8608  | Dims(mm): X=105.4, Y= 77.3, Z= 46.0 | VolRatio: 0.436 | Gates: [G1-4=1 G5_Size=1 G6_3D=1] -> PASSED
  [INFO] Winning Cluster selected: ID #0 (Score=0.7613)
  [INFO] Winning cluster point count: 8,608

━━━ [STAGE 8] Projection — Sensor Space → Cropped Canvas

  ── [STAGE 8a] Coordinate System Parameters ──
    Intrinsics    : fx=750.148  fy=749.790  cx=386.179  cy=366.086
    Crop offsets  : left=0 px  top=0 px
    Depth sensor  : 510W x 720H px
    RGB canvas    : 510W x 720H px
    Scale factors : scale_x=1.000000  scale_y=1.000000

  ── [STAGE 8b] 3-D Cluster Bounding Box (world space) ──
    X range : -0.0502 m  →  0.0552 m  (span 105.4 mm)
    Y range : -0.0613 m  →  0.0160 m  (span 77.3 mm)
    Z range : 0.4200 m  →  0.4660 m  (span 46.0 mm)
    Z depth : mean=0.4455 m  std=0.0123 m  min=0.4200 m  max=0.4660 m

  ── [STAGE 8c] Projection Steps ──
    [Step 1] Full-sensor pixel coords (before crop subtraction):
      u_sensor  min=305.0  max=476.0  mean=396.7
      v_sensor  min=265.0  max=392.0  mean=334.2
    [OK] Sensor-space OOB: u=0.0%  v=0.0%
    [Step 2] After crop subtraction (crop_left=0, crop_top=0):
      u_cropped min=305.0  max=476.0  mean=396.7
      v_cropped min=265.0  max=392.0  mean=334.2
    [Step 2 Check] Cropped coords outside canvas: u<0=0.0%  u>W=0.0%  v<0=0.0%  v>H=0.0%
    [Step 3] After scale to canvas (scale_x=1.0000, scale_y=1.0000):
      u  min=305  max=476  mean=396.7
      v  min=265  max=392  mean=334.2
      Canvas target size : 510W x 720H px

  ── [STAGE 8d] Expected mask centroid on canvas ──
      Projected centroid : u=396.7 px  v=334.2 px
      Canvas centre      : u=255.0 px  v=360.0 px
      Offset from centre : Δu=141.7 px  Δv=-25.8 px

  ── [STAGE 8e] Bounds Filter ──
    Total projected points : 8,608
    Inside canvas bounds   : 8,608  (100.0%)
    Duplicate pixel hits    : 0
  [INFO] Density non-zero pixels: 8,608
  [INFO] Density peak count     : 1
  [INFO] Raw mask white pixels before morphology: 8,608
  [INFO] White pixels after close: 10,771
  [INFO] Morphological open skipped for tip-loss debugging.
  [INFO] White pixels after open (skipped): 10,771

  ── [STAGE 8f] Final Mask Stats ──
    Bounding box : 171W x 127H px
    Mask centroid: (390.5, 328.5) px
    White pixels : 10,771
  masking.py run ended: 2026-06-13 20:02:06.753575
