
================================================================================
  masking.py run started: 2026-06-13 19:55:55.431624
================================================================================

━━━ [STAGE 1] Loading Point Cloud Array
  [INFO] Total raw points loaded: 363,700

━━━ [STAGE 2] Statistical Outlier Demolition
  [INFO] Points surviving outlier filter: 353,896

━━━ [STAGE 3] Live Plane Surface Isolation (RANSAC)
  [INFO] Original RANSAC: a=0.0139, b=-0.1934, c=0.9810, d=-0.4636
  [INFO] Normal vector pointing down. Flipping coefficients up toward lens.
  [INFO] Points isolated on belt plane: 334,834
  [INFO] Non-plane points going to workspace filter: 19,062

━━━ [STAGE 5] Direction-Enforced Spatial Pre-Filtering
  [INFO] Height gate window : 1.50mm to 500.00mm
  [INFO] Dist-from-plane mm : min=6.659 mean=44.671 median=47.670 max=58.964
  [INFO] Rejected by lower gate: 0 / 19,062
  [INFO] Rejected by upper gate: 0 / 19,062
  [DEBUG] Points passing directional spatial filters: 19,062

━━━ [STAGE 6] Spatial Structural Isolation Clustering (DBSCAN)
  [INFO] DBSCAN discovered 2 distinct point groups.

━━━ [STAGE 7] Multi-Gate Geometric Evaluation
  Cluster #00 -> Pts: 18973 | Dims(mm): X=120.0, Y=151.3, Z= 65.0 | VolRatio: 0.430 | Gates: [G1-4=1 G5_Size=1 G6_3D=1] -> PASSED
  Cluster #01 -> Pts: 85    | Dims(mm): X=  4.5, Y= 19.5, Z=  4.0 | VolRatio: 0.205 | Gates: [G1-4=1 G5_Size=0 G6_3D=1] -> REJECTED
  [INFO] Winning Cluster selected: ID #0 (Score=0.8289)
  [INFO] Winning cluster point count: 18,973

━━━ [STAGE 8] Projection — Sensor Space → Cropped Canvas

  ── [STAGE 8a] Coordinate System Parameters ──
    Intrinsics    : fx=750.148  fy=749.790  cx=386.179  cy=366.086
    Crop offsets  : left=0 px  top=0 px
    Depth sensor  : 510W x 720H px
    RGB canvas    : 510W x 720H px
    Scale factors : scale_x=1.000000  scale_y=1.000000

  ── [STAGE 8b] 3-D Cluster Bounding Box (world space) ──
    X range : -0.0999 m  →  0.0201 m  (span 120.0 mm)
    Y range : -0.1410 m  →  0.0104 m  (span 151.3 mm)
    Z range : 0.3940 m  →  0.4590 m  (span 65.0 mm)
    Z depth : mean=0.4126 m  std=0.0137 m  min=0.3940 m  max=0.4590 m

  ── [STAGE 8c] Projection Steps ──
    [Step 1] Full-sensor pixel coords (before crop subtraction):
      u_sensor  min=205.0  max=419.0  mean=293.3
      v_sensor  min=122.0  max=383.0  mean=227.4
    [OK] Sensor-space OOB: u=0.0%  v=0.0%
    [Step 2] After crop subtraction (crop_left=0, crop_top=0):
      u_cropped min=205.0  max=419.0  mean=293.3
      v_cropped min=122.0  max=383.0  mean=227.4
    [Step 2 Check] Cropped coords outside canvas: u<0=0.0%  u>W=0.0%  v<0=0.0%  v>H=0.0%
    [Step 3] After scale to canvas (scale_x=1.0000, scale_y=1.0000):
      u  min=205  max=419  mean=293.3
      v  min=122  max=383  mean=227.4
      Canvas target size : 510W x 720H px

  ── [STAGE 8d] Expected mask centroid on canvas ──
      Projected centroid : u=293.3 px  v=227.4 px
      Canvas centre      : u=255.0 px  v=360.0 px
      Offset from centre : Δu=38.3 px  Δv=-132.6 px

  ── [STAGE 8e] Bounds Filter ──
    Total projected points : 18,973
    Inside canvas bounds   : 18,973  (100.0%)
    Duplicate pixel hits    : 0
  [INFO] Density non-zero pixels: 18,973
  [INFO] Density peak count     : 1
  [INFO] Raw mask white pixels before morphology: 18,973
  [INFO] White pixels after close: 20,116
  [INFO] Morphological open skipped for tip-loss debugging.
  [INFO] White pixels after open (skipped): 20,116

  ── [STAGE 8f] Final Mask Stats ──
    Bounding box : 214W x 261H px
    Mask centroid: (312.0, 252.5) px
    White pixels : 20,116
  masking.py run ended: 2026-06-13 19:55:59.402844
