
================================================================================
  masking.py run started: 2026-06-13 20:02:23.480563
================================================================================

━━━ [STAGE 1] Loading Point Cloud Array
  [INFO] Total raw points loaded: 366,134

━━━ [STAGE 2] Statistical Outlier Demolition
  [INFO] Points surviving outlier filter: 356,825

━━━ [STAGE 3] Live Plane Surface Isolation (RANSAC)
  [INFO] Original RANSAC: a=0.0137, b=-0.0743, c=0.9971, d=-0.4768
  [INFO] Normal vector pointing down. Flipping coefficients up toward lens.
  [INFO] Points isolated on belt plane: 343,081
  [INFO] Non-plane points going to workspace filter: 13,744

━━━ [STAGE 5] Direction-Enforced Spatial Pre-Filtering
  [INFO] Height gate window : 1.50mm to 500.00mm
  [INFO] Dist-from-plane mm : min=12.970 mean=50.282 median=51.992 max=70.510
  [INFO] Rejected by lower gate: 0 / 13,744
  [INFO] Rejected by upper gate: 0 / 13,744
  [DEBUG] Points passing directional spatial filters: 13,744

━━━ [STAGE 6] Spatial Structural Isolation Clustering (DBSCAN)
  [INFO] DBSCAN discovered 4 distinct point groups.

━━━ [STAGE 7] Multi-Gate Geometric Evaluation
  Cluster #00 -> Pts: 13625 | Dims(mm): X=102.9, Y=137.6, Z= 61.0 | VolRatio: 0.443 | Gates: [G1-4=1 G5_Size=1 G6_3D=1] -> PASSED
  Cluster #01 -> Pts: 82    | Dims(mm): X= 10.3, Y=  5.2, Z=  8.0 | VolRatio: 0.503 | Gates: [G1-4=1 G5_Size=0 G6_3D=1] -> REJECTED
  Cluster #02 -> Pts: 27    | Dims(mm): X=  2.8, Y=  2.8, Z=  2.0 | VolRatio: 0.721 | Gates: [G1-4=0 G5_Size=0 G6_3D=1] -> REJECTED
  Cluster #03 -> Pts: 10    | Dims(mm): X=  1.8, Y=  1.2, Z=  1.0 | VolRatio: 0.542 | Gates: [G1-4=0 G5_Size=0 G6_3D=1] -> REJECTED
  [INFO] Winning Cluster selected: ID #0 (Score=0.8330)
  [INFO] Winning cluster point count: 13,625

━━━ [STAGE 8] Projection — Sensor Space → Cropped Canvas

  ── [STAGE 8a] Coordinate System Parameters ──
    Intrinsics    : fx=750.148  fy=749.790  cx=386.179  cy=366.086
    Crop offsets  : left=0 px  top=0 px
    Depth sensor  : 510W x 720H px
    RGB canvas    : 510W x 720H px
    Scale factors : scale_x=1.000000  scale_y=1.000000

  ── [STAGE 8b] 3-D Cluster Bounding Box (world space) ──
    X range : -0.0611 m  →  0.0418 m  (span 102.9 mm)
    Y range : -0.0639 m  →  0.0737 m  (span 137.6 mm)
    Z range : 0.4060 m  →  0.4670 m  (span 61.0 mm)
    Z depth : mean=0.4261 m  std=0.0125 m  min=0.4060 m  max=0.4670 m

  ── [STAGE 8c] Projection Steps ──
    [Step 1] Full-sensor pixel coords (before crop subtraction):
      u_sensor  min=287.0  max=454.0  mean=368.2
      v_sensor  min=256.0  max=486.0  mean=328.7
    [OK] Sensor-space OOB: u=0.0%  v=0.0%
    [Step 2] After crop subtraction (crop_left=0, crop_top=0):
      u_cropped min=287.0  max=454.0  mean=368.2
      v_cropped min=256.0  max=486.0  mean=328.7
    [Step 2 Check] Cropped coords outside canvas: u<0=0.0%  u>W=0.0%  v<0=0.0%  v>H=0.0%
    [Step 3] After scale to canvas (scale_x=1.0000, scale_y=1.0000):
      u  min=287  max=454  mean=368.2
      v  min=256  max=486  mean=328.7
      Canvas target size : 510W x 720H px

  ── [STAGE 8d] Expected mask centroid on canvas ──
      Projected centroid : u=368.2 px  v=328.7 px
      Canvas centre      : u=255.0 px  v=360.0 px
      Offset from centre : Δu=113.2 px  Δv=-31.3 px

  ── [STAGE 8e] Bounds Filter ──
    Total projected points : 13,625
    Inside canvas bounds   : 13,625  (100.0%)
    Duplicate pixel hits    : 0
  [INFO] Density non-zero pixels: 13,625
  [INFO] Density peak count     : 1
  [INFO] Raw mask white pixels before morphology: 13,625
  [INFO] White pixels after close: 15,039
  [INFO] Morphological open skipped for tip-loss debugging.
  [INFO] White pixels after open (skipped): 15,039

  ── [STAGE 8f] Final Mask Stats ──
    Bounding box : 167W x 230H px
    Mask centroid: (370.5, 371.0) px
    White pixels : 15,039
  masking.py run ended: 2026-06-13 20:02:25.821688
