
================================================================================
  masking.py run started: 2026-06-13 19:59:48.588161
================================================================================

━━━ [STAGE 1] Loading Point Cloud Array
  [INFO] Total raw points loaded: 366,455

━━━ [STAGE 2] Statistical Outlier Demolition
  [INFO] Points surviving outlier filter: 357,077

━━━ [STAGE 3] Live Plane Surface Isolation (RANSAC)
  [INFO] Original RANSAC: a=0.0134, b=-0.0498, c=0.9987, d=-0.4797
  [INFO] Normal vector pointing down. Flipping coefficients up toward lens.
  [INFO] Points isolated on belt plane: 342,083
  [INFO] Non-plane points going to workspace filter: 14,994

━━━ [STAGE 5] Direction-Enforced Spatial Pre-Filtering
  [INFO] Height gate window : 1.50mm to 500.00mm
  [INFO] Dist-from-plane mm : min=18.455 mean=46.666 median=48.001 max=55.555
  [INFO] Rejected by lower gate: 0 / 14,994
  [INFO] Rejected by upper gate: 0 / 14,994
  [DEBUG] Points passing directional spatial filters: 14,994

━━━ [STAGE 6] Spatial Structural Isolation Clustering (DBSCAN)
  [INFO] DBSCAN discovered 2 distinct point groups.

━━━ [STAGE 7] Multi-Gate Geometric Evaluation
  Cluster #00 -> Pts: 14972 | Dims(mm): X= 68.3, Y=122.6, Z= 39.0 | VolRatio: 0.318 | Gates: [G1-4=1 G5_Size=1 G6_3D=1] -> PASSED
  Cluster #01 -> Pts: 22    | Dims(mm): X=  2.9, Y=  3.0, Z=  1.0 | VolRatio: 0.332 | Gates: [G1-4=0 G5_Size=0 G6_3D=1] -> REJECTED
  [INFO] Winning Cluster selected: ID #0 (Score=0.7955)
  [INFO] Winning cluster point count: 14,972

━━━ [STAGE 8] Projection — Sensor Space → Cropped Canvas

  ── [STAGE 8a] Coordinate System Parameters ──
    Intrinsics    : fx=750.148  fy=749.790  cx=386.179  cy=366.086
    Crop offsets  : left=0 px  top=0 px
    Depth sensor  : 510W x 720H px
    RGB canvas    : 510W x 720H px
    Scale factors : scale_x=1.000000  scale_y=1.000000

  ── [STAGE 8b] 3-D Cluster Bounding Box (world space) ──
    X range : 0.0034 m  →  0.0717 m  (span 68.3 mm)
    Y range : -0.1963 m  →  -0.0737 m  (span 122.6 mm)
    Z range : 0.4170 m  →  0.4560 m  (span 39.0 mm)
    Z depth : mean=0.4266 m  std=0.0066 m  min=0.4170 m  max=0.4560 m

  ── [STAGE 8c] Projection Steps ──
    [Step 1] Full-sensor pixel coords (before crop subtraction):
      u_sensor  min=392.0  max=509.0  mean=459.1
      v_sensor  min=33.0  max=239.0  mean=140.7
    [OK] Sensor-space OOB: u=0.0%  v=0.0%
    [Step 2] After crop subtraction (crop_left=0, crop_top=0):
      u_cropped min=392.0  max=509.0  mean=459.1
      v_cropped min=33.0  max=239.0  mean=140.7
    [Step 2 Check] Cropped coords outside canvas: u<0=0.0%  u>W=0.0%  v<0=0.0%  v>H=0.0%
    [Step 3] After scale to canvas (scale_x=1.0000, scale_y=1.0000):
      u  min=392  max=509  mean=459.1
      v  min=33  max=239  mean=140.7
      Canvas target size : 510W x 720H px

  ── [STAGE 8d] Expected mask centroid on canvas ──
      Projected centroid : u=459.1 px  v=140.7 px
      Canvas centre      : u=255.0 px  v=360.0 px
      Offset from centre : Δu=204.1 px  Δv=-219.3 px

  ── [STAGE 8e] Bounds Filter ──
    Total projected points : 14,972
    Inside canvas bounds   : 14,972  (100.0%)
    Duplicate pixel hits    : 0
  [INFO] Density non-zero pixels: 14,972
  [INFO] Density peak count     : 1
  [INFO] Raw mask white pixels before morphology: 14,972
  [INFO] White pixels after close: 15,860
  [INFO] Morphological open skipped for tip-loss debugging.
  [INFO] White pixels after open (skipped): 15,860

  ── [STAGE 8f] Final Mask Stats ──
    Bounding box : 117W x 206H px
    Mask centroid: (450.5, 136.0) px
    White pixels : 15,860
  masking.py run ended: 2026-06-13 19:59:51.352864
