
================================================================================
  masking.py run started: 2026-06-13 20:04:19.623417
================================================================================

━━━ [STAGE 1] Loading Point Cloud Array
  [INFO] Total raw points loaded: 365,907

━━━ [STAGE 2] Statistical Outlier Demolition
  [INFO] Points surviving outlier filter: 355,658

━━━ [STAGE 3] Live Plane Surface Isolation (RANSAC)
  [INFO] Original RANSAC: a=0.0143, b=-0.0875, c=0.9961, d=-0.4750
  [INFO] Normal vector pointing down. Flipping coefficients up toward lens.
  [INFO] Points isolated on belt plane: 334,640
  [INFO] Non-plane points going to workspace filter: 21,018

━━━ [STAGE 5] Direction-Enforced Spatial Pre-Filtering
  [INFO] Height gate window : 1.50mm to 500.00mm
  [INFO] Dist-from-plane mm : min=12.604 mean=47.658 median=50.498 max=66.726
  [INFO] Rejected by lower gate: 0 / 21,018
  [INFO] Rejected by upper gate: 0 / 21,018
  [DEBUG] Points passing directional spatial filters: 21,018

━━━ [STAGE 6] Spatial Structural Isolation Clustering (DBSCAN)
  [INFO] DBSCAN discovered 2 distinct point groups.

━━━ [STAGE 7] Multi-Gate Geometric Evaluation
  Cluster #00 -> Pts: 21001 | Dims(mm): X= 84.8, Y=203.4, Z= 63.0 | VolRatio: 0.310 | Gates: [G1-4=1 G5_Size=1 G6_3D=1] -> PASSED
  Cluster #01 -> Pts: 17    | Dims(mm): X=  1.3, Y=  3.7, Z=  1.0 | VolRatio: 0.268 | Gates: [G1-4=0 G5_Size=0 G6_3D=1] -> REJECTED
  [INFO] Winning Cluster selected: ID #0 (Score=0.7929)
  [INFO] Winning cluster point count: 21,001

━━━ [STAGE 8] Projection — Sensor Space → Cropped Canvas

  ── [STAGE 8a] Coordinate System Parameters ──
    Intrinsics    : fx=750.148  fy=749.790  cx=386.179  cy=366.086
    Crop offsets  : left=0 px  top=0 px
    Depth sensor  : 510W x 720H px
    RGB canvas    : 510W x 720H px
    Scale factors : scale_x=1.000000  scale_y=1.000000

  ── [STAGE 8b] 3-D Cluster Bounding Box (world space) ──
    X range : -0.0775 m  →  0.0073 m  (span 84.8 mm)
    Y range : -0.0246 m  →  0.1789 m  (span 203.4 mm)
    Z range : 0.4150 m  →  0.4780 m  (span 63.0 mm)
    Z depth : mean=0.4346 m  std=0.0138 m  min=0.4150 m  max=0.4780 m

  ── [STAGE 8c] Projection Steps ──
    [Step 1] Full-sensor pixel coords (before crop subtraction):
      u_sensor  min=259.0  max=398.0  mean=319.8
      v_sensor  min=324.0  max=649.0  mean=464.1
    [OK] Sensor-space OOB: u=0.0%  v=0.0%
    [Step 2] After crop subtraction (crop_left=0, crop_top=0):
      u_cropped min=259.0  max=398.0  mean=319.8
      v_cropped min=324.0  max=649.0  mean=464.1
    [Step 2 Check] Cropped coords outside canvas: u<0=0.0%  u>W=0.0%  v<0=0.0%  v>H=0.0%
    [Step 3] After scale to canvas (scale_x=1.0000, scale_y=1.0000):
      u  min=259  max=398  mean=319.8
      v  min=324  max=649  mean=464.1
      Canvas target size : 510W x 720H px

  ── [STAGE 8d] Expected mask centroid on canvas ──
      Projected centroid : u=319.8 px  v=464.1 px
      Canvas centre      : u=255.0 px  v=360.0 px
      Offset from centre : Δu=64.8 px  Δv=104.1 px

  ── [STAGE 8e] Bounds Filter ──
    Total projected points : 21,001
    Inside canvas bounds   : 21,001  (100.0%)
    Duplicate pixel hits    : 0
  [INFO] Density non-zero pixels: 21,001
  [INFO] Density peak count     : 1
  [INFO] Raw mask white pixels before morphology: 21,001
  [INFO] White pixels after close: 23,062
  [INFO] Morphological open skipped for tip-loss debugging.
  [INFO] White pixels after open (skipped): 23,062

  ── [STAGE 8f] Final Mask Stats ──
    Bounding box : 139W x 325H px
    Mask centroid: (328.5, 486.5) px
    White pixels : 23,062
  masking.py run ended: 2026-06-13 20:04:22.322319
