
================================================================================
  masking.py run started: 2026-06-13 19:49:11.403639
================================================================================

━━━ [STAGE 1] Loading Point Cloud Array
  [INFO] Total raw points loaded: 366,409

━━━ [STAGE 2] Statistical Outlier Demolition
  [INFO] Points surviving outlier filter: 355,937

━━━ [STAGE 3] Live Plane Surface Isolation (RANSAC)
  [INFO] Original RANSAC: a=0.0154, b=-0.0487, c=0.9987, d=-0.4783
  [INFO] Normal vector pointing down. Flipping coefficients up toward lens.
  [INFO] Points isolated on belt plane: 336,253
  [INFO] Non-plane points going to workspace filter: 19,684

━━━ [STAGE 5] Direction-Enforced Spatial Pre-Filtering
  [INFO] Height gate window : 1.50mm to 500.00mm
  [INFO] Dist-from-plane mm : min=5.579 mean=29.705 median=28.257 max=56.859
  [INFO] Rejected by lower gate: 0 / 19,684
  [INFO] Rejected by upper gate: 0 / 19,684
  [DEBUG] Points passing directional spatial filters: 19,684

━━━ [STAGE 6] Spatial Structural Isolation Clustering (DBSCAN)
  [INFO] DBSCAN discovered 1 distinct point groups.

━━━ [STAGE 7] Multi-Gate Geometric Evaluation
  Cluster #00 -> Pts: 19678 | Dims(mm): X=100.9, Y=124.6, Z= 48.0 | VolRatio: 0.385 | Gates: [G1-4=1 G5_Size=1 G6_3D=1] -> PASSED
  [INFO] Winning Cluster selected: ID #0 (Score=0.8156)
  [INFO] Winning cluster point count: 19,678

━━━ [STAGE 8] Projection — Sensor Space → Cropped Canvas

  ── [STAGE 8a] Coordinate System Parameters ──
    Intrinsics    : fx=750.148  fy=749.790  cx=386.179  cy=366.086
    Crop offsets  : left=0 px  top=0 px
    Depth sensor  : 510W x 720H px
    RGB canvas    : 510W x 720H px
    Scale factors : scale_x=1.000000  scale_y=1.000000

  ── [STAGE 8b] 3-D Cluster Bounding Box (world space) ──
    X range : -0.0662 m  →  0.0347 m  (span 100.9 mm)
    Y range : 0.0108 m  →  0.1353 m  (span 124.6 mm)
    Z range : 0.4230 m  →  0.4710 m  (span 48.0 mm)
    Z depth : mean=0.4532 m  std=0.0089 m  min=0.4230 m  max=0.4710 m

  ── [STAGE 8c] Projection Steps ──
    [Step 1] Full-sensor pixel coords (before crop subtraction):
      u_sensor  min=276.0  max=442.0  mean=349.2
      v_sensor  min=385.0  max=582.0  mean=491.0
    [OK] Sensor-space OOB: u=0.0%  v=0.0%
    [Step 2] After crop subtraction (crop_left=0, crop_top=0):
      u_cropped min=276.0  max=442.0  mean=349.2
      v_cropped min=385.0  max=582.0  mean=491.0
    [Step 2 Check] Cropped coords outside canvas: u<0=0.0%  u>W=0.0%  v<0=0.0%  v>H=0.0%
    [Step 3] After scale to canvas (scale_x=1.0000, scale_y=1.0000):
      u  min=276  max=442  mean=349.2
      v  min=385  max=582  mean=491.0
      Canvas target size : 510W x 720H px

  ── [STAGE 8d] Expected mask centroid on canvas ──
      Projected centroid : u=349.2 px  v=491.0 px
      Canvas centre      : u=255.0 px  v=360.0 px
      Offset from centre : Δu=94.2 px  Δv=131.0 px

  ── [STAGE 8e] Bounds Filter ──
    Total projected points : 19,678
    Inside canvas bounds   : 19,678  (100.0%)
    Duplicate pixel hits    : 0
  [INFO] Density non-zero pixels: 19,678
  [INFO] Density peak count     : 1
  [INFO] Raw mask white pixels before morphology: 19,678
  [INFO] White pixels after close: 21,197
  [INFO] Morphological open skipped for tip-loss debugging.
  [INFO] White pixels after open (skipped): 21,197

  ── [STAGE 8f] Final Mask Stats ──
    Bounding box : 166W x 197H px
    Mask centroid: (359.0, 483.5) px
    White pixels : 21,197
  masking.py run ended: 2026-06-13 19:49:14.697393
