
================================================================================
  masking.py run started: 2026-06-13 20:05:28.393049
================================================================================

━━━ [STAGE 1] Loading Point Cloud Array
  [INFO] Total raw points loaded: 365,733

━━━ [STAGE 2] Statistical Outlier Demolition
  [INFO] Points surviving outlier filter: 358,676

━━━ [STAGE 3] Live Plane Surface Isolation (RANSAC)
  [INFO] Original RANSAC: a=0.0113, b=-0.0985, c=0.9951, d=-0.4740
  [INFO] Normal vector pointing down. Flipping coefficients up toward lens.
  [INFO] Points isolated on belt plane: 323,067
  [INFO] Non-plane points going to workspace filter: 35,609

━━━ [STAGE 5] Direction-Enforced Spatial Pre-Filtering
  [INFO] Height gate window : 1.50mm to 500.00mm
  [INFO] Dist-from-plane mm : min=13.953 mean=66.200 median=69.062 max=84.757
  [INFO] Rejected by lower gate: 0 / 35,609
  [INFO] Rejected by upper gate: 0 / 35,609
  [DEBUG] Points passing directional spatial filters: 35,609

━━━ [STAGE 6] Spatial Structural Isolation Clustering (DBSCAN)
  [INFO] DBSCAN discovered 3 distinct point groups.

━━━ [STAGE 7] Multi-Gate Geometric Evaluation
  Cluster #00 -> Pts: 35577 | Dims(mm): X=118.5, Y=124.0, Z= 69.0 | VolRatio: 0.557 | Gates: [G1-4=1 G5_Size=1 G6_3D=1] -> PASSED
  Cluster #01 -> Pts: 15    | Dims(mm): X=  1.2, Y=  2.4, Z=  0.0 | VolRatio: 0.000 | Gates: [G1-4=0 G5_Size=0 G6_3D=0] -> REJECTED
  Cluster #02 -> Pts: 16    | Dims(mm): X=  2.0, Y=  2.4, Z=  2.0 | VolRatio: 0.816 | Gates: [G1-4=0 G5_Size=0 G6_3D=1] -> REJECTED
  [INFO] Winning Cluster selected: ID #0 (Score=0.8670)
  [INFO] Winning cluster point count: 35,577

━━━ [STAGE 8] Projection — Sensor Space → Cropped Canvas

  ── [STAGE 8a] Coordinate System Parameters ──
    Intrinsics    : fx=750.148  fy=749.790  cx=386.179  cy=366.086
    Crop offsets  : left=0 px  top=0 px
    Depth sensor  : 510W x 720H px
    RGB canvas    : 510W x 720H px
    Scale factors : scale_x=1.000000  scale_y=1.000000

  ── [STAGE 8b] 3-D Cluster Bounding Box (world space) ──
    X range : -0.1941 m  →  -0.0757 m  (span 118.5 mm)
    Y range : -0.1161 m  →  0.0078 m  (span 124.0 mm)
    Z range : 0.3880 m  →  0.4570 m  (span 69.0 mm)
    Z depth : mean=0.4060 m  std=0.0111 m  min=0.3880 m  max=0.4570 m

  ── [STAGE 8c] Projection Steps ──
    [Step 1] Full-sensor pixel coords (before crop subtraction):
      u_sensor  min=31.0  max=256.0  mean=153.5
      v_sensor  min=165.0  max=380.0  mean=267.1
    [OK] Sensor-space OOB: u=0.0%  v=0.0%
    [Step 2] After crop subtraction (crop_left=0, crop_top=0):
      u_cropped min=31.0  max=256.0  mean=153.5
      v_cropped min=165.0  max=380.0  mean=267.1
    [Step 2 Check] Cropped coords outside canvas: u<0=0.0%  u>W=0.0%  v<0=0.0%  v>H=0.0%
    [Step 3] After scale to canvas (scale_x=1.0000, scale_y=1.0000):
      u  min=31  max=256  mean=153.5
      v  min=165  max=380  mean=267.1
      Canvas target size : 510W x 720H px

  ── [STAGE 8d] Expected mask centroid on canvas ──
      Projected centroid : u=153.5 px  v=267.1 px
      Canvas centre      : u=255.0 px  v=360.0 px
      Offset from centre : Δu=-101.5 px  Δv=-92.9 px

  ── [STAGE 8e] Bounds Filter ──
    Total projected points : 35,577
    Inside canvas bounds   : 35,577  (100.0%)
    Duplicate pixel hits    : 0
  [INFO] Density non-zero pixels: 35,577
  [INFO] Density peak count     : 1
  [INFO] Raw mask white pixels before morphology: 35,577
  [INFO] White pixels after close: 36,487
  [INFO] Morphological open skipped for tip-loss debugging.
  [INFO] White pixels after open (skipped): 36,487

  ── [STAGE 8f] Final Mask Stats ──
    Bounding box : 225W x 215H px
    Mask centroid: (143.5, 272.5) px
    White pixels : 36,487
  masking.py run ended: 2026-06-13 20:05:34.337515
