
================================================================================
  masking.py run started: 2026-06-13 19:53:34.722918
================================================================================

━━━ [STAGE 1] Loading Point Cloud Array
  [INFO] Total raw points loaded: 365,034

━━━ [STAGE 2] Statistical Outlier Demolition
  [INFO] Points surviving outlier filter: 356,061

━━━ [STAGE 3] Live Plane Surface Isolation (RANSAC)
  [INFO] Original RANSAC: a=0.0144, b=-0.1401, c=0.9900, d=-0.4692
  [INFO] Normal vector pointing down. Flipping coefficients up toward lens.
  [INFO] Points isolated on belt plane: 344,237
  [INFO] Non-plane points going to workspace filter: 11,824

━━━ [STAGE 5] Direction-Enforced Spatial Pre-Filtering
  [INFO] Height gate window : 1.50mm to 500.00mm
  [INFO] Dist-from-plane mm : min=12.011 mean=29.825 median=28.320 max=60.493
  [INFO] Rejected by lower gate: 0 / 11,824
  [INFO] Rejected by upper gate: 0 / 11,824
  [DEBUG] Points passing directional spatial filters: 11,824

━━━ [STAGE 6] Spatial Structural Isolation Clustering (DBSCAN)
  [INFO] DBSCAN discovered 1 distinct point groups.

━━━ [STAGE 7] Multi-Gate Geometric Evaluation
  Cluster #00 -> Pts: 11824 | Dims(mm): X= 76.0, Y= 83.0, Z= 44.0 | VolRatio: 0.530 | Gates: [G1-4=1 G5_Size=1 G6_3D=1] -> PASSED
  [INFO] Winning Cluster selected: ID #0 (Score=0.8591)
  [INFO] Winning cluster point count: 11,824

━━━ [STAGE 8] Projection — Sensor Space → Cropped Canvas

  ── [STAGE 8a] Coordinate System Parameters ──
    Intrinsics    : fx=750.148  fy=749.790  cx=386.179  cy=366.086
    Crop offsets  : left=0 px  top=0 px
    Depth sensor  : 510W x 720H px
    RGB canvas    : 510W x 720H px
    Scale factors : scale_x=1.000000  scale_y=1.000000

  ── [STAGE 8b] 3-D Cluster Bounding Box (world space) ──
    X range : -0.0528 m  →  0.0231 m  (span 76.0 mm)
    Y range : -0.1357 m  →  -0.0527 m  (span 83.0 mm)
    Z range : 0.4050 m  →  0.4490 m  (span 44.0 mm)
    Z depth : mean=0.4303 m  std=0.0118 m  min=0.4050 m  max=0.4490 m

  ── [STAGE 8c] Projection Steps ──
    [Step 1] Full-sensor pixel coords (before crop subtraction):
      u_sensor  min=294.0  max=425.0  mean=353.7
      v_sensor  min=125.0  max=272.0  mean=196.6
    [OK] Sensor-space OOB: u=0.0%  v=0.0%
    [Step 2] After crop subtraction (crop_left=0, crop_top=0):
      u_cropped min=294.0  max=425.0  mean=353.7
      v_cropped min=125.0  max=272.0  mean=196.6
    [Step 2 Check] Cropped coords outside canvas: u<0=0.0%  u>W=0.0%  v<0=0.0%  v>H=0.0%
    [Step 3] After scale to canvas (scale_x=1.0000, scale_y=1.0000):
      u  min=294  max=425  mean=353.7
      v  min=125  max=272  mean=196.6
      Canvas target size : 510W x 720H px

  ── [STAGE 8d] Expected mask centroid on canvas ──
      Projected centroid : u=353.7 px  v=196.6 px
      Canvas centre      : u=255.0 px  v=360.0 px
      Offset from centre : Δu=98.7 px  Δv=-163.4 px

  ── [STAGE 8e] Bounds Filter ──
    Total projected points : 11,824
    Inside canvas bounds   : 11,824  (100.0%)
    Duplicate pixel hits    : 0
  [INFO] Density non-zero pixels: 11,824
  [INFO] Density peak count     : 1
  [INFO] Raw mask white pixels before morphology: 11,824
  [INFO] White pixels after close: 13,438
  [INFO] Morphological open skipped for tip-loss debugging.
  [INFO] White pixels after open (skipped): 13,438

  ── [STAGE 8f] Final Mask Stats ──
    Bounding box : 131W x 147H px
    Mask centroid: (359.5, 198.5) px
    White pixels : 13,438
  masking.py run ended: 2026-06-13 19:53:36.519772
