
================================================================================
  masking.py run started: 2026-06-13 19:50:38.232644
================================================================================

━━━ [STAGE 1] Loading Point Cloud Array
  [INFO] Total raw points loaded: 366,095

━━━ [STAGE 2] Statistical Outlier Demolition
  [INFO] Points surviving outlier filter: 355,335

━━━ [STAGE 3] Live Plane Surface Isolation (RANSAC)
  [INFO] Original RANSAC: a=0.0145, b=-0.0777, c=0.9969, d=-0.4756
  [INFO] Normal vector pointing down. Flipping coefficients up toward lens.
  [INFO] Points isolated on belt plane: 326,976
  [INFO] Non-plane points going to workspace filter: 28,359

━━━ [STAGE 5] Direction-Enforced Spatial Pre-Filtering
  [INFO] Height gate window : 1.50mm to 500.00mm
  [INFO] Dist-from-plane mm : min=2.765 mean=30.542 median=29.621 max=47.708
  [INFO] Rejected by lower gate: 0 / 28,359
  [INFO] Rejected by upper gate: 0 / 28,359
  [DEBUG] Points passing directional spatial filters: 28,359

━━━ [STAGE 6] Spatial Structural Isolation Clustering (DBSCAN)
  [INFO] DBSCAN discovered 3 distinct point groups.

━━━ [STAGE 7] Multi-Gate Geometric Evaluation
  Cluster #00 -> Pts: 28334 | Dims(mm): X=159.3, Y= 81.5, Z= 36.0 | VolRatio: 0.226 | Gates: [G1-4=1 G5_Size=1 G6_3D=1] -> PASSED
  Cluster #01 -> Pts: 10    | Dims(mm): X=  3.3, Y=  1.1, Z=  1.0 | VolRatio: 0.306 | Gates: [G1-4=0 G5_Size=0 G6_3D=1] -> REJECTED
  Cluster #02 -> Pts: 10    | Dims(mm): X=  2.0, Y=  2.0, Z=  0.0 | VolRatio: 0.000 | Gates: [G1-4=0 G5_Size=0 G6_3D=0] -> REJECTED
  [INFO] Winning Cluster selected: ID #0 (Score=0.7678)
  [INFO] Winning cluster point count: 28,334

━━━ [STAGE 8] Projection — Sensor Space → Cropped Canvas

  ── [STAGE 8a] Coordinate System Parameters ──
    Intrinsics    : fx=750.148  fy=749.790  cx=386.179  cy=366.086
    Crop offsets  : left=0 px  top=0 px
    Depth sensor  : 510W x 720H px
    RGB canvas    : 510W x 720H px
    Scale factors : scale_x=1.000000  scale_y=1.000000

  ── [STAGE 8b] 3-D Cluster Bounding Box (world space) ──
    X range : -0.1871 m  →  -0.0278 m  (span 159.3 mm)
    Y range : -0.2139 m  →  -0.1324 m  (span 81.5 mm)
    Z range : 0.4170 m  →  0.4530 m  (span 36.0 mm)
    Z depth : mean=0.4343 m  std=0.0073 m  min=0.4170 m  max=0.4530 m

  ── [STAGE 8c] Projection Steps ──
    [Step 1] Full-sensor pixel coords (before crop subtraction):
      u_sensor  min=62.0  max=339.0  mean=204.3
      v_sensor  min=0.0  max=147.0  mean=63.7
    [OK] Sensor-space OOB: u=0.0%  v=0.0%
    [Step 2] After crop subtraction (crop_left=0, crop_top=0):
      u_cropped min=62.0  max=339.0  mean=204.3
      v_cropped min=0.0  max=147.0  mean=63.7
    [Step 2 Check] Cropped coords outside canvas: u<0=0.0%  u>W=0.0%  v<0=0.0%  v>H=0.0%
    [Step 3] After scale to canvas (scale_x=1.0000, scale_y=1.0000):
      u  min=62  max=339  mean=204.3
      v  min=0  max=147  mean=63.7
      Canvas target size : 510W x 720H px

  ── [STAGE 8d] Expected mask centroid on canvas ──
      Projected centroid : u=204.3 px  v=63.7 px
      Canvas centre      : u=255.0 px  v=360.0 px
      Offset from centre : Δu=-50.7 px  Δv=-296.3 px

  ── [STAGE 8e] Bounds Filter ──
    Total projected points : 28,334
    Inside canvas bounds   : 28,334  (100.0%)
    Duplicate pixel hits    : 0
  [INFO] Density non-zero pixels: 28,334
  [INFO] Density peak count     : 1
  [INFO] Raw mask white pixels before morphology: 28,334
  [INFO] White pixels after close: 29,881
  [INFO] Morphological open skipped for tip-loss debugging.
  [INFO] White pixels after open (skipped): 29,881

  ── [STAGE 8f] Final Mask Stats ──
    Bounding box : 277W x 147H px
    Mask centroid: (200.5, 73.5) px
    White pixels : 29,881
  masking.py run ended: 2026-06-13 19:50:42.309544
