
================================================================================
  masking.py run started: 2026-06-13 19:48:30.584306
================================================================================

━━━ [STAGE 1] Loading Point Cloud Array
  [INFO] Total raw points loaded: 366,374

━━━ [STAGE 2] Statistical Outlier Demolition
  [INFO] Points surviving outlier filter: 356,061

━━━ [STAGE 3] Live Plane Surface Isolation (RANSAC)
  [INFO] Original RANSAC: a=0.0143, b=-0.0497, c=0.9987, d=-0.4783
  [INFO] Normal vector pointing down. Flipping coefficients up toward lens.
  [INFO] Points isolated on belt plane: 321,450
  [INFO] Non-plane points going to workspace filter: 34,611

━━━ [STAGE 5] Direction-Enforced Spatial Pre-Filtering
  [INFO] Height gate window : 1.50mm to 500.00mm
  [INFO] Dist-from-plane mm : min=12.416 mean=34.491 median=34.194 max=60.772
  [INFO] Rejected by lower gate: 0 / 34,611
  [INFO] Rejected by upper gate: 0 / 34,611
  [DEBUG] Points passing directional spatial filters: 34,611

━━━ [STAGE 6] Spatial Structural Isolation Clustering (DBSCAN)
  [INFO] DBSCAN discovered 1 distinct point groups.

━━━ [STAGE 7] Multi-Gate Geometric Evaluation
  Cluster #00 -> Pts: 34611 | Dims(mm): X=230.0, Y=202.5, Z= 49.0 | VolRatio: 0.213 | Gates: [G1-4=1 G5_Size=1 G6_3D=1] -> PASSED
  [INFO] Winning Cluster selected: ID #0 (Score=0.7639)
  [INFO] Winning cluster point count: 34,611

━━━ [STAGE 8] Projection — Sensor Space → Cropped Canvas

  ── [STAGE 8a] Coordinate System Parameters ──
    Intrinsics    : fx=750.148  fy=749.790  cx=386.179  cy=366.086
    Crop offsets  : left=0 px  top=0 px
    Depth sensor  : 510W x 720H px
    RGB canvas    : 510W x 720H px
    Scale factors : scale_x=1.000000  scale_y=1.000000

  ── [STAGE 8b] 3-D Cluster Bounding Box (world space) ──
    X range : -0.1578 m  →  0.0722 m  (span 230.0 mm)
    Y range : -0.2141 m  →  -0.0117 m  (span 202.5 mm)
    Z range : 0.4160 m  →  0.4650 m  (span 49.0 mm)
    Z depth : mean=0.4390 m  std=0.0126 m  min=0.4160 m  max=0.4650 m

  ── [STAGE 8c] Projection Steps ──
    [Step 1] Full-sensor pixel coords (before crop subtraction):
      u_sensor  min=117.0  max=509.0  mean=356.6
      v_sensor  min=-0.0  max=346.0  mean=169.2
    [OK] Sensor-space OOB: u=0.0%  v=0.0%
    [Step 2] After crop subtraction (crop_left=0, crop_top=0):
      u_cropped min=117.0  max=509.0  mean=356.6
      v_cropped min=-0.0  max=346.0  mean=169.2
    [Step 2 Check] Cropped coords outside canvas: u<0=0.0%  u>W=0.0%  v<0=0.0%  v>H=0.0%
    [Step 3] After scale to canvas (scale_x=1.0000, scale_y=1.0000):
      u  min=117  max=509  mean=356.6
      v  min=0  max=346  mean=169.2
      Canvas target size : 510W x 720H px

  ── [STAGE 8d] Expected mask centroid on canvas ──
      Projected centroid : u=356.6 px  v=169.2 px
      Canvas centre      : u=255.0 px  v=360.0 px
      Offset from centre : Δu=101.6 px  Δv=-190.8 px

  ── [STAGE 8e] Bounds Filter ──
    Total projected points : 34,611
    Inside canvas bounds   : 34,611  (100.0%)
    Duplicate pixel hits    : 0
  [INFO] Density non-zero pixels: 34,611
  [INFO] Density peak count     : 1
  [INFO] Raw mask white pixels before morphology: 34,611
  [INFO] White pixels after close: 37,127
  [INFO] Morphological open skipped for tip-loss debugging.
  [INFO] White pixels after open (skipped): 37,127

  ── [STAGE 8f] Final Mask Stats ──
    Bounding box : 392W x 346H px
    Mask centroid: (313.0, 173.0) px
    White pixels : 37,127
  masking.py run ended: 2026-06-13 19:48:35.628403
