
================================================================================
  masking.py run started: 2026-06-13 19:51:05.076749
================================================================================

━━━ [STAGE 1] Loading Point Cloud Array
  [INFO] Total raw points loaded: 366,050

━━━ [STAGE 2] Statistical Outlier Demolition
  [INFO] Points surviving outlier filter: 355,640

━━━ [STAGE 3] Live Plane Surface Isolation (RANSAC)
  [INFO] Original RANSAC: a=0.0161, b=-0.0793, c=0.9967, d=-0.4749
  [INFO] Normal vector pointing down. Flipping coefficients up toward lens.
  [INFO] Points isolated on belt plane: 347,843
  [INFO] Non-plane points going to workspace filter: 7,797

━━━ [STAGE 5] Direction-Enforced Spatial Pre-Filtering
  [INFO] Height gate window : 1.50mm to 500.00mm
  [INFO] Dist-from-plane mm : min=-7.362 mean=24.549 median=22.903 max=49.703
  [INFO] Rejected by lower gate: 96 / 7,797
  [INFO] Rejected by upper gate: 0 / 7,797
  [DEBUG] Points passing directional spatial filters: 7,701

━━━ [STAGE 6] Spatial Structural Isolation Clustering (DBSCAN)
  [INFO] DBSCAN discovered 1 distinct point groups.

━━━ [STAGE 7] Multi-Gate Geometric Evaluation
  Cluster #00 -> Pts: 7701  | Dims(mm): X= 91.6, Y=106.3, Z= 40.0 | VolRatio: 0.376 | Gates: [G1-4=1 G5_Size=1 G6_3D=1] -> PASSED
  [INFO] Winning Cluster selected: ID #0 (Score=0.6979)
  [INFO] Winning cluster point count: 7,701

━━━ [STAGE 8] Projection — Sensor Space → Cropped Canvas

  ── [STAGE 8a] Coordinate System Parameters ──
    Intrinsics    : fx=750.148  fy=749.790  cx=386.179  cy=366.086
    Crop offsets  : left=0 px  top=0 px
    Depth sensor  : 510W x 720H px
    RGB canvas    : 510W x 720H px
    Scale factors : scale_x=1.000000  scale_y=1.000000

  ── [STAGE 8b] 3-D Cluster Bounding Box (world space) ──
    X range : -0.0671 m  →  0.0245 m  (span 91.6 mm)
    Y range : -0.0885 m  →  0.0179 m  (span 106.3 mm)
    Z range : 0.4240 m  →  0.4640 m  (span 40.0 mm)
    Z depth : mean=0.4490 m  std=0.0096 m  min=0.4240 m  max=0.4640 m

  ── [STAGE 8c] Projection Steps ──
    [Step 1] Full-sensor pixel coords (before crop subtraction):
      u_sensor  min=276.0  max=427.0  mean=333.5
      v_sensor  min=220.0  max=395.0  mean=303.0
    [OK] Sensor-space OOB: u=0.0%  v=0.0%
    [Step 2] After crop subtraction (crop_left=0, crop_top=0):
      u_cropped min=276.0  max=427.0  mean=333.5
      v_cropped min=220.0  max=395.0  mean=303.0
    [Step 2 Check] Cropped coords outside canvas: u<0=0.0%  u>W=0.0%  v<0=0.0%  v>H=0.0%
    [Step 3] After scale to canvas (scale_x=1.0000, scale_y=1.0000):
      u  min=276  max=427  mean=333.5
      v  min=220  max=395  mean=303.0
      Canvas target size : 510W x 720H px

  ── [STAGE 8d] Expected mask centroid on canvas ──
      Projected centroid : u=333.5 px  v=303.0 px
      Canvas centre      : u=255.0 px  v=360.0 px
      Offset from centre : Δu=78.5 px  Δv=-57.0 px

  ── [STAGE 8e] Bounds Filter ──
    Total projected points : 7,701
    Inside canvas bounds   : 7,701  (100.0%)
    Duplicate pixel hits    : 0
  [INFO] Density non-zero pixels: 7,701
  [INFO] Density peak count     : 1
  [INFO] Raw mask white pixels before morphology: 7,701
  [INFO] White pixels after close: 9,634
  [INFO] Morphological open skipped for tip-loss debugging.
  [INFO] White pixels after open (skipped): 9,634

  ── [STAGE 8f] Final Mask Stats ──
    Bounding box : 151W x 175H px
    Mask centroid: (351.5, 307.5) px
    White pixels : 9,634
  masking.py run ended: 2026-06-13 19:51:06.353782
