
================================================================================
  masking.py run started: 2026-06-13 19:52:43.051671
================================================================================

━━━ [STAGE 1] Loading Point Cloud Array
  [INFO] Total raw points loaded: 365,659

━━━ [STAGE 2] Statistical Outlier Demolition
  [INFO] Points surviving outlier filter: 354,513

━━━ [STAGE 3] Live Plane Surface Isolation (RANSAC)
  [INFO] Original RANSAC: a=0.0131, b=-0.1069, c=0.9942, d=-0.4730
  [INFO] Normal vector pointing down. Flipping coefficients up toward lens.
  [INFO] Points isolated on belt plane: 337,185
  [INFO] Non-plane points going to workspace filter: 17,328

━━━ [STAGE 5] Direction-Enforced Spatial Pre-Filtering
  [INFO] Height gate window : 1.50mm to 500.00mm
  [INFO] Dist-from-plane mm : min=14.260 mean=26.616 median=26.274 max=42.029
  [INFO] Rejected by lower gate: 0 / 17,328
  [INFO] Rejected by upper gate: 0 / 17,328
  [DEBUG] Points passing directional spatial filters: 17,328

━━━ [STAGE 6] Spatial Structural Isolation Clustering (DBSCAN)
  [INFO] DBSCAN discovered 1 distinct point groups.

━━━ [STAGE 7] Multi-Gate Geometric Evaluation
  Cluster #00 -> Pts: 17328 | Dims(mm): X= 74.4, Y=129.1, Z= 34.0 | VolRatio: 0.263 | Gates: [G1-4=1 G5_Size=1 G6_3D=1] -> PASSED
  [INFO] Winning Cluster selected: ID #0 (Score=0.7790)
  [INFO] Winning cluster point count: 17,328

━━━ [STAGE 8] Projection — Sensor Space → Cropped Canvas

  ── [STAGE 8a] Coordinate System Parameters ──
    Intrinsics    : fx=750.148  fy=749.790  cx=386.179  cy=366.086
    Crop offsets  : left=0 px  top=0 px
    Depth sensor  : 510W x 720H px
    RGB canvas    : 510W x 720H px
    Scale factors : scale_x=1.000000  scale_y=1.000000

  ── [STAGE 8b] 3-D Cluster Bounding Box (world space) ──
    X range : -0.1740 m  →  -0.0996 m  (span 74.4 mm)
    Y range : -0.2115 m  →  -0.0824 m  (span 129.1 mm)
    Z range : 0.4200 m  →  0.4540 m  (span 34.0 mm)
    Z depth : mean=0.4349 m  std=0.0084 m  min=0.4200 m  max=0.4540 m

  ── [STAGE 8c] Projection Steps ──
    [Step 1] Full-sensor pixel coords (before crop subtraction):
      u_sensor  min=98.0  max=215.0  mean=156.1
      v_sensor  min=0.0  max=230.0  mean=110.6
    [OK] Sensor-space OOB: u=0.0%  v=0.0%
    [Step 2] After crop subtraction (crop_left=0, crop_top=0):
      u_cropped min=98.0  max=215.0  mean=156.1
      v_cropped min=0.0  max=230.0  mean=110.6
    [Step 2 Check] Cropped coords outside canvas: u<0=0.0%  u>W=0.0%  v<0=0.0%  v>H=0.0%
    [Step 3] After scale to canvas (scale_x=1.0000, scale_y=1.0000):
      u  min=98  max=215  mean=156.1
      v  min=0  max=230  mean=110.6
      Canvas target size : 510W x 720H px

  ── [STAGE 8d] Expected mask centroid on canvas ──
      Projected centroid : u=156.1 px  v=110.6 px
      Canvas centre      : u=255.0 px  v=360.0 px
      Offset from centre : Δu=-98.9 px  Δv=-249.4 px

  ── [STAGE 8e] Bounds Filter ──
    Total projected points : 17,328
    Inside canvas bounds   : 17,328  (100.0%)
    Duplicate pixel hits    : 0
  [INFO] Density non-zero pixels: 17,328
  [INFO] Density peak count     : 1
  [INFO] Raw mask white pixels before morphology: 17,328
  [INFO] White pixels after close: 17,765
  [INFO] Morphological open skipped for tip-loss debugging.
  [INFO] White pixels after open (skipped): 17,765

  ── [STAGE 8f] Final Mask Stats ──
    Bounding box : 117W x 230H px
    Mask centroid: (156.5, 115.0) px
    White pixels : 17,765
  masking.py run ended: 2026-06-13 19:52:45.729980
