
================================================================================
  masking.py run started: 2026-06-13 20:07:03.259490
================================================================================

━━━ [STAGE 1] Loading Point Cloud Array
  [INFO] Total raw points loaded: 365,739

━━━ [STAGE 2] Statistical Outlier Demolition
  [INFO] Points surviving outlier filter: 353,284

━━━ [STAGE 3] Live Plane Surface Isolation (RANSAC)
  [INFO] Original RANSAC: a=0.0151, b=-0.1025, c=0.9946, d=-0.4735
  [INFO] Normal vector pointing down. Flipping coefficients up toward lens.
  [INFO] Points isolated on belt plane: 339,657
  [INFO] Non-plane points going to workspace filter: 13,627

━━━ [STAGE 5] Direction-Enforced Spatial Pre-Filtering
  [INFO] Height gate window : 1.50mm to 500.00mm
  [INFO] Dist-from-plane mm : min=9.268 mean=21.515 median=20.800 max=51.533
  [INFO] Rejected by lower gate: 0 / 13,627
  [INFO] Rejected by upper gate: 0 / 13,627
  [DEBUG] Points passing directional spatial filters: 13,627

━━━ [STAGE 6] Spatial Structural Isolation Clustering (DBSCAN)
  [INFO] DBSCAN discovered 1 distinct point groups.

━━━ [STAGE 7] Multi-Gate Geometric Evaluation
  Cluster #00 -> Pts: 13625 | Dims(mm): X=114.4, Y=262.6, Z= 52.0 | VolRatio: 0.198 | Gates: [G1-4=1 G5_Size=1 G6_3D=1] -> PASSED
  [INFO] Winning Cluster selected: ID #0 (Score=0.7594)
  [INFO] Winning cluster point count: 13,625

━━━ [STAGE 8] Projection — Sensor Space → Cropped Canvas

  ── [STAGE 8a] Coordinate System Parameters ──
    Intrinsics    : fx=750.148  fy=749.790  cx=386.179  cy=366.086
    Crop offsets  : left=0 px  top=0 px
    Depth sensor  : 510W x 720H px
    RGB canvas    : 510W x 720H px
    Scale factors : scale_x=1.000000  scale_y=1.000000

  ── [STAGE 8b] 3-D Cluster Bounding Box (world space) ──
    X range : -0.0542 m  →  0.0602 m  (span 114.4 mm)
    Y range : -0.2043 m  →  0.0584 m  (span 262.6 mm)
    Z range : 0.4190 m  →  0.4710 m  (span 52.0 mm)
    Z depth : mean=0.4455 m  std=0.0085 m  min=0.4190 m  max=0.4710 m

  ── [STAGE 8c] Projection Steps ──
    [Step 1] Full-sensor pixel coords (before crop subtraction):
      u_sensor  min=296.0  max=485.0  mean=394.6
      v_sensor  min=18.0  max=459.0  mean=219.9
    [OK] Sensor-space OOB: u=0.0%  v=0.0%
    [Step 2] After crop subtraction (crop_left=0, crop_top=0):
      u_cropped min=296.0  max=485.0  mean=394.6
      v_cropped min=18.0  max=459.0  mean=219.9
    [Step 2 Check] Cropped coords outside canvas: u<0=0.0%  u>W=0.0%  v<0=0.0%  v>H=0.0%
    [Step 3] After scale to canvas (scale_x=1.0000, scale_y=1.0000):
      u  min=296  max=485  mean=394.6
      v  min=18  max=459  mean=219.9
      Canvas target size : 510W x 720H px

  ── [STAGE 8d] Expected mask centroid on canvas ──
      Projected centroid : u=394.6 px  v=219.9 px
      Canvas centre      : u=255.0 px  v=360.0 px
      Offset from centre : Δu=139.6 px  Δv=-140.1 px

  ── [STAGE 8e] Bounds Filter ──
    Total projected points : 13,625
    Inside canvas bounds   : 13,625  (100.0%)
    Duplicate pixel hits    : 0
  [INFO] Density non-zero pixels: 13,625
  [INFO] Density peak count     : 1
  [INFO] Raw mask white pixels before morphology: 13,625
  [INFO] White pixels after close: 15,663
  [INFO] Morphological open skipped for tip-loss debugging.
  [INFO] White pixels after open (skipped): 15,663

  ── [STAGE 8f] Final Mask Stats ──
    Bounding box : 189W x 441H px
    Mask centroid: (390.5, 238.5) px
    White pixels : 15,663
  masking.py run ended: 2026-06-13 20:07:05.046811
