
================================================================================
  masking.py run started: 2026-06-13 20:01:39.516649
================================================================================

━━━ [STAGE 1] Loading Point Cloud Array
  [INFO] Total raw points loaded: 366,157

━━━ [STAGE 2] Statistical Outlier Demolition
  [INFO] Points surviving outlier filter: 357,098

━━━ [STAGE 3] Live Plane Surface Isolation (RANSAC)
  [INFO] Original RANSAC: a=0.0127, b=-0.0751, c=0.9971, d=-0.4768
  [INFO] Normal vector pointing down. Flipping coefficients up toward lens.
  [INFO] Points isolated on belt plane: 341,848
  [INFO] Non-plane points going to workspace filter: 15,250

━━━ [STAGE 5] Direction-Enforced Spatial Pre-Filtering
  [INFO] Height gate window : 1.50mm to 500.00mm
  [INFO] Dist-from-plane mm : min=13.172 mean=46.668 median=50.794 max=62.263
  [INFO] Rejected by lower gate: 0 / 15,250
  [INFO] Rejected by upper gate: 0 / 15,250
  [DEBUG] Points passing directional spatial filters: 15,250

━━━ [STAGE 6] Spatial Structural Isolation Clustering (DBSCAN)
  [INFO] DBSCAN discovered 2 distinct point groups.

━━━ [STAGE 7] Multi-Gate Geometric Evaluation
  Cluster #00 -> Pts: 15136 | Dims(mm): X= 95.5, Y=159.7, Z= 52.0 | VolRatio: 0.326 | Gates: [G1-4=1 G5_Size=1 G6_3D=1] -> PASSED
  Cluster #01 -> Pts: 114   | Dims(mm): X= 13.6, Y=  8.0, Z=  4.0 | VolRatio: 0.294 | Gates: [G1-4=1 G5_Size=0 G6_3D=1] -> REJECTED
  [INFO] Winning Cluster selected: ID #0 (Score=0.7977)
  [INFO] Winning cluster point count: 15,136

━━━ [STAGE 8] Projection — Sensor Space → Cropped Canvas

  ── [STAGE 8a] Coordinate System Parameters ──
    Intrinsics    : fx=750.148  fy=749.790  cx=386.179  cy=366.086
    Crop offsets  : left=0 px  top=0 px
    Depth sensor  : 510W x 720H px
    RGB canvas    : 510W x 720H px
    Scale factors : scale_x=1.000000  scale_y=1.000000

  ── [STAGE 8b] 3-D Cluster Bounding Box (world space) ──
    X range : -0.1828 m  →  -0.0873 m  (span 95.5 mm)
    Y range : 0.0609 m  →  0.2206 m  (span 159.7 mm)
    Z range : 0.4300 m  →  0.4820 m  (span 52.0 mm)
    Z depth : mean=0.4452 m  std=0.0121 m  min=0.4300 m  max=0.4820 m

  ── [STAGE 8c] Projection Steps ──
    [Step 1] Full-sensor pixel coords (before crop subtraction):
      u_sensor  min=95.0  max=250.0  mean=162.9
      v_sensor  min=463.0  max=718.0  mean=641.3
    [OK] Sensor-space OOB: u=0.0%  v=0.0%
    [Step 2] After crop subtraction (crop_left=0, crop_top=0):
      u_cropped min=95.0  max=250.0  mean=162.9
      v_cropped min=463.0  max=718.0  mean=641.3
    [Step 2 Check] Cropped coords outside canvas: u<0=0.0%  u>W=0.0%  v<0=0.0%  v>H=0.0%
    [Step 3] After scale to canvas (scale_x=1.0000, scale_y=1.0000):
      u  min=95  max=250  mean=162.9
      v  min=463  max=718  mean=641.3
      Canvas target size : 510W x 720H px

  ── [STAGE 8d] Expected mask centroid on canvas ──
      Projected centroid : u=162.9 px  v=641.3 px
      Canvas centre      : u=255.0 px  v=360.0 px
      Offset from centre : Δu=-92.1 px  Δv=281.3 px

  ── [STAGE 8e] Bounds Filter ──
    Total projected points : 15,136
    Inside canvas bounds   : 15,136  (100.0%)
    Duplicate pixel hits    : 0
  [INFO] Density non-zero pixels: 15,136
  [INFO] Density peak count     : 1
  [INFO] Raw mask white pixels before morphology: 15,136
  [INFO] White pixels after close: 16,580
  [INFO] Morphological open skipped for tip-loss debugging.
  [INFO] White pixels after open (skipped): 16,580

  ── [STAGE 8f] Final Mask Stats ──
    Bounding box : 155W x 256H px
    Mask centroid: (172.5, 591.0) px
    White pixels : 16,580
  masking.py run ended: 2026-06-13 20:01:42.079961
