
================================================================================
  masking.py run started: 2026-06-13 20:06:58.578898
================================================================================

━━━ [STAGE 1] Loading Point Cloud Array
  [INFO] Total raw points loaded: 365,680

━━━ [STAGE 2] Statistical Outlier Demolition
  [INFO] Points surviving outlier filter: 354,737

━━━ [STAGE 3] Live Plane Surface Isolation (RANSAC)
  [INFO] Original RANSAC: a=0.0143, b=-0.1027, c=0.9946, d=-0.4734
  [INFO] Normal vector pointing down. Flipping coefficients up toward lens.
  [INFO] Points isolated on belt plane: 341,786
  [INFO] Non-plane points going to workspace filter: 12,951

━━━ [STAGE 5] Direction-Enforced Spatial Pre-Filtering
  [INFO] Height gate window : 1.50mm to 500.00mm
  [INFO] Dist-from-plane mm : min=12.021 mean=25.756 median=21.891 max=67.974
  [INFO] Rejected by lower gate: 0 / 12,951
  [INFO] Rejected by upper gate: 0 / 12,951
  [DEBUG] Points passing directional spatial filters: 12,951

━━━ [STAGE 6] Spatial Structural Isolation Clustering (DBSCAN)
  [INFO] DBSCAN discovered 2 distinct point groups.

━━━ [STAGE 7] Multi-Gate Geometric Evaluation
  Cluster #00 -> Pts: 5587  | Dims(mm): X=108.8, Y=110.6, Z= 38.0 | VolRatio: 0.344 | Gates: [G1-4=1 G5_Size=1 G6_3D=1] -> PASSED
  Cluster #01 -> Pts: 7364  | Dims(mm): X=148.8, Y=126.1, Z= 54.0 | VolRatio: 0.363 | Gates: [G1-4=1 G5_Size=1 G6_3D=1] -> PASSED
  [INFO] Winning Cluster selected: ID #1 (Score=0.6771)
  [INFO] Winning cluster point count: 7,364

━━━ [STAGE 8] Projection — Sensor Space → Cropped Canvas

  ── [STAGE 8a] Coordinate System Parameters ──
    Intrinsics    : fx=750.148  fy=749.790  cx=386.179  cy=366.086
    Crop offsets  : left=0 px  top=0 px
    Depth sensor  : 510W x 720H px
    RGB canvas    : 510W x 720H px
    Scale factors : scale_x=1.000000  scale_y=1.000000

  ── [STAGE 8b] 3-D Cluster Bounding Box (world space) ──
    X range : -0.1821 m  →  -0.0333 m  (span 148.8 mm)
    Y range : -0.1094 m  →  0.0167 m  (span 126.1 mm)
    Z range : 0.4100 m  →  0.4640 m  (span 54.0 mm)
    Z depth : mean=0.4435 m  std=0.0118 m  min=0.4100 m  max=0.4640 m

  ── [STAGE 8c] Projection Steps ──
    [Step 1] Full-sensor pixel coords (before crop subtraction):
      u_sensor  min=59.0  max=332.0  mean=220.3
      v_sensor  min=185.0  max=393.0  mean=278.8
    [OK] Sensor-space OOB: u=0.0%  v=0.0%
    [Step 2] After crop subtraction (crop_left=0, crop_top=0):
      u_cropped min=59.0  max=332.0  mean=220.3
      v_cropped min=185.0  max=393.0  mean=278.8
    [Step 2 Check] Cropped coords outside canvas: u<0=0.0%  u>W=0.0%  v<0=0.0%  v>H=0.0%
    [Step 3] After scale to canvas (scale_x=1.0000, scale_y=1.0000):
      u  min=59  max=332  mean=220.3
      v  min=185  max=393  mean=278.8
      Canvas target size : 510W x 720H px

  ── [STAGE 8d] Expected mask centroid on canvas ──
      Projected centroid : u=220.3 px  v=278.8 px
      Canvas centre      : u=255.0 px  v=360.0 px
      Offset from centre : Δu=-34.7 px  Δv=-81.2 px

  ── [STAGE 8e] Bounds Filter ──
    Total projected points : 7,364
    Inside canvas bounds   : 7,364  (100.0%)
    Duplicate pixel hits    : 0
  [INFO] Density non-zero pixels: 7,364
  [INFO] Density peak count     : 1
  [INFO] Raw mask white pixels before morphology: 7,364
  [INFO] White pixels after close: 9,418
  [INFO] Morphological open skipped for tip-loss debugging.
  [INFO] White pixels after open (skipped): 9,418

  ── [STAGE 8f] Final Mask Stats ──
    Bounding box : 273W x 208H px
    Mask centroid: (195.5, 289.0) px
    White pixels : 9,418
  masking.py run ended: 2026-06-13 20:07:00.302707
