
================================================================================
  masking.py run started: 2026-06-13 19:55:12.959600
================================================================================

━━━ [STAGE 1] Loading Point Cloud Array
  [INFO] Total raw points loaded: 363,702

━━━ [STAGE 2] Statistical Outlier Demolition
  [INFO] Points surviving outlier filter: 352,699

━━━ [STAGE 3] Live Plane Surface Isolation (RANSAC)
  [INFO] Original RANSAC: a=0.0139, b=-0.1939, c=0.9809, d=-0.4633
  [INFO] Normal vector pointing down. Flipping coefficients up toward lens.
  [INFO] Points isolated on belt plane: 320,319
  [INFO] Non-plane points going to workspace filter: 32,380

━━━ [STAGE 5] Direction-Enforced Spatial Pre-Filtering
  [INFO] Height gate window : 1.50mm to 500.00mm
  [INFO] Dist-from-plane mm : min=13.128 mean=32.056 median=32.766 max=51.777
  [INFO] Rejected by lower gate: 0 / 32,380
  [INFO] Rejected by upper gate: 0 / 32,380
  [DEBUG] Points passing directional spatial filters: 32,380

━━━ [STAGE 6] Spatial Structural Isolation Clustering (DBSCAN)
  [INFO] DBSCAN discovered 1 distinct point groups.

━━━ [STAGE 7] Multi-Gate Geometric Evaluation
  Cluster #00 -> Pts: 32373 | Dims(mm): X=130.1, Y=188.9, Z= 72.0 | VolRatio: 0.381 | Gates: [G1-4=1 G5_Size=1 G6_3D=1] -> PASSED
  [INFO] Winning Cluster selected: ID #0 (Score=0.8144)
  [INFO] Winning cluster point count: 32,373

━━━ [STAGE 8] Projection — Sensor Space → Cropped Canvas

  ── [STAGE 8a] Coordinate System Parameters ──
    Intrinsics    : fx=750.148  fy=749.790  cx=386.179  cy=366.086
    Crop offsets  : left=0 px  top=0 px
    Depth sensor  : 510W x 720H px
    RGB canvas    : 510W x 720H px
    Scale factors : scale_x=1.000000  scale_y=1.000000

  ── [STAGE 8b] 3-D Cluster Bounding Box (world space) ──
    X range : -0.1541 m  →  -0.0241 m  (span 130.1 mm)
    Y range : -0.1729 m  →  0.0160 m  (span 188.9 mm)
    Z range : 0.3900 m  →  0.4620 m  (span 72.0 mm)
    Z depth : mean=0.4232 m  std=0.0159 m  min=0.3900 m  max=0.4620 m

  ── [STAGE 8c] Projection Steps ──
    [Step 1] Full-sensor pixel coords (before crop subtraction):
      u_sensor  min=124.0  max=344.0  mean=240.7
      v_sensor  min=42.0  max=392.0  mean=205.9
    [OK] Sensor-space OOB: u=0.0%  v=0.0%
    [Step 2] After crop subtraction (crop_left=0, crop_top=0):
      u_cropped min=124.0  max=344.0  mean=240.7
      v_cropped min=42.0  max=392.0  mean=205.9
    [Step 2 Check] Cropped coords outside canvas: u<0=0.0%  u>W=0.0%  v<0=0.0%  v>H=0.0%
    [Step 3] After scale to canvas (scale_x=1.0000, scale_y=1.0000):
      u  min=124  max=344  mean=240.7
      v  min=42  max=392  mean=205.9
      Canvas target size : 510W x 720H px

  ── [STAGE 8d] Expected mask centroid on canvas ──
      Projected centroid : u=240.7 px  v=205.9 px
      Canvas centre      : u=255.0 px  v=360.0 px
      Offset from centre : Δu=-14.3 px  Δv=-154.1 px

  ── [STAGE 8e] Bounds Filter ──
    Total projected points : 32,373
    Inside canvas bounds   : 32,373  (100.0%)
    Duplicate pixel hits    : 0
  [INFO] Density non-zero pixels: 32,373
  [INFO] Density peak count     : 1
  [INFO] Raw mask white pixels before morphology: 32,373
  [INFO] White pixels after close: 34,840
  [INFO] Morphological open skipped for tip-loss debugging.
  [INFO] White pixels after open (skipped): 34,840

  ── [STAGE 8f] Final Mask Stats ──
    Bounding box : 220W x 350H px
    Mask centroid: (234.0, 217.0) px
    White pixels : 34,840
  masking.py run ended: 2026-06-13 19:55:17.601723
