
================================================================================
  masking.py run started: 2026-06-13 20:06:49.582115
================================================================================

━━━ [STAGE 1] Loading Point Cloud Array
  [INFO] Total raw points loaded: 365,762

━━━ [STAGE 2] Statistical Outlier Demolition
  [INFO] Points surviving outlier filter: 354,823

━━━ [STAGE 3] Live Plane Surface Isolation (RANSAC)
  [INFO] Original RANSAC: a=0.0142, b=-0.1018, c=0.9947, d=-0.4737
  [INFO] Normal vector pointing down. Flipping coefficients up toward lens.
  [INFO] Points isolated on belt plane: 345,478
  [INFO] Non-plane points going to workspace filter: 9,345

━━━ [STAGE 5] Direction-Enforced Spatial Pre-Filtering
  [INFO] Height gate window : 1.50mm to 500.00mm
  [INFO] Dist-from-plane mm : min=13.708 mean=30.993 median=31.038 max=55.019
  [INFO] Rejected by lower gate: 0 / 9,345
  [INFO] Rejected by upper gate: 0 / 9,345
  [DEBUG] Points passing directional spatial filters: 9,345

━━━ [STAGE 6] Spatial Structural Isolation Clustering (DBSCAN)
  [INFO] DBSCAN discovered 1 distinct point groups.

━━━ [STAGE 7] Multi-Gate Geometric Evaluation
  Cluster #00 -> Pts: 9345  | Dims(mm): X= 56.9, Y= 87.6, Z= 42.0 | VolRatio: 0.480 | Gates: [G1-4=1 G5_Size=1 G6_3D=1] -> PASSED
  [INFO] Winning Cluster selected: ID #0 (Score=0.8112)
  [INFO] Winning cluster point count: 9,345

━━━ [STAGE 8] Projection — Sensor Space → Cropped Canvas

  ── [STAGE 8a] Coordinate System Parameters ──
    Intrinsics    : fx=750.148  fy=749.790  cx=386.179  cy=366.086
    Crop offsets  : left=0 px  top=0 px
    Depth sensor  : 510W x 720H px
    RGB canvas    : 510W x 720H px
    Scale factors : scale_x=1.000000  scale_y=1.000000

  ── [STAGE 8b] 3-D Cluster Bounding Box (world space) ──
    X range : 0.0064 m  →  0.0633 m  (span 56.9 mm)
    Y range : -0.1454 m  →  -0.0578 m  (span 87.6 mm)
    Z range : 0.4130 m  →  0.4550 m  (span 42.0 mm)
    Z depth : mean=0.4341 m  std=0.0079 m  min=0.4130 m  max=0.4550 m

  ── [STAGE 8c] Projection Steps ──
    [Step 1] Full-sensor pixel coords (before crop subtraction):
      u_sensor  min=397.0  max=491.0  mean=444.5
      v_sensor  min=112.0  max=268.0  mean=188.2
    [OK] Sensor-space OOB: u=0.0%  v=0.0%
    [Step 2] After crop subtraction (crop_left=0, crop_top=0):
      u_cropped min=397.0  max=491.0  mean=444.5
      v_cropped min=112.0  max=268.0  mean=188.2
    [Step 2 Check] Cropped coords outside canvas: u<0=0.0%  u>W=0.0%  v<0=0.0%  v>H=0.0%
    [Step 3] After scale to canvas (scale_x=1.0000, scale_y=1.0000):
      u  min=397  max=491  mean=444.5
      v  min=112  max=268  mean=188.2
      Canvas target size : 510W x 720H px

  ── [STAGE 8d] Expected mask centroid on canvas ──
      Projected centroid : u=444.5 px  v=188.2 px
      Canvas centre      : u=255.0 px  v=360.0 px
      Offset from centre : Δu=189.5 px  Δv=-171.8 px

  ── [STAGE 8e] Bounds Filter ──
    Total projected points : 9,345
    Inside canvas bounds   : 9,345  (100.0%)
    Duplicate pixel hits    : 0
  [INFO] Density non-zero pixels: 9,345
  [INFO] Density peak count     : 1
  [INFO] Raw mask white pixels before morphology: 9,345
  [INFO] White pixels after close: 11,249
  [INFO] Morphological open skipped for tip-loss debugging.
  [INFO] White pixels after open (skipped): 11,249

  ── [STAGE 8f] Final Mask Stats ──
    Bounding box : 94W x 156H px
    Mask centroid: (444.0, 190.0) px
    White pixels : 11,249
  masking.py run ended: 2026-06-13 20:06:51.876738
