
================================================================================
  masking.py run started: 2026-06-13 19:54:39.016917
================================================================================

━━━ [STAGE 1] Loading Point Cloud Array
  [INFO] Total raw points loaded: 364,087

━━━ [STAGE 2] Statistical Outlier Demolition
  [INFO] Points surviving outlier filter: 351,532

━━━ [STAGE 3] Live Plane Surface Isolation (RANSAC)
  [INFO] Original RANSAC: a=0.0139, b=-0.1795, c=0.9837, d=-0.4651
  [INFO] Normal vector pointing down. Flipping coefficients up toward lens.
  [INFO] Points isolated on belt plane: 339,581
  [INFO] Non-plane points going to workspace filter: 11,951

━━━ [STAGE 5] Direction-Enforced Spatial Pre-Filtering
  [INFO] Height gate window : 1.50mm to 500.00mm
  [INFO] Dist-from-plane mm : min=13.056 mean=24.439 median=24.440 max=31.703
  [INFO] Rejected by lower gate: 0 / 11,951
  [INFO] Rejected by upper gate: 0 / 11,951
  [DEBUG] Points passing directional spatial filters: 11,951

━━━ [STAGE 6] Spatial Structural Isolation Clustering (DBSCAN)
  [INFO] DBSCAN discovered 1 distinct point groups.

━━━ [STAGE 7] Multi-Gate Geometric Evaluation
  Cluster #00 -> Pts: 11951 | Dims(mm): X=137.5, Y=168.1, Z= 38.0 | VolRatio: 0.226 | Gates: [G1-4=1 G5_Size=1 G6_3D=1] -> PASSED
  [INFO] Winning Cluster selected: ID #0 (Score=0.7678)
  [INFO] Winning cluster point count: 11,951

━━━ [STAGE 8] Projection — Sensor Space → Cropped Canvas

  ── [STAGE 8a] Coordinate System Parameters ──
    Intrinsics    : fx=750.148  fy=749.790  cx=386.179  cy=366.086
    Crop offsets  : left=0 px  top=0 px
    Depth sensor  : 510W x 720H px
    RGB canvas    : 510W x 720H px
    Scale factors : scale_x=1.000000  scale_y=1.000000

  ── [STAGE 8b] 3-D Cluster Bounding Box (world space) ──
    X range : -0.1045 m  →  0.0330 m  (span 137.5 mm)
    Y range : -0.1455 m  →  0.0226 m  (span 168.1 mm)
    Z range : 0.4230 m  →  0.4610 m  (span 38.0 mm)
    Z depth : mean=0.4365 m  std=0.0078 m  min=0.4230 m  max=0.4610 m

  ── [STAGE 8c] Projection Steps ──
    [Step 1] Full-sensor pixel coords (before crop subtraction):
      u_sensor  min=214.0  max=444.0  mean=329.1
      v_sensor  min=113.0  max=403.0  mean=251.6
    [OK] Sensor-space OOB: u=0.0%  v=0.0%
    [Step 2] After crop subtraction (crop_left=0, crop_top=0):
      u_cropped min=214.0  max=444.0  mean=329.1
      v_cropped min=113.0  max=403.0  mean=251.6
    [Step 2 Check] Cropped coords outside canvas: u<0=0.0%  u>W=0.0%  v<0=0.0%  v>H=0.0%
    [Step 3] After scale to canvas (scale_x=1.0000, scale_y=1.0000):
      u  min=214  max=444  mean=329.1
      v  min=113  max=403  mean=251.6
      Canvas target size : 510W x 720H px

  ── [STAGE 8d] Expected mask centroid on canvas ──
      Projected centroid : u=329.1 px  v=251.6 px
      Canvas centre      : u=255.0 px  v=360.0 px
      Offset from centre : Δu=74.1 px  Δv=-108.4 px

  ── [STAGE 8e] Bounds Filter ──
    Total projected points : 11,951
    Inside canvas bounds   : 11,951  (100.0%)
    Duplicate pixel hits    : 0
  [INFO] Density non-zero pixels: 11,951
  [INFO] Density peak count     : 1
  [INFO] Raw mask white pixels before morphology: 11,951
  [INFO] White pixels after close: 12,444
  [INFO] Morphological open skipped for tip-loss debugging.
  [INFO] White pixels after open (skipped): 12,444

  ── [STAGE 8f] Final Mask Stats ──
    Bounding box : 230W x 290H px
    Mask centroid: (329.0, 258.0) px
    White pixels : 12,444
  masking.py run ended: 2026-06-13 19:54:40.851617
