
================================================================================
  masking.py run started: 2026-06-13 19:51:44.442992
================================================================================

━━━ [STAGE 1] Loading Point Cloud Array
  [INFO] Total raw points loaded: 366,004

━━━ [STAGE 2] Statistical Outlier Demolition
  [INFO] Points surviving outlier filter: 354,320

━━━ [STAGE 3] Live Plane Surface Isolation (RANSAC)
  [INFO] Original RANSAC: a=0.0145, b=-0.0821, c=0.9965, d=-0.4751
  [INFO] Normal vector pointing down. Flipping coefficients up toward lens.
  [INFO] Points isolated on belt plane: 328,297
  [INFO] Non-plane points going to workspace filter: 26,023

━━━ [STAGE 5] Direction-Enforced Spatial Pre-Filtering
  [INFO] Height gate window : 1.50mm to 500.00mm
  [INFO] Dist-from-plane mm : min=8.119 mean=28.745 median=29.542 max=51.926
  [INFO] Rejected by lower gate: 0 / 26,023
  [INFO] Rejected by upper gate: 0 / 26,023
  [DEBUG] Points passing directional spatial filters: 26,023

━━━ [STAGE 6] Spatial Structural Isolation Clustering (DBSCAN)
  [INFO] DBSCAN discovered 2 distinct point groups.

━━━ [STAGE 7] Multi-Gate Geometric Evaluation
  Cluster #00 -> Pts: 25987 | Dims(mm): X=142.1, Y=182.2, Z= 36.0 | VolRatio: 0.198 | Gates: [G1-4=1 G5_Size=1 G6_3D=1] -> PASSED
  Cluster #01 -> Pts: 36    | Dims(mm): X=  2.6, Y=  7.5, Z=  1.0 | VolRatio: 0.132 | Gates: [G1-4=1 G5_Size=0 G6_3D=0] -> REJECTED
  [INFO] Winning Cluster selected: ID #0 (Score=0.7593)
  [INFO] Winning cluster point count: 25,987

━━━ [STAGE 8] Projection — Sensor Space → Cropped Canvas

  ── [STAGE 8a] Coordinate System Parameters ──
    Intrinsics    : fx=750.148  fy=749.790  cx=386.179  cy=366.086
    Crop offsets  : left=0 px  top=0 px
    Depth sensor  : 510W x 720H px
    RGB canvas    : 510W x 720H px
    Scale factors : scale_x=1.000000  scale_y=1.000000

  ── [STAGE 8b] 3-D Cluster Bounding Box (world space) ──
    X range : -0.1179 m  →  0.0241 m  (span 142.1 mm)
    Y range : -0.2125 m  →  -0.0303 m  (span 182.2 mm)
    Z range : 0.4220 m  →  0.4580 m  (span 36.0 mm)
    Z depth : mean=0.4383 m  std=0.0067 m  min=0.4220 m  max=0.4580 m

  ── [STAGE 8c] Projection Steps ──
    [Step 1] Full-sensor pixel coords (before crop subtraction):
      u_sensor  min=190.0  max=427.0  mean=327.8
      v_sensor  min=0.0  max=316.0  mean=156.2
    [OK] Sensor-space OOB: u=0.0%  v=0.0%
    [Step 2] After crop subtraction (crop_left=0, crop_top=0):
      u_cropped min=190.0  max=427.0  mean=327.8
      v_cropped min=0.0  max=316.0  mean=156.2
    [Step 2 Check] Cropped coords outside canvas: u<0=0.0%  u>W=0.0%  v<0=0.0%  v>H=0.0%
    [Step 3] After scale to canvas (scale_x=1.0000, scale_y=1.0000):
      u  min=190  max=427  mean=327.8
      v  min=0  max=316  mean=156.2
      Canvas target size : 510W x 720H px

  ── [STAGE 8d] Expected mask centroid on canvas ──
      Projected centroid : u=327.8 px  v=156.2 px
      Canvas centre      : u=255.0 px  v=360.0 px
      Offset from centre : Δu=72.8 px  Δv=-203.8 px

  ── [STAGE 8e] Bounds Filter ──
    Total projected points : 25,987
    Inside canvas bounds   : 25,987  (100.0%)
    Duplicate pixel hits    : 0
  [INFO] Density non-zero pixels: 25,987
  [INFO] Density peak count     : 1
  [INFO] Raw mask white pixels before morphology: 25,987
  [INFO] White pixels after close: 27,711
  [INFO] Morphological open skipped for tip-loss debugging.
  [INFO] White pixels after open (skipped): 27,711

  ── [STAGE 8f] Final Mask Stats ──
    Bounding box : 237W x 316H px
    Mask centroid: (308.5, 158.0) px
    White pixels : 27,711
  masking.py run ended: 2026-06-13 19:51:47.706827
