
================================================================================
  masking.py run started: 2026-06-13 19:53:21.760486
================================================================================

━━━ [STAGE 1] Loading Point Cloud Array
  [INFO] Total raw points loaded: 365,114

━━━ [STAGE 2] Statistical Outlier Demolition
  [INFO] Points surviving outlier filter: 355,557

━━━ [STAGE 3] Live Plane Surface Isolation (RANSAC)
  [INFO] Original RANSAC: a=0.0158, b=-0.1252, c=0.9920, d=-0.4705
  [INFO] Normal vector pointing down. Flipping coefficients up toward lens.
  [INFO] Points isolated on belt plane: 349,048
  [INFO] Non-plane points going to workspace filter: 6,509

━━━ [STAGE 5] Direction-Enforced Spatial Pre-Filtering
  [INFO] Height gate window : 1.50mm to 500.00mm
  [INFO] Dist-from-plane mm : min=12.536 mean=35.781 median=24.417 max=93.763
  [INFO] Rejected by lower gate: 0 / 6,509
  [INFO] Rejected by upper gate: 0 / 6,509
  [DEBUG] Points passing directional spatial filters: 6,509

━━━ [STAGE 6] Spatial Structural Isolation Clustering (DBSCAN)
  [INFO] DBSCAN discovered 1 distinct point groups.

━━━ [STAGE 7] Multi-Gate Geometric Evaluation
  Cluster #00 -> Pts: 6505  | Dims(mm): X= 91.5, Y=116.0, Z= 80.0 | VolRatio: 0.690 | Gates: [G1-4=1 G5_Size=1 G6_3D=1] -> PASSED
  [INFO] Winning Cluster selected: ID #0 (Score=0.7322)
  [INFO] Winning cluster point count: 6,505

━━━ [STAGE 8] Projection — Sensor Space → Cropped Canvas

  ── [STAGE 8a] Coordinate System Parameters ──
    Intrinsics    : fx=750.148  fy=749.790  cx=386.179  cy=366.086
    Crop offsets  : left=0 px  top=0 px
    Depth sensor  : 510W x 720H px
    RGB canvas    : 510W x 720H px
    Scale factors : scale_x=1.000000  scale_y=1.000000

  ── [STAGE 8b] 3-D Cluster Bounding Box (world space) ──
    X range : -0.0457 m  →  0.0458 m  (span 91.5 mm)
    Y range : -0.0518 m  →  0.0642 m  (span 116.0 mm)
    Z range : 0.3850 m  →  0.4650 m  (span 80.0 mm)
    Z depth : mean=0.4388 m  std=0.0214 m  min=0.3850 m  max=0.4650 m

  ── [STAGE 8c] Projection Steps ──
    [Step 1] Full-sensor pixel coords (before crop subtraction):
      u_sensor  min=311.0  max=460.0  mean=405.6
      v_sensor  min=280.0  max=481.0  mean=378.2
    [OK] Sensor-space OOB: u=0.0%  v=0.0%
    [Step 2] After crop subtraction (crop_left=0, crop_top=0):
      u_cropped min=311.0  max=460.0  mean=405.6
      v_cropped min=280.0  max=481.0  mean=378.2
    [Step 2 Check] Cropped coords outside canvas: u<0=0.0%  u>W=0.0%  v<0=0.0%  v>H=0.0%
    [Step 3] After scale to canvas (scale_x=1.0000, scale_y=1.0000):
      u  min=311  max=460  mean=405.6
      v  min=280  max=481  mean=378.2
      Canvas target size : 510W x 720H px

  ── [STAGE 8d] Expected mask centroid on canvas ──
      Projected centroid : u=405.6 px  v=378.2 px
      Canvas centre      : u=255.0 px  v=360.0 px
      Offset from centre : Δu=150.6 px  Δv=18.2 px

  ── [STAGE 8e] Bounds Filter ──
    Total projected points : 6,505
    Inside canvas bounds   : 6,505  (100.0%)
    Duplicate pixel hits    : 0
  [INFO] Density non-zero pixels: 6,505
  [INFO] Density peak count     : 1
  [INFO] Raw mask white pixels before morphology: 6,505
  [INFO] White pixels after close: 8,761
  [INFO] Morphological open skipped for tip-loss debugging.
  [INFO] White pixels after open (skipped): 8,761

  ── [STAGE 8f] Final Mask Stats ──
    Bounding box : 149W x 201H px
    Mask centroid: (385.5, 380.5) px
    White pixels : 8,761
  masking.py run ended: 2026-06-13 19:53:22.960121
