
================================================================================
  masking.py run started: 2026-06-13 19:54:46.488714
================================================================================

━━━ [STAGE 1] Loading Point Cloud Array
  [INFO] Total raw points loaded: 143,688

━━━ [STAGE 2] Statistical Outlier Demolition
  [INFO] Points surviving outlier filter: 139,490

━━━ [STAGE 3] Live Plane Surface Isolation (RANSAC)
  [INFO] Original RANSAC: a=0.0036, b=-0.3499, c=0.9368, d=-0.4455
  [INFO] Normal vector pointing down. Flipping coefficients up toward lens.
  [INFO] Points isolated on belt plane: 130,361
  [INFO] Non-plane points going to workspace filter: 9,129

━━━ [STAGE 5] Direction-Enforced Spatial Pre-Filtering
  [INFO] Height gate window : 1.50mm to 500.00mm
  [INFO] Dist-from-plane mm : min=-9.836 mean=25.010 median=25.439 max=42.145
  [INFO] Rejected by lower gate: 11 / 9,129
  [INFO] Rejected by upper gate: 0 / 9,129
  [DEBUG] Points passing directional spatial filters: 9,118

━━━ [STAGE 6] Spatial Structural Isolation Clustering (DBSCAN)
  [INFO] DBSCAN discovered 1 distinct point groups.

━━━ [STAGE 7] Multi-Gate Geometric Evaluation
  Cluster #00 -> Pts: 9118  | Dims(mm): X=333.5, Y= 99.2, Z= 64.0 | VolRatio: 0.192 | Gates: [G1-4=1 G5_Size=1 G6_3D=1] -> PASSED
  [INFO] Winning Cluster selected: ID #0 (Score=0.7135)
  [INFO] Winning cluster point count: 9,118

━━━ [STAGE 8] Projection — Sensor Space → Cropped Canvas

  ── [STAGE 8a] Coordinate System Parameters ──
    Intrinsics    : fx=149.444  fy=599.832  cx=1.739  cy=292.869
    Crop offsets  : left=0 px  top=0 px
    Depth sensor  : 255W x 576H px
    RGB canvas    : 510W x 720H px
    Scale factors : scale_x=2.000000  scale_y=1.250000

  ── [STAGE 8b] 3-D Cluster Bounding Box (world space) ──
    X range : 0.3043 m  →  0.6377 m  (span 333.5 mm)
    Y range : -0.0922 m  →  0.0070 m  (span 99.2 mm)
    Z range : 0.3980 m  →  0.4620 m  (span 64.0 mm)
    Z depth : mean=0.4306 m  std=0.0138 m  min=0.3980 m  max=0.4620 m

  ── [STAGE 8c] Projection Steps ──
    [Step 1] Full-sensor pixel coords (before crop subtraction):
      u_sensor  min=107.0  max=217.0  mean=169.7
      v_sensor  min=158.0  max=302.0  mean=230.8
    [OK] Sensor-space OOB: u=0.0%  v=0.0%
    [Step 2] After crop subtraction (crop_left=0, crop_top=0):
      u_cropped min=107.0  max=217.0  mean=169.7
      v_cropped min=158.0  max=302.0  mean=230.8
    [Step 2 Check] Cropped coords outside canvas: u<0=0.0%  u>W=0.0%  v<0=0.0%  v>H=0.0%
    [Step 3] After scale to canvas (scale_x=2.0000, scale_y=1.2500):
      u  min=214  max=434  mean=339.3
      v  min=198  max=378  mean=288.5
      Canvas target size : 510W x 720H px

  ── [STAGE 8d] Expected mask centroid on canvas ──
      Projected centroid : u=339.3 px  v=288.5 px
      Canvas centre      : u=255.0 px  v=360.0 px
      Offset from centre : Δu=84.3 px  Δv=-71.5 px

  ── [STAGE 8e] Bounds Filter ──
    Total projected points : 9,118
    Inside canvas bounds   : 9,118  (100.0%)
    Duplicate pixel hits    : 0
  [INFO] Density non-zero pixels: 9,118
  [INFO] Density peak count     : 1
  [INFO] Raw mask white pixels before morphology: 9,118
  [INFO] White pixels after close: 22,998
  [INFO] Morphological open skipped for tip-loss debugging.
  [INFO] White pixels after open (skipped): 22,998

  ── [STAGE 8f] Final Mask Stats ──
    Bounding box : 220W x 180H px
    Mask centroid: (324.0, 288.0) px
    White pixels : 22,998
  masking.py run ended: 2026-06-13 19:54:47.177162
