
================================================================================
  masking.py run started: 2026-06-13 20:07:30.037151
================================================================================

━━━ [STAGE 1] Loading Point Cloud Array
  [INFO] Total raw points loaded: 364,851

━━━ [STAGE 2] Statistical Outlier Demolition
  [INFO] Points surviving outlier filter: 354,460

━━━ [STAGE 3] Live Plane Surface Isolation (RANSAC)
  [INFO] Original RANSAC: a=0.0146, b=-0.1109, c=0.9937, d=-0.4727
  [INFO] Normal vector pointing down. Flipping coefficients up toward lens.
  [INFO] Points isolated on belt plane: 333,545
  [INFO] Non-plane points going to workspace filter: 20,915

━━━ [STAGE 5] Direction-Enforced Spatial Pre-Filtering
  [INFO] Height gate window : 1.50mm to 500.00mm
  [INFO] Dist-from-plane mm : min=8.277 mean=43.792 median=46.696 max=59.549
  [INFO] Rejected by lower gate: 0 / 20,915
  [INFO] Rejected by upper gate: 0 / 20,915
  [DEBUG] Points passing directional spatial filters: 20,915

━━━ [STAGE 6] Spatial Structural Isolation Clustering (DBSCAN)
  [INFO] DBSCAN discovered 2 distinct point groups.

━━━ [STAGE 7] Multi-Gate Geometric Evaluation
  Cluster #00 -> Pts: 20900 | Dims(mm): X=105.7, Y=204.0, Z= 55.0 | VolRatio: 0.270 | Gates: [G1-4=1 G5_Size=1 G6_3D=1] -> PASSED
  Cluster #01 -> Pts: 9     | Dims(mm): X=  1.3, Y=  1.3, Z=  0.0 | VolRatio: 0.000 | Gates: [G1-4=0 G5_Size=0 G6_3D=0] -> REJECTED
  [INFO] Winning Cluster selected: ID #0 (Score=0.7809)
  [INFO] Winning cluster point count: 20,900

━━━ [STAGE 8] Projection — Sensor Space → Cropped Canvas

  ── [STAGE 8a] Coordinate System Parameters ──
    Intrinsics    : fx=750.148  fy=749.790  cx=386.179  cy=366.086
    Crop offsets  : left=0 px  top=0 px
    Depth sensor  : 510W x 720H px
    RGB canvas    : 510W x 720H px
    Scale factors : scale_x=1.000000  scale_y=1.000000

  ── [STAGE 8b] 3-D Cluster Bounding Box (world space) ──
    X range : -0.0671 m  →  0.0386 m  (span 105.7 mm)
    Y range : -0.1513 m  →  0.0527 m  (span 204.0 mm)
    Z range : 0.4100 m  →  0.4650 m  (span 55.0 mm)
    Z depth : mean=0.4262 m  std=0.0131 m  min=0.4100 m  max=0.4650 m

  ── [STAGE 8c] Projection Steps ──
    [Step 1] Full-sensor pixel coords (before crop subtraction):
      u_sensor  min=270.0  max=449.0  mean=341.2
      v_sensor  min=110.0  max=451.0  mean=274.1
    [OK] Sensor-space OOB: u=0.0%  v=0.0%
    [Step 2] After crop subtraction (crop_left=0, crop_top=0):
      u_cropped min=270.0  max=449.0  mean=341.2
      v_cropped min=110.0  max=451.0  mean=274.1
    [Step 2 Check] Cropped coords outside canvas: u<0=0.0%  u>W=0.0%  v<0=0.0%  v>H=0.0%
    [Step 3] After scale to canvas (scale_x=1.0000, scale_y=1.0000):
      u  min=270  max=449  mean=341.2
      v  min=110  max=451  mean=274.1
      Canvas target size : 510W x 720H px

  ── [STAGE 8d] Expected mask centroid on canvas ──
      Projected centroid : u=341.2 px  v=274.1 px
      Canvas centre      : u=255.0 px  v=360.0 px
      Offset from centre : Δu=86.2 px  Δv=-85.9 px

  ── [STAGE 8e] Bounds Filter ──
    Total projected points : 20,900
    Inside canvas bounds   : 20,900  (100.0%)
    Duplicate pixel hits    : 0
  [INFO] Density non-zero pixels: 20,900
  [INFO] Density peak count     : 1
  [INFO] Raw mask white pixels before morphology: 20,900
  [INFO] White pixels after close: 22,348
  [INFO] Morphological open skipped for tip-loss debugging.
  [INFO] White pixels after open (skipped): 22,348

  ── [STAGE 8f] Final Mask Stats ──
    Bounding box : 179W x 341H px
    Mask centroid: (359.5, 280.5) px
    White pixels : 22,348
  masking.py run ended: 2026-06-13 20:07:34.819246
