
================================================================================
  masking.py run started: 2026-06-13 19:56:11.076719
================================================================================

━━━ [STAGE 1] Loading Point Cloud Array
  [INFO] Total raw points loaded: 363,650

━━━ [STAGE 2] Statistical Outlier Demolition
  [INFO] Points surviving outlier filter: 353,470

━━━ [STAGE 3] Live Plane Surface Isolation (RANSAC)
  [INFO] Original RANSAC: a=0.0159, b=-0.1958, c=0.9805, d=-0.4632
  [INFO] Normal vector pointing down. Flipping coefficients up toward lens.
  [INFO] Points isolated on belt plane: 346,100
  [INFO] Non-plane points going to workspace filter: 7,370

━━━ [STAGE 5] Direction-Enforced Spatial Pre-Filtering
  [INFO] Height gate window : 1.50mm to 500.00mm
  [INFO] Dist-from-plane mm : min=-16.206 mean=43.506 median=47.155 max=60.912
  [INFO] Rejected by lower gate: 84 / 7,370
  [INFO] Rejected by upper gate: 0 / 7,370
  [DEBUG] Points passing directional spatial filters: 7,286

━━━ [STAGE 6] Spatial Structural Isolation Clustering (DBSCAN)
  [INFO] DBSCAN discovered 1 distinct point groups.

━━━ [STAGE 7] Multi-Gate Geometric Evaluation
  Cluster #00 -> Pts: 7286  | Dims(mm): X= 39.0, Y= 85.8, Z= 51.0 | VolRatio: 0.455 | Gates: [G1-4=1 G5_Size=1 G6_3D=1] -> PASSED
  [INFO] Winning Cluster selected: ID #0 (Score=0.7008)
  [INFO] Winning cluster point count: 7,286

━━━ [STAGE 8] Projection — Sensor Space → Cropped Canvas

  ── [STAGE 8a] Coordinate System Parameters ──
    Intrinsics    : fx=750.148  fy=749.790  cx=386.179  cy=366.086
    Crop offsets  : left=0 px  top=0 px
    Depth sensor  : 510W x 720H px
    RGB canvas    : 510W x 720H px
    Scale factors : scale_x=1.000000  scale_y=1.000000

  ── [STAGE 8b] 3-D Cluster Bounding Box (world space) ──
    X range : 0.0319 m  →  0.0709 m  (span 39.0 mm)
    Y range : -0.0848 m  →  0.0011 m  (span 85.8 mm)
    Z range : 0.4010 m  →  0.4520 m  (span 51.0 mm)
    Z depth : mean=0.4177 m  std=0.0121 m  min=0.4010 m  max=0.4520 m

  ── [STAGE 8c] Projection Steps ──
    [Step 1] Full-sensor pixel coords (before crop subtraction):
      u_sensor  min=440.0  max=509.0  mean=479.5
      v_sensor  min=216.0  max=368.0  mean=285.9
    [OK] Sensor-space OOB: u=0.0%  v=0.0%
    [Step 2] After crop subtraction (crop_left=0, crop_top=0):
      u_cropped min=440.0  max=509.0  mean=479.5
      v_cropped min=216.0  max=368.0  mean=285.9
    [Step 2 Check] Cropped coords outside canvas: u<0=0.0%  u>W=0.0%  v<0=0.0%  v>H=0.0%
    [Step 3] After scale to canvas (scale_x=1.0000, scale_y=1.0000):
      u  min=440  max=509  mean=479.5
      v  min=216  max=368  mean=285.9
      Canvas target size : 510W x 720H px

  ── [STAGE 8d] Expected mask centroid on canvas ──
      Projected centroid : u=479.5 px  v=285.9 px
      Canvas centre      : u=255.0 px  v=360.0 px
      Offset from centre : Δu=224.5 px  Δv=-74.1 px

  ── [STAGE 8e] Bounds Filter ──
    Total projected points : 7,286
    Inside canvas bounds   : 7,286  (100.0%)
    Duplicate pixel hits    : 0
  [INFO] Density non-zero pixels: 7,286
  [INFO] Density peak count     : 1
  [INFO] Raw mask white pixels before morphology: 7,286
  [INFO] White pixels after close: 8,140
  [INFO] Morphological open skipped for tip-loss debugging.
  [INFO] White pixels after open (skipped): 8,140

  ── [STAGE 8f] Final Mask Stats ──
    Bounding box : 69W x 152H px
    Mask centroid: (474.5, 292.0) px
    White pixels : 8,140
  masking.py run ended: 2026-06-13 19:56:13.035815
