
================================================================================
  masking.py run started: 2026-06-13 19:50:54.606202
================================================================================

━━━ [STAGE 1] Loading Point Cloud Array
  [INFO] Total raw points loaded: 366,078

━━━ [STAGE 2] Statistical Outlier Demolition
  [INFO] Points surviving outlier filter: 354,426

━━━ [STAGE 3] Live Plane Surface Isolation (RANSAC)
  [INFO] Original RANSAC: a=0.0179, b=-0.0819, c=0.9965, d=-0.4747
  [INFO] Normal vector pointing down. Flipping coefficients up toward lens.
  [INFO] Points isolated on belt plane: 325,781
  [INFO] Non-plane points going to workspace filter: 28,645

━━━ [STAGE 5] Direction-Enforced Spatial Pre-Filtering
  [INFO] Height gate window : 1.50mm to 500.00mm
  [INFO] Dist-from-plane mm : min=11.161 mean=21.177 median=19.061 max=44.596
  [INFO] Rejected by lower gate: 0 / 28,645
  [INFO] Rejected by upper gate: 0 / 28,645
  [DEBUG] Points passing directional spatial filters: 28,645

━━━ [STAGE 6] Spatial Structural Isolation Clustering (DBSCAN)
  [INFO] DBSCAN discovered 2 distinct point groups.

━━━ [STAGE 7] Multi-Gate Geometric Evaluation
  Cluster #00 -> Pts: 28637 | Dims(mm): X=138.3, Y=144.6, Z= 43.0 | VolRatio: 0.297 | Gates: [G1-4=1 G5_Size=1 G6_3D=1] -> PASSED
  Cluster #01 -> Pts: 8     | Dims(mm): X=  1.3, Y=  1.3, Z=  0.0 | VolRatio: 0.000 | Gates: [G1-4=0 G5_Size=0 G6_3D=0] -> REJECTED
  [INFO] Winning Cluster selected: ID #0 (Score=0.7892)
  [INFO] Winning cluster point count: 28,637

━━━ [STAGE 8] Projection — Sensor Space → Cropped Canvas

  ── [STAGE 8a] Coordinate System Parameters ──
    Intrinsics    : fx=750.148  fy=749.790  cx=386.179  cy=366.086
    Crop offsets  : left=0 px  top=0 px
    Depth sensor  : 510W x 720H px
    RGB canvas    : 510W x 720H px
    Scale factors : scale_x=1.000000  scale_y=1.000000

  ── [STAGE 8b] 3-D Cluster Bounding Box (world space) ──
    X range : -0.0693 m  →  0.0691 m  (span 138.3 mm)
    Y range : -0.2168 m  →  -0.0722 m  (span 144.6 mm)
    Z range : 0.4140 m  →  0.4570 m  (span 43.0 mm)
    Z depth : mean=0.4422 m  std=0.0085 m  min=0.4140 m  max=0.4570 m

  ── [STAGE 8c] Projection Steps ──
    [Step 1] Full-sensor pixel coords (before crop subtraction):
      u_sensor  min=272.0  max=509.0  mean=399.8
      v_sensor  min=-0.0  max=246.0  mean=102.6
    [OK] Sensor-space OOB: u=0.0%  v=0.0%
    [Step 2] After crop subtraction (crop_left=0, crop_top=0):
      u_cropped min=272.0  max=509.0  mean=399.8
      v_cropped min=-0.0  max=246.0  mean=102.6
    [Step 2 Check] Cropped coords outside canvas: u<0=0.0%  u>W=0.0%  v<0=0.0%  v>H=0.0%
    [Step 3] After scale to canvas (scale_x=1.0000, scale_y=1.0000):
      u  min=272  max=509  mean=399.8
      v  min=0  max=246  mean=102.6
      Canvas target size : 510W x 720H px

  ── [STAGE 8d] Expected mask centroid on canvas ──
      Projected centroid : u=399.8 px  v=102.6 px
      Canvas centre      : u=255.0 px  v=360.0 px
      Offset from centre : Δu=144.8 px  Δv=-257.4 px

  ── [STAGE 8e] Bounds Filter ──
    Total projected points : 28,637
    Inside canvas bounds   : 28,637  (100.0%)
    Duplicate pixel hits    : 0
  [INFO] Density non-zero pixels: 28,637
  [INFO] Density peak count     : 1
  [INFO] Raw mask white pixels before morphology: 28,637
  [INFO] White pixels after close: 30,529
  [INFO] Morphological open skipped for tip-loss debugging.
  [INFO] White pixels after open (skipped): 30,529

  ── [STAGE 8f] Final Mask Stats ──
    Bounding box : 237W x 246H px
    Mask centroid: (390.5, 123.0) px
    White pixels : 30,529
  masking.py run ended: 2026-06-13 19:50:58.174653
