
================================================================================
  masking.py run started: 2026-06-13 19:47:53.224875
================================================================================

━━━ [STAGE 1] Loading Point Cloud Array
  [INFO] Total raw points loaded: 366,415

━━━ [STAGE 2] Statistical Outlier Demolition
  [INFO] Points surviving outlier filter: 354,972

━━━ [STAGE 3] Live Plane Surface Isolation (RANSAC)
  [INFO] Original RANSAC: a=0.0141, b=-0.0504, c=0.9986, d=-0.4783
  [INFO] Normal vector pointing down. Flipping coefficients up toward lens.
  [INFO] Points isolated on belt plane: 340,360
  [INFO] Non-plane points going to workspace filter: 14,612

━━━ [STAGE 5] Direction-Enforced Spatial Pre-Filtering
  [INFO] Height gate window : 1.50mm to 500.00mm
  [INFO] Dist-from-plane mm : min=17.243 mean=29.598 median=30.839 max=41.148
  [INFO] Rejected by lower gate: 0 / 14,612
  [INFO] Rejected by upper gate: 0 / 14,612
  [DEBUG] Points passing directional spatial filters: 14,612

━━━ [STAGE 6] Spatial Structural Isolation Clustering (DBSCAN)
  [INFO] DBSCAN discovered 1 distinct point groups.

━━━ [STAGE 7] Multi-Gate Geometric Evaluation
  Cluster #00 -> Pts: 14612 | Dims(mm): X=134.7, Y= 76.6, Z= 25.0 | VolRatio: 0.186 | Gates: [G1-4=1 G5_Size=1 G6_3D=1] -> PASSED
  [INFO] Winning Cluster selected: ID #0 (Score=0.7557)
  [INFO] Winning cluster point count: 14,612

━━━ [STAGE 8] Projection — Sensor Space → Cropped Canvas

  ── [STAGE 8a] Coordinate System Parameters ──
    Intrinsics    : fx=750.148  fy=749.790  cx=386.179  cy=366.086
    Crop offsets  : left=0 px  top=0 px
    Depth sensor  : 510W x 720H px
    RGB canvas    : 510W x 720H px
    Scale factors : scale_x=1.000000  scale_y=1.000000

  ── [STAGE 8b] 3-D Cluster Bounding Box (world space) ──
    X range : -0.2088 m  →  -0.0741 m  (span 134.7 mm)
    Y range : -0.2172 m  →  -0.1405 m  (span 76.6 mm)
    Z range : 0.4310 m  →  0.4560 m  (span 25.0 mm)
    Z depth : mean=0.4420 m  std=0.0051 m  min=0.4310 m  max=0.4560 m

  ── [STAGE 8c] Projection Steps ──
    [Step 1] Full-sensor pixel coords (before crop subtraction):
      u_sensor  min=31.0  max=263.0  mean=152.3
      v_sensor  min=0.0  max=135.0  mean=56.7
    [OK] Sensor-space OOB: u=0.0%  v=0.0%
    [Step 2] After crop subtraction (crop_left=0, crop_top=0):
      u_cropped min=31.0  max=263.0  mean=152.3
      v_cropped min=0.0  max=135.0  mean=56.7
    [Step 2 Check] Cropped coords outside canvas: u<0=0.0%  u>W=0.0%  v<0=0.0%  v>H=0.0%
    [Step 3] After scale to canvas (scale_x=1.0000, scale_y=1.0000):
      u  min=31  max=263  mean=152.3
      v  min=0  max=135  mean=56.7
      Canvas target size : 510W x 720H px

  ── [STAGE 8d] Expected mask centroid on canvas ──
      Projected centroid : u=152.3 px  v=56.7 px
      Canvas centre      : u=255.0 px  v=360.0 px
      Offset from centre : Δu=-102.7 px  Δv=-303.3 px

  ── [STAGE 8e] Bounds Filter ──
    Total projected points : 14,612
    Inside canvas bounds   : 14,612  (100.0%)
    Duplicate pixel hits    : 0
  [INFO] Density non-zero pixels: 14,612
  [INFO] Density peak count     : 1
  [INFO] Raw mask white pixels before morphology: 14,612
  [INFO] White pixels after close: 16,366
  [INFO] Morphological open skipped for tip-loss debugging.
  [INFO] White pixels after open (skipped): 16,366

  ── [STAGE 8f] Final Mask Stats ──
    Bounding box : 232W x 135H px
    Mask centroid: (147.0, 67.5) px
    White pixels : 16,366
  masking.py run ended: 2026-06-13 19:47:55.743767
