
================================================================================
  masking.py run started: 2026-06-13 20:06:48.091429
================================================================================

━━━ [STAGE 1] Loading Point Cloud Array
  [INFO] Total raw points loaded: 365,747

━━━ [STAGE 2] Statistical Outlier Demolition
  [INFO] Points surviving outlier filter: 354,473

━━━ [STAGE 3] Live Plane Surface Isolation (RANSAC)
  [INFO] Original RANSAC: a=0.0141, b=-0.1018, c=0.9947, d=-0.4737
  [INFO] Normal vector pointing down. Flipping coefficients up toward lens.
  [INFO] Points isolated on belt plane: 348,625
  [INFO] Non-plane points going to workspace filter: 5,848

━━━ [STAGE 5] Direction-Enforced Spatial Pre-Filtering
  [INFO] Height gate window : 1.50mm to 500.00mm
  [INFO] Dist-from-plane mm : min=-5.935 mean=31.796 median=31.253 max=52.482
  [INFO] Rejected by lower gate: 43 / 5,848
  [INFO] Rejected by upper gate: 0 / 5,848
  [DEBUG] Points passing directional spatial filters: 5,805

━━━ [STAGE 6] Spatial Structural Isolation Clustering (DBSCAN)
  [INFO] DBSCAN discovered 2 distinct point groups.

━━━ [STAGE 7] Multi-Gate Geometric Evaluation
  Cluster #00 -> Pts: 21    | Dims(mm): X=  3.1, Y=  3.1, Z=  2.0 | VolRatio: 0.647 | Gates: [G1-4=0 G5_Size=0 G6_3D=1] -> REJECTED
  Cluster #01 -> Pts: 5784  | Dims(mm): X= 41.3, Y= 92.2, Z= 41.0 | VolRatio: 0.445 | Gates: [G1-4=1 G5_Size=1 G6_3D=1] -> PASSED
  [INFO] Winning Cluster selected: ID #1 (Score=0.6226)
  [INFO] Winning cluster point count: 5,784

━━━ [STAGE 8] Projection — Sensor Space → Cropped Canvas

  ── [STAGE 8a] Coordinate System Parameters ──
    Intrinsics    : fx=750.148  fy=749.790  cx=386.179  cy=366.086
    Crop offsets  : left=0 px  top=0 px
    Depth sensor  : 510W x 720H px
    RGB canvas    : 510W x 720H px
    Scale factors : scale_x=1.000000  scale_y=1.000000

  ── [STAGE 8b] 3-D Cluster Bounding Box (world space) ──
    X range : 0.0318 m  →  0.0731 m  (span 41.3 mm)
    Y range : -0.0309 m  →  0.0613 m  (span 92.2 mm)
    Z range : 0.4220 m  →  0.4630 m  (span 41.0 mm)
    Z depth : mean=0.4447 m  std=0.0093 m  min=0.4220 m  max=0.4630 m

  ── [STAGE 8c] Projection Steps ──
    [Step 1] Full-sensor pixel coords (before crop subtraction):
      u_sensor  min=438.0  max=509.0  mean=474.6
      v_sensor  min=315.0  max=468.0  mean=391.0
    [OK] Sensor-space OOB: u=0.0%  v=0.0%
    [Step 2] After crop subtraction (crop_left=0, crop_top=0):
      u_cropped min=438.0  max=509.0  mean=474.6
      v_cropped min=315.0  max=468.0  mean=391.0
    [Step 2 Check] Cropped coords outside canvas: u<0=0.0%  u>W=0.0%  v<0=0.0%  v>H=0.0%
    [Step 3] After scale to canvas (scale_x=1.0000, scale_y=1.0000):
      u  min=438  max=509  mean=474.6
      v  min=315  max=468  mean=391.0
      Canvas target size : 510W x 720H px

  ── [STAGE 8d] Expected mask centroid on canvas ──
      Projected centroid : u=474.6 px  v=391.0 px
      Canvas centre      : u=255.0 px  v=360.0 px
      Offset from centre : Δu=219.6 px  Δv=31.0 px

  ── [STAGE 8e] Bounds Filter ──
    Total projected points : 5,784
    Inside canvas bounds   : 5,784  (100.0%)
    Duplicate pixel hits    : 0
  [INFO] Density non-zero pixels: 5,784
  [INFO] Density peak count     : 1
  [INFO] Raw mask white pixels before morphology: 5,784
  [INFO] White pixels after close: 7,195
  [INFO] Morphological open skipped for tip-loss debugging.
  [INFO] White pixels after open (skipped): 7,195

  ── [STAGE 8f] Final Mask Stats ──
    Bounding box : 71W x 153H px
    Mask centroid: (473.5, 391.5) px
    White pixels : 7,195
  masking.py run ended: 2026-06-13 20:06:49.581360
