
================================================================================
  masking.py run started: 2026-06-13 20:04:33.733882
================================================================================

━━━ [STAGE 1] Loading Point Cloud Array
  [INFO] Total raw points loaded: 365,883

━━━ [STAGE 2] Statistical Outlier Demolition
  [INFO] Points surviving outlier filter: 358,238

━━━ [STAGE 3] Live Plane Surface Isolation (RANSAC)
  [INFO] Original RANSAC: a=0.0134, b=-0.0903, c=0.9958, d=-0.4749
  [INFO] Normal vector pointing down. Flipping coefficients up toward lens.
  [INFO] Points isolated on belt plane: 336,887
  [INFO] Non-plane points going to workspace filter: 21,351

━━━ [STAGE 5] Direction-Enforced Spatial Pre-Filtering
  [INFO] Height gate window : 1.50mm to 500.00mm
  [INFO] Dist-from-plane mm : min=14.884 mean=64.181 median=66.163 max=79.523
  [INFO] Rejected by lower gate: 0 / 21,351
  [INFO] Rejected by upper gate: 0 / 21,351
  [DEBUG] Points passing directional spatial filters: 21,351

━━━ [STAGE 6] Spatial Structural Isolation Clustering (DBSCAN)
  [INFO] DBSCAN discovered 1 distinct point groups.

━━━ [STAGE 7] Multi-Gate Geometric Evaluation
  Cluster #00 -> Pts: 21351 | Dims(mm): X=103.8, Y= 90.7, Z= 62.0 | VolRatio: 0.597 | Gates: [G1-4=1 G5_Size=1 G6_3D=1] -> PASSED
  [INFO] Winning Cluster selected: ID #0 (Score=0.8791)
  [INFO] Winning cluster point count: 21,351

━━━ [STAGE 8] Projection — Sensor Space → Cropped Canvas

  ── [STAGE 8a] Coordinate System Parameters ──
    Intrinsics    : fx=750.148  fy=749.790  cx=386.179  cy=366.086
    Crop offsets  : left=0 px  top=0 px
    Depth sensor  : 510W x 720H px
    RGB canvas    : 510W x 720H px
    Scale factors : scale_x=1.000000  scale_y=1.000000

  ── [STAGE 8b] 3-D Cluster Bounding Box (world space) ──
    X range : -0.0997 m  →  0.0041 m  (span 103.8 mm)
    Y range : -0.1550 m  →  -0.0643 m  (span 90.7 mm)
    Z range : 0.3890 m  →  0.4510 m  (span 62.0 mm)
    Z depth : mean=0.4037 m  std=0.0103 m  min=0.3890 m  max=0.4510 m

  ── [STAGE 8c] Projection Steps ──
    [Step 1] Full-sensor pixel coords (before crop subtraction):
      u_sensor  min=205.0  max=393.0  mean=293.3
      v_sensor  min=88.0  max=254.0  mean=172.2
    [OK] Sensor-space OOB: u=0.0%  v=0.0%
    [Step 2] After crop subtraction (crop_left=0, crop_top=0):
      u_cropped min=205.0  max=393.0  mean=293.3
      v_cropped min=88.0  max=254.0  mean=172.2
    [Step 2 Check] Cropped coords outside canvas: u<0=0.0%  u>W=0.0%  v<0=0.0%  v>H=0.0%
    [Step 3] After scale to canvas (scale_x=1.0000, scale_y=1.0000):
      u  min=205  max=393  mean=293.3
      v  min=88  max=254  mean=172.2
      Canvas target size : 510W x 720H px

  ── [STAGE 8d] Expected mask centroid on canvas ──
      Projected centroid : u=293.3 px  v=172.2 px
      Canvas centre      : u=255.0 px  v=360.0 px
      Offset from centre : Δu=38.3 px  Δv=-187.8 px

  ── [STAGE 8e] Bounds Filter ──
    Total projected points : 21,351
    Inside canvas bounds   : 21,351  (100.0%)
    Duplicate pixel hits    : 0
  [INFO] Density non-zero pixels: 21,351
  [INFO] Density peak count     : 1
  [INFO] Raw mask white pixels before morphology: 21,351
  [INFO] White pixels after close: 22,448
  [INFO] Morphological open skipped for tip-loss debugging.
  [INFO] White pixels after open (skipped): 22,448

  ── [STAGE 8f] Final Mask Stats ──
    Bounding box : 188W x 166H px
    Mask centroid: (299.0, 171.0) px
    White pixels : 22,448
  masking.py run ended: 2026-06-13 20:04:36.968151
