
================================================================================
  masking.py run started: 2026-06-13 19:49:39.092758
================================================================================

━━━ [STAGE 1] Loading Point Cloud Array
  [INFO] Total raw points loaded: 366,405

━━━ [STAGE 2] Statistical Outlier Demolition
  [INFO] Points surviving outlier filter: 357,447

━━━ [STAGE 3] Live Plane Surface Isolation (RANSAC)
  [INFO] Original RANSAC: a=0.0143, b=-0.0499, c=0.9987, d=-0.4785
  [INFO] Normal vector pointing down. Flipping coefficients up toward lens.
  [INFO] Points isolated on belt plane: 352,483
  [INFO] Non-plane points going to workspace filter: 4,964

━━━ [STAGE 5] Direction-Enforced Spatial Pre-Filtering
  [INFO] Height gate window : 1.50mm to 500.00mm
  [INFO] Dist-from-plane mm : min=12.433 mean=40.625 median=42.570 max=52.163
  [INFO] Rejected by lower gate: 0 / 4,964
  [INFO] Rejected by upper gate: 0 / 4,964
  [DEBUG] Points passing directional spatial filters: 4,964

━━━ [STAGE 6] Spatial Structural Isolation Clustering (DBSCAN)
  [INFO] DBSCAN discovered 1 distinct point groups.

━━━ [STAGE 7] Multi-Gate Geometric Evaluation
  Cluster #00 -> Pts: 4964  | Dims(mm): X= 42.5, Y=110.4, Z= 40.0 | VolRatio: 0.362 | Gates: [G1-4=1 G5_Size=1 G6_3D=1] -> PASSED
  [INFO] Winning Cluster selected: ID #0 (Score=0.5569)
  [INFO] Winning cluster point count: 4,964

━━━ [STAGE 8] Projection — Sensor Space → Cropped Canvas

  ── [STAGE 8a] Coordinate System Parameters ──
    Intrinsics    : fx=750.148  fy=749.790  cx=386.179  cy=366.086
    Crop offsets  : left=0 px  top=0 px
    Depth sensor  : 510W x 720H px
    RGB canvas    : 510W x 720H px
    Scale factors : scale_x=1.000000  scale_y=1.000000

  ── [STAGE 8b] 3-D Cluster Bounding Box (world space) ──
    X range : -0.0607 m  →  -0.0182 m  (span 42.5 mm)
    Y range : -0.2109 m  →  -0.1005 m  (span 110.4 mm)
    Z range : 0.4220 m  →  0.4620 m  (span 40.0 mm)
    Z depth : mean=0.4315 m  std=0.0081 m  min=0.4220 m  max=0.4620 m

  ── [STAGE 8c] Projection Steps ──
    [Step 1] Full-sensor pixel coords (before crop subtraction):
      u_sensor  min=281.0  max=356.0  mean=321.7
      v_sensor  min=0.0  max=203.0  mean=103.5
    [OK] Sensor-space OOB: u=0.0%  v=0.0%
    [Step 2] After crop subtraction (crop_left=0, crop_top=0):
      u_cropped min=281.0  max=356.0  mean=321.7
      v_cropped min=0.0  max=203.0  mean=103.5
    [Step 2 Check] Cropped coords outside canvas: u<0=0.0%  u>W=0.0%  v<0=0.0%  v>H=0.0%
    [Step 3] After scale to canvas (scale_x=1.0000, scale_y=1.0000):
      u  min=281  max=356  mean=321.7
      v  min=0  max=203  mean=103.5
      Canvas target size : 510W x 720H px

  ── [STAGE 8d] Expected mask centroid on canvas ──
      Projected centroid : u=321.7 px  v=103.5 px
      Canvas centre      : u=255.0 px  v=360.0 px
      Offset from centre : Δu=66.7 px  Δv=-256.5 px

  ── [STAGE 8e] Bounds Filter ──
    Total projected points : 4,964
    Inside canvas bounds   : 4,964  (100.0%)
    Duplicate pixel hits    : 0
  [INFO] Density non-zero pixels: 4,964
  [INFO] Density peak count     : 1
  [INFO] Raw mask white pixels before morphology: 4,964
  [INFO] White pixels after close: 6,164
  [INFO] Morphological open skipped for tip-loss debugging.
  [INFO] White pixels after open (skipped): 6,164

  ── [STAGE 8f] Final Mask Stats ──
    Bounding box : 75W x 203H px
    Mask centroid: (318.5, 101.5) px
    White pixels : 6,164
  masking.py run ended: 2026-06-13 19:49:40.737067
