
================================================================================
  masking.py run started: 2026-06-13 19:45:48.246558
================================================================================

━━━ [STAGE 1] Loading Point Cloud Array
  [INFO] Total raw points loaded: 366,554

━━━ [STAGE 2] Statistical Outlier Demolition
  [INFO] Points surviving outlier filter: 353,013

━━━ [STAGE 3] Live Plane Surface Isolation (RANSAC)
  [INFO] Original RANSAC: a=0.0147, b=-0.0350, c=0.9993, d=-0.4796
  [INFO] Normal vector pointing down. Flipping coefficients up toward lens.
  [INFO] Points isolated on belt plane: 346,396
  [INFO] Non-plane points going to workspace filter: 6,617

━━━ [STAGE 5] Direction-Enforced Spatial Pre-Filtering
  [INFO] Height gate window : 1.50mm to 500.00mm
  [INFO] Dist-from-plane mm : min=11.970 mean=25.915 median=27.126 max=36.248
  [INFO] Rejected by lower gate: 0 / 6,617
  [INFO] Rejected by upper gate: 0 / 6,617
  [DEBUG] Points passing directional spatial filters: 6,617

━━━ [STAGE 6] Spatial Structural Isolation Clustering (DBSCAN)
  [INFO] DBSCAN discovered 1 distinct point groups.

━━━ [STAGE 7] Multi-Gate Geometric Evaluation
  Cluster #00 -> Pts: 6617  | Dims(mm): X= 96.1, Y= 73.5, Z= 24.0 | VolRatio: 0.250 | Gates: [G1-4=1 G5_Size=1 G6_3D=1] -> PASSED
  [INFO] Winning Cluster selected: ID #0 (Score=0.6057)
  [INFO] Winning cluster point count: 6,617

━━━ [STAGE 8] Projection — Sensor Space → Cropped Canvas

  ── [STAGE 8a] Coordinate System Parameters ──
    Intrinsics    : fx=750.148  fy=749.790  cx=386.179  cy=366.086
    Crop offsets  : left=0 px  top=0 px
    Depth sensor  : 510W x 720H px
    RGB canvas    : 510W x 720H px
    Scale factors : scale_x=1.000000  scale_y=1.000000

  ── [STAGE 8b] 3-D Cluster Bounding Box (world space) ──
    X range : -0.0222 m  →  0.0740 m  (span 96.1 mm)
    Y range : 0.1479 m  →  0.2214 m  (span 73.5 mm)
    Z range : 0.4500 m  →  0.4740 m  (span 24.0 mm)
    Z depth : mean=0.4600 m  std=0.0059 m  min=0.4500 m  max=0.4740 m

  ── [STAGE 8c] Projection Steps ──
    [Step 1] Full-sensor pixel coords (before crop subtraction):
      u_sensor  min=351.0  max=506.0  mean=425.9
      v_sensor  min=602.0  max=718.0  mean=661.0
    [OK] Sensor-space OOB: u=0.0%  v=0.0%
    [Step 2] After crop subtraction (crop_left=0, crop_top=0):
      u_cropped min=351.0  max=506.0  mean=425.9
      v_cropped min=602.0  max=718.0  mean=661.0
    [Step 2 Check] Cropped coords outside canvas: u<0=0.0%  u>W=0.0%  v<0=0.0%  v>H=0.0%
    [Step 3] After scale to canvas (scale_x=1.0000, scale_y=1.0000):
      u  min=351  max=506  mean=425.9
      v  min=602  max=718  mean=661.0
      Canvas target size : 510W x 720H px

  ── [STAGE 8d] Expected mask centroid on canvas ──
      Projected centroid : u=425.9 px  v=661.0 px
      Canvas centre      : u=255.0 px  v=360.0 px
      Offset from centre : Δu=170.9 px  Δv=301.0 px

  ── [STAGE 8e] Bounds Filter ──
    Total projected points : 6,617
    Inside canvas bounds   : 6,617  (100.0%)
    Duplicate pixel hits    : 0
  [INFO] Density non-zero pixels: 6,617
  [INFO] Density peak count     : 1
  [INFO] Raw mask white pixels before morphology: 6,617
  [INFO] White pixels after close: 8,193
  [INFO] Morphological open skipped for tip-loss debugging.
  [INFO] White pixels after open (skipped): 8,193

  ── [STAGE 8f] Final Mask Stats ──
    Bounding box : 158W x 117H px
    Mask centroid: (430.0, 660.5) px
    White pixels : 8,193
  masking.py run ended: 2026-06-13 19:45:49.936229
