
================================================================================
  masking.py run started: 2026-06-13 19:51:18.683840
================================================================================

━━━ [STAGE 1] Loading Point Cloud Array
  [INFO] Total raw points loaded: 366,062

━━━ [STAGE 2] Statistical Outlier Demolition
  [INFO] Points surviving outlier filter: 356,748

━━━ [STAGE 3] Live Plane Surface Isolation (RANSAC)
  [INFO] Original RANSAC: a=0.0148, b=-0.0799, c=0.9967, d=-0.4752
  [INFO] Normal vector pointing down. Flipping coefficients up toward lens.
  [INFO] Points isolated on belt plane: 340,130
  [INFO] Non-plane points going to workspace filter: 16,618

━━━ [STAGE 5] Direction-Enforced Spatial Pre-Filtering
  [INFO] Height gate window : 1.50mm to 500.00mm
  [INFO] Dist-from-plane mm : min=13.411 mean=33.912 median=35.014 max=47.289
  [INFO] Rejected by lower gate: 0 / 16,618
  [INFO] Rejected by upper gate: 0 / 16,618
  [DEBUG] Points passing directional spatial filters: 16,618

━━━ [STAGE 6] Spatial Structural Isolation Clustering (DBSCAN)
  [INFO] DBSCAN discovered 2 distinct point groups.

━━━ [STAGE 7] Multi-Gate Geometric Evaluation
  Cluster #00 -> Pts: 15    | Dims(mm): X=  3.0, Y=  1.2, Z=  0.0 | VolRatio: 0.000 | Gates: [G1-4=0 G5_Size=0 G6_3D=0] -> REJECTED
  Cluster #01 -> Pts: 16603 | Dims(mm): X=113.3, Y=169.8, Z= 40.0 | VolRatio: 0.236 | Gates: [G1-4=1 G5_Size=1 G6_3D=1] -> PASSED
  [INFO] Winning Cluster selected: ID #1 (Score=0.7707)
  [INFO] Winning cluster point count: 16,603

━━━ [STAGE 8] Projection — Sensor Space → Cropped Canvas

  ── [STAGE 8a] Coordinate System Parameters ──
    Intrinsics    : fx=750.148  fy=749.790  cx=386.179  cy=366.086
    Crop offsets  : left=0 px  top=0 px
    Depth sensor  : 510W x 720H px
    RGB canvas    : 510W x 720H px
    Scale factors : scale_x=1.000000  scale_y=1.000000

  ── [STAGE 8b] 3-D Cluster Bounding Box (world space) ──
    X range : -0.0798 m  →  0.0336 m  (span 113.3 mm)
    Y range : -0.1081 m  →  0.0616 m  (span 169.8 mm)
    Z range : 0.4260 m  →  0.4660 m  (span 40.0 mm)
    Z depth : mean=0.4406 m  std=0.0095 m  min=0.4260 m  max=0.4660 m

  ── [STAGE 8c] Projection Steps ──
    [Step 1] Full-sensor pixel coords (before crop subtraction):
      u_sensor  min=248.0  max=442.0  mean=347.8
      v_sensor  min=180.0  max=467.0  mean=312.1
    [OK] Sensor-space OOB: u=0.0%  v=0.0%
    [Step 2] After crop subtraction (crop_left=0, crop_top=0):
      u_cropped min=248.0  max=442.0  mean=347.8
      v_cropped min=180.0  max=467.0  mean=312.1
    [Step 2 Check] Cropped coords outside canvas: u<0=0.0%  u>W=0.0%  v<0=0.0%  v>H=0.0%
    [Step 3] After scale to canvas (scale_x=1.0000, scale_y=1.0000):
      u  min=248  max=442  mean=347.8
      v  min=180  max=467  mean=312.1
      Canvas target size : 510W x 720H px

  ── [STAGE 8d] Expected mask centroid on canvas ──
      Projected centroid : u=347.8 px  v=312.1 px
      Canvas centre      : u=255.0 px  v=360.0 px
      Offset from centre : Δu=92.8 px  Δv=-47.9 px

  ── [STAGE 8e] Bounds Filter ──
    Total projected points : 16,603
    Inside canvas bounds   : 16,603  (100.0%)
    Duplicate pixel hits    : 0
  [INFO] Density non-zero pixels: 16,603
  [INFO] Density peak count     : 1
  [INFO] Raw mask white pixels before morphology: 16,603
  [INFO] White pixels after close: 17,650
  [INFO] Morphological open skipped for tip-loss debugging.
  [INFO] White pixels after open (skipped): 17,650

  ── [STAGE 8f] Final Mask Stats ──
    Bounding box : 194W x 287H px
    Mask centroid: (345.0, 323.5) px
    White pixels : 17,650
  masking.py run ended: 2026-06-13 19:51:20.859212
