
================================================================================
  masking.py run started: 2026-06-13 20:02:53.591691
================================================================================

━━━ [STAGE 1] Loading Point Cloud Array
  [INFO] Total raw points loaded: 365,932

━━━ [STAGE 2] Statistical Outlier Demolition
  [INFO] Points surviving outlier filter: 356,255

━━━ [STAGE 3] Live Plane Surface Isolation (RANSAC)
  [INFO] Original RANSAC: a=0.0117, b=-0.0891, c=0.9960, d=-0.4752
  [INFO] Normal vector pointing down. Flipping coefficients up toward lens.
  [INFO] Points isolated on belt plane: 334,262
  [INFO] Non-plane points going to workspace filter: 21,993

━━━ [STAGE 5] Direction-Enforced Spatial Pre-Filtering
  [INFO] Height gate window : 1.50mm to 500.00mm
  [INFO] Dist-from-plane mm : min=12.089 mean=53.053 median=55.292 max=68.633
  [INFO] Rejected by lower gate: 0 / 21,993
  [INFO] Rejected by upper gate: 0 / 21,993
  [DEBUG] Points passing directional spatial filters: 21,993

━━━ [STAGE 6] Spatial Structural Isolation Clustering (DBSCAN)
  [INFO] DBSCAN discovered 1 distinct point groups.

━━━ [STAGE 7] Multi-Gate Geometric Evaluation
  Cluster #00 -> Pts: 21993 | Dims(mm): X=142.7, Y= 89.2, Z= 59.0 | VolRatio: 0.414 | Gates: [G1-4=1 G5_Size=1 G6_3D=1] -> PASSED
  [INFO] Winning Cluster selected: ID #0 (Score=0.8241)
  [INFO] Winning cluster point count: 21,993

━━━ [STAGE 8] Projection — Sensor Space → Cropped Canvas

  ── [STAGE 8a] Coordinate System Parameters ──
    Intrinsics    : fx=750.148  fy=749.790  cx=386.179  cy=366.086
    Crop offsets  : left=0 px  top=0 px
    Depth sensor  : 510W x 720H px
    RGB canvas    : 510W x 720H px
    Scale factors : scale_x=1.000000  scale_y=1.000000

  ── [STAGE 8b] 3-D Cluster Bounding Box (world space) ──
    X range : -0.2245 m  →  -0.0818 m  (span 142.7 mm)
    Y range : -0.1055 m  →  -0.0163 m  (span 89.2 mm)
    Z range : 0.4050 m  →  0.4640 m  (span 59.0 mm)
    Z depth : mean=0.4205 m  std=0.0111 m  min=0.4050 m  max=0.4640 m

  ── [STAGE 8c] Projection Steps ──
    [Step 1] Full-sensor pixel coords (before crop subtraction):
      u_sensor  min=15.0  max=249.0  mean=132.8
      v_sensor  min=180.0  max=339.0  mean=266.3
    [OK] Sensor-space OOB: u=0.0%  v=0.0%
    [Step 2] After crop subtraction (crop_left=0, crop_top=0):
      u_cropped min=15.0  max=249.0  mean=132.8
      v_cropped min=180.0  max=339.0  mean=266.3
    [Step 2 Check] Cropped coords outside canvas: u<0=0.0%  u>W=0.0%  v<0=0.0%  v>H=0.0%
    [Step 3] After scale to canvas (scale_x=1.0000, scale_y=1.0000):
      u  min=15  max=249  mean=132.8
      v  min=180  max=339  mean=266.3
      Canvas target size : 510W x 720H px

  ── [STAGE 8d] Expected mask centroid on canvas ──
      Projected centroid : u=132.8 px  v=266.3 px
      Canvas centre      : u=255.0 px  v=360.0 px
      Offset from centre : Δu=-122.2 px  Δv=-93.7 px

  ── [STAGE 8e] Bounds Filter ──
    Total projected points : 21,993
    Inside canvas bounds   : 21,993  (100.0%)
    Duplicate pixel hits    : 0
  [INFO] Density non-zero pixels: 21,993
  [INFO] Density peak count     : 1
  [INFO] Raw mask white pixels before morphology: 21,993
  [INFO] White pixels after close: 23,379
  [INFO] Morphological open skipped for tip-loss debugging.
  [INFO] White pixels after open (skipped): 23,379

  ── [STAGE 8f] Final Mask Stats ──
    Bounding box : 234W x 159H px
    Mask centroid: (132.0, 259.5) px
    White pixels : 23,379
  masking.py run ended: 2026-06-13 20:02:57.220604
