
================================================================================
  masking.py run started: 2026-06-13 19:50:11.562545
================================================================================

━━━ [STAGE 1] Loading Point Cloud Array
  [INFO] Total raw points loaded: 366,410

━━━ [STAGE 2] Statistical Outlier Demolition
  [INFO] Points surviving outlier filter: 356,309

━━━ [STAGE 3] Live Plane Surface Isolation (RANSAC)
  [INFO] Original RANSAC: a=0.0144, b=-0.0499, c=0.9986, d=-0.4786
  [INFO] Normal vector pointing down. Flipping coefficients up toward lens.
  [INFO] Points isolated on belt plane: 329,645
  [INFO] Non-plane points going to workspace filter: 26,664

━━━ [STAGE 5] Direction-Enforced Spatial Pre-Filtering
  [INFO] Height gate window : 1.50mm to 500.00mm
  [INFO] Dist-from-plane mm : min=-11.647 mean=30.801 median=30.756 max=48.949
  [INFO] Rejected by lower gate: 13 / 26,664
  [INFO] Rejected by upper gate: 0 / 26,664
  [DEBUG] Points passing directional spatial filters: 26,651

━━━ [STAGE 6] Spatial Structural Isolation Clustering (DBSCAN)
  [INFO] DBSCAN discovered 1 distinct point groups.

━━━ [STAGE 7] Multi-Gate Geometric Evaluation
  Cluster #00 -> Pts: 26651 | Dims(mm): X= 89.8, Y=158.6, Z= 38.0 | VolRatio: 0.240 | Gates: [G1-4=1 G5_Size=1 G6_3D=1] -> PASSED
  [INFO] Winning Cluster selected: ID #0 (Score=0.7719)
  [INFO] Winning cluster point count: 26,651

━━━ [STAGE 8] Projection — Sensor Space → Cropped Canvas

  ── [STAGE 8a] Coordinate System Parameters ──
    Intrinsics    : fx=750.148  fy=749.790  cx=386.179  cy=366.086
    Crop offsets  : left=0 px  top=0 px
    Depth sensor  : 510W x 720H px
    RGB canvas    : 510W x 720H px
    Scale factors : scale_x=1.000000  scale_y=1.000000

  ── [STAGE 8b] 3-D Cluster Bounding Box (world space) ──
    X range : -0.1239 m  →  -0.0341 m  (span 89.8 mm)
    Y range : -0.1330 m  →  0.0257 m  (span 158.6 mm)
    Z range : 0.4300 m  →  0.4680 m  (span 38.0 mm)
    Z depth : mean=0.4466 m  std=0.0063 m  min=0.4300 m  max=0.4680 m

  ── [STAGE 8c] Projection Steps ──
    [Step 1] Full-sensor pixel coords (before crop subtraction):
      u_sensor  min=174.0  max=331.0  mean=252.3
      v_sensor  min=140.0  max=408.0  mean=267.3
    [OK] Sensor-space OOB: u=0.0%  v=0.0%
    [Step 2] After crop subtraction (crop_left=0, crop_top=0):
      u_cropped min=174.0  max=331.0  mean=252.3
      v_cropped min=140.0  max=408.0  mean=267.3
    [Step 2 Check] Cropped coords outside canvas: u<0=0.0%  u>W=0.0%  v<0=0.0%  v>H=0.0%
    [Step 3] After scale to canvas (scale_x=1.0000, scale_y=1.0000):
      u  min=174  max=331  mean=252.3
      v  min=140  max=408  mean=267.3
      Canvas target size : 510W x 720H px

  ── [STAGE 8d] Expected mask centroid on canvas ──
      Projected centroid : u=252.3 px  v=267.3 px
      Canvas centre      : u=255.0 px  v=360.0 px
      Offset from centre : Δu=-2.7 px  Δv=-92.7 px

  ── [STAGE 8e] Bounds Filter ──
    Total projected points : 26,651
    Inside canvas bounds   : 26,651  (100.0%)
    Duplicate pixel hits    : 0
  [INFO] Density non-zero pixels: 26,651
  [INFO] Density peak count     : 1
  [INFO] Raw mask white pixels before morphology: 26,651
  [INFO] White pixels after close: 28,134
  [INFO] Morphological open skipped for tip-loss debugging.
  [INFO] White pixels after open (skipped): 28,134

  ── [STAGE 8f] Final Mask Stats ──
    Bounding box : 157W x 268H px
    Mask centroid: (252.5, 274.0) px
    White pixels : 28,134
  masking.py run ended: 2026-06-13 19:50:16.793279
