
================================================================================
  masking.py run started: 2026-06-13 20:03:55.915606
================================================================================

━━━ [STAGE 1] Loading Point Cloud Array
  [INFO] Total raw points loaded: 365,848

━━━ [STAGE 2] Statistical Outlier Demolition
  [INFO] Points surviving outlier filter: 355,704

━━━ [STAGE 3] Live Plane Surface Isolation (RANSAC)
  [INFO] Original RANSAC: a=0.0123, b=-0.0894, c=0.9959, d=-0.4752
  [INFO] Normal vector pointing down. Flipping coefficients up toward lens.
  [INFO] Points isolated on belt plane: 335,368
  [INFO] Non-plane points going to workspace filter: 20,336

━━━ [STAGE 5] Direction-Enforced Spatial Pre-Filtering
  [INFO] Height gate window : 1.50mm to 500.00mm
  [INFO] Dist-from-plane mm : min=13.490 mean=46.567 median=50.610 max=63.313
  [INFO] Rejected by lower gate: 0 / 20,336
  [INFO] Rejected by upper gate: 0 / 20,336
  [DEBUG] Points passing directional spatial filters: 20,336

━━━ [STAGE 6] Spatial Structural Isolation Clustering (DBSCAN)
  [INFO] DBSCAN discovered 1 distinct point groups.

━━━ [STAGE 7] Multi-Gate Geometric Evaluation
  Cluster #00 -> Pts: 20336 | Dims(mm): X= 91.2, Y=186.0, Z= 57.0 | VolRatio: 0.307 | Gates: [G1-4=1 G5_Size=1 G6_3D=1] -> PASSED
  [INFO] Winning Cluster selected: ID #0 (Score=0.7920)
  [INFO] Winning cluster point count: 20,336

━━━ [STAGE 8] Projection — Sensor Space → Cropped Canvas

  ── [STAGE 8a] Coordinate System Parameters ──
    Intrinsics    : fx=750.148  fy=749.790  cx=386.179  cy=366.086
    Crop offsets  : left=0 px  top=0 px
    Depth sensor  : 510W x 720H px
    RGB canvas    : 510W x 720H px
    Scale factors : scale_x=1.000000  scale_y=1.000000

  ── [STAGE 8b] 3-D Cluster Bounding Box (world space) ──
    X range : -0.1913 m  →  -0.1001 m  (span 91.2 mm)
    Y range : -0.2161 m  →  -0.0301 m  (span 186.0 mm)
    Z range : 0.4040 m  →  0.4610 m  (span 57.0 mm)
    Z depth : mean=0.4221 m  std=0.0133 m  min=0.4040 m  max=0.4610 m

  ── [STAGE 8c] Projection Steps ──
    [Step 1] Full-sensor pixel coords (before crop subtraction):
      u_sensor  min=68.0  max=219.0  mean=140.5
      v_sensor  min=0.0  max=316.0  mean=167.4
    [OK] Sensor-space OOB: u=0.0%  v=0.0%
    [Step 2] After crop subtraction (crop_left=0, crop_top=0):
      u_cropped min=68.0  max=219.0  mean=140.5
      v_cropped min=0.0  max=316.0  mean=167.4
    [Step 2 Check] Cropped coords outside canvas: u<0=0.0%  u>W=0.0%  v<0=0.0%  v>H=0.0%
    [Step 3] After scale to canvas (scale_x=1.0000, scale_y=1.0000):
      u  min=68  max=219  mean=140.5
      v  min=0  max=316  mean=167.4
      Canvas target size : 510W x 720H px

  ── [STAGE 8d] Expected mask centroid on canvas ──
      Projected centroid : u=140.5 px  v=167.4 px
      Canvas centre      : u=255.0 px  v=360.0 px
      Offset from centre : Δu=-114.5 px  Δv=-192.6 px

  ── [STAGE 8e] Bounds Filter ──
    Total projected points : 20,336
    Inside canvas bounds   : 20,336  (100.0%)
    Duplicate pixel hits    : 0
  [INFO] Density non-zero pixels: 20,336
  [INFO] Density peak count     : 1
  [INFO] Raw mask white pixels before morphology: 20,336
  [INFO] White pixels after close: 22,442
  [INFO] Morphological open skipped for tip-loss debugging.
  [INFO] White pixels after open (skipped): 22,442

  ── [STAGE 8f] Final Mask Stats ──
    Bounding box : 151W x 316H px
    Mask centroid: (143.5, 158.0) px
    White pixels : 22,442
  masking.py run ended: 2026-06-13 20:03:58.675540
