
================================================================================
  masking.py run started: 2026-06-13 19:56:47.864351
================================================================================

━━━ [STAGE 1] Loading Point Cloud Array
  [INFO] Total raw points loaded: 363,614

━━━ [STAGE 2] Statistical Outlier Demolition
  [INFO] Points surviving outlier filter: 354,048

━━━ [STAGE 3] Live Plane Surface Isolation (RANSAC)
  [INFO] Original RANSAC: a=0.0132, b=-0.1954, c=0.9806, d=-0.4632
  [INFO] Normal vector pointing down. Flipping coefficients up toward lens.
  [INFO] Points isolated on belt plane: 321,026
  [INFO] Non-plane points going to workspace filter: 33,022

━━━ [STAGE 5] Direction-Enforced Spatial Pre-Filtering
  [INFO] Height gate window : 1.50mm to 500.00mm
  [INFO] Dist-from-plane mm : min=13.563 mean=52.811 median=49.239 max=83.846
  [INFO] Rejected by lower gate: 0 / 33,022
  [INFO] Rejected by upper gate: 0 / 33,022
  [DEBUG] Points passing directional spatial filters: 33,022

━━━ [STAGE 6] Spatial Structural Isolation Clustering (DBSCAN)
  [INFO] DBSCAN discovered 1 distinct point groups.

━━━ [STAGE 7] Multi-Gate Geometric Evaluation
  Cluster #00 -> Pts: 33022 | Dims(mm): X=147.6, Y=125.4, Z= 75.0 | VolRatio: 0.508 | Gates: [G1-4=1 G5_Size=1 G6_3D=1] -> PASSED
  [INFO] Winning Cluster selected: ID #0 (Score=0.8524)
  [INFO] Winning cluster point count: 33,022

━━━ [STAGE 8] Projection — Sensor Space → Cropped Canvas

  ── [STAGE 8a] Coordinate System Parameters ──
    Intrinsics    : fx=750.148  fy=749.790  cx=386.179  cy=366.086
    Crop offsets  : left=0 px  top=0 px
    Depth sensor  : 510W x 720H px
    RGB canvas    : 510W x 720H px
    Scale factors : scale_x=1.000000  scale_y=1.000000

  ── [STAGE 8b] 3-D Cluster Bounding Box (world space) ──
    X range : -0.1570 m  →  -0.0094 m  (span 147.6 mm)
    Y range : -0.1099 m  →  0.0154 m  (span 125.4 mm)
    Z range : 0.3770 m  →  0.4520 m  (span 75.0 mm)
    Z depth : mean=0.4110 m  std=0.0167 m  min=0.3770 m  max=0.4520 m

  ── [STAGE 8c] Projection Steps ──
    [Step 1] Full-sensor pixel coords (before crop subtraction):
      u_sensor  min=111.0  max=370.0  mean=241.1
      v_sensor  min=168.0  max=392.0  mean=285.9
    [OK] Sensor-space OOB: u=0.0%  v=0.0%
    [Step 2] After crop subtraction (crop_left=0, crop_top=0):
      u_cropped min=111.0  max=370.0  mean=241.1
      v_cropped min=168.0  max=392.0  mean=285.9
    [Step 2 Check] Cropped coords outside canvas: u<0=0.0%  u>W=0.0%  v<0=0.0%  v>H=0.0%
    [Step 3] After scale to canvas (scale_x=1.0000, scale_y=1.0000):
      u  min=111  max=370  mean=241.1
      v  min=168  max=392  mean=285.9
      Canvas target size : 510W x 720H px

  ── [STAGE 8d] Expected mask centroid on canvas ──
      Projected centroid : u=241.1 px  v=285.9 px
      Canvas centre      : u=255.0 px  v=360.0 px
      Offset from centre : Δu=-13.9 px  Δv=-74.1 px

  ── [STAGE 8e] Bounds Filter ──
    Total projected points : 33,022
    Inside canvas bounds   : 33,022  (100.0%)
    Duplicate pixel hits    : 0
  [INFO] Density non-zero pixels: 33,022
  [INFO] Density peak count     : 1
  [INFO] Raw mask white pixels before morphology: 33,022
  [INFO] White pixels after close: 34,684
  [INFO] Morphological open skipped for tip-loss debugging.
  [INFO] White pixels after open (skipped): 34,684

  ── [STAGE 8f] Final Mask Stats ──
    Bounding box : 259W x 224H px
    Mask centroid: (240.5, 280.0) px
    White pixels : 34,684
  masking.py run ended: 2026-06-13 19:56:54.212876
