
================================================================================
  masking.py run started: 2026-06-13 20:01:28.628082
================================================================================

━━━ [STAGE 1] Loading Point Cloud Array
  [INFO] Total raw points loaded: 366,196

━━━ [STAGE 2] Statistical Outlier Demolition
  [INFO] Points surviving outlier filter: 356,320

━━━ [STAGE 3] Live Plane Surface Isolation (RANSAC)
  [INFO] Original RANSAC: a=0.0137, b=-0.0697, c=0.9975, d=-0.4772
  [INFO] Normal vector pointing down. Flipping coefficients up toward lens.
  [INFO] Points isolated on belt plane: 338,551
  [INFO] Non-plane points going to workspace filter: 17,769

━━━ [STAGE 5] Direction-Enforced Spatial Pre-Filtering
  [INFO] Height gate window : 1.50mm to 500.00mm
  [INFO] Dist-from-plane mm : min=9.290 mean=46.360 median=49.223 max=62.776
  [INFO] Rejected by lower gate: 0 / 17,769
  [INFO] Rejected by upper gate: 0 / 17,769
  [DEBUG] Points passing directional spatial filters: 17,769

━━━ [STAGE 6] Spatial Structural Isolation Clustering (DBSCAN)
  [INFO] DBSCAN discovered 1 distinct point groups.

━━━ [STAGE 7] Multi-Gate Geometric Evaluation
  Cluster #00 -> Pts: 17769 | Dims(mm): X= 98.1, Y=193.7, Z= 56.0 | VolRatio: 0.289 | Gates: [G1-4=1 G5_Size=1 G6_3D=1] -> PASSED
  [INFO] Winning Cluster selected: ID #0 (Score=0.7867)
  [INFO] Winning cluster point count: 17,769

━━━ [STAGE 8] Projection — Sensor Space → Cropped Canvas

  ── [STAGE 8a] Coordinate System Parameters ──
    Intrinsics    : fx=750.148  fy=749.790  cx=386.179  cy=366.086
    Crop offsets  : left=0 px  top=0 px
    Depth sensor  : 510W x 720H px
    RGB canvas    : 510W x 720H px
    Scale factors : scale_x=1.000000  scale_y=1.000000

  ── [STAGE 8b] 3-D Cluster Bounding Box (world space) ──
    X range : -0.1295 m  →  -0.0314 m  (span 98.1 mm)
    Y range : -0.0958 m  →  0.0979 m  (span 193.7 mm)
    Z range : 0.4180 m  →  0.4740 m  (span 56.0 mm)
    Z depth : mean=0.4343 m  std=0.0114 m  min=0.4180 m  max=0.4740 m

  ── [STAGE 8c] Projection Steps ──
    [Step 1] Full-sensor pixel coords (before crop subtraction):
      u_sensor  min=175.0  max=336.0  mean=261.3
      v_sensor  min=210.0  max=525.0  mean=398.5
    [OK] Sensor-space OOB: u=0.0%  v=0.0%
    [Step 2] After crop subtraction (crop_left=0, crop_top=0):
      u_cropped min=175.0  max=336.0  mean=261.3
      v_cropped min=210.0  max=525.0  mean=398.5
    [Step 2 Check] Cropped coords outside canvas: u<0=0.0%  u>W=0.0%  v<0=0.0%  v>H=0.0%
    [Step 3] After scale to canvas (scale_x=1.0000, scale_y=1.0000):
      u  min=175  max=336  mean=261.3
      v  min=210  max=525  mean=398.5
      Canvas target size : 510W x 720H px

  ── [STAGE 8d] Expected mask centroid on canvas ──
      Projected centroid : u=261.3 px  v=398.5 px
      Canvas centre      : u=255.0 px  v=360.0 px
      Offset from centre : Δu=6.3 px  Δv=38.5 px

  ── [STAGE 8e] Bounds Filter ──
    Total projected points : 17,769
    Inside canvas bounds   : 17,769  (100.0%)
    Duplicate pixel hits    : 0
  [INFO] Density non-zero pixels: 17,769
  [INFO] Density peak count     : 1
  [INFO] Raw mask white pixels before morphology: 17,769
  [INFO] White pixels after close: 19,346
  [INFO] Morphological open skipped for tip-loss debugging.
  [INFO] White pixels after open (skipped): 19,346

  ── [STAGE 8f] Final Mask Stats ──
    Bounding box : 161W x 315H px
    Mask centroid: (255.5, 367.5) px
    White pixels : 19,346
  masking.py run ended: 2026-06-13 20:01:31.395517
