
================================================================================
  masking.py run started: 2026-06-13 19:52:39.238300
================================================================================

━━━ [STAGE 1] Loading Point Cloud Array
  [INFO] Total raw points loaded: 365,576

━━━ [STAGE 2] Statistical Outlier Demolition
  [INFO] Points surviving outlier filter: 355,749

━━━ [STAGE 3] Live Plane Surface Isolation (RANSAC)
  [INFO] Original RANSAC: a=0.0139, b=-0.1060, c=0.9943, d=-0.4730
  [INFO] Normal vector pointing down. Flipping coefficients up toward lens.
  [INFO] Points isolated on belt plane: 344,893
  [INFO] Non-plane points going to workspace filter: 10,856

━━━ [STAGE 5] Direction-Enforced Spatial Pre-Filtering
  [INFO] Height gate window : 1.50mm to 500.00mm
  [INFO] Dist-from-plane mm : min=-27.334 mean=42.792 median=44.372 max=58.001
  [INFO] Rejected by lower gate: 41 / 10,856
  [INFO] Rejected by upper gate: 0 / 10,856
  [DEBUG] Points passing directional spatial filters: 10,815

━━━ [STAGE 6] Spatial Structural Isolation Clustering (DBSCAN)
  [INFO] DBSCAN discovered 1 distinct point groups.

━━━ [STAGE 7] Multi-Gate Geometric Evaluation
  Cluster #00 -> Pts: 10814 | Dims(mm): X= 77.3, Y= 67.5, Z= 42.0 | VolRatio: 0.544 | Gates: [G1-4=1 G5_Size=1 G6_3D=1] -> PASSED
  [INFO] Winning Cluster selected: ID #0 (Score=0.8631)
  [INFO] Winning cluster point count: 10,814

━━━ [STAGE 8] Projection — Sensor Space → Cropped Canvas

  ── [STAGE 8a] Coordinate System Parameters ──
    Intrinsics    : fx=750.148  fy=749.790  cx=386.179  cy=366.086
    Crop offsets  : left=0 px  top=0 px
    Depth sensor  : 510W x 720H px
    RGB canvas    : 510W x 720H px
    Scale factors : scale_x=1.000000  scale_y=1.000000

  ── [STAGE 8b] 3-D Cluster Bounding Box (world space) ──
    X range : -0.0170 m  →  0.0603 m  (span 77.3 mm)
    Y range : -0.1522 m  →  -0.0847 m  (span 67.5 mm)
    Z range : 0.4050 m  →  0.4470 m  (span 42.0 mm)
    Z depth : mean=0.4201 m  std=0.0100 m  min=0.4050 m  max=0.4470 m

  ── [STAGE 8c] Projection Steps ──
    [Step 1] Full-sensor pixel coords (before crop subtraction):
      u_sensor  min=357.0  max=489.0  mean=421.2
      v_sensor  min=93.0  max=224.0  mean=163.2
    [OK] Sensor-space OOB: u=0.0%  v=0.0%
    [Step 2] After crop subtraction (crop_left=0, crop_top=0):
      u_cropped min=357.0  max=489.0  mean=421.2
      v_cropped min=93.0  max=224.0  mean=163.2
    [Step 2 Check] Cropped coords outside canvas: u<0=0.0%  u>W=0.0%  v<0=0.0%  v>H=0.0%
    [Step 3] After scale to canvas (scale_x=1.0000, scale_y=1.0000):
      u  min=357  max=489  mean=421.2
      v  min=93  max=224  mean=163.2
      Canvas target size : 510W x 720H px

  ── [STAGE 8d] Expected mask centroid on canvas ──
      Projected centroid : u=421.2 px  v=163.2 px
      Canvas centre      : u=255.0 px  v=360.0 px
      Offset from centre : Δu=166.2 px  Δv=-196.8 px

  ── [STAGE 8e] Bounds Filter ──
    Total projected points : 10,814
    Inside canvas bounds   : 10,814  (100.0%)
    Duplicate pixel hits    : 0
  [INFO] Density non-zero pixels: 10,814
  [INFO] Density peak count     : 1
  [INFO] Raw mask white pixels before morphology: 10,814
  [INFO] White pixels after close: 11,333
  [INFO] Morphological open skipped for tip-loss debugging.
  [INFO] White pixels after open (skipped): 11,333

  ── [STAGE 8f] Final Mask Stats ──
    Bounding box : 132W x 131H px
    Mask centroid: (423.0, 158.5) px
    White pixels : 11,333
  masking.py run ended: 2026-06-13 19:52:41.113997
