
================================================================================
  masking.py run started: 2026-06-13 19:55:36.561239
================================================================================

━━━ [STAGE 1] Loading Point Cloud Array
  [INFO] Total raw points loaded: 363,620

━━━ [STAGE 2] Statistical Outlier Demolition
  [INFO] Points surviving outlier filter: 354,106

━━━ [STAGE 3] Live Plane Surface Isolation (RANSAC)
  [INFO] Original RANSAC: a=0.0165, b=-0.1945, c=0.9808, d=-0.4633
  [INFO] Normal vector pointing down. Flipping coefficients up toward lens.
  [INFO] Points isolated on belt plane: 329,433
  [INFO] Non-plane points going to workspace filter: 24,673

━━━ [STAGE 5] Direction-Enforced Spatial Pre-Filtering
  [INFO] Height gate window : 1.50mm to 500.00mm
  [INFO] Dist-from-plane mm : min=-16.994 mean=58.600 median=59.634 max=85.399
  [INFO] Rejected by lower gate: 35 / 24,673
  [INFO] Rejected by upper gate: 0 / 24,673
  [DEBUG] Points passing directional spatial filters: 24,638

━━━ [STAGE 6] Spatial Structural Isolation Clustering (DBSCAN)
  [INFO] DBSCAN discovered 2 distinct point groups.

━━━ [STAGE 7] Multi-Gate Geometric Evaluation
  Cluster #00 -> Pts: 24628 | Dims(mm): X=111.4, Y= 81.3, Z= 72.0 | VolRatio: 0.647 | Gates: [G1-4=1 G5_Size=1 G6_3D=1] -> PASSED
  Cluster #01 -> Pts: 9     | Dims(mm): X=  1.4, Y=  2.7, Z=  0.0 | VolRatio: 0.000 | Gates: [G1-4=0 G5_Size=0 G6_3D=0] -> REJECTED
  [INFO] Winning Cluster selected: ID #0 (Score=0.8940)
  [INFO] Winning cluster point count: 24,628

━━━ [STAGE 8] Projection — Sensor Space → Cropped Canvas

  ── [STAGE 8a] Coordinate System Parameters ──
    Intrinsics    : fx=750.148  fy=749.790  cx=386.179  cy=366.086
    Crop offsets  : left=0 px  top=0 px
    Depth sensor  : 510W x 720H px
    RGB canvas    : 510W x 720H px
    Scale factors : scale_x=1.000000  scale_y=1.000000

  ── [STAGE 8b] 3-D Cluster Bounding Box (world space) ──
    X range : -0.0906 m  →  0.0208 m  (span 111.4 mm)
    Y range : -0.1990 m  →  -0.1177 m  (span 81.3 mm)
    Z range : 0.3530 m  →  0.4250 m  (span 72.0 mm)
    Z depth : mean=0.3831 m  std=0.0165 m  min=0.3530 m  max=0.4250 m

  ── [STAGE 8c] Projection Steps ──
    [Step 1] Full-sensor pixel coords (before crop subtraction):
      u_sensor  min=215.0  max=424.0  mean=315.6
      v_sensor  min=-0.0  max=153.0  mean=69.0
    [OK] Sensor-space OOB: u=0.0%  v=0.0%
    [Step 2] After crop subtraction (crop_left=0, crop_top=0):
      u_cropped min=215.0  max=424.0  mean=315.6
      v_cropped min=-0.0  max=153.0  mean=69.0
    [Step 2 Check] Cropped coords outside canvas: u<0=0.0%  u>W=0.0%  v<0=0.0%  v>H=0.0%
    [Step 3] After scale to canvas (scale_x=1.0000, scale_y=1.0000):
      u  min=215  max=424  mean=315.6
      v  min=0  max=153  mean=69.0
      Canvas target size : 510W x 720H px

  ── [STAGE 8d] Expected mask centroid on canvas ──
      Projected centroid : u=315.6 px  v=69.0 px
      Canvas centre      : u=255.0 px  v=360.0 px
      Offset from centre : Δu=60.6 px  Δv=-291.0 px

  ── [STAGE 8e] Bounds Filter ──
    Total projected points : 24,628
    Inside canvas bounds   : 24,628  (100.0%)
    Duplicate pixel hits    : 0
  [INFO] Density non-zero pixels: 24,628
  [INFO] Density peak count     : 1
  [INFO] Raw mask white pixels before morphology: 24,628
  [INFO] White pixels after close: 25,653
  [INFO] Morphological open skipped for tip-loss debugging.
  [INFO] White pixels after open (skipped): 25,653

  ── [STAGE 8f] Final Mask Stats ──
    Bounding box : 209W x 153H px
    Mask centroid: (319.5, 76.5) px
    White pixels : 25,653
  masking.py run ended: 2026-06-13 19:55:41.810529
