
================================================================================
  masking.py run started: 2026-06-13 19:50:23.805185
================================================================================

━━━ [STAGE 1] Loading Point Cloud Array
  [INFO] Total raw points loaded: 366,415

━━━ [STAGE 2] Statistical Outlier Demolition
  [INFO] Points surviving outlier filter: 354,839

━━━ [STAGE 3] Live Plane Surface Isolation (RANSAC)
  [INFO] Original RANSAC: a=0.0140, b=-0.0497, c=0.9987, d=-0.4785
  [INFO] Normal vector pointing down. Flipping coefficients up toward lens.
  [INFO] Points isolated on belt plane: 331,992
  [INFO] Non-plane points going to workspace filter: 22,847

━━━ [STAGE 5] Direction-Enforced Spatial Pre-Filtering
  [INFO] Height gate window : 1.50mm to 500.00mm
  [INFO] Dist-from-plane mm : min=11.272 mean=28.921 median=28.959 max=43.491
  [INFO] Rejected by lower gate: 0 / 22,847
  [INFO] Rejected by upper gate: 0 / 22,847
  [DEBUG] Points passing directional spatial filters: 22,847

━━━ [STAGE 6] Spatial Structural Isolation Clustering (DBSCAN)
  [INFO] DBSCAN discovered 1 distinct point groups.

━━━ [STAGE 7] Multi-Gate Geometric Evaluation
  Cluster #00 -> Pts: 22847 | Dims(mm): X= 91.1, Y=164.8, Z= 37.0 | VolRatio: 0.224 | Gates: [G1-4=1 G5_Size=1 G6_3D=1] -> PASSED
  [INFO] Winning Cluster selected: ID #0 (Score=0.7673)
  [INFO] Winning cluster point count: 22,847

━━━ [STAGE 8] Projection — Sensor Space → Cropped Canvas

  ── [STAGE 8a] Coordinate System Parameters ──
    Intrinsics    : fx=750.148  fy=749.790  cx=386.179  cy=366.086
    Crop offsets  : left=0 px  top=0 px
    Depth sensor  : 510W x 720H px
    RGB canvas    : 510W x 720H px
    Scale factors : scale_x=1.000000  scale_y=1.000000

  ── [STAGE 8b] 3-D Cluster Bounding Box (world space) ──
    X range : -0.0673 m  →  0.0237 m  (span 91.1 mm)
    Y range : 0.0449 m  →  0.2097 m  (span 164.8 mm)
    Z range : 0.4420 m  →  0.4790 m  (span 37.0 mm)
    Z depth : mean=0.4565 m  std=0.0057 m  min=0.4420 m  max=0.4790 m

  ── [STAGE 8c] Projection Steps ──
    [Step 1] Full-sensor pixel coords (before crop subtraction):
      u_sensor  min=278.0  max=424.0  mean=344.9
      v_sensor  min=440.0  max=695.0  mean=561.5
    [OK] Sensor-space OOB: u=0.0%  v=0.0%
    [Step 2] After crop subtraction (crop_left=0, crop_top=0):
      u_cropped min=278.0  max=424.0  mean=344.9
      v_cropped min=440.0  max=695.0  mean=561.5
    [Step 2 Check] Cropped coords outside canvas: u<0=0.0%  u>W=0.0%  v<0=0.0%  v>H=0.0%
    [Step 3] After scale to canvas (scale_x=1.0000, scale_y=1.0000):
      u  min=278  max=424  mean=344.9
      v  min=440  max=695  mean=561.5
      Canvas target size : 510W x 720H px

  ── [STAGE 8d] Expected mask centroid on canvas ──
      Projected centroid : u=344.9 px  v=561.5 px
      Canvas centre      : u=255.0 px  v=360.0 px
      Offset from centre : Δu=89.9 px  Δv=201.5 px

  ── [STAGE 8e] Bounds Filter ──
    Total projected points : 22,847
    Inside canvas bounds   : 22,847  (100.0%)
    Duplicate pixel hits    : 0
  [INFO] Density non-zero pixels: 22,847
  [INFO] Density peak count     : 1
  [INFO] Raw mask white pixels before morphology: 22,847
  [INFO] White pixels after close: 25,205
  [INFO] Morphological open skipped for tip-loss debugging.
  [INFO] White pixels after open (skipped): 25,205

  ── [STAGE 8f] Final Mask Stats ──
    Bounding box : 146W x 255H px
    Mask centroid: (351.0, 567.5) px
    White pixels : 25,205
  masking.py run ended: 2026-06-13 19:50:26.894564
