
================================================================================
  masking.py run started: 2026-06-13 20:03:50.590711
================================================================================

━━━ [STAGE 1] Loading Point Cloud Array
  [INFO] Total raw points loaded: 365,880

━━━ [STAGE 2] Statistical Outlier Demolition
  [INFO] Points surviving outlier filter: 355,220

━━━ [STAGE 3] Live Plane Surface Isolation (RANSAC)
  [INFO] Original RANSAC: a=0.0149, b=-0.0880, c=0.9960, d=-0.4750
  [INFO] Normal vector pointing down. Flipping coefficients up toward lens.
  [INFO] Points isolated on belt plane: 336,494
  [INFO] Non-plane points going to workspace filter: 18,726

━━━ [STAGE 5] Direction-Enforced Spatial Pre-Filtering
  [INFO] Height gate window : 1.50mm to 500.00mm
  [INFO] Dist-from-plane mm : min=15.614 mean=46.761 median=50.432 max=62.968
  [INFO] Rejected by lower gate: 0 / 18,726
  [INFO] Rejected by upper gate: 0 / 18,726
  [DEBUG] Points passing directional spatial filters: 18,726

━━━ [STAGE 6] Spatial Structural Isolation Clustering (DBSCAN)
  [INFO] DBSCAN discovered 2 distinct point groups.

━━━ [STAGE 7] Multi-Gate Geometric Evaluation
  Cluster #00 -> Pts: 18672 | Dims(mm): X= 83.5, Y=206.2, Z= 50.0 | VolRatio: 0.242 | Gates: [G1-4=1 G5_Size=1 G6_3D=1] -> PASSED
  Cluster #01 -> Pts: 54    | Dims(mm): X=  4.1, Y=  8.0, Z=  4.0 | VolRatio: 0.502 | Gates: [G1-4=1 G5_Size=0 G6_3D=1] -> REJECTED
  [INFO] Winning Cluster selected: ID #0 (Score=0.7727)
  [INFO] Winning cluster point count: 18,672

━━━ [STAGE 8] Projection — Sensor Space → Cropped Canvas

  ── [STAGE 8a] Coordinate System Parameters ──
    Intrinsics    : fx=750.148  fy=749.790  cx=386.179  cy=366.086
    Crop offsets  : left=0 px  top=0 px
    Depth sensor  : 510W x 720H px
    RGB canvas    : 510W x 720H px
    Scale factors : scale_x=1.000000  scale_y=1.000000

  ── [STAGE 8b] 3-D Cluster Bounding Box (world space) ──
    X range : -0.0152 m  →  0.0683 m  (span 83.5 mm)
    Y range : -0.0818 m  →  0.1244 m  (span 206.2 mm)
    Z range : 0.4140 m  →  0.4640 m  (span 50.0 mm)
    Z depth : mean=0.4321 m  std=0.0127 m  min=0.4140 m  max=0.4640 m

  ── [STAGE 8c] Projection Steps ──
    [Step 1] Full-sensor pixel coords (before crop subtraction):
      u_sensor  min=361.0  max=500.0  mean=436.4
      v_sensor  min=231.0  max=568.0  mean=418.1
    [OK] Sensor-space OOB: u=0.0%  v=0.0%
    [Step 2] After crop subtraction (crop_left=0, crop_top=0):
      u_cropped min=361.0  max=500.0  mean=436.4
      v_cropped min=231.0  max=568.0  mean=418.1
    [Step 2 Check] Cropped coords outside canvas: u<0=0.0%  u>W=0.0%  v<0=0.0%  v>H=0.0%
    [Step 3] After scale to canvas (scale_x=1.0000, scale_y=1.0000):
      u  min=361  max=500  mean=436.4
      v  min=231  max=568  mean=418.1
      Canvas target size : 510W x 720H px

  ── [STAGE 8d] Expected mask centroid on canvas ──
      Projected centroid : u=436.4 px  v=418.1 px
      Canvas centre      : u=255.0 px  v=360.0 px
      Offset from centre : Δu=181.4 px  Δv=58.1 px

  ── [STAGE 8e] Bounds Filter ──
    Total projected points : 18,672
    Inside canvas bounds   : 18,672  (100.0%)
    Duplicate pixel hits    : 0
  [INFO] Density non-zero pixels: 18,672
  [INFO] Density peak count     : 1
  [INFO] Raw mask white pixels before morphology: 18,672
  [INFO] White pixels after close: 20,172
  [INFO] Morphological open skipped for tip-loss debugging.
  [INFO] White pixels after open (skipped): 20,172

  ── [STAGE 8f] Final Mask Stats ──
    Bounding box : 139W x 337H px
    Mask centroid: (430.5, 399.5) px
    White pixels : 20,172
  masking.py run ended: 2026-06-13 20:03:53.027326
