
================================================================================
  masking.py run started: 2026-06-13 19:53:10.827092
================================================================================

━━━ [STAGE 1] Loading Point Cloud Array
  [INFO] Total raw points loaded: 365,209

━━━ [STAGE 2] Statistical Outlier Demolition
  [INFO] Points surviving outlier filter: 353,053

━━━ [STAGE 3] Live Plane Surface Isolation (RANSAC)
  [INFO] Original RANSAC: a=0.0142, b=-0.1244, c=0.9921, d=-0.4708
  [INFO] Normal vector pointing down. Flipping coefficients up toward lens.
  [INFO] Points isolated on belt plane: 345,449
  [INFO] Non-plane points going to workspace filter: 7,604

━━━ [STAGE 5] Direction-Enforced Spatial Pre-Filtering
  [INFO] Height gate window : 1.50mm to 500.00mm
  [INFO] Dist-from-plane mm : min=12.721 mean=20.609 median=19.849 max=33.889
  [INFO] Rejected by lower gate: 0 / 7,604
  [INFO] Rejected by upper gate: 0 / 7,604
  [DEBUG] Points passing directional spatial filters: 7,604

━━━ [STAGE 6] Spatial Structural Isolation Clustering (DBSCAN)
  [INFO] DBSCAN discovered 1 distinct point groups.

━━━ [STAGE 7] Multi-Gate Geometric Evaluation
  Cluster #00 -> Pts: 7604  | Dims(mm): X= 49.9, Y=130.6, Z= 33.0 | VolRatio: 0.253 | Gates: [G1-4=1 G5_Size=1 G6_3D=1] -> PASSED
  [INFO] Winning Cluster selected: ID #0 (Score=0.6560)
  [INFO] Winning cluster point count: 7,604

━━━ [STAGE 8] Projection — Sensor Space → Cropped Canvas

  ── [STAGE 8a] Coordinate System Parameters ──
    Intrinsics    : fx=750.148  fy=749.790  cx=386.179  cy=366.086
    Crop offsets  : left=0 px  top=0 px
    Depth sensor  : 510W x 720H px
    RGB canvas    : 510W x 720H px
    Scale factors : scale_x=1.000000  scale_y=1.000000

  ── [STAGE 8b] 3-D Cluster Bounding Box (world space) ──
    X range : -0.0972 m  →  -0.0472 m  (span 49.9 mm)
    Y range : -0.0774 m  →  0.0532 m  (span 130.6 mm)
    Z range : 0.4330 m  →  0.4660 m  (span 33.0 mm)
    Z depth : mean=0.4538 m  std=0.0068 m  min=0.4330 m  max=0.4660 m

  ── [STAGE 8c] Projection Steps ──
    [Step 1] Full-sensor pixel coords (before crop subtraction):
      u_sensor  min=222.0  max=310.0  mean=266.0
      v_sensor  min=235.0  max=452.0  mean=351.7
    [OK] Sensor-space OOB: u=0.0%  v=0.0%
    [Step 2] After crop subtraction (crop_left=0, crop_top=0):
      u_cropped min=222.0  max=310.0  mean=266.0
      v_cropped min=235.0  max=452.0  mean=351.7
    [Step 2 Check] Cropped coords outside canvas: u<0=0.0%  u>W=0.0%  v<0=0.0%  v>H=0.0%
    [Step 3] After scale to canvas (scale_x=1.0000, scale_y=1.0000):
      u  min=222  max=310  mean=266.0
      v  min=235  max=452  mean=351.7
      Canvas target size : 510W x 720H px

  ── [STAGE 8d] Expected mask centroid on canvas ──
      Projected centroid : u=266.0 px  v=351.7 px
      Canvas centre      : u=255.0 px  v=360.0 px
      Offset from centre : Δu=11.0 px  Δv=-8.3 px

  ── [STAGE 8e] Bounds Filter ──
    Total projected points : 7,604
    Inside canvas bounds   : 7,604  (100.0%)
    Duplicate pixel hits    : 0
  [INFO] Density non-zero pixels: 7,604
  [INFO] Density peak count     : 1
  [INFO] Raw mask white pixels before morphology: 7,604
  [INFO] White pixels after close: 8,702
  [INFO] Morphological open skipped for tip-loss debugging.
  [INFO] White pixels after open (skipped): 8,702

  ── [STAGE 8f] Final Mask Stats ──
    Bounding box : 88W x 217H px
    Mask centroid: (266.0, 343.5) px
    White pixels : 8,702
  masking.py run ended: 2026-06-13 19:53:12.224062
