
================================================================================
  masking.py run started: 2026-06-13 20:06:43.104936
================================================================================

━━━ [STAGE 1] Loading Point Cloud Array
  [INFO] Total raw points loaded: 365,755

━━━ [STAGE 2] Statistical Outlier Demolition
  [INFO] Points surviving outlier filter: 354,209

━━━ [STAGE 3] Live Plane Surface Isolation (RANSAC)
  [INFO] Original RANSAC: a=0.0141, b=-0.1025, c=0.9946, d=-0.4737
  [INFO] Normal vector pointing down. Flipping coefficients up toward lens.
  [INFO] Points isolated on belt plane: 345,666
  [INFO] Non-plane points going to workspace filter: 8,543

━━━ [STAGE 5] Direction-Enforced Spatial Pre-Filtering
  [INFO] Height gate window : 1.50mm to 500.00mm
  [INFO] Dist-from-plane mm : min=14.551 mean=28.882 median=29.107 max=58.296
  [INFO] Rejected by lower gate: 0 / 8,543
  [INFO] Rejected by upper gate: 0 / 8,543
  [DEBUG] Points passing directional spatial filters: 8,543

━━━ [STAGE 6] Spatial Structural Isolation Clustering (DBSCAN)
  [INFO] DBSCAN discovered 1 distinct point groups.

━━━ [STAGE 7] Multi-Gate Geometric Evaluation
  Cluster #00 -> Pts: 8543  | Dims(mm): X= 65.8, Y= 91.2, Z= 41.0 | VolRatio: 0.450 | Gates: [G1-4=1 G5_Size=1 G6_3D=1] -> PASSED
  [INFO] Winning Cluster selected: ID #0 (Score=0.7621)
  [INFO] Winning cluster point count: 8,543

━━━ [STAGE 8] Projection — Sensor Space → Cropped Canvas

  ── [STAGE 8a] Coordinate System Parameters ──
    Intrinsics    : fx=750.148  fy=749.790  cx=386.179  cy=366.086
    Crop offsets  : left=0 px  top=0 px
    Depth sensor  : 510W x 720H px
    RGB canvas    : 510W x 720H px
    Scale factors : scale_x=1.000000  scale_y=1.000000

  ── [STAGE 8b] 3-D Cluster Bounding Box (world space) ──
    X range : -0.0839 m  →  -0.0181 m  (span 65.8 mm)
    Y range : -0.1369 m  →  -0.0457 m  (span 91.2 mm)
    Z range : 0.4120 m  →  0.4530 m  (span 41.0 mm)
    Z depth : mean=0.4384 m  std=0.0080 m  min=0.4120 m  max=0.4530 m

  ── [STAGE 8c] Projection Steps ──
    [Step 1] Full-sensor pixel coords (before crop subtraction):
      u_sensor  min=245.0  max=356.0  mean=302.7
      v_sensor  min=137.0  max=288.0  mean=209.7
    [OK] Sensor-space OOB: u=0.0%  v=0.0%
    [Step 2] After crop subtraction (crop_left=0, crop_top=0):
      u_cropped min=245.0  max=356.0  mean=302.7
      v_cropped min=137.0  max=288.0  mean=209.7
    [Step 2 Check] Cropped coords outside canvas: u<0=0.0%  u>W=0.0%  v<0=0.0%  v>H=0.0%
    [Step 3] After scale to canvas (scale_x=1.0000, scale_y=1.0000):
      u  min=245  max=356  mean=302.7
      v  min=137  max=288  mean=209.7
      Canvas target size : 510W x 720H px

  ── [STAGE 8d] Expected mask centroid on canvas ──
      Projected centroid : u=302.7 px  v=209.7 px
      Canvas centre      : u=255.0 px  v=360.0 px
      Offset from centre : Δu=47.7 px  Δv=-150.3 px

  ── [STAGE 8e] Bounds Filter ──
    Total projected points : 8,543
    Inside canvas bounds   : 8,543  (100.0%)
    Duplicate pixel hits    : 0
  [INFO] Density non-zero pixels: 8,543
  [INFO] Density peak count     : 1
  [INFO] Raw mask white pixels before morphology: 8,543
  [INFO] White pixels after close: 10,336
  [INFO] Morphological open skipped for tip-loss debugging.
  [INFO] White pixels after open (skipped): 10,336

  ── [STAGE 8f] Final Mask Stats ──
    Bounding box : 111W x 151H px
    Mask centroid: (300.5, 212.5) px
    White pixels : 10,336
  masking.py run ended: 2026-06-13 20:06:44.851153
