
================================================================================
  masking.py run started: 2026-06-13 20:05:07.551018
================================================================================

━━━ [STAGE 1] Loading Point Cloud Array
  [INFO] Total raw points loaded: 365,314

━━━ [STAGE 2] Statistical Outlier Demolition
  [INFO] Points surviving outlier filter: 356,749

━━━ [STAGE 3] Live Plane Surface Isolation (RANSAC)
  [INFO] Original RANSAC: a=0.0139, b=-0.0918, c=0.9957, d=-0.4748
  [INFO] Normal vector pointing down. Flipping coefficients up toward lens.
  [INFO] Points isolated on belt plane: 326,866
  [INFO] Non-plane points going to workspace filter: 29,883

━━━ [STAGE 5] Direction-Enforced Spatial Pre-Filtering
  [INFO] Height gate window : 1.50mm to 500.00mm
  [INFO] Dist-from-plane mm : min=15.694 mean=61.424 median=64.327 max=79.579
  [INFO] Rejected by lower gate: 0 / 29,883
  [INFO] Rejected by upper gate: 0 / 29,883
  [DEBUG] Points passing directional spatial filters: 29,883

━━━ [STAGE 6] Spatial Structural Isolation Clustering (DBSCAN)
  [INFO] DBSCAN discovered 1 distinct point groups.

━━━ [STAGE 7] Multi-Gate Geometric Evaluation
  Cluster #00 -> Pts: 29870 | Dims(mm): X=117.4, Y=119.4, Z= 63.0 | VolRatio: 0.528 | Gates: [G1-4=1 G5_Size=1 G6_3D=1] -> PASSED
  [INFO] Winning Cluster selected: ID #0 (Score=0.8583)
  [INFO] Winning cluster point count: 29,870

━━━ [STAGE 8] Projection — Sensor Space → Cropped Canvas

  ── [STAGE 8a] Coordinate System Parameters ──
    Intrinsics    : fx=750.148  fy=749.790  cx=386.179  cy=366.086
    Crop offsets  : left=0 px  top=0 px
    Depth sensor  : 510W x 720H px
    RGB canvas    : 510W x 720H px
    Scale factors : scale_x=1.000000  scale_y=1.000000

  ── [STAGE 8b] 3-D Cluster Bounding Box (world space) ──
    X range : -0.1235 m  →  -0.0061 m  (span 117.4 mm)
    Y range : -0.1274 m  →  -0.0080 m  (span 119.4 mm)
    Z range : 0.3910 m  →  0.4540 m  (span 63.0 mm)
    Z depth : mean=0.4101 m  std=0.0098 m  min=0.3910 m  max=0.4540 m

  ── [STAGE 8c] Projection Steps ──
    [Step 1] Full-sensor pixel coords (before crop subtraction):
      u_sensor  min=163.0  max=376.0  mean=257.1
      v_sensor  min=146.0  max=352.0  mean=246.7
    [OK] Sensor-space OOB: u=0.0%  v=0.0%
    [Step 2] After crop subtraction (crop_left=0, crop_top=0):
      u_cropped min=163.0  max=376.0  mean=257.1
      v_cropped min=146.0  max=352.0  mean=246.7
    [Step 2 Check] Cropped coords outside canvas: u<0=0.0%  u>W=0.0%  v<0=0.0%  v>H=0.0%
    [Step 3] After scale to canvas (scale_x=1.0000, scale_y=1.0000):
      u  min=163  max=376  mean=257.1
      v  min=146  max=352  mean=246.7
      Canvas target size : 510W x 720H px

  ── [STAGE 8d] Expected mask centroid on canvas ──
      Projected centroid : u=257.1 px  v=246.7 px
      Canvas centre      : u=255.0 px  v=360.0 px
      Offset from centre : Δu=2.1 px  Δv=-113.3 px

  ── [STAGE 8e] Bounds Filter ──
    Total projected points : 29,870
    Inside canvas bounds   : 29,870  (100.0%)
    Duplicate pixel hits    : 0
  [INFO] Density non-zero pixels: 29,870
  [INFO] Density peak count     : 1
  [INFO] Raw mask white pixels before morphology: 29,870
  [INFO] White pixels after close: 31,462
  [INFO] Morphological open skipped for tip-loss debugging.
  [INFO] White pixels after open (skipped): 31,462

  ── [STAGE 8f] Final Mask Stats ──
    Bounding box : 213W x 206H px
    Mask centroid: (269.5, 249.0) px
    White pixels : 31,462
  masking.py run ended: 2026-06-13 20:05:15.703208
