
================================================================================
  masking.py run started: 2026-06-13 19:54:11.175524
================================================================================

━━━ [STAGE 1] Loading Point Cloud Array
  [INFO] Total raw points loaded: 144,363

━━━ [STAGE 2] Statistical Outlier Demolition
  [INFO] Points surviving outlier filter: 140,669

━━━ [STAGE 3] Live Plane Surface Isolation (RANSAC)
  [INFO] Original RANSAC: a=0.0032, b=-0.3123, c=0.9500, d=-0.4524
  [INFO] Normal vector pointing down. Flipping coefficients up toward lens.
  [INFO] Points isolated on belt plane: 136,703
  [INFO] Non-plane points going to workspace filter: 3,966

━━━ [STAGE 5] Direction-Enforced Spatial Pre-Filtering
  [INFO] Height gate window : 1.50mm to 500.00mm
  [INFO] Dist-from-plane mm : min=9.646 mean=23.790 median=22.131 max=40.785
  [INFO] Rejected by lower gate: 0 / 3,966
  [INFO] Rejected by upper gate: 0 / 3,966
  [DEBUG] Points passing directional spatial filters: 3,966

━━━ [STAGE 6] Spatial Structural Isolation Clustering (DBSCAN)
  [INFO] DBSCAN discovered 2 distinct point groups.

━━━ [STAGE 7] Multi-Gate Geometric Evaluation
  Cluster #00 -> Pts: 210   | Dims(mm): X=147.9, Y= 11.5, Z=  7.0 | VolRatio: 0.047 | Gates: [G1-4=1 G5_Size=0 G6_3D=0] -> REJECTED
  Cluster #01 -> Pts: 3752  | Dims(mm): X=203.1, Y= 98.0, Z= 51.0 | VolRatio: 0.251 | Gates: [G1-4=1 G5_Size=1 G6_3D=1] -> PASSED
  [INFO] Winning Cluster selected: ID #1 (Score=0.4629)
  [INFO] Winning cluster point count: 3,752

━━━ [STAGE 8] Projection — Sensor Space → Cropped Canvas

  ── [STAGE 8a] Coordinate System Parameters ──
    Intrinsics    : fx=149.444  fy=599.832  cx=1.739  cy=292.869
    Crop offsets  : left=0 px  top=0 px
    Depth sensor  : 255W x 576H px
    RGB canvas    : 510W x 720H px
    Scale factors : scale_x=2.000000  scale_y=1.250000

  ── [STAGE 8b] 3-D Cluster Bounding Box (world space) ──
    X range : 0.5086 m  →  0.7117 m  (span 203.1 mm)
    Y range : -0.0979 m  →  0.0001 m  (span 98.0 mm)
    Z range : 0.4110 m  →  0.4620 m  (span 51.0 mm)
    Z depth : mean=0.4355 m  std=0.0144 m  min=0.4110 m  max=0.4620 m

  ── [STAGE 8c] Projection Steps ──
    [Step 1] Full-sensor pixel coords (before crop subtraction):
      u_sensor  min=172.0  max=236.0  mean=201.1
      v_sensor  min=154.0  max=293.0  mean=237.0
    [OK] Sensor-space OOB: u=0.0%  v=0.0%
    [Step 2] After crop subtraction (crop_left=0, crop_top=0):
      u_cropped min=172.0  max=236.0  mean=201.1
      v_cropped min=154.0  max=293.0  mean=237.0
    [Step 2 Check] Cropped coords outside canvas: u<0=0.0%  u>W=0.0%  v<0=0.0%  v>H=0.0%
    [Step 3] After scale to canvas (scale_x=2.0000, scale_y=1.2500):
      u  min=344  max=472  mean=402.3
      v  min=192  max=366  mean=296.3
      Canvas target size : 510W x 720H px

  ── [STAGE 8d] Expected mask centroid on canvas ──
      Projected centroid : u=402.3 px  v=296.3 px
      Canvas centre      : u=255.0 px  v=360.0 px
      Offset from centre : Δu=147.3 px  Δv=-63.7 px

  ── [STAGE 8e] Bounds Filter ──
    Total projected points : 3,752
    Inside canvas bounds   : 3,752  (100.0%)
    Duplicate pixel hits    : 0
  [INFO] Density non-zero pixels: 3,752
  [INFO] Density peak count     : 1
  [INFO] Raw mask white pixels before morphology: 3,752
  [INFO] White pixels after close: 9,426
  [INFO] Morphological open skipped for tip-loss debugging.
  [INFO] White pixels after open (skipped): 9,426

  ── [STAGE 8f] Final Mask Stats ──
    Bounding box : 128W x 174H px
    Mask centroid: (408.0, 279.0) px
    White pixels : 9,426
  masking.py run ended: 2026-06-13 19:54:11.652971
