
================================================================================
  masking.py run started: 2026-06-13 19:55:09.443699
================================================================================

━━━ [STAGE 1] Loading Point Cloud Array
  [INFO] Total raw points loaded: 363,738

━━━ [STAGE 2] Statistical Outlier Demolition
  [INFO] Points surviving outlier filter: 351,984

━━━ [STAGE 3] Live Plane Surface Isolation (RANSAC)
  [INFO] Original RANSAC: a=0.0141, b=-0.1934, c=0.9810, d=-0.4633
  [INFO] Normal vector pointing down. Flipping coefficients up toward lens.
  [INFO] Points isolated on belt plane: 324,088
  [INFO] Non-plane points going to workspace filter: 27,896

━━━ [STAGE 5] Direction-Enforced Spatial Pre-Filtering
  [INFO] Height gate window : 1.50mm to 500.00mm
  [INFO] Dist-from-plane mm : min=12.543 mean=27.755 median=28.617 max=45.866
  [INFO] Rejected by lower gate: 0 / 27,896
  [INFO] Rejected by upper gate: 0 / 27,896
  [DEBUG] Points passing directional spatial filters: 27,896

━━━ [STAGE 6] Spatial Structural Isolation Clustering (DBSCAN)
  [INFO] DBSCAN discovered 1 distinct point groups.

━━━ [STAGE 7] Multi-Gate Geometric Evaluation
  Cluster #00 -> Pts: 27896 | Dims(mm): X=180.9, Y= 99.7, Z= 44.0 | VolRatio: 0.243 | Gates: [G1-4=1 G5_Size=1 G6_3D=1] -> PASSED
  [INFO] Winning Cluster selected: ID #0 (Score=0.7730)
  [INFO] Winning cluster point count: 27,896

━━━ [STAGE 8] Projection — Sensor Space → Cropped Canvas

  ── [STAGE 8a] Coordinate System Parameters ──
    Intrinsics    : fx=750.148  fy=749.790  cx=386.179  cy=366.086
    Crop offsets  : left=0 px  top=0 px
    Depth sensor  : 510W x 720H px
    RGB canvas    : 510W x 720H px
    Scale factors : scale_x=1.000000  scale_y=1.000000

  ── [STAGE 8b] 3-D Cluster Bounding Box (world space) ──
    X range : -0.1689 m  →  0.0120 m  (span 180.9 mm)
    Y range : -0.0818 m  →  0.0179 m  (span 99.7 mm)
    Z range : 0.4190 m  →  0.4630 m  (span 44.0 mm)
    Z depth : mean=0.4380 m  std=0.0092 m  min=0.4190 m  max=0.4630 m

  ── [STAGE 8c] Projection Steps ──
    [Step 1] Full-sensor pixel coords (before crop subtraction):
      u_sensor  min=95.0  max=406.0  mean=255.4
      v_sensor  min=226.0  max=395.0  mean=304.7
    [OK] Sensor-space OOB: u=0.0%  v=0.0%
    [Step 2] After crop subtraction (crop_left=0, crop_top=0):
      u_cropped min=95.0  max=406.0  mean=255.4
      v_cropped min=226.0  max=395.0  mean=304.7
    [Step 2 Check] Cropped coords outside canvas: u<0=0.0%  u>W=0.0%  v<0=0.0%  v>H=0.0%
    [Step 3] After scale to canvas (scale_x=1.0000, scale_y=1.0000):
      u  min=95  max=406  mean=255.4
      v  min=226  max=395  mean=304.7
      Canvas target size : 510W x 720H px

  ── [STAGE 8d] Expected mask centroid on canvas ──
      Projected centroid : u=255.4 px  v=304.7 px
      Canvas centre      : u=255.0 px  v=360.0 px
      Offset from centre : Δu=0.4 px  Δv=-55.3 px

  ── [STAGE 8e] Bounds Filter ──
    Total projected points : 27,896
    Inside canvas bounds   : 27,896  (100.0%)
    Duplicate pixel hits    : 0
  [INFO] Density non-zero pixels: 27,896
  [INFO] Density peak count     : 1
  [INFO] Raw mask white pixels before morphology: 27,896
  [INFO] White pixels after close: 30,974
  [INFO] Morphological open skipped for tip-loss debugging.
  [INFO] White pixels after open (skipped): 30,974

  ── [STAGE 8f] Final Mask Stats ──
    Bounding box : 311W x 169H px
    Mask centroid: (250.5, 310.5) px
    White pixels : 30,974
  masking.py run ended: 2026-06-13 19:55:12.958873
