
================================================================================
  masking.py run started: 2026-06-13 19:46:38.659617
================================================================================

━━━ [STAGE 1] Loading Point Cloud Array
  [INFO] Total raw points loaded: 366,423

━━━ [STAGE 2] Statistical Outlier Demolition
  [INFO] Points surviving outlier filter: 355,267

━━━ [STAGE 3] Live Plane Surface Isolation (RANSAC)
  [INFO] Original RANSAC: a=0.0156, b=-0.0411, c=0.9990, d=-0.4788
  [INFO] Normal vector pointing down. Flipping coefficients up toward lens.
  [INFO] Points isolated on belt plane: 335,691
  [INFO] Non-plane points going to workspace filter: 19,576

━━━ [STAGE 5] Direction-Enforced Spatial Pre-Filtering
  [INFO] Height gate window : 1.50mm to 500.00mm
  [INFO] Dist-from-plane mm : min=13.496 mean=27.253 median=27.162 max=41.243
  [INFO] Rejected by lower gate: 0 / 19,576
  [INFO] Rejected by upper gate: 0 / 19,576
  [DEBUG] Points passing directional spatial filters: 19,576

━━━ [STAGE 6] Spatial Structural Isolation Clustering (DBSCAN)
  [INFO] DBSCAN discovered 1 distinct point groups.

━━━ [STAGE 7] Multi-Gate Geometric Evaluation
  Cluster #00 -> Pts: 19576 | Dims(mm): X=125.5, Y=123.2, Z= 30.0 | VolRatio: 0.239 | Gates: [G1-4=1 G5_Size=1 G6_3D=1] -> PASSED
  [INFO] Winning Cluster selected: ID #0 (Score=0.7717)
  [INFO] Winning cluster point count: 19,576

━━━ [STAGE 8] Projection — Sensor Space → Cropped Canvas

  ── [STAGE 8a] Coordinate System Parameters ──
    Intrinsics    : fx=750.148  fy=749.790  cx=386.179  cy=366.086
    Crop offsets  : left=0 px  top=0 px
    Depth sensor  : 510W x 720H px
    RGB canvas    : 510W x 720H px
    Scale factors : scale_x=1.000000  scale_y=1.000000

  ── [STAGE 8b] 3-D Cluster Bounding Box (world space) ──
    X range : -0.0822 m  →  0.0433 m  (span 125.5 mm)
    Y range : -0.0110 m  →  0.1122 m  (span 123.2 mm)
    Z range : 0.4400 m  →  0.4700 m  (span 30.0 mm)
    Z depth : mean=0.4539 m  std=0.0054 m  min=0.4400 m  max=0.4700 m

  ── [STAGE 8c] Projection Steps ──
    [Step 1] Full-sensor pixel coords (before crop subtraction):
      u_sensor  min=251.0  max=456.0  mean=368.6
      v_sensor  min=348.0  max=545.0  mean=437.1
    [OK] Sensor-space OOB: u=0.0%  v=0.0%
    [Step 2] After crop subtraction (crop_left=0, crop_top=0):
      u_cropped min=251.0  max=456.0  mean=368.6
      v_cropped min=348.0  max=545.0  mean=437.1
    [Step 2 Check] Cropped coords outside canvas: u<0=0.0%  u>W=0.0%  v<0=0.0%  v>H=0.0%
    [Step 3] After scale to canvas (scale_x=1.0000, scale_y=1.0000):
      u  min=251  max=456  mean=368.6
      v  min=348  max=545  mean=437.1
      Canvas target size : 510W x 720H px

  ── [STAGE 8d] Expected mask centroid on canvas ──
      Projected centroid : u=368.6 px  v=437.1 px
      Canvas centre      : u=255.0 px  v=360.0 px
      Offset from centre : Δu=113.6 px  Δv=77.1 px

  ── [STAGE 8e] Bounds Filter ──
    Total projected points : 19,576
    Inside canvas bounds   : 19,576  (100.0%)
    Duplicate pixel hits    : 0
  [INFO] Density non-zero pixels: 19,576
  [INFO] Density peak count     : 1
  [INFO] Raw mask white pixels before morphology: 19,576
  [INFO] White pixels after close: 21,864
  [INFO] Morphological open skipped for tip-loss debugging.
  [INFO] White pixels after open (skipped): 21,864

  ── [STAGE 8f] Final Mask Stats ──
    Bounding box : 205W x 197H px
    Mask centroid: (353.5, 446.5) px
    White pixels : 21,864
  masking.py run ended: 2026-06-13 19:46:41.955674
