
================================================================================
  masking.py run started: 2026-06-13 19:53:54.853777
================================================================================

━━━ [STAGE 1] Loading Point Cloud Array
  [INFO] Total raw points loaded: 364,951

━━━ [STAGE 2] Statistical Outlier Demolition
  [INFO] Points surviving outlier filter: 354,579

━━━ [STAGE 3] Live Plane Surface Isolation (RANSAC)
  [INFO] Original RANSAC: a=0.0147, b=-0.1431, c=0.9896, d=-0.4688
  [INFO] Normal vector pointing down. Flipping coefficients up toward lens.
  [INFO] Points isolated on belt plane: 345,874
  [INFO] Non-plane points going to workspace filter: 8,705

━━━ [STAGE 5] Direction-Enforced Spatial Pre-Filtering
  [INFO] Height gate window : 1.50mm to 500.00mm
  [INFO] Dist-from-plane mm : min=13.832 mean=31.192 median=30.982 max=52.053
  [INFO] Rejected by lower gate: 0 / 8,705
  [INFO] Rejected by upper gate: 0 / 8,705
  [DEBUG] Points passing directional spatial filters: 8,705

━━━ [STAGE 6] Spatial Structural Isolation Clustering (DBSCAN)
  [INFO] DBSCAN discovered 1 distinct point groups.

━━━ [STAGE 7] Multi-Gate Geometric Evaluation
  Cluster #00 -> Pts: 8705  | Dims(mm): X= 78.6, Y=101.5, Z= 40.0 | VolRatio: 0.394 | Gates: [G1-4=1 G5_Size=1 G6_3D=1] -> PASSED
  [INFO] Winning Cluster selected: ID #0 (Score=0.7535)
  [INFO] Winning cluster point count: 8,705

━━━ [STAGE 8] Projection — Sensor Space → Cropped Canvas

  ── [STAGE 8a] Coordinate System Parameters ──
    Intrinsics    : fx=750.148  fy=749.790  cx=386.179  cy=366.086
    Crop offsets  : left=0 px  top=0 px
    Depth sensor  : 510W x 720H px
    RGB canvas    : 510W x 720H px
    Scale factors : scale_x=1.000000  scale_y=1.000000

  ── [STAGE 8b] 3-D Cluster Bounding Box (world space) ──
    X range : -0.0014 m  →  0.0773 m  (span 78.6 mm)
    Y range : 0.0781 m  →  0.1796 m  (span 101.5 mm)
    Z range : 0.4360 m  →  0.4760 m  (span 40.0 mm)
    Z depth : mean=0.4593 m  std=0.0079 m  min=0.4360 m  max=0.4760 m

  ── [STAGE 8c] Projection Steps ──
    [Step 1] Full-sensor pixel coords (before crop subtraction):
      u_sensor  min=384.0  max=509.0  mean=459.0
      v_sensor  min=491.0  max=650.0  mean=565.9
    [OK] Sensor-space OOB: u=0.0%  v=0.0%
    [Step 2] After crop subtraction (crop_left=0, crop_top=0):
      u_cropped min=384.0  max=509.0  mean=459.0
      v_cropped min=491.0  max=650.0  mean=565.9
    [Step 2 Check] Cropped coords outside canvas: u<0=0.0%  u>W=0.0%  v<0=0.0%  v>H=0.0%
    [Step 3] After scale to canvas (scale_x=1.0000, scale_y=1.0000):
      u  min=384  max=509  mean=459.0
      v  min=491  max=650  mean=565.9
      Canvas target size : 510W x 720H px

  ── [STAGE 8d] Expected mask centroid on canvas ──
      Projected centroid : u=459.0 px  v=565.9 px
      Canvas centre      : u=255.0 px  v=360.0 px
      Offset from centre : Δu=204.0 px  Δv=205.9 px

  ── [STAGE 8e] Bounds Filter ──
    Total projected points : 8,705
    Inside canvas bounds   : 8,705  (100.0%)
    Duplicate pixel hits    : 0
  [INFO] Density non-zero pixels: 8,705
  [INFO] Density peak count     : 1
  [INFO] Raw mask white pixels before morphology: 8,705
  [INFO] White pixels after close: 9,900
  [INFO] Morphological open skipped for tip-loss debugging.
  [INFO] White pixels after open (skipped): 9,900

  ── [STAGE 8f] Final Mask Stats ──
    Bounding box : 125W x 159H px
    Mask centroid: (446.5, 570.5) px
    White pixels : 9,900
  masking.py run ended: 2026-06-13 19:53:56.248480
