
================================================================================
  masking.py run started: 2026-06-13 20:03:00.966004
================================================================================

━━━ [STAGE 1] Loading Point Cloud Array
  [INFO] Total raw points loaded: 365,929

━━━ [STAGE 2] Statistical Outlier Demolition
  [INFO] Points surviving outlier filter: 357,188

━━━ [STAGE 3] Live Plane Surface Isolation (RANSAC)
  [INFO] Original RANSAC: a=0.0147, b=-0.0884, c=0.9960, d=-0.4750
  [INFO] Normal vector pointing down. Flipping coefficients up toward lens.
  [INFO] Points isolated on belt plane: 334,735
  [INFO] Non-plane points going to workspace filter: 22,453

━━━ [STAGE 5] Direction-Enforced Spatial Pre-Filtering
  [INFO] Height gate window : 1.50mm to 500.00mm
  [INFO] Dist-from-plane mm : min=5.964 mean=53.113 median=55.666 max=69.863
  [INFO] Rejected by lower gate: 0 / 22,453
  [INFO] Rejected by upper gate: 0 / 22,453
  [DEBUG] Points passing directional spatial filters: 22,453

━━━ [STAGE 6] Spatial Structural Isolation Clustering (DBSCAN)
  [INFO] DBSCAN discovered 2 distinct point groups.

━━━ [STAGE 7] Multi-Gate Geometric Evaluation
  Cluster #00 -> Pts: 22411 | Dims(mm): X= 91.9, Y=151.9, Z= 63.0 | VolRatio: 0.415 | Gates: [G1-4=1 G5_Size=1 G6_3D=1] -> PASSED
  Cluster #01 -> Pts: 42    | Dims(mm): X=  4.9, Y= 43.5, Z=  6.0 | VolRatio: 0.114 | Gates: [G1-4=1 G5_Size=0 G6_3D=0] -> REJECTED
  [INFO] Winning Cluster selected: ID #0 (Score=0.8245)
  [INFO] Winning cluster point count: 22,411

━━━ [STAGE 8] Projection — Sensor Space → Cropped Canvas

  ── [STAGE 8a] Coordinate System Parameters ──
    Intrinsics    : fx=750.148  fy=749.790  cx=386.179  cy=366.086
    Crop offsets  : left=0 px  top=0 px
    Depth sensor  : 510W x 720H px
    RGB canvas    : 510W x 720H px
    Scale factors : scale_x=1.000000  scale_y=1.000000

  ── [STAGE 8b] 3-D Cluster Bounding Box (world space) ──
    X range : -0.0404 m  →  0.0515 m  (span 91.9 mm)
    Y range : -0.1065 m  →  0.0453 m  (span 151.9 mm)
    Z range : 0.4030 m  →  0.4660 m  (span 63.0 mm)
    Z depth : mean=0.4199 m  std=0.0118 m  min=0.4030 m  max=0.4660 m

  ── [STAGE 8c] Projection Steps ──
    [Step 1] Full-sensor pixel coords (before crop subtraction):
      u_sensor  min=315.0  max=473.0  mean=397.0
      v_sensor  min=179.0  max=439.0  mean=293.5
    [OK] Sensor-space OOB: u=0.0%  v=0.0%
    [Step 2] After crop subtraction (crop_left=0, crop_top=0):
      u_cropped min=315.0  max=473.0  mean=397.0
      v_cropped min=179.0  max=439.0  mean=293.5
    [Step 2 Check] Cropped coords outside canvas: u<0=0.0%  u>W=0.0%  v<0=0.0%  v>H=0.0%
    [Step 3] After scale to canvas (scale_x=1.0000, scale_y=1.0000):
      u  min=315  max=473  mean=397.0
      v  min=179  max=439  mean=293.5
      Canvas target size : 510W x 720H px

  ── [STAGE 8d] Expected mask centroid on canvas ──
      Projected centroid : u=397.0 px  v=293.5 px
      Canvas centre      : u=255.0 px  v=360.0 px
      Offset from centre : Δu=142.0 px  Δv=-66.5 px

  ── [STAGE 8e] Bounds Filter ──
    Total projected points : 22,411
    Inside canvas bounds   : 22,411  (100.0%)
    Duplicate pixel hits    : 0
  [INFO] Density non-zero pixels: 22,411
  [INFO] Density peak count     : 1
  [INFO] Raw mask white pixels before morphology: 22,411
  [INFO] White pixels after close: 23,824
  [INFO] Morphological open skipped for tip-loss debugging.
  [INFO] White pixels after open (skipped): 23,824

  ── [STAGE 8f] Final Mask Stats ──
    Bounding box : 158W x 260H px
    Mask centroid: (394.0, 309.0) px
    White pixels : 23,824
  masking.py run ended: 2026-06-13 20:03:04.276788
