
================================================================================
  masking.py run started: 2026-06-13 20:01:14.448647
================================================================================

━━━ [STAGE 1] Loading Point Cloud Array
  [INFO] Total raw points loaded: 366,269

━━━ [STAGE 2] Statistical Outlier Demolition
  [INFO] Points surviving outlier filter: 354,269

━━━ [STAGE 3] Live Plane Surface Isolation (RANSAC)
  [INFO] Original RANSAC: a=0.0139, b=-0.0684, c=0.9976, d=-0.4778
  [INFO] Normal vector pointing down. Flipping coefficients up toward lens.
  [INFO] Points isolated on belt plane: 339,545
  [INFO] Non-plane points going to workspace filter: 14,724

━━━ [STAGE 5] Direction-Enforced Spatial Pre-Filtering
  [INFO] Height gate window : 1.50mm to 500.00mm
  [INFO] Dist-from-plane mm : min=14.075 mean=51.396 median=52.120 max=75.768
  [INFO] Rejected by lower gate: 0 / 14,724
  [INFO] Rejected by upper gate: 0 / 14,724
  [DEBUG] Points passing directional spatial filters: 14,724

━━━ [STAGE 6] Spatial Structural Isolation Clustering (DBSCAN)
  [INFO] DBSCAN discovered 1 distinct point groups.

━━━ [STAGE 7] Multi-Gate Geometric Evaluation
  Cluster #00 -> Pts: 14722 | Dims(mm): X=192.7, Y= 57.8, Z= 64.0 | VolRatio: 0.300 | Gates: [G1-4=1 G5_Size=1 G6_3D=1] -> PASSED
  [INFO] Winning Cluster selected: ID #0 (Score=0.7899)
  [INFO] Winning cluster point count: 14,722

━━━ [STAGE 8] Projection — Sensor Space → Cropped Canvas

  ── [STAGE 8a] Coordinate System Parameters ──
    Intrinsics    : fx=750.148  fy=749.790  cx=386.179  cy=366.086
    Crop offsets  : left=0 px  top=0 px
    Depth sensor  : 510W x 720H px
    RGB canvas    : 510W x 720H px
    Scale factors : scale_x=1.000000  scale_y=1.000000

  ── [STAGE 8b] 3-D Cluster Bounding Box (world space) ──
    X range : -0.1853 m  →  0.0074 m  (span 192.7 mm)
    Y range : 0.1653 m  →  0.2230 m  (span 57.8 mm)
    Z range : 0.4180 m  →  0.4820 m  (span 64.0 mm)
    Z depth : mean=0.4416 m  std=0.0125 m  min=0.4180 m  max=0.4820 m

  ── [STAGE 8c] Projection Steps ──
    [Step 1] Full-sensor pixel coords (before crop subtraction):
      u_sensor  min=96.0  max=398.0  mean=232.1
      v_sensor  min=631.0  max=718.0  mean=685.5
    [OK] Sensor-space OOB: u=0.0%  v=0.0%
    [Step 2] After crop subtraction (crop_left=0, crop_top=0):
      u_cropped min=96.0  max=398.0  mean=232.1
      v_cropped min=631.0  max=718.0  mean=685.5
    [Step 2 Check] Cropped coords outside canvas: u<0=0.0%  u>W=0.0%  v<0=0.0%  v>H=0.0%
    [Step 3] After scale to canvas (scale_x=1.0000, scale_y=1.0000):
      u  min=96  max=398  mean=232.1
      v  min=631  max=718  mean=685.5
      Canvas target size : 510W x 720H px

  ── [STAGE 8d] Expected mask centroid on canvas ──
      Projected centroid : u=232.1 px  v=685.5 px
      Canvas centre      : u=255.0 px  v=360.0 px
      Offset from centre : Δu=-22.9 px  Δv=325.5 px

  ── [STAGE 8e] Bounds Filter ──
    Total projected points : 14,722
    Inside canvas bounds   : 14,722  (100.0%)
    Duplicate pixel hits    : 0
  [INFO] Density non-zero pixels: 14,722
  [INFO] Density peak count     : 1
  [INFO] Raw mask white pixels before morphology: 14,722
  [INFO] White pixels after close: 17,336
  [INFO] Morphological open skipped for tip-loss debugging.
  [INFO] White pixels after open (skipped): 17,336

  ── [STAGE 8f] Final Mask Stats ──
    Bounding box : 302W x 88H px
    Mask centroid: (247.0, 675.0) px
    White pixels : 17,336
  masking.py run ended: 2026-06-13 20:01:16.936210
