
================================================================================
  masking.py run started: 2026-06-13 19:49:37.589712
================================================================================

━━━ [STAGE 1] Loading Point Cloud Array
  [INFO] Total raw points loaded: 366,410

━━━ [STAGE 2] Statistical Outlier Demolition
  [INFO] Points surviving outlier filter: 357,904

━━━ [STAGE 3] Live Plane Surface Isolation (RANSAC)
  [INFO] Original RANSAC: a=0.0143, b=-0.0497, c=0.9987, d=-0.4784
  [INFO] Normal vector pointing down. Flipping coefficients up toward lens.
  [INFO] Points isolated on belt plane: 351,615
  [INFO] Non-plane points going to workspace filter: 6,289

━━━ [STAGE 5] Direction-Enforced Spatial Pre-Filtering
  [INFO] Height gate window : 1.50mm to 500.00mm
  [INFO] Dist-from-plane mm : min=12.470 mean=38.735 median=38.993 max=52.250
  [INFO] Rejected by lower gate: 0 / 6,289
  [INFO] Rejected by upper gate: 0 / 6,289
  [DEBUG] Points passing directional spatial filters: 6,289

━━━ [STAGE 6] Spatial Structural Isolation Clustering (DBSCAN)
  [INFO] DBSCAN discovered 2 distinct point groups.

━━━ [STAGE 7] Multi-Gate Geometric Evaluation
  Cluster #00 -> Pts: 6243  | Dims(mm): X= 89.2, Y=154.0, Z= 36.0 | VolRatio: 0.234 | Gates: [G1-4=1 G5_Size=1 G6_3D=1] -> PASSED
  Cluster #01 -> Pts: 40    | Dims(mm): X=  2.5, Y=  6.0, Z=  3.0 | VolRatio: 0.415 | Gates: [G1-4=1 G5_Size=0 G6_3D=1] -> REJECTED
  [INFO] Winning Cluster selected: ID #0 (Score=0.5823)
  [INFO] Winning cluster point count: 6,243

━━━ [STAGE 8] Projection — Sensor Space → Cropped Canvas

  ── [STAGE 8a] Coordinate System Parameters ──
    Intrinsics    : fx=750.148  fy=749.790  cx=386.179  cy=366.086
    Crop offsets  : left=0 px  top=0 px
    Depth sensor  : 510W x 720H px
    RGB canvas    : 510W x 720H px
    Scale factors : scale_x=1.000000  scale_y=1.000000

  ── [STAGE 8b] 3-D Cluster Bounding Box (world space) ──
    X range : -0.1242 m  →  -0.0350 m  (span 89.2 mm)
    Y range : -0.0111 m  →  0.1429 m  (span 154.0 mm)
    Z range : 0.4350 m  →  0.4710 m  (span 36.0 mm)
    Z depth : mean=0.4447 m  std=0.0057 m  min=0.4350 m  max=0.4710 m

  ── [STAGE 8c] Projection Steps ──
    [Step 1] Full-sensor pixel coords (before crop subtraction):
      u_sensor  min=181.0  max=330.0  mean=278.0
      v_sensor  min=348.0  max=609.0  mean=492.7
    [OK] Sensor-space OOB: u=0.0%  v=0.0%
    [Step 2] After crop subtraction (crop_left=0, crop_top=0):
      u_cropped min=181.0  max=330.0  mean=278.0
      v_cropped min=348.0  max=609.0  mean=492.7
    [Step 2 Check] Cropped coords outside canvas: u<0=0.0%  u>W=0.0%  v<0=0.0%  v>H=0.0%
    [Step 3] After scale to canvas (scale_x=1.0000, scale_y=1.0000):
      u  min=181  max=330  mean=278.0
      v  min=348  max=609  mean=492.7
      Canvas target size : 510W x 720H px

  ── [STAGE 8d] Expected mask centroid on canvas ──
      Projected centroid : u=278.0 px  v=492.7 px
      Canvas centre      : u=255.0 px  v=360.0 px
      Offset from centre : Δu=23.0 px  Δv=132.7 px

  ── [STAGE 8e] Bounds Filter ──
    Total projected points : 6,243
    Inside canvas bounds   : 6,243  (100.0%)
    Duplicate pixel hits    : 0
  [INFO] Density non-zero pixels: 6,243
  [INFO] Density peak count     : 1
  [INFO] Raw mask white pixels before morphology: 6,243
  [INFO] White pixels after close: 6,892
  [INFO] Morphological open skipped for tip-loss debugging.
  [INFO] White pixels after open (skipped): 6,892

  ── [STAGE 8f] Final Mask Stats ──
    Bounding box : 149W x 261H px
    Mask centroid: (255.5, 478.5) px
    White pixels : 6,892
  masking.py run ended: 2026-06-13 19:49:39.091978
