
================================================================================
  masking.py run started: 2026-06-13 20:05:23.070923
================================================================================

━━━ [STAGE 1] Loading Point Cloud Array
  [INFO] Total raw points loaded: 365,850

━━━ [STAGE 2] Statistical Outlier Demolition
  [INFO] Points surviving outlier filter: 356,678

━━━ [STAGE 3] Live Plane Surface Isolation (RANSAC)
  [INFO] Original RANSAC: a=0.0128, b=-0.0951, c=0.9954, d=-0.4746
  [INFO] Normal vector pointing down. Flipping coefficients up toward lens.
  [INFO] Points isolated on belt plane: 325,812
  [INFO] Non-plane points going to workspace filter: 30,866

━━━ [STAGE 5] Direction-Enforced Spatial Pre-Filtering
  [INFO] Height gate window : 1.50mm to 500.00mm
  [INFO] Dist-from-plane mm : min=-11.372 mean=60.061 median=62.327 max=77.548
  [INFO] Rejected by lower gate: 2 / 30,866
  [INFO] Rejected by upper gate: 0 / 30,866
  [DEBUG] Points passing directional spatial filters: 30,864

━━━ [STAGE 6] Spatial Structural Isolation Clustering (DBSCAN)
  [INFO] DBSCAN discovered 2 distinct point groups.

━━━ [STAGE 7] Multi-Gate Geometric Evaluation
  Cluster #00 -> Pts: 30846 | Dims(mm): X=115.0, Y=129.1, Z= 63.0 | VolRatio: 0.488 | Gates: [G1-4=1 G5_Size=1 G6_3D=1] -> PASSED
  Cluster #01 -> Pts: 18    | Dims(mm): X=  3.6, Y=  1.8, Z=  2.0 | VolRatio: 0.485 | Gates: [G1-4=0 G5_Size=0 G6_3D=1] -> REJECTED
  [INFO] Winning Cluster selected: ID #0 (Score=0.8464)
  [INFO] Winning cluster point count: 30,846

━━━ [STAGE 8] Projection — Sensor Space → Cropped Canvas

  ── [STAGE 8a] Coordinate System Parameters ──
    Intrinsics    : fx=750.148  fy=749.790  cx=386.179  cy=366.086
    Crop offsets  : left=0 px  top=0 px
    Depth sensor  : 510W x 720H px
    RGB canvas    : 510W x 720H px
    Scale factors : scale_x=1.000000  scale_y=1.000000

  ── [STAGE 8b] 3-D Cluster Bounding Box (world space) ──
    X range : -0.1790 m  →  -0.0639 m  (span 115.0 mm)
    Y range : -0.1558 m  →  -0.0267 m  (span 129.1 mm)
    Z range : 0.3930 m  →  0.4560 m  (span 63.0 mm)
    Z depth : mean=0.4105 m  std=0.0097 m  min=0.3930 m  max=0.4560 m

  ── [STAGE 8c] Projection Steps ──
    [Step 1] Full-sensor pixel coords (before crop subtraction):
      u_sensor  min=62.0  max=281.0  mean=168.8
      v_sensor  min=103.0  max=319.0  mean=221.9
    [OK] Sensor-space OOB: u=0.0%  v=0.0%
    [Step 2] After crop subtraction (crop_left=0, crop_top=0):
      u_cropped min=62.0  max=281.0  mean=168.8
      v_cropped min=103.0  max=319.0  mean=221.9
    [Step 2 Check] Cropped coords outside canvas: u<0=0.0%  u>W=0.0%  v<0=0.0%  v>H=0.0%
    [Step 3] After scale to canvas (scale_x=1.0000, scale_y=1.0000):
      u  min=62  max=281  mean=168.8
      v  min=103  max=319  mean=221.9
      Canvas target size : 510W x 720H px

  ── [STAGE 8d] Expected mask centroid on canvas ──
      Projected centroid : u=168.8 px  v=221.9 px
      Canvas centre      : u=255.0 px  v=360.0 px
      Offset from centre : Δu=-86.2 px  Δv=-138.1 px

  ── [STAGE 8e] Bounds Filter ──
    Total projected points : 30,846
    Inside canvas bounds   : 30,846  (100.0%)
    Duplicate pixel hits    : 0
  [INFO] Density non-zero pixels: 30,846
  [INFO] Density peak count     : 1
  [INFO] Raw mask white pixels before morphology: 30,846
  [INFO] White pixels after close: 33,052
  [INFO] Morphological open skipped for tip-loss debugging.
  [INFO] White pixels after open (skipped): 33,052

  ── [STAGE 8f] Final Mask Stats ──
    Bounding box : 219W x 216H px
    Mask centroid: (171.5, 211.0) px
    White pixels : 33,052
  masking.py run ended: 2026-06-13 20:05:28.392370
