
================================================================================
  masking.py run started: 2026-06-13 20:03:10.542651
================================================================================

━━━ [STAGE 1] Loading Point Cloud Array
  [INFO] Total raw points loaded: 365,934

━━━ [STAGE 2] Statistical Outlier Demolition
  [INFO] Points surviving outlier filter: 355,277

━━━ [STAGE 3] Live Plane Surface Isolation (RANSAC)
  [INFO] Original RANSAC: a=0.0147, b=-0.0887, c=0.9959, d=-0.4750
  [INFO] Normal vector pointing down. Flipping coefficients up toward lens.
  [INFO] Points isolated on belt plane: 332,697
  [INFO] Non-plane points going to workspace filter: 22,580

━━━ [STAGE 5] Direction-Enforced Spatial Pre-Filtering
  [INFO] Height gate window : 1.50mm to 500.00mm
  [INFO] Dist-from-plane mm : min=6.889 mean=47.987 median=49.430 max=67.511
  [INFO] Rejected by lower gate: 0 / 22,580
  [INFO] Rejected by upper gate: 0 / 22,580
  [DEBUG] Points passing directional spatial filters: 22,580

━━━ [STAGE 6] Spatial Structural Isolation Clustering (DBSCAN)
  [INFO] DBSCAN discovered 3 distinct point groups.

━━━ [STAGE 7] Multi-Gate Geometric Evaluation
  Cluster #00 -> Pts: 22532 | Dims(mm): X=178.5, Y=145.5, Z= 53.0 | VolRatio: 0.297 | Gates: [G1-4=1 G5_Size=1 G6_3D=1] -> PASSED
  Cluster #01 -> Pts: 27    | Dims(mm): X=  2.3, Y= 26.3, Z=  2.0 | VolRatio: 0.076 | Gates: [G1-4=0 G5_Size=0 G6_3D=0] -> REJECTED
  Cluster #02 -> Pts: 21    | Dims(mm): X=  4.6, Y= 14.3, Z=  1.0 | VolRatio: 0.070 | Gates: [G1-4=0 G5_Size=0 G6_3D=0] -> REJECTED
  [INFO] Winning Cluster selected: ID #0 (Score=0.7891)
  [INFO] Winning cluster point count: 22,532

━━━ [STAGE 8] Projection — Sensor Space → Cropped Canvas

  ── [STAGE 8a] Coordinate System Parameters ──
    Intrinsics    : fx=750.148  fy=749.790  cx=386.179  cy=366.086
    Crop offsets  : left=0 px  top=0 px
    Depth sensor  : 510W x 720H px
    RGB canvas    : 510W x 720H px
    Scale factors : scale_x=1.000000  scale_y=1.000000

  ── [STAGE 8b] 3-D Cluster Bounding Box (world space) ──
    X range : -0.1053 m  →  0.0732 m  (span 178.5 mm)
    Y range : -0.1876 m  →  -0.0421 m  (span 145.5 mm)
    Z range : 0.4010 m  →  0.4540 m  (span 53.0 mm)
    Z depth : mean=0.4202 m  std=0.0105 m  min=0.4010 m  max=0.4540 m

  ── [STAGE 8c] Projection Steps ──
    [Step 1] Full-sensor pixel coords (before crop subtraction):
      u_sensor  min=202.0  max=509.0  mean=381.1
      v_sensor  min=39.0  max=294.0  mean=195.3
    [OK] Sensor-space OOB: u=0.0%  v=0.0%
    [Step 2] After crop subtraction (crop_left=0, crop_top=0):
      u_cropped min=202.0  max=509.0  mean=381.1
      v_cropped min=39.0  max=294.0  mean=195.3
    [Step 2 Check] Cropped coords outside canvas: u<0=0.0%  u>W=0.0%  v<0=0.0%  v>H=0.0%
    [Step 3] After scale to canvas (scale_x=1.0000, scale_y=1.0000):
      u  min=202  max=509  mean=381.1
      v  min=39  max=294  mean=195.3
      Canvas target size : 510W x 720H px

  ── [STAGE 8d] Expected mask centroid on canvas ──
      Projected centroid : u=381.1 px  v=195.3 px
      Canvas centre      : u=255.0 px  v=360.0 px
      Offset from centre : Δu=126.1 px  Δv=-164.7 px

  ── [STAGE 8e] Bounds Filter ──
    Total projected points : 22,532
    Inside canvas bounds   : 22,532  (100.0%)
    Duplicate pixel hits    : 0
  [INFO] Density non-zero pixels: 22,532
  [INFO] Density peak count     : 1
  [INFO] Raw mask white pixels before morphology: 22,532
  [INFO] White pixels after close: 24,309
  [INFO] Morphological open skipped for tip-loss debugging.
  [INFO] White pixels after open (skipped): 24,309

  ── [STAGE 8f] Final Mask Stats ──
    Bounding box : 307W x 255H px
    Mask centroid: (355.5, 166.5) px
    White pixels : 24,309
  masking.py run ended: 2026-06-13 20:03:13.888613
