
================================================================================
  masking.py run started: 2026-06-13 20:05:59.483089
================================================================================

━━━ [STAGE 1] Loading Point Cloud Array
  [INFO] Total raw points loaded: 365,752

━━━ [STAGE 2] Statistical Outlier Demolition
  [INFO] Points surviving outlier filter: 355,333

━━━ [STAGE 3] Live Plane Surface Isolation (RANSAC)
  [INFO] Original RANSAC: a=0.0139, b=-0.1023, c=0.9947, d=-0.4735
  [INFO] Normal vector pointing down. Flipping coefficients up toward lens.
  [INFO] Points isolated on belt plane: 339,119
  [INFO] Non-plane points going to workspace filter: 16,214

━━━ [STAGE 5] Direction-Enforced Spatial Pre-Filtering
  [INFO] Height gate window : 1.50mm to 500.00mm
  [INFO] Dist-from-plane mm : min=12.304 mean=33.600 median=34.721 max=57.693
  [INFO] Rejected by lower gate: 0 / 16,214
  [INFO] Rejected by upper gate: 0 / 16,214
  [DEBUG] Points passing directional spatial filters: 16,214

━━━ [STAGE 6] Spatial Structural Isolation Clustering (DBSCAN)
  [INFO] DBSCAN discovered 1 distinct point groups.

━━━ [STAGE 7] Multi-Gate Geometric Evaluation
  Cluster #00 -> Pts: 16214 | Dims(mm): X=108.2, Y=126.7, Z= 45.0 | VolRatio: 0.355 | Gates: [G1-4=1 G5_Size=1 G6_3D=1] -> PASSED
  [INFO] Winning Cluster selected: ID #0 (Score=0.8066)
  [INFO] Winning cluster point count: 16,214

━━━ [STAGE 8] Projection — Sensor Space → Cropped Canvas

  ── [STAGE 8a] Coordinate System Parameters ──
    Intrinsics    : fx=750.148  fy=749.790  cx=386.179  cy=366.086
    Crop offsets  : left=0 px  top=0 px
    Depth sensor  : 510W x 720H px
    RGB canvas    : 510W x 720H px
    Scale factors : scale_x=1.000000  scale_y=1.000000

  ── [STAGE 8b] 3-D Cluster Bounding Box (world space) ──
    X range : -0.0919 m  →  0.0163 m  (span 108.2 mm)
    Y range : -0.1022 m  →  0.0245 m  (span 126.7 mm)
    Z range : 0.4170 m  →  0.4620 m  (span 45.0 mm)
    Z depth : mean=0.4382 m  std=0.0103 m  min=0.4170 m  max=0.4620 m

  ── [STAGE 8c] Projection Steps ──
    [Step 1] Full-sensor pixel coords (before crop subtraction):
      u_sensor  min=236.0  max=413.0  mean=333.6
      v_sensor  min=197.0  max=407.0  mean=291.2
    [OK] Sensor-space OOB: u=0.0%  v=0.0%
    [Step 2] After crop subtraction (crop_left=0, crop_top=0):
      u_cropped min=236.0  max=413.0  mean=333.6
      v_cropped min=197.0  max=407.0  mean=291.2
    [Step 2 Check] Cropped coords outside canvas: u<0=0.0%  u>W=0.0%  v<0=0.0%  v>H=0.0%
    [Step 3] After scale to canvas (scale_x=1.0000, scale_y=1.0000):
      u  min=236  max=413  mean=333.6
      v  min=197  max=407  mean=291.2
      Canvas target size : 510W x 720H px

  ── [STAGE 8d] Expected mask centroid on canvas ──
      Projected centroid : u=333.6 px  v=291.2 px
      Canvas centre      : u=255.0 px  v=360.0 px
      Offset from centre : Δu=78.6 px  Δv=-68.8 px

  ── [STAGE 8e] Bounds Filter ──
    Total projected points : 16,214
    Inside canvas bounds   : 16,214  (100.0%)
    Duplicate pixel hits    : 0
  [INFO] Density non-zero pixels: 16,214
  [INFO] Density peak count     : 1
  [INFO] Raw mask white pixels before morphology: 16,214
  [INFO] White pixels after close: 19,209
  [INFO] Morphological open skipped for tip-loss debugging.
  [INFO] White pixels after open (skipped): 19,209

  ── [STAGE 8f] Final Mask Stats ──
    Bounding box : 177W x 210H px
    Mask centroid: (324.5, 302.0) px
    White pixels : 19,209
  masking.py run ended: 2026-06-13 20:06:01.823757
