
================================================================================
  masking.py run started: 2026-06-13 20:01:16.936969
================================================================================

━━━ [STAGE 1] Loading Point Cloud Array
  [INFO] Total raw points loaded: 366,182

━━━ [STAGE 2] Statistical Outlier Demolition
  [INFO] Points surviving outlier filter: 356,159

━━━ [STAGE 3] Live Plane Surface Isolation (RANSAC)
  [INFO] Original RANSAC: a=0.0124, b=-0.0655, c=0.9978, d=-0.4775
  [INFO] Normal vector pointing down. Flipping coefficients up toward lens.
  [INFO] Points isolated on belt plane: 320,104
  [INFO] Non-plane points going to workspace filter: 36,055

━━━ [STAGE 5] Direction-Enforced Spatial Pre-Filtering
  [INFO] Height gate window : 1.50mm to 500.00mm
  [INFO] Dist-from-plane mm : min=14.515 mean=60.905 median=64.678 max=84.384
  [INFO] Rejected by lower gate: 0 / 36,055
  [INFO] Rejected by upper gate: 0 / 36,055
  [DEBUG] Points passing directional spatial filters: 36,055

━━━ [STAGE 6] Spatial Structural Isolation Clustering (DBSCAN)
  [INFO] DBSCAN discovered 2 distinct point groups.

━━━ [STAGE 7] Multi-Gate Geometric Evaluation
  Cluster #00 -> Pts: 12    | Dims(mm): X=  7.4, Y=  6.7, Z=  5.0 | VolRatio: 0.673 | Gates: [G1-4=0 G5_Size=0 G6_3D=1] -> REJECTED
  Cluster #01 -> Pts: 36043 | Dims(mm): X=145.2, Y=219.7, Z= 81.0 | VolRatio: 0.369 | Gates: [G1-4=1 G5_Size=1 G6_3D=1] -> PASSED
  [INFO] Winning Cluster selected: ID #1 (Score=0.8106)
  [INFO] Winning cluster point count: 36,043

━━━ [STAGE 8] Projection — Sensor Space → Cropped Canvas

  ── [STAGE 8a] Coordinate System Parameters ──
    Intrinsics    : fx=750.148  fy=749.790  cx=386.179  cy=366.086
    Crop offsets  : left=0 px  top=0 px
    Depth sensor  : 510W x 720H px
    RGB canvas    : 510W x 720H px
    Scale factors : scale_x=1.000000  scale_y=1.000000

  ── [STAGE 8b] 3-D Cluster Bounding Box (world space) ──
    X range : -0.1703 m  →  -0.0251 m  (span 145.2 mm)
    Y range : -0.0049 m  →  0.2148 m  (span 219.7 mm)
    Z range : 0.3960 m  →  0.4770 m  (span 81.0 mm)
    Z depth : mean=0.4243 m  std=0.0158 m  min=0.3960 m  max=0.4770 m

  ── [STAGE 8c] Projection Steps ──
    [Step 1] Full-sensor pixel coords (before crop subtraction):
      u_sensor  min=79.0  max=346.0  mean=195.0
      v_sensor  min=357.0  max=716.0  mean=509.5
    [OK] Sensor-space OOB: u=0.0%  v=0.0%
    [Step 2] After crop subtraction (crop_left=0, crop_top=0):
      u_cropped min=79.0  max=346.0  mean=195.0
      v_cropped min=357.0  max=716.0  mean=509.5
    [Step 2 Check] Cropped coords outside canvas: u<0=0.0%  u>W=0.0%  v<0=0.0%  v>H=0.0%
    [Step 3] After scale to canvas (scale_x=1.0000, scale_y=1.0000):
      u  min=79  max=346  mean=195.0
      v  min=357  max=716  mean=509.5
      Canvas target size : 510W x 720H px

  ── [STAGE 8d] Expected mask centroid on canvas ──
      Projected centroid : u=195.0 px  v=509.5 px
      Canvas centre      : u=255.0 px  v=360.0 px
      Offset from centre : Δu=-60.0 px  Δv=149.5 px

  ── [STAGE 8e] Bounds Filter ──
    Total projected points : 36,043
    Inside canvas bounds   : 36,043  (100.0%)
    Duplicate pixel hits    : 0
  [INFO] Density non-zero pixels: 36,043
  [INFO] Density peak count     : 1
  [INFO] Raw mask white pixels before morphology: 36,043
  [INFO] White pixels after close: 38,227
  [INFO] Morphological open skipped for tip-loss debugging.
  [INFO] White pixels after open (skipped): 38,227

  ── [STAGE 8f] Final Mask Stats ──
    Bounding box : 267W x 362H px
    Mask centroid: (212.5, 538.0) px
    White pixels : 38,227
  masking.py run ended: 2026-06-13 20:01:22.044348
