
================================================================================
  masking.py run started: 2026-06-13 20:03:58.676185
================================================================================

━━━ [STAGE 1] Loading Point Cloud Array
  [INFO] Total raw points loaded: 365,907

━━━ [STAGE 2] Statistical Outlier Demolition
  [INFO] Points surviving outlier filter: 355,314

━━━ [STAGE 3] Live Plane Surface Isolation (RANSAC)
  [INFO] Original RANSAC: a=0.0126, b=-0.0884, c=0.9960, d=-0.4752
  [INFO] Normal vector pointing down. Flipping coefficients up toward lens.
  [INFO] Points isolated on belt plane: 336,996
  [INFO] Non-plane points going to workspace filter: 18,318

━━━ [STAGE 5] Direction-Enforced Spatial Pre-Filtering
  [INFO] Height gate window : 1.50mm to 500.00mm
  [INFO] Dist-from-plane mm : min=12.834 mean=46.084 median=49.982 max=62.174
  [INFO] Rejected by lower gate: 0 / 18,318
  [INFO] Rejected by upper gate: 0 / 18,318
  [DEBUG] Points passing directional spatial filters: 18,318

━━━ [STAGE 6] Spatial Structural Isolation Clustering (DBSCAN)
  [INFO] DBSCAN discovered 1 distinct point groups.

━━━ [STAGE 7] Multi-Gate Geometric Evaluation
  Cluster #00 -> Pts: 18310 | Dims(mm): X=157.8, Y=162.9, Z= 54.0 | VolRatio: 0.332 | Gates: [G1-4=1 G5_Size=1 G6_3D=1] -> PASSED
  [INFO] Winning Cluster selected: ID #0 (Score=0.7995)
  [INFO] Winning cluster point count: 18,310

━━━ [STAGE 8] Projection — Sensor Space → Cropped Canvas

  ── [STAGE 8a] Coordinate System Parameters ──
    Intrinsics    : fx=750.148  fy=749.790  cx=386.179  cy=366.086
    Crop offsets  : left=0 px  top=0 px
    Depth sensor  : 510W x 720H px
    RGB canvas    : 510W x 720H px
    Scale factors : scale_x=1.000000  scale_y=1.000000

  ── [STAGE 8b] 3-D Cluster Bounding Box (world space) ──
    X range : -0.2344 m  →  -0.0766 m  (span 157.8 mm)
    Y range : -0.0656 m  →  0.0973 m  (span 162.9 mm)
    Z range : 0.4180 m  →  0.4720 m  (span 54.0 mm)
    Z depth : mean=0.4354 m  std=0.0123 m  min=0.4180 m  max=0.4720 m

  ── [STAGE 8c] Projection Steps ──
    [Step 1] Full-sensor pixel coords (before crop subtraction):
      u_sensor  min=8.0  max=261.0  mean=132.7
      v_sensor  min=259.0  max=521.0  mean=417.7
    [OK] Sensor-space OOB: u=0.0%  v=0.0%
    [Step 2] After crop subtraction (crop_left=0, crop_top=0):
      u_cropped min=8.0  max=261.0  mean=132.7
      v_cropped min=259.0  max=521.0  mean=417.7
    [Step 2 Check] Cropped coords outside canvas: u<0=0.0%  u>W=0.0%  v<0=0.0%  v>H=0.0%
    [Step 3] After scale to canvas (scale_x=1.0000, scale_y=1.0000):
      u  min=8  max=261  mean=132.7
      v  min=259  max=521  mean=417.7
      Canvas target size : 510W x 720H px

  ── [STAGE 8d] Expected mask centroid on canvas ──
      Projected centroid : u=132.7 px  v=417.7 px
      Canvas centre      : u=255.0 px  v=360.0 px
      Offset from centre : Δu=-122.3 px  Δv=57.7 px

  ── [STAGE 8e] Bounds Filter ──
    Total projected points : 18,310
    Inside canvas bounds   : 18,310  (100.0%)
    Duplicate pixel hits    : 0
  [INFO] Density non-zero pixels: 18,310
  [INFO] Density peak count     : 1
  [INFO] Raw mask white pixels before morphology: 18,310
  [INFO] White pixels after close: 19,837
  [INFO] Morphological open skipped for tip-loss debugging.
  [INFO] White pixels after open (skipped): 19,837

  ── [STAGE 8f] Final Mask Stats ──
    Bounding box : 253W x 262H px
    Mask centroid: (134.5, 390.0) px
    White pixels : 19,837
  masking.py run ended: 2026-06-13 20:04:01.129895
