
================================================================================
  masking.py run started: 2026-06-13 19:48:51.720962
================================================================================

━━━ [STAGE 1] Loading Point Cloud Array
  [INFO] Total raw points loaded: 366,403

━━━ [STAGE 2] Statistical Outlier Demolition
  [INFO] Points surviving outlier filter: 357,609

━━━ [STAGE 3] Live Plane Surface Isolation (RANSAC)
  [INFO] Original RANSAC: a=0.0144, b=-0.0496, c=0.9987, d=-0.4784
  [INFO] Normal vector pointing down. Flipping coefficients up toward lens.
  [INFO] Points isolated on belt plane: 350,036
  [INFO] Non-plane points going to workspace filter: 7,573

━━━ [STAGE 5] Direction-Enforced Spatial Pre-Filtering
  [INFO] Height gate window : 1.50mm to 500.00mm
  [INFO] Dist-from-plane mm : min=12.585 mean=34.925 median=31.371 max=61.096
  [INFO] Rejected by lower gate: 0 / 7,573
  [INFO] Rejected by upper gate: 0 / 7,573
  [DEBUG] Points passing directional spatial filters: 7,573

━━━ [STAGE 6] Spatial Structural Isolation Clustering (DBSCAN)
  [INFO] DBSCAN discovered 1 distinct point groups.

━━━ [STAGE 7] Multi-Gate Geometric Evaluation
  Cluster #00 -> Pts: 7573  | Dims(mm): X= 77.4, Y= 99.9, Z= 46.0 | VolRatio: 0.460 | Gates: [G1-4=1 G5_Size=1 G6_3D=1] -> PASSED
  [INFO] Winning Cluster selected: ID #0 (Score=0.7168)
  [INFO] Winning cluster point count: 7,573

━━━ [STAGE 8] Projection — Sensor Space → Cropped Canvas

  ── [STAGE 8a] Coordinate System Parameters ──
    Intrinsics    : fx=750.148  fy=749.790  cx=386.179  cy=366.086
    Crop offsets  : left=0 px  top=0 px
    Depth sensor  : 510W x 720H px
    RGB canvas    : 510W x 720H px
    Scale factors : scale_x=1.000000  scale_y=1.000000

  ── [STAGE 8b] 3-D Cluster Bounding Box (world space) ──
    X range : -0.1810 m  →  -0.1037 m  (span 77.4 mm)
    Y range : -0.2212 m  →  -0.1213 m  (span 99.9 mm)
    Z range : 0.4130 m  →  0.4590 m  (span 46.0 mm)
    Z depth : mean=0.4378 m  std=0.0145 m  min=0.4130 m  max=0.4590 m

  ── [STAGE 8c] Projection Steps ──
    [Step 1] Full-sensor pixel coords (before crop subtraction):
      u_sensor  min=74.0  max=216.0  mean=146.3
      v_sensor  min=0.0  max=158.0  mean=80.9
    [OK] Sensor-space OOB: u=0.0%  v=0.0%
    [Step 2] After crop subtraction (crop_left=0, crop_top=0):
      u_cropped min=74.0  max=216.0  mean=146.3
      v_cropped min=0.0  max=158.0  mean=80.9
    [Step 2 Check] Cropped coords outside canvas: u<0=0.0%  u>W=0.0%  v<0=0.0%  v>H=0.0%
    [Step 3] After scale to canvas (scale_x=1.0000, scale_y=1.0000):
      u  min=74  max=216  mean=146.3
      v  min=0  max=158  mean=80.9
      Canvas target size : 510W x 720H px

  ── [STAGE 8d] Expected mask centroid on canvas ──
      Projected centroid : u=146.3 px  v=80.9 px
      Canvas centre      : u=255.0 px  v=360.0 px
      Offset from centre : Δu=-108.7 px  Δv=-279.1 px

  ── [STAGE 8e] Bounds Filter ──
    Total projected points : 7,573
    Inside canvas bounds   : 7,573  (100.0%)
    Duplicate pixel hits    : 0
  [INFO] Density non-zero pixels: 7,573
  [INFO] Density peak count     : 1
  [INFO] Raw mask white pixels before morphology: 7,573
  [INFO] White pixels after close: 9,162
  [INFO] Morphological open skipped for tip-loss debugging.
  [INFO] White pixels after open (skipped): 9,162

  ── [STAGE 8f] Final Mask Stats ──
    Bounding box : 142W x 158H px
    Mask centroid: (145.0, 79.0) px
    White pixels : 9,162
  masking.py run ended: 2026-06-13 19:48:53.745877
