
================================================================================
  masking.py run started: 2026-06-13 20:01:47.592617
================================================================================

━━━ [STAGE 1] Loading Point Cloud Array
  [INFO] Total raw points loaded: 366,028

━━━ [STAGE 2] Statistical Outlier Demolition
  [INFO] Points surviving outlier filter: 356,731

━━━ [STAGE 3] Live Plane Surface Isolation (RANSAC)
  [INFO] Original RANSAC: a=0.0129, b=-0.0747, c=0.9971, d=-0.4767
  [INFO] Normal vector pointing down. Flipping coefficients up toward lens.
  [INFO] Points isolated on belt plane: 336,897
  [INFO] Non-plane points going to workspace filter: 19,834

━━━ [STAGE 5] Direction-Enforced Spatial Pre-Filtering
  [INFO] Height gate window : 1.50mm to 500.00mm
  [INFO] Dist-from-plane mm : min=12.960 mean=49.715 median=51.974 max=64.358
  [INFO] Rejected by lower gate: 0 / 19,834
  [INFO] Rejected by upper gate: 0 / 19,834
  [DEBUG] Points passing directional spatial filters: 19,834

━━━ [STAGE 6] Spatial Structural Isolation Clustering (DBSCAN)
  [INFO] DBSCAN discovered 1 distinct point groups.

━━━ [STAGE 7] Multi-Gate Geometric Evaluation
  Cluster #00 -> Pts: 19834 | Dims(mm): X= 69.4, Y=198.1, Z= 65.0 | VolRatio: 0.328 | Gates: [G1-4=1 G5_Size=1 G6_3D=1] -> PASSED
  [INFO] Winning Cluster selected: ID #0 (Score=0.7985)
  [INFO] Winning cluster point count: 19,834

━━━ [STAGE 8] Projection — Sensor Space → Cropped Canvas

  ── [STAGE 8a] Coordinate System Parameters ──
    Intrinsics    : fx=750.148  fy=749.790  cx=386.179  cy=366.086
    Crop offsets  : left=0 px  top=0 px
    Depth sensor  : 510W x 720H px
    RGB canvas    : 510W x 720H px
    Scale factors : scale_x=1.000000  scale_y=1.000000

  ── [STAGE 8b] 3-D Cluster Bounding Box (world space) ──
    X range : -0.1259 m  →  -0.0565 m  (span 69.4 mm)
    Y range : -0.2124 m  →  -0.0143 m  (span 198.1 mm)
    Z range : 0.4000 m  →  0.4650 m  (span 65.0 mm)
    Z depth : mean=0.4226 m  std=0.0095 m  min=0.4000 m  max=0.4650 m

  ── [STAGE 8c] Projection Steps ──
    [Step 1] Full-sensor pixel coords (before crop subtraction):
      u_sensor  min=171.0  max=293.0  mean=232.2
      v_sensor  min=0.0  max=343.0  mean=203.5
    [OK] Sensor-space OOB: u=0.0%  v=0.0%
    [Step 2] After crop subtraction (crop_left=0, crop_top=0):
      u_cropped min=171.0  max=293.0  mean=232.2
      v_cropped min=0.0  max=343.0  mean=203.5
    [Step 2 Check] Cropped coords outside canvas: u<0=0.0%  u>W=0.0%  v<0=0.0%  v>H=0.0%
    [Step 3] After scale to canvas (scale_x=1.0000, scale_y=1.0000):
      u  min=171  max=293  mean=232.2
      v  min=0  max=343  mean=203.5
      Canvas target size : 510W x 720H px

  ── [STAGE 8d] Expected mask centroid on canvas ──
      Projected centroid : u=232.2 px  v=203.5 px
      Canvas centre      : u=255.0 px  v=360.0 px
      Offset from centre : Δu=-22.8 px  Δv=-156.5 px

  ── [STAGE 8e] Bounds Filter ──
    Total projected points : 19,834
    Inside canvas bounds   : 19,834  (100.0%)
    Duplicate pixel hits    : 0
  [INFO] Density non-zero pixels: 19,834
  [INFO] Density peak count     : 1
  [INFO] Raw mask white pixels before morphology: 19,834
  [INFO] White pixels after close: 21,882
  [INFO] Morphological open skipped for tip-loss debugging.
  [INFO] White pixels after open (skipped): 21,882

  ── [STAGE 8f] Final Mask Stats ──
    Bounding box : 122W x 343H px
    Mask centroid: (232.0, 171.5) px
    White pixels : 21,882
  masking.py run ended: 2026-06-13 20:01:50.642893
