
================================================================================
  masking.py run started: 2026-06-13 20:04:01.130496
================================================================================

━━━ [STAGE 1] Loading Point Cloud Array
  [INFO] Total raw points loaded: 365,846

━━━ [STAGE 2] Statistical Outlier Demolition
  [INFO] Points surviving outlier filter: 354,982

━━━ [STAGE 3] Live Plane Surface Isolation (RANSAC)
  [INFO] Original RANSAC: a=0.0140, b=-0.0884, c=0.9960, d=-0.4752
  [INFO] Normal vector pointing down. Flipping coefficients up toward lens.
  [INFO] Points isolated on belt plane: 336,546
  [INFO] Non-plane points going to workspace filter: 18,436

━━━ [STAGE 5] Direction-Enforced Spatial Pre-Filtering
  [INFO] Height gate window : 1.50mm to 500.00mm
  [INFO] Dist-from-plane mm : min=-14.663 mean=47.058 median=51.396 max=63.371
  [INFO] Rejected by lower gate: 31 / 18,436
  [INFO] Rejected by upper gate: 0 / 18,436
  [DEBUG] Points passing directional spatial filters: 18,405

━━━ [STAGE 6] Spatial Structural Isolation Clustering (DBSCAN)
  [INFO] DBSCAN discovered 2 distinct point groups.

━━━ [STAGE 7] Multi-Gate Geometric Evaluation
  Cluster #00 -> Pts: 18376 | Dims(mm): X=115.1, Y=194.3, Z= 53.0 | VolRatio: 0.273 | Gates: [G1-4=1 G5_Size=1 G6_3D=1] -> PASSED
  Cluster #01 -> Pts: 29    | Dims(mm): X=  3.1, Y=  3.7, Z=  2.0 | VolRatio: 0.542 | Gates: [G1-4=1 G5_Size=0 G6_3D=1] -> REJECTED
  [INFO] Winning Cluster selected: ID #0 (Score=0.7818)
  [INFO] Winning cluster point count: 18,376

━━━ [STAGE 8] Projection — Sensor Space → Cropped Canvas

  ── [STAGE 8a] Coordinate System Parameters ──
    Intrinsics    : fx=750.148  fy=749.790  cx=386.179  cy=366.086
    Crop offsets  : left=0 px  top=0 px
    Depth sensor  : 510W x 720H px
    RGB canvas    : 510W x 720H px
    Scale factors : scale_x=1.000000  scale_y=1.000000

  ── [STAGE 8b] 3-D Cluster Bounding Box (world space) ──
    X range : -0.1056 m  →  0.0095 m  (span 115.1 mm)
    Y range : -0.1369 m  →  0.0574 m  (span 194.3 mm)
    Z range : 0.4120 m  →  0.4650 m  (span 53.0 mm)
    Z depth : mean=0.4284 m  std=0.0126 m  min=0.4120 m  max=0.4650 m

  ── [STAGE 8c] Projection Steps ──
    [Step 1] Full-sensor pixel coords (before crop subtraction):
      u_sensor  min=214.0  max=402.0  mean=314.4
      v_sensor  min=139.0  max=459.0  mean=328.6
    [OK] Sensor-space OOB: u=0.0%  v=0.0%
    [Step 2] After crop subtraction (crop_left=0, crop_top=0):
      u_cropped min=214.0  max=402.0  mean=314.4
      v_cropped min=139.0  max=459.0  mean=328.6
    [Step 2 Check] Cropped coords outside canvas: u<0=0.0%  u>W=0.0%  v<0=0.0%  v>H=0.0%
    [Step 3] After scale to canvas (scale_x=1.0000, scale_y=1.0000):
      u  min=214  max=402  mean=314.4
      v  min=139  max=459  mean=328.6
      Canvas target size : 510W x 720H px

  ── [STAGE 8d] Expected mask centroid on canvas ──
      Projected centroid : u=314.4 px  v=328.6 px
      Canvas centre      : u=255.0 px  v=360.0 px
      Offset from centre : Δu=59.4 px  Δv=-31.4 px

  ── [STAGE 8e] Bounds Filter ──
    Total projected points : 18,376
    Inside canvas bounds   : 18,376  (100.0%)
    Duplicate pixel hits    : 0
  [INFO] Density non-zero pixels: 18,376
  [INFO] Density peak count     : 1
  [INFO] Raw mask white pixels before morphology: 18,376
  [INFO] White pixels after close: 20,017
  [INFO] Morphological open skipped for tip-loss debugging.
  [INFO] White pixels after open (skipped): 20,017

  ── [STAGE 8f] Final Mask Stats ──
    Bounding box : 188W x 320H px
    Mask centroid: (308.0, 299.0) px
    White pixels : 20,017
  masking.py run ended: 2026-06-13 20:04:03.604599
