
================================================================================
  masking.py run started: 2026-06-13 20:02:57.222475
================================================================================

━━━ [STAGE 1] Loading Point Cloud Array
  [INFO] Total raw points loaded: 365,932

━━━ [STAGE 2] Statistical Outlier Demolition
  [INFO] Points surviving outlier filter: 356,867

━━━ [STAGE 3] Live Plane Surface Isolation (RANSAC)
  [INFO] Original RANSAC: a=0.0128, b=-0.0893, c=0.9959, d=-0.4751
  [INFO] Normal vector pointing down. Flipping coefficients up toward lens.
  [INFO] Points isolated on belt plane: 333,202
  [INFO] Non-plane points going to workspace filter: 23,665

━━━ [STAGE 5] Direction-Enforced Spatial Pre-Filtering
  [INFO] Height gate window : 1.50mm to 500.00mm
  [INFO] Dist-from-plane mm : min=11.982 mean=52.303 median=54.810 max=72.044
  [INFO] Rejected by lower gate: 0 / 23,665
  [INFO] Rejected by upper gate: 0 / 23,665
  [DEBUG] Points passing directional spatial filters: 23,665

━━━ [STAGE 6] Spatial Structural Isolation Clustering (DBSCAN)
  [INFO] DBSCAN discovered 1 distinct point groups.

━━━ [STAGE 7] Multi-Gate Geometric Evaluation
  Cluster #00 -> Pts: 23665 | Dims(mm): X=157.6, Y= 98.4, Z= 62.0 | VolRatio: 0.393 | Gates: [G1-4=1 G5_Size=1 G6_3D=1] -> PASSED
  [INFO] Winning Cluster selected: ID #0 (Score=0.8180)
  [INFO] Winning cluster point count: 23,665

━━━ [STAGE 8] Projection — Sensor Space → Cropped Canvas

  ── [STAGE 8a] Coordinate System Parameters ──
    Intrinsics    : fx=750.148  fy=749.790  cx=386.179  cy=366.086
    Crop offsets  : left=0 px  top=0 px
    Depth sensor  : 510W x 720H px
    RGB canvas    : 510W x 720H px
    Scale factors : scale_x=1.000000  scale_y=1.000000

  ── [STAGE 8b] 3-D Cluster Bounding Box (world space) ──
    X range : -0.1769 m  →  -0.0193 m  (span 157.6 mm)
    Y range : -0.1500 m  →  -0.0517 m  (span 98.4 mm)
    Z range : 0.3980 m  →  0.4600 m  (span 62.0 mm)
    Z depth : mean=0.4174 m  std=0.0104 m  min=0.3980 m  max=0.4600 m

  ── [STAGE 8c] Projection Steps ──
    [Step 1] Full-sensor pixel coords (before crop subtraction):
      u_sensor  min=74.0  max=354.0  mean=193.3
      v_sensor  min=115.0  max=276.0  mean=195.0
    [OK] Sensor-space OOB: u=0.0%  v=0.0%
    [Step 2] After crop subtraction (crop_left=0, crop_top=0):
      u_cropped min=74.0  max=354.0  mean=193.3
      v_cropped min=115.0  max=276.0  mean=195.0
    [Step 2 Check] Cropped coords outside canvas: u<0=0.0%  u>W=0.0%  v<0=0.0%  v>H=0.0%
    [Step 3] After scale to canvas (scale_x=1.0000, scale_y=1.0000):
      u  min=74  max=354  mean=193.3
      v  min=115  max=276  mean=195.0
      Canvas target size : 510W x 720H px

  ── [STAGE 8d] Expected mask centroid on canvas ──
      Projected centroid : u=193.3 px  v=195.0 px
      Canvas centre      : u=255.0 px  v=360.0 px
      Offset from centre : Δu=-61.7 px  Δv=-165.0 px

  ── [STAGE 8e] Bounds Filter ──
    Total projected points : 23,665
    Inside canvas bounds   : 23,665  (100.0%)
    Duplicate pixel hits    : 0
  [INFO] Density non-zero pixels: 23,665
  [INFO] Density peak count     : 1
  [INFO] Raw mask white pixels before morphology: 23,665
  [INFO] White pixels after close: 25,218
  [INFO] Morphological open skipped for tip-loss debugging.
  [INFO] White pixels after open (skipped): 25,218

  ── [STAGE 8f] Final Mask Stats ──
    Bounding box : 280W x 161H px
    Mask centroid: (214.0, 195.5) px
    White pixels : 25,218
  masking.py run ended: 2026-06-13 20:03:00.965172
