
================================================================================
  masking.py run started: 2026-06-13 19:57:09.384185
================================================================================

━━━ [STAGE 1] Loading Point Cloud Array
  [INFO] Total raw points loaded: 363,629

━━━ [STAGE 2] Statistical Outlier Demolition
  [INFO] Points surviving outlier filter: 354,554

━━━ [STAGE 3] Live Plane Surface Isolation (RANSAC)
  [INFO] Original RANSAC: a=0.0130, b=-0.1949, c=0.9807, d=-0.4636
  [INFO] Normal vector pointing down. Flipping coefficients up toward lens.
  [INFO] Points isolated on belt plane: 329,037
  [INFO] Non-plane points going to workspace filter: 25,517

━━━ [STAGE 5] Direction-Enforced Spatial Pre-Filtering
  [INFO] Height gate window : 1.50mm to 500.00mm
  [INFO] Dist-from-plane mm : min=13.577 mean=52.907 median=54.007 max=68.712
  [INFO] Rejected by lower gate: 0 / 25,517
  [INFO] Rejected by upper gate: 0 / 25,517
  [DEBUG] Points passing directional spatial filters: 25,517

━━━ [STAGE 6] Spatial Structural Isolation Clustering (DBSCAN)
  [INFO] DBSCAN discovered 1 distinct point groups.

━━━ [STAGE 7] Multi-Gate Geometric Evaluation
  Cluster #00 -> Pts: 25517 | Dims(mm): X=181.2, Y= 69.8, Z= 61.0 | VolRatio: 0.337 | Gates: [G1-4=1 G5_Size=1 G6_3D=1] -> PASSED
  [INFO] Winning Cluster selected: ID #0 (Score=0.8010)
  [INFO] Winning cluster point count: 25,517

━━━ [STAGE 8] Projection — Sensor Space → Cropped Canvas

  ── [STAGE 8a] Coordinate System Parameters ──
    Intrinsics    : fx=750.148  fy=749.790  cx=386.179  cy=366.086
    Crop offsets  : left=0 px  top=0 px
    Depth sensor  : 510W x 720H px
    RGB canvas    : 510W x 720H px
    Scale factors : scale_x=1.000000  scale_y=1.000000

  ── [STAGE 8b] 3-D Cluster Bounding Box (world space) ──
    X range : -0.1169 m  →  0.0643 m  (span 181.2 mm)
    Y range : -0.1941 m  →  -0.1243 m  (span 69.8 mm)
    Z range : 0.3730 m  →  0.4340 m  (span 61.0 mm)
    Z depth : mean=0.3882 m  std=0.0100 m  min=0.3730 m  max=0.4340 m

  ── [STAGE 8c] Projection Steps ──
    [Step 1] Full-sensor pixel coords (before crop subtraction):
      u_sensor  min=163.0  max=507.0  mean=326.7
      v_sensor  min=-0.0  max=146.0  mean=64.8
    [OK] Sensor-space OOB: u=0.0%  v=0.0%
    [Step 2] After crop subtraction (crop_left=0, crop_top=0):
      u_cropped min=163.0  max=507.0  mean=326.7
      v_cropped min=-0.0  max=146.0  mean=64.8
    [Step 2 Check] Cropped coords outside canvas: u<0=0.0%  u>W=0.0%  v<0=0.0%  v>H=0.0%
    [Step 3] After scale to canvas (scale_x=1.0000, scale_y=1.0000):
      u  min=163  max=507  mean=326.7
      v  min=0  max=146  mean=64.8
      Canvas target size : 510W x 720H px

  ── [STAGE 8d] Expected mask centroid on canvas ──
      Projected centroid : u=326.7 px  v=64.8 px
      Canvas centre      : u=255.0 px  v=360.0 px
      Offset from centre : Δu=71.7 px  Δv=-295.2 px

  ── [STAGE 8e] Bounds Filter ──
    Total projected points : 25,517
    Inside canvas bounds   : 25,517  (100.0%)
    Duplicate pixel hits    : 0
  [INFO] Density non-zero pixels: 25,517
  [INFO] Density peak count     : 1
  [INFO] Raw mask white pixels before morphology: 25,517
  [INFO] White pixels after close: 26,522
  [INFO] Morphological open skipped for tip-loss debugging.
  [INFO] White pixels after open (skipped): 26,522

  ── [STAGE 8f] Final Mask Stats ──
    Bounding box : 346W x 146H px
    Mask centroid: (336.0, 73.0) px
    White pixels : 26,522
  masking.py run ended: 2026-06-13 19:57:15.589701
