
================================================================================
  masking.py run started: 2026-06-13 19:51:08.006011
================================================================================

━━━ [STAGE 1] Loading Point Cloud Array
  [INFO] Total raw points loaded: 366,068

━━━ [STAGE 2] Statistical Outlier Demolition
  [INFO] Points surviving outlier filter: 355,252

━━━ [STAGE 3] Live Plane Surface Isolation (RANSAC)
  [INFO] Original RANSAC: a=0.0149, b=-0.0808, c=0.9966, d=-0.4751
  [INFO] Normal vector pointing down. Flipping coefficients up toward lens.
  [INFO] Points isolated on belt plane: 343,164
  [INFO] Non-plane points going to workspace filter: 12,088

━━━ [STAGE 5] Direction-Enforced Spatial Pre-Filtering
  [INFO] Height gate window : 1.50mm to 500.00mm
  [INFO] Dist-from-plane mm : min=9.061 mean=26.240 median=25.674 max=52.152
  [INFO] Rejected by lower gate: 0 / 12,088
  [INFO] Rejected by upper gate: 0 / 12,088
  [DEBUG] Points passing directional spatial filters: 12,088

━━━ [STAGE 6] Spatial Structural Isolation Clustering (DBSCAN)
  [INFO] DBSCAN discovered 1 distinct point groups.

━━━ [STAGE 7] Multi-Gate Geometric Evaluation
  Cluster #00 -> Pts: 12087 | Dims(mm): X=112.0, Y= 97.2, Z= 45.0 | VolRatio: 0.402 | Gates: [G1-4=1 G5_Size=1 G6_3D=1] -> PASSED
  [INFO] Winning Cluster selected: ID #0 (Score=0.8206)
  [INFO] Winning cluster point count: 12,087

━━━ [STAGE 8] Projection — Sensor Space → Cropped Canvas

  ── [STAGE 8a] Coordinate System Parameters ──
    Intrinsics    : fx=750.148  fy=749.790  cx=386.179  cy=366.086
    Crop offsets  : left=0 px  top=0 px
    Depth sensor  : 510W x 720H px
    RGB canvas    : 510W x 720H px
    Scale factors : scale_x=1.000000  scale_y=1.000000

  ── [STAGE 8b] 3-D Cluster Bounding Box (world space) ──
    X range : -0.1097 m  →  0.0023 m  (span 112.0 mm)
    Y range : -0.1928 m  →  -0.0955 m  (span 97.2 mm)
    Z range : 0.4110 m  →  0.4560 m  (span 45.0 mm)
    Z depth : mean=0.4399 m  std=0.0091 m  min=0.4110 m  max=0.4560 m

  ── [STAGE 8c] Projection Steps ──
    [Step 1] Full-sensor pixel coords (before crop subtraction):
      u_sensor  min=193.0  max=390.0  mean=276.3
      v_sensor  min=26.0  max=209.0  mean=124.6
    [OK] Sensor-space OOB: u=0.0%  v=0.0%
    [Step 2] After crop subtraction (crop_left=0, crop_top=0):
      u_cropped min=193.0  max=390.0  mean=276.3
      v_cropped min=26.0  max=209.0  mean=124.6
    [Step 2 Check] Cropped coords outside canvas: u<0=0.0%  u>W=0.0%  v<0=0.0%  v>H=0.0%
    [Step 3] After scale to canvas (scale_x=1.0000, scale_y=1.0000):
      u  min=193  max=390  mean=276.3
      v  min=26  max=209  mean=124.6
      Canvas target size : 510W x 720H px

  ── [STAGE 8d] Expected mask centroid on canvas ──
      Projected centroid : u=276.3 px  v=124.6 px
      Canvas centre      : u=255.0 px  v=360.0 px
      Offset from centre : Δu=21.3 px  Δv=-235.4 px

  ── [STAGE 8e] Bounds Filter ──
    Total projected points : 12,087
    Inside canvas bounds   : 12,087  (100.0%)
    Duplicate pixel hits    : 0
  [INFO] Density non-zero pixels: 12,087
  [INFO] Density peak count     : 1
  [INFO] Raw mask white pixels before morphology: 12,087
  [INFO] White pixels after close: 13,675
  [INFO] Morphological open skipped for tip-loss debugging.
  [INFO] White pixels after open (skipped): 13,675

  ── [STAGE 8f] Final Mask Stats ──
    Bounding box : 197W x 183H px
    Mask centroid: (291.5, 117.5) px
    White pixels : 13,675
  masking.py run ended: 2026-06-13 19:51:09.730663
