
================================================================================
  masking.py run started: 2026-06-13 19:53:59.396061
================================================================================

━━━ [STAGE 1] Loading Point Cloud Array
  [INFO] Total raw points loaded: 364,929

━━━ [STAGE 2] Statistical Outlier Demolition
  [INFO] Points surviving outlier filter: 354,264

━━━ [STAGE 3] Live Plane Surface Isolation (RANSAC)
  [INFO] Original RANSAC: a=0.0143, b=-0.1441, c=0.9895, d=-0.4688
  [INFO] Normal vector pointing down. Flipping coefficients up toward lens.
  [INFO] Points isolated on belt plane: 342,497
  [INFO] Non-plane points going to workspace filter: 11,767

━━━ [STAGE 5] Direction-Enforced Spatial Pre-Filtering
  [INFO] Height gate window : 1.50mm to 500.00mm
  [INFO] Dist-from-plane mm : min=13.208 mean=31.067 median=28.828 max=53.818
  [INFO] Rejected by lower gate: 0 / 11,767
  [INFO] Rejected by upper gate: 0 / 11,767
  [DEBUG] Points passing directional spatial filters: 11,767

━━━ [STAGE 6] Spatial Structural Isolation Clustering (DBSCAN)
  [INFO] DBSCAN discovered 1 distinct point groups.

━━━ [STAGE 7] Multi-Gate Geometric Evaluation
  Cluster #00 -> Pts: 11767 | Dims(mm): X= 99.8, Y= 75.8, Z= 49.0 | VolRatio: 0.491 | Gates: [G1-4=1 G5_Size=1 G6_3D=1] -> PASSED
  [INFO] Winning Cluster selected: ID #0 (Score=0.8473)
  [INFO] Winning cluster point count: 11,767

━━━ [STAGE 8] Projection — Sensor Space → Cropped Canvas

  ── [STAGE 8a] Coordinate System Parameters ──
    Intrinsics    : fx=750.148  fy=749.790  cx=386.179  cy=366.086
    Crop offsets  : left=0 px  top=0 px
    Depth sensor  : 510W x 720H px
    RGB canvas    : 510W x 720H px
    Scale factors : scale_x=1.000000  scale_y=1.000000

  ── [STAGE 8b] 3-D Cluster Bounding Box (world space) ──
    X range : -0.0940 m  →  0.0058 m  (span 99.8 mm)
    Y range : -0.1690 m  →  -0.0932 m  (span 75.8 mm)
    Z range : 0.3980 m  →  0.4470 m  (span 49.0 mm)
    Z depth : mean=0.4237 m  std=0.0115 m  min=0.3980 m  max=0.4470 m

  ── [STAGE 8c] Projection Steps ──
    [Step 1] Full-sensor pixel coords (before crop subtraction):
      u_sensor  min=224.0  max=396.0  mean=313.7
      v_sensor  min=54.0  max=209.0  mean=130.6
    [OK] Sensor-space OOB: u=0.0%  v=0.0%
    [Step 2] After crop subtraction (crop_left=0, crop_top=0):
      u_cropped min=224.0  max=396.0  mean=313.7
      v_cropped min=54.0  max=209.0  mean=130.6
    [Step 2 Check] Cropped coords outside canvas: u<0=0.0%  u>W=0.0%  v<0=0.0%  v>H=0.0%
    [Step 3] After scale to canvas (scale_x=1.0000, scale_y=1.0000):
      u  min=224  max=396  mean=313.7
      v  min=54  max=209  mean=130.6
      Canvas target size : 510W x 720H px

  ── [STAGE 8d] Expected mask centroid on canvas ──
      Projected centroid : u=313.7 px  v=130.6 px
      Canvas centre      : u=255.0 px  v=360.0 px
      Offset from centre : Δu=58.7 px  Δv=-229.4 px

  ── [STAGE 8e] Bounds Filter ──
    Total projected points : 11,767
    Inside canvas bounds   : 11,767  (100.0%)
    Duplicate pixel hits    : 0
  [INFO] Density non-zero pixels: 11,767
  [INFO] Density peak count     : 1
  [INFO] Raw mask white pixels before morphology: 11,767
  [INFO] White pixels after close: 12,882
  [INFO] Morphological open skipped for tip-loss debugging.
  [INFO] White pixels after open (skipped): 12,882

  ── [STAGE 8f] Final Mask Stats ──
    Bounding box : 172W x 155H px
    Mask centroid: (310.0, 131.5) px
    White pixels : 12,882
  masking.py run ended: 2026-06-13 19:54:01.241489
