
================================================================================
  masking.py run started: 2026-06-13 19:52:41.114590
================================================================================

━━━ [STAGE 1] Loading Point Cloud Array
  [INFO] Total raw points loaded: 365,618

━━━ [STAGE 2] Statistical Outlier Demolition
  [INFO] Points surviving outlier filter: 353,524

━━━ [STAGE 3] Live Plane Surface Isolation (RANSAC)
  [INFO] Original RANSAC: a=0.0140, b=-0.1069, c=0.9942, d=-0.4728
  [INFO] Normal vector pointing down. Flipping coefficients up toward lens.
  [INFO] Points isolated on belt plane: 339,030
  [INFO] Non-plane points going to workspace filter: 14,494

━━━ [STAGE 5] Direction-Enforced Spatial Pre-Filtering
  [INFO] Height gate window : 1.50mm to 500.00mm
  [INFO] Dist-from-plane mm : min=7.385 mean=21.506 median=20.344 max=45.688
  [INFO] Rejected by lower gate: 0 / 14,494
  [INFO] Rejected by upper gate: 0 / 14,494
  [DEBUG] Points passing directional spatial filters: 14,494

━━━ [STAGE 6] Spatial Structural Isolation Clustering (DBSCAN)
  [INFO] DBSCAN discovered 2 distinct point groups.

━━━ [STAGE 7] Multi-Gate Geometric Evaluation
  Cluster #00 -> Pts: 14481 | Dims(mm): X=135.6, Y=119.4, Z= 41.0 | VolRatio: 0.302 | Gates: [G1-4=1 G5_Size=1 G6_3D=1] -> PASSED
  Cluster #01 -> Pts: 8     | Dims(mm): X=  1.3, Y=  1.3, Z=  0.0 | VolRatio: 0.000 | Gates: [G1-4=0 G5_Size=0 G6_3D=0] -> REJECTED
  [INFO] Winning Cluster selected: ID #0 (Score=0.7907)
  [INFO] Winning cluster point count: 14,481

━━━ [STAGE 8] Projection — Sensor Space → Cropped Canvas

  ── [STAGE 8a] Coordinate System Parameters ──
    Intrinsics    : fx=750.148  fy=749.790  cx=386.179  cy=366.086
    Crop offsets  : left=0 px  top=0 px
    Depth sensor  : 510W x 720H px
    RGB canvas    : 510W x 720H px
    Scale factors : scale_x=1.000000  scale_y=1.000000

  ── [STAGE 8b] 3-D Cluster Bounding Box (world space) ──
    X range : -0.1261 m  →  0.0095 m  (span 135.6 mm)
    Y range : -0.0998 m  →  0.0196 m  (span 119.4 mm)
    Z range : 0.4230 m  →  0.4640 m  (span 41.0 mm)
    Z depth : mean=0.4504 m  std=0.0078 m  min=0.4230 m  max=0.4640 m

  ── [STAGE 8c] Projection Steps ──
    [Step 1] Full-sensor pixel coords (before crop subtraction):
      u_sensor  min=181.0  max=402.0  mean=289.4
      v_sensor  min=199.0  max=398.0  mean=297.3
    [OK] Sensor-space OOB: u=0.0%  v=0.0%
    [Step 2] After crop subtraction (crop_left=0, crop_top=0):
      u_cropped min=181.0  max=402.0  mean=289.4
      v_cropped min=199.0  max=398.0  mean=297.3
    [Step 2 Check] Cropped coords outside canvas: u<0=0.0%  u>W=0.0%  v<0=0.0%  v>H=0.0%
    [Step 3] After scale to canvas (scale_x=1.0000, scale_y=1.0000):
      u  min=181  max=402  mean=289.4
      v  min=199  max=398  mean=297.3
      Canvas target size : 510W x 720H px

  ── [STAGE 8d] Expected mask centroid on canvas ──
      Projected centroid : u=289.4 px  v=297.3 px
      Canvas centre      : u=255.0 px  v=360.0 px
      Offset from centre : Δu=34.4 px  Δv=-62.7 px

  ── [STAGE 8e] Bounds Filter ──
    Total projected points : 14,481
    Inside canvas bounds   : 14,481  (100.0%)
    Duplicate pixel hits    : 0
  [INFO] Density non-zero pixels: 14,481
  [INFO] Density peak count     : 1
  [INFO] Raw mask white pixels before morphology: 14,481
  [INFO] White pixels after close: 16,129
  [INFO] Morphological open skipped for tip-loss debugging.
  [INFO] White pixels after open (skipped): 16,129

  ── [STAGE 8f] Final Mask Stats ──
    Bounding box : 221W x 199H px
    Mask centroid: (291.5, 298.5) px
    White pixels : 16,129
  masking.py run ended: 2026-06-13 19:52:43.051011
