
================================================================================
  masking.py run started: 2026-06-13 20:07:25.536229
================================================================================

━━━ [STAGE 1] Loading Point Cloud Array
  [INFO] Total raw points loaded: 365,589

━━━ [STAGE 2] Statistical Outlier Demolition
  [INFO] Points surviving outlier filter: 354,374

━━━ [STAGE 3] Live Plane Surface Isolation (RANSAC)
  [INFO] Original RANSAC: a=0.0142, b=-0.1113, c=0.9937, d=-0.4726
  [INFO] Normal vector pointing down. Flipping coefficients up toward lens.
  [INFO] Points isolated on belt plane: 343,067
  [INFO] Non-plane points going to workspace filter: 11,307

━━━ [STAGE 5] Direction-Enforced Spatial Pre-Filtering
  [INFO] Height gate window : 1.50mm to 500.00mm
  [INFO] Dist-from-plane mm : min=13.311 mean=32.496 median=32.866 max=43.913
  [INFO] Rejected by lower gate: 0 / 11,307
  [INFO] Rejected by upper gate: 0 / 11,307
  [DEBUG] Points passing directional spatial filters: 11,307

━━━ [STAGE 6] Spatial Structural Isolation Clustering (DBSCAN)
  [INFO] DBSCAN discovered 1 distinct point groups.

━━━ [STAGE 7] Multi-Gate Geometric Evaluation
  Cluster #00 -> Pts: 11307 | Dims(mm): X= 85.3, Y= 79.2, Z= 34.0 | VolRatio: 0.399 | Gates: [G1-4=1 G5_Size=1 G6_3D=1] -> PASSED
  [INFO] Winning Cluster selected: ID #0 (Score=0.8196)
  [INFO] Winning cluster point count: 11,307

━━━ [STAGE 8] Projection — Sensor Space → Cropped Canvas

  ── [STAGE 8a] Coordinate System Parameters ──
    Intrinsics    : fx=750.148  fy=749.790  cx=386.179  cy=366.086
    Crop offsets  : left=0 px  top=0 px
    Depth sensor  : 510W x 720H px
    RGB canvas    : 510W x 720H px
    Scale factors : scale_x=1.000000  scale_y=1.000000

  ── [STAGE 8b] 3-D Cluster Bounding Box (world space) ──
    X range : -0.1335 m  →  -0.0482 m  (span 85.3 mm)
    Y range : -0.0632 m  →  0.0160 m  (span 79.2 mm)
    Z range : 0.4290 m  →  0.4630 m  (span 34.0 mm)
    Z depth : mean=0.4415 m  std=0.0064 m  min=0.4290 m  max=0.4630 m

  ── [STAGE 8c] Projection Steps ──
    [Step 1] Full-sensor pixel coords (before crop subtraction):
      u_sensor  min=169.0  max=306.0  mean=237.6
      v_sensor  min=260.0  max=392.0  mean=325.0
    [OK] Sensor-space OOB: u=0.0%  v=0.0%
    [Step 2] After crop subtraction (crop_left=0, crop_top=0):
      u_cropped min=169.0  max=306.0  mean=237.6
      v_cropped min=260.0  max=392.0  mean=325.0
    [Step 2 Check] Cropped coords outside canvas: u<0=0.0%  u>W=0.0%  v<0=0.0%  v>H=0.0%
    [Step 3] After scale to canvas (scale_x=1.0000, scale_y=1.0000):
      u  min=169  max=306  mean=237.6
      v  min=260  max=392  mean=325.0
      Canvas target size : 510W x 720H px

  ── [STAGE 8d] Expected mask centroid on canvas ──
      Projected centroid : u=237.6 px  v=325.0 px
      Canvas centre      : u=255.0 px  v=360.0 px
      Offset from centre : Δu=-17.4 px  Δv=-35.0 px

  ── [STAGE 8e] Bounds Filter ──
    Total projected points : 11,307
    Inside canvas bounds   : 11,307  (100.0%)
    Duplicate pixel hits    : 0
  [INFO] Density non-zero pixels: 11,307
  [INFO] Density peak count     : 1
  [INFO] Raw mask white pixels before morphology: 11,307
  [INFO] White pixels after close: 11,846
  [INFO] Morphological open skipped for tip-loss debugging.
  [INFO] White pixels after open (skipped): 11,846

  ── [STAGE 8f] Final Mask Stats ──
    Bounding box : 137W x 132H px
    Mask centroid: (237.5, 326.0) px
    White pixels : 11,846
  masking.py run ended: 2026-06-13 20:07:27.730634
