
================================================================================
  masking.py run started: 2026-06-13 19:54:03.854343
================================================================================

━━━ [STAGE 1] Loading Point Cloud Array
  [INFO] Total raw points loaded: 364,963

━━━ [STAGE 2] Statistical Outlier Demolition
  [INFO] Points surviving outlier filter: 353,686

━━━ [STAGE 3] Live Plane Surface Isolation (RANSAC)
  [INFO] Original RANSAC: a=0.0150, b=-0.1444, c=0.9894, d=-0.4684
  [INFO] Normal vector pointing down. Flipping coefficients up toward lens.
  [INFO] Points isolated on belt plane: 331,369
  [INFO] Non-plane points going to workspace filter: 22,317

━━━ [STAGE 5] Direction-Enforced Spatial Pre-Filtering
  [INFO] Height gate window : 1.50mm to 500.00mm
  [INFO] Dist-from-plane mm : min=-5.618 mean=32.859 median=33.664 max=60.185
  [INFO] Rejected by lower gate: 1 / 22,317
  [INFO] Rejected by upper gate: 0 / 22,317
  [DEBUG] Points passing directional spatial filters: 22,316

━━━ [STAGE 6] Spatial Structural Isolation Clustering (DBSCAN)
  [INFO] DBSCAN discovered 1 distinct point groups.

━━━ [STAGE 7] Multi-Gate Geometric Evaluation
  Cluster #00 -> Pts: 22310 | Dims(mm): X=198.6, Y=140.1, Z= 62.0 | VolRatio: 0.312 | Gates: [G1-4=1 G5_Size=1 G6_3D=1] -> PASSED
  [INFO] Winning Cluster selected: ID #0 (Score=0.7936)
  [INFO] Winning cluster point count: 22,310

━━━ [STAGE 8] Projection — Sensor Space → Cropped Canvas

  ── [STAGE 8a] Coordinate System Parameters ──
    Intrinsics    : fx=750.148  fy=749.790  cx=386.179  cy=366.086
    Crop offsets  : left=0 px  top=0 px
    Depth sensor  : 510W x 720H px
    RGB canvas    : 510W x 720H px
    Scale factors : scale_x=1.000000  scale_y=1.000000

  ── [STAGE 8b] 3-D Cluster Bounding Box (world space) ──
    X range : -0.1455 m  →  0.0532 m  (span 198.6 mm)
    Y range : -0.1679 m  →  -0.0278 m  (span 140.1 mm)
    Z range : 0.3940 m  →  0.4560 m  (span 62.0 mm)
    Z depth : mean=0.4266 m  std=0.0122 m  min=0.3940 m  max=0.4560 m

  ── [STAGE 8c] Projection Steps ──
    [Step 1] Full-sensor pixel coords (before crop subtraction):
      u_sensor  min=137.0  max=477.0  mean=313.1
      v_sensor  min=64.0  max=319.0  mean=193.4
    [OK] Sensor-space OOB: u=0.0%  v=0.0%
    [Step 2] After crop subtraction (crop_left=0, crop_top=0):
      u_cropped min=137.0  max=477.0  mean=313.1
      v_cropped min=64.0  max=319.0  mean=193.4
    [Step 2 Check] Cropped coords outside canvas: u<0=0.0%  u>W=0.0%  v<0=0.0%  v>H=0.0%
    [Step 3] After scale to canvas (scale_x=1.0000, scale_y=1.0000):
      u  min=137  max=477  mean=313.1
      v  min=64  max=319  mean=193.4
      Canvas target size : 510W x 720H px

  ── [STAGE 8d] Expected mask centroid on canvas ──
      Projected centroid : u=313.1 px  v=193.4 px
      Canvas centre      : u=255.0 px  v=360.0 px
      Offset from centre : Δu=58.1 px  Δv=-166.6 px

  ── [STAGE 8e] Bounds Filter ──
    Total projected points : 22,310
    Inside canvas bounds   : 22,310  (100.0%)
    Duplicate pixel hits    : 0
  [INFO] Density non-zero pixels: 22,310
  [INFO] Density peak count     : 1
  [INFO] Raw mask white pixels before morphology: 22,310
  [INFO] White pixels after close: 24,248
  [INFO] Morphological open skipped for tip-loss debugging.
  [INFO] White pixels after open (skipped): 24,248

  ── [STAGE 8f] Final Mask Stats ──
    Bounding box : 340W x 255H px
    Mask centroid: (307.0, 191.5) px
    White pixels : 24,248
  masking.py run ended: 2026-06-13 19:54:06.537847
