
================================================================================
  masking.py run started: 2026-06-13 19:52:37.595396
================================================================================

━━━ [STAGE 1] Loading Point Cloud Array
  [INFO] Total raw points loaded: 365,832

━━━ [STAGE 2] Statistical Outlier Demolition
  [INFO] Points surviving outlier filter: 356,674

━━━ [STAGE 3] Live Plane Surface Isolation (RANSAC)
  [INFO] Original RANSAC: a=0.0135, b=-0.0965, c=0.9952, d=-0.4740
  [INFO] Normal vector pointing down. Flipping coefficients up toward lens.
  [INFO] Points isolated on belt plane: 347,684
  [INFO] Non-plane points going to workspace filter: 8,990

━━━ [STAGE 5] Direction-Enforced Spatial Pre-Filtering
  [INFO] Height gate window : 1.50mm to 500.00mm
  [INFO] Dist-from-plane mm : min=15.591 mean=39.080 median=38.193 max=50.795
  [INFO] Rejected by lower gate: 0 / 8,990
  [INFO] Rejected by upper gate: 0 / 8,990
  [DEBUG] Points passing directional spatial filters: 8,990

━━━ [STAGE 6] Spatial Structural Isolation Clustering (DBSCAN)
  [INFO] DBSCAN discovered 1 distinct point groups.

━━━ [STAGE 7] Multi-Gate Geometric Evaluation
  Cluster #00 -> Pts: 8990  | Dims(mm): X= 78.6, Y= 75.2, Z= 33.0 | VolRatio: 0.420 | Gates: [G1-4=1 G5_Size=1 G6_3D=1] -> PASSED
  [INFO] Winning Cluster selected: ID #0 (Score=0.7754)
  [INFO] Winning cluster point count: 8,990

━━━ [STAGE 8] Projection — Sensor Space → Cropped Canvas

  ── [STAGE 8a] Coordinate System Parameters ──
    Intrinsics    : fx=750.148  fy=749.790  cx=386.179  cy=366.086
    Crop offsets  : left=0 px  top=0 px
    Depth sensor  : 510W x 720H px
    RGB canvas    : 510W x 720H px
    Scale factors : scale_x=1.000000  scale_y=1.000000

  ── [STAGE 8b] 3-D Cluster Bounding Box (world space) ──
    X range : -0.1768 m  →  -0.0982 m  (span 78.6 mm)
    Y range : 0.0499 m  →  0.1250 m  (span 75.2 mm)
    Z range : 0.4360 m  →  0.4690 m  (span 33.0 mm)
    Z depth : mean=0.4468 m  std=0.0058 m  min=0.4360 m  max=0.4690 m

  ── [STAGE 8c] Projection Steps ──
    [Step 1] Full-sensor pixel coords (before crop subtraction):
      u_sensor  min=94.0  max=226.0  mean=158.9
      v_sensor  min=447.0  max=566.0  mean=504.5
    [OK] Sensor-space OOB: u=0.0%  v=0.0%
    [Step 2] After crop subtraction (crop_left=0, crop_top=0):
      u_cropped min=94.0  max=226.0  mean=158.9
      v_cropped min=447.0  max=566.0  mean=504.5
    [Step 2 Check] Cropped coords outside canvas: u<0=0.0%  u>W=0.0%  v<0=0.0%  v>H=0.0%
    [Step 3] After scale to canvas (scale_x=1.0000, scale_y=1.0000):
      u  min=94  max=226  mean=158.9
      v  min=447  max=566  mean=504.5
      Canvas target size : 510W x 720H px

  ── [STAGE 8d] Expected mask centroid on canvas ──
      Projected centroid : u=158.9 px  v=504.5 px
      Canvas centre      : u=255.0 px  v=360.0 px
      Offset from centre : Δu=-96.1 px  Δv=144.5 px

  ── [STAGE 8e] Bounds Filter ──
    Total projected points : 8,990
    Inside canvas bounds   : 8,990  (100.0%)
    Duplicate pixel hits    : 0
  [INFO] Density non-zero pixels: 8,990
  [INFO] Density peak count     : 1
  [INFO] Raw mask white pixels before morphology: 8,990
  [INFO] White pixels after close: 10,148
  [INFO] Morphological open skipped for tip-loss debugging.
  [INFO] White pixels after open (skipped): 10,148

  ── [STAGE 8f] Final Mask Stats ──
    Bounding box : 132W x 119H px
    Mask centroid: (160.0, 506.5) px
    White pixels : 10,148
  masking.py run ended: 2026-06-13 19:52:39.237727
