
================================================================================
  masking.py run started: 2026-06-13 19:56:28.253306
================================================================================

━━━ [STAGE 1] Loading Point Cloud Array
  [INFO] Total raw points loaded: 363,687

━━━ [STAGE 2] Statistical Outlier Demolition
  [INFO] Points surviving outlier filter: 355,373

━━━ [STAGE 3] Live Plane Surface Isolation (RANSAC)
  [INFO] Original RANSAC: a=0.0135, b=-0.1955, c=0.9806, d=-0.4633
  [INFO] Normal vector pointing down. Flipping coefficients up toward lens.
  [INFO] Points isolated on belt plane: 319,509
  [INFO] Non-plane points going to workspace filter: 35,864

━━━ [STAGE 5] Direction-Enforced Spatial Pre-Filtering
  [INFO] Height gate window : 1.50mm to 500.00mm
  [INFO] Dist-from-plane mm : min=-15.087 mean=58.437 median=59.669 max=84.177
  [INFO] Rejected by lower gate: 84 / 35,864
  [INFO] Rejected by upper gate: 0 / 35,864
  [DEBUG] Points passing directional spatial filters: 35,780

━━━ [STAGE 6] Spatial Structural Isolation Clustering (DBSCAN)
  [INFO] DBSCAN discovered 1 distinct point groups.

━━━ [STAGE 7] Multi-Gate Geometric Evaluation
  Cluster #00 -> Pts: 35778 | Dims(mm): X=101.3, Y=163.6, Z= 67.0 | VolRatio: 0.410 | Gates: [G1-4=1 G5_Size=1 G6_3D=1] -> PASSED
  [INFO] Winning Cluster selected: ID #0 (Score=0.8229)
  [INFO] Winning cluster point count: 35,778

━━━ [STAGE 8] Projection — Sensor Space → Cropped Canvas

  ── [STAGE 8a] Coordinate System Parameters ──
    Intrinsics    : fx=750.148  fy=749.790  cx=386.179  cy=366.086
    Crop offsets  : left=0 px  top=0 px
    Depth sensor  : 510W x 720H px
    RGB canvas    : 510W x 720H px
    Scale factors : scale_x=1.000000  scale_y=1.000000

  ── [STAGE 8b] 3-D Cluster Bounding Box (world space) ──
    X range : -0.1475 m  →  -0.0461 m  (span 101.3 mm)
    Y range : -0.1642 m  →  -0.0006 m  (span 163.6 mm)
    Z range : 0.3810 m  →  0.4480 m  (span 67.0 mm)
    Z depth : mean=0.3982 m  std=0.0118 m  min=0.3810 m  max=0.4480 m

  ── [STAGE 8c] Projection Steps ──
    [Step 1] Full-sensor pixel coords (before crop subtraction):
      u_sensor  min=110.0  max=307.0  mean=206.4
      v_sensor  min=73.0  max=365.0  mean=217.4
    [OK] Sensor-space OOB: u=0.0%  v=0.0%
    [Step 2] After crop subtraction (crop_left=0, crop_top=0):
      u_cropped min=110.0  max=307.0  mean=206.4
      v_cropped min=73.0  max=365.0  mean=217.4
    [Step 2 Check] Cropped coords outside canvas: u<0=0.0%  u>W=0.0%  v<0=0.0%  v>H=0.0%
    [Step 3] After scale to canvas (scale_x=1.0000, scale_y=1.0000):
      u  min=110  max=307  mean=206.4
      v  min=73  max=365  mean=217.4
      Canvas target size : 510W x 720H px

  ── [STAGE 8d] Expected mask centroid on canvas ──
      Projected centroid : u=206.4 px  v=217.4 px
      Canvas centre      : u=255.0 px  v=360.0 px
      Offset from centre : Δu=-48.6 px  Δv=-142.6 px

  ── [STAGE 8e] Bounds Filter ──
    Total projected points : 35,778
    Inside canvas bounds   : 35,778  (100.0%)
    Duplicate pixel hits    : 0
  [INFO] Density non-zero pixels: 35,778
  [INFO] Density peak count     : 1
  [INFO] Raw mask white pixels before morphology: 35,778
  [INFO] White pixels after close: 37,149
  [INFO] Morphological open skipped for tip-loss debugging.
  [INFO] White pixels after open (skipped): 37,149

  ── [STAGE 8f] Final Mask Stats ──
    Bounding box : 197W x 292H px
    Mask centroid: (208.5, 219.0) px
    White pixels : 37,149
  masking.py run ended: 2026-06-13 19:56:35.557066
