
================================================================================
  masking.py run started: 2026-06-13 20:00:28.750227
================================================================================

━━━ [STAGE 1] Loading Point Cloud Array
  [INFO] Total raw points loaded: 366,360

━━━ [STAGE 2] Statistical Outlier Demolition
  [INFO] Points surviving outlier filter: 355,301

━━━ [STAGE 3] Live Plane Surface Isolation (RANSAC)
  [INFO] Original RANSAC: a=0.0123, b=-0.0532, c=0.9985, d=-0.4791
  [INFO] Normal vector pointing down. Flipping coefficients up toward lens.
  [INFO] Points isolated on belt plane: 334,025
  [INFO] Non-plane points going to workspace filter: 21,276

━━━ [STAGE 5] Direction-Enforced Spatial Pre-Filtering
  [INFO] Height gate window : 1.50mm to 500.00mm
  [INFO] Dist-from-plane mm : min=12.248 mean=42.522 median=42.596 max=74.178
  [INFO] Rejected by lower gate: 0 / 21,276
  [INFO] Rejected by upper gate: 0 / 21,276
  [DEBUG] Points passing directional spatial filters: 21,276

━━━ [STAGE 6] Spatial Structural Isolation Clustering (DBSCAN)
  [INFO] DBSCAN discovered 2 distinct point groups.

━━━ [STAGE 7] Multi-Gate Geometric Evaluation
  Cluster #00 -> Pts: 21264 | Dims(mm): X=234.5, Y=204.1, Z= 68.0 | VolRatio: 0.290 | Gates: [G1-4=1 G5_Size=1 G6_3D=1] -> PASSED
  Cluster #01 -> Pts: 10    | Dims(mm): X=  3.1, Y=  0.6, Z=  0.0 | VolRatio: 0.000 | Gates: [G1-4=0 G5_Size=0 G6_3D=0] -> REJECTED
  [INFO] Winning Cluster selected: ID #0 (Score=0.7870)
  [INFO] Winning cluster point count: 21,264

━━━ [STAGE 8] Projection — Sensor Space → Cropped Canvas

  ── [STAGE 8a] Coordinate System Parameters ──
    Intrinsics    : fx=750.148  fy=749.790  cx=386.179  cy=366.086
    Crop offsets  : left=0 px  top=0 px
    Depth sensor  : 510W x 720H px
    RGB canvas    : 510W x 720H px
    Scale factors : scale_x=1.000000  scale_y=1.000000

  ── [STAGE 8b] 3-D Cluster Bounding Box (world space) ──
    X range : -0.1735 m  →  0.0611 m  (span 234.5 mm)
    Y range : -0.1409 m  →  0.0633 m  (span 204.1 mm)
    Z range : 0.4020 m  →  0.4700 m  (span 68.0 mm)
    Z depth : mean=0.4363 m  std=0.0175 m  min=0.4020 m  max=0.4700 m

  ── [STAGE 8c] Projection Steps ──
    [Step 1] Full-sensor pixel coords (before crop subtraction):
      u_sensor  min=80.0  max=486.0  mean=233.2
      v_sensor  min=136.0  max=469.0  mean=299.7
    [OK] Sensor-space OOB: u=0.0%  v=0.0%
    [Step 2] After crop subtraction (crop_left=0, crop_top=0):
      u_cropped min=80.0  max=486.0  mean=233.2
      v_cropped min=136.0  max=469.0  mean=299.7
    [Step 2 Check] Cropped coords outside canvas: u<0=0.0%  u>W=0.0%  v<0=0.0%  v>H=0.0%
    [Step 3] After scale to canvas (scale_x=1.0000, scale_y=1.0000):
      u  min=80  max=486  mean=233.2
      v  min=136  max=469  mean=299.7
      Canvas target size : 510W x 720H px

  ── [STAGE 8d] Expected mask centroid on canvas ──
      Projected centroid : u=233.2 px  v=299.7 px
      Canvas centre      : u=255.0 px  v=360.0 px
      Offset from centre : Δu=-21.8 px  Δv=-60.3 px

  ── [STAGE 8e] Bounds Filter ──
    Total projected points : 21,264
    Inside canvas bounds   : 21,264  (100.0%)
    Duplicate pixel hits    : 0
  [INFO] Density non-zero pixels: 21,264
  [INFO] Density peak count     : 1
  [INFO] Raw mask white pixels before morphology: 21,264
  [INFO] White pixels after close: 23,807
  [INFO] Morphological open skipped for tip-loss debugging.
  [INFO] White pixels after open (skipped): 23,807

  ── [STAGE 8f] Final Mask Stats ──
    Bounding box : 406W x 333H px
    Mask centroid: (283.0, 302.5) px
    White pixels : 23,807
  masking.py run ended: 2026-06-13 20:00:31.150822
