
================================================================================
  masking.py run started: 2026-06-13 20:05:55.191038
================================================================================

━━━ [STAGE 1] Loading Point Cloud Array
  [INFO] Total raw points loaded: 365,733

━━━ [STAGE 2] Statistical Outlier Demolition
  [INFO] Points surviving outlier filter: 355,553

━━━ [STAGE 3] Live Plane Surface Isolation (RANSAC)
  [INFO] Original RANSAC: a=0.0133, b=-0.1015, c=0.9947, d=-0.4738
  [INFO] Normal vector pointing down. Flipping coefficients up toward lens.
  [INFO] Points isolated on belt plane: 341,800
  [INFO] Non-plane points going to workspace filter: 13,753

━━━ [STAGE 5] Direction-Enforced Spatial Pre-Filtering
  [INFO] Height gate window : 1.50mm to 500.00mm
  [INFO] Dist-from-plane mm : min=13.711 mean=37.215 median=39.155 max=58.811
  [INFO] Rejected by lower gate: 0 / 13,753
  [INFO] Rejected by upper gate: 0 / 13,753
  [DEBUG] Points passing directional spatial filters: 13,753

━━━ [STAGE 6] Spatial Structural Isolation Clustering (DBSCAN)
  [INFO] DBSCAN discovered 1 distinct point groups.

━━━ [STAGE 7] Multi-Gate Geometric Evaluation
  Cluster #00 -> Pts: 13753 | Dims(mm): X=130.0, Y=131.4, Z= 47.0 | VolRatio: 0.358 | Gates: [G1-4=1 G5_Size=1 G6_3D=1] -> PASSED
  [INFO] Winning Cluster selected: ID #0 (Score=0.8073)
  [INFO] Winning cluster point count: 13,753

━━━ [STAGE 8] Projection — Sensor Space → Cropped Canvas

  ── [STAGE 8a] Coordinate System Parameters ──
    Intrinsics    : fx=750.148  fy=749.790  cx=386.179  cy=366.086
    Crop offsets  : left=0 px  top=0 px
    Depth sensor  : 510W x 720H px
    RGB canvas    : 510W x 720H px
    Scale factors : scale_x=1.000000  scale_y=1.000000

  ── [STAGE 8b] 3-D Cluster Bounding Box (world space) ──
    X range : -0.1793 m  →  -0.0493 m  (span 130.0 mm)
    Y range : -0.0352 m  →  0.0963 m  (span 131.4 mm)
    Z range : 0.4240 m  →  0.4710 m  (span 47.0 mm)
    Z depth : mean=0.4438 m  std=0.0086 m  min=0.4240 m  max=0.4710 m

  ── [STAGE 8c] Projection Steps ──
    [Step 1] Full-sensor pixel coords (before crop subtraction):
      u_sensor  min=95.0  max=303.0  mean=201.0
      v_sensor  min=308.0  max=520.0  mean=423.5
    [OK] Sensor-space OOB: u=0.0%  v=0.0%
    [Step 2] After crop subtraction (crop_left=0, crop_top=0):
      u_cropped min=95.0  max=303.0  mean=201.0
      v_cropped min=308.0  max=520.0  mean=423.5
    [Step 2 Check] Cropped coords outside canvas: u<0=0.0%  u>W=0.0%  v<0=0.0%  v>H=0.0%
    [Step 3] After scale to canvas (scale_x=1.0000, scale_y=1.0000):
      u  min=95  max=303  mean=201.0
      v  min=308  max=520  mean=423.5
      Canvas target size : 510W x 720H px

  ── [STAGE 8d] Expected mask centroid on canvas ──
      Projected centroid : u=201.0 px  v=423.5 px
      Canvas centre      : u=255.0 px  v=360.0 px
      Offset from centre : Δu=-54.0 px  Δv=63.5 px

  ── [STAGE 8e] Bounds Filter ──
    Total projected points : 13,753
    Inside canvas bounds   : 13,753  (100.0%)
    Duplicate pixel hits    : 0
  [INFO] Density non-zero pixels: 13,753
  [INFO] Density peak count     : 1
  [INFO] Raw mask white pixels before morphology: 13,753
  [INFO] White pixels after close: 16,539
  [INFO] Morphological open skipped for tip-loss debugging.
  [INFO] White pixels after open (skipped): 16,539

  ── [STAGE 8f] Final Mask Stats ──
    Bounding box : 208W x 212H px
    Mask centroid: (199.0, 414.0) px
    White pixels : 16,539
  masking.py run ended: 2026-06-13 20:05:57.342775
