
================================================================================
  masking.py run started: 2026-06-13 19:52:02.536121
================================================================================

━━━ [STAGE 1] Loading Point Cloud Array
  [INFO] Total raw points loaded: 365,999

━━━ [STAGE 2] Statistical Outlier Demolition
  [INFO] Points surviving outlier filter: 355,013

━━━ [STAGE 3] Live Plane Surface Isolation (RANSAC)
  [INFO] Original RANSAC: a=0.0168, b=-0.0821, c=0.9965, d=-0.4746
  [INFO] Normal vector pointing down. Flipping coefficients up toward lens.
  [INFO] Points isolated on belt plane: 338,088
  [INFO] Non-plane points going to workspace filter: 16,925

━━━ [STAGE 5] Direction-Enforced Spatial Pre-Filtering
  [INFO] Height gate window : 1.50mm to 500.00mm
  [INFO] Dist-from-plane mm : min=17.121 mean=34.714 median=35.585 max=51.048
  [INFO] Rejected by lower gate: 0 / 16,925
  [INFO] Rejected by upper gate: 0 / 16,925
  [DEBUG] Points passing directional spatial filters: 16,925

━━━ [STAGE 6] Spatial Structural Isolation Clustering (DBSCAN)
  [INFO] DBSCAN discovered 1 distinct point groups.

━━━ [STAGE 7] Multi-Gate Geometric Evaluation
  Cluster #00 -> Pts: 16925 | Dims(mm): X= 90.5, Y=202.5, Z= 42.0 | VolRatio: 0.207 | Gates: [G1-4=1 G5_Size=1 G6_3D=1] -> PASSED
  [INFO] Winning Cluster selected: ID #0 (Score=0.7622)
  [INFO] Winning cluster point count: 16,925

━━━ [STAGE 8] Projection — Sensor Space → Cropped Canvas

  ── [STAGE 8a] Coordinate System Parameters ──
    Intrinsics    : fx=750.148  fy=749.790  cx=386.179  cy=366.086
    Crop offsets  : left=0 px  top=0 px
    Depth sensor  : 510W x 720H px
    RGB canvas    : 510W x 720H px
    Scale factors : scale_x=1.000000  scale_y=1.000000

  ── [STAGE 8b] 3-D Cluster Bounding Box (world space) ──
    X range : -0.0186 m  →  0.0719 m  (span 90.5 mm)
    Y range : -0.0135 m  →  0.1890 m  (span 202.5 mm)
    Z range : 0.4320 m  →  0.4740 m  (span 42.0 mm)
    Z depth : mean=0.4482 m  std=0.0082 m  min=0.4320 m  max=0.4740 m

  ── [STAGE 8c] Projection Steps ──
    [Step 1] Full-sensor pixel coords (before crop subtraction):
      u_sensor  min=355.0  max=504.0  mean=429.1
      v_sensor  min=343.0  max=665.0  mean=511.9
    [OK] Sensor-space OOB: u=0.0%  v=0.0%
    [Step 2] After crop subtraction (crop_left=0, crop_top=0):
      u_cropped min=355.0  max=504.0  mean=429.1
      v_cropped min=343.0  max=665.0  mean=511.9
    [Step 2 Check] Cropped coords outside canvas: u<0=0.0%  u>W=0.0%  v<0=0.0%  v>H=0.0%
    [Step 3] After scale to canvas (scale_x=1.0000, scale_y=1.0000):
      u  min=355  max=504  mean=429.1
      v  min=343  max=665  mean=511.9
      Canvas target size : 510W x 720H px

  ── [STAGE 8d] Expected mask centroid on canvas ──
      Projected centroid : u=429.1 px  v=511.9 px
      Canvas centre      : u=255.0 px  v=360.0 px
      Offset from centre : Δu=174.1 px  Δv=151.9 px

  ── [STAGE 8e] Bounds Filter ──
    Total projected points : 16,925
    Inside canvas bounds   : 16,925  (100.0%)
    Duplicate pixel hits    : 0
  [INFO] Density non-zero pixels: 16,925
  [INFO] Density peak count     : 1
  [INFO] Raw mask white pixels before morphology: 16,925
  [INFO] White pixels after close: 18,780
  [INFO] Morphological open skipped for tip-loss debugging.
  [INFO] White pixels after open (skipped): 18,780

  ── [STAGE 8f] Final Mask Stats ──
    Bounding box : 149W x 322H px
    Mask centroid: (429.5, 504.0) px
    White pixels : 18,780
  masking.py run ended: 2026-06-13 19:52:04.681983
