
================================================================================
  masking.py run started: 2026-06-13 20:05:57.343501
================================================================================

━━━ [STAGE 1] Loading Point Cloud Array
  [INFO] Total raw points loaded: 365,764

━━━ [STAGE 2] Statistical Outlier Demolition
  [INFO] Points surviving outlier filter: 354,796

━━━ [STAGE 3] Live Plane Surface Isolation (RANSAC)
  [INFO] Original RANSAC: a=0.0145, b=-0.1018, c=0.9947, d=-0.4737
  [INFO] Normal vector pointing down. Flipping coefficients up toward lens.
  [INFO] Points isolated on belt plane: 341,461
  [INFO] Non-plane points going to workspace filter: 13,335

━━━ [STAGE 5] Direction-Enforced Spatial Pre-Filtering
  [INFO] Height gate window : 1.50mm to 500.00mm
  [INFO] Dist-from-plane mm : min=-14.880 mean=37.586 median=39.212 max=58.260
  [INFO] Rejected by lower gate: 48 / 13,335
  [INFO] Rejected by upper gate: 0 / 13,335
  [DEBUG] Points passing directional spatial filters: 13,287

━━━ [STAGE 6] Spatial Structural Isolation Clustering (DBSCAN)
  [INFO] DBSCAN discovered 1 distinct point groups.

━━━ [STAGE 7] Multi-Gate Geometric Evaluation
  Cluster #00 -> Pts: 13287 | Dims(mm): X=133.9, Y=109.8, Z= 51.0 | VolRatio: 0.381 | Gates: [G1-4=1 G5_Size=1 G6_3D=1] -> PASSED
  [INFO] Winning Cluster selected: ID #0 (Score=0.8143)
  [INFO] Winning cluster point count: 13,287

━━━ [STAGE 8] Projection — Sensor Space → Cropped Canvas

  ── [STAGE 8a] Coordinate System Parameters ──
    Intrinsics    : fx=750.148  fy=749.790  cx=386.179  cy=366.086
    Crop offsets  : left=0 px  top=0 px
    Depth sensor  : 510W x 720H px
    RGB canvas    : 510W x 720H px
    Scale factors : scale_x=1.000000  scale_y=1.000000

  ── [STAGE 8b] 3-D Cluster Bounding Box (world space) ──
    X range : -0.0625 m  →  0.0714 m  (span 133.9 mm)
    Y range : -0.1008 m  →  0.0090 m  (span 109.8 mm)
    Z range : 0.4100 m  →  0.4610 m  (span 51.0 mm)
    Z depth : mean=0.4337 m  std=0.0084 m  min=0.4100 m  max=0.4610 m

  ── [STAGE 8c] Projection Steps ──
    [Step 1] Full-sensor pixel coords (before crop subtraction):
      u_sensor  min=282.0  max=509.0  mean=390.1
      v_sensor  min=197.0  max=381.0  mean=289.9
    [OK] Sensor-space OOB: u=0.0%  v=0.0%
    [Step 2] After crop subtraction (crop_left=0, crop_top=0):
      u_cropped min=282.0  max=509.0  mean=390.1
      v_cropped min=197.0  max=381.0  mean=289.9
    [Step 2 Check] Cropped coords outside canvas: u<0=0.0%  u>W=0.0%  v<0=0.0%  v>H=0.0%
    [Step 3] After scale to canvas (scale_x=1.0000, scale_y=1.0000):
      u  min=282  max=509  mean=390.1
      v  min=197  max=381  mean=289.9
      Canvas target size : 510W x 720H px

  ── [STAGE 8d] Expected mask centroid on canvas ──
      Projected centroid : u=390.1 px  v=289.9 px
      Canvas centre      : u=255.0 px  v=360.0 px
      Offset from centre : Δu=135.1 px  Δv=-70.1 px

  ── [STAGE 8e] Bounds Filter ──
    Total projected points : 13,287
    Inside canvas bounds   : 13,287  (100.0%)
    Duplicate pixel hits    : 0
  [INFO] Density non-zero pixels: 13,287
  [INFO] Density peak count     : 1
  [INFO] Raw mask white pixels before morphology: 13,287
  [INFO] White pixels after close: 16,464
  [INFO] Morphological open skipped for tip-loss debugging.
  [INFO] White pixels after open (skipped): 16,464

  ── [STAGE 8f] Final Mask Stats ──
    Bounding box : 227W x 184H px
    Mask centroid: (395.5, 289.0) px
    White pixels : 16,464
  masking.py run ended: 2026-06-13 20:05:59.482383
