
================================================================================
  masking.py run started: 2026-06-13 17:04:48.278576
================================================================================

━━━ [STAGE 1] Loading Point Cloud Array
  [INFO] Total raw points loaded: 366,570

━━━ [STAGE 2] Statistical Outlier Demolition
  [INFO] Points surviving outlier filter: 352,936

━━━ [STAGE 3] Live Plane Surface Isolation (RANSAC)
  [INFO] Original RANSAC: a=0.0143, b=-0.0352, c=0.9993, d=-0.4793
  [INFO] Normal vector pointing down. Flipping coefficients up toward lens.
  [INFO] Points isolated on belt plane: 346,499
  [INFO] Non-plane points going to workspace filter: 6,437

━━━ [STAGE 5] Direction-Enforced Spatial Pre-Filtering
  [INFO] Height gate window : 1.50mm to 500.00mm
  [INFO] Dist-from-plane mm : min=-12.832 mean=24.977 median=26.537 max=36.097
  [INFO] Rejected by lower gate: 17 / 6,437
  [INFO] Rejected by upper gate: 0 / 6,437
  [DEBUG] Points passing directional spatial filters: 6,420

━━━ [STAGE 6] Spatial Structural Isolation Clustering (DBSCAN)
  [INFO] DBSCAN discovered 1 distinct point groups.

━━━ [STAGE 7] Multi-Gate Geometric Evaluation
  Cluster #00 -> Pts: 6420  | Dims(mm): X=102.6, Y= 72.5, Z= 25.0 | VolRatio: 0.244 | Gates: [G1-4=1 G5_Size=1 G6_3D=1] -> PASSED
  [INFO] Winning Cluster selected: ID #0 (Score=0.5941)
  [INFO] Winning cluster point count: 6,420

━━━ [STAGE 8] Projection — Sensor Space → Cropped Canvas

  ── [STAGE 8a] Coordinate System Parameters ──
    Intrinsics    : fx=750.148  fy=749.790  cx=386.179  cy=366.086
    Crop offsets  : left=0 px  top=0 px
    Depth sensor  : 510W x 720H px
    RGB canvas    : 510W x 720H px
    Scale factors : scale_x=1.000000  scale_y=1.000000

  ── [STAGE 8b] 3-D Cluster Bounding Box (world space) ──
    X range : -0.1477 m  →  -0.0451 m  (span 102.6 mm)
    Y range : -0.0939 m  →  -0.0214 m  (span 72.5 mm)
    Z range : 0.4420 m  →  0.4670 m  (span 25.0 mm)
    Z depth : mean=0.4540 m  std=0.0058 m  min=0.4420 m  max=0.4670 m

  ── [STAGE 8c] Projection Steps ──
    [Step 1] Full-sensor pixel coords (before crop subtraction):
      u_sensor  min=149.0  max=313.0  mean=233.9
      v_sensor  min=214.0  max=331.0  mean=277.2
    [OK] Sensor-space OOB: u=0.0%  v=0.0%
    [Step 2] After crop subtraction (crop_left=0, crop_top=0):
      u_cropped min=149.0  max=313.0  mean=233.9
      v_cropped min=214.0  max=331.0  mean=277.2
    [Step 2 Check] Cropped coords outside canvas: u<0=0.0%  u>W=0.0%  v<0=0.0%  v>H=0.0%
    [Step 3] After scale to canvas (scale_x=1.0000, scale_y=1.0000):
      u  min=149  max=313  mean=233.9
      v  min=214  max=331  mean=277.2
      Canvas target size : 510W x 720H px

  ── [STAGE 8d] Expected mask centroid on canvas ──
      Projected centroid : u=233.9 px  v=277.2 px
      Canvas centre      : u=255.0 px  v=360.0 px
      Offset from centre : Δu=-21.1 px  Δv=-82.8 px

  ── [STAGE 8e] Bounds Filter ──
    Total projected points : 6,420
    Inside canvas bounds   : 6,420  (100.0%)
    Duplicate pixel hits    : 0
  [INFO] Density non-zero pixels: 6,420
  [INFO] Density peak count     : 1
  [INFO] Raw mask white pixels before morphology: 6,420
  [INFO] White pixels after close: 7,721
  [INFO] Morphological open skipped for tip-loss debugging.
  [INFO] White pixels after open (skipped): 7,721

  ── [STAGE 8f] Final Mask Stats ──
    Bounding box : 164W x 117H px
    Mask centroid: (231.0, 272.5) px
    White pixels : 7,721
  masking.py run ended: 2026-06-13 17:04:48.530123
