
================================================================================
  masking.py run started: 2026-06-13 19:56:59.778859
================================================================================

━━━ [STAGE 1] Loading Point Cloud Array
  [INFO] Total raw points loaded: 363,589

━━━ [STAGE 2] Statistical Outlier Demolition
  [INFO] Points surviving outlier filter: 354,113

━━━ [STAGE 3] Live Plane Surface Isolation (RANSAC)
  [INFO] Original RANSAC: a=0.0149, b=-0.1957, c=0.9806, d=-0.4632
  [INFO] Normal vector pointing down. Flipping coefficients up toward lens.
  [INFO] Points isolated on belt plane: 329,440
  [INFO] Non-plane points going to workspace filter: 24,673

━━━ [STAGE 5] Direction-Enforced Spatial Pre-Filtering
  [INFO] Height gate window : 1.50mm to 500.00mm
  [INFO] Dist-from-plane mm : min=9.418 mean=51.565 median=52.137 max=67.455
  [INFO] Rejected by lower gate: 0 / 24,673
  [INFO] Rejected by upper gate: 0 / 24,673
  [DEBUG] Points passing directional spatial filters: 24,673

━━━ [STAGE 6] Spatial Structural Isolation Clustering (DBSCAN)
  [INFO] DBSCAN discovered 2 distinct point groups.

━━━ [STAGE 7] Multi-Gate Geometric Evaluation
  Cluster #00 -> Pts: 24662 | Dims(mm): X= 72.3, Y=190.2, Z= 66.0 | VolRatio: 0.347 | Gates: [G1-4=1 G5_Size=1 G6_3D=1] -> PASSED
  Cluster #01 -> Pts: 11    | Dims(mm): X=  2.1, Y=  2.1, Z=  0.0 | VolRatio: 0.000 | Gates: [G1-4=0 G5_Size=0 G6_3D=0] -> REJECTED
  [INFO] Winning Cluster selected: ID #0 (Score=0.8041)
  [INFO] Winning cluster point count: 24,662

━━━ [STAGE 8] Projection — Sensor Space → Cropped Canvas

  ── [STAGE 8a] Coordinate System Parameters ──
    Intrinsics    : fx=750.148  fy=749.790  cx=386.179  cy=366.086
    Crop offsets  : left=0 px  top=0 px
    Depth sensor  : 510W x 720H px
    RGB canvas    : 510W x 720H px
    Scale factors : scale_x=1.000000  scale_y=1.000000

  ── [STAGE 8b] 3-D Cluster Bounding Box (world space) ──
    X range : 0.0015 m  →  0.0738 m  (span 72.3 mm)
    Y range : -0.1723 m  →  0.0179 m  (span 190.2 mm)
    Z range : 0.3860 m  →  0.4520 m  (span 66.0 mm)
    Z depth : mean=0.4039 m  std=0.0101 m  min=0.3860 m  max=0.4520 m

  ── [STAGE 8c] Projection Steps ──
    [Step 1] Full-sensor pixel coords (before crop subtraction):
      u_sensor  min=389.0  max=509.0  mean=453.5
      v_sensor  min=41.0  max=398.0  mean=222.0
    [OK] Sensor-space OOB: u=0.0%  v=0.0%
    [Step 2] After crop subtraction (crop_left=0, crop_top=0):
      u_cropped min=389.0  max=509.0  mean=453.5
      v_cropped min=41.0  max=398.0  mean=222.0
    [Step 2 Check] Cropped coords outside canvas: u<0=0.0%  u>W=0.0%  v<0=0.0%  v>H=0.0%
    [Step 3] After scale to canvas (scale_x=1.0000, scale_y=1.0000):
      u  min=389  max=509  mean=453.5
      v  min=41  max=398  mean=222.0
      Canvas target size : 510W x 720H px

  ── [STAGE 8d] Expected mask centroid on canvas ──
      Projected centroid : u=453.5 px  v=222.0 px
      Canvas centre      : u=255.0 px  v=360.0 px
      Offset from centre : Δu=198.5 px  Δv=-138.0 px

  ── [STAGE 8e] Bounds Filter ──
    Total projected points : 24,662
    Inside canvas bounds   : 24,662  (100.0%)
    Duplicate pixel hits    : 0
  [INFO] Density non-zero pixels: 24,662
  [INFO] Density peak count     : 1
  [INFO] Raw mask white pixels before morphology: 24,662
  [INFO] White pixels after close: 26,351
  [INFO] Morphological open skipped for tip-loss debugging.
  [INFO] White pixels after open (skipped): 26,351

  ── [STAGE 8f] Final Mask Stats ──
    Bounding box : 120W x 357H px
    Mask centroid: (449.0, 219.5) px
    White pixels : 26,351
  masking.py run ended: 2026-06-13 19:57:04.618164
