
================================================================================
  masking.py run started: 2026-06-13 19:57:34.195430
================================================================================

━━━ [STAGE 1] Loading Point Cloud Array
  [INFO] Total raw points loaded: 363,672

━━━ [STAGE 2] Statistical Outlier Demolition
  [INFO] Points surviving outlier filter: 352,253

━━━ [STAGE 3] Live Plane Surface Isolation (RANSAC)
  [INFO] Original RANSAC: a=0.0141, b=-0.1952, c=0.9807, d=-0.4633
  [INFO] Normal vector pointing down. Flipping coefficients up toward lens.
  [INFO] Points isolated on belt plane: 335,930
  [INFO] Non-plane points going to workspace filter: 16,323

━━━ [STAGE 5] Direction-Enforced Spatial Pre-Filtering
  [INFO] Height gate window : 1.50mm to 500.00mm
  [INFO] Dist-from-plane mm : min=12.969 mean=40.408 median=41.133 max=53.247
  [INFO] Rejected by lower gate: 0 / 16,323
  [INFO] Rejected by upper gate: 0 / 16,323
  [DEBUG] Points passing directional spatial filters: 16,323

━━━ [STAGE 6] Spatial Structural Isolation Clustering (DBSCAN)
  [INFO] DBSCAN discovered 2 distinct point groups.

━━━ [STAGE 7] Multi-Gate Geometric Evaluation
  Cluster #00 -> Pts: 16011 | Dims(mm): X= 95.4, Y=166.3, Z= 49.0 | VolRatio: 0.295 | Gates: [G1-4=1 G5_Size=1 G6_3D=1] -> PASSED
  Cluster #01 -> Pts: 312   | Dims(mm): X= 28.9, Y= 29.2, Z= 10.0 | VolRatio: 0.342 | Gates: [G1-4=1 G5_Size=1 G6_3D=1] -> PASSED
  [INFO] Winning Cluster selected: ID #0 (Score=0.7884)
  [INFO] Winning cluster point count: 16,011

━━━ [STAGE 8] Projection — Sensor Space → Cropped Canvas

  ── [STAGE 8a] Coordinate System Parameters ──
    Intrinsics    : fx=750.148  fy=749.790  cx=386.179  cy=366.086
    Crop offsets  : left=0 px  top=0 px
    Depth sensor  : 510W x 720H px
    RGB canvas    : 510W x 720H px
    Scale factors : scale_x=1.000000  scale_y=1.000000

  ── [STAGE 8b] 3-D Cluster Bounding Box (world space) ──
    X range : -0.1353 m  →  -0.0399 m  (span 95.4 mm)
    Y range : -0.0869 m  →  0.0794 m  (span 166.3 mm)
    Z range : 0.4140 m  →  0.4630 m  (span 49.0 mm)
    Z depth : mean=0.4332 m  std=0.0083 m  min=0.4140 m  max=0.4630 m

  ── [STAGE 8c] Projection Steps ──
    [Step 1] Full-sensor pixel coords (before crop subtraction):
      u_sensor  min=166.0  max=317.0  mean=246.9
      v_sensor  min=214.0  max=497.0  mean=376.2
    [OK] Sensor-space OOB: u=0.0%  v=0.0%
    [Step 2] After crop subtraction (crop_left=0, crop_top=0):
      u_cropped min=166.0  max=317.0  mean=246.9
      v_cropped min=214.0  max=497.0  mean=376.2
    [Step 2 Check] Cropped coords outside canvas: u<0=0.0%  u>W=0.0%  v<0=0.0%  v>H=0.0%
    [Step 3] After scale to canvas (scale_x=1.0000, scale_y=1.0000):
      u  min=166  max=317  mean=246.9
      v  min=214  max=497  mean=376.2
      Canvas target size : 510W x 720H px

  ── [STAGE 8d] Expected mask centroid on canvas ──
      Projected centroid : u=246.9 px  v=376.2 px
      Canvas centre      : u=255.0 px  v=360.0 px
      Offset from centre : Δu=-8.1 px  Δv=16.2 px

  ── [STAGE 8e] Bounds Filter ──
    Total projected points : 16,011
    Inside canvas bounds   : 16,011  (100.0%)
    Duplicate pixel hits    : 0
  [INFO] Density non-zero pixels: 16,011
  [INFO] Density peak count     : 1
  [INFO] Raw mask white pixels before morphology: 16,011
  [INFO] White pixels after close: 17,776
  [INFO] Morphological open skipped for tip-loss debugging.
  [INFO] White pixels after open (skipped): 17,776

  ── [STAGE 8f] Final Mask Stats ──
    Bounding box : 151W x 283H px
    Mask centroid: (241.5, 355.5) px
    White pixels : 17,776
  masking.py run ended: 2026-06-13 19:57:37.329857
