
================================================================================
  masking.py run started: 2026-06-13 19:53:36.520369
================================================================================

━━━ [STAGE 1] Loading Point Cloud Array
  [INFO] Total raw points loaded: 364,984

━━━ [STAGE 2] Statistical Outlier Demolition
  [INFO] Points surviving outlier filter: 353,718

━━━ [STAGE 3] Live Plane Surface Isolation (RANSAC)
  [INFO] Original RANSAC: a=0.0152, b=-0.1395, c=0.9901, d=-0.4692
  [INFO] Normal vector pointing down. Flipping coefficients up toward lens.
  [INFO] Points isolated on belt plane: 335,225
  [INFO] Non-plane points going to workspace filter: 18,493

━━━ [STAGE 5] Direction-Enforced Spatial Pre-Filtering
  [INFO] Height gate window : 1.50mm to 500.00mm
  [INFO] Dist-from-plane mm : min=14.603 mean=36.023 median=36.999 max=60.081
  [INFO] Rejected by lower gate: 0 / 18,493
  [INFO] Rejected by upper gate: 0 / 18,493
  [DEBUG] Points passing directional spatial filters: 18,493

━━━ [STAGE 6] Spatial Structural Isolation Clustering (DBSCAN)
  [INFO] DBSCAN discovered 1 distinct point groups.

━━━ [STAGE 7] Multi-Gate Geometric Evaluation
  Cluster #00 -> Pts: 18493 | Dims(mm): X=107.4, Y=121.9, Z= 55.0 | VolRatio: 0.451 | Gates: [G1-4=1 G5_Size=1 G6_3D=1] -> PASSED
  [INFO] Winning Cluster selected: ID #0 (Score=0.8353)
  [INFO] Winning cluster point count: 18,493

━━━ [STAGE 8] Projection — Sensor Space → Cropped Canvas

  ── [STAGE 8a] Coordinate System Parameters ──
    Intrinsics    : fx=750.148  fy=749.790  cx=386.179  cy=366.086
    Crop offsets  : left=0 px  top=0 px
    Depth sensor  : 510W x 720H px
    RGB canvas    : 510W x 720H px
    Scale factors : scale_x=1.000000  scale_y=1.000000

  ── [STAGE 8b] 3-D Cluster Bounding Box (world space) ──
    X range : -0.1069 m  →  0.0005 m  (span 107.4 mm)
    Y range : -0.0748 m  →  0.0471 m  (span 121.9 mm)
    Z range : 0.4100 m  →  0.4650 m  (span 55.0 mm)
    Z depth : mean=0.4349 m  std=0.0116 m  min=0.4100 m  max=0.4650 m

  ── [STAGE 8c] Projection Steps ──
    [Step 1] Full-sensor pixel coords (before crop subtraction):
      u_sensor  min=208.0  max=387.0  mean=297.9
      v_sensor  min=237.0  max=442.0  mean=324.8
    [OK] Sensor-space OOB: u=0.0%  v=0.0%
    [Step 2] After crop subtraction (crop_left=0, crop_top=0):
      u_cropped min=208.0  max=387.0  mean=297.9
      v_cropped min=237.0  max=442.0  mean=324.8
    [Step 2 Check] Cropped coords outside canvas: u<0=0.0%  u>W=0.0%  v<0=0.0%  v>H=0.0%
    [Step 3] After scale to canvas (scale_x=1.0000, scale_y=1.0000):
      u  min=208  max=387  mean=297.9
      v  min=237  max=442  mean=324.8
      Canvas target size : 510W x 720H px

  ── [STAGE 8d] Expected mask centroid on canvas ──
      Projected centroid : u=297.9 px  v=324.8 px
      Canvas centre      : u=255.0 px  v=360.0 px
      Offset from centre : Δu=42.9 px  Δv=-35.2 px

  ── [STAGE 8e] Bounds Filter ──
    Total projected points : 18,493
    Inside canvas bounds   : 18,493  (100.0%)
    Duplicate pixel hits    : 0
  [INFO] Density non-zero pixels: 18,493
  [INFO] Density peak count     : 1
  [INFO] Raw mask white pixels before morphology: 18,493
  [INFO] White pixels after close: 20,779
  [INFO] Morphological open skipped for tip-loss debugging.
  [INFO] White pixels after open (skipped): 20,779

  ── [STAGE 8f] Final Mask Stats ──
    Bounding box : 179W x 205H px
    Mask centroid: (297.5, 339.5) px
    White pixels : 20,779
  masking.py run ended: 2026-06-13 19:53:38.845505
