
================================================================================
  masking.py run started: 2026-06-13 20:02:01.494163
================================================================================

━━━ [STAGE 1] Loading Point Cloud Array
  [INFO] Total raw points loaded: 366,167

━━━ [STAGE 2] Statistical Outlier Demolition
  [INFO] Points surviving outlier filter: 353,285

━━━ [STAGE 3] Live Plane Surface Isolation (RANSAC)
  [INFO] Original RANSAC: a=0.0139, b=-0.0741, c=0.9972, d=-0.4768
  [INFO] Normal vector pointing down. Flipping coefficients up toward lens.
  [INFO] Points isolated on belt plane: 343,653
  [INFO] Non-plane points going to workspace filter: 9,632

━━━ [STAGE 5] Direction-Enforced Spatial Pre-Filtering
  [INFO] Height gate window : 1.50mm to 500.00mm
  [INFO] Dist-from-plane mm : min=12.678 mean=26.251 median=26.984 max=38.807
  [INFO] Rejected by lower gate: 0 / 9,632
  [INFO] Rejected by upper gate: 0 / 9,632
  [DEBUG] Points passing directional spatial filters: 9,632

━━━ [STAGE 6] Spatial Structural Isolation Clustering (DBSCAN)
  [INFO] DBSCAN discovered 1 distinct point groups.

━━━ [STAGE 7] Multi-Gate Geometric Evaluation
  Cluster #00 -> Pts: 9632  | Dims(mm): X= 82.6, Y= 81.3, Z= 27.0 | VolRatio: 0.327 | Gates: [G1-4=1 G5_Size=1 G6_3D=1] -> PASSED
  [INFO] Winning Cluster selected: ID #0 (Score=0.7797)
  [INFO] Winning cluster point count: 9,632

━━━ [STAGE 8] Projection — Sensor Space → Cropped Canvas

  ── [STAGE 8a] Coordinate System Parameters ──
    Intrinsics    : fx=750.148  fy=749.790  cx=386.179  cy=366.086
    Crop offsets  : left=0 px  top=0 px
    Depth sensor  : 510W x 720H px
    RGB canvas    : 510W x 720H px
    Scale factors : scale_x=1.000000  scale_y=1.000000

  ── [STAGE 8b] 3-D Cluster Bounding Box (world space) ──
    X range : -0.0383 m  →  0.0443 m  (span 82.6 mm)
    Y range : 0.0725 m  →  0.1538 m  (span 81.3 mm)
    Z range : 0.4490 m  →  0.4760 m  (span 27.0 mm)
    Z depth : mean=0.4600 m  std=0.0054 m  min=0.4490 m  max=0.4760 m

  ── [STAGE 8c] Projection Steps ──
    [Step 1] Full-sensor pixel coords (before crop subtraction):
      u_sensor  min=325.0  max=457.0  mean=387.3
      v_sensor  min=483.0  max=611.0  mean=547.5
    [OK] Sensor-space OOB: u=0.0%  v=0.0%
    [Step 2] After crop subtraction (crop_left=0, crop_top=0):
      u_cropped min=325.0  max=457.0  mean=387.3
      v_cropped min=483.0  max=611.0  mean=547.5
    [Step 2 Check] Cropped coords outside canvas: u<0=0.0%  u>W=0.0%  v<0=0.0%  v>H=0.0%
    [Step 3] After scale to canvas (scale_x=1.0000, scale_y=1.0000):
      u  min=325  max=457  mean=387.3
      v  min=483  max=611  mean=547.5
      Canvas target size : 510W x 720H px

  ── [STAGE 8d] Expected mask centroid on canvas ──
      Projected centroid : u=387.3 px  v=547.5 px
      Canvas centre      : u=255.0 px  v=360.0 px
      Offset from centre : Δu=132.3 px  Δv=187.5 px

  ── [STAGE 8e] Bounds Filter ──
    Total projected points : 9,632
    Inside canvas bounds   : 9,632  (100.0%)
    Duplicate pixel hits    : 0
  [INFO] Density non-zero pixels: 9,632
  [INFO] Density peak count     : 1
  [INFO] Raw mask white pixels before morphology: 9,632
  [INFO] White pixels after close: 10,319
  [INFO] Morphological open skipped for tip-loss debugging.
  [INFO] White pixels after open (skipped): 10,319

  ── [STAGE 8f] Final Mask Stats ──
    Bounding box : 132W x 128H px
    Mask centroid: (391.0, 547.0) px
    White pixels : 10,319
  masking.py run ended: 2026-06-13 20:02:03.465669
