
================================================================================
  masking.py run started: 2026-06-13 19:47:07.641045
================================================================================

━━━ [STAGE 1] Loading Point Cloud Array
  [INFO] Total raw points loaded: 366,426

━━━ [STAGE 2] Statistical Outlier Demolition
  [INFO] Points surviving outlier filter: 357,764

━━━ [STAGE 3] Live Plane Surface Isolation (RANSAC)
  [INFO] Original RANSAC: a=0.0210, b=-0.0513, c=0.9985, d=-0.4769
  [INFO] Normal vector pointing down. Flipping coefficients up toward lens.
  [INFO] Points isolated on belt plane: 307,107
  [INFO] Non-plane points going to workspace filter: 50,657

━━━ [STAGE 5] Direction-Enforced Spatial Pre-Filtering
  [INFO] Height gate window : 1.50mm to 500.00mm
  [INFO] Dist-from-plane mm : min=-6.975 mean=31.541 median=28.424 max=62.647
  [INFO] Rejected by lower gate: 705 / 50,657
  [INFO] Rejected by upper gate: 0 / 50,657
  [DEBUG] Points passing directional spatial filters: 49,952

━━━ [STAGE 6] Spatial Structural Isolation Clustering (DBSCAN)
  [INFO] DBSCAN discovered 3 distinct point groups.

━━━ [STAGE 7] Multi-Gate Geometric Evaluation
  Cluster #00 -> Pts: 49678 | Dims(mm): X=136.1, Y=220.3, Z= 57.0 | VolRatio: 0.259 | Gates: [G1-4=1 G5_Size=1 G6_3D=1] -> PASSED
  Cluster #01 -> Pts: 12    | Dims(mm): X=  1.9, Y=  1.3, Z=  0.0 | VolRatio: 0.000 | Gates: [G1-4=0 G5_Size=0 G6_3D=0] -> REJECTED
  Cluster #02 -> Pts: 262   | Dims(mm): X= 14.3, Y= 57.2, Z=  5.0 | VolRatio: 0.087 | Gates: [G1-4=1 G5_Size=0 G6_3D=0] -> REJECTED
  [INFO] Winning Cluster selected: ID #0 (Score=0.7776)
  [INFO] Winning cluster point count: 49,678

━━━ [STAGE 8] Projection — Sensor Space → Cropped Canvas

  ── [STAGE 8a] Coordinate System Parameters ──
    Intrinsics    : fx=750.148  fy=749.790  cx=386.179  cy=366.086
    Crop offsets  : left=0 px  top=0 px
    Depth sensor  : 510W x 720H px
    RGB canvas    : 510W x 720H px
    Scale factors : scale_x=1.000000  scale_y=1.000000

  ── [STAGE 8b] 3-D Cluster Bounding Box (world space) ──
    X range : -0.0742 m  →  0.0620 m  (span 136.1 mm)
    Y range : -0.1795 m  →  0.0408 m  (span 220.3 mm)
    Z range : 0.4070 m  →  0.4640 m  (span 57.0 mm)
    Z depth : mean=0.4416 m  std=0.0133 m  min=0.4070 m  max=0.4640 m

  ── [STAGE 8c] Projection Steps ──
    [Step 1] Full-sensor pixel coords (before crop subtraction):
      u_sensor  min=260.0  max=489.0  mean=368.6
      v_sensor  min=42.0  max=433.0  mean=232.1
    [OK] Sensor-space OOB: u=0.0%  v=0.0%
    [Step 2] After crop subtraction (crop_left=0, crop_top=0):
      u_cropped min=260.0  max=489.0  mean=368.6
      v_cropped min=42.0  max=433.0  mean=232.1
    [Step 2 Check] Cropped coords outside canvas: u<0=0.0%  u>W=0.0%  v<0=0.0%  v>H=0.0%
    [Step 3] After scale to canvas (scale_x=1.0000, scale_y=1.0000):
      u  min=260  max=489  mean=368.6
      v  min=42  max=433  mean=232.1
      Canvas target size : 510W x 720H px

  ── [STAGE 8d] Expected mask centroid on canvas ──
      Projected centroid : u=368.6 px  v=232.1 px
      Canvas centre      : u=255.0 px  v=360.0 px
      Offset from centre : Δu=113.6 px  Δv=-127.9 px

  ── [STAGE 8e] Bounds Filter ──
    Total projected points : 49,678
    Inside canvas bounds   : 49,678  (100.0%)
    Duplicate pixel hits    : 0
  [INFO] Density non-zero pixels: 49,678
  [INFO] Density peak count     : 1
  [INFO] Raw mask white pixels before morphology: 49,678
  [INFO] White pixels after close: 51,791
  [INFO] Morphological open skipped for tip-loss debugging.
  [INFO] White pixels after open (skipped): 51,791

  ── [STAGE 8f] Final Mask Stats ──
    Bounding box : 229W x 391H px
    Mask centroid: (374.5, 237.5) px
    White pixels : 51,791
  masking.py run ended: 2026-06-13 19:47:14.649024
