
================================================================================
  masking.py run started: 2026-06-13 20:00:17.656800
================================================================================

━━━ [STAGE 1] Loading Point Cloud Array
  [INFO] Total raw points loaded: 366,424

━━━ [STAGE 2] Statistical Outlier Demolition
  [INFO] Points surviving outlier filter: 357,784

━━━ [STAGE 3] Live Plane Surface Isolation (RANSAC)
  [INFO] Original RANSAC: a=0.0116, b=-0.0534, c=0.9985, d=-0.4793
  [INFO] Normal vector pointing down. Flipping coefficients up toward lens.
  [INFO] Points isolated on belt plane: 298,694
  [INFO] Non-plane points going to workspace filter: 59,090

━━━ [STAGE 5] Direction-Enforced Spatial Pre-Filtering
  [INFO] Height gate window : 1.50mm to 500.00mm
  [INFO] Dist-from-plane mm : min=13.024 mean=62.999 median=69.513 max=87.317
  [INFO] Rejected by lower gate: 0 / 59,090
  [INFO] Rejected by upper gate: 0 / 59,090
  [DEBUG] Points passing directional spatial filters: 59,090

━━━ [STAGE 6] Spatial Structural Isolation Clustering (DBSCAN)
  [INFO] DBSCAN discovered 2 distinct point groups.

━━━ [STAGE 7] Multi-Gate Geometric Evaluation
  Cluster #00 -> Pts: 27    | Dims(mm): X= 10.4, Y=  6.1, Z= 12.0 | VolRatio: 0.510 | Gates: [G1-4=1 G5_Size=0 G6_3D=1] -> REJECTED
  Cluster #01 -> Pts: 59050 | Dims(mm): X=136.0, Y=182.1, Z= 82.0 | VolRatio: 0.450 | Gates: [G1-4=1 G5_Size=1 G6_3D=1] -> PASSED
  [INFO] Winning Cluster selected: ID #1 (Score=0.8351)
  [INFO] Winning cluster point count: 59,050

━━━ [STAGE 8] Projection — Sensor Space → Cropped Canvas

  ── [STAGE 8a] Coordinate System Parameters ──
    Intrinsics    : fx=750.148  fy=749.790  cx=386.179  cy=366.086
    Crop offsets  : left=0 px  top=0 px
    Depth sensor  : 510W x 720H px
    RGB canvas    : 510W x 720H px
    Scale factors : scale_x=1.000000  scale_y=1.000000

  ── [STAGE 8b] 3-D Cluster Bounding Box (world space) ──
    X range : -0.1895 m  →  -0.0535 m  (span 136.0 mm)
    Y range : -0.1945 m  →  -0.0124 m  (span 182.1 mm)
    Z range : 0.3850 m  →  0.4670 m  (span 82.0 mm)
    Z depth : mean=0.4127 m  std=0.0191 m  min=0.3850 m  max=0.4670 m

  ── [STAGE 8c] Projection Steps ──
    [Step 1] Full-sensor pixel coords (before crop subtraction):
      u_sensor  min=47.0  max=299.0  mean=174.1
      v_sensor  min=6.0  max=346.0  mean=174.2
    [OK] Sensor-space OOB: u=0.0%  v=0.0%
    [Step 2] After crop subtraction (crop_left=0, crop_top=0):
      u_cropped min=47.0  max=299.0  mean=174.1
      v_cropped min=6.0  max=346.0  mean=174.2
    [Step 2 Check] Cropped coords outside canvas: u<0=0.0%  u>W=0.0%  v<0=0.0%  v>H=0.0%
    [Step 3] After scale to canvas (scale_x=1.0000, scale_y=1.0000):
      u  min=47  max=299  mean=174.1
      v  min=6  max=346  mean=174.2
      Canvas target size : 510W x 720H px

  ── [STAGE 8d] Expected mask centroid on canvas ──
      Projected centroid : u=174.1 px  v=174.2 px
      Canvas centre      : u=255.0 px  v=360.0 px
      Offset from centre : Δu=-80.9 px  Δv=-185.8 px

  ── [STAGE 8e] Bounds Filter ──
    Total projected points : 59,050
    Inside canvas bounds   : 59,050  (100.0%)
    Duplicate pixel hits    : 0
  [INFO] Density non-zero pixels: 59,050
  [INFO] Density peak count     : 1
  [INFO] Raw mask white pixels before morphology: 59,050
  [INFO] White pixels after close: 60,470
  [INFO] Morphological open skipped for tip-loss debugging.
  [INFO] White pixels after open (skipped): 60,470

  ── [STAGE 8f] Final Mask Stats ──
    Bounding box : 252W x 340H px
    Mask centroid: (173.0, 176.0) px
    White pixels : 60,470
  masking.py run ended: 2026-06-13 20:00:26.468529
