
================================================================================
  masking.py run started: 2026-06-13 19:52:35.950806
================================================================================

━━━ [STAGE 1] Loading Point Cloud Array
  [INFO] Total raw points loaded: 365,857

━━━ [STAGE 2] Statistical Outlier Demolition
  [INFO] Points surviving outlier filter: 356,183

━━━ [STAGE 3] Live Plane Surface Isolation (RANSAC)
  [INFO] Original RANSAC: a=0.0140, b=-0.0926, c=0.9956, d=-0.4745
  [INFO] Normal vector pointing down. Flipping coefficients up toward lens.
  [INFO] Points isolated on belt plane: 346,331
  [INFO] Non-plane points going to workspace filter: 9,852

━━━ [STAGE 5] Direction-Enforced Spatial Pre-Filtering
  [INFO] Height gate window : 1.50mm to 500.00mm
  [INFO] Dist-from-plane mm : min=13.380 mean=39.765 median=41.740 max=54.043
  [INFO] Rejected by lower gate: 0 / 9,852
  [INFO] Rejected by upper gate: 0 / 9,852
  [DEBUG] Points passing directional spatial filters: 9,852

━━━ [STAGE 6] Spatial Structural Isolation Clustering (DBSCAN)
  [INFO] DBSCAN discovered 2 distinct point groups.

━━━ [STAGE 7] Multi-Gate Geometric Evaluation
  Cluster #00 -> Pts: 9837  | Dims(mm): X= 76.0, Y= 71.7, Z= 37.0 | VolRatio: 0.487 | Gates: [G1-4=1 G5_Size=1 G6_3D=1] -> PASSED
  Cluster #01 -> Pts: 15    | Dims(mm): X=  9.3, Y=  3.5, Z=  7.0 | VolRatio: 0.379 | Gates: [G1-4=0 G5_Size=0 G6_3D=1] -> REJECTED
  [INFO] Winning Cluster selected: ID #0 (Score=0.8378)
  [INFO] Winning cluster point count: 9,837

━━━ [STAGE 8] Projection — Sensor Space → Cropped Canvas

  ── [STAGE 8a] Coordinate System Parameters ──
    Intrinsics    : fx=750.148  fy=749.790  cx=386.179  cy=366.086
    Crop offsets  : left=0 px  top=0 px
    Depth sensor  : 510W x 720H px
    RGB canvas    : 510W x 720H px
    Scale factors : scale_x=1.000000  scale_y=1.000000

  ── [STAGE 8b] 3-D Cluster Bounding Box (world space) ──
    X range : -0.0894 m  →  -0.0134 m  (span 76.0 mm)
    Y range : 0.0967 m  →  0.1684 m  (span 71.7 mm)
    Z range : 0.4370 m  →  0.4740 m  (span 37.0 mm)
    Z depth : mean=0.4495 m  std=0.0082 m  min=0.4370 m  max=0.4740 m

  ── [STAGE 8c] Projection Steps ──
    [Step 1] Full-sensor pixel coords (before crop subtraction):
      u_sensor  min=241.0  max=365.0  mean=300.4
      v_sensor  min=521.0  max=646.0  mean=584.2
    [OK] Sensor-space OOB: u=0.0%  v=0.0%
    [Step 2] After crop subtraction (crop_left=0, crop_top=0):
      u_cropped min=241.0  max=365.0  mean=300.4
      v_cropped min=521.0  max=646.0  mean=584.2
    [Step 2 Check] Cropped coords outside canvas: u<0=0.0%  u>W=0.0%  v<0=0.0%  v>H=0.0%
    [Step 3] After scale to canvas (scale_x=1.0000, scale_y=1.0000):
      u  min=241  max=365  mean=300.4
      v  min=521  max=646  mean=584.2
      Canvas target size : 510W x 720H px

  ── [STAGE 8d] Expected mask centroid on canvas ──
      Projected centroid : u=300.4 px  v=584.2 px
      Canvas centre      : u=255.0 px  v=360.0 px
      Offset from centre : Δu=45.4 px  Δv=224.2 px

  ── [STAGE 8e] Bounds Filter ──
    Total projected points : 9,837
    Inside canvas bounds   : 9,837  (100.0%)
    Duplicate pixel hits    : 0
  [INFO] Density non-zero pixels: 9,837
  [INFO] Density peak count     : 1
  [INFO] Raw mask white pixels before morphology: 9,837
  [INFO] White pixels after close: 10,819
  [INFO] Morphological open skipped for tip-loss debugging.
  [INFO] White pixels after open (skipped): 10,819

  ── [STAGE 8f] Final Mask Stats ──
    Bounding box : 124W x 125H px
    Mask centroid: (303.0, 583.5) px
    White pixels : 10,819
  masking.py run ended: 2026-06-13 19:52:37.594826
