
================================================================================
  masking.py run started: 2026-06-13 19:54:37.085292
================================================================================

━━━ [STAGE 1] Loading Point Cloud Array
  [INFO] Total raw points loaded: 364,086

━━━ [STAGE 2] Statistical Outlier Demolition
  [INFO] Points surviving outlier filter: 350,491

━━━ [STAGE 3] Live Plane Surface Isolation (RANSAC)
  [INFO] Original RANSAC: a=0.0146, b=-0.1806, c=0.9835, d=-0.4649
  [INFO] Normal vector pointing down. Flipping coefficients up toward lens.
  [INFO] Points isolated on belt plane: 340,410
  [INFO] Non-plane points going to workspace filter: 10,081

━━━ [STAGE 5] Direction-Enforced Spatial Pre-Filtering
  [INFO] Height gate window : 1.50mm to 500.00mm
  [INFO] Dist-from-plane mm : min=13.461 mean=18.237 median=18.011 max=27.863
  [INFO] Rejected by lower gate: 0 / 10,081
  [INFO] Rejected by upper gate: 0 / 10,081
  [DEBUG] Points passing directional spatial filters: 10,081

━━━ [STAGE 6] Spatial Structural Isolation Clustering (DBSCAN)
  [INFO] DBSCAN discovered 1 distinct point groups.

━━━ [STAGE 7] Multi-Gate Geometric Evaluation
  Cluster #00 -> Pts: 10081 | Dims(mm): X= 84.2, Y=114.7, Z= 29.0 | VolRatio: 0.253 | Gates: [G1-4=1 G5_Size=1 G6_3D=1] -> PASSED
  [INFO] Winning Cluster selected: ID #0 (Score=0.7758)
  [INFO] Winning cluster point count: 10,081

━━━ [STAGE 8] Projection — Sensor Space → Cropped Canvas

  ── [STAGE 8a] Coordinate System Parameters ──
    Intrinsics    : fx=750.148  fy=749.790  cx=386.179  cy=366.086
    Crop offsets  : left=0 px  top=0 px
    Depth sensor  : 510W x 720H px
    RGB canvas    : 510W x 720H px
    Scale factors : scale_x=1.000000  scale_y=1.000000

  ── [STAGE 8b] 3-D Cluster Bounding Box (world space) ──
    X range : -0.0439 m  →  0.0403 m  (span 84.2 mm)
    Y range : -0.2051 m  →  -0.0903 m  (span 114.7 mm)
    Z range : 0.4110 m  →  0.4400 m  (span 29.0 mm)
    Z depth : mean=0.4254 m  std=0.0064 m  min=0.4110 m  max=0.4400 m

  ── [STAGE 8c] Projection Steps ──
    [Step 1] Full-sensor pixel coords (before crop subtraction):
      u_sensor  min=311.0  max=458.0  mean=385.4
      v_sensor  min=0.0  max=210.0  mean=89.2
    [OK] Sensor-space OOB: u=0.0%  v=0.0%
    [Step 2] After crop subtraction (crop_left=0, crop_top=0):
      u_cropped min=311.0  max=458.0  mean=385.4
      v_cropped min=0.0  max=210.0  mean=89.2
    [Step 2 Check] Cropped coords outside canvas: u<0=0.0%  u>W=0.0%  v<0=0.0%  v>H=0.0%
    [Step 3] After scale to canvas (scale_x=1.0000, scale_y=1.0000):
      u  min=311  max=458  mean=385.4
      v  min=0  max=210  mean=89.2
      Canvas target size : 510W x 720H px

  ── [STAGE 8d] Expected mask centroid on canvas ──
      Projected centroid : u=385.4 px  v=89.2 px
      Canvas centre      : u=255.0 px  v=360.0 px
      Offset from centre : Δu=130.4 px  Δv=-270.8 px

  ── [STAGE 8e] Bounds Filter ──
    Total projected points : 10,081
    Inside canvas bounds   : 10,081  (100.0%)
    Duplicate pixel hits    : 0
  [INFO] Density non-zero pixels: 10,081
  [INFO] Density peak count     : 1
  [INFO] Raw mask white pixels before morphology: 10,081
  [INFO] White pixels after close: 10,971
  [INFO] Morphological open skipped for tip-loss debugging.
  [INFO] White pixels after open (skipped): 10,971

  ── [STAGE 8f] Final Mask Stats ──
    Bounding box : 147W x 210H px
    Mask centroid: (384.5, 105.0) px
    White pixels : 10,971
  masking.py run ended: 2026-06-13 19:54:39.016288
