
================================================================================
  masking.py run started: 2026-06-13 19:46:01.298170
================================================================================

━━━ [STAGE 1] Loading Point Cloud Array
  [INFO] Total raw points loaded: 365,922

━━━ [STAGE 2] Statistical Outlier Demolition
  [INFO] Points surviving outlier filter: 354,393

━━━ [STAGE 3] Live Plane Surface Isolation (RANSAC)
  [INFO] Original RANSAC: a=0.0143, b=-0.0355, c=0.9993, d=-0.4796
  [INFO] Normal vector pointing down. Flipping coefficients up toward lens.
  [INFO] Points isolated on belt plane: 333,778
  [INFO] Non-plane points going to workspace filter: 20,615

━━━ [STAGE 5] Direction-Enforced Spatial Pre-Filtering
  [INFO] Height gate window : 1.50mm to 500.00mm
  [INFO] Dist-from-plane mm : min=11.489 mean=54.076 median=51.635 max=95.461
  [INFO] Rejected by lower gate: 0 / 20,615
  [INFO] Rejected by upper gate: 0 / 20,615
  [DEBUG] Points passing directional spatial filters: 20,615

━━━ [STAGE 6] Spatial Structural Isolation Clustering (DBSCAN)
  [INFO] DBSCAN discovered 5 distinct point groups.

━━━ [STAGE 7] Multi-Gate Geometric Evaluation
  Cluster #00 -> Pts: 20279 | Dims(mm): X=178.8, Y=146.3, Z= 86.0 | VolRatio: 0.481 | Gates: [G1-4=1 G5_Size=1 G6_3D=1] -> PASSED
  Cluster #01 -> Pts: 303   | Dims(mm): X= 14.2, Y= 75.3, Z= 22.0 | VolRatio: 0.188 | Gates: [G1-4=1 G5_Size=0 G6_3D=1] -> REJECTED
  Cluster #02 -> Pts: 8     | Dims(mm): X=  1.2, Y=  1.3, Z=  1.0 | VolRatio: 0.749 | Gates: [G1-4=0 G5_Size=0 G6_3D=1] -> REJECTED
  Cluster #03 -> Pts: 9     | Dims(mm): X=  0.6, Y=  2.5, Z=  0.0 | VolRatio: 0.000 | Gates: [G1-4=0 G5_Size=0 G6_3D=0] -> REJECTED
  Cluster #04 -> Pts: 13    | Dims(mm): X=  1.2, Y=  1.6, Z=  2.0 | VolRatio: 0.585 | Gates: [G1-4=0 G5_Size=0 G6_3D=1] -> REJECTED
  [INFO] Winning Cluster selected: ID #0 (Score=0.8443)
  [INFO] Winning cluster point count: 20,279

━━━ [STAGE 8] Projection — Sensor Space → Cropped Canvas

  ── [STAGE 8a] Coordinate System Parameters ──
    Intrinsics    : fx=750.148  fy=749.790  cx=386.179  cy=366.086
    Crop offsets  : left=0 px  top=0 px
    Depth sensor  : 510W x 720H px
    RGB canvas    : 510W x 720H px
    Scale factors : scale_x=1.000000  scale_y=1.000000

  ── [STAGE 8b] 3-D Cluster Bounding Box (world space) ──
    X range : -0.1599 m  →  0.0189 m  (span 178.8 mm)
    Y range : -0.2060 m  →  -0.0597 m  (span 146.3 mm)
    Z range : 0.3800 m  →  0.4660 m  (span 86.0 mm)
    Z depth : mean=0.4215 m  std=0.0191 m  min=0.3800 m  max=0.4660 m

  ── [STAGE 8c] Projection Steps ──
    [Step 1] Full-sensor pixel coords (before crop subtraction):
      u_sensor  min=95.0  max=418.0  mean=256.3
      v_sensor  min=-0.0  max=267.0  mean=127.5
    [OK] Sensor-space OOB: u=0.0%  v=0.1%
    [Step 2] After crop subtraction (crop_left=0, crop_top=0):
      u_cropped min=95.0  max=418.0  mean=256.3
      v_cropped min=-0.0  max=267.0  mean=127.5
    [Step 2 Check] Cropped coords outside canvas: u<0=0.0%  u>W=0.0%  v<0=0.1%  v>H=0.0%
    [Step 3] After scale to canvas (scale_x=1.0000, scale_y=1.0000):
      u  min=95  max=418  mean=256.3
      v  min=0  max=267  mean=127.5
      Canvas target size : 510W x 720H px

  ── [STAGE 8d] Expected mask centroid on canvas ──
      Projected centroid : u=256.3 px  v=127.5 px
      Canvas centre      : u=255.0 px  v=360.0 px
      Offset from centre : Δu=1.3 px  Δv=-232.5 px

  ── [STAGE 8e] Bounds Filter ──
    Total projected points : 20,279
    Inside canvas bounds   : 20,279  (100.0%)
    Duplicate pixel hits    : 0
  [INFO] Density non-zero pixels: 20,279
  [INFO] Density peak count     : 1
  [INFO] Raw mask white pixels before morphology: 20,279
  [INFO] White pixels after close: 23,612
  [INFO] Morphological open skipped for tip-loss debugging.
  [INFO] White pixels after open (skipped): 23,612

  ── [STAGE 8f] Final Mask Stats ──
    Bounding box : 323W x 267H px
    Mask centroid: (256.5, 133.5) px
    White pixels : 23,612
  masking.py run ended: 2026-06-13 19:46:03.918905
