
================================================================================
  masking.py run started: 2026-06-13 19:54:25.639030
================================================================================

━━━ [STAGE 1] Loading Point Cloud Array
  [INFO] Total raw points loaded: 364,023

━━━ [STAGE 2] Statistical Outlier Demolition
  [INFO] Points surviving outlier filter: 352,024

━━━ [STAGE 3] Live Plane Surface Isolation (RANSAC)
  [INFO] Original RANSAC: a=0.0163, b=-0.1803, c=0.9835, d=-0.4647
  [INFO] Normal vector pointing down. Flipping coefficients up toward lens.
  [INFO] Points isolated on belt plane: 331,419
  [INFO] Non-plane points going to workspace filter: 20,605

━━━ [STAGE 5] Direction-Enforced Spatial Pre-Filtering
  [INFO] Height gate window : 1.50mm to 500.00mm
  [INFO] Dist-from-plane mm : min=-18.738 mean=22.042 median=22.347 max=35.663
  [INFO] Rejected by lower gate: 62 / 20,605
  [INFO] Rejected by upper gate: 0 / 20,605
  [DEBUG] Points passing directional spatial filters: 20,543

━━━ [STAGE 6] Spatial Structural Isolation Clustering (DBSCAN)
  [INFO] DBSCAN discovered 1 distinct point groups.

━━━ [STAGE 7] Multi-Gate Geometric Evaluation
  Cluster #00 -> Pts: 20543 | Dims(mm): X= 81.6, Y=195.8, Z= 44.0 | VolRatio: 0.225 | Gates: [G1-4=1 G5_Size=1 G6_3D=1] -> PASSED
  [INFO] Winning Cluster selected: ID #0 (Score=0.7674)
  [INFO] Winning cluster point count: 20,543

━━━ [STAGE 8] Projection — Sensor Space → Cropped Canvas

  ── [STAGE 8a] Coordinate System Parameters ──
    Intrinsics    : fx=750.148  fy=749.790  cx=386.179  cy=366.086
    Crop offsets  : left=0 px  top=0 px
    Depth sensor  : 510W x 720H px
    RGB canvas    : 510W x 720H px
    Scale factors : scale_x=1.000000  scale_y=1.000000

  ── [STAGE 8b] 3-D Cluster Bounding Box (world space) ──
    X range : -0.0891 m  →  -0.0075 m  (span 81.6 mm)
    Y range : -0.1682 m  →  0.0276 m  (span 195.8 mm)
    Z range : 0.4180 m  →  0.4620 m  (span 44.0 mm)
    Z depth : mean=0.4374 m  std=0.0109 m  min=0.4180 m  max=0.4620 m

  ── [STAGE 8c] Projection Steps ──
    [Step 1] Full-sensor pixel coords (before crop subtraction):
      u_sensor  min=239.0  max=373.0  mean=309.9
      v_sensor  min=70.0  max=411.0  mean=239.0
    [OK] Sensor-space OOB: u=0.0%  v=0.0%
    [Step 2] After crop subtraction (crop_left=0, crop_top=0):
      u_cropped min=239.0  max=373.0  mean=309.9
      v_cropped min=70.0  max=411.0  mean=239.0
    [Step 2 Check] Cropped coords outside canvas: u<0=0.0%  u>W=0.0%  v<0=0.0%  v>H=0.0%
    [Step 3] After scale to canvas (scale_x=1.0000, scale_y=1.0000):
      u  min=239  max=373  mean=309.9
      v  min=70  max=411  mean=239.0
      Canvas target size : 510W x 720H px

  ── [STAGE 8d] Expected mask centroid on canvas ──
      Projected centroid : u=309.9 px  v=239.0 px
      Canvas centre      : u=255.0 px  v=360.0 px
      Offset from centre : Δu=54.9 px  Δv=-121.0 px

  ── [STAGE 8e] Bounds Filter ──
    Total projected points : 20,543
    Inside canvas bounds   : 20,543  (100.0%)
    Duplicate pixel hits    : 0
  [INFO] Density non-zero pixels: 20,543
  [INFO] Density peak count     : 1
  [INFO] Raw mask white pixels before morphology: 20,543
  [INFO] White pixels after close: 21,100
  [INFO] Morphological open skipped for tip-loss debugging.
  [INFO] White pixels after open (skipped): 21,100

  ── [STAGE 8f] Final Mask Stats ──
    Bounding box : 134W x 341H px
    Mask centroid: (306.0, 240.5) px
    White pixels : 21,100
  masking.py run ended: 2026-06-13 19:54:28.326471
