
================================================================================
  masking.py run started: 2026-06-13 19:53:32.908664
================================================================================

━━━ [STAGE 1] Loading Point Cloud Array
  [INFO] Total raw points loaded: 365,005

━━━ [STAGE 2] Statistical Outlier Demolition
  [INFO] Points surviving outlier filter: 356,931

━━━ [STAGE 3] Live Plane Surface Isolation (RANSAC)
  [INFO] Original RANSAC: a=0.0143, b=-0.1390, c=0.9902, d=-0.4692
  [INFO] Normal vector pointing down. Flipping coefficients up toward lens.
  [INFO] Points isolated on belt plane: 349,062
  [INFO] Non-plane points going to workspace filter: 7,869

━━━ [STAGE 5] Direction-Enforced Spatial Pre-Filtering
  [INFO] Height gate window : 1.50mm to 500.00mm
  [INFO] Dist-from-plane mm : min=13.344 mean=34.346 median=30.852 max=63.381
  [INFO] Rejected by lower gate: 0 / 7,869
  [INFO] Rejected by upper gate: 0 / 7,869
  [DEBUG] Points passing directional spatial filters: 7,869

━━━ [STAGE 6] Spatial Structural Isolation Clustering (DBSCAN)
  [INFO] DBSCAN discovered 1 distinct point groups.

━━━ [STAGE 7] Multi-Gate Geometric Evaluation
  Cluster #00 -> Pts: 7869  | Dims(mm): X= 75.1, Y= 73.7, Z= 53.0 | VolRatio: 0.706 | Gates: [G1-4=1 G5_Size=1 G6_3D=1] -> PASSED
  [INFO] Winning Cluster selected: ID #0 (Score=0.8051)
  [INFO] Winning cluster point count: 7,869

━━━ [STAGE 8] Projection — Sensor Space → Cropped Canvas

  ── [STAGE 8a] Coordinate System Parameters ──
    Intrinsics    : fx=750.148  fy=749.790  cx=386.179  cy=366.086
    Crop offsets  : left=0 px  top=0 px
    Depth sensor  : 510W x 720H px
    RGB canvas    : 510W x 720H px
    Scale factors : scale_x=1.000000  scale_y=1.000000

  ── [STAGE 8b] 3-D Cluster Bounding Box (world space) ──
    X range : -0.1047 m  →  -0.0296 m  (span 75.1 mm)
    Y range : 0.0409 m  →  0.1147 m  (span 73.7 mm)
    Z range : 0.4210 m  →  0.4740 m  (span 53.0 mm)
    Z depth : mean=0.4512 m  std=0.0176 m  min=0.4210 m  max=0.4740 m

  ── [STAGE 8c] Projection Steps ──
    [Step 1] Full-sensor pixel coords (before crop subtraction):
      u_sensor  min=204.0  max=339.0  mean=266.9
      v_sensor  min=436.0  max=551.0  mean=496.0
    [OK] Sensor-space OOB: u=0.0%  v=0.0%
    [Step 2] After crop subtraction (crop_left=0, crop_top=0):
      u_cropped min=204.0  max=339.0  mean=266.9
      v_cropped min=436.0  max=551.0  mean=496.0
    [Step 2 Check] Cropped coords outside canvas: u<0=0.0%  u>W=0.0%  v<0=0.0%  v>H=0.0%
    [Step 3] After scale to canvas (scale_x=1.0000, scale_y=1.0000):
      u  min=204  max=339  mean=266.9
      v  min=436  max=551  mean=496.0
      Canvas target size : 510W x 720H px

  ── [STAGE 8d] Expected mask centroid on canvas ──
      Projected centroid : u=266.9 px  v=496.0 px
      Canvas centre      : u=255.0 px  v=360.0 px
      Offset from centre : Δu=11.9 px  Δv=136.0 px

  ── [STAGE 8e] Bounds Filter ──
    Total projected points : 7,869
    Inside canvas bounds   : 7,869  (100.0%)
    Duplicate pixel hits    : 0
  [INFO] Density non-zero pixels: 7,869
  [INFO] Density peak count     : 1
  [INFO] Raw mask white pixels before morphology: 7,869
  [INFO] White pixels after close: 9,725
  [INFO] Morphological open skipped for tip-loss debugging.
  [INFO] White pixels after open (skipped): 9,725

  ── [STAGE 8f] Final Mask Stats ──
    Bounding box : 135W x 115H px
    Mask centroid: (271.5, 493.5) px
    White pixels : 9,725
  masking.py run ended: 2026-06-13 19:53:34.248604
