
================================================================================
  masking.py run started: 2026-06-13 19:52:59.713901
================================================================================

━━━ [STAGE 1] Loading Point Cloud Array
  [INFO] Total raw points loaded: 365,572

━━━ [STAGE 2] Statistical Outlier Demolition
  [INFO] Points surviving outlier filter: 356,162

━━━ [STAGE 3] Live Plane Surface Isolation (RANSAC)
  [INFO] Original RANSAC: a=0.0150, b=-0.1113, c=0.9937, d=-0.4723
  [INFO] Normal vector pointing down. Flipping coefficients up toward lens.
  [INFO] Points isolated on belt plane: 335,675
  [INFO] Non-plane points going to workspace filter: 20,487

━━━ [STAGE 5] Direction-Enforced Spatial Pre-Filtering
  [INFO] Height gate window : 1.50mm to 500.00mm
  [INFO] Dist-from-plane mm : min=13.918 mean=36.512 median=37.089 max=69.204
  [INFO] Rejected by lower gate: 0 / 20,487
  [INFO] Rejected by upper gate: 0 / 20,487
  [DEBUG] Points passing directional spatial filters: 20,487

━━━ [STAGE 6] Spatial Structural Isolation Clustering (DBSCAN)
  [INFO] DBSCAN discovered 1 distinct point groups.

━━━ [STAGE 7] Multi-Gate Geometric Evaluation
  Cluster #00 -> Pts: 20487 | Dims(mm): X=130.9, Y=100.3, Z= 61.0 | VolRatio: 0.466 | Gates: [G1-4=1 G5_Size=1 G6_3D=1] -> PASSED
  [INFO] Winning Cluster selected: ID #0 (Score=0.8398)
  [INFO] Winning cluster point count: 20,487

━━━ [STAGE 8] Projection — Sensor Space → Cropped Canvas

  ── [STAGE 8a] Coordinate System Parameters ──
    Intrinsics    : fx=750.148  fy=749.790  cx=386.179  cy=366.086
    Crop offsets  : left=0 px  top=0 px
    Depth sensor  : 510W x 720H px
    RGB canvas    : 510W x 720H px
    Scale factors : scale_x=1.000000  scale_y=1.000000

  ── [STAGE 8b] 3-D Cluster Bounding Box (world space) ──
    X range : -0.0771 m  →  0.0537 m  (span 130.9 mm)
    Y range : -0.1362 m  →  -0.0359 m  (span 100.3 mm)
    Z range : 0.3950 m  →  0.4560 m  (span 61.0 mm)
    Z depth : mean=0.4302 m  std=0.0136 m  min=0.3950 m  max=0.4560 m

  ── [STAGE 8c] Projection Steps ──
    [Step 1] Full-sensor pixel coords (before crop subtraction):
      u_sensor  min=251.0  max=478.0  mean=373.8
      v_sensor  min=133.0  max=307.0  mean=232.8
    [OK] Sensor-space OOB: u=0.0%  v=0.0%
    [Step 2] After crop subtraction (crop_left=0, crop_top=0):
      u_cropped min=251.0  max=478.0  mean=373.8
      v_cropped min=133.0  max=307.0  mean=232.8
    [Step 2 Check] Cropped coords outside canvas: u<0=0.0%  u>W=0.0%  v<0=0.0%  v>H=0.0%
    [Step 3] After scale to canvas (scale_x=1.0000, scale_y=1.0000):
      u  min=251  max=478  mean=373.8
      v  min=133  max=307  mean=232.8
      Canvas target size : 510W x 720H px

  ── [STAGE 8d] Expected mask centroid on canvas ──
      Projected centroid : u=373.8 px  v=232.8 px
      Canvas centre      : u=255.0 px  v=360.0 px
      Offset from centre : Δu=118.8 px  Δv=-127.2 px

  ── [STAGE 8e] Bounds Filter ──
    Total projected points : 20,487
    Inside canvas bounds   : 20,487  (100.0%)
    Duplicate pixel hits    : 0
  [INFO] Density non-zero pixels: 20,487
  [INFO] Density peak count     : 1
  [INFO] Raw mask white pixels before morphology: 20,487
  [INFO] White pixels after close: 22,849
  [INFO] Morphological open skipped for tip-loss debugging.
  [INFO] White pixels after open (skipped): 22,849

  ── [STAGE 8f] Final Mask Stats ──
    Bounding box : 227W x 174H px
    Mask centroid: (364.5, 220.0) px
    White pixels : 22,849
  masking.py run ended: 2026-06-13 19:53:02.261911
