
================================================================================
  masking.py run started: 2026-06-13 19:49:59.523114
================================================================================

━━━ [STAGE 1] Loading Point Cloud Array
  [INFO] Total raw points loaded: 366,412

━━━ [STAGE 2] Statistical Outlier Demolition
  [INFO] Points surviving outlier filter: 355,167

━━━ [STAGE 3] Live Plane Surface Isolation (RANSAC)
  [INFO] Original RANSAC: a=0.0140, b=-0.0502, c=0.9986, d=-0.4786
  [INFO] Normal vector pointing down. Flipping coefficients up toward lens.
  [INFO] Points isolated on belt plane: 342,729
  [INFO] Non-plane points going to workspace filter: 12,438

━━━ [STAGE 5] Direction-Enforced Spatial Pre-Filtering
  [INFO] Height gate window : 1.50mm to 500.00mm
  [INFO] Dist-from-plane mm : min=13.865 mean=22.404 median=21.790 max=38.018
  [INFO] Rejected by lower gate: 0 / 12,438
  [INFO] Rejected by upper gate: 0 / 12,438
  [DEBUG] Points passing directional spatial filters: 12,438

━━━ [STAGE 6] Spatial Structural Isolation Clustering (DBSCAN)
  [INFO] DBSCAN discovered 1 distinct point groups.

━━━ [STAGE 7] Multi-Gate Geometric Evaluation
  Cluster #00 -> Pts: 12438 | Dims(mm): X=143.0, Y= 88.6, Z= 26.0 | VolRatio: 0.182 | Gates: [G1-4=1 G5_Size=1 G6_3D=1] -> PASSED
  [INFO] Winning Cluster selected: ID #0 (Score=0.7546)
  [INFO] Winning cluster point count: 12,438

━━━ [STAGE 8] Projection — Sensor Space → Cropped Canvas

  ── [STAGE 8a] Coordinate System Parameters ──
    Intrinsics    : fx=750.148  fy=749.790  cx=386.179  cy=366.086
    Crop offsets  : left=0 px  top=0 px
    Depth sensor  : 510W x 720H px
    RGB canvas    : 510W x 720H px
    Scale factors : scale_x=1.000000  scale_y=1.000000

  ── [STAGE 8b] 3-D Cluster Bounding Box (world space) ──
    X range : -0.1788 m  →  -0.0358 m  (span 143.0 mm)
    Y range : -0.2197 m  →  -0.1311 m  (span 88.6 mm)
    Z range : 0.4340 m  →  0.4600 m  (span 26.0 mm)
    Z depth : mean=0.4498 m  std=0.0048 m  min=0.4340 m  max=0.4600 m

  ── [STAGE 8c] Projection Steps ──
    [Step 1] Full-sensor pixel coords (before crop subtraction):
      u_sensor  min=94.0  max=327.0  mean=180.1
      v_sensor  min=0.0  max=150.0  mean=75.0
    [OK] Sensor-space OOB: u=0.0%  v=0.0%
    [Step 2] After crop subtraction (crop_left=0, crop_top=0):
      u_cropped min=94.0  max=327.0  mean=180.1
      v_cropped min=0.0  max=150.0  mean=75.0
    [Step 2 Check] Cropped coords outside canvas: u<0=0.0%  u>W=0.0%  v<0=0.0%  v>H=0.0%
    [Step 3] After scale to canvas (scale_x=1.0000, scale_y=1.0000):
      u  min=94  max=327  mean=180.1
      v  min=0  max=150  mean=75.0
      Canvas target size : 510W x 720H px

  ── [STAGE 8d] Expected mask centroid on canvas ──
      Projected centroid : u=180.1 px  v=75.0 px
      Canvas centre      : u=255.0 px  v=360.0 px
      Offset from centre : Δu=-74.9 px  Δv=-285.0 px

  ── [STAGE 8e] Bounds Filter ──
    Total projected points : 12,438
    Inside canvas bounds   : 12,438  (100.0%)
    Duplicate pixel hits    : 0
  [INFO] Density non-zero pixels: 12,438
  [INFO] Density peak count     : 1
  [INFO] Raw mask white pixels before morphology: 12,438
  [INFO] White pixels after close: 13,374
  [INFO] Morphological open skipped for tip-loss debugging.
  [INFO] White pixels after open (skipped): 13,374

  ── [STAGE 8f] Final Mask Stats ──
    Bounding box : 233W x 150H px
    Mask centroid: (210.5, 75.0) px
    White pixels : 13,374
  masking.py run ended: 2026-06-13 19:50:01.847605
