
================================================================================
  masking.py run started: 2026-06-13 20:02:03.466389
================================================================================

━━━ [STAGE 1] Loading Point Cloud Array
  [INFO] Total raw points loaded: 366,138

━━━ [STAGE 2] Statistical Outlier Demolition
  [INFO] Points surviving outlier filter: 354,840

━━━ [STAGE 3] Live Plane Surface Isolation (RANSAC)
  [INFO] Original RANSAC: a=0.0133, b=-0.0743, c=0.9971, d=-0.4768
  [INFO] Normal vector pointing down. Flipping coefficients up toward lens.
  [INFO] Points isolated on belt plane: 346,095
  [INFO] Non-plane points going to workspace filter: 8,745

━━━ [STAGE 5] Direction-Enforced Spatial Pre-Filtering
  [INFO] Height gate window : 1.50mm to 500.00mm
  [INFO] Dist-from-plane mm : min=12.576 mean=29.839 median=24.999 max=58.331
  [INFO] Rejected by lower gate: 0 / 8,745
  [INFO] Rejected by upper gate: 0 / 8,745
  [DEBUG] Points passing directional spatial filters: 8,745

━━━ [STAGE 6] Spatial Structural Isolation Clustering (DBSCAN)
  [INFO] DBSCAN discovered 1 distinct point groups.

━━━ [STAGE 7] Multi-Gate Geometric Evaluation
  Cluster #00 -> Pts: 8745  | Dims(mm): X= 80.8, Y=103.6, Z= 48.0 | VolRatio: 0.463 | Gates: [G1-4=1 G5_Size=1 G6_3D=1] -> PASSED
  [INFO] Winning Cluster selected: ID #0 (Score=0.7762)
  [INFO] Winning cluster point count: 8,745

━━━ [STAGE 8] Projection — Sensor Space → Cropped Canvas

  ── [STAGE 8a] Coordinate System Parameters ──
    Intrinsics    : fx=750.148  fy=749.790  cx=386.179  cy=366.086
    Crop offsets  : left=0 px  top=0 px
    Depth sensor  : 510W x 720H px
    RGB canvas    : 510W x 720H px
    Scale factors : scale_x=1.000000  scale_y=1.000000

  ── [STAGE 8b] 3-D Cluster Bounding Box (world space) ──
    X range : -0.0939 m  →  -0.0131 m  (span 80.8 mm)
    Y range : -0.0561 m  →  0.0475 m  (span 103.6 mm)
    Z range : 0.4210 m  →  0.4690 m  (span 48.0 mm)
    Z depth : mean=0.4486 m  std=0.0122 m  min=0.4210 m  max=0.4690 m

  ── [STAGE 8c] Projection Steps ──
    [Step 1] Full-sensor pixel coords (before crop subtraction):
      u_sensor  min=235.0  max=365.0  mean=313.5
      v_sensor  min=275.0  max=442.0  mean=360.3
    [OK] Sensor-space OOB: u=0.0%  v=0.0%
    [Step 2] After crop subtraction (crop_left=0, crop_top=0):
      u_cropped min=235.0  max=365.0  mean=313.5
      v_cropped min=275.0  max=442.0  mean=360.3
    [Step 2 Check] Cropped coords outside canvas: u<0=0.0%  u>W=0.0%  v<0=0.0%  v>H=0.0%
    [Step 3] After scale to canvas (scale_x=1.0000, scale_y=1.0000):
      u  min=235  max=365  mean=313.5
      v  min=275  max=442  mean=360.3
      Canvas target size : 510W x 720H px

  ── [STAGE 8d] Expected mask centroid on canvas ──
      Projected centroid : u=313.5 px  v=360.3 px
      Canvas centre      : u=255.0 px  v=360.0 px
      Offset from centre : Δu=58.5 px  Δv=0.3 px

  ── [STAGE 8e] Bounds Filter ──
    Total projected points : 8,745
    Inside canvas bounds   : 8,745  (100.0%)
    Duplicate pixel hits    : 0
  [INFO] Density non-zero pixels: 8,745
  [INFO] Density peak count     : 1
  [INFO] Raw mask white pixels before morphology: 8,745
  [INFO] White pixels after close: 10,928
  [INFO] Morphological open skipped for tip-loss debugging.
  [INFO] White pixels after open (skipped): 10,928

  ── [STAGE 8f] Final Mask Stats ──
    Bounding box : 130W x 167H px
    Mask centroid: (300.0, 358.5) px
    White pixels : 10,928
  masking.py run ended: 2026-06-13 20:02:05.146383
