
================================================================================
  masking.py run started: 2026-06-13 19:52:06.934294
================================================================================

━━━ [STAGE 1] Loading Point Cloud Array
  [INFO] Total raw points loaded: 365,979

━━━ [STAGE 2] Statistical Outlier Demolition
  [INFO] Points surviving outlier filter: 354,712

━━━ [STAGE 3] Live Plane Surface Isolation (RANSAC)
  [INFO] Original RANSAC: a=0.0158, b=-0.0830, c=0.9964, d=-0.4746
  [INFO] Normal vector pointing down. Flipping coefficients up toward lens.
  [INFO] Points isolated on belt plane: 331,336
  [INFO] Non-plane points going to workspace filter: 23,376

━━━ [STAGE 5] Direction-Enforced Spatial Pre-Filtering
  [INFO] Height gate window : 1.50mm to 500.00mm
  [INFO] Dist-from-plane mm : min=7.303 mean=28.306 median=29.243 max=53.455
  [INFO] Rejected by lower gate: 0 / 23,376
  [INFO] Rejected by upper gate: 0 / 23,376
  [DEBUG] Points passing directional spatial filters: 23,376

━━━ [STAGE 6] Spatial Structural Isolation Clustering (DBSCAN)
  [INFO] DBSCAN discovered 1 distinct point groups.

━━━ [STAGE 7] Multi-Gate Geometric Evaluation
  Cluster #00 -> Pts: 23372 | Dims(mm): X= 91.4, Y=204.8, Z= 56.0 | VolRatio: 0.273 | Gates: [G1-4=1 G5_Size=1 G6_3D=1] -> PASSED
  [INFO] Winning Cluster selected: ID #0 (Score=0.7820)
  [INFO] Winning cluster point count: 23,372

━━━ [STAGE 8] Projection — Sensor Space → Cropped Canvas

  ── [STAGE 8a] Coordinate System Parameters ──
    Intrinsics    : fx=750.148  fy=749.790  cx=386.179  cy=366.086
    Crop offsets  : left=0 px  top=0 px
    Depth sensor  : 510W x 720H px
    RGB canvas    : 510W x 720H px
    Scale factors : scale_x=1.000000  scale_y=1.000000

  ── [STAGE 8b] 3-D Cluster Bounding Box (world space) ──
    X range : -0.0417 m  →  0.0497 m  (span 91.4 mm)
    Y range : -0.0731 m  →  0.1317 m  (span 204.8 mm)
    Z range : 0.4190 m  →  0.4750 m  (span 56.0 mm)
    Z depth : mean=0.4511 m  std=0.0060 m  min=0.4190 m  max=0.4750 m

  ── [STAGE 8c] Projection Steps ──
    [Step 1] Full-sensor pixel coords (before crop subtraction):
      u_sensor  min=318.0  max=470.0  mean=383.8
      v_sensor  min=244.0  max=576.0  mean=428.1
    [OK] Sensor-space OOB: u=0.0%  v=0.0%
    [Step 2] After crop subtraction (crop_left=0, crop_top=0):
      u_cropped min=318.0  max=470.0  mean=383.8
      v_cropped min=244.0  max=576.0  mean=428.1
    [Step 2 Check] Cropped coords outside canvas: u<0=0.0%  u>W=0.0%  v<0=0.0%  v>H=0.0%
    [Step 3] After scale to canvas (scale_x=1.0000, scale_y=1.0000):
      u  min=318  max=470  mean=383.8
      v  min=244  max=576  mean=428.1
      Canvas target size : 510W x 720H px

  ── [STAGE 8d] Expected mask centroid on canvas ──
      Projected centroid : u=383.8 px  v=428.1 px
      Canvas centre      : u=255.0 px  v=360.0 px
      Offset from centre : Δu=128.8 px  Δv=68.1 px

  ── [STAGE 8e] Bounds Filter ──
    Total projected points : 23,372
    Inside canvas bounds   : 23,372  (100.0%)
    Duplicate pixel hits    : 0
  [INFO] Density non-zero pixels: 23,372
  [INFO] Density peak count     : 1
  [INFO] Raw mask white pixels before morphology: 23,372
  [INFO] White pixels after close: 25,200
  [INFO] Morphological open skipped for tip-loss debugging.
  [INFO] White pixels after open (skipped): 25,200

  ── [STAGE 8f] Final Mask Stats ──
    Bounding box : 152W x 332H px
    Mask centroid: (394.0, 410.0) px
    White pixels : 25,200
  masking.py run ended: 2026-06-13 19:52:09.712123
