
================================================================================
  masking.py run started: 2026-06-13 20:01:00.211201
================================================================================

━━━ [STAGE 1] Loading Point Cloud Array
  [INFO] Total raw points loaded: 366,289

━━━ [STAGE 2] Statistical Outlier Demolition
  [INFO] Points surviving outlier filter: 355,292

━━━ [STAGE 3] Live Plane Surface Isolation (RANSAC)
  [INFO] Original RANSAC: a=0.0155, b=-0.0512, c=0.9986, d=-0.4784
  [INFO] Normal vector pointing down. Flipping coefficients up toward lens.
  [INFO] Points isolated on belt plane: 317,038
  [INFO] Non-plane points going to workspace filter: 38,254

━━━ [STAGE 5] Direction-Enforced Spatial Pre-Filtering
  [INFO] Height gate window : 1.50mm to 500.00mm
  [INFO] Dist-from-plane mm : min=10.867 mean=61.231 median=63.854 max=82.519
  [INFO] Rejected by lower gate: 0 / 38,254
  [INFO] Rejected by upper gate: 0 / 38,254
  [DEBUG] Points passing directional spatial filters: 38,254

━━━ [STAGE 6] Spatial Structural Isolation Clustering (DBSCAN)
  [INFO] DBSCAN discovered 2 distinct point groups.

━━━ [STAGE 7] Multi-Gate Geometric Evaluation
  Cluster #00 -> Pts: 38221 | Dims(mm): X= 99.9, Y=259.0, Z= 69.0 | VolRatio: 0.266 | Gates: [G1-4=1 G5_Size=1 G6_3D=1] -> PASSED
  Cluster #01 -> Pts: 25    | Dims(mm): X=  2.5, Y=  3.6, Z=  2.0 | VolRatio: 0.548 | Gates: [G1-4=0 G5_Size=0 G6_3D=1] -> REJECTED
  [INFO] Winning Cluster selected: ID #0 (Score=0.7799)
  [INFO] Winning cluster point count: 38,221

━━━ [STAGE 8] Projection — Sensor Space → Cropped Canvas

  ── [STAGE 8a] Coordinate System Parameters ──
    Intrinsics    : fx=750.148  fy=749.790  cx=386.179  cy=366.086
    Crop offsets  : left=0 px  top=0 px
    Depth sensor  : 510W x 720H px
    RGB canvas    : 510W x 720H px
    Scale factors : scale_x=1.000000  scale_y=1.000000

  ── [STAGE 8b] 3-D Cluster Bounding Box (world space) ──
    X range : -0.0377 m  →  0.0622 m  (span 99.9 mm)
    Y range : -0.0899 m  →  0.1692 m  (span 259.0 mm)
    Z range : 0.4030 m  →  0.4720 m  (span 69.0 mm)
    Z depth : mean=0.4209 m  std=0.0106 m  min=0.4030 m  max=0.4720 m

  ── [STAGE 8c] Projection Steps ──
    [Step 1] Full-sensor pixel coords (before crop subtraction):
      u_sensor  min=321.0  max=491.0  mean=400.9
      v_sensor  min=213.0  max=667.0  mean=483.4
    [OK] Sensor-space OOB: u=0.0%  v=0.0%
    [Step 2] After crop subtraction (crop_left=0, crop_top=0):
      u_cropped min=321.0  max=491.0  mean=400.9
      v_cropped min=213.0  max=667.0  mean=483.4
    [Step 2 Check] Cropped coords outside canvas: u<0=0.0%  u>W=0.0%  v<0=0.0%  v>H=0.0%
    [Step 3] After scale to canvas (scale_x=1.0000, scale_y=1.0000):
      u  min=321  max=491  mean=400.9
      v  min=213  max=667  mean=483.4
      Canvas target size : 510W x 720H px

  ── [STAGE 8d] Expected mask centroid on canvas ──
      Projected centroid : u=400.9 px  v=483.4 px
      Canvas centre      : u=255.0 px  v=360.0 px
      Offset from centre : Δu=145.9 px  Δv=123.4 px

  ── [STAGE 8e] Bounds Filter ──
    Total projected points : 38,221
    Inside canvas bounds   : 38,221  (100.0%)
    Duplicate pixel hits    : 0
  [INFO] Density non-zero pixels: 38,221
  [INFO] Density peak count     : 1
  [INFO] Raw mask white pixels before morphology: 38,221
  [INFO] White pixels after close: 41,335
  [INFO] Morphological open skipped for tip-loss debugging.
  [INFO] White pixels after open (skipped): 41,335

  ── [STAGE 8f] Final Mask Stats ──
    Bounding box : 170W x 454H px
    Mask centroid: (406.0, 440.0) px
    White pixels : 41,335
  masking.py run ended: 2026-06-13 20:01:05.397103
