
================================================================================
  masking.py run started: 2026-06-13 19:49:32.704988
================================================================================

━━━ [STAGE 1] Loading Point Cloud Array
  [INFO] Total raw points loaded: 366,427

━━━ [STAGE 2] Statistical Outlier Demolition
  [INFO] Points surviving outlier filter: 355,857

━━━ [STAGE 3] Live Plane Surface Isolation (RANSAC)
  [INFO] Original RANSAC: a=0.0139, b=-0.0498, c=0.9987, d=-0.4786
  [INFO] Normal vector pointing down. Flipping coefficients up toward lens.
  [INFO] Points isolated on belt plane: 338,425
  [INFO] Non-plane points going to workspace filter: 17,432

━━━ [STAGE 5] Direction-Enforced Spatial Pre-Filtering
  [INFO] Height gate window : 1.50mm to 500.00mm
  [INFO] Dist-from-plane mm : min=13.615 mean=24.783 median=24.134 max=42.013
  [INFO] Rejected by lower gate: 0 / 17,432
  [INFO] Rejected by upper gate: 0 / 17,432
  [DEBUG] Points passing directional spatial filters: 17,432

━━━ [STAGE 6] Spatial Structural Isolation Clustering (DBSCAN)
  [INFO] DBSCAN discovered 1 distinct point groups.

━━━ [STAGE 7] Multi-Gate Geometric Evaluation
  Cluster #00 -> Pts: 17432 | Dims(mm): X= 62.2, Y=177.4, Z= 32.0 | VolRatio: 0.180 | Gates: [G1-4=1 G5_Size=1 G6_3D=1] -> PASSED
  [INFO] Winning Cluster selected: ID #0 (Score=0.7541)
  [INFO] Winning cluster point count: 17,432

━━━ [STAGE 8] Projection — Sensor Space → Cropped Canvas

  ── [STAGE 8a] Coordinate System Parameters ──
    Intrinsics    : fx=750.148  fy=749.790  cx=386.179  cy=366.086
    Crop offsets  : left=0 px  top=0 px
    Depth sensor  : 510W x 720H px
    RGB canvas    : 510W x 720H px
    Scale factors : scale_x=1.000000  scale_y=1.000000

  ── [STAGE 8b] 3-D Cluster Bounding Box (world space) ──
    X range : -0.1247 m  →  -0.0625 m  (span 62.2 mm)
    Y range : -0.2059 m  →  -0.0284 m  (span 177.4 mm)
    Z range : 0.4300 m  →  0.4620 m  (span 32.0 mm)
    Z depth : mean=0.4495 m  std=0.0079 m  min=0.4300 m  max=0.4620 m

  ── [STAGE 8c] Projection Steps ──
    [Step 1] Full-sensor pixel coords (before crop subtraction):
      u_sensor  min=174.0  max=283.0  mean=228.1
      v_sensor  min=16.0  max=319.0  mean=156.4
    [OK] Sensor-space OOB: u=0.0%  v=0.0%
    [Step 2] After crop subtraction (crop_left=0, crop_top=0):
      u_cropped min=174.0  max=283.0  mean=228.1
      v_cropped min=16.0  max=319.0  mean=156.4
    [Step 2 Check] Cropped coords outside canvas: u<0=0.0%  u>W=0.0%  v<0=0.0%  v>H=0.0%
    [Step 3] After scale to canvas (scale_x=1.0000, scale_y=1.0000):
      u  min=174  max=283  mean=228.1
      v  min=16  max=319  mean=156.4
      Canvas target size : 510W x 720H px

  ── [STAGE 8d] Expected mask centroid on canvas ──
      Projected centroid : u=228.1 px  v=156.4 px
      Canvas centre      : u=255.0 px  v=360.0 px
      Offset from centre : Δu=-26.9 px  Δv=-203.6 px

  ── [STAGE 8e] Bounds Filter ──
    Total projected points : 17,432
    Inside canvas bounds   : 17,432  (100.0%)
    Duplicate pixel hits    : 0
  [INFO] Density non-zero pixels: 17,432
  [INFO] Density peak count     : 1
  [INFO] Raw mask white pixels before morphology: 17,432
  [INFO] White pixels after close: 18,174
  [INFO] Morphological open skipped for tip-loss debugging.
  [INFO] White pixels after open (skipped): 18,174

  ── [STAGE 8f] Final Mask Stats ──
    Bounding box : 109W x 303H px
    Mask centroid: (228.5, 167.5) px
    White pixels : 18,174
  masking.py run ended: 2026-06-13 19:49:35.994986
