
================================================================================
  masking.py run started: 2026-06-13 19:53:15.237573
================================================================================

━━━ [STAGE 1] Loading Point Cloud Array
  [INFO] Total raw points loaded: 365,245

━━━ [STAGE 2] Statistical Outlier Demolition
  [INFO] Points surviving outlier filter: 356,012

━━━ [STAGE 3] Live Plane Surface Isolation (RANSAC)
  [INFO] Original RANSAC: a=0.0143, b=-0.1251, c=0.9920, d=-0.4707
  [INFO] Normal vector pointing down. Flipping coefficients up toward lens.
  [INFO] Points isolated on belt plane: 345,820
  [INFO] Non-plane points going to workspace filter: 10,192

━━━ [STAGE 5] Direction-Enforced Spatial Pre-Filtering
  [INFO] Height gate window : 1.50mm to 500.00mm
  [INFO] Dist-from-plane mm : min=11.918 mean=35.880 median=33.192 max=71.118
  [INFO] Rejected by lower gate: 0 / 10,192
  [INFO] Rejected by upper gate: 0 / 10,192
  [DEBUG] Points passing directional spatial filters: 10,192

━━━ [STAGE 6] Spatial Structural Isolation Clustering (DBSCAN)
  [INFO] DBSCAN discovered 1 distinct point groups.

━━━ [STAGE 7] Multi-Gate Geometric Evaluation
  Cluster #00 -> Pts: 10192 | Dims(mm): X=127.6, Y=122.8, Z= 65.0 | VolRatio: 0.509 | Gates: [G1-4=1 G5_Size=1 G6_3D=1] -> PASSED
  [INFO] Winning Cluster selected: ID #0 (Score=0.8528)
  [INFO] Winning cluster point count: 10,192

━━━ [STAGE 8] Projection — Sensor Space → Cropped Canvas

  ── [STAGE 8a] Coordinate System Parameters ──
    Intrinsics    : fx=750.148  fy=749.790  cx=386.179  cy=366.086
    Crop offsets  : left=0 px  top=0 px
    Depth sensor  : 510W x 720H px
    RGB canvas    : 510W x 720H px
    Scale factors : scale_x=1.000000  scale_y=1.000000

  ── [STAGE 8b] 3-D Cluster Bounding Box (world space) ──
    X range : -0.0911 m  →  0.0365 m  (span 127.6 mm)
    Y range : -0.1087 m  →  0.0142 m  (span 122.8 mm)
    Z range : 0.3990 m  →  0.4640 m  (span 65.0 mm)
    Z depth : mean=0.4323 m  std=0.0187 m  min=0.3990 m  max=0.4640 m

  ── [STAGE 8c] Projection Steps ──
    [Step 1] Full-sensor pixel coords (before crop subtraction):
      u_sensor  min=217.0  max=449.0  mean=315.5
      v_sensor  min=183.0  max=389.0  mean=275.4
    [OK] Sensor-space OOB: u=0.0%  v=0.0%
    [Step 2] After crop subtraction (crop_left=0, crop_top=0):
      u_cropped min=217.0  max=449.0  mean=315.5
      v_cropped min=183.0  max=389.0  mean=275.4
    [Step 2 Check] Cropped coords outside canvas: u<0=0.0%  u>W=0.0%  v<0=0.0%  v>H=0.0%
    [Step 3] After scale to canvas (scale_x=1.0000, scale_y=1.0000):
      u  min=217  max=449  mean=315.5
      v  min=183  max=389  mean=275.4
      Canvas target size : 510W x 720H px

  ── [STAGE 8d] Expected mask centroid on canvas ──
      Projected centroid : u=315.5 px  v=275.4 px
      Canvas centre      : u=255.0 px  v=360.0 px
      Offset from centre : Δu=60.5 px  Δv=-84.6 px

  ── [STAGE 8e] Bounds Filter ──
    Total projected points : 10,192
    Inside canvas bounds   : 10,192  (100.0%)
    Duplicate pixel hits    : 0
  [INFO] Density non-zero pixels: 10,192
  [INFO] Density peak count     : 1
  [INFO] Raw mask white pixels before morphology: 10,192
  [INFO] White pixels after close: 12,604
  [INFO] Morphological open skipped for tip-loss debugging.
  [INFO] White pixels after open (skipped): 12,604

  ── [STAGE 8f] Final Mask Stats ──
    Bounding box : 232W x 206H px
    Mask centroid: (333.0, 286.0) px
    White pixels : 12,604
  masking.py run ended: 2026-06-13 19:53:16.615484
