
================================================================================
  masking.py run started: 2026-06-13 19:53:57.767653
================================================================================

━━━ [STAGE 1] Loading Point Cloud Array
  [INFO] Total raw points loaded: 364,959

━━━ [STAGE 2] Statistical Outlier Demolition
  [INFO] Points surviving outlier filter: 354,395

━━━ [STAGE 3] Live Plane Surface Isolation (RANSAC)
  [INFO] Original RANSAC: a=0.0140, b=-0.1436, c=0.9895, d=-0.4689
  [INFO] Normal vector pointing down. Flipping coefficients up toward lens.
  [INFO] Points isolated on belt plane: 344,272
  [INFO] Non-plane points going to workspace filter: 10,123

━━━ [STAGE 5] Direction-Enforced Spatial Pre-Filtering
  [INFO] Height gate window : 1.50mm to 500.00mm
  [INFO] Dist-from-plane mm : min=12.974 mean=32.275 median=31.856 max=52.987
  [INFO] Rejected by lower gate: 0 / 10,123
  [INFO] Rejected by upper gate: 0 / 10,123
  [DEBUG] Points passing directional spatial filters: 10,123

━━━ [STAGE 6] Spatial Structural Isolation Clustering (DBSCAN)
  [INFO] DBSCAN discovered 1 distinct point groups.

━━━ [STAGE 7] Multi-Gate Geometric Evaluation
  Cluster #00 -> Pts: 10123 | Dims(mm): X= 98.7, Y= 81.8, Z= 42.0 | VolRatio: 0.426 | Gates: [G1-4=1 G5_Size=1 G6_3D=1] -> PASSED
  [INFO] Winning Cluster selected: ID #0 (Score=0.8277)
  [INFO] Winning cluster point count: 10,123

━━━ [STAGE 8] Projection — Sensor Space → Cropped Canvas

  ── [STAGE 8a] Coordinate System Parameters ──
    Intrinsics    : fx=750.148  fy=749.790  cx=386.179  cy=366.086
    Crop offsets  : left=0 px  top=0 px
    Depth sensor  : 510W x 720H px
    RGB canvas    : 510W x 720H px
    Scale factors : scale_x=1.000000  scale_y=1.000000

  ── [STAGE 8b] 3-D Cluster Bounding Box (world space) ──
    X range : -0.1108 m  →  -0.0121 m  (span 98.7 mm)
    Y range : -0.0865 m  →  -0.0047 m  (span 81.8 mm)
    Z range : 0.4180 m  →  0.4600 m  (span 42.0 mm)
    Z depth : mean=0.4357 m  std=0.0068 m  min=0.4180 m  max=0.4600 m

  ── [STAGE 8c] Projection Steps ──
    [Step 1] Full-sensor pixel coords (before crop subtraction):
      u_sensor  min=199.0  max=366.0  mean=288.3
      v_sensor  min=221.0  max=358.0  mean=290.7
    [OK] Sensor-space OOB: u=0.0%  v=0.0%
    [Step 2] After crop subtraction (crop_left=0, crop_top=0):
      u_cropped min=199.0  max=366.0  mean=288.3
      v_cropped min=221.0  max=358.0  mean=290.7
    [Step 2 Check] Cropped coords outside canvas: u<0=0.0%  u>W=0.0%  v<0=0.0%  v>H=0.0%
    [Step 3] After scale to canvas (scale_x=1.0000, scale_y=1.0000):
      u  min=199  max=366  mean=288.3
      v  min=221  max=358  mean=290.7
      Canvas target size : 510W x 720H px

  ── [STAGE 8d] Expected mask centroid on canvas ──
      Projected centroid : u=288.3 px  v=290.7 px
      Canvas centre      : u=255.0 px  v=360.0 px
      Offset from centre : Δu=33.3 px  Δv=-69.3 px

  ── [STAGE 8e] Bounds Filter ──
    Total projected points : 10,123
    Inside canvas bounds   : 10,123  (100.0%)
    Duplicate pixel hits    : 0
  [INFO] Density non-zero pixels: 10,123
  [INFO] Density peak count     : 1
  [INFO] Raw mask white pixels before morphology: 10,123
  [INFO] White pixels after close: 11,147
  [INFO] Morphological open skipped for tip-loss debugging.
  [INFO] White pixels after open (skipped): 11,147

  ── [STAGE 8f] Final Mask Stats ──
    Bounding box : 167W x 137H px
    Mask centroid: (282.5, 289.5) px
    White pixels : 11,147
  masking.py run ended: 2026-06-13 19:53:59.395480
