
================================================================================
  masking.py run started: 2026-06-13 19:46:23.011219
================================================================================

━━━ [STAGE 1] Loading Point Cloud Array
  [INFO] Total raw points loaded: 366,535

━━━ [STAGE 2] Statistical Outlier Demolition
  [INFO] Points surviving outlier filter: 357,092

━━━ [STAGE 3] Live Plane Surface Isolation (RANSAC)
  [INFO] Original RANSAC: a=0.0132, b=-0.0375, c=0.9992, d=-0.4795
  [INFO] Normal vector pointing down. Flipping coefficients up toward lens.
  [INFO] Points isolated on belt plane: 331,071
  [INFO] Non-plane points going to workspace filter: 26,021

━━━ [STAGE 5] Direction-Enforced Spatial Pre-Filtering
  [INFO] Height gate window : 1.50mm to 500.00mm
  [INFO] Dist-from-plane mm : min=12.652 mean=36.655 median=39.072 max=52.791
  [INFO] Rejected by lower gate: 0 / 26,021
  [INFO] Rejected by upper gate: 0 / 26,021
  [DEBUG] Points passing directional spatial filters: 26,021

━━━ [STAGE 6] Spatial Structural Isolation Clustering (DBSCAN)
  [INFO] DBSCAN discovered 1 distinct point groups.

━━━ [STAGE 7] Multi-Gate Geometric Evaluation
  Cluster #00 -> Pts: 26021 | Dims(mm): X=154.0, Y=191.0, Z= 42.0 | VolRatio: 0.220 | Gates: [G1-4=1 G5_Size=1 G6_3D=1] -> PASSED
  [INFO] Winning Cluster selected: ID #0 (Score=0.7660)
  [INFO] Winning cluster point count: 26,021

━━━ [STAGE 8] Projection — Sensor Space → Cropped Canvas

  ── [STAGE 8a] Coordinate System Parameters ──
    Intrinsics    : fx=750.148  fy=749.790  cx=386.179  cy=366.086
    Crop offsets  : left=0 px  top=0 px
    Depth sensor  : 510W x 720H px
    RGB canvas    : 510W x 720H px
    Scale factors : scale_x=1.000000  scale_y=1.000000

  ── [STAGE 8b] 3-D Cluster Bounding Box (world space) ──
    X range : -0.1851 m  →  -0.0311 m  (span 154.0 mm)
    Y range : -0.2103 m  →  -0.0194 m  (span 191.0 mm)
    Z range : 0.4250 m  →  0.4670 m  (span 42.0 mm)
    Z depth : mean=0.4405 m  std=0.0084 m  min=0.4250 m  max=0.4670 m

  ── [STAGE 8c] Projection Steps ──
    [Step 1] Full-sensor pixel coords (before crop subtraction):
      u_sensor  min=83.0  max=335.0  mean=215.8
      v_sensor  min=21.0  max=335.0  mean=182.1
    [OK] Sensor-space OOB: u=0.0%  v=0.0%
    [Step 2] After crop subtraction (crop_left=0, crop_top=0):
      u_cropped min=83.0  max=335.0  mean=215.8
      v_cropped min=21.0  max=335.0  mean=182.1
    [Step 2 Check] Cropped coords outside canvas: u<0=0.0%  u>W=0.0%  v<0=0.0%  v>H=0.0%
    [Step 3] After scale to canvas (scale_x=1.0000, scale_y=1.0000):
      u  min=83  max=335  mean=215.8
      v  min=21  max=335  mean=182.1
      Canvas target size : 510W x 720H px

  ── [STAGE 8d] Expected mask centroid on canvas ──
      Projected centroid : u=215.8 px  v=182.1 px
      Canvas centre      : u=255.0 px  v=360.0 px
      Offset from centre : Δu=-39.2 px  Δv=-177.9 px

  ── [STAGE 8e] Bounds Filter ──
    Total projected points : 26,021
    Inside canvas bounds   : 26,021  (100.0%)
    Duplicate pixel hits    : 0
  [INFO] Density non-zero pixels: 26,021
  [INFO] Density peak count     : 1
  [INFO] Raw mask white pixels before morphology: 26,021
  [INFO] White pixels after close: 26,931
  [INFO] Morphological open skipped for tip-loss debugging.
  [INFO] White pixels after open (skipped): 26,931

  ── [STAGE 8f] Final Mask Stats ──
    Bounding box : 252W x 314H px
    Mask centroid: (209.0, 178.0) px
    White pixels : 26,931
  masking.py run ended: 2026-06-13 19:46:27.227671
