
================================================================================
  masking.py run started: 2026-06-13 19:58:15.318295
================================================================================

━━━ [STAGE 1] Loading Point Cloud Array
  [INFO] Total raw points loaded: 363,542

━━━ [STAGE 2] Statistical Outlier Demolition
  [INFO] Points surviving outlier filter: 354,145

━━━ [STAGE 3] Live Plane Surface Isolation (RANSAC)
  [INFO] Original RANSAC: a=0.0144, b=-0.1991, c=0.9799, d=-0.4631
  [INFO] Normal vector pointing down. Flipping coefficients up toward lens.
  [INFO] Points isolated on belt plane: 312,291
  [INFO] Non-plane points going to workspace filter: 41,854

━━━ [STAGE 5] Direction-Enforced Spatial Pre-Filtering
  [INFO] Height gate window : 1.50mm to 500.00mm
  [INFO] Dist-from-plane mm : min=-19.188 mean=64.733 median=69.092 max=93.006
  [INFO] Rejected by lower gate: 769 / 41,854
  [INFO] Rejected by upper gate: 0 / 41,854
  [DEBUG] Points passing directional spatial filters: 41,085

━━━ [STAGE 6] Spatial Structural Isolation Clustering (DBSCAN)
  [INFO] DBSCAN discovered 4 distinct point groups.

━━━ [STAGE 7] Multi-Gate Geometric Evaluation
  Cluster #00 -> Pts: 60    | Dims(mm): X=  6.1, Y= 13.3, Z= 22.0 | VolRatio: 0.275 | Gates: [G1-4=0 G5_Size=0 G6_3D=1] -> REJECTED
  Cluster #01 -> Pts: 22    | Dims(mm): X=  3.0, Y=  6.5, Z= 10.0 | VolRatio: 0.298 | Gates: [G1-4=0 G5_Size=0 G6_3D=1] -> REJECTED
  Cluster #02 -> Pts: 40958 | Dims(mm): X=142.9, Y=140.1, Z= 85.0 | VolRatio: 0.595 | Gates: [G1-4=1 G5_Size=1 G6_3D=1] -> PASSED
  Cluster #03 -> Pts: 45    | Dims(mm): X=  8.3, Y=  3.7, Z=  3.0 | VolRatio: 0.361 | Gates: [G1-4=1 G5_Size=0 G6_3D=1] -> REJECTED
  [INFO] Winning Cluster selected: ID #2 (Score=0.8785)
  [INFO] Winning cluster point count: 40,958

━━━ [STAGE 8] Projection — Sensor Space → Cropped Canvas

  ── [STAGE 8a] Coordinate System Parameters ──
    Intrinsics    : fx=750.148  fy=749.790  cx=386.179  cy=366.086
    Crop offsets  : left=0 px  top=0 px
    Depth sensor  : 510W x 720H px
    RGB canvas    : 510W x 720H px
    Scale factors : scale_x=1.000000  scale_y=1.000000

  ── [STAGE 8b] 3-D Cluster Bounding Box (world space) ──
    X range : -0.2037 m  →  -0.0609 m  (span 142.9 mm)
    Y range : -0.1705 m  →  -0.0304 m  (span 140.1 mm)
    Z range : 0.3610 m  →  0.4460 m  (span 85.0 mm)
    Z depth : mean=0.3869 m  std=0.0161 m  min=0.3610 m  max=0.4460 m

  ── [STAGE 8c] Projection Steps ──
    [Step 1] Full-sensor pixel coords (before crop subtraction):
      u_sensor  min=24.0  max=280.0  mean=146.9
      v_sensor  min=45.0  max=311.0  mean=174.2
    [OK] Sensor-space OOB: u=0.0%  v=0.0%
    [Step 2] After crop subtraction (crop_left=0, crop_top=0):
      u_cropped min=24.0  max=280.0  mean=146.9
      v_cropped min=45.0  max=311.0  mean=174.2
    [Step 2 Check] Cropped coords outside canvas: u<0=0.0%  u>W=0.0%  v<0=0.0%  v>H=0.0%
    [Step 3] After scale to canvas (scale_x=1.0000, scale_y=1.0000):
      u  min=24  max=280  mean=146.9
      v  min=45  max=311  mean=174.2
      Canvas target size : 510W x 720H px

  ── [STAGE 8d] Expected mask centroid on canvas ──
      Projected centroid : u=146.9 px  v=174.2 px
      Canvas centre      : u=255.0 px  v=360.0 px
      Offset from centre : Δu=-108.1 px  Δv=-185.8 px

  ── [STAGE 8e] Bounds Filter ──
    Total projected points : 40,958
    Inside canvas bounds   : 40,958  (100.0%)
    Duplicate pixel hits    : 0
  [INFO] Density non-zero pixels: 40,958
  [INFO] Density peak count     : 1
  [INFO] Raw mask white pixels before morphology: 40,958
  [INFO] White pixels after close: 42,480
  [INFO] Morphological open skipped for tip-loss debugging.
  [INFO] White pixels after open (skipped): 42,480

  ── [STAGE 8f] Final Mask Stats ──
    Bounding box : 256W x 266H px
    Mask centroid: (152.0, 178.0) px
    White pixels : 42,480
  masking.py run ended: 2026-06-13 19:58:23.172147
