
================================================================================
  masking.py run started: 2026-06-13 19:53:20.386415
================================================================================

━━━ [STAGE 1] Loading Point Cloud Array
  [INFO] Total raw points loaded: 365,322

━━━ [STAGE 2] Statistical Outlier Demolition
  [INFO] Points surviving outlier filter: 355,423

━━━ [STAGE 3] Live Plane Surface Isolation (RANSAC)
  [INFO] Original RANSAC: a=0.0124, b=-0.1263, c=0.9919, d=-0.4709
  [INFO] Normal vector pointing down. Flipping coefficients up toward lens.
  [INFO] Points isolated on belt plane: 345,829
  [INFO] Non-plane points going to workspace filter: 9,594

━━━ [STAGE 5] Direction-Enforced Spatial Pre-Filtering
  [INFO] Height gate window : 1.50mm to 500.00mm
  [INFO] Dist-from-plane mm : min=4.195 mean=36.033 median=27.558 max=93.040
  [INFO] Rejected by lower gate: 0 / 9,594
  [INFO] Rejected by upper gate: 0 / 9,594
  [DEBUG] Points passing directional spatial filters: 9,594

━━━ [STAGE 6] Spatial Structural Isolation Clustering (DBSCAN)
  [INFO] DBSCAN discovered 3 distinct point groups.

━━━ [STAGE 7] Multi-Gate Geometric Evaluation
  Cluster #00 -> Pts: 9158  | Dims(mm): X= 70.5, Y=116.2, Z= 80.0 | VolRatio: 0.607 | Gates: [G1-4=1 G5_Size=1 G6_3D=1] -> PASSED
  Cluster #01 -> Pts: 406   | Dims(mm): X= 23.6, Y= 69.1, Z= 11.0 | VolRatio: 0.159 | Gates: [G1-4=1 G5_Size=1 G6_3D=1] -> PASSED
  Cluster #02 -> Pts: 30    | Dims(mm): X=  4.0, Y=  2.7, Z=  0.0 | VolRatio: 0.000 | Gates: [G1-4=0 G5_Size=0 G6_3D=0] -> REJECTED
  [INFO] Winning Cluster selected: ID #0 (Score=0.8400)
  [INFO] Winning cluster point count: 9,158

━━━ [STAGE 8] Projection — Sensor Space → Cropped Canvas

  ── [STAGE 8a] Coordinate System Parameters ──
    Intrinsics    : fx=750.148  fy=749.790  cx=386.179  cy=366.086
    Crop offsets  : left=0 px  top=0 px
    Depth sensor  : 510W x 720H px
    RGB canvas    : 510W x 720H px
    Scale factors : scale_x=1.000000  scale_y=1.000000

  ── [STAGE 8b] 3-D Cluster Bounding Box (world space) ──
    X range : -0.1475 m  →  -0.0769 m  (span 70.5 mm)
    Y range : -0.1895 m  →  -0.0733 m  (span 116.2 mm)
    Z range : 0.3720 m  →  0.4520 m  (span 80.0 mm)
    Z depth : mean=0.4238 m  std=0.0193 m  min=0.3720 m  max=0.4520 m

  ── [STAGE 8c] Projection Steps ──
    [Step 1] Full-sensor pixel coords (before crop subtraction):
      u_sensor  min=104.0  max=255.0  mean=189.4
      v_sensor  min=41.0  max=237.0  mean=165.9
    [OK] Sensor-space OOB: u=0.0%  v=0.0%
    [Step 2] After crop subtraction (crop_left=0, crop_top=0):
      u_cropped min=104.0  max=255.0  mean=189.4
      v_cropped min=41.0  max=237.0  mean=165.9
    [Step 2 Check] Cropped coords outside canvas: u<0=0.0%  u>W=0.0%  v<0=0.0%  v>H=0.0%
    [Step 3] After scale to canvas (scale_x=1.0000, scale_y=1.0000):
      u  min=104  max=255  mean=189.4
      v  min=41  max=237  mean=165.9
      Canvas target size : 510W x 720H px

  ── [STAGE 8d] Expected mask centroid on canvas ──
      Projected centroid : u=189.4 px  v=165.9 px
      Canvas centre      : u=255.0 px  v=360.0 px
      Offset from centre : Δu=-65.6 px  Δv=-194.1 px

  ── [STAGE 8e] Bounds Filter ──
    Total projected points : 9,158
    Inside canvas bounds   : 9,158  (100.0%)
    Duplicate pixel hits    : 0
  [INFO] Density non-zero pixels: 9,158
  [INFO] Density peak count     : 1
  [INFO] Raw mask white pixels before morphology: 9,158
  [INFO] White pixels after close: 11,421
  [INFO] Morphological open skipped for tip-loss debugging.
  [INFO] White pixels after open (skipped): 11,421

  ── [STAGE 8f] Final Mask Stats ──
    Bounding box : 151W x 196H px
    Mask centroid: (179.5, 139.0) px
    White pixels : 11,421
  masking.py run ended: 2026-06-13 19:53:21.759687
