
================================================================================
  masking.py run started: 2026-06-13 19:54:59.586101
================================================================================

━━━ [STAGE 1] Loading Point Cloud Array
  [INFO] Total raw points loaded: 143,640

━━━ [STAGE 2] Statistical Outlier Demolition
  [INFO] Points surviving outlier filter: 139,475

━━━ [STAGE 3] Live Plane Surface Isolation (RANSAC)
  [INFO] Original RANSAC: a=0.0035, b=-0.3497, c=0.9368, d=-0.4457
  [INFO] Normal vector pointing down. Flipping coefficients up toward lens.
  [INFO] Points isolated on belt plane: 132,260
  [INFO] Non-plane points going to workspace filter: 7,215

━━━ [STAGE 5] Direction-Enforced Spatial Pre-Filtering
  [INFO] Height gate window : 1.50mm to 500.00mm
  [INFO] Dist-from-plane mm : min=12.870 mean=25.781 median=26.019 max=41.420
  [INFO] Rejected by lower gate: 0 / 7,215
  [INFO] Rejected by upper gate: 0 / 7,215
  [DEBUG] Points passing directional spatial filters: 7,215

━━━ [STAGE 6] Spatial Structural Isolation Clustering (DBSCAN)
  [INFO] DBSCAN discovered 2 distinct point groups.

━━━ [STAGE 7] Multi-Gate Geometric Evaluation
  Cluster #00 -> Pts: 133   | Dims(mm): X= 73.4, Y=  9.9, Z=  8.0 | VolRatio: 0.109 | Gates: [G1-4=1 G5_Size=0 G6_3D=0] -> REJECTED
  Cluster #01 -> Pts: 7082  | Dims(mm): X=306.3, Y= 89.5, Z= 52.0 | VolRatio: 0.170 | Gates: [G1-4=1 G5_Size=1 G6_3D=1] -> PASSED
  [INFO] Winning Cluster selected: ID #1 (Score=0.6050)
  [INFO] Winning cluster point count: 7,082

━━━ [STAGE 8] Projection — Sensor Space → Cropped Canvas

  ── [STAGE 8a] Coordinate System Parameters ──
    Intrinsics    : fx=149.444  fy=599.832  cx=1.739  cy=292.869
    Crop offsets  : left=0 px  top=0 px
    Depth sensor  : 255W x 576H px
    RGB canvas    : 510W x 720H px
    Scale factors : scale_x=2.000000  scale_y=1.250000

  ── [STAGE 8b] 3-D Cluster Bounding Box (world space) ──
    X range : 0.3507 m  →  0.6571 m  (span 306.3 mm)
    Y range : -0.0849 m  →  0.0046 m  (span 89.5 mm)
    Z range : 0.4040 m  →  0.4560 m  (span 52.0 mm)
    Z depth : mean=0.4324 m  std=0.0119 m  min=0.4040 m  max=0.4560 m

  ── [STAGE 8c] Projection Steps ──
    [Step 1] Full-sensor pixel coords (before crop subtraction):
      u_sensor  min=119.0  max=228.0  mean=178.6
      v_sensor  min=170.0  max=299.0  mean=241.4
    [OK] Sensor-space OOB: u=0.0%  v=0.0%
    [Step 2] After crop subtraction (crop_left=0, crop_top=0):
      u_cropped min=119.0  max=228.0  mean=178.6
      v_cropped min=170.0  max=299.0  mean=241.4
    [Step 2 Check] Cropped coords outside canvas: u<0=0.0%  u>W=0.0%  v<0=0.0%  v>H=0.0%
    [Step 3] After scale to canvas (scale_x=2.0000, scale_y=1.2500):
      u  min=238  max=456  mean=357.2
      v  min=212  max=374  mean=301.7
      Canvas target size : 510W x 720H px

  ── [STAGE 8d] Expected mask centroid on canvas ──
      Projected centroid : u=357.2 px  v=301.7 px
      Canvas centre      : u=255.0 px  v=360.0 px
      Offset from centre : Δu=102.2 px  Δv=-58.3 px

  ── [STAGE 8e] Bounds Filter ──
    Total projected points : 7,082
    Inside canvas bounds   : 7,082  (100.0%)
    Duplicate pixel hits    : 0
  [INFO] Density non-zero pixels: 7,082
  [INFO] Density peak count     : 1
  [INFO] Raw mask white pixels before morphology: 7,082
  [INFO] White pixels after close: 17,850
  [INFO] Morphological open skipped for tip-loss debugging.
  [INFO] White pixels after open (skipped): 17,850

  ── [STAGE 8f] Final Mask Stats ──
    Bounding box : 218W x 162H px
    Mask centroid: (347.0, 293.0) px
    White pixels : 17,850
  masking.py run ended: 2026-06-13 19:55:00.333174
