
================================================================================
  masking.py run started: 2026-06-13 19:52:48.588270
================================================================================

━━━ [STAGE 1] Loading Point Cloud Array
  [INFO] Total raw points loaded: 365,583

━━━ [STAGE 2] Statistical Outlier Demolition
  [INFO] Points surviving outlier filter: 353,470

━━━ [STAGE 3] Live Plane Surface Isolation (RANSAC)
  [INFO] Original RANSAC: a=0.0144, b=-0.1101, c=0.9938, d=-0.4724
  [INFO] Normal vector pointing down. Flipping coefficients up toward lens.
  [INFO] Points isolated on belt plane: 341,128
  [INFO] Non-plane points going to workspace filter: 12,342

━━━ [STAGE 5] Direction-Enforced Spatial Pre-Filtering
  [INFO] Height gate window : 1.50mm to 500.00mm
  [INFO] Dist-from-plane mm : min=12.858 mean=21.288 median=19.963 max=44.621
  [INFO] Rejected by lower gate: 0 / 12,342
  [INFO] Rejected by upper gate: 0 / 12,342
  [DEBUG] Points passing directional spatial filters: 12,342

━━━ [STAGE 6] Spatial Structural Isolation Clustering (DBSCAN)
  [INFO] DBSCAN discovered 1 distinct point groups.

━━━ [STAGE 7] Multi-Gate Geometric Evaluation
  Cluster #00 -> Pts: 12342 | Dims(mm): X=152.4, Y= 65.0, Z= 35.0 | VolRatio: 0.230 | Gates: [G1-4=1 G5_Size=1 G6_3D=1] -> PASSED
  [INFO] Winning Cluster selected: ID #0 (Score=0.7689)
  [INFO] Winning cluster point count: 12,342

━━━ [STAGE 8] Projection — Sensor Space → Cropped Canvas

  ── [STAGE 8a] Coordinate System Parameters ──
    Intrinsics    : fx=750.148  fy=749.790  cx=386.179  cy=366.086
    Crop offsets  : left=0 px  top=0 px
    Depth sensor  : 510W x 720H px
    RGB canvas    : 510W x 720H px
    Scale factors : scale_x=1.000000  scale_y=1.000000

  ── [STAGE 8b] 3-D Cluster Bounding Box (world space) ──
    X range : -0.1445 m  →  0.0079 m  (span 152.4 mm)
    Y range : 0.0368 m  →  0.1017 m  (span 65.0 mm)
    Z range : 0.4370 m  →  0.4720 m  (span 35.0 mm)
    Z depth : mean=0.4620 m  std=0.0070 m  min=0.4370 m  max=0.4720 m

  ── [STAGE 8c] Projection Steps ──
    [Step 1] Full-sensor pixel coords (before crop subtraction):
      u_sensor  min=151.0  max=399.0  mean=283.4
      v_sensor  min=426.0  max=528.0  mean=471.8
    [OK] Sensor-space OOB: u=0.0%  v=0.0%
    [Step 2] After crop subtraction (crop_left=0, crop_top=0):
      u_cropped min=151.0  max=399.0  mean=283.4
      v_cropped min=426.0  max=528.0  mean=471.8
    [Step 2 Check] Cropped coords outside canvas: u<0=0.0%  u>W=0.0%  v<0=0.0%  v>H=0.0%
    [Step 3] After scale to canvas (scale_x=1.0000, scale_y=1.0000):
      u  min=151  max=399  mean=283.4
      v  min=426  max=528  mean=471.8
      Canvas target size : 510W x 720H px

  ── [STAGE 8d] Expected mask centroid on canvas ──
      Projected centroid : u=283.4 px  v=471.8 px
      Canvas centre      : u=255.0 px  v=360.0 px
      Offset from centre : Δu=28.4 px  Δv=111.8 px

  ── [STAGE 8e] Bounds Filter ──
    Total projected points : 12,342
    Inside canvas bounds   : 12,342  (100.0%)
    Duplicate pixel hits    : 0
  [INFO] Density non-zero pixels: 12,342
  [INFO] Density peak count     : 1
  [INFO] Raw mask white pixels before morphology: 12,342
  [INFO] White pixels after close: 13,832
  [INFO] Morphological open skipped for tip-loss debugging.
  [INFO] White pixels after open (skipped): 13,832

  ── [STAGE 8f] Final Mask Stats ──
    Bounding box : 248W x 102H px
    Mask centroid: (275.0, 477.0) px
    White pixels : 13,832
  masking.py run ended: 2026-06-13 19:52:50.386939
