
================================================================================
  masking.py run started: 2026-06-13 19:47:25.474776
================================================================================

━━━ [STAGE 1] Loading Point Cloud Array
  [INFO] Total raw points loaded: 366,383

━━━ [STAGE 2] Statistical Outlier Demolition
  [INFO] Points surviving outlier filter: 357,595

━━━ [STAGE 3] Live Plane Surface Isolation (RANSAC)
  [INFO] Original RANSAC: a=0.0124, b=-0.0484, c=0.9988, d=-0.4779
  [INFO] Normal vector pointing down. Flipping coefficients up toward lens.
  [INFO] Points isolated on belt plane: 306,302
  [INFO] Non-plane points going to workspace filter: 51,293

━━━ [STAGE 5] Direction-Enforced Spatial Pre-Filtering
  [INFO] Height gate window : 1.50mm to 500.00mm
  [INFO] Dist-from-plane mm : min=11.481 mean=31.650 median=28.112 max=62.327
  [INFO] Rejected by lower gate: 0 / 51,293
  [INFO] Rejected by upper gate: 0 / 51,293
  [DEBUG] Points passing directional spatial filters: 51,293

━━━ [STAGE 6] Spatial Structural Isolation Clustering (DBSCAN)
  [INFO] DBSCAN discovered 2 distinct point groups.

━━━ [STAGE 7] Multi-Gate Geometric Evaluation
  Cluster #00 -> Pts: 51283 | Dims(mm): X=146.8, Y=230.8, Z= 60.0 | VolRatio: 0.260 | Gates: [G1-4=1 G5_Size=1 G6_3D=1] -> PASSED
  Cluster #01 -> Pts: 10    | Dims(mm): X=  1.3, Y=  3.2, Z=  0.0 | VolRatio: 0.000 | Gates: [G1-4=0 G5_Size=0 G6_3D=0] -> REJECTED
  [INFO] Winning Cluster selected: ID #0 (Score=0.7780)
  [INFO] Winning cluster point count: 51,283

━━━ [STAGE 8] Projection — Sensor Space → Cropped Canvas

  ── [STAGE 8a] Coordinate System Parameters ──
    Intrinsics    : fx=750.148  fy=749.790  cx=386.179  cy=366.086
    Crop offsets  : left=0 px  top=0 px
    Depth sensor  : 510W x 720H px
    RGB canvas    : 510W x 720H px
    Scale factors : scale_x=1.000000  scale_y=1.000000

  ── [STAGE 8b] 3-D Cluster Bounding Box (world space) ──
    X range : -0.1940 m  →  -0.0472 m  (span 146.8 mm)
    Y range : -0.0580 m  →  0.1728 m  (span 230.8 mm)
    Z range : 0.4160 m  →  0.4760 m  (span 60.0 mm)
    Z depth : mean=0.4505 m  std=0.0134 m  min=0.4160 m  max=0.4760 m

  ── [STAGE 8c] Projection Steps ──
    [Step 1] Full-sensor pixel coords (before crop subtraction):
      u_sensor  min=62.0  max=310.0  mean=179.1
      v_sensor  min=272.0  max=640.0  mean=435.7
    [OK] Sensor-space OOB: u=0.0%  v=0.0%
    [Step 2] After crop subtraction (crop_left=0, crop_top=0):
      u_cropped min=62.0  max=310.0  mean=179.1
      v_cropped min=272.0  max=640.0  mean=435.7
    [Step 2 Check] Cropped coords outside canvas: u<0=0.0%  u>W=0.0%  v<0=0.0%  v>H=0.0%
    [Step 3] After scale to canvas (scale_x=1.0000, scale_y=1.0000):
      u  min=62  max=310  mean=179.1
      v  min=272  max=640  mean=435.7
      Canvas target size : 510W x 720H px

  ── [STAGE 8d] Expected mask centroid on canvas ──
      Projected centroid : u=179.1 px  v=435.7 px
      Canvas centre      : u=255.0 px  v=360.0 px
      Offset from centre : Δu=-75.9 px  Δv=75.7 px

  ── [STAGE 8e] Bounds Filter ──
    Total projected points : 51,283
    Inside canvas bounds   : 51,283  (100.0%)
    Duplicate pixel hits    : 0
  [INFO] Density non-zero pixels: 51,283
  [INFO] Density peak count     : 1
  [INFO] Raw mask white pixels before morphology: 51,283
  [INFO] White pixels after close: 53,133
  [INFO] Morphological open skipped for tip-loss debugging.
  [INFO] White pixels after open (skipped): 53,133

  ── [STAGE 8f] Final Mask Stats ──
    Bounding box : 248W x 368H px
    Mask centroid: (186.0, 456.0) px
    White pixels : 53,133
  masking.py run ended: 2026-06-13 19:47:32.078511
