
================================================================================
  masking.py run started: 2026-06-13 19:51:20.859857
================================================================================

━━━ [STAGE 1] Loading Point Cloud Array
  [INFO] Total raw points loaded: 366,059

━━━ [STAGE 2] Statistical Outlier Demolition
  [INFO] Points surviving outlier filter: 356,022

━━━ [STAGE 3] Live Plane Surface Isolation (RANSAC)
  [INFO] Original RANSAC: a=0.0141, b=-0.0802, c=0.9967, d=-0.4752
  [INFO] Normal vector pointing down. Flipping coefficients up toward lens.
  [INFO] Points isolated on belt plane: 343,156
  [INFO] Non-plane points going to workspace filter: 12,866

━━━ [STAGE 5] Direction-Enforced Spatial Pre-Filtering
  [INFO] Height gate window : 1.50mm to 500.00mm
  [INFO] Dist-from-plane mm : min=-6.100 mean=26.676 median=26.201 max=46.100
  [INFO] Rejected by lower gate: 84 / 12,866
  [INFO] Rejected by upper gate: 0 / 12,866
  [DEBUG] Points passing directional spatial filters: 12,782

━━━ [STAGE 6] Spatial Structural Isolation Clustering (DBSCAN)
  [INFO] DBSCAN discovered 1 distinct point groups.

━━━ [STAGE 7] Multi-Gate Geometric Evaluation
  Cluster #00 -> Pts: 12782 | Dims(mm): X= 94.5, Y=180.5, Z= 36.0 | VolRatio: 0.199 | Gates: [G1-4=1 G5_Size=1 G6_3D=1] -> PASSED
  [INFO] Winning Cluster selected: ID #0 (Score=0.7598)
  [INFO] Winning cluster point count: 12,782

━━━ [STAGE 8] Projection — Sensor Space → Cropped Canvas

  ── [STAGE 8a] Coordinate System Parameters ──
    Intrinsics    : fx=750.148  fy=749.790  cx=386.179  cy=366.086
    Crop offsets  : left=0 px  top=0 px
    Depth sensor  : 510W x 720H px
    RGB canvas    : 510W x 720H px
    Scale factors : scale_x=1.000000  scale_y=1.000000

  ── [STAGE 8b] 3-D Cluster Bounding Box (world space) ──
    X range : -0.1528 m  →  -0.0583 m  (span 94.5 mm)
    Y range : -0.1462 m  →  0.0342 m  (span 180.5 mm)
    Z range : 0.4280 m  →  0.4640 m  (span 36.0 mm)
    Z depth : mean=0.4460 m  std=0.0073 m  min=0.4280 m  max=0.4640 m

  ── [STAGE 8c] Projection Steps ──
    [Step 1] Full-sensor pixel coords (before crop subtraction):
      u_sensor  min=132.0  max=289.0  mean=220.9
      v_sensor  min=118.0  max=423.0  mean=256.8
    [OK] Sensor-space OOB: u=0.0%  v=0.0%
    [Step 2] After crop subtraction (crop_left=0, crop_top=0):
      u_cropped min=132.0  max=289.0  mean=220.9
      v_cropped min=118.0  max=423.0  mean=256.8
    [Step 2 Check] Cropped coords outside canvas: u<0=0.0%  u>W=0.0%  v<0=0.0%  v>H=0.0%
    [Step 3] After scale to canvas (scale_x=1.0000, scale_y=1.0000):
      u  min=132  max=289  mean=220.9
      v  min=118  max=423  mean=256.8
      Canvas target size : 510W x 720H px

  ── [STAGE 8d] Expected mask centroid on canvas ──
      Projected centroid : u=220.9 px  v=256.8 px
      Canvas centre      : u=255.0 px  v=360.0 px
      Offset from centre : Δu=-34.1 px  Δv=-103.2 px

  ── [STAGE 8e] Bounds Filter ──
    Total projected points : 12,782
    Inside canvas bounds   : 12,782  (100.0%)
    Duplicate pixel hits    : 0
  [INFO] Density non-zero pixels: 12,782
  [INFO] Density peak count     : 1
  [INFO] Raw mask white pixels before morphology: 12,782
  [INFO] White pixels after close: 14,001
  [INFO] Morphological open skipped for tip-loss debugging.
  [INFO] White pixels after open (skipped): 14,001

  ── [STAGE 8f] Final Mask Stats ──
    Bounding box : 157W x 305H px
    Mask centroid: (210.5, 270.5) px
    White pixels : 14,001
  masking.py run ended: 2026-06-13 19:51:22.701255
