
================================================================================
  masking.py run started: 2026-06-13 19:55:31.230185
================================================================================

━━━ [STAGE 1] Loading Point Cloud Array
  [INFO] Total raw points loaded: 363,723

━━━ [STAGE 2] Statistical Outlier Demolition
  [INFO] Points surviving outlier filter: 354,518

━━━ [STAGE 3] Live Plane Surface Isolation (RANSAC)
  [INFO] Original RANSAC: a=0.0119, b=-0.1940, c=0.9809, d=-0.4636
  [INFO] Normal vector pointing down. Flipping coefficients up toward lens.
  [INFO] Points isolated on belt plane: 324,751
  [INFO] Non-plane points going to workspace filter: 29,767

━━━ [STAGE 5] Direction-Enforced Spatial Pre-Filtering
  [INFO] Height gate window : 1.50mm to 500.00mm
  [INFO] Dist-from-plane mm : min=12.801 mean=56.158 median=56.990 max=85.372
  [INFO] Rejected by lower gate: 0 / 29,767
  [INFO] Rejected by upper gate: 0 / 29,767
  [DEBUG] Points passing directional spatial filters: 29,767

━━━ [STAGE 6] Spatial Structural Isolation Clustering (DBSCAN)
  [INFO] DBSCAN discovered 3 distinct point groups.

━━━ [STAGE 7] Multi-Gate Geometric Evaluation
  Cluster #00 -> Pts: 29656 | Dims(mm): X=112.9, Y=115.5, Z= 78.0 | VolRatio: 0.675 | Gates: [G1-4=1 G5_Size=1 G6_3D=1] -> PASSED
  Cluster #01 -> Pts: 11    | Dims(mm): X=  2.1, Y=  2.2, Z=  1.0 | VolRatio: 0.450 | Gates: [G1-4=0 G5_Size=0 G6_3D=1] -> REJECTED
  Cluster #02 -> Pts: 95    | Dims(mm): X=  8.9, Y=  9.7, Z=  5.0 | VolRatio: 0.516 | Gates: [G1-4=1 G5_Size=0 G6_3D=1] -> REJECTED
  [INFO] Winning Cluster selected: ID #0 (Score=0.9026)
  [INFO] Winning cluster point count: 29,656

━━━ [STAGE 8] Projection — Sensor Space → Cropped Canvas

  ── [STAGE 8a] Coordinate System Parameters ──
    Intrinsics    : fx=750.148  fy=749.790  cx=386.179  cy=366.086
    Crop offsets  : left=0 px  top=0 px
    Depth sensor  : 510W x 720H px
    RGB canvas    : 510W x 720H px
    Scale factors : scale_x=1.000000  scale_y=1.000000

  ── [STAGE 8b] 3-D Cluster Bounding Box (world space) ──
    X range : -0.1952 m  →  -0.0823 m  (span 112.9 mm)
    Y range : -0.1902 m  →  -0.0747 m  (span 115.5 mm)
    Z range : 0.3630 m  →  0.4410 m  (span 78.0 mm)
    Z depth : mean=0.3932 m  std=0.0163 m  min=0.3630 m  max=0.4410 m

  ── [STAGE 8c] Projection Steps ──
    [Step 1] Full-sensor pixel coords (before crop subtraction):
      u_sensor  min=19.0  max=243.0  mean=130.0
      v_sensor  min=29.0  max=234.0  mean=137.8
    [OK] Sensor-space OOB: u=0.0%  v=0.0%
    [Step 2] After crop subtraction (crop_left=0, crop_top=0):
      u_cropped min=19.0  max=243.0  mean=130.0
      v_cropped min=29.0  max=234.0  mean=137.8
    [Step 2 Check] Cropped coords outside canvas: u<0=0.0%  u>W=0.0%  v<0=0.0%  v>H=0.0%
    [Step 3] After scale to canvas (scale_x=1.0000, scale_y=1.0000):
      u  min=19  max=243  mean=130.0
      v  min=29  max=234  mean=137.8
      Canvas target size : 510W x 720H px

  ── [STAGE 8d] Expected mask centroid on canvas ──
      Projected centroid : u=130.0 px  v=137.8 px
      Canvas centre      : u=255.0 px  v=360.0 px
      Offset from centre : Δu=-125.0 px  Δv=-222.2 px

  ── [STAGE 8e] Bounds Filter ──
    Total projected points : 29,656
    Inside canvas bounds   : 29,656  (100.0%)
    Duplicate pixel hits    : 0
  [INFO] Density non-zero pixels: 29,656
  [INFO] Density peak count     : 1
  [INFO] Raw mask white pixels before morphology: 29,656
  [INFO] White pixels after close: 31,262
  [INFO] Morphological open skipped for tip-loss debugging.
  [INFO] White pixels after open (skipped): 31,262

  ── [STAGE 8f] Final Mask Stats ──
    Bounding box : 224W x 205H px
    Mask centroid: (131.0, 131.5) px
    White pixels : 31,262
  masking.py run ended: 2026-06-13 19:55:36.559996
