
================================================================================
  masking.py run started: 2026-06-13 20:02:33.087018
================================================================================

━━━ [STAGE 1] Loading Point Cloud Array
  [INFO] Total raw points loaded: 366,139

━━━ [STAGE 2] Statistical Outlier Demolition
  [INFO] Points surviving outlier filter: 356,892

━━━ [STAGE 3] Live Plane Surface Isolation (RANSAC)
  [INFO] Original RANSAC: a=0.0137, b=-0.0765, c=0.9970, d=-0.4764
  [INFO] Normal vector pointing down. Flipping coefficients up toward lens.
  [INFO] Points isolated on belt plane: 344,469
  [INFO] Non-plane points going to workspace filter: 12,423

━━━ [STAGE 5] Direction-Enforced Spatial Pre-Filtering
  [INFO] Height gate window : 1.50mm to 500.00mm
  [INFO] Dist-from-plane mm : min=-2.961 mean=53.721 median=57.793 max=68.119
  [INFO] Rejected by lower gate: 41 / 12,423
  [INFO] Rejected by upper gate: 0 / 12,423
  [DEBUG] Points passing directional spatial filters: 12,382

━━━ [STAGE 6] Spatial Structural Isolation Clustering (DBSCAN)
  [INFO] DBSCAN discovered 2 distinct point groups.

━━━ [STAGE 7] Multi-Gate Geometric Evaluation
  Cluster #00 -> Pts: 149   | Dims(mm): X= 26.0, Y= 23.0, Z=  2.0 | VolRatio: 0.077 | Gates: [G1-4=1 G5_Size=1 G6_3D=0] -> REJECTED
  Cluster #01 -> Pts: 12233 | Dims(mm): X= 78.9, Y= 97.2, Z= 53.0 | VolRatio: 0.545 | Gates: [G1-4=1 G5_Size=1 G6_3D=1] -> PASSED
  [INFO] Winning Cluster selected: ID #1 (Score=0.8636)
  [INFO] Winning cluster point count: 12,233

━━━ [STAGE 8] Projection — Sensor Space → Cropped Canvas

  ── [STAGE 8a] Coordinate System Parameters ──
    Intrinsics    : fx=750.148  fy=749.790  cx=386.179  cy=366.086
    Crop offsets  : left=0 px  top=0 px
    Depth sensor  : 510W x 720H px
    RGB canvas    : 510W x 720H px
    Scale factors : scale_x=1.000000  scale_y=1.000000

  ── [STAGE 8b] 3-D Cluster Bounding Box (world space) ──
    X range : -0.0112 m  →  0.0677 m  (span 78.9 mm)
    Y range : 0.0669 m  →  0.1641 m  (span 97.2 mm)
    Z range : 0.4170 m  →  0.4700 m  (span 53.0 mm)
    Z depth : mean=0.4320 m  std=0.0107 m  min=0.4170 m  max=0.4700 m

  ── [STAGE 8c] Projection Steps ──
    [Step 1] Full-sensor pixel coords (before crop subtraction):
      u_sensor  min=368.0  max=497.0  mean=434.2
      v_sensor  min=474.0  max=647.0  mean=573.9
    [OK] Sensor-space OOB: u=0.0%  v=0.0%
    [Step 2] After crop subtraction (crop_left=0, crop_top=0):
      u_cropped min=368.0  max=497.0  mean=434.2
      v_cropped min=474.0  max=647.0  mean=573.9
    [Step 2 Check] Cropped coords outside canvas: u<0=0.0%  u>W=0.0%  v<0=0.0%  v>H=0.0%
    [Step 3] After scale to canvas (scale_x=1.0000, scale_y=1.0000):
      u  min=368  max=497  mean=434.2
      v  min=474  max=647  mean=573.9
      Canvas target size : 510W x 720H px

  ── [STAGE 8d] Expected mask centroid on canvas ──
      Projected centroid : u=434.2 px  v=573.9 px
      Canvas centre      : u=255.0 px  v=360.0 px
      Offset from centre : Δu=179.2 px  Δv=213.9 px

  ── [STAGE 8e] Bounds Filter ──
    Total projected points : 12,233
    Inside canvas bounds   : 12,233  (100.0%)
    Duplicate pixel hits    : 0
  [INFO] Density non-zero pixels: 12,233
  [INFO] Density peak count     : 1
  [INFO] Raw mask white pixels before morphology: 12,233
  [INFO] White pixels after close: 13,435
  [INFO] Morphological open skipped for tip-loss debugging.
  [INFO] White pixels after open (skipped): 13,435

  ── [STAGE 8f] Final Mask Stats ──
    Bounding box : 129W x 173H px
    Mask centroid: (432.5, 560.5) px
    White pixels : 13,435
  masking.py run ended: 2026-06-13 20:02:35.382670
