
================================================================================
  masking.py run started: 2026-06-13 20:03:42.637401
================================================================================

━━━ [STAGE 1] Loading Point Cloud Array
  [INFO] Total raw points loaded: 365,951

━━━ [STAGE 2] Statistical Outlier Demolition
  [INFO] Points surviving outlier filter: 356,134

━━━ [STAGE 3] Live Plane Surface Isolation (RANSAC)
  [INFO] Original RANSAC: a=0.0135, b=-0.0885, c=0.9960, d=-0.4751
  [INFO] Normal vector pointing down. Flipping coefficients up toward lens.
  [INFO] Points isolated on belt plane: 335,967
  [INFO] Non-plane points going to workspace filter: 20,167

━━━ [STAGE 5] Direction-Enforced Spatial Pre-Filtering
  [INFO] Height gate window : 1.50mm to 500.00mm
  [INFO] Dist-from-plane mm : min=-5.025 mean=47.326 median=48.626 max=64.079
  [INFO] Rejected by lower gate: 4 / 20,167
  [INFO] Rejected by upper gate: 0 / 20,167
  [DEBUG] Points passing directional spatial filters: 20,163

━━━ [STAGE 6] Spatial Structural Isolation Clustering (DBSCAN)
  [INFO] DBSCAN discovered 1 distinct point groups.

━━━ [STAGE 7] Multi-Gate Geometric Evaluation
  Cluster #00 -> Pts: 20163 | Dims(mm): X=184.2, Y= 95.4, Z= 50.0 | VolRatio: 0.271 | Gates: [G1-4=1 G5_Size=1 G6_3D=1] -> PASSED
  [INFO] Winning Cluster selected: ID #0 (Score=0.7814)
  [INFO] Winning cluster point count: 20,163

━━━ [STAGE 8] Projection — Sensor Space → Cropped Canvas

  ── [STAGE 8a] Coordinate System Parameters ──
    Intrinsics    : fx=750.148  fy=749.790  cx=386.179  cy=366.086
    Crop offsets  : left=0 px  top=0 px
    Depth sensor  : 510W x 720H px
    RGB canvas    : 510W x 720H px
    Scale factors : scale_x=1.000000  scale_y=1.000000

  ── [STAGE 8b] 3-D Cluster Bounding Box (world space) ──
    X range : -0.1502 m  →  0.0340 m  (span 184.2 mm)
    Y range : -0.0723 m  →  0.0231 m  (span 95.4 mm)
    Z range : 0.4100 m  →  0.4600 m  (span 50.0 mm)
    Z depth : mean=0.4280 m  std=0.0116 m  min=0.4100 m  max=0.4600 m

  ── [STAGE 8c] Projection Steps ──
    [Step 1] Full-sensor pixel coords (before crop subtraction):
      u_sensor  min=129.0  max=442.0  mean=268.3
      v_sensor  min=242.0  max=404.0  mean=318.2
    [OK] Sensor-space OOB: u=0.0%  v=0.0%
    [Step 2] After crop subtraction (crop_left=0, crop_top=0):
      u_cropped min=129.0  max=442.0  mean=268.3
      v_cropped min=242.0  max=404.0  mean=318.2
    [Step 2 Check] Cropped coords outside canvas: u<0=0.0%  u>W=0.0%  v<0=0.0%  v>H=0.0%
    [Step 3] After scale to canvas (scale_x=1.0000, scale_y=1.0000):
      u  min=129  max=442  mean=268.3
      v  min=242  max=404  mean=318.2
      Canvas target size : 510W x 720H px

  ── [STAGE 8d] Expected mask centroid on canvas ──
      Projected centroid : u=268.3 px  v=318.2 px
      Canvas centre      : u=255.0 px  v=360.0 px
      Offset from centre : Δu=13.3 px  Δv=-41.8 px

  ── [STAGE 8e] Bounds Filter ──
    Total projected points : 20,163
    Inside canvas bounds   : 20,163  (100.0%)
    Duplicate pixel hits    : 0
  [INFO] Density non-zero pixels: 20,163
  [INFO] Density peak count     : 1
  [INFO] Raw mask white pixels before morphology: 20,163
  [INFO] White pixels after close: 21,712
  [INFO] Morphological open skipped for tip-loss debugging.
  [INFO] White pixels after open (skipped): 21,712

  ── [STAGE 8f] Final Mask Stats ──
    Bounding box : 313W x 162H px
    Mask centroid: (285.5, 323.0) px
    White pixels : 21,712
  masking.py run ended: 2026-06-13 20:03:45.210101
