
================================================================================
  masking.py run started: 2026-06-13 20:04:13.227982
================================================================================

━━━ [STAGE 1] Loading Point Cloud Array
  [INFO] Total raw points loaded: 365,942

━━━ [STAGE 2] Statistical Outlier Demolition
  [INFO] Points surviving outlier filter: 355,855

━━━ [STAGE 3] Live Plane Surface Isolation (RANSAC)
  [INFO] Original RANSAC: a=0.0137, b=-0.0886, c=0.9960, d=-0.4752
  [INFO] Normal vector pointing down. Flipping coefficients up toward lens.
  [INFO] Points isolated on belt plane: 333,231
  [INFO] Non-plane points going to workspace filter: 22,624

━━━ [STAGE 5] Direction-Enforced Spatial Pre-Filtering
  [INFO] Height gate window : 1.50mm to 500.00mm
  [INFO] Dist-from-plane mm : min=-12.347 mean=46.482 median=51.296 max=63.716
  [INFO] Rejected by lower gate: 125 / 22,624
  [INFO] Rejected by upper gate: 0 / 22,624
  [DEBUG] Points passing directional spatial filters: 22,499

━━━ [STAGE 6] Spatial Structural Isolation Clustering (DBSCAN)
  [INFO] DBSCAN discovered 1 distinct point groups.

━━━ [STAGE 7] Multi-Gate Geometric Evaluation
  Cluster #00 -> Pts: 22499 | Dims(mm): X=170.2, Y= 87.8, Z= 52.0 | VolRatio: 0.306 | Gates: [G1-4=1 G5_Size=1 G6_3D=1] -> PASSED
  [INFO] Winning Cluster selected: ID #0 (Score=0.7917)
  [INFO] Winning cluster point count: 22,499

━━━ [STAGE 8] Projection — Sensor Space → Cropped Canvas

  ── [STAGE 8a] Coordinate System Parameters ──
    Intrinsics    : fx=750.148  fy=749.790  cx=386.179  cy=366.086
    Crop offsets  : left=0 px  top=0 px
    Depth sensor  : 510W x 720H px
    RGB canvas    : 510W x 720H px
    Scale factors : scale_x=1.000000  scale_y=1.000000

  ── [STAGE 8b] 3-D Cluster Bounding Box (world space) ──
    X range : -0.0996 m  →  0.0706 m  (span 170.2 mm)
    Y range : -0.1682 m  →  -0.0803 m  (span 87.8 mm)
    Z range : 0.4020 m  →  0.4540 m  (span 52.0 mm)
    Z depth : mean=0.4193 m  std=0.0125 m  min=0.4020 m  max=0.4540 m

  ── [STAGE 8c] Projection Steps ──
    [Step 1] Full-sensor pixel coords (before crop subtraction):
      u_sensor  min=219.0  max=509.0  mean=399.6
      v_sensor  min=84.0  max=230.0  mean=151.7
    [OK] Sensor-space OOB: u=0.0%  v=0.0%
    [Step 2] After crop subtraction (crop_left=0, crop_top=0):
      u_cropped min=219.0  max=509.0  mean=399.6
      v_cropped min=84.0  max=230.0  mean=151.7
    [Step 2 Check] Cropped coords outside canvas: u<0=0.0%  u>W=0.0%  v<0=0.0%  v>H=0.0%
    [Step 3] After scale to canvas (scale_x=1.0000, scale_y=1.0000):
      u  min=219  max=509  mean=399.6
      v  min=84  max=230  mean=151.7
      Canvas target size : 510W x 720H px

  ── [STAGE 8d] Expected mask centroid on canvas ──
      Projected centroid : u=399.6 px  v=151.7 px
      Canvas centre      : u=255.0 px  v=360.0 px
      Offset from centre : Δu=144.6 px  Δv=-208.3 px

  ── [STAGE 8e] Bounds Filter ──
    Total projected points : 22,499
    Inside canvas bounds   : 22,499  (100.0%)
    Duplicate pixel hits    : 0
  [INFO] Density non-zero pixels: 22,499
  [INFO] Density peak count     : 1
  [INFO] Raw mask white pixels before morphology: 22,499
  [INFO] White pixels after close: 23,981
  [INFO] Morphological open skipped for tip-loss debugging.
  [INFO] White pixels after open (skipped): 23,981

  ── [STAGE 8f] Final Mask Stats ──
    Bounding box : 290W x 146H px
    Mask centroid: (364.0, 157.0) px
    White pixels : 23,981
  masking.py run ended: 2026-06-13 20:04:16.604878
