
================================================================================
  masking.py run started: 2026-06-13 20:04:06.725364
================================================================================

━━━ [STAGE 1] Loading Point Cloud Array
  [INFO] Total raw points loaded: 365,977

━━━ [STAGE 2] Statistical Outlier Demolition
  [INFO] Points surviving outlier filter: 355,792

━━━ [STAGE 3] Live Plane Surface Isolation (RANSAC)
  [INFO] Original RANSAC: a=0.0129, b=-0.0894, c=0.9959, d=-0.4751
  [INFO] Normal vector pointing down. Flipping coefficients up toward lens.
  [INFO] Points isolated on belt plane: 331,458
  [INFO] Non-plane points going to workspace filter: 24,334

━━━ [STAGE 5] Direction-Enforced Spatial Pre-Filtering
  [INFO] Height gate window : 1.50mm to 500.00mm
  [INFO] Dist-from-plane mm : min=12.783 mean=45.594 median=49.489 max=64.103
  [INFO] Rejected by lower gate: 0 / 24,334
  [INFO] Rejected by upper gate: 0 / 24,334
  [DEBUG] Points passing directional spatial filters: 24,334

━━━ [STAGE 6] Spatial Structural Isolation Clustering (DBSCAN)
  [INFO] DBSCAN discovered 1 distinct point groups.

━━━ [STAGE 7] Multi-Gate Geometric Evaluation
  Cluster #00 -> Pts: 24332 | Dims(mm): X=164.9, Y=144.8, Z= 55.0 | VolRatio: 0.334 | Gates: [G1-4=1 G5_Size=1 G6_3D=1] -> PASSED
  [INFO] Winning Cluster selected: ID #0 (Score=0.8001)
  [INFO] Winning cluster point count: 24,332

━━━ [STAGE 8] Projection — Sensor Space → Cropped Canvas

  ── [STAGE 8a] Coordinate System Parameters ──
    Intrinsics    : fx=750.148  fy=749.790  cx=386.179  cy=366.086
    Crop offsets  : left=0 px  top=0 px
    Depth sensor  : 510W x 720H px
    RGB canvas    : 510W x 720H px
    Scale factors : scale_x=1.000000  scale_y=1.000000

  ── [STAGE 8b] 3-D Cluster Bounding Box (world space) ──
    X range : -0.1727 m  →  -0.0079 m  (span 164.9 mm)
    Y range : -0.1664 m  →  -0.0216 m  (span 144.8 mm)
    Z range : 0.4080 m  →  0.4630 m  (span 55.0 mm)
    Z depth : mean=0.4246 m  std=0.0111 m  min=0.4080 m  max=0.4630 m

  ── [STAGE 8c] Projection Steps ──
    [Step 1] Full-sensor pixel coords (before crop subtraction):
      u_sensor  min=89.0  max=373.0  mean=210.3
      v_sensor  min=85.0  max=331.0  mean=209.8
    [OK] Sensor-space OOB: u=0.0%  v=0.0%
    [Step 2] After crop subtraction (crop_left=0, crop_top=0):
      u_cropped min=89.0  max=373.0  mean=210.3
      v_cropped min=85.0  max=331.0  mean=209.8
    [Step 2 Check] Cropped coords outside canvas: u<0=0.0%  u>W=0.0%  v<0=0.0%  v>H=0.0%
    [Step 3] After scale to canvas (scale_x=1.0000, scale_y=1.0000):
      u  min=89  max=373  mean=210.3
      v  min=85  max=331  mean=209.8
      Canvas target size : 510W x 720H px

  ── [STAGE 8d] Expected mask centroid on canvas ──
      Projected centroid : u=210.3 px  v=209.8 px
      Canvas centre      : u=255.0 px  v=360.0 px
      Offset from centre : Δu=-44.7 px  Δv=-150.2 px

  ── [STAGE 8e] Bounds Filter ──
    Total projected points : 24,332
    Inside canvas bounds   : 24,332  (100.0%)
    Duplicate pixel hits    : 0
  [INFO] Density non-zero pixels: 24,332
  [INFO] Density peak count     : 1
  [INFO] Raw mask white pixels before morphology: 24,332
  [INFO] White pixels after close: 25,707
  [INFO] Morphological open skipped for tip-loss debugging.
  [INFO] White pixels after open (skipped): 25,707

  ── [STAGE 8f] Final Mask Stats ──
    Bounding box : 284W x 246H px
    Mask centroid: (231.0, 208.0) px
    White pixels : 25,707
  masking.py run ended: 2026-06-13 20:04:09.991789
