
================================================================================
  masking.py run started: 2026-06-13 19:48:53.746947
================================================================================

━━━ [STAGE 1] Loading Point Cloud Array
  [INFO] Total raw points loaded: 366,417

━━━ [STAGE 2] Statistical Outlier Demolition
  [INFO] Points surviving outlier filter: 356,245

━━━ [STAGE 3] Live Plane Surface Isolation (RANSAC)
  [INFO] Original RANSAC: a=0.0171, b=-0.0513, c=0.9985, d=-0.4780
  [INFO] Normal vector pointing down. Flipping coefficients up toward lens.
  [INFO] Points isolated on belt plane: 340,079
  [INFO] Non-plane points going to workspace filter: 16,166

━━━ [STAGE 5] Direction-Enforced Spatial Pre-Filtering
  [INFO] Height gate window : 1.50mm to 500.00mm
  [INFO] Dist-from-plane mm : min=-4.951 mean=30.562 median=31.984 max=58.977
  [INFO] Rejected by lower gate: 1,578 / 16,166
  [INFO] Rejected by upper gate: 0 / 16,166
  [DEBUG] Points passing directional spatial filters: 14,588

━━━ [STAGE 6] Spatial Structural Isolation Clustering (DBSCAN)
  [INFO] DBSCAN discovered 1 distinct point groups.

━━━ [STAGE 7] Multi-Gate Geometric Evaluation
  Cluster #00 -> Pts: 14588 | Dims(mm): X= 69.0, Y=197.5, Z= 40.0 | VolRatio: 0.203 | Gates: [G1-4=1 G5_Size=1 G6_3D=1] -> PASSED
  [INFO] Winning Cluster selected: ID #0 (Score=0.7608)
  [INFO] Winning cluster point count: 14,588

━━━ [STAGE 8] Projection — Sensor Space → Cropped Canvas

  ── [STAGE 8a] Coordinate System Parameters ──
    Intrinsics    : fx=750.148  fy=749.790  cx=386.179  cy=366.086
    Crop offsets  : left=0 px  top=0 px
    Depth sensor  : 510W x 720H px
    RGB canvas    : 510W x 720H px
    Scale factors : scale_x=1.000000  scale_y=1.000000

  ── [STAGE 8b] 3-D Cluster Bounding Box (world space) ──
    X range : -0.0624 m  →  0.0066 m  (span 69.0 mm)
    Y range : -0.2173 m  →  -0.0198 m  (span 197.5 mm)
    Z range : 0.4180 m  →  0.4580 m  (span 40.0 mm)
    Z depth : mean=0.4380 m  std=0.0087 m  min=0.4180 m  max=0.4580 m

  ── [STAGE 8c] Projection Steps ──
    [Step 1] Full-sensor pixel coords (before crop subtraction):
      u_sensor  min=279.0  max=397.0  mean=344.0
      v_sensor  min=0.0  max=332.0  mean=136.5
    [OK] Sensor-space OOB: u=0.0%  v=0.0%
    [Step 2] After crop subtraction (crop_left=0, crop_top=0):
      u_cropped min=279.0  max=397.0  mean=344.0
      v_cropped min=0.0  max=332.0  mean=136.5
    [Step 2 Check] Cropped coords outside canvas: u<0=0.0%  u>W=0.0%  v<0=0.0%  v>H=0.0%
    [Step 3] After scale to canvas (scale_x=1.0000, scale_y=1.0000):
      u  min=279  max=397  mean=344.0
      v  min=0  max=332  mean=136.5
      Canvas target size : 510W x 720H px

  ── [STAGE 8d] Expected mask centroid on canvas ──
      Projected centroid : u=344.0 px  v=136.5 px
      Canvas centre      : u=255.0 px  v=360.0 px
      Offset from centre : Δu=89.0 px  Δv=-223.5 px

  ── [STAGE 8e] Bounds Filter ──
    Total projected points : 14,588
    Inside canvas bounds   : 14,588  (100.0%)
    Duplicate pixel hits    : 0
  [INFO] Density non-zero pixels: 14,588
  [INFO] Density peak count     : 1
  [INFO] Raw mask white pixels before morphology: 14,588
  [INFO] White pixels after close: 16,447
  [INFO] Morphological open skipped for tip-loss debugging.
  [INFO] White pixels after open (skipped): 16,447

  ── [STAGE 8f] Final Mask Stats ──
    Bounding box : 118W x 332H px
    Mask centroid: (338.0, 166.0) px
    White pixels : 16,447
  masking.py run ended: 2026-06-13 19:48:56.275072
