
================================================================================
  masking.py run started: 2026-06-13 20:02:16.585855
================================================================================

━━━ [STAGE 1] Loading Point Cloud Array
  [INFO] Total raw points loaded: 366,103

━━━ [STAGE 2] Statistical Outlier Demolition
  [INFO] Points surviving outlier filter: 356,641

━━━ [STAGE 3] Live Plane Surface Isolation (RANSAC)
  [INFO] Original RANSAC: a=0.0135, b=-0.0746, c=0.9971, d=-0.4768
  [INFO] Normal vector pointing down. Flipping coefficients up toward lens.
  [INFO] Points isolated on belt plane: 342,821
  [INFO] Non-plane points going to workspace filter: 13,820

━━━ [STAGE 5] Direction-Enforced Spatial Pre-Filtering
  [INFO] Height gate window : 1.50mm to 500.00mm
  [INFO] Dist-from-plane mm : min=12.622 mean=50.792 median=52.667 max=72.610
  [INFO] Rejected by lower gate: 0 / 13,820
  [INFO] Rejected by upper gate: 0 / 13,820
  [DEBUG] Points passing directional spatial filters: 13,820

━━━ [STAGE 6] Spatial Structural Isolation Clustering (DBSCAN)
  [INFO] DBSCAN discovered 5 distinct point groups.

━━━ [STAGE 7] Multi-Gate Geometric Evaluation
  Cluster #00 -> Pts: 13516 | Dims(mm): X=112.7, Y= 95.1, Z= 60.0 | VolRatio: 0.532 | Gates: [G1-4=1 G5_Size=1 G6_3D=1] -> PASSED
  Cluster #01 -> Pts: 182   | Dims(mm): X= 19.6, Y= 33.6, Z= 27.0 | VolRatio: 0.582 | Gates: [G1-4=1 G5_Size=1 G6_3D=1] -> PASSED
  Cluster #02 -> Pts: 79    | Dims(mm): X= 11.0, Y=  8.5, Z= 13.0 | VolRatio: 0.654 | Gates: [G1-4=1 G5_Size=0 G6_3D=1] -> REJECTED
  Cluster #03 -> Pts: 16    | Dims(mm): X=  2.3, Y=  1.7, Z=  0.0 | VolRatio: 0.000 | Gates: [G1-4=0 G5_Size=0 G6_3D=0] -> REJECTED
  Cluster #04 -> Pts: 27    | Dims(mm): X=  2.9, Y=  3.3, Z=  3.0 | VolRatio: 0.875 | Gates: [G1-4=0 G5_Size=0 G6_3D=1] -> REJECTED
  [INFO] Winning Cluster selected: ID #0 (Score=0.8597)
  [INFO] Winning cluster point count: 13,516

━━━ [STAGE 8] Projection — Sensor Space → Cropped Canvas

  ── [STAGE 8a] Coordinate System Parameters ──
    Intrinsics    : fx=750.148  fy=749.790  cx=386.179  cy=366.086
    Crop offsets  : left=0 px  top=0 px
    Depth sensor  : 510W x 720H px
    RGB canvas    : 510W x 720H px
    Scale factors : scale_x=1.000000  scale_y=1.000000

  ── [STAGE 8b] 3-D Cluster Bounding Box (world space) ──
    X range : -0.1362 m  →  -0.0235 m  (span 112.7 mm)
    Y range : -0.0771 m  →  0.0179 m  (span 95.1 mm)
    Z range : 0.4040 m  →  0.4640 m  (span 60.0 mm)
    Z depth : mean=0.4251 m  std=0.0117 m  min=0.4040 m  max=0.4640 m

  ── [STAGE 8c] Projection Steps ──
    [Step 1] Full-sensor pixel coords (before crop subtraction):
      u_sensor  min=166.0  max=348.0  mean=258.9
      v_sensor  min=239.0  max=397.0  mean=305.3
    [OK] Sensor-space OOB: u=0.0%  v=0.0%
    [Step 2] After crop subtraction (crop_left=0, crop_top=0):
      u_cropped min=166.0  max=348.0  mean=258.9
      v_cropped min=239.0  max=397.0  mean=305.3
    [Step 2 Check] Cropped coords outside canvas: u<0=0.0%  u>W=0.0%  v<0=0.0%  v>H=0.0%
    [Step 3] After scale to canvas (scale_x=1.0000, scale_y=1.0000):
      u  min=166  max=348  mean=258.9
      v  min=239  max=397  mean=305.3
      Canvas target size : 510W x 720H px

  ── [STAGE 8d] Expected mask centroid on canvas ──
      Projected centroid : u=258.9 px  v=305.3 px
      Canvas centre      : u=255.0 px  v=360.0 px
      Offset from centre : Δu=3.9 px  Δv=-54.7 px

  ── [STAGE 8e] Bounds Filter ──
    Total projected points : 13,516
    Inside canvas bounds   : 13,516  (100.0%)
    Duplicate pixel hits    : 0
  [INFO] Density non-zero pixels: 13,516
  [INFO] Density peak count     : 1
  [INFO] Raw mask white pixels before morphology: 13,516
  [INFO] White pixels after close: 15,248
  [INFO] Morphological open skipped for tip-loss debugging.
  [INFO] White pixels after open (skipped): 15,248

  ── [STAGE 8f] Final Mask Stats ──
    Bounding box : 182W x 158H px
    Mask centroid: (257.0, 318.0) px
    White pixels : 15,248
  masking.py run ended: 2026-06-13 20:02:18.949701
