
================================================================================
  masking.py run started: 2026-06-13 19:49:27.263201
================================================================================

━━━ [STAGE 1] Loading Point Cloud Array
  [INFO] Total raw points loaded: 366,428

━━━ [STAGE 2] Statistical Outlier Demolition
  [INFO] Points surviving outlier filter: 356,431

━━━ [STAGE 3] Live Plane Surface Isolation (RANSAC)
  [INFO] Original RANSAC: a=0.0146, b=-0.0497, c=0.9987, d=-0.4783
  [INFO] Normal vector pointing down. Flipping coefficients up toward lens.
  [INFO] Points isolated on belt plane: 340,151
  [INFO] Non-plane points going to workspace filter: 16,280

━━━ [STAGE 5] Direction-Enforced Spatial Pre-Filtering
  [INFO] Height gate window : 1.50mm to 500.00mm
  [INFO] Dist-from-plane mm : min=12.636 mean=23.512 median=22.824 max=41.852
  [INFO] Rejected by lower gate: 0 / 16,280
  [INFO] Rejected by upper gate: 0 / 16,280
  [DEBUG] Points passing directional spatial filters: 16,280

━━━ [STAGE 6] Spatial Structural Isolation Clustering (DBSCAN)
  [INFO] DBSCAN discovered 1 distinct point groups.

━━━ [STAGE 7] Multi-Gate Geometric Evaluation
  Cluster #00 -> Pts: 16280 | Dims(mm): X= 81.4, Y=172.7, Z= 34.0 | VolRatio: 0.197 | Gates: [G1-4=1 G5_Size=1 G6_3D=1] -> PASSED
  [INFO] Winning Cluster selected: ID #0 (Score=0.7591)
  [INFO] Winning cluster point count: 16,280

━━━ [STAGE 8] Projection — Sensor Space → Cropped Canvas

  ── [STAGE 8a] Coordinate System Parameters ──
    Intrinsics    : fx=750.148  fy=749.790  cx=386.179  cy=366.086
    Crop offsets  : left=0 px  top=0 px
    Depth sensor  : 510W x 720H px
    RGB canvas    : 510W x 720H px
    Scale factors : scale_x=1.000000  scale_y=1.000000

  ── [STAGE 8b] 3-D Cluster Bounding Box (world space) ──
    X range : -0.0790 m  →  0.0024 m  (span 81.4 mm)
    Y range : -0.0994 m  →  0.0733 m  (span 172.7 mm)
    Z range : 0.4330 m  →  0.4670 m  (span 34.0 mm)
    Z depth : mean=0.4556 m  std=0.0084 m  min=0.4330 m  max=0.4670 m

  ── [STAGE 8c] Projection Steps ──
    [Step 1] Full-sensor pixel coords (before crop subtraction):
      u_sensor  min=257.0  max=390.0  mean=323.3
      v_sensor  min=199.0  max=488.0  mean=354.4
    [OK] Sensor-space OOB: u=0.0%  v=0.0%
    [Step 2] After crop subtraction (crop_left=0, crop_top=0):
      u_cropped min=257.0  max=390.0  mean=323.3
      v_cropped min=199.0  max=488.0  mean=354.4
    [Step 2 Check] Cropped coords outside canvas: u<0=0.0%  u>W=0.0%  v<0=0.0%  v>H=0.0%
    [Step 3] After scale to canvas (scale_x=1.0000, scale_y=1.0000):
      u  min=257  max=390  mean=323.3
      v  min=199  max=488  mean=354.4
      Canvas target size : 510W x 720H px

  ── [STAGE 8d] Expected mask centroid on canvas ──
      Projected centroid : u=323.3 px  v=354.4 px
      Canvas centre      : u=255.0 px  v=360.0 px
      Offset from centre : Δu=68.3 px  Δv=-5.6 px

  ── [STAGE 8e] Bounds Filter ──
    Total projected points : 16,280
    Inside canvas bounds   : 16,280  (100.0%)
    Duplicate pixel hits    : 0
  [INFO] Density non-zero pixels: 16,280
  [INFO] Density peak count     : 1
  [INFO] Raw mask white pixels before morphology: 16,280
  [INFO] White pixels after close: 17,138
  [INFO] Morphological open skipped for tip-loss debugging.
  [INFO] White pixels after open (skipped): 17,138

  ── [STAGE 8f] Final Mask Stats ──
    Bounding box : 133W x 289H px
    Mask centroid: (323.5, 343.5) px
    White pixels : 17,138
  masking.py run ended: 2026-06-13 19:49:29.965993
