
================================================================================
  masking.py run started: 2026-06-13 19:52:19.332248
================================================================================

━━━ [STAGE 1] Loading Point Cloud Array
  [INFO] Total raw points loaded: 365,842

━━━ [STAGE 2] Statistical Outlier Demolition
  [INFO] Points surviving outlier filter: 355,945

━━━ [STAGE 3] Live Plane Surface Isolation (RANSAC)
  [INFO] Original RANSAC: a=0.0136, b=-0.0882, c=0.9960, d=-0.4744
  [INFO] Normal vector pointing down. Flipping coefficients up toward lens.
  [INFO] Points isolated on belt plane: 347,781
  [INFO] Non-plane points going to workspace filter: 8,164

━━━ [STAGE 5] Direction-Enforced Spatial Pre-Filtering
  [INFO] Height gate window : 1.50mm to 500.00mm
  [INFO] Dist-from-plane mm : min=12.941 mean=32.502 median=25.408 max=73.099
  [INFO] Rejected by lower gate: 0 / 8,164
  [INFO] Rejected by upper gate: 0 / 8,164
  [DEBUG] Points passing directional spatial filters: 8,164

━━━ [STAGE 6] Spatial Structural Isolation Clustering (DBSCAN)
  [INFO] DBSCAN discovered 1 distinct point groups.

━━━ [STAGE 7] Multi-Gate Geometric Evaluation
  Cluster #00 -> Pts: 8164  | Dims(mm): X=102.9, Y=149.7, Z= 68.0 | VolRatio: 0.454 | Gates: [G1-4=1 G5_Size=1 G6_3D=1] -> PASSED
  [INFO] Winning Cluster selected: ID #0 (Score=0.7445)
  [INFO] Winning cluster point count: 8,164

━━━ [STAGE 8] Projection — Sensor Space → Cropped Canvas

  ── [STAGE 8a] Coordinate System Parameters ──
    Intrinsics    : fx=750.148  fy=749.790  cx=386.179  cy=366.086
    Crop offsets  : left=0 px  top=0 px
    Depth sensor  : 510W x 720H px
    RGB canvas    : 510W x 720H px
    Scale factors : scale_x=1.000000  scale_y=1.000000

  ── [STAGE 8b] 3-D Cluster Bounding Box (world space) ──
    X range : -0.1441 m  →  -0.0412 m  (span 102.9 mm)
    Y range : -0.1842 m  →  -0.0345 m  (span 149.7 mm)
    Z range : 0.3920 m  →  0.4600 m  (span 68.0 mm)
    Z depth : mean=0.4372 m  std=0.0190 m  min=0.3920 m  max=0.4600 m

  ── [STAGE 8c] Projection Steps ──
    [Step 1] Full-sensor pixel coords (before crop subtraction):
      u_sensor  min=147.0  max=314.0  mean=258.5
      v_sensor  min=55.0  max=307.0  mean=220.9
    [OK] Sensor-space OOB: u=0.0%  v=0.0%
    [Step 2] After crop subtraction (crop_left=0, crop_top=0):
      u_cropped min=147.0  max=314.0  mean=258.5
      v_cropped min=55.0  max=307.0  mean=220.9
    [Step 2 Check] Cropped coords outside canvas: u<0=0.0%  u>W=0.0%  v<0=0.0%  v>H=0.0%
    [Step 3] After scale to canvas (scale_x=1.0000, scale_y=1.0000):
      u  min=147  max=314  mean=258.5
      v  min=55  max=307  mean=220.9
      Canvas target size : 510W x 720H px

  ── [STAGE 8d] Expected mask centroid on canvas ──
      Projected centroid : u=258.5 px  v=220.9 px
      Canvas centre      : u=255.0 px  v=360.0 px
      Offset from centre : Δu=3.5 px  Δv=-139.1 px

  ── [STAGE 8e] Bounds Filter ──
    Total projected points : 8,164
    Inside canvas bounds   : 8,164  (100.0%)
    Duplicate pixel hits    : 0
  [INFO] Density non-zero pixels: 8,164
  [INFO] Density peak count     : 1
  [INFO] Raw mask white pixels before morphology: 8,164
  [INFO] White pixels after close: 10,788
  [INFO] Morphological open skipped for tip-loss debugging.
  [INFO] White pixels after open (skipped): 10,788

  ── [STAGE 8f] Final Mask Stats ──
    Bounding box : 167W x 252H px
    Mask centroid: (230.5, 181.0) px
    White pixels : 10,788
  masking.py run ended: 2026-06-13 19:52:20.544705
