
================================================================================
  masking.py run started: 2026-06-13 20:00:33.429097
================================================================================

━━━ [STAGE 1] Loading Point Cloud Array
  [INFO] Total raw points loaded: 366,216

━━━ [STAGE 2] Statistical Outlier Demolition
  [INFO] Points surviving outlier filter: 354,110

━━━ [STAGE 3] Live Plane Surface Isolation (RANSAC)
  [INFO] Original RANSAC: a=0.0139, b=-0.0520, c=0.9985, d=-0.4790
  [INFO] Normal vector pointing down. Flipping coefficients up toward lens.
  [INFO] Points isolated on belt plane: 334,903
  [INFO] Non-plane points going to workspace filter: 19,207

━━━ [STAGE 5] Direction-Enforced Spatial Pre-Filtering
  [INFO] Height gate window : 1.50mm to 500.00mm
  [INFO] Dist-from-plane mm : min=10.241 mean=49.065 median=52.510 max=82.006
  [INFO] Rejected by lower gate: 0 / 19,207
  [INFO] Rejected by upper gate: 0 / 19,207
  [DEBUG] Points passing directional spatial filters: 19,207

━━━ [STAGE 6] Spatial Structural Isolation Clustering (DBSCAN)
  [INFO] DBSCAN discovered 2 distinct point groups.

━━━ [STAGE 7] Multi-Gate Geometric Evaluation
  Cluster #00 -> Pts: 19164 | Dims(mm): X=183.4, Y=269.8, Z= 75.0 | VolRatio: 0.278 | Gates: [G1-4=1 G5_Size=1 G6_3D=1] -> PASSED
  Cluster #01 -> Pts: 43    | Dims(mm): X=  5.3, Y= 15.0, Z= 16.0 | VolRatio: 0.333 | Gates: [G1-4=1 G5_Size=0 G6_3D=1] -> REJECTED
  [INFO] Winning Cluster selected: ID #0 (Score=0.7834)
  [INFO] Winning cluster point count: 19,164

━━━ [STAGE 8] Projection — Sensor Space → Cropped Canvas

  ── [STAGE 8a] Coordinate System Parameters ──
    Intrinsics    : fx=750.148  fy=749.790  cx=386.179  cy=366.086
    Crop offsets  : left=0 px  top=0 px
    Depth sensor  : 510W x 720H px
    RGB canvas    : 510W x 720H px
    Scale factors : scale_x=1.000000  scale_y=1.000000

  ── [STAGE 8b] 3-D Cluster Bounding Box (world space) ──
    X range : -0.1621 m  →  0.0213 m  (span 183.4 mm)
    Y range : -0.0703 m  →  0.1995 m  (span 269.8 mm)
    Z range : 0.4070 m  →  0.4820 m  (span 75.0 mm)
    Z depth : mean=0.4358 m  std=0.0175 m  min=0.4070 m  max=0.4820 m

  ── [STAGE 8c] Projection Steps ──
    [Step 1] Full-sensor pixel coords (before crop subtraction):
      u_sensor  min=98.0  max=421.0  mean=271.5
      v_sensor  min=240.0  max=681.0  mean=507.9
    [OK] Sensor-space OOB: u=0.0%  v=0.0%
    [Step 2] After crop subtraction (crop_left=0, crop_top=0):
      u_cropped min=98.0  max=421.0  mean=271.5
      v_cropped min=240.0  max=681.0  mean=507.9
    [Step 2 Check] Cropped coords outside canvas: u<0=0.0%  u>W=0.0%  v<0=0.0%  v>H=0.0%
    [Step 3] After scale to canvas (scale_x=1.0000, scale_y=1.0000):
      u  min=98  max=421  mean=271.5
      v  min=240  max=681  mean=507.9
      Canvas target size : 510W x 720H px

  ── [STAGE 8d] Expected mask centroid on canvas ──
      Projected centroid : u=271.5 px  v=507.9 px
      Canvas centre      : u=255.0 px  v=360.0 px
      Offset from centre : Δu=16.5 px  Δv=147.9 px

  ── [STAGE 8e] Bounds Filter ──
    Total projected points : 19,164
    Inside canvas bounds   : 19,164  (100.0%)
    Duplicate pixel hits    : 0
  [INFO] Density non-zero pixels: 19,164
  [INFO] Density peak count     : 1
  [INFO] Raw mask white pixels before morphology: 19,164
  [INFO] White pixels after close: 22,882
  [INFO] Morphological open skipped for tip-loss debugging.
  [INFO] White pixels after open (skipped): 22,882

  ── [STAGE 8f] Final Mask Stats ──
    Bounding box : 323W x 441H px
    Mask centroid: (259.5, 460.5) px
    White pixels : 22,882
  masking.py run ended: 2026-06-13 20:00:35.634562
