
================================================================================
  masking.py run started: 2026-06-13 19:46:27.228308
================================================================================

━━━ [STAGE 1] Loading Point Cloud Array
  [INFO] Total raw points loaded: 366,525

━━━ [STAGE 2] Statistical Outlier Demolition
  [INFO] Points surviving outlier filter: 357,708

━━━ [STAGE 3] Live Plane Surface Isolation (RANSAC)
  [INFO] Original RANSAC: a=0.0125, b=-0.0366, c=0.9993, d=-0.4794
  [INFO] Normal vector pointing down. Flipping coefficients up toward lens.
  [INFO] Points isolated on belt plane: 337,182
  [INFO] Non-plane points going to workspace filter: 20,526

━━━ [STAGE 5] Direction-Enforced Spatial Pre-Filtering
  [INFO] Height gate window : 1.50mm to 500.00mm
  [INFO] Dist-from-plane mm : min=-6.305 mean=28.302 median=27.016 max=47.659
  [INFO] Rejected by lower gate: 135 / 20,526
  [INFO] Rejected by upper gate: 0 / 20,526
  [DEBUG] Points passing directional spatial filters: 20,391

━━━ [STAGE 6] Spatial Structural Isolation Clustering (DBSCAN)
  [INFO] DBSCAN discovered 1 distinct point groups.

━━━ [STAGE 7] Multi-Gate Geometric Evaluation
  Cluster #00 -> Pts: 20391 | Dims(mm): X= 82.3, Y=205.2, Z= 32.0 | VolRatio: 0.156 | Gates: [G1-4=1 G5_Size=1 G6_3D=1] -> PASSED
  [INFO] Winning Cluster selected: ID #0 (Score=0.7468)
  [INFO] Winning cluster point count: 20,391

━━━ [STAGE 8] Projection — Sensor Space → Cropped Canvas

  ── [STAGE 8a] Coordinate System Parameters ──
    Intrinsics    : fx=750.148  fy=749.790  cx=386.179  cy=366.086
    Crop offsets  : left=0 px  top=0 px
    Depth sensor  : 510W x 720H px
    RGB canvas    : 510W x 720H px
    Scale factors : scale_x=1.000000  scale_y=1.000000

  ── [STAGE 8b] 3-D Cluster Bounding Box (world space) ──
    X range : -0.1952 m  →  -0.1129 m  (span 82.3 mm)
    Y range : 0.0078 m  →  0.2131 m  (span 205.2 mm)
    Z range : 0.4390 m  →  0.4710 m  (span 32.0 mm)
    Z depth : mean=0.4575 m  std=0.0073 m  min=0.4390 m  max=0.4710 m

  ── [STAGE 8c] Projection Steps ──
    [Step 1] Full-sensor pixel coords (before crop subtraction):
      u_sensor  min=61.0  max=200.0  mean=127.4
      v_sensor  min=379.0  max=718.0  mean=560.8
    [OK] Sensor-space OOB: u=0.0%  v=0.0%
    [Step 2] After crop subtraction (crop_left=0, crop_top=0):
      u_cropped min=61.0  max=200.0  mean=127.4
      v_cropped min=379.0  max=718.0  mean=560.8
    [Step 2 Check] Cropped coords outside canvas: u<0=0.0%  u>W=0.0%  v<0=0.0%  v>H=0.0%
    [Step 3] After scale to canvas (scale_x=1.0000, scale_y=1.0000):
      u  min=61  max=200  mean=127.4
      v  min=379  max=718  mean=560.8
      Canvas target size : 510W x 720H px

  ── [STAGE 8d] Expected mask centroid on canvas ──
      Projected centroid : u=127.4 px  v=560.8 px
      Canvas centre      : u=255.0 px  v=360.0 px
      Offset from centre : Δu=-127.6 px  Δv=200.8 px

  ── [STAGE 8e] Bounds Filter ──
    Total projected points : 20,391
    Inside canvas bounds   : 20,391  (100.0%)
    Duplicate pixel hits    : 0
  [INFO] Density non-zero pixels: 20,391
  [INFO] Density peak count     : 1
  [INFO] Raw mask white pixels before morphology: 20,391
  [INFO] White pixels after close: 22,104
  [INFO] Morphological open skipped for tip-loss debugging.
  [INFO] White pixels after open (skipped): 22,104

  ── [STAGE 8f] Final Mask Stats ──
    Bounding box : 139W x 340H px
    Mask centroid: (130.5, 549.0) px
    White pixels : 22,104
  masking.py run ended: 2026-06-13 19:46:30.149166
