
================================================================================
  masking.py run started: 2026-06-13 19:51:32.655068
================================================================================

━━━ [STAGE 1] Loading Point Cloud Array
  [INFO] Total raw points loaded: 366,012

━━━ [STAGE 2] Statistical Outlier Demolition
  [INFO] Points surviving outlier filter: 355,556

━━━ [STAGE 3] Live Plane Surface Isolation (RANSAC)
  [INFO] Original RANSAC: a=0.0150, b=-0.0809, c=0.9966, d=-0.4751
  [INFO] Normal vector pointing down. Flipping coefficients up toward lens.
  [INFO] Points isolated on belt plane: 344,349
  [INFO] Non-plane points going to workspace filter: 11,207

━━━ [STAGE 5] Direction-Enforced Spatial Pre-Filtering
  [INFO] Height gate window : 1.50mm to 500.00mm
  [INFO] Dist-from-plane mm : min=13.277 mean=25.490 median=25.024 max=44.020
  [INFO] Rejected by lower gate: 0 / 11,207
  [INFO] Rejected by upper gate: 0 / 11,207
  [DEBUG] Points passing directional spatial filters: 11,207

━━━ [STAGE 6] Spatial Structural Isolation Clustering (DBSCAN)
  [INFO] DBSCAN discovered 1 distinct point groups.

━━━ [STAGE 7] Multi-Gate Geometric Evaluation
  Cluster #00 -> Pts: 11207 | Dims(mm): X=134.2, Y=141.5, Z= 35.0 | VolRatio: 0.247 | Gates: [G1-4=1 G5_Size=1 G6_3D=1] -> PASSED
  [INFO] Winning Cluster selected: ID #0 (Score=0.7742)
  [INFO] Winning cluster point count: 11,207

━━━ [STAGE 8] Projection — Sensor Space → Cropped Canvas

  ── [STAGE 8a] Coordinate System Parameters ──
    Intrinsics    : fx=750.148  fy=749.790  cx=386.179  cy=366.086
    Crop offsets  : left=0 px  top=0 px
    Depth sensor  : 510W x 720H px
    RGB canvas    : 510W x 720H px
    Scale factors : scale_x=1.000000  scale_y=1.000000

  ── [STAGE 8b] 3-D Cluster Bounding Box (world space) ──
    X range : -0.1698 m  →  -0.0357 m  (span 134.2 mm)
    Y range : 0.0663 m  →  0.2078 m  (span 141.5 mm)
    Z range : 0.4450 m  →  0.4800 m  (span 35.0 mm)
    Z depth : mean=0.4625 m  std=0.0085 m  min=0.4450 m  max=0.4800 m

  ── [STAGE 8c] Projection Steps ──
    [Step 1] Full-sensor pixel coords (before crop subtraction):
      u_sensor  min=111.0  max=329.0  mean=200.8
      v_sensor  min=473.0  max=699.0  mean=558.9
    [OK] Sensor-space OOB: u=0.0%  v=0.0%
    [Step 2] After crop subtraction (crop_left=0, crop_top=0):
      u_cropped min=111.0  max=329.0  mean=200.8
      v_cropped min=473.0  max=699.0  mean=558.9
    [Step 2 Check] Cropped coords outside canvas: u<0=0.0%  u>W=0.0%  v<0=0.0%  v>H=0.0%
    [Step 3] After scale to canvas (scale_x=1.0000, scale_y=1.0000):
      u  min=111  max=329  mean=200.8
      v  min=473  max=699  mean=558.9
      Canvas target size : 510W x 720H px

  ── [STAGE 8d] Expected mask centroid on canvas ──
      Projected centroid : u=200.8 px  v=558.9 px
      Canvas centre      : u=255.0 px  v=360.0 px
      Offset from centre : Δu=-54.2 px  Δv=198.9 px

  ── [STAGE 8e] Bounds Filter ──
    Total projected points : 11,207
    Inside canvas bounds   : 11,207  (100.0%)
    Duplicate pixel hits    : 0
  [INFO] Density non-zero pixels: 11,207
  [INFO] Density peak count     : 1
  [INFO] Raw mask white pixels before morphology: 11,207
  [INFO] White pixels after close: 13,039
  [INFO] Morphological open skipped for tip-loss debugging.
  [INFO] White pixels after open (skipped): 13,039

  ── [STAGE 8f] Final Mask Stats ──
    Bounding box : 218W x 226H px
    Mask centroid: (220.0, 586.0) px
    White pixels : 13,039
  masking.py run ended: 2026-06-13 19:51:34.198072
