
================================================================================
  masking.py run started: 2026-06-13 19:48:35.629135
================================================================================

━━━ [STAGE 1] Loading Point Cloud Array
  [INFO] Total raw points loaded: 366,413

━━━ [STAGE 2] Statistical Outlier Demolition
  [INFO] Points surviving outlier filter: 355,822

━━━ [STAGE 3] Live Plane Surface Isolation (RANSAC)
  [INFO] Original RANSAC: a=0.0162, b=-0.0486, c=0.9987, d=-0.4779
  [INFO] Normal vector pointing down. Flipping coefficients up toward lens.
  [INFO] Points isolated on belt plane: 342,280
  [INFO] Non-plane points going to workspace filter: 13,542

━━━ [STAGE 5] Direction-Enforced Spatial Pre-Filtering
  [INFO] Height gate window : 1.50mm to 500.00mm
  [INFO] Dist-from-plane mm : min=13.743 mean=34.208 median=36.818 max=50.636
  [INFO] Rejected by lower gate: 0 / 13,542
  [INFO] Rejected by upper gate: 0 / 13,542
  [DEBUG] Points passing directional spatial filters: 13,542

━━━ [STAGE 6] Spatial Structural Isolation Clustering (DBSCAN)
  [INFO] DBSCAN discovered 2 distinct point groups.

━━━ [STAGE 7] Multi-Gate Geometric Evaluation
  Cluster #00 -> Pts: 13515 | Dims(mm): X= 53.8, Y=213.5, Z= 44.0 | VolRatio: 0.206 | Gates: [G1-4=1 G5_Size=1 G6_3D=1] -> PASSED
  Cluster #01 -> Pts: 21    | Dims(mm): X=  1.3, Y=  4.8, Z=  2.0 | VolRatio: 0.267 | Gates: [G1-4=1 G5_Size=0 G6_3D=1] -> REJECTED
  [INFO] Winning Cluster selected: ID #0 (Score=0.7618)
  [INFO] Winning cluster point count: 13,515

━━━ [STAGE 8] Projection — Sensor Space → Cropped Canvas

  ── [STAGE 8a] Coordinate System Parameters ──
    Intrinsics    : fx=750.148  fy=749.790  cx=386.179  cy=366.086
    Crop offsets  : left=0 px  top=0 px
    Depth sensor  : 510W x 720H px
    RGB canvas    : 510W x 720H px
    Scale factors : scale_x=1.000000  scale_y=1.000000

  ── [STAGE 8b] 3-D Cluster Bounding Box (world space) ──
    X range : -0.0330 m  →  0.0208 m  (span 53.8 mm)
    Y range : 0.0005 m  →  0.2141 m  (span 213.5 mm)
    Z range : 0.4290 m  →  0.4730 m  (span 44.0 mm)
    Z depth : mean=0.4495 m  std=0.0109 m  min=0.4290 m  max=0.4730 m

  ── [STAGE 8c] Projection Steps ──
    [Step 1] Full-sensor pixel coords (before crop subtraction):
      u_sensor  min=331.0  max=421.0  mean=376.9
      v_sensor  min=367.0  max=718.0  mean=542.7
    [OK] Sensor-space OOB: u=0.0%  v=0.0%
    [Step 2] After crop subtraction (crop_left=0, crop_top=0):
      u_cropped min=331.0  max=421.0  mean=376.9
      v_cropped min=367.0  max=718.0  mean=542.7
    [Step 2 Check] Cropped coords outside canvas: u<0=0.0%  u>W=0.0%  v<0=0.0%  v>H=0.0%
    [Step 3] After scale to canvas (scale_x=1.0000, scale_y=1.0000):
      u  min=331  max=421  mean=376.9
      v  min=367  max=718  mean=542.7
      Canvas target size : 510W x 720H px

  ── [STAGE 8d] Expected mask centroid on canvas ──
      Projected centroid : u=376.9 px  v=542.7 px
      Canvas centre      : u=255.0 px  v=360.0 px
      Offset from centre : Δu=121.9 px  Δv=182.7 px

  ── [STAGE 8e] Bounds Filter ──
    Total projected points : 13,515
    Inside canvas bounds   : 13,515  (100.0%)
    Duplicate pixel hits    : 0
  [INFO] Density non-zero pixels: 13,515
  [INFO] Density peak count     : 1
  [INFO] Raw mask white pixels before morphology: 13,515
  [INFO] White pixels after close: 15,729
  [INFO] Morphological open skipped for tip-loss debugging.
  [INFO] White pixels after open (skipped): 15,729

  ── [STAGE 8f] Final Mask Stats ──
    Bounding box : 90W x 352H px
    Mask centroid: (376.0, 543.0) px
    White pixels : 15,729
  masking.py run ended: 2026-06-13 19:48:37.844904
