
================================================================================
  masking.py run started: 2026-06-13 19:49:53.551282
================================================================================

━━━ [STAGE 1] Loading Point Cloud Array
  [INFO] Total raw points loaded: 366,424

━━━ [STAGE 2] Statistical Outlier Demolition
  [INFO] Points surviving outlier filter: 354,756

━━━ [STAGE 3] Live Plane Surface Isolation (RANSAC)
  [INFO] Original RANSAC: a=0.0149, b=-0.0513, c=0.9986, d=-0.4782
  [INFO] Normal vector pointing down. Flipping coefficients up toward lens.
  [INFO] Points isolated on belt plane: 345,607
  [INFO] Non-plane points going to workspace filter: 9,149

━━━ [STAGE 5] Direction-Enforced Spatial Pre-Filtering
  [INFO] Height gate window : 1.50mm to 500.00mm
  [INFO] Dist-from-plane mm : min=14.686 mean=22.784 median=22.101 max=37.498
  [INFO] Rejected by lower gate: 0 / 9,149
  [INFO] Rejected by upper gate: 0 / 9,149
  [DEBUG] Points passing directional spatial filters: 9,149

━━━ [STAGE 6] Spatial Structural Isolation Clustering (DBSCAN)
  [INFO] DBSCAN discovered 1 distinct point groups.

━━━ [STAGE 7] Multi-Gate Geometric Evaluation
  Cluster #00 -> Pts: 9149  | Dims(mm): X=116.4, Y=133.1, Z= 23.0 | VolRatio: 0.173 | Gates: [G1-4=1 G5_Size=1 G6_3D=1] -> PASSED
  [INFO] Winning Cluster selected: ID #0 (Score=0.7093)
  [INFO] Winning cluster point count: 9,149

━━━ [STAGE 8] Projection — Sensor Space → Cropped Canvas

  ── [STAGE 8a] Coordinate System Parameters ──
    Intrinsics    : fx=750.148  fy=749.790  cx=386.179  cy=366.086
    Crop offsets  : left=0 px  top=0 px
    Depth sensor  : 510W x 720H px
    RGB canvas    : 510W x 720H px
    Scale factors : scale_x=1.000000  scale_y=1.000000

  ── [STAGE 8b] 3-D Cluster Bounding Box (world space) ──
    X range : -0.1042 m  →  0.0122 m  (span 116.4 mm)
    Y range : -0.1657 m  →  -0.0326 m  (span 133.1 mm)
    Z range : 0.4390 m  →  0.4620 m  (span 23.0 mm)
    Z depth : mean=0.4518 m  std=0.0049 m  min=0.4390 m  max=0.4620 m

  ── [STAGE 8c] Projection Steps ──
    [Step 1] Full-sensor pixel coords (before crop subtraction):
      u_sensor  min=211.0  max=406.0  mean=314.2
      v_sensor  min=93.0  max=313.0  mean=205.5
    [OK] Sensor-space OOB: u=0.0%  v=0.0%
    [Step 2] After crop subtraction (crop_left=0, crop_top=0):
      u_cropped min=211.0  max=406.0  mean=314.2
      v_cropped min=93.0  max=313.0  mean=205.5
    [Step 2 Check] Cropped coords outside canvas: u<0=0.0%  u>W=0.0%  v<0=0.0%  v>H=0.0%
    [Step 3] After scale to canvas (scale_x=1.0000, scale_y=1.0000):
      u  min=211  max=406  mean=314.2
      v  min=93  max=313  mean=205.5
      Canvas target size : 510W x 720H px

  ── [STAGE 8d] Expected mask centroid on canvas ──
      Projected centroid : u=314.2 px  v=205.5 px
      Canvas centre      : u=255.0 px  v=360.0 px
      Offset from centre : Δu=59.2 px  Δv=-154.5 px

  ── [STAGE 8e] Bounds Filter ──
    Total projected points : 9,149
    Inside canvas bounds   : 9,149  (100.0%)
    Duplicate pixel hits    : 0
  [INFO] Density non-zero pixels: 9,149
  [INFO] Density peak count     : 1
  [INFO] Raw mask white pixels before morphology: 9,149
  [INFO] White pixels after close: 9,867
  [INFO] Morphological open skipped for tip-loss debugging.
  [INFO] White pixels after open (skipped): 9,867

  ── [STAGE 8f] Final Mask Stats ──
    Bounding box : 195W x 220H px
    Mask centroid: (308.5, 203.0) px
    White pixels : 9,867
  masking.py run ended: 2026-06-13 19:49:55.277270
