
================================================================================
  masking.py run started: 2026-06-13 20:03:53.027947
================================================================================

━━━ [STAGE 1] Loading Point Cloud Array
  [INFO] Total raw points loaded: 365,905

━━━ [STAGE 2] Statistical Outlier Demolition
  [INFO] Points surviving outlier filter: 355,069

━━━ [STAGE 3] Live Plane Surface Isolation (RANSAC)
  [INFO] Original RANSAC: a=0.0142, b=-0.0890, c=0.9959, d=-0.4751
  [INFO] Normal vector pointing down. Flipping coefficients up toward lens.
  [INFO] Points isolated on belt plane: 334,063
  [INFO] Non-plane points going to workspace filter: 21,006

━━━ [STAGE 5] Direction-Enforced Spatial Pre-Filtering
  [INFO] Height gate window : 1.50mm to 500.00mm
  [INFO] Dist-from-plane mm : min=11.767 mean=46.819 median=50.938 max=64.946
  [INFO] Rejected by lower gate: 0 / 21,006
  [INFO] Rejected by upper gate: 0 / 21,006
  [DEBUG] Points passing directional spatial filters: 21,006

━━━ [STAGE 6] Spatial Structural Isolation Clustering (DBSCAN)
  [INFO] DBSCAN discovered 2 distinct point groups.

━━━ [STAGE 7] Multi-Gate Geometric Evaluation
  Cluster #00 -> Pts: 78    | Dims(mm): X=  6.4, Y= 13.2, Z= 12.0 | VolRatio: 0.486 | Gates: [G1-4=1 G5_Size=0 G6_3D=1] -> REJECTED
  Cluster #01 -> Pts: 20928 | Dims(mm): X=177.9, Y=115.2, Z= 54.0 | VolRatio: 0.304 | Gates: [G1-4=1 G5_Size=1 G6_3D=1] -> PASSED
  [INFO] Winning Cluster selected: ID #1 (Score=0.7911)
  [INFO] Winning cluster point count: 20,928

━━━ [STAGE 8] Projection — Sensor Space → Cropped Canvas

  ── [STAGE 8a] Coordinate System Parameters ──
    Intrinsics    : fx=750.148  fy=749.790  cx=386.179  cy=366.086
    Crop offsets  : left=0 px  top=0 px
    Depth sensor  : 510W x 720H px
    RGB canvas    : 510W x 720H px
    Scale factors : scale_x=1.000000  scale_y=1.000000

  ── [STAGE 8b] 3-D Cluster Bounding Box (world space) ──
    X range : -0.1053 m  →  0.0725 m  (span 177.9 mm)
    Y range : -0.1747 m  →  -0.0595 m  (span 115.2 mm)
    Z range : 0.4020 m  →  0.4560 m  (span 54.0 mm)
    Z depth : mean=0.4196 m  std=0.0135 m  min=0.4020 m  max=0.4560 m

  ── [STAGE 8c] Projection Steps ──
    [Step 1] Full-sensor pixel coords (before crop subtraction):
      u_sensor  min=211.0  max=509.0  mean=399.7
      v_sensor  min=73.0  max=266.0  mean=160.9
    [OK] Sensor-space OOB: u=0.0%  v=0.0%
    [Step 2] After crop subtraction (crop_left=0, crop_top=0):
      u_cropped min=211.0  max=509.0  mean=399.7
      v_cropped min=73.0  max=266.0  mean=160.9
    [Step 2 Check] Cropped coords outside canvas: u<0=0.0%  u>W=0.0%  v<0=0.0%  v>H=0.0%
    [Step 3] After scale to canvas (scale_x=1.0000, scale_y=1.0000):
      u  min=211  max=509  mean=399.7
      v  min=73  max=266  mean=160.9
      Canvas target size : 510W x 720H px

  ── [STAGE 8d] Expected mask centroid on canvas ──
      Projected centroid : u=399.7 px  v=160.9 px
      Canvas centre      : u=255.0 px  v=360.0 px
      Offset from centre : Δu=144.7 px  Δv=-199.1 px

  ── [STAGE 8e] Bounds Filter ──
    Total projected points : 20,928
    Inside canvas bounds   : 20,928  (100.0%)
    Duplicate pixel hits    : 0
  [INFO] Density non-zero pixels: 20,928
  [INFO] Density peak count     : 1
  [INFO] Raw mask white pixels before morphology: 20,928
  [INFO] White pixels after close: 22,421
  [INFO] Morphological open skipped for tip-loss debugging.
  [INFO] White pixels after open (skipped): 22,421

  ── [STAGE 8f] Final Mask Stats ──
    Bounding box : 298W x 193H px
    Mask centroid: (360.0, 169.5) px
    White pixels : 22,421
  masking.py run ended: 2026-06-13 20:03:55.915007
