
================================================================================
  masking.py run started: 2026-06-13 19:45:58.238834
================================================================================

━━━ [STAGE 1] Loading Point Cloud Array
  [INFO] Total raw points loaded: 366,520

━━━ [STAGE 2] Statistical Outlier Demolition
  [INFO] Points surviving outlier filter: 353,865

━━━ [STAGE 3] Live Plane Surface Isolation (RANSAC)
  [INFO] Original RANSAC: a=0.0149, b=-0.0355, c=0.9993, d=-0.4794
  [INFO] Normal vector pointing down. Flipping coefficients up toward lens.
  [INFO] Points isolated on belt plane: 330,047
  [INFO] Non-plane points going to workspace filter: 23,818

━━━ [STAGE 5] Direction-Enforced Spatial Pre-Filtering
  [INFO] Height gate window : 1.50mm to 500.00mm
  [INFO] Dist-from-plane mm : min=13.161 mean=39.534 median=39.087 max=76.659
  [INFO] Rejected by lower gate: 0 / 23,818
  [INFO] Rejected by upper gate: 0 / 23,818
  [DEBUG] Points passing directional spatial filters: 23,818

━━━ [STAGE 6] Spatial Structural Isolation Clustering (DBSCAN)
  [INFO] DBSCAN discovered 1 distinct point groups.

━━━ [STAGE 7] Multi-Gate Geometric Evaluation
  Cluster #00 -> Pts: 23817 | Dims(mm): X=179.3, Y=179.3, Z= 68.0 | VolRatio: 0.379 | Gates: [G1-4=1 G5_Size=1 G6_3D=1] -> PASSED
  [INFO] Winning Cluster selected: ID #0 (Score=0.8137)
  [INFO] Winning cluster point count: 23,817

━━━ [STAGE 8] Projection — Sensor Space → Cropped Canvas

  ── [STAGE 8a] Coordinate System Parameters ──
    Intrinsics    : fx=750.148  fy=749.790  cx=386.179  cy=366.086
    Crop offsets  : left=0 px  top=0 px
    Depth sensor  : 510W x 720H px
    RGB canvas    : 510W x 720H px
    Scale factors : scale_x=1.000000  scale_y=1.000000

  ── [STAGE 8b] 3-D Cluster Bounding Box (world space) ──
    X range : -0.1065 m  →  0.0728 m  (span 179.3 mm)
    Y range : -0.2067 m  →  -0.0274 m  (span 179.3 mm)
    Z range : 0.3960 m  →  0.4640 m  (span 68.0 mm)
    Z depth : mean=0.4361 m  std=0.0137 m  min=0.3960 m  max=0.4640 m

  ── [STAGE 8c] Projection Steps ──
    [Step 1] Full-sensor pixel coords (before crop subtraction):
      u_sensor  min=205.0  max=506.0  mean=350.7
      v_sensor  min=0.0  max=319.0  mean=155.8
    [OK] Sensor-space OOB: u=0.0%  v=0.0%
    [Step 2] After crop subtraction (crop_left=0, crop_top=0):
      u_cropped min=205.0  max=506.0  mean=350.7
      v_cropped min=0.0  max=319.0  mean=155.8
    [Step 2 Check] Cropped coords outside canvas: u<0=0.0%  u>W=0.0%  v<0=0.0%  v>H=0.0%
    [Step 3] After scale to canvas (scale_x=1.0000, scale_y=1.0000):
      u  min=205  max=506  mean=350.7
      v  min=0  max=319  mean=155.8
      Canvas target size : 510W x 720H px

  ── [STAGE 8d] Expected mask centroid on canvas ──
      Projected centroid : u=350.7 px  v=155.8 px
      Canvas centre      : u=255.0 px  v=360.0 px
      Offset from centre : Δu=95.7 px  Δv=-204.2 px

  ── [STAGE 8e] Bounds Filter ──
    Total projected points : 23,817
    Inside canvas bounds   : 23,817  (100.0%)
    Duplicate pixel hits    : 0
  [INFO] Density non-zero pixels: 23,817
  [INFO] Density peak count     : 1
  [INFO] Raw mask white pixels before morphology: 23,817
  [INFO] White pixels after close: 27,063
  [INFO] Morphological open skipped for tip-loss debugging.
  [INFO] White pixels after open (skipped): 27,063

  ── [STAGE 8f] Final Mask Stats ──
    Bounding box : 304W x 319H px
    Mask centroid: (357.0, 159.5) px
    White pixels : 27,063
  masking.py run ended: 2026-06-13 19:46:01.297415
