
================================================================================
  masking.py run started: 2026-06-13 20:02:25.822342
================================================================================

━━━ [STAGE 1] Loading Point Cloud Array
  [INFO] Total raw points loaded: 366,136

━━━ [STAGE 2] Statistical Outlier Demolition
  [INFO] Points surviving outlier filter: 357,310

━━━ [STAGE 3] Live Plane Surface Isolation (RANSAC)
  [INFO] Original RANSAC: a=0.0120, b=-0.0749, c=0.9971, d=-0.4767
  [INFO] Normal vector pointing down. Flipping coefficients up toward lens.
  [INFO] Points isolated on belt plane: 342,570
  [INFO] Non-plane points going to workspace filter: 14,740

━━━ [STAGE 5] Direction-Enforced Spatial Pre-Filtering
  [INFO] Height gate window : 1.50mm to 500.00mm
  [INFO] Dist-from-plane mm : min=14.156 mean=49.864 median=51.196 max=71.214
  [INFO] Rejected by lower gate: 0 / 14,740
  [INFO] Rejected by upper gate: 0 / 14,740
  [DEBUG] Points passing directional spatial filters: 14,740

━━━ [STAGE 6] Spatial Structural Isolation Clustering (DBSCAN)
  [INFO] DBSCAN discovered 3 distinct point groups.

━━━ [STAGE 7] Multi-Gate Geometric Evaluation
  Cluster #00 -> Pts: 14513 | Dims(mm): X= 86.8, Y=106.3, Z= 60.0 | VolRatio: 0.564 | Gates: [G1-4=1 G5_Size=1 G6_3D=1] -> PASSED
  Cluster #01 -> Pts: 22    | Dims(mm): X=  3.0, Y=  2.2, Z=  2.0 | VolRatio: 0.668 | Gates: [G1-4=0 G5_Size=0 G6_3D=1] -> REJECTED
  Cluster #02 -> Pts: 205   | Dims(mm): X= 20.0, Y= 22.6, Z= 33.0 | VolRatio: 0.606 | Gates: [G1-4=1 G5_Size=1 G6_3D=1] -> PASSED
  [INFO] Winning Cluster selected: ID #0 (Score=0.8693)
  [INFO] Winning cluster point count: 14,513

━━━ [STAGE 8] Projection — Sensor Space → Cropped Canvas

  ── [STAGE 8a] Coordinate System Parameters ──
    Intrinsics    : fx=750.148  fy=749.790  cx=386.179  cy=366.086
    Crop offsets  : left=0 px  top=0 px
    Depth sensor  : 510W x 720H px
    RGB canvas    : 510W x 720H px
    Scale factors : scale_x=1.000000  scale_y=1.000000

  ── [STAGE 8b] 3-D Cluster Bounding Box (world space) ──
    X range : -0.1867 m  →  -0.0999 m  (span 86.8 mm)
    Y range : -0.1132 m  →  -0.0069 m  (span 106.3 mm)
    Z range : 0.4040 m  →  0.4640 m  (span 60.0 mm)
    Z depth : mean=0.4254 m  std=0.0123 m  min=0.4040 m  max=0.4640 m

  ── [STAGE 8c] Projection Steps ──
    [Step 1] Full-sensor pixel coords (before crop subtraction):
      u_sensor  min=62.0  max=222.0  mean=147.3
      v_sensor  min=177.0  max=355.0  mean=268.0
    [OK] Sensor-space OOB: u=0.0%  v=0.0%
    [Step 2] After crop subtraction (crop_left=0, crop_top=0):
      u_cropped min=62.0  max=222.0  mean=147.3
      v_cropped min=177.0  max=355.0  mean=268.0
    [Step 2 Check] Cropped coords outside canvas: u<0=0.0%  u>W=0.0%  v<0=0.0%  v>H=0.0%
    [Step 3] After scale to canvas (scale_x=1.0000, scale_y=1.0000):
      u  min=62  max=222  mean=147.3
      v  min=177  max=355  mean=268.0
      Canvas target size : 510W x 720H px

  ── [STAGE 8d] Expected mask centroid on canvas ──
      Projected centroid : u=147.3 px  v=268.0 px
      Canvas centre      : u=255.0 px  v=360.0 px
      Offset from centre : Δu=-107.7 px  Δv=-92.0 px

  ── [STAGE 8e] Bounds Filter ──
    Total projected points : 14,513
    Inside canvas bounds   : 14,513  (100.0%)
    Duplicate pixel hits    : 0
  [INFO] Density non-zero pixels: 14,513
  [INFO] Density peak count     : 1
  [INFO] Raw mask white pixels before morphology: 14,513
  [INFO] White pixels after close: 15,866
  [INFO] Morphological open skipped for tip-loss debugging.
  [INFO] White pixels after open (skipped): 15,866

  ── [STAGE 8f] Final Mask Stats ──
    Bounding box : 160W x 178H px
    Mask centroid: (142.0, 266.0) px
    White pixels : 15,866
  masking.py run ended: 2026-06-13 20:02:28.412823
