
================================================================================
  masking.py run started: 2026-06-13 20:00:31.151809
================================================================================

━━━ [STAGE 1] Loading Point Cloud Array
  [INFO] Total raw points loaded: 366,359

━━━ [STAGE 2] Statistical Outlier Demolition
  [INFO] Points surviving outlier filter: 354,963

━━━ [STAGE 3] Live Plane Surface Isolation (RANSAC)
  [INFO] Original RANSAC: a=0.0146, b=-0.0518, c=0.9985, d=-0.4789
  [INFO] Normal vector pointing down. Flipping coefficients up toward lens.
  [INFO] Points isolated on belt plane: 335,409
  [INFO] Non-plane points going to workspace filter: 19,554

━━━ [STAGE 5] Direction-Enforced Spatial Pre-Filtering
  [INFO] Height gate window : 1.50mm to 500.00mm
  [INFO] Dist-from-plane mm : min=12.580 mean=42.819 median=42.923 max=74.248
  [INFO] Rejected by lower gate: 0 / 19,554
  [INFO] Rejected by upper gate: 0 / 19,554
  [DEBUG] Points passing directional spatial filters: 19,554

━━━ [STAGE 6] Spatial Structural Isolation Clustering (DBSCAN)
  [INFO] DBSCAN discovered 2 distinct point groups.

━━━ [STAGE 7] Multi-Gate Geometric Evaluation
  Cluster #00 -> Pts: 19532 | Dims(mm): X=104.7, Y=291.8, Z= 67.0 | VolRatio: 0.230 | Gates: [G1-4=1 G5_Size=1 G6_3D=1] -> PASSED
  Cluster #01 -> Pts: 14    | Dims(mm): X=  2.5, Y=  4.3, Z=  0.0 | VolRatio: 0.000 | Gates: [G1-4=0 G5_Size=0 G6_3D=0] -> REJECTED
  [INFO] Winning Cluster selected: ID #0 (Score=0.7689)
  [INFO] Winning cluster point count: 19,532

━━━ [STAGE 8] Projection — Sensor Space → Cropped Canvas

  ── [STAGE 8a] Coordinate System Parameters ──
    Intrinsics    : fx=750.148  fy=749.790  cx=386.179  cy=366.086
    Crop offsets  : left=0 px  top=0 px
    Depth sensor  : 510W x 720H px
    RGB canvas    : 510W x 720H px
    Scale factors : scale_x=1.000000  scale_y=1.000000

  ── [STAGE 8b] 3-D Cluster Bounding Box (world space) ──
    X range : -0.0368 m  →  0.0679 m  (span 104.7 mm)
    Y range : -0.0789 m  →  0.2128 m  (span 291.8 mm)
    Z range : 0.4070 m  →  0.4740 m  (span 67.0 mm)
    Z depth : mean=0.4413 m  std=0.0169 m  min=0.4070 m  max=0.4740 m

  ── [STAGE 8c] Projection Steps ──
    [Step 1] Full-sensor pixel coords (before crop subtraction):
      u_sensor  min=322.0  max=509.0  mean=407.5
      v_sensor  min=238.0  max=714.0  mean=522.7
    [OK] Sensor-space OOB: u=0.0%  v=0.0%
    [Step 2] After crop subtraction (crop_left=0, crop_top=0):
      u_cropped min=322.0  max=509.0  mean=407.5
      v_cropped min=238.0  max=714.0  mean=522.7
    [Step 2 Check] Cropped coords outside canvas: u<0=0.0%  u>W=0.0%  v<0=0.0%  v>H=0.0%
    [Step 3] After scale to canvas (scale_x=1.0000, scale_y=1.0000):
      u  min=322  max=509  mean=407.5
      v  min=238  max=714  mean=522.7
      Canvas target size : 510W x 720H px

  ── [STAGE 8d] Expected mask centroid on canvas ──
      Projected centroid : u=407.5 px  v=522.7 px
      Canvas centre      : u=255.0 px  v=360.0 px
      Offset from centre : Δu=152.5 px  Δv=162.7 px

  ── [STAGE 8e] Bounds Filter ──
    Total projected points : 19,532
    Inside canvas bounds   : 19,532  (100.0%)
    Duplicate pixel hits    : 0
  [INFO] Density non-zero pixels: 19,532
  [INFO] Density peak count     : 1
  [INFO] Raw mask white pixels before morphology: 19,532
  [INFO] White pixels after close: 21,764
  [INFO] Morphological open skipped for tip-loss debugging.
  [INFO] White pixels after open (skipped): 21,764

  ── [STAGE 8f] Final Mask Stats ──
    Bounding box : 187W x 476H px
    Mask centroid: (415.5, 476.0) px
    White pixels : 21,764
  masking.py run ended: 2026-06-13 20:00:33.428354
