
================================================================================
  masking.py run started: 2026-06-13 19:51:42.205031
================================================================================

━━━ [STAGE 1] Loading Point Cloud Array
  [INFO] Total raw points loaded: 366,049

━━━ [STAGE 2] Statistical Outlier Demolition
  [INFO] Points surviving outlier filter: 354,754

━━━ [STAGE 3] Live Plane Surface Isolation (RANSAC)
  [INFO] Original RANSAC: a=0.0143, b=-0.0823, c=0.9965, d=-0.4750
  [INFO] Normal vector pointing down. Flipping coefficients up toward lens.
  [INFO] Points isolated on belt plane: 335,928
  [INFO] Non-plane points going to workspace filter: 18,826

━━━ [STAGE 5] Direction-Enforced Spatial Pre-Filtering
  [INFO] Height gate window : 1.50mm to 500.00mm
  [INFO] Dist-from-plane mm : min=-5.871 mean=34.529 median=35.908 max=48.923
  [INFO] Rejected by lower gate: 68 / 18,826
  [INFO] Rejected by upper gate: 0 / 18,826
  [DEBUG] Points passing directional spatial filters: 18,758

━━━ [STAGE 6] Spatial Structural Isolation Clustering (DBSCAN)
  [INFO] DBSCAN discovered 4 distinct point groups.

━━━ [STAGE 7] Multi-Gate Geometric Evaluation
  Cluster #00 -> Pts: 18573 | Dims(mm): X=178.8, Y=138.6, Z= 45.0 | VolRatio: 0.252 | Gates: [G1-4=1 G5_Size=1 G6_3D=1] -> PASSED
  Cluster #01 -> Pts: 122   | Dims(mm): X=  8.0, Y= 16.2, Z=  4.0 | VolRatio: 0.248 | Gates: [G1-4=1 G5_Size=0 G6_3D=1] -> REJECTED
  Cluster #02 -> Pts: 11    | Dims(mm): X=  1.3, Y=  2.0, Z=  0.0 | VolRatio: 0.000 | Gates: [G1-4=0 G5_Size=0 G6_3D=0] -> REJECTED
  Cluster #03 -> Pts: 52    | Dims(mm): X= 11.8, Y=  6.4, Z=  1.0 | VolRatio: 0.085 | Gates: [G1-4=1 G5_Size=0 G6_3D=0] -> REJECTED
  [INFO] Winning Cluster selected: ID #0 (Score=0.7755)
  [INFO] Winning cluster point count: 18,573

━━━ [STAGE 8] Projection — Sensor Space → Cropped Canvas

  ── [STAGE 8a] Coordinate System Parameters ──
    Intrinsics    : fx=750.148  fy=749.790  cx=386.179  cy=366.086
    Crop offsets  : left=0 px  top=0 px
    Depth sensor  : 510W x 720H px
    RGB canvas    : 510W x 720H px
    Scale factors : scale_x=1.000000  scale_y=1.000000

  ── [STAGE 8b] 3-D Cluster Bounding Box (world space) ──
    X range : -0.1550 m  →  0.0238 m  (span 178.8 mm)
    Y range : -0.1339 m  →  0.0047 m  (span 138.6 mm)
    Z range : 0.4190 m  →  0.4640 m  (span 45.0 mm)
    Z depth : mean=0.4384 m  std=0.0090 m  min=0.4190 m  max=0.4640 m

  ── [STAGE 8c] Projection Steps ──
    [Step 1] Full-sensor pixel coords (before crop subtraction):
      u_sensor  min=129.0  max=427.0  mean=261.5
      v_sensor  min=131.0  max=374.0  mean=276.7
    [OK] Sensor-space OOB: u=0.0%  v=0.0%
    [Step 2] After crop subtraction (crop_left=0, crop_top=0):
      u_cropped min=129.0  max=427.0  mean=261.5
      v_cropped min=131.0  max=374.0  mean=276.7
    [Step 2 Check] Cropped coords outside canvas: u<0=0.0%  u>W=0.0%  v<0=0.0%  v>H=0.0%
    [Step 3] After scale to canvas (scale_x=1.0000, scale_y=1.0000):
      u  min=129  max=427  mean=261.5
      v  min=131  max=374  mean=276.7
      Canvas target size : 510W x 720H px

  ── [STAGE 8d] Expected mask centroid on canvas ──
      Projected centroid : u=261.5 px  v=276.7 px
      Canvas centre      : u=255.0 px  v=360.0 px
      Offset from centre : Δu=6.5 px  Δv=-83.3 px

  ── [STAGE 8e] Bounds Filter ──
    Total projected points : 18,573
    Inside canvas bounds   : 18,573  (100.0%)
    Duplicate pixel hits    : 0
  [INFO] Density non-zero pixels: 18,573
  [INFO] Density peak count     : 1
  [INFO] Raw mask white pixels before morphology: 18,573
  [INFO] White pixels after close: 20,602
  [INFO] Morphological open skipped for tip-loss debugging.
  [INFO] White pixels after open (skipped): 20,602

  ── [STAGE 8f] Final Mask Stats ──
    Bounding box : 298W x 243H px
    Mask centroid: (278.0, 252.5) px
    White pixels : 20,602
  masking.py run ended: 2026-06-13 19:51:44.442374
