
================================================================================
  masking.py run started: 2026-06-13 19:52:47.306070
================================================================================

━━━ [STAGE 1] Loading Point Cloud Array
  [INFO] Total raw points loaded: 365,653

━━━ [STAGE 2] Statistical Outlier Demolition
  [INFO] Points surviving outlier filter: 356,341

━━━ [STAGE 3] Live Plane Surface Isolation (RANSAC)
  [INFO] Original RANSAC: a=0.0146, b=-0.1061, c=0.9943, d=-0.4728
  [INFO] Normal vector pointing down. Flipping coefficients up toward lens.
  [INFO] Points isolated on belt plane: 348,947
  [INFO] Non-plane points going to workspace filter: 7,394

━━━ [STAGE 5] Direction-Enforced Spatial Pre-Filtering
  [INFO] Height gate window : 1.50mm to 500.00mm
  [INFO] Dist-from-plane mm : min=12.964 mean=34.729 median=36.912 max=57.780
  [INFO] Rejected by lower gate: 0 / 7,394
  [INFO] Rejected by upper gate: 0 / 7,394
  [DEBUG] Points passing directional spatial filters: 7,394

━━━ [STAGE 6] Spatial Structural Isolation Clustering (DBSCAN)
  [INFO] DBSCAN discovered 1 distinct point groups.

━━━ [STAGE 7] Multi-Gate Geometric Evaluation
  Cluster #00 -> Pts: 7394  | Dims(mm): X=117.6, Y= 92.6, Z= 51.0 | VolRatio: 0.434 | Gates: [G1-4=1 G5_Size=1 G6_3D=1] -> PASSED
  [INFO] Winning Cluster selected: ID #0 (Score=0.6998)
  [INFO] Winning cluster point count: 7,394

━━━ [STAGE 8] Projection — Sensor Space → Cropped Canvas

  ── [STAGE 8a] Coordinate System Parameters ──
    Intrinsics    : fx=750.148  fy=749.790  cx=386.179  cy=366.086
    Crop offsets  : left=0 px  top=0 px
    Depth sensor  : 510W x 720H px
    RGB canvas    : 510W x 720H px
    Scale factors : scale_x=1.000000  scale_y=1.000000

  ── [STAGE 8b] 3-D Cluster Bounding Box (world space) ──
    X range : -0.0430 m  →  0.0747 m  (span 117.6 mm)
    Y range : 0.0877 m  →  0.1803 m  (span 92.6 mm)
    Z range : 0.4290 m  →  0.4800 m  (span 51.0 mm)
    Z depth : mean=0.4546 m  std=0.0143 m  min=0.4290 m  max=0.4800 m

  ── [STAGE 8c] Projection Steps ──
    [Step 1] Full-sensor pixel coords (before crop subtraction):
      u_sensor  min=319.0  max=509.0  mean=417.8
      v_sensor  min=510.0  max=655.0  mean=586.2
    [OK] Sensor-space OOB: u=0.0%  v=0.0%
    [Step 2] After crop subtraction (crop_left=0, crop_top=0):
      u_cropped min=319.0  max=509.0  mean=417.8
      v_cropped min=510.0  max=655.0  mean=586.2
    [Step 2 Check] Cropped coords outside canvas: u<0=0.0%  u>W=0.0%  v<0=0.0%  v>H=0.0%
    [Step 3] After scale to canvas (scale_x=1.0000, scale_y=1.0000):
      u  min=319  max=509  mean=417.8
      v  min=510  max=655  mean=586.2
      Canvas target size : 510W x 720H px

  ── [STAGE 8d] Expected mask centroid on canvas ──
      Projected centroid : u=417.8 px  v=586.2 px
      Canvas centre      : u=255.0 px  v=360.0 px
      Offset from centre : Δu=162.8 px  Δv=226.2 px

  ── [STAGE 8e] Bounds Filter ──
    Total projected points : 7,394
    Inside canvas bounds   : 7,394  (100.0%)
    Duplicate pixel hits    : 0
  [INFO] Density non-zero pixels: 7,394
  [INFO] Density peak count     : 1
  [INFO] Raw mask white pixels before morphology: 7,394
  [INFO] White pixels after close: 9,143
  [INFO] Morphological open skipped for tip-loss debugging.
  [INFO] White pixels after open (skipped): 9,143

  ── [STAGE 8f] Final Mask Stats ──
    Bounding box : 190W x 145H px
    Mask centroid: (414.0, 582.5) px
    White pixels : 9,143
  masking.py run ended: 2026-06-13 19:52:48.587382
