
================================================================================
  masking.py run started: 2026-06-13 20:05:34.338377
================================================================================

━━━ [STAGE 1] Loading Point Cloud Array
  [INFO] Total raw points loaded: 365,767

━━━ [STAGE 2] Statistical Outlier Demolition
  [INFO] Points surviving outlier filter: 358,390

━━━ [STAGE 3] Live Plane Surface Isolation (RANSAC)
  [INFO] Original RANSAC: a=0.0156, b=-0.0992, c=0.9949, d=-0.4733
  [INFO] Normal vector pointing down. Flipping coefficients up toward lens.
  [INFO] Points isolated on belt plane: 326,902
  [INFO] Non-plane points going to workspace filter: 31,488

━━━ [STAGE 5] Direction-Enforced Spatial Pre-Filtering
  [INFO] Height gate window : 1.50mm to 500.00mm
  [INFO] Dist-from-plane mm : min=15.733 mean=66.873 median=69.470 max=81.392
  [INFO] Rejected by lower gate: 0 / 31,488
  [INFO] Rejected by upper gate: 0 / 31,488
  [DEBUG] Points passing directional spatial filters: 31,488

━━━ [STAGE 6] Spatial Structural Isolation Clustering (DBSCAN)
  [INFO] DBSCAN discovered 2 distinct point groups.

━━━ [STAGE 7] Multi-Gate Geometric Evaluation
  Cluster #00 -> Pts: 31466 | Dims(mm): X=122.0, Y=127.6, Z= 63.0 | VolRatio: 0.494 | Gates: [G1-4=1 G5_Size=1 G6_3D=1] -> PASSED
  Cluster #01 -> Pts: 21    | Dims(mm): X=  3.8, Y=  3.7, Z=  5.0 | VolRatio: 0.747 | Gates: [G1-4=1 G5_Size=0 G6_3D=1] -> REJECTED
  [INFO] Winning Cluster selected: ID #0 (Score=0.8481)
  [INFO] Winning cluster point count: 31,466

━━━ [STAGE 8] Projection — Sensor Space → Cropped Canvas

  ── [STAGE 8a] Coordinate System Parameters ──
    Intrinsics    : fx=750.148  fy=749.790  cx=386.179  cy=366.086
    Crop offsets  : left=0 px  top=0 px
    Depth sensor  : 510W x 720H px
    RGB canvas    : 510W x 720H px
    Scale factors : scale_x=1.000000  scale_y=1.000000

  ── [STAGE 8b] 3-D Cluster Bounding Box (world space) ──
    X range : -0.0512 m  →  0.0709 m  (span 122.0 mm)
    Y range : -0.0493 m  →  0.0784 m  (span 127.6 mm)
    Z range : 0.3930 m  →  0.4560 m  (span 63.0 mm)
    Z depth : mean=0.4100 m  std=0.0096 m  min=0.3930 m  max=0.4560 m

  ── [STAGE 8c] Projection Steps ──
    [Step 1] Full-sensor pixel coords (before crop subtraction):
      u_sensor  min=293.0  max=507.0  mean=406.0
      v_sensor  min=281.0  max=508.0  mean=397.2
    [OK] Sensor-space OOB: u=0.0%  v=0.0%
    [Step 2] After crop subtraction (crop_left=0, crop_top=0):
      u_cropped min=293.0  max=507.0  mean=406.0
      v_cropped min=281.0  max=508.0  mean=397.2
    [Step 2 Check] Cropped coords outside canvas: u<0=0.0%  u>W=0.0%  v<0=0.0%  v>H=0.0%
    [Step 3] After scale to canvas (scale_x=1.0000, scale_y=1.0000):
      u  min=293  max=507  mean=406.0
      v  min=281  max=508  mean=397.2
      Canvas target size : 510W x 720H px

  ── [STAGE 8d] Expected mask centroid on canvas ──
      Projected centroid : u=406.0 px  v=397.2 px
      Canvas centre      : u=255.0 px  v=360.0 px
      Offset from centre : Δu=151.0 px  Δv=37.2 px

  ── [STAGE 8e] Bounds Filter ──
    Total projected points : 31,466
    Inside canvas bounds   : 31,466  (100.0%)
    Duplicate pixel hits    : 0
  [INFO] Density non-zero pixels: 31,466
  [INFO] Density peak count     : 1
  [INFO] Raw mask white pixels before morphology: 31,466
  [INFO] White pixels after close: 32,158
  [INFO] Morphological open skipped for tip-loss debugging.
  [INFO] White pixels after open (skipped): 32,158

  ── [STAGE 8f] Final Mask Stats ──
    Bounding box : 216W x 227H px
    Mask centroid: (401.0, 394.5) px
    White pixels : 32,158
  masking.py run ended: 2026-06-13 20:05:39.149916
