
================================================================================
  masking.py run started: 2026-06-13 20:03:24.223596
================================================================================

━━━ [STAGE 1] Loading Point Cloud Array
  [INFO] Total raw points loaded: 365,900

━━━ [STAGE 2] Statistical Outlier Demolition
  [INFO] Points surviving outlier filter: 355,761

━━━ [STAGE 3] Live Plane Surface Isolation (RANSAC)
  [INFO] Original RANSAC: a=0.0150, b=-0.0882, c=0.9960, d=-0.4750
  [INFO] Normal vector pointing down. Flipping coefficients up toward lens.
  [INFO] Points isolated on belt plane: 333,058
  [INFO] Non-plane points going to workspace filter: 22,703

━━━ [STAGE 5] Direction-Enforced Spatial Pre-Filtering
  [INFO] Height gate window : 1.50mm to 500.00mm
  [INFO] Dist-from-plane mm : min=12.560 mean=46.020 median=50.765 max=75.080
  [INFO] Rejected by lower gate: 0 / 22,703
  [INFO] Rejected by upper gate: 0 / 22,703
  [DEBUG] Points passing directional spatial filters: 22,703

━━━ [STAGE 6] Spatial Structural Isolation Clustering (DBSCAN)
  [INFO] DBSCAN discovered 2 distinct point groups.

━━━ [STAGE 7] Multi-Gate Geometric Evaluation
  Cluster #00 -> Pts: 22693 | Dims(mm): X= 75.9, Y=229.2, Z= 59.0 | VolRatio: 0.257 | Gates: [G1-4=1 G5_Size=1 G6_3D=1] -> PASSED
  Cluster #01 -> Pts: 10    | Dims(mm): X=  2.0, Y=  2.5, Z=  1.0 | VolRatio: 0.401 | Gates: [G1-4=0 G5_Size=0 G6_3D=1] -> REJECTED
  [INFO] Winning Cluster selected: ID #0 (Score=0.7772)
  [INFO] Winning cluster point count: 22,693

━━━ [STAGE 8] Projection — Sensor Space → Cropped Canvas

  ── [STAGE 8a] Coordinate System Parameters ──
    Intrinsics    : fx=750.148  fy=749.790  cx=386.179  cy=366.086
    Crop offsets  : left=0 px  top=0 px
    Depth sensor  : 510W x 720H px
    RGB canvas    : 510W x 720H px
    Scale factors : scale_x=1.000000  scale_y=1.000000

  ── [STAGE 8b] 3-D Cluster Bounding Box (world space) ──
    X range : -0.0019 m  →  0.0741 m  (span 75.9 mm)
    Y range : -0.1566 m  →  0.0726 m  (span 229.2 mm)
    Z range : 0.4070 m  →  0.4660 m  (span 59.0 mm)
    Z depth : mean=0.4277 m  std=0.0114 m  min=0.4070 m  max=0.4660 m

  ── [STAGE 8c] Projection Steps ──
    [Step 1] Full-sensor pixel coords (before crop subtraction):
      u_sensor  min=383.0  max=509.0  mean=444.4
      v_sensor  min=104.0  max=496.0  mean=318.9
    [OK] Sensor-space OOB: u=0.0%  v=0.0%
    [Step 2] After crop subtraction (crop_left=0, crop_top=0):
      u_cropped min=383.0  max=509.0  mean=444.4
      v_cropped min=104.0  max=496.0  mean=318.9
    [Step 2 Check] Cropped coords outside canvas: u<0=0.0%  u>W=0.0%  v<0=0.0%  v>H=0.0%
    [Step 3] After scale to canvas (scale_x=1.0000, scale_y=1.0000):
      u  min=383  max=509  mean=444.4
      v  min=104  max=496  mean=318.9
      Canvas target size : 510W x 720H px

  ── [STAGE 8d] Expected mask centroid on canvas ──
      Projected centroid : u=444.4 px  v=318.9 px
      Canvas centre      : u=255.0 px  v=360.0 px
      Offset from centre : Δu=189.4 px  Δv=-41.1 px

  ── [STAGE 8e] Bounds Filter ──
    Total projected points : 22,693
    Inside canvas bounds   : 22,693  (100.0%)
    Duplicate pixel hits    : 0
  [INFO] Density non-zero pixels: 22,693
  [INFO] Density peak count     : 1
  [INFO] Raw mask white pixels before morphology: 22,693
  [INFO] White pixels after close: 25,072
  [INFO] Morphological open skipped for tip-loss debugging.
  [INFO] White pixels after open (skipped): 25,072

  ── [STAGE 8f] Final Mask Stats ──
    Bounding box : 126W x 392H px
    Mask centroid: (446.0, 300.0) px
    White pixels : 25,072
  masking.py run ended: 2026-06-13 20:03:28.086580
