
================================================================================
  masking.py run started: 2026-06-13 19:51:27.550445
================================================================================

━━━ [STAGE 1] Loading Point Cloud Array
  [INFO] Total raw points loaded: 366,056

━━━ [STAGE 2] Statistical Outlier Demolition
  [INFO] Points surviving outlier filter: 354,767

━━━ [STAGE 3] Live Plane Surface Isolation (RANSAC)
  [INFO] Original RANSAC: a=0.0144, b=-0.0813, c=0.9966, d=-0.4751
  [INFO] Normal vector pointing down. Flipping coefficients up toward lens.
  [INFO] Points isolated on belt plane: 342,692
  [INFO] Non-plane points going to workspace filter: 12,075

━━━ [STAGE 5] Direction-Enforced Spatial Pre-Filtering
  [INFO] Height gate window : 1.50mm to 500.00mm
  [INFO] Dist-from-plane mm : min=12.620 mean=26.645 median=25.983 max=44.157
  [INFO] Rejected by lower gate: 0 / 12,075
  [INFO] Rejected by upper gate: 0 / 12,075
  [DEBUG] Points passing directional spatial filters: 12,075

━━━ [STAGE 6] Spatial Structural Isolation Clustering (DBSCAN)
  [INFO] DBSCAN discovered 1 distinct point groups.

━━━ [STAGE 7] Multi-Gate Geometric Evaluation
  Cluster #00 -> Pts: 12075 | Dims(mm): X=139.9, Y=119.9, Z= 36.0 | VolRatio: 0.257 | Gates: [G1-4=1 G5_Size=1 G6_3D=1] -> PASSED
  [INFO] Winning Cluster selected: ID #0 (Score=0.7772)
  [INFO] Winning cluster point count: 12,075

━━━ [STAGE 8] Projection — Sensor Space → Cropped Canvas

  ── [STAGE 8a] Coordinate System Parameters ──
    Intrinsics    : fx=750.148  fy=749.790  cx=386.179  cy=366.086
    Crop offsets  : left=0 px  top=0 px
    Depth sensor  : 510W x 720H px
    RGB canvas    : 510W x 720H px
    Scale factors : scale_x=1.000000  scale_y=1.000000

  ── [STAGE 8b] 3-D Cluster Bounding Box (world space) ──
    X range : -0.1700 m  →  -0.0302 m  (span 139.9 mm)
    Y range : -0.2124 m  →  -0.0925 m  (span 119.9 mm)
    Z range : 0.4220 m  →  0.4580 m  (span 36.0 mm)
    Z depth : mean=0.4401 m  std=0.0088 m  min=0.4220 m  max=0.4580 m

  ── [STAGE 8c] Projection Steps ──
    [Step 1] Full-sensor pixel coords (before crop subtraction):
      u_sensor  min=104.0  max=336.0  mean=237.3
      v_sensor  min=0.0  max=212.0  mean=131.4
    [OK] Sensor-space OOB: u=0.0%  v=0.0%
    [Step 2] After crop subtraction (crop_left=0, crop_top=0):
      u_cropped min=104.0  max=336.0  mean=237.3
      v_cropped min=0.0  max=212.0  mean=131.4
    [Step 2 Check] Cropped coords outside canvas: u<0=0.0%  u>W=0.0%  v<0=0.0%  v>H=0.0%
    [Step 3] After scale to canvas (scale_x=1.0000, scale_y=1.0000):
      u  min=104  max=336  mean=237.3
      v  min=0  max=212  mean=131.4
      Canvas target size : 510W x 720H px

  ── [STAGE 8d] Expected mask centroid on canvas ──
      Projected centroid : u=237.3 px  v=131.4 px
      Canvas centre      : u=255.0 px  v=360.0 px
      Offset from centre : Δu=-17.7 px  Δv=-228.6 px

  ── [STAGE 8e] Bounds Filter ──
    Total projected points : 12,075
    Inside canvas bounds   : 12,075  (100.0%)
    Duplicate pixel hits    : 0
  [INFO] Density non-zero pixels: 12,075
  [INFO] Density peak count     : 1
  [INFO] Raw mask white pixels before morphology: 12,075
  [INFO] White pixels after close: 13,654
  [INFO] Morphological open skipped for tip-loss debugging.
  [INFO] White pixels after open (skipped): 13,654

  ── [STAGE 8f] Final Mask Stats ──
    Bounding box : 232W x 212H px
    Mask centroid: (220.0, 106.0) px
    White pixels : 13,654
  masking.py run ended: 2026-06-13 19:51:29.237394
