
================================================================================
  masking.py run started: 2026-06-13 20:05:53.025347
================================================================================

━━━ [STAGE 1] Loading Point Cloud Array
  [INFO] Total raw points loaded: 365,755

━━━ [STAGE 2] Statistical Outlier Demolition
  [INFO] Points surviving outlier filter: 355,497

━━━ [STAGE 3] Live Plane Surface Isolation (RANSAC)
  [INFO] Original RANSAC: a=0.0139, b=-0.1009, c=0.9948, d=-0.4736
  [INFO] Normal vector pointing down. Flipping coefficients up toward lens.
  [INFO] Points isolated on belt plane: 341,699
  [INFO] Non-plane points going to workspace filter: 13,798

━━━ [STAGE 5] Direction-Enforced Spatial Pre-Filtering
  [INFO] Height gate window : 1.50mm to 500.00mm
  [INFO] Dist-from-plane mm : min=15.673 mean=37.140 median=38.557 max=56.319
  [INFO] Rejected by lower gate: 0 / 13,798
  [INFO] Rejected by upper gate: 0 / 13,798
  [DEBUG] Points passing directional spatial filters: 13,798

━━━ [STAGE 6] Spatial Structural Isolation Clustering (DBSCAN)
  [INFO] DBSCAN discovered 1 distinct point groups.

━━━ [STAGE 7] Multi-Gate Geometric Evaluation
  Cluster #00 -> Pts: 13798 | Dims(mm): X=116.8, Y=142.9, Z= 44.0 | VolRatio: 0.308 | Gates: [G1-4=1 G5_Size=1 G6_3D=1] -> PASSED
  [INFO] Winning Cluster selected: ID #0 (Score=0.7924)
  [INFO] Winning cluster point count: 13,798

━━━ [STAGE 8] Projection — Sensor Space → Cropped Canvas

  ── [STAGE 8a] Coordinate System Parameters ──
    Intrinsics    : fx=750.148  fy=749.790  cx=386.179  cy=366.086
    Crop offsets  : left=0 px  top=0 px
    Depth sensor  : 510W x 720H px
    RGB canvas    : 510W x 720H px
    Scale factors : scale_x=1.000000  scale_y=1.000000

  ── [STAGE 8b] 3-D Cluster Bounding Box (world space) ──
    X range : -0.1051 m  →  0.0117 m  (span 116.8 mm)
    Y range : -0.0001 m  →  0.1429 m  (span 142.9 mm)
    Z range : 0.4300 m  →  0.4740 m  (span 44.0 mm)
    Z depth : mean=0.4468 m  std=0.0081 m  min=0.4300 m  max=0.4740 m

  ── [STAGE 8c] Projection Steps ──
    [Step 1] Full-sensor pixel coords (before crop subtraction):
      u_sensor  min=214.0  max=405.0  mean=309.8
      v_sensor  min=366.0  max=594.0  mean=488.9
    [OK] Sensor-space OOB: u=0.0%  v=0.0%
    [Step 2] After crop subtraction (crop_left=0, crop_top=0):
      u_cropped min=214.0  max=405.0  mean=309.8
      v_cropped min=366.0  max=594.0  mean=488.9
    [Step 2 Check] Cropped coords outside canvas: u<0=0.0%  u>W=0.0%  v<0=0.0%  v>H=0.0%
    [Step 3] After scale to canvas (scale_x=1.0000, scale_y=1.0000):
      u  min=214  max=405  mean=309.8
      v  min=366  max=594  mean=488.9
      Canvas target size : 510W x 720H px

  ── [STAGE 8d] Expected mask centroid on canvas ──
      Projected centroid : u=309.8 px  v=488.9 px
      Canvas centre      : u=255.0 px  v=360.0 px
      Offset from centre : Δu=54.8 px  Δv=128.9 px

  ── [STAGE 8e] Bounds Filter ──
    Total projected points : 13,798
    Inside canvas bounds   : 13,798  (100.0%)
    Duplicate pixel hits    : 0
  [INFO] Density non-zero pixels: 13,798
  [INFO] Density peak count     : 1
  [INFO] Raw mask white pixels before morphology: 13,798
  [INFO] White pixels after close: 16,573
  [INFO] Morphological open skipped for tip-loss debugging.
  [INFO] White pixels after open (skipped): 16,573

  ── [STAGE 8f] Final Mask Stats ──
    Bounding box : 191W x 228H px
    Mask centroid: (309.5, 480.0) px
    White pixels : 16,573
  masking.py run ended: 2026-06-13 20:05:55.190056
