
================================================================================
  masking.py run started: 2026-06-13 19:57:15.590796
================================================================================

━━━ [STAGE 1] Loading Point Cloud Array
  [INFO] Total raw points loaded: 363,645

━━━ [STAGE 2] Statistical Outlier Demolition
  [INFO] Points surviving outlier filter: 353,930

━━━ [STAGE 3] Live Plane Surface Isolation (RANSAC)
  [INFO] Original RANSAC: a=0.0150, b=-0.1955, c=0.9806, d=-0.4634
  [INFO] Normal vector pointing down. Flipping coefficients up toward lens.
  [INFO] Points isolated on belt plane: 332,822
  [INFO] Non-plane points going to workspace filter: 21,108

━━━ [STAGE 5] Direction-Enforced Spatial Pre-Filtering
  [INFO] Height gate window : 1.50mm to 500.00mm
  [INFO] Dist-from-plane mm : min=7.891 mean=49.873 median=52.523 max=67.481
  [INFO] Rejected by lower gate: 0 / 21,108
  [INFO] Rejected by upper gate: 0 / 21,108
  [DEBUG] Points passing directional spatial filters: 21,108

━━━ [STAGE 6] Spatial Structural Isolation Clustering (DBSCAN)
  [INFO] DBSCAN discovered 1 distinct point groups.

━━━ [STAGE 7] Multi-Gate Geometric Evaluation
  Cluster #00 -> Pts: 21105 | Dims(mm): X= 82.3, Y=187.2, Z= 71.0 | VolRatio: 0.379 | Gates: [G1-4=1 G5_Size=1 G6_3D=1] -> PASSED
  [INFO] Winning Cluster selected: ID #0 (Score=0.8138)
  [INFO] Winning cluster point count: 21,105

━━━ [STAGE 8] Projection — Sensor Space → Cropped Canvas

  ── [STAGE 8a] Coordinate System Parameters ──
    Intrinsics    : fx=750.148  fy=749.790  cx=386.179  cy=366.086
    Crop offsets  : left=0 px  top=0 px
    Depth sensor  : 510W x 720H px
    RGB canvas    : 510W x 720H px
    Scale factors : scale_x=1.000000  scale_y=1.000000

  ── [STAGE 8b] 3-D Cluster Bounding Box (world space) ──
    X range : -0.0251 m  →  0.0572 m  (span 82.3 mm)
    Y range : -0.1294 m  →  0.0578 m  (span 187.2 mm)
    Z range : 0.3960 m  →  0.4670 m  (span 71.0 mm)
    Z depth : mean=0.4144 m  std=0.0132 m  min=0.3960 m  max=0.4670 m

  ── [STAGE 8c] Projection Steps ──
    [Step 1] Full-sensor pixel coords (before crop subtraction):
      u_sensor  min=343.0  max=482.0  mean=413.9
      v_sensor  min=140.0  max=462.0  mean=301.2
    [OK] Sensor-space OOB: u=0.0%  v=0.0%
    [Step 2] After crop subtraction (crop_left=0, crop_top=0):
      u_cropped min=343.0  max=482.0  mean=413.9
      v_cropped min=140.0  max=462.0  mean=301.2
    [Step 2 Check] Cropped coords outside canvas: u<0=0.0%  u>W=0.0%  v<0=0.0%  v>H=0.0%
    [Step 3] After scale to canvas (scale_x=1.0000, scale_y=1.0000):
      u  min=343  max=482  mean=413.9
      v  min=140  max=462  mean=301.2
      Canvas target size : 510W x 720H px

  ── [STAGE 8d] Expected mask centroid on canvas ──
      Projected centroid : u=413.9 px  v=301.2 px
      Canvas centre      : u=255.0 px  v=360.0 px
      Offset from centre : Δu=158.9 px  Δv=-58.8 px

  ── [STAGE 8e] Bounds Filter ──
    Total projected points : 21,105
    Inside canvas bounds   : 21,105  (100.0%)
    Duplicate pixel hits    : 0
  [INFO] Density non-zero pixels: 21,105
  [INFO] Density peak count     : 1
  [INFO] Raw mask white pixels before morphology: 21,105
  [INFO] White pixels after close: 22,333
  [INFO] Morphological open skipped for tip-loss debugging.
  [INFO] White pixels after open (skipped): 22,333

  ── [STAGE 8f] Final Mask Stats ──
    Bounding box : 139W x 322H px
    Mask centroid: (412.5, 301.0) px
    White pixels : 22,333
  masking.py run ended: 2026-06-13 19:57:19.609923
