
================================================================================
  masking.py run started: 2026-06-13 19:53:31.478090
================================================================================

━━━ [STAGE 1] Loading Point Cloud Array
  [INFO] Total raw points loaded: 365,005

━━━ [STAGE 2] Statistical Outlier Demolition
  [INFO] Points surviving outlier filter: 356,584

━━━ [STAGE 3] Live Plane Surface Isolation (RANSAC)
  [INFO] Original RANSAC: a=0.0148, b=-0.1402, c=0.9900, d=-0.4692
  [INFO] Normal vector pointing down. Flipping coefficients up toward lens.
  [INFO] Points isolated on belt plane: 346,851
  [INFO] Non-plane points going to workspace filter: 9,733

━━━ [STAGE 5] Direction-Enforced Spatial Pre-Filtering
  [INFO] Height gate window : 1.50mm to 500.00mm
  [INFO] Dist-from-plane mm : min=-5.489 mean=30.672 median=29.925 max=58.916
  [INFO] Rejected by lower gate: 351 / 9,733
  [INFO] Rejected by upper gate: 0 / 9,733
  [DEBUG] Points passing directional spatial filters: 9,382

━━━ [STAGE 6] Spatial Structural Isolation Clustering (DBSCAN)
  [INFO] DBSCAN discovered 3 distinct point groups.

━━━ [STAGE 7] Multi-Gate Geometric Evaluation
  Cluster #00 -> Pts: 9117  | Dims(mm): X= 85.6, Y= 73.5, Z= 45.0 | VolRatio: 0.526 | Gates: [G1-4=1 G5_Size=1 G6_3D=1] -> PASSED
  Cluster #01 -> Pts: 13    | Dims(mm): X=  1.3, Y=  2.6, Z=  0.0 | VolRatio: 0.000 | Gates: [G1-4=0 G5_Size=0 G6_3D=0] -> REJECTED
  Cluster #02 -> Pts: 246   | Dims(mm): X= 11.0, Y= 58.6, Z= 10.0 | VolRatio: 0.171 | Gates: [G1-4=1 G5_Size=0 G6_3D=1] -> REJECTED
  [INFO] Winning Cluster selected: ID #0 (Score=0.8136)
  [INFO] Winning cluster point count: 9,117

━━━ [STAGE 8] Projection — Sensor Space → Cropped Canvas

  ── [STAGE 8a] Coordinate System Parameters ──
    Intrinsics    : fx=750.148  fy=749.790  cx=386.179  cy=366.086
    Crop offsets  : left=0 px  top=0 px
    Depth sensor  : 510W x 720H px
    RGB canvas    : 510W x 720H px
    Scale factors : scale_x=1.000000  scale_y=1.000000

  ── [STAGE 8b] 3-D Cluster Bounding Box (world space) ──
    X range : -0.0538 m  →  0.0318 m  (span 85.6 mm)
    Y range : -0.0673 m  →  0.0062 m  (span 73.5 mm)
    Z range : 0.4090 m  →  0.4540 m  (span 45.0 mm)
    Z depth : mean=0.4371 m  std=0.0115 m  min=0.4090 m  max=0.4540 m

  ── [STAGE 8c] Projection Steps ──
    [Step 1] Full-sensor pixel coords (before crop subtraction):
      u_sensor  min=291.0  max=439.0  mean=366.7
      v_sensor  min=250.0  max=377.0  mean=318.1
    [OK] Sensor-space OOB: u=0.0%  v=0.0%
    [Step 2] After crop subtraction (crop_left=0, crop_top=0):
      u_cropped min=291.0  max=439.0  mean=366.7
      v_cropped min=250.0  max=377.0  mean=318.1
    [Step 2 Check] Cropped coords outside canvas: u<0=0.0%  u>W=0.0%  v<0=0.0%  v>H=0.0%
    [Step 3] After scale to canvas (scale_x=1.0000, scale_y=1.0000):
      u  min=291  max=439  mean=366.7
      v  min=250  max=377  mean=318.1
      Canvas target size : 510W x 720H px

  ── [STAGE 8d] Expected mask centroid on canvas ──
      Projected centroid : u=366.7 px  v=318.1 px
      Canvas centre      : u=255.0 px  v=360.0 px
      Offset from centre : Δu=111.7 px  Δv=-41.9 px

  ── [STAGE 8e] Bounds Filter ──
    Total projected points : 9,117
    Inside canvas bounds   : 9,117  (100.0%)
    Duplicate pixel hits    : 0
  [INFO] Density non-zero pixels: 9,117
  [INFO] Density peak count     : 1
  [INFO] Raw mask white pixels before morphology: 9,117
  [INFO] White pixels after close: 10,786
  [INFO] Morphological open skipped for tip-loss debugging.
  [INFO] White pixels after open (skipped): 10,786

  ── [STAGE 8f] Final Mask Stats ──
    Bounding box : 148W x 127H px
    Mask centroid: (365.0, 313.5) px
    White pixels : 10,786
  masking.py run ended: 2026-06-13 19:53:32.908085
