
================================================================================
  masking.py run started: 2026-06-13 19:46:07.010907
================================================================================

━━━ [STAGE 1] Loading Point Cloud Array
  [INFO] Total raw points loaded: 366,384

━━━ [STAGE 2] Statistical Outlier Demolition
  [INFO] Points surviving outlier filter: 352,056

━━━ [STAGE 3] Live Plane Surface Isolation (RANSAC)
  [INFO] Original RANSAC: a=0.0126, b=-0.0366, c=0.9993, d=-0.4790
  [INFO] Normal vector pointing down. Flipping coefficients up toward lens.
  [INFO] Points isolated on belt plane: 320,760
  [INFO] Non-plane points going to workspace filter: 31,296

━━━ [STAGE 5] Direction-Enforced Spatial Pre-Filtering
  [INFO] Height gate window : 1.50mm to 500.00mm
  [INFO] Dist-from-plane mm : min=-22.955 mean=50.725 median=50.098 max=93.415
  [INFO] Rejected by lower gate: 333 / 31,296
  [INFO] Rejected by upper gate: 0 / 31,296
  [DEBUG] Points passing directional spatial filters: 30,963

━━━ [STAGE 6] Spatial Structural Isolation Clustering (DBSCAN)
  [INFO] DBSCAN discovered 2 distinct point groups.

━━━ [STAGE 7] Multi-Gate Geometric Evaluation
  Cluster #00 -> Pts: 30929 | Dims(mm): X=193.5, Y=239.5, Z= 85.0 | VolRatio: 0.355 | Gates: [G1-4=1 G5_Size=1 G6_3D=1] -> PASSED
  Cluster #01 -> Pts: 14    | Dims(mm): X=  4.9, Y=  0.6, Z=  0.0 | VolRatio: 0.000 | Gates: [G1-4=0 G5_Size=0 G6_3D=0] -> REJECTED
  [INFO] Winning Cluster selected: ID #0 (Score=0.8065)
  [INFO] Winning cluster point count: 30,929

━━━ [STAGE 8] Projection — Sensor Space → Cropped Canvas

  ── [STAGE 8a] Coordinate System Parameters ──
    Intrinsics    : fx=750.148  fy=749.790  cx=386.179  cy=366.086
    Crop offsets  : left=0 px  top=0 px
    Depth sensor  : 510W x 720H px
    RGB canvas    : 510W x 720H px
    Scale factors : scale_x=1.000000  scale_y=1.000000

  ── [STAGE 8b] 3-D Cluster Bounding Box (world space) ──
    X range : -0.1954 m  →  -0.0019 m  (span 193.5 mm)
    Y range : -0.1494 m  →  0.0902 m  (span 239.5 mm)
    Z range : 0.3860 m  →  0.4710 m  (span 85.0 mm)
    Z depth : mean=0.4286 m  std=0.0193 m  min=0.3860 m  max=0.4710 m

  ── [STAGE 8c] Projection Steps ──
    [Step 1] Full-sensor pixel coords (before crop subtraction):
      u_sensor  min=59.0  max=383.0  mean=204.3
      v_sensor  min=100.0  max=514.0  mean=337.0
    [OK] Sensor-space OOB: u=0.0%  v=0.0%
    [Step 2] After crop subtraction (crop_left=0, crop_top=0):
      u_cropped min=59.0  max=383.0  mean=204.3
      v_cropped min=100.0  max=514.0  mean=337.0
    [Step 2 Check] Cropped coords outside canvas: u<0=0.0%  u>W=0.0%  v<0=0.0%  v>H=0.0%
    [Step 3] After scale to canvas (scale_x=1.0000, scale_y=1.0000):
      u  min=59  max=383  mean=204.3
      v  min=100  max=514  mean=337.0
      Canvas target size : 510W x 720H px

  ── [STAGE 8d] Expected mask centroid on canvas ──
      Projected centroid : u=204.3 px  v=337.0 px
      Canvas centre      : u=255.0 px  v=360.0 px
      Offset from centre : Δu=-50.7 px  Δv=-23.0 px

  ── [STAGE 8e] Bounds Filter ──
    Total projected points : 30,929
    Inside canvas bounds   : 30,929  (100.0%)
    Duplicate pixel hits    : 0
  [INFO] Density non-zero pixels: 30,929
  [INFO] Density peak count     : 1
  [INFO] Raw mask white pixels before morphology: 30,929
  [INFO] White pixels after close: 34,775
  [INFO] Morphological open skipped for tip-loss debugging.
  [INFO] White pixels after open (skipped): 34,775

  ── [STAGE 8f] Final Mask Stats ──
    Bounding box : 324W x 414H px
    Mask centroid: (221.0, 307.0) px
    White pixels : 34,775
  masking.py run ended: 2026-06-13 19:46:10.627374
