
================================================================================
  masking.py run started: 2026-06-13 19:57:27.273435
================================================================================

━━━ [STAGE 1] Loading Point Cloud Array
  [INFO] Total raw points loaded: 363,655

━━━ [STAGE 2] Statistical Outlier Demolition
  [INFO] Points surviving outlier filter: 352,206

━━━ [STAGE 3] Live Plane Surface Isolation (RANSAC)
  [INFO] Original RANSAC: a=0.0153, b=-0.1949, c=0.9807, d=-0.4632
  [INFO] Normal vector pointing down. Flipping coefficients up toward lens.
  [INFO] Points isolated on belt plane: 333,650
  [INFO] Non-plane points going to workspace filter: 18,556

━━━ [STAGE 5] Direction-Enforced Spatial Pre-Filtering
  [INFO] Height gate window : 1.50mm to 500.00mm
  [INFO] Dist-from-plane mm : min=14.204 mean=38.453 median=38.969 max=53.110
  [INFO] Rejected by lower gate: 0 / 18,556
  [INFO] Rejected by upper gate: 0 / 18,556
  [DEBUG] Points passing directional spatial filters: 18,556

━━━ [STAGE 6] Spatial Structural Isolation Clustering (DBSCAN)
  [INFO] DBSCAN discovered 1 distinct point groups.

━━━ [STAGE 7] Multi-Gate Geometric Evaluation
  Cluster #00 -> Pts: 18556 | Dims(mm): X=119.9, Y=191.8, Z= 68.0 | VolRatio: 0.355 | Gates: [G1-4=1 G5_Size=1 G6_3D=1] -> PASSED
  [INFO] Winning Cluster selected: ID #0 (Score=0.8064)
  [INFO] Winning cluster point count: 18,556

━━━ [STAGE 8] Projection — Sensor Space → Cropped Canvas

  ── [STAGE 8a] Coordinate System Parameters ──
    Intrinsics    : fx=750.148  fy=749.790  cx=386.179  cy=366.086
    Crop offsets  : left=0 px  top=0 px
    Depth sensor  : 510W x 720H px
    RGB canvas    : 510W x 720H px
    Scale factors : scale_x=1.000000  scale_y=1.000000

  ── [STAGE 8b] 3-D Cluster Bounding Box (world space) ──
    X range : -0.0554 m  →  0.0645 m  (span 119.9 mm)
    Y range : -0.0953 m  →  0.0965 m  (span 191.8 mm)
    Z range : 0.4050 m  →  0.4730 m  (span 68.0 mm)
    Z depth : mean=0.4320 m  std=0.0089 m  min=0.4050 m  max=0.4730 m

  ── [STAGE 8c] Projection Steps ──
    [Step 1] Full-sensor pixel coords (before crop subtraction):
      u_sensor  min=297.0  max=498.0  mean=396.4
      v_sensor  min=201.0  max=519.0  mean=357.1
    [OK] Sensor-space OOB: u=0.0%  v=0.0%
    [Step 2] After crop subtraction (crop_left=0, crop_top=0):
      u_cropped min=297.0  max=498.0  mean=396.4
      v_cropped min=201.0  max=519.0  mean=357.1
    [Step 2 Check] Cropped coords outside canvas: u<0=0.0%  u>W=0.0%  v<0=0.0%  v>H=0.0%
    [Step 3] After scale to canvas (scale_x=1.0000, scale_y=1.0000):
      u  min=297  max=498  mean=396.4
      v  min=201  max=519  mean=357.1
      Canvas target size : 510W x 720H px

  ── [STAGE 8d] Expected mask centroid on canvas ──
      Projected centroid : u=396.4 px  v=357.1 px
      Canvas centre      : u=255.0 px  v=360.0 px
      Offset from centre : Δu=141.4 px  Δv=-2.9 px

  ── [STAGE 8e] Bounds Filter ──
    Total projected points : 18,556
    Inside canvas bounds   : 18,556  (100.0%)
    Duplicate pixel hits    : 0
  [INFO] Density non-zero pixels: 18,556
  [INFO] Density peak count     : 1
  [INFO] Raw mask white pixels before morphology: 18,556
  [INFO] White pixels after close: 20,430
  [INFO] Morphological open skipped for tip-loss debugging.
  [INFO] White pixels after open (skipped): 20,430

  ── [STAGE 8f] Final Mask Stats ──
    Bounding box : 201W x 318H px
    Mask centroid: (397.5, 360.0) px
    White pixels : 20,430
  masking.py run ended: 2026-06-13 19:57:30.330377
