
================================================================================
  masking.py run started: 2026-06-13 20:02:21.185642
================================================================================

━━━ [STAGE 1] Loading Point Cloud Array
  [INFO] Total raw points loaded: 366,158

━━━ [STAGE 2] Statistical Outlier Demolition
  [INFO] Points surviving outlier filter: 356,976

━━━ [STAGE 3] Live Plane Surface Isolation (RANSAC)
  [INFO] Original RANSAC: a=0.0137, b=-0.0748, c=0.9971, d=-0.4768
  [INFO] Normal vector pointing down. Flipping coefficients up toward lens.
  [INFO] Points isolated on belt plane: 342,964
  [INFO] Non-plane points going to workspace filter: 14,012

━━━ [STAGE 5] Direction-Enforced Spatial Pre-Filtering
  [INFO] Height gate window : 1.50mm to 500.00mm
  [INFO] Dist-from-plane mm : min=13.213 mean=50.016 median=51.648 max=72.023
  [INFO] Rejected by lower gate: 0 / 14,012
  [INFO] Rejected by upper gate: 0 / 14,012
  [DEBUG] Points passing directional spatial filters: 14,012

━━━ [STAGE 6] Spatial Structural Isolation Clustering (DBSCAN)
  [INFO] DBSCAN discovered 5 distinct point groups.

━━━ [STAGE 7] Multi-Gate Geometric Evaluation
  Cluster #00 -> Pts: 13914 | Dims(mm): X=128.5, Y=113.0, Z= 62.0 | VolRatio: 0.483 | Gates: [G1-4=1 G5_Size=1 G6_3D=1] -> PASSED
  Cluster #01 -> Pts: 15    | Dims(mm): X=  1.5, Y=  1.8, Z=  2.0 | VolRatio: 0.762 | Gates: [G1-4=0 G5_Size=0 G6_3D=1] -> REJECTED
  Cluster #02 -> Pts: 9     | Dims(mm): X=  5.5, Y=  1.6, Z=  7.0 | VolRatio: 0.235 | Gates: [G1-4=0 G5_Size=0 G6_3D=1] -> REJECTED
  Cluster #03 -> Pts: 57    | Dims(mm): X=  3.3, Y=  9.7, Z= 12.0 | VolRatio: 0.276 | Gates: [G1-4=1 G5_Size=0 G6_3D=1] -> REJECTED
  Cluster #04 -> Pts: 17    | Dims(mm): X=  2.3, Y=  1.7, Z=  0.0 | VolRatio: 0.000 | Gates: [G1-4=0 G5_Size=0 G6_3D=0] -> REJECTED
  [INFO] Winning Cluster selected: ID #0 (Score=0.8448)
  [INFO] Winning cluster point count: 13,914

━━━ [STAGE 8] Projection — Sensor Space → Cropped Canvas

  ── [STAGE 8a] Coordinate System Parameters ──
    Intrinsics    : fx=750.148  fy=749.790  cx=386.179  cy=366.086
    Crop offsets  : left=0 px  top=0 px
    Depth sensor  : 510W x 720H px
    RGB canvas    : 510W x 720H px
    Scale factors : scale_x=1.000000  scale_y=1.000000

  ── [STAGE 8b] 3-D Cluster Bounding Box (world space) ──
    X range : -0.0755 m  →  0.0530 m  (span 128.5 mm)
    Y range : -0.1000 m  →  0.0130 m  (span 113.0 mm)
    Z range : 0.4040 m  →  0.4660 m  (span 62.0 mm)
    Z depth : mean=0.4253 m  std=0.0125 m  min=0.4040 m  max=0.4660 m

  ── [STAGE 8c] Projection Steps ──
    [Step 1] Full-sensor pixel coords (before crop subtraction):
      u_sensor  min=253.0  max=473.0  mean=316.5
      v_sensor  min=202.0  max=387.0  mean=291.1
    [OK] Sensor-space OOB: u=0.0%  v=0.0%
    [Step 2] After crop subtraction (crop_left=0, crop_top=0):
      u_cropped min=253.0  max=473.0  mean=316.5
      v_cropped min=202.0  max=387.0  mean=291.1
    [Step 2 Check] Cropped coords outside canvas: u<0=0.0%  u>W=0.0%  v<0=0.0%  v>H=0.0%
    [Step 3] After scale to canvas (scale_x=1.0000, scale_y=1.0000):
      u  min=253  max=473  mean=316.5
      v  min=202  max=387  mean=291.1
      Canvas target size : 510W x 720H px

  ── [STAGE 8d] Expected mask centroid on canvas ──
      Projected centroid : u=316.5 px  v=291.1 px
      Canvas centre      : u=255.0 px  v=360.0 px
      Offset from centre : Δu=61.5 px  Δv=-68.9 px

  ── [STAGE 8e] Bounds Filter ──
    Total projected points : 13,914
    Inside canvas bounds   : 13,914  (100.0%)
    Duplicate pixel hits    : 0
  [INFO] Density non-zero pixels: 13,914
  [INFO] Density peak count     : 1
  [INFO] Raw mask white pixels before morphology: 13,914
  [INFO] White pixels after close: 15,418
  [INFO] Morphological open skipped for tip-loss debugging.
  [INFO] White pixels after open (skipped): 15,418

  ── [STAGE 8f] Final Mask Stats ──
    Bounding box : 220W x 185H px
    Mask centroid: (363.0, 294.5) px
    White pixels : 15,418
  masking.py run ended: 2026-06-13 20:02:23.479834
