
================================================================================
  masking.py run started: 2026-06-13 19:53:12.224636
================================================================================

━━━ [STAGE 1] Loading Point Cloud Array
  [INFO] Total raw points loaded: 365,218

━━━ [STAGE 2] Statistical Outlier Demolition
  [INFO] Points surviving outlier filter: 352,024

━━━ [STAGE 3] Live Plane Surface Isolation (RANSAC)
  [INFO] Original RANSAC: a=0.0142, b=-0.1244, c=0.9921, d=-0.4708
  [INFO] Normal vector pointing down. Flipping coefficients up toward lens.
  [INFO] Points isolated on belt plane: 344,426
  [INFO] Non-plane points going to workspace filter: 7,598

━━━ [STAGE 5] Direction-Enforced Spatial Pre-Filtering
  [INFO] Height gate window : 1.50mm to 500.00mm
  [INFO] Dist-from-plane mm : min=9.184 mean=19.921 median=18.990 max=33.375
  [INFO] Rejected by lower gate: 0 / 7,598
  [INFO] Rejected by upper gate: 0 / 7,598
  [DEBUG] Points passing directional spatial filters: 7,598

━━━ [STAGE 6] Spatial Structural Isolation Clustering (DBSCAN)
  [INFO] DBSCAN discovered 2 distinct point groups.

━━━ [STAGE 7] Multi-Gate Geometric Evaluation
  Cluster #00 -> Pts: 2298  | Dims(mm): X= 47.1, Y= 35.7, Z= 23.0 | VolRatio: 0.488 | Gates: [G1-4=1 G5_Size=1 G6_3D=1] -> PASSED
  Cluster #01 -> Pts: 5299  | Dims(mm): X= 77.5, Y= 56.9, Z= 18.0 | VolRatio: 0.232 | Gates: [G1-4=1 G5_Size=1 G6_3D=1] -> PASSED
  [INFO] Winning Cluster selected: ID #1 (Score=0.5346)
  [INFO] Winning cluster point count: 5,299

━━━ [STAGE 8] Projection — Sensor Space → Cropped Canvas

  ── [STAGE 8a] Coordinate System Parameters ──
    Intrinsics    : fx=750.148  fy=749.790  cx=386.179  cy=366.086
    Crop offsets  : left=0 px  top=0 px
    Depth sensor  : 510W x 720H px
    RGB canvas    : 510W x 720H px
    Scale factors : scale_x=1.000000  scale_y=1.000000

  ── [STAGE 8b] 3-D Cluster Bounding Box (world space) ──
    X range : -0.1128 m  →  -0.0353 m  (span 77.5 mm)
    Y range : -0.0031 m  →  0.0538 m  (span 56.9 mm)
    Z range : 0.4490 m  →  0.4670 m  (span 18.0 mm)
    Z depth : mean=0.4590 m  std=0.0036 m  min=0.4490 m  max=0.4670 m

  ── [STAGE 8c] Projection Steps ──
    [Step 1] Full-sensor pixel coords (before crop subtraction):
      u_sensor  min=203.0  max=329.0  mean=259.3
      v_sensor  min=361.0  max=453.0  mean=407.7
    [OK] Sensor-space OOB: u=0.0%  v=0.0%
    [Step 2] After crop subtraction (crop_left=0, crop_top=0):
      u_cropped min=203.0  max=329.0  mean=259.3
      v_cropped min=361.0  max=453.0  mean=407.7
    [Step 2 Check] Cropped coords outside canvas: u<0=0.0%  u>W=0.0%  v<0=0.0%  v>H=0.0%
    [Step 3] After scale to canvas (scale_x=1.0000, scale_y=1.0000):
      u  min=203  max=329  mean=259.3
      v  min=361  max=453  mean=407.7
      Canvas target size : 510W x 720H px

  ── [STAGE 8d] Expected mask centroid on canvas ──
      Projected centroid : u=259.3 px  v=407.7 px
      Canvas centre      : u=255.0 px  v=360.0 px
      Offset from centre : Δu=4.3 px  Δv=47.7 px

  ── [STAGE 8e] Bounds Filter ──
    Total projected points : 5,299
    Inside canvas bounds   : 5,299  (100.0%)
    Duplicate pixel hits    : 0
  [INFO] Density non-zero pixels: 5,299
  [INFO] Density peak count     : 1
  [INFO] Raw mask white pixels before morphology: 5,299
  [INFO] White pixels after close: 6,060
  [INFO] Morphological open skipped for tip-loss debugging.
  [INFO] White pixels after open (skipped): 6,060

  ── [STAGE 8f] Final Mask Stats ──
    Bounding box : 126W x 92H px
    Mask centroid: (266.0, 407.0) px
    White pixels : 6,060
  masking.py run ended: 2026-06-13 19:53:13.634751
