
================================================================================
  masking.py run started: 2026-06-13 20:05:51.026998
================================================================================

━━━ [STAGE 1] Loading Point Cloud Array
  [INFO] Total raw points loaded: 365,700

━━━ [STAGE 2] Statistical Outlier Demolition
  [INFO] Points surviving outlier filter: 355,058

━━━ [STAGE 3] Live Plane Surface Isolation (RANSAC)
  [INFO] Original RANSAC: a=0.0138, b=-0.1010, c=0.9948, d=-0.4737
  [INFO] Normal vector pointing down. Flipping coefficients up toward lens.
  [INFO] Points isolated on belt plane: 342,401
  [INFO] Non-plane points going to workspace filter: 12,657

━━━ [STAGE 5] Direction-Enforced Spatial Pre-Filtering
  [INFO] Height gate window : 1.50mm to 500.00mm
  [INFO] Dist-from-plane mm : min=-16.849 mean=36.784 median=38.818 max=60.515
  [INFO] Rejected by lower gate: 64 / 12,657
  [INFO] Rejected by upper gate: 0 / 12,657
  [DEBUG] Points passing directional spatial filters: 12,593

━━━ [STAGE 6] Spatial Structural Isolation Clustering (DBSCAN)
  [INFO] DBSCAN discovered 1 distinct point groups.

━━━ [STAGE 7] Multi-Gate Geometric Evaluation
  Cluster #00 -> Pts: 12593 | Dims(mm): X=113.6, Y=143.3, Z= 45.0 | VolRatio: 0.314 | Gates: [G1-4=1 G5_Size=1 G6_3D=1] -> PASSED
  [INFO] Winning Cluster selected: ID #0 (Score=0.7942)
  [INFO] Winning cluster point count: 12,593

━━━ [STAGE 8] Projection — Sensor Space → Cropped Canvas

  ── [STAGE 8a] Coordinate System Parameters ──
    Intrinsics    : fx=750.148  fy=749.790  cx=386.179  cy=366.086
    Crop offsets  : left=0 px  top=0 px
    Depth sensor  : 510W x 720H px
    RGB canvas    : 510W x 720H px
    Scale factors : scale_x=1.000000  scale_y=1.000000

  ── [STAGE 8b] 3-D Cluster Bounding Box (world space) ──
    X range : -0.0705 m  →  0.0432 m  (span 113.6 mm)
    Y range : 0.0246 m  →  0.1679 m  (span 143.3 mm)
    Z range : 0.4310 m  →  0.4760 m  (span 45.0 mm)
    Z depth : mean=0.4494 m  std=0.0084 m  min=0.4310 m  max=0.4760 m

  ── [STAGE 8c] Projection Steps ──
    [Step 1] Full-sensor pixel coords (before crop subtraction):
      u_sensor  min=273.0  max=456.0  mean=373.8
      v_sensor  min=406.0  max=641.0  mean=537.6
    [OK] Sensor-space OOB: u=0.0%  v=0.0%
    [Step 2] After crop subtraction (crop_left=0, crop_top=0):
      u_cropped min=273.0  max=456.0  mean=373.8
      v_cropped min=406.0  max=641.0  mean=537.6
    [Step 2 Check] Cropped coords outside canvas: u<0=0.0%  u>W=0.0%  v<0=0.0%  v>H=0.0%
    [Step 3] After scale to canvas (scale_x=1.0000, scale_y=1.0000):
      u  min=273  max=456  mean=373.8
      v  min=406  max=641  mean=537.6
      Canvas target size : 510W x 720H px

  ── [STAGE 8d] Expected mask centroid on canvas ──
      Projected centroid : u=373.8 px  v=537.6 px
      Canvas centre      : u=255.0 px  v=360.0 px
      Offset from centre : Δu=118.8 px  Δv=177.6 px

  ── [STAGE 8e] Bounds Filter ──
    Total projected points : 12,593
    Inside canvas bounds   : 12,593  (100.0%)
    Duplicate pixel hits    : 0
  [INFO] Density non-zero pixels: 12,593
  [INFO] Density peak count     : 1
  [INFO] Raw mask white pixels before morphology: 12,593
  [INFO] White pixels after close: 15,754
  [INFO] Morphological open skipped for tip-loss debugging.
  [INFO] White pixels after open (skipped): 15,754

  ── [STAGE 8f] Final Mask Stats ──
    Bounding box : 183W x 235H px
    Mask centroid: (364.5, 523.5) px
    White pixels : 15,754
  masking.py run ended: 2026-06-13 20:05:53.024566
