
================================================================================
  masking.py run started: 2026-06-13 19:50:30.300485
================================================================================

━━━ [STAGE 1] Loading Point Cloud Array
  [INFO] Total raw points loaded: 366,288

━━━ [STAGE 2] Statistical Outlier Demolition
  [INFO] Points surviving outlier filter: 354,755

━━━ [STAGE 3] Live Plane Surface Isolation (RANSAC)
  [INFO] Original RANSAC: a=0.0155, b=-0.0580, c=0.9982, d=-0.4776
  [INFO] Normal vector pointing down. Flipping coefficients up toward lens.
  [INFO] Points isolated on belt plane: 335,534
  [INFO] Non-plane points going to workspace filter: 19,221

━━━ [STAGE 5] Direction-Enforced Spatial Pre-Filtering
  [INFO] Height gate window : 1.50mm to 500.00mm
  [INFO] Dist-from-plane mm : min=-7.147 mean=29.157 median=29.452 max=43.233
  [INFO] Rejected by lower gate: 180 / 19,221
  [INFO] Rejected by upper gate: 0 / 19,221
  [DEBUG] Points passing directional spatial filters: 19,041

━━━ [STAGE 6] Spatial Structural Isolation Clustering (DBSCAN)
  [INFO] DBSCAN discovered 1 distinct point groups.

━━━ [STAGE 7] Multi-Gate Geometric Evaluation
  Cluster #00 -> Pts: 19041 | Dims(mm): X=124.5, Y=109.6, Z= 24.0 | VolRatio: 0.193 | Gates: [G1-4=1 G5_Size=1 G6_3D=1] -> PASSED
  [INFO] Winning Cluster selected: ID #0 (Score=0.7578)
  [INFO] Winning cluster point count: 19,041

━━━ [STAGE 8] Projection — Sensor Space → Cropped Canvas

  ── [STAGE 8a] Coordinate System Parameters ──
    Intrinsics    : fx=750.148  fy=749.790  cx=386.179  cy=366.086
    Crop offsets  : left=0 px  top=0 px
    Depth sensor  : 510W x 720H px
    RGB canvas    : 510W x 720H px
    Scale factors : scale_x=1.000000  scale_y=1.000000

  ── [STAGE 8b] 3-D Cluster Bounding Box (world space) ──
    X range : -0.0490 m  →  0.0755 m  (span 124.5 mm)
    Y range : 0.1093 m  →  0.2189 m  (span 109.6 mm)
    Z range : 0.4470 m  →  0.4710 m  (span 24.0 mm)
    Z depth : mean=0.4585 m  std=0.0052 m  min=0.4470 m  max=0.4710 m

  ── [STAGE 8c] Projection Steps ──
    [Step 1] Full-sensor pixel coords (before crop subtraction):
      u_sensor  min=308.0  max=509.0  mean=423.1
      v_sensor  min=547.0  max=718.0  mean=643.4
    [OK] Sensor-space OOB: u=0.0%  v=0.0%
    [Step 2] After crop subtraction (crop_left=0, crop_top=0):
      u_cropped min=308.0  max=509.0  mean=423.1
      v_cropped min=547.0  max=718.0  mean=643.4
    [Step 2 Check] Cropped coords outside canvas: u<0=0.0%  u>W=0.0%  v<0=0.0%  v>H=0.0%
    [Step 3] After scale to canvas (scale_x=1.0000, scale_y=1.0000):
      u  min=308  max=509  mean=423.1
      v  min=547  max=718  mean=643.4
      Canvas target size : 510W x 720H px

  ── [STAGE 8d] Expected mask centroid on canvas ──
      Projected centroid : u=423.1 px  v=643.4 px
      Canvas centre      : u=255.0 px  v=360.0 px
      Offset from centre : Δu=168.1 px  Δv=283.4 px

  ── [STAGE 8e] Bounds Filter ──
    Total projected points : 19,041
    Inside canvas bounds   : 19,041  (100.0%)
    Duplicate pixel hits    : 0
  [INFO] Density non-zero pixels: 19,041
  [INFO] Density peak count     : 1
  [INFO] Raw mask white pixels before morphology: 19,041
  [INFO] White pixels after close: 21,290
  [INFO] Morphological open skipped for tip-loss debugging.
  [INFO] White pixels after open (skipped): 21,290

  ── [STAGE 8f] Final Mask Stats ──
    Bounding box : 201W x 172H px
    Mask centroid: (408.5, 633.0) px
    White pixels : 21,290
  masking.py run ended: 2026-06-13 19:50:32.816451
