
================================================================================
  masking.py run started: 2026-06-13 19:56:15.831747
================================================================================

━━━ [STAGE 1] Loading Point Cloud Array
  [INFO] Total raw points loaded: 363,671

━━━ [STAGE 2] Statistical Outlier Demolition
  [INFO] Points surviving outlier filter: 354,032

━━━ [STAGE 3] Live Plane Surface Isolation (RANSAC)
  [INFO] Original RANSAC: a=0.0145, b=-0.1957, c=0.9806, d=-0.4632
  [INFO] Normal vector pointing down. Flipping coefficients up toward lens.
  [INFO] Points isolated on belt plane: 319,855
  [INFO] Non-plane points going to workspace filter: 34,177

━━━ [STAGE 5] Direction-Enforced Spatial Pre-Filtering
  [INFO] Height gate window : 1.50mm to 500.00mm
  [INFO] Dist-from-plane mm : min=-18.809 mean=53.230 median=49.914 max=83.546
  [INFO] Rejected by lower gate: 35 / 34,177
  [INFO] Rejected by upper gate: 0 / 34,177
  [DEBUG] Points passing directional spatial filters: 34,142

━━━ [STAGE 6] Spatial Structural Isolation Clustering (DBSCAN)
  [INFO] DBSCAN discovered 1 distinct point groups.

━━━ [STAGE 7] Multi-Gate Geometric Evaluation
  Cluster #00 -> Pts: 34142 | Dims(mm): X=154.5, Y=118.7, Z= 68.0 | VolRatio: 0.440 | Gates: [G1-4=1 G5_Size=1 G6_3D=1] -> PASSED
  [INFO] Winning Cluster selected: ID #0 (Score=0.8320)
  [INFO] Winning cluster point count: 34,142

━━━ [STAGE 8] Projection — Sensor Space → Cropped Canvas

  ── [STAGE 8a] Coordinate System Parameters ──
    Intrinsics    : fx=750.148  fy=749.790  cx=386.179  cy=366.086
    Crop offsets  : left=0 px  top=0 px
    Depth sensor  : 510W x 720H px
    RGB canvas    : 510W x 720H px
    Scale factors : scale_x=1.000000  scale_y=1.000000

  ── [STAGE 8b] 3-D Cluster Bounding Box (world space) ──
    X range : -0.1148 m  →  0.0397 m  (span 154.5 mm)
    Y range : -0.1287 m  →  -0.0100 m  (span 118.7 mm)
    Z range : 0.3730 m  →  0.4410 m  (span 68.0 mm)
    Z depth : mean=0.4056 m  std=0.0159 m  min=0.3730 m  max=0.4410 m

  ── [STAGE 8c] Projection Steps ──
    [Step 1] Full-sensor pixel coords (before crop subtraction):
      u_sensor  min=184.0  max=455.0  mean=315.6
      v_sensor  min=133.0  max=349.0  mean=244.2
    [OK] Sensor-space OOB: u=0.0%  v=0.0%
    [Step 2] After crop subtraction (crop_left=0, crop_top=0):
      u_cropped min=184.0  max=455.0  mean=315.6
      v_cropped min=133.0  max=349.0  mean=244.2
    [Step 2 Check] Cropped coords outside canvas: u<0=0.0%  u>W=0.0%  v<0=0.0%  v>H=0.0%
    [Step 3] After scale to canvas (scale_x=1.0000, scale_y=1.0000):
      u  min=184  max=455  mean=315.6
      v  min=133  max=349  mean=244.2
      Canvas target size : 510W x 720H px

  ── [STAGE 8d] Expected mask centroid on canvas ──
      Projected centroid : u=315.6 px  v=244.2 px
      Canvas centre      : u=255.0 px  v=360.0 px
      Offset from centre : Δu=60.6 px  Δv=-115.8 px

  ── [STAGE 8e] Bounds Filter ──
    Total projected points : 34,142
    Inside canvas bounds   : 34,142  (100.0%)
    Duplicate pixel hits    : 0
  [INFO] Density non-zero pixels: 34,142
  [INFO] Density peak count     : 1
  [INFO] Raw mask white pixels before morphology: 34,142
  [INFO] White pixels after close: 35,852
  [INFO] Morphological open skipped for tip-loss debugging.
  [INFO] White pixels after open (skipped): 35,852

  ── [STAGE 8f] Final Mask Stats ──
    Bounding box : 271W x 216H px
    Mask centroid: (319.5, 241.0) px
    White pixels : 35,852
  masking.py run ended: 2026-06-13 19:56:21.987640
