
================================================================================
  masking.py run started: 2026-06-13 19:51:39.980018
================================================================================

━━━ [STAGE 1] Loading Point Cloud Array
  [INFO] Total raw points loaded: 366,036

━━━ [STAGE 2] Statistical Outlier Demolition
  [INFO] Points surviving outlier filter: 355,126

━━━ [STAGE 3] Live Plane Surface Isolation (RANSAC)
  [INFO] Original RANSAC: a=0.0152, b=-0.0821, c=0.9965, d=-0.4749
  [INFO] Normal vector pointing down. Flipping coefficients up toward lens.
  [INFO] Points isolated on belt plane: 335,041
  [INFO] Non-plane points going to workspace filter: 20,085

━━━ [STAGE 5] Direction-Enforced Spatial Pre-Filtering
  [INFO] Height gate window : 1.50mm to 500.00mm
  [INFO] Dist-from-plane mm : min=12.728 mean=33.097 median=34.529 max=49.383
  [INFO] Rejected by lower gate: 0 / 20,085
  [INFO] Rejected by upper gate: 0 / 20,085
  [DEBUG] Points passing directional spatial filters: 20,085

━━━ [STAGE 6] Spatial Structural Isolation Clustering (DBSCAN)
  [INFO] DBSCAN discovered 1 distinct point groups.

━━━ [STAGE 7] Multi-Gate Geometric Evaluation
  Cluster #00 -> Pts: 20079 | Dims(mm): X= 98.9, Y=216.1, Z= 44.0 | VolRatio: 0.204 | Gates: [G1-4=1 G5_Size=1 G6_3D=1] -> PASSED
  [INFO] Winning Cluster selected: ID #0 (Score=0.7611)
  [INFO] Winning cluster point count: 20,079

━━━ [STAGE 8] Projection — Sensor Space → Cropped Canvas

  ── [STAGE 8a] Coordinate System Parameters ──
    Intrinsics    : fx=750.148  fy=749.790  cx=386.179  cy=366.086
    Crop offsets  : left=0 px  top=0 px
    Depth sensor  : 510W x 720H px
    RGB canvas    : 510W x 720H px
    Scale factors : scale_x=1.000000  scale_y=1.000000

  ── [STAGE 8b] 3-D Cluster Bounding Box (world space) ──
    X range : -0.0844 m  →  0.0146 m  (span 98.9 mm)
    Y range : -0.1474 m  →  0.0687 m  (span 216.1 mm)
    Z range : 0.4180 m  →  0.4620 m  (span 44.0 mm)
    Z depth : mean=0.4405 m  std=0.0090 m  min=0.4180 m  max=0.4620 m

  ── [STAGE 8c] Projection Steps ──
    [Step 1] Full-sensor pixel coords (before crop subtraction):
      u_sensor  min=248.0  max=412.0  mean=326.6
      v_sensor  min=121.0  max=481.0  mean=295.2
    [OK] Sensor-space OOB: u=0.0%  v=0.0%
    [Step 2] After crop subtraction (crop_left=0, crop_top=0):
      u_cropped min=248.0  max=412.0  mean=326.6
      v_cropped min=121.0  max=481.0  mean=295.2
    [Step 2 Check] Cropped coords outside canvas: u<0=0.0%  u>W=0.0%  v<0=0.0%  v>H=0.0%
    [Step 3] After scale to canvas (scale_x=1.0000, scale_y=1.0000):
      u  min=248  max=412  mean=326.6
      v  min=121  max=481  mean=295.2
      Canvas target size : 510W x 720H px

  ── [STAGE 8d] Expected mask centroid on canvas ──
      Projected centroid : u=326.6 px  v=295.2 px
      Canvas centre      : u=255.0 px  v=360.0 px
      Offset from centre : Δu=71.6 px  Δv=-64.8 px

  ── [STAGE 8e] Bounds Filter ──
    Total projected points : 20,079
    Inside canvas bounds   : 20,079  (100.0%)
    Duplicate pixel hits    : 0
  [INFO] Density non-zero pixels: 20,079
  [INFO] Density peak count     : 1
  [INFO] Raw mask white pixels before morphology: 20,079
  [INFO] White pixels after close: 22,466
  [INFO] Morphological open skipped for tip-loss debugging.
  [INFO] White pixels after open (skipped): 22,466

  ── [STAGE 8f] Final Mask Stats ──
    Bounding box : 164W x 360H px
    Mask centroid: (330.0, 301.0) px
    White pixels : 22,466
  masking.py run ended: 2026-06-13 19:51:42.204414
