
================================================================================
  masking.py run started: 2026-06-13 19:46:44.879531
================================================================================

━━━ [STAGE 1] Loading Point Cloud Array
  [INFO] Total raw points loaded: 366,492

━━━ [STAGE 2] Statistical Outlier Demolition
  [INFO] Points surviving outlier filter: 355,102

━━━ [STAGE 3] Live Plane Surface Isolation (RANSAC)
  [INFO] Original RANSAC: a=0.0144, b=-0.0423, c=0.9990, d=-0.4788
  [INFO] Normal vector pointing down. Flipping coefficients up toward lens.
  [INFO] Points isolated on belt plane: 334,288
  [INFO] Non-plane points going to workspace filter: 20,814

━━━ [STAGE 5] Direction-Enforced Spatial Pre-Filtering
  [INFO] Height gate window : 1.50mm to 500.00mm
  [INFO] Dist-from-plane mm : min=14.299 mean=30.108 median=30.473 max=44.382
  [INFO] Rejected by lower gate: 0 / 20,814
  [INFO] Rejected by upper gate: 0 / 20,814
  [DEBUG] Points passing directional spatial filters: 20,814

━━━ [STAGE 6] Spatial Structural Isolation Clustering (DBSCAN)
  [INFO] DBSCAN discovered 1 distinct point groups.

━━━ [STAGE 7] Multi-Gate Geometric Evaluation
  Cluster #00 -> Pts: 20814 | Dims(mm): X=100.6, Y=113.8, Z= 30.0 | VolRatio: 0.264 | Gates: [G1-4=1 G5_Size=1 G6_3D=1] -> PASSED
  [INFO] Winning Cluster selected: ID #0 (Score=0.7791)
  [INFO] Winning cluster point count: 20,814

━━━ [STAGE 8] Projection — Sensor Space → Cropped Canvas

  ── [STAGE 8a] Coordinate System Parameters ──
    Intrinsics    : fx=750.148  fy=749.790  cx=386.179  cy=366.086
    Crop offsets  : left=0 px  top=0 px
    Depth sensor  : 510W x 720H px
    RGB canvas    : 510W x 720H px
    Scale factors : scale_x=1.000000  scale_y=1.000000

  ── [STAGE 8b] 3-D Cluster Bounding Box (world space) ──
    X range : -0.0747 m  →  0.0259 m  (span 100.6 mm)
    Y range : -0.2155 m  →  -0.1017 m  (span 113.8 mm)
    Z range : 0.4300 m  →  0.4600 m  (span 30.0 mm)
    Z depth : mean=0.4427 m  std=0.0068 m  min=0.4300 m  max=0.4600 m

  ── [STAGE 8c] Projection Steps ──
    [Step 1] Full-sensor pixel coords (before crop subtraction):
      u_sensor  min=263.0  max=431.0  mean=354.0
      v_sensor  min=-0.0  max=196.0  mean=96.4
    [OK] Sensor-space OOB: u=0.0%  v=0.0%
    [Step 2] After crop subtraction (crop_left=0, crop_top=0):
      u_cropped min=263.0  max=431.0  mean=354.0
      v_cropped min=-0.0  max=196.0  mean=96.4
    [Step 2 Check] Cropped coords outside canvas: u<0=0.0%  u>W=0.0%  v<0=0.0%  v>H=0.0%
    [Step 3] After scale to canvas (scale_x=1.0000, scale_y=1.0000):
      u  min=263  max=431  mean=354.0
      v  min=0  max=196  mean=96.4
      Canvas target size : 510W x 720H px

  ── [STAGE 8d] Expected mask centroid on canvas ──
      Projected centroid : u=354.0 px  v=96.4 px
      Canvas centre      : u=255.0 px  v=360.0 px
      Offset from centre : Δu=99.0 px  Δv=-263.6 px

  ── [STAGE 8e] Bounds Filter ──
    Total projected points : 20,814
    Inside canvas bounds   : 20,814  (100.0%)
    Duplicate pixel hits    : 0
  [INFO] Density non-zero pixels: 20,814
  [INFO] Density peak count     : 1
  [INFO] Raw mask white pixels before morphology: 20,814
  [INFO] White pixels after close: 22,757
  [INFO] Morphological open skipped for tip-loss debugging.
  [INFO] White pixels after open (skipped): 22,757

  ── [STAGE 8f] Final Mask Stats ──
    Bounding box : 168W x 196H px
    Mask centroid: (347.0, 98.0) px
    White pixels : 22,757
  masking.py run ended: 2026-06-13 19:46:48.552873
