
================================================================================
  masking.py run started: 2026-06-13 19:51:13.888005
================================================================================

━━━ [STAGE 1] Loading Point Cloud Array
  [INFO] Total raw points loaded: 366,054

━━━ [STAGE 2] Statistical Outlier Demolition
  [INFO] Points surviving outlier filter: 355,471

━━━ [STAGE 3] Live Plane Surface Isolation (RANSAC)
  [INFO] Original RANSAC: a=0.0177, b=-0.0770, c=0.9969, d=-0.4749
  [INFO] Normal vector pointing down. Flipping coefficients up toward lens.
  [INFO] Points isolated on belt plane: 347,884
  [INFO] Non-plane points going to workspace filter: 7,587

━━━ [STAGE 5] Direction-Enforced Spatial Pre-Filtering
  [INFO] Height gate window : 1.50mm to 500.00mm
  [INFO] Dist-from-plane mm : min=-7.064 mean=27.980 median=25.415 max=49.289
  [INFO] Rejected by lower gate: 7 / 7,587
  [INFO] Rejected by upper gate: 0 / 7,587
  [DEBUG] Points passing directional spatial filters: 7,580

━━━ [STAGE 6] Spatial Structural Isolation Clustering (DBSCAN)
  [INFO] DBSCAN discovered 1 distinct point groups.

━━━ [STAGE 7] Multi-Gate Geometric Evaluation
  Cluster #00 -> Pts: 7580  | Dims(mm): X=104.5, Y= 84.7, Z= 35.0 | VolRatio: 0.335 | Gates: [G1-4=1 G5_Size=1 G6_3D=1] -> PASSED
  [INFO] Winning Cluster selected: ID #0 (Score=0.6794)
  [INFO] Winning cluster point count: 7,580

━━━ [STAGE 8] Projection — Sensor Space → Cropped Canvas

  ── [STAGE 8a] Coordinate System Parameters ──
    Intrinsics    : fx=750.148  fy=749.790  cx=386.179  cy=366.086
    Crop offsets  : left=0 px  top=0 px
    Depth sensor  : 510W x 720H px
    RGB canvas    : 510W x 720H px
    Scale factors : scale_x=1.000000  scale_y=1.000000

  ── [STAGE 8b] 3-D Cluster Bounding Box (world space) ──
    X range : -0.0321 m  →  0.0724 m  (span 104.5 mm)
    Y range : 0.0843 m  →  0.1690 m  (span 84.7 mm)
    Z range : 0.4380 m  →  0.4730 m  (span 35.0 mm)
    Z depth : mean=0.4578 m  std=0.0079 m  min=0.4380 m  max=0.4730 m

  ── [STAGE 8c] Projection Steps ──
    [Step 1] Full-sensor pixel coords (before crop subtraction):
      u_sensor  min=335.0  max=503.0  mean=435.4
      v_sensor  min=502.0  max=647.0  mean=579.1
    [OK] Sensor-space OOB: u=0.0%  v=0.0%
    [Step 2] After crop subtraction (crop_left=0, crop_top=0):
      u_cropped min=335.0  max=503.0  mean=435.4
      v_cropped min=502.0  max=647.0  mean=579.1
    [Step 2 Check] Cropped coords outside canvas: u<0=0.0%  u>W=0.0%  v<0=0.0%  v>H=0.0%
    [Step 3] After scale to canvas (scale_x=1.0000, scale_y=1.0000):
      u  min=335  max=503  mean=435.4
      v  min=502  max=647  mean=579.1
      Canvas target size : 510W x 720H px

  ── [STAGE 8d] Expected mask centroid on canvas ──
      Projected centroid : u=435.4 px  v=579.1 px
      Canvas centre      : u=255.0 px  v=360.0 px
      Offset from centre : Δu=180.4 px  Δv=219.1 px

  ── [STAGE 8e] Bounds Filter ──
    Total projected points : 7,580
    Inside canvas bounds   : 7,580  (100.0%)
    Duplicate pixel hits    : 0
  [INFO] Density non-zero pixels: 7,580
  [INFO] Density peak count     : 1
  [INFO] Raw mask white pixels before morphology: 7,580
  [INFO] White pixels after close: 8,902
  [INFO] Morphological open skipped for tip-loss debugging.
  [INFO] White pixels after open (skipped): 8,902

  ── [STAGE 8f] Final Mask Stats ──
    Bounding box : 168W x 145H px
    Mask centroid: (419.0, 574.5) px
    White pixels : 8,902
  masking.py run ended: 2026-06-13 19:51:15.163042
