
================================================================================
  masking.py run started: 2026-06-13 19:53:41.890194
================================================================================

━━━ [STAGE 1] Loading Point Cloud Array
  [INFO] Total raw points loaded: 364,992

━━━ [STAGE 2] Statistical Outlier Demolition
  [INFO] Points surviving outlier filter: 353,211

━━━ [STAGE 3] Live Plane Surface Isolation (RANSAC)
  [INFO] Original RANSAC: a=0.0138, b=-0.1396, c=0.9901, d=-0.4694
  [INFO] Normal vector pointing down. Flipping coefficients up toward lens.
  [INFO] Points isolated on belt plane: 331,484
  [INFO] Non-plane points going to workspace filter: 21,727

━━━ [STAGE 5] Direction-Enforced Spatial Pre-Filtering
  [INFO] Height gate window : 1.50mm to 500.00mm
  [INFO] Dist-from-plane mm : min=14.135 mean=29.684 median=29.017 max=61.656
  [INFO] Rejected by lower gate: 0 / 21,727
  [INFO] Rejected by upper gate: 0 / 21,727
  [DEBUG] Points passing directional spatial filters: 21,727

━━━ [STAGE 6] Spatial Structural Isolation Clustering (DBSCAN)
  [INFO] DBSCAN discovered 1 distinct point groups.

━━━ [STAGE 7] Multi-Gate Geometric Evaluation
  Cluster #00 -> Pts: 21727 | Dims(mm): X=101.0, Y=108.7, Z= 55.0 | VolRatio: 0.506 | Gates: [G1-4=1 G5_Size=1 G6_3D=1] -> PASSED
  [INFO] Winning Cluster selected: ID #0 (Score=0.8517)
  [INFO] Winning cluster point count: 21,727

━━━ [STAGE 8] Projection — Sensor Space → Cropped Canvas

  ── [STAGE 8a] Coordinate System Parameters ──
    Intrinsics    : fx=750.148  fy=749.790  cx=386.179  cy=366.086
    Crop offsets  : left=0 px  top=0 px
    Depth sensor  : 510W x 720H px
    RGB canvas    : 510W x 720H px
    Scale factors : scale_x=1.000000  scale_y=1.000000

  ── [STAGE 8b] 3-D Cluster Bounding Box (world space) ──
    X range : -0.0327 m  →  0.0683 m  (span 101.0 mm)
    Y range : -0.2031 m  →  -0.0944 m  (span 108.7 mm)
    Z range : 0.3900 m  →  0.4450 m  (span 55.0 mm)
    Z depth : mean=0.4224 m  std=0.0098 m  min=0.3900 m  max=0.4450 m

  ── [STAGE 8c] Projection Steps ──
    [Step 1] Full-sensor pixel coords (before crop subtraction):
      u_sensor  min=331.0  max=507.0  mean=413.0
      v_sensor  min=-0.0  max=206.0  mean=94.9
    [OK] Sensor-space OOB: u=0.0%  v=0.0%
    [Step 2] After crop subtraction (crop_left=0, crop_top=0):
      u_cropped min=331.0  max=507.0  mean=413.0
      v_cropped min=-0.0  max=206.0  mean=94.9
    [Step 2 Check] Cropped coords outside canvas: u<0=0.0%  u>W=0.0%  v<0=0.0%  v>H=0.0%
    [Step 3] After scale to canvas (scale_x=1.0000, scale_y=1.0000):
      u  min=331  max=507  mean=413.0
      v  min=0  max=206  mean=94.9
      Canvas target size : 510W x 720H px

  ── [STAGE 8d] Expected mask centroid on canvas ──
      Projected centroid : u=413.0 px  v=94.9 px
      Canvas centre      : u=255.0 px  v=360.0 px
      Offset from centre : Δu=158.0 px  Δv=-265.1 px

  ── [STAGE 8e] Bounds Filter ──
    Total projected points : 21,727
    Inside canvas bounds   : 21,727  (100.0%)
    Duplicate pixel hits    : 0
  [INFO] Density non-zero pixels: 21,727
  [INFO] Density peak count     : 1
  [INFO] Raw mask white pixels before morphology: 21,727
  [INFO] White pixels after close: 24,778
  [INFO] Morphological open skipped for tip-loss debugging.
  [INFO] White pixels after open (skipped): 24,778

  ── [STAGE 8f] Final Mask Stats ──
    Bounding box : 178W x 206H px
    Mask centroid: (420.0, 103.0) px
    White pixels : 24,778
  masking.py run ended: 2026-06-13 19:53:44.586892
