
================================================================================
  masking.py run started: 2026-06-13 19:51:38.398950
================================================================================

━━━ [STAGE 1] Loading Point Cloud Array
  [INFO] Total raw points loaded: 366,034

━━━ [STAGE 2] Statistical Outlier Demolition
  [INFO] Points surviving outlier filter: 356,007

━━━ [STAGE 3] Live Plane Surface Isolation (RANSAC)
  [INFO] Original RANSAC: a=0.0147, b=-0.0818, c=0.9965, d=-0.4752
  [INFO] Normal vector pointing down. Flipping coefficients up toward lens.
  [INFO] Points isolated on belt plane: 347,060
  [INFO] Non-plane points going to workspace filter: 8,947

━━━ [STAGE 5] Direction-Enforced Spatial Pre-Filtering
  [INFO] Height gate window : 1.50mm to 500.00mm
  [INFO] Dist-from-plane mm : min=13.266 mean=31.665 median=29.815 max=48.401
  [INFO] Rejected by lower gate: 0 / 8,947
  [INFO] Rejected by upper gate: 0 / 8,947
  [DEBUG] Points passing directional spatial filters: 8,947

━━━ [STAGE 6] Spatial Structural Isolation Clustering (DBSCAN)
  [INFO] DBSCAN discovered 1 distinct point groups.

━━━ [STAGE 7] Multi-Gate Geometric Evaluation
  Cluster #00 -> Pts: 8947  | Dims(mm): X= 86.2, Y= 88.1, Z= 41.0 | VolRatio: 0.465 | Gates: [G1-4=1 G5_Size=1 G6_3D=1] -> PASSED
  [INFO] Winning Cluster selected: ID #0 (Score=0.7869)
  [INFO] Winning cluster point count: 8,947

━━━ [STAGE 8] Projection — Sensor Space → Cropped Canvas

  ── [STAGE 8a] Coordinate System Parameters ──
    Intrinsics    : fx=750.148  fy=749.790  cx=386.179  cy=366.086
    Crop offsets  : left=0 px  top=0 px
    Depth sensor  : 510W x 720H px
    RGB canvas    : 510W x 720H px
    Scale factors : scale_x=1.000000  scale_y=1.000000

  ── [STAGE 8b] 3-D Cluster Bounding Box (world space) ──
    X range : -0.0130 m  →  0.0732 m  (span 86.2 mm)
    Y range : -0.2056 m  →  -0.1174 m  (span 88.1 mm)
    Z range : 0.4110 m  →  0.4520 m  (span 41.0 mm)
    Z depth : mean=0.4313 m  std=0.0096 m  min=0.4110 m  max=0.4520 m

  ── [STAGE 8c] Projection Steps ──
    [Step 1] Full-sensor pixel coords (before crop subtraction):
      u_sensor  min=364.0  max=509.0  mean=447.8
      v_sensor  min=-0.0  max=167.0  mean=85.9
    [OK] Sensor-space OOB: u=0.0%  v=0.1%
    [Step 2] After crop subtraction (crop_left=0, crop_top=0):
      u_cropped min=364.0  max=509.0  mean=447.8
      v_cropped min=-0.0  max=167.0  mean=85.9
    [Step 2 Check] Cropped coords outside canvas: u<0=0.0%  u>W=0.0%  v<0=0.1%  v>H=0.0%
    [Step 3] After scale to canvas (scale_x=1.0000, scale_y=1.0000):
      u  min=364  max=509  mean=447.8
      v  min=0  max=167  mean=85.9
      Canvas target size : 510W x 720H px

  ── [STAGE 8d] Expected mask centroid on canvas ──
      Projected centroid : u=447.8 px  v=85.9 px
      Canvas centre      : u=255.0 px  v=360.0 px
      Offset from centre : Δu=192.8 px  Δv=-274.1 px

  ── [STAGE 8e] Bounds Filter ──
    Total projected points : 8,947
    Inside canvas bounds   : 8,947  (100.0%)
    Duplicate pixel hits    : 0
  [INFO] Density non-zero pixels: 8,947
  [INFO] Density peak count     : 1
  [INFO] Raw mask white pixels before morphology: 8,947
  [INFO] White pixels after close: 9,540
  [INFO] Morphological open skipped for tip-loss debugging.
  [INFO] White pixels after open (skipped): 9,540

  ── [STAGE 8f] Final Mask Stats ──
    Bounding box : 145W x 167H px
    Mask centroid: (436.5, 83.5) px
    White pixels : 9,540
  masking.py run ended: 2026-06-13 19:51:39.979432
