
================================================================================
  masking.py run started: 2026-06-13 19:47:47.944437
================================================================================

━━━ [STAGE 1] Loading Point Cloud Array
  [INFO] Total raw points loaded: 366,423

━━━ [STAGE 2] Statistical Outlier Demolition
  [INFO] Points surviving outlier filter: 355,328

━━━ [STAGE 3] Live Plane Surface Isolation (RANSAC)
  [INFO] Original RANSAC: a=0.0146, b=-0.0498, c=0.9987, d=-0.4781
  [INFO] Normal vector pointing down. Flipping coefficients up toward lens.
  [INFO] Points isolated on belt plane: 340,753
  [INFO] Non-plane points going to workspace filter: 14,575

━━━ [STAGE 5] Direction-Enforced Spatial Pre-Filtering
  [INFO] Height gate window : 1.50mm to 500.00mm
  [INFO] Dist-from-plane mm : min=12.264 mean=27.580 median=29.767 max=40.742
  [INFO] Rejected by lower gate: 0 / 14,575
  [INFO] Rejected by upper gate: 0 / 14,575
  [DEBUG] Points passing directional spatial filters: 14,575

━━━ [STAGE 6] Spatial Structural Isolation Clustering (DBSCAN)
  [INFO] DBSCAN discovered 1 distinct point groups.

━━━ [STAGE 7] Multi-Gate Geometric Evaluation
  Cluster #00 -> Pts: 14575 | Dims(mm): X= 81.8, Y=124.7, Z= 32.0 | VolRatio: 0.257 | Gates: [G1-4=1 G5_Size=1 G6_3D=1] -> PASSED
  [INFO] Winning Cluster selected: ID #0 (Score=0.7770)
  [INFO] Winning cluster point count: 14,575

━━━ [STAGE 8] Projection — Sensor Space → Cropped Canvas

  ── [STAGE 8a] Coordinate System Parameters ──
    Intrinsics    : fx=750.148  fy=749.790  cx=386.179  cy=366.086
    Crop offsets  : left=0 px  top=0 px
    Depth sensor  : 510W x 720H px
    RGB canvas    : 510W x 720H px
    Scale factors : scale_x=1.000000  scale_y=1.000000

  ── [STAGE 8b] 3-D Cluster Bounding Box (world space) ──
    X range : -0.0072 m  →  0.0747 m  (span 81.8 mm)
    Y range : -0.2187 m  →  -0.0941 m  (span 124.7 mm)
    Z range : 0.4280 m  →  0.4600 m  (span 32.0 mm)
    Z depth : mean=0.4426 m  std=0.0065 m  min=0.4280 m  max=0.4600 m

  ── [STAGE 8c] Projection Steps ──
    [Step 1] Full-sensor pixel coords (before crop subtraction):
      u_sensor  min=374.0  max=509.0  mean=442.3
      v_sensor  min=-0.0  max=209.0  mean=91.5
    [OK] Sensor-space OOB: u=0.0%  v=0.0%
    [Step 2] After crop subtraction (crop_left=0, crop_top=0):
      u_cropped min=374.0  max=509.0  mean=442.3
      v_cropped min=-0.0  max=209.0  mean=91.5
    [Step 2 Check] Cropped coords outside canvas: u<0=0.0%  u>W=0.0%  v<0=0.0%  v>H=0.0%
    [Step 3] After scale to canvas (scale_x=1.0000, scale_y=1.0000):
      u  min=374  max=509  mean=442.3
      v  min=0  max=209  mean=91.5
      Canvas target size : 510W x 720H px

  ── [STAGE 8d] Expected mask centroid on canvas ──
      Projected centroid : u=442.3 px  v=91.5 px
      Canvas centre      : u=255.0 px  v=360.0 px
      Offset from centre : Δu=187.3 px  Δv=-268.5 px

  ── [STAGE 8e] Bounds Filter ──
    Total projected points : 14,575
    Inside canvas bounds   : 14,575  (100.0%)
    Duplicate pixel hits    : 0
  [INFO] Density non-zero pixels: 14,575
  [INFO] Density peak count     : 1
  [INFO] Raw mask white pixels before morphology: 14,575
  [INFO] White pixels after close: 16,749
  [INFO] Morphological open skipped for tip-loss debugging.
  [INFO] White pixels after open (skipped): 16,749

  ── [STAGE 8f] Final Mask Stats ──
    Bounding box : 135W x 209H px
    Mask centroid: (441.5, 104.5) px
    White pixels : 16,749
  masking.py run ended: 2026-06-13 19:47:50.334561
