
================================================================================
  masking.py run started: 2026-06-13 19:52:10.956835
================================================================================

━━━ [STAGE 1] Loading Point Cloud Array
  [INFO] Total raw points loaded: 365,978

━━━ [STAGE 2] Statistical Outlier Demolition
  [INFO] Points surviving outlier filter: 357,005

━━━ [STAGE 3] Live Plane Surface Isolation (RANSAC)
  [INFO] Original RANSAC: a=0.0148, b=-0.0868, c=0.9961, d=-0.4745
  [INFO] Normal vector pointing down. Flipping coefficients up toward lens.
  [INFO] Points isolated on belt plane: 344,792
  [INFO] Non-plane points going to workspace filter: 12,213

━━━ [STAGE 5] Direction-Enforced Spatial Pre-Filtering
  [INFO] Height gate window : 1.50mm to 500.00mm
  [INFO] Dist-from-plane mm : min=-11.619 mean=30.396 median=26.314 max=71.789
  [INFO] Rejected by lower gate: 541 / 12,213
  [INFO] Rejected by upper gate: 0 / 12,213
  [DEBUG] Points passing directional spatial filters: 11,672

━━━ [STAGE 6] Spatial Structural Isolation Clustering (DBSCAN)
  [INFO] DBSCAN discovered 1 distinct point groups.

━━━ [STAGE 7] Multi-Gate Geometric Evaluation
  Cluster #00 -> Pts: 11672 | Dims(mm): X=118.6, Y=159.9, Z= 59.0 | VolRatio: 0.369 | Gates: [G1-4=1 G5_Size=1 G6_3D=1] -> PASSED
  [INFO] Winning Cluster selected: ID #0 (Score=0.8107)
  [INFO] Winning cluster point count: 11,672

━━━ [STAGE 8] Projection — Sensor Space → Cropped Canvas

  ── [STAGE 8a] Coordinate System Parameters ──
    Intrinsics    : fx=750.148  fy=749.790  cx=386.179  cy=366.086
    Crop offsets  : left=0 px  top=0 px
    Depth sensor  : 510W x 720H px
    RGB canvas    : 510W x 720H px
    Scale factors : scale_x=1.000000  scale_y=1.000000

  ── [STAGE 8b] 3-D Cluster Bounding Box (world space) ──
    X range : -0.1589 m  →  -0.0403 m  (span 118.6 mm)
    Y range : -0.1384 m  →  0.0215 m  (span 159.9 mm)
    Z range : 0.4050 m  →  0.4640 m  (span 59.0 mm)
    Z depth : mean=0.4396 m  std=0.0144 m  min=0.4050 m  max=0.4640 m

  ── [STAGE 8c] Projection Steps ──
    [Step 1] Full-sensor pixel coords (before crop subtraction):
      u_sensor  min=101.0  max=320.0  mean=179.6
      v_sensor  min=136.0  max=401.0  mean=243.8
    [OK] Sensor-space OOB: u=0.0%  v=0.0%
    [Step 2] After crop subtraction (crop_left=0, crop_top=0):
      u_cropped min=101.0  max=320.0  mean=179.6
      v_cropped min=136.0  max=401.0  mean=243.8
    [Step 2 Check] Cropped coords outside canvas: u<0=0.0%  u>W=0.0%  v<0=0.0%  v>H=0.0%
    [Step 3] After scale to canvas (scale_x=1.0000, scale_y=1.0000):
      u  min=101  max=320  mean=179.6
      v  min=136  max=401  mean=243.8
      Canvas target size : 510W x 720H px

  ── [STAGE 8d] Expected mask centroid on canvas ──
      Projected centroid : u=179.6 px  v=243.8 px
      Canvas centre      : u=255.0 px  v=360.0 px
      Offset from centre : Δu=-75.4 px  Δv=-116.2 px

  ── [STAGE 8e] Bounds Filter ──
    Total projected points : 11,672
    Inside canvas bounds   : 11,672  (100.0%)
    Duplicate pixel hits    : 0
  [INFO] Density non-zero pixels: 11,672
  [INFO] Density peak count     : 1
  [INFO] Raw mask white pixels before morphology: 11,672
  [INFO] White pixels after close: 13,987
  [INFO] Morphological open skipped for tip-loss debugging.
  [INFO] White pixels after open (skipped): 13,987

  ── [STAGE 8f] Final Mask Stats ──
    Bounding box : 219W x 265H px
    Mask centroid: (210.5, 268.5) px
    White pixels : 13,987
  masking.py run ended: 2026-06-13 19:52:12.434422
