
================================================================================
  masking.py run started: 2026-06-13 19:51:56.361770
================================================================================

━━━ [STAGE 1] Loading Point Cloud Array
  [INFO] Total raw points loaded: 366,031

━━━ [STAGE 2] Statistical Outlier Demolition
  [INFO] Points surviving outlier filter: 355,336

━━━ [STAGE 3] Live Plane Surface Isolation (RANSAC)
  [INFO] Original RANSAC: a=0.0139, b=-0.0818, c=0.9965, d=-0.4752
  [INFO] Normal vector pointing down. Flipping coefficients up toward lens.
  [INFO] Points isolated on belt plane: 330,932
  [INFO] Non-plane points going to workspace filter: 24,404

━━━ [STAGE 5] Direction-Enforced Spatial Pre-Filtering
  [INFO] Height gate window : 1.50mm to 500.00mm
  [INFO] Dist-from-plane mm : min=13.330 mean=28.845 median=30.158 max=40.089
  [INFO] Rejected by lower gate: 0 / 24,404
  [INFO] Rejected by upper gate: 0 / 24,404
  [DEBUG] Points passing directional spatial filters: 24,404

━━━ [STAGE 6] Spatial Structural Isolation Clustering (DBSCAN)
  [INFO] DBSCAN discovered 1 distinct point groups.

━━━ [STAGE 7] Multi-Gate Geometric Evaluation
  Cluster #00 -> Pts: 24404 | Dims(mm): X=137.6, Y=157.1, Z= 31.0 | VolRatio: 0.197 | Gates: [G1-4=1 G5_Size=1 G6_3D=1] -> PASSED
  [INFO] Winning Cluster selected: ID #0 (Score=0.7592)
  [INFO] Winning cluster point count: 24,404

━━━ [STAGE 8] Projection — Sensor Space → Cropped Canvas

  ── [STAGE 8a] Coordinate System Parameters ──
    Intrinsics    : fx=750.148  fy=749.790  cx=386.179  cy=366.086
    Crop offsets  : left=0 px  top=0 px
    Depth sensor  : 510W x 720H px
    RGB canvas    : 510W x 720H px
    Scale factors : scale_x=1.000000  scale_y=1.000000

  ── [STAGE 8b] 3-D Cluster Bounding Box (world space) ──
    X range : -0.1727 m  →  -0.0351 m  (span 137.6 mm)
    Y range : -0.2173 m  →  -0.0602 m  (span 157.1 mm)
    Z range : 0.4280 m  →  0.4590 m  (span 31.0 mm)
    Z depth : mean=0.4376 m  std=0.0056 m  min=0.4280 m  max=0.4590 m

  ── [STAGE 8c] Projection Steps ──
    [Step 1] Full-sensor pixel coords (before crop subtraction):
      u_sensor  min=104.0  max=326.0  mean=197.8
      v_sensor  min=-0.0  max=264.0  mean=119.0
    [OK] Sensor-space OOB: u=0.0%  v=0.0%
    [Step 2] After crop subtraction (crop_left=0, crop_top=0):
      u_cropped min=104.0  max=326.0  mean=197.8
      v_cropped min=-0.0  max=264.0  mean=119.0
    [Step 2 Check] Cropped coords outside canvas: u<0=0.0%  u>W=0.0%  v<0=0.0%  v>H=0.0%
    [Step 3] After scale to canvas (scale_x=1.0000, scale_y=1.0000):
      u  min=104  max=326  mean=197.8
      v  min=0  max=264  mean=119.0
      Canvas target size : 510W x 720H px

  ── [STAGE 8d] Expected mask centroid on canvas ──
      Projected centroid : u=197.8 px  v=119.0 px
      Canvas centre      : u=255.0 px  v=360.0 px
      Offset from centre : Δu=-57.2 px  Δv=-241.0 px

  ── [STAGE 8e] Bounds Filter ──
    Total projected points : 24,404
    Inside canvas bounds   : 24,404  (100.0%)
    Duplicate pixel hits    : 0
  [INFO] Density non-zero pixels: 24,404
  [INFO] Density peak count     : 1
  [INFO] Raw mask white pixels before morphology: 24,404
  [INFO] White pixels after close: 26,307
  [INFO] Morphological open skipped for tip-loss debugging.
  [INFO] White pixels after open (skipped): 26,307

  ── [STAGE 8f] Final Mask Stats ──
    Bounding box : 222W x 264H px
    Mask centroid: (215.0, 132.0) px
    White pixels : 26,307
  masking.py run ended: 2026-06-13 19:51:59.740631
