
================================================================================
  masking.py run started: 2026-06-13 19:54:33.859443
================================================================================

━━━ [STAGE 1] Loading Point Cloud Array
  [INFO] Total raw points loaded: 364,061

━━━ [STAGE 2] Statistical Outlier Demolition
  [INFO] Points surviving outlier filter: 351,157

━━━ [STAGE 3] Live Plane Surface Isolation (RANSAC)
  [INFO] Original RANSAC: a=0.0137, b=-0.1792, c=0.9837, d=-0.4650
  [INFO] Normal vector pointing down. Flipping coefficients up toward lens.
  [INFO] Points isolated on belt plane: 338,452
  [INFO] Non-plane points going to workspace filter: 12,705

━━━ [STAGE 5] Direction-Enforced Spatial Pre-Filtering
  [INFO] Height gate window : 1.50mm to 500.00mm
  [INFO] Dist-from-plane mm : min=11.337 mean=17.588 median=17.278 max=30.485
  [INFO] Rejected by lower gate: 0 / 12,705
  [INFO] Rejected by upper gate: 0 / 12,705
  [DEBUG] Points passing directional spatial filters: 12,705

━━━ [STAGE 6] Spatial Structural Isolation Clustering (DBSCAN)
  [INFO] DBSCAN discovered 1 distinct point groups.

━━━ [STAGE 7] Multi-Gate Geometric Evaluation
  Cluster #00 -> Pts: 12705 | Dims(mm): X=152.3, Y=122.1, Z= 34.0 | VolRatio: 0.223 | Gates: [G1-4=1 G5_Size=1 G6_3D=1] -> PASSED
  [INFO] Winning Cluster selected: ID #0 (Score=0.7670)
  [INFO] Winning cluster point count: 12,705

━━━ [STAGE 8] Projection — Sensor Space → Cropped Canvas

  ── [STAGE 8a] Coordinate System Parameters ──
    Intrinsics    : fx=750.148  fy=749.790  cx=386.179  cy=366.086
    Crop offsets  : left=0 px  top=0 px
    Depth sensor  : 510W x 720H px
    RGB canvas    : 510W x 720H px
    Scale factors : scale_x=1.000000  scale_y=1.000000

  ── [STAGE 8b] 3-D Cluster Bounding Box (world space) ──
    X range : -0.1572 m  →  -0.0049 m  (span 152.3 mm)
    Y range : -0.0873 m  →  0.0348 m  (span 122.1 mm)
    Z range : 0.4310 m  →  0.4650 m  (span 34.0 mm)
    Z depth : mean=0.4512 m  std=0.0070 m  min=0.4310 m  max=0.4650 m

  ── [STAGE 8c] Projection Steps ──
    [Step 1] Full-sensor pixel coords (before crop subtraction):
      u_sensor  min=131.0  max=378.0  mean=251.9
      v_sensor  min=219.0  max=423.0  mean=322.5
    [OK] Sensor-space OOB: u=0.0%  v=0.0%
    [Step 2] After crop subtraction (crop_left=0, crop_top=0):
      u_cropped min=131.0  max=378.0  mean=251.9
      v_cropped min=219.0  max=423.0  mean=322.5
    [Step 2 Check] Cropped coords outside canvas: u<0=0.0%  u>W=0.0%  v<0=0.0%  v>H=0.0%
    [Step 3] After scale to canvas (scale_x=1.0000, scale_y=1.0000):
      u  min=131  max=378  mean=251.9
      v  min=219  max=423  mean=322.5
      Canvas target size : 510W x 720H px

  ── [STAGE 8d] Expected mask centroid on canvas ──
      Projected centroid : u=251.9 px  v=322.5 px
      Canvas centre      : u=255.0 px  v=360.0 px
      Offset from centre : Δu=-3.1 px  Δv=-37.5 px

  ── [STAGE 8e] Bounds Filter ──
    Total projected points : 12,705
    Inside canvas bounds   : 12,705  (100.0%)
    Duplicate pixel hits    : 0
  [INFO] Density non-zero pixels: 12,705
  [INFO] Density peak count     : 1
  [INFO] Raw mask white pixels before morphology: 12,705
  [INFO] White pixels after close: 14,156
  [INFO] Morphological open skipped for tip-loss debugging.
  [INFO] White pixels after open (skipped): 14,156

  ── [STAGE 8f] Final Mask Stats ──
    Bounding box : 247W x 204H px
    Mask centroid: (254.5, 321.0) px
    White pixels : 14,156
  masking.py run ended: 2026-06-13 19:54:35.730801
