
================================================================================
  masking.py run started: 2026-06-13 19:58:39.841212
================================================================================

━━━ [STAGE 1] Loading Point Cloud Array
  [INFO] Total raw points loaded: 363,660

━━━ [STAGE 2] Statistical Outlier Demolition
  [INFO] Points surviving outlier filter: 352,831

━━━ [STAGE 3] Live Plane Surface Isolation (RANSAC)
  [INFO] Original RANSAC: a=0.0165, b=-0.1951, c=0.9806, d=-0.4628
  [INFO] Normal vector pointing down. Flipping coefficients up toward lens.
  [INFO] Points isolated on belt plane: 312,130
  [INFO] Non-plane points going to workspace filter: 40,701

━━━ [STAGE 5] Direction-Enforced Spatial Pre-Filtering
  [INFO] Height gate window : 1.50mm to 500.00mm
  [INFO] Dist-from-plane mm : min=7.793 mean=53.849 median=52.750 max=88.929
  [INFO] Rejected by lower gate: 0 / 40,701
  [INFO] Rejected by upper gate: 0 / 40,701
  [DEBUG] Points passing directional spatial filters: 40,701

━━━ [STAGE 6] Spatial Structural Isolation Clustering (DBSCAN)
  [INFO] DBSCAN discovered 2 distinct point groups.

━━━ [STAGE 7] Multi-Gate Geometric Evaluation
  Cluster #00 -> Pts: 40684 | Dims(mm): X=137.4, Y=160.2, Z= 87.0 | VolRatio: 0.543 | Gates: [G1-4=1 G5_Size=1 G6_3D=1] -> PASSED
  Cluster #01 -> Pts: 17    | Dims(mm): X=  2.0, Y=  2.7, Z=  0.0 | VolRatio: 0.000 | Gates: [G1-4=0 G5_Size=0 G6_3D=0] -> REJECTED
  [INFO] Winning Cluster selected: ID #0 (Score=0.8629)
  [INFO] Winning cluster point count: 40,684

━━━ [STAGE 8] Projection — Sensor Space → Cropped Canvas

  ── [STAGE 8a] Coordinate System Parameters ──
    Intrinsics    : fx=750.148  fy=749.790  cx=386.179  cy=366.086
    Crop offsets  : left=0 px  top=0 px
    Depth sensor  : 510W x 720H px
    RGB canvas    : 510W x 720H px
    Scale factors : scale_x=1.000000  scale_y=1.000000

  ── [STAGE 8b] 3-D Cluster Bounding Box (world space) ──
    X range : -0.0681 m  →  0.0693 m  (span 137.4 mm)
    Y range : -0.1199 m  →  0.0403 m  (span 160.2 mm)
    Z range : 0.3700 m  →  0.4570 m  (span 87.0 mm)
    Z depth : mean=0.4101 m  std=0.0185 m  min=0.3700 m  max=0.4570 m

  ── [STAGE 8c] Projection Steps ──
    [Step 1] Full-sensor pixel coords (before crop subtraction):
      u_sensor  min=270.0  max=504.0  mean=403.2
      v_sensor  min=139.0  max=435.0  mean=301.6
    [OK] Sensor-space OOB: u=0.0%  v=0.0%
    [Step 2] After crop subtraction (crop_left=0, crop_top=0):
      u_cropped min=270.0  max=504.0  mean=403.2
      v_cropped min=139.0  max=435.0  mean=301.6
    [Step 2 Check] Cropped coords outside canvas: u<0=0.0%  u>W=0.0%  v<0=0.0%  v>H=0.0%
    [Step 3] After scale to canvas (scale_x=1.0000, scale_y=1.0000):
      u  min=270  max=504  mean=403.2
      v  min=139  max=435  mean=301.6
      Canvas target size : 510W x 720H px

  ── [STAGE 8d] Expected mask centroid on canvas ──
      Projected centroid : u=403.2 px  v=301.6 px
      Canvas centre      : u=255.0 px  v=360.0 px
      Offset from centre : Δu=148.2 px  Δv=-58.4 px

  ── [STAGE 8e] Bounds Filter ──
    Total projected points : 40,684
    Inside canvas bounds   : 40,684  (100.0%)
    Duplicate pixel hits    : 0
  [INFO] Density non-zero pixels: 40,684
  [INFO] Density peak count     : 1
  [INFO] Raw mask white pixels before morphology: 40,684
  [INFO] White pixels after close: 43,756
  [INFO] Morphological open skipped for tip-loss debugging.
  [INFO] White pixels after open (skipped): 43,756

  ── [STAGE 8f] Final Mask Stats ──
    Bounding box : 239W x 296H px
    Mask centroid: (389.5, 287.0) px
    White pixels : 43,756
  masking.py run ended: 2026-06-13 19:58:44.803299
