
================================================================================
  masking.py run started: 2026-06-13 19:53:28.151807
================================================================================

━━━ [STAGE 1] Loading Point Cloud Array
  [INFO] Total raw points loaded: 365,009

━━━ [STAGE 2] Statistical Outlier Demolition
  [INFO] Points surviving outlier filter: 354,788

━━━ [STAGE 3] Live Plane Surface Isolation (RANSAC)
  [INFO] Original RANSAC: a=0.0143, b=-0.1370, c=0.9905, d=-0.4695
  [INFO] Normal vector pointing down. Flipping coefficients up toward lens.
  [INFO] Points isolated on belt plane: 344,894
  [INFO] Non-plane points going to workspace filter: 9,894

━━━ [STAGE 5] Direction-Enforced Spatial Pre-Filtering
  [INFO] Height gate window : 1.50mm to 500.00mm
  [INFO] Dist-from-plane mm : min=14.754 mean=39.602 median=41.313 max=54.273
  [INFO] Rejected by lower gate: 0 / 9,894
  [INFO] Rejected by upper gate: 0 / 9,894
  [DEBUG] Points passing directional spatial filters: 9,894

━━━ [STAGE 6] Spatial Structural Isolation Clustering (DBSCAN)
  [INFO] DBSCAN discovered 1 distinct point groups.

━━━ [STAGE 7] Multi-Gate Geometric Evaluation
  Cluster #00 -> Pts: 9894  | Dims(mm): X= 74.8, Y= 63.1, Z= 43.0 | VolRatio: 0.575 | Gates: [G1-4=1 G5_Size=1 G6_3D=1] -> PASSED
  [INFO] Winning Cluster selected: ID #0 (Score=0.8672)
  [INFO] Winning cluster point count: 9,894

━━━ [STAGE 8] Projection — Sensor Space → Cropped Canvas

  ── [STAGE 8a] Coordinate System Parameters ──
    Intrinsics    : fx=750.148  fy=749.790  cx=386.179  cy=366.086
    Crop offsets  : left=0 px  top=0 px
    Depth sensor  : 510W x 720H px
    RGB canvas    : 510W x 720H px
    Scale factors : scale_x=1.000000  scale_y=1.000000

  ── [STAGE 8b] 3-D Cluster Bounding Box (world space) ──
    X range : -0.1507 m  →  -0.0759 m  (span 74.8 mm)
    Y range : 0.1160 m  →  0.1791 m  (span 63.1 mm)
    Z range : 0.4420 m  →  0.4850 m  (span 43.0 mm)
    Z depth : mean=0.4557 m  std=0.0079 m  min=0.4420 m  max=0.4850 m

  ── [STAGE 8c] Projection Steps ──
    [Step 1] Full-sensor pixel coords (before crop subtraction):
      u_sensor  min=141.0  max=268.0  mean=203.9
      v_sensor  min=550.0  max=658.0  mean=604.8
    [OK] Sensor-space OOB: u=0.0%  v=0.0%
    [Step 2] After crop subtraction (crop_left=0, crop_top=0):
      u_cropped min=141.0  max=268.0  mean=203.9
      v_cropped min=550.0  max=658.0  mean=604.8
    [Step 2 Check] Cropped coords outside canvas: u<0=0.0%  u>W=0.0%  v<0=0.0%  v>H=0.0%
    [Step 3] After scale to canvas (scale_x=1.0000, scale_y=1.0000):
      u  min=141  max=268  mean=203.9
      v  min=550  max=658  mean=604.8
      Canvas target size : 510W x 720H px

  ── [STAGE 8d] Expected mask centroid on canvas ──
      Projected centroid : u=203.9 px  v=604.8 px
      Canvas centre      : u=255.0 px  v=360.0 px
      Offset from centre : Δu=-51.1 px  Δv=244.8 px

  ── [STAGE 8e] Bounds Filter ──
    Total projected points : 9,894
    Inside canvas bounds   : 9,894  (100.0%)
    Duplicate pixel hits    : 0
  [INFO] Density non-zero pixels: 9,894
  [INFO] Density peak count     : 1
  [INFO] Raw mask white pixels before morphology: 9,894
  [INFO] White pixels after close: 10,611
  [INFO] Morphological open skipped for tip-loss debugging.
  [INFO] White pixels after open (skipped): 10,611

  ── [STAGE 8f] Final Mask Stats ──
    Bounding box : 127W x 108H px
    Mask centroid: (204.5, 604.0) px
    White pixels : 10,611
  masking.py run ended: 2026-06-13 19:53:29.900254
