
================================================================================
  masking.py run started: 2026-06-13 19:53:17.090009
================================================================================

━━━ [STAGE 1] Loading Point Cloud Array
  [INFO] Total raw points loaded: 365,207

━━━ [STAGE 2] Statistical Outlier Demolition
  [INFO] Points surviving outlier filter: 354,211

━━━ [STAGE 3] Live Plane Surface Isolation (RANSAC)
  [INFO] Original RANSAC: a=0.0156, b=-0.1247, c=0.9921, d=-0.4708
  [INFO] Normal vector pointing down. Flipping coefficients up toward lens.
  [INFO] Points isolated on belt plane: 343,241
  [INFO] Non-plane points going to workspace filter: 10,970

━━━ [STAGE 5] Direction-Enforced Spatial Pre-Filtering
  [INFO] Height gate window : 1.50mm to 500.00mm
  [INFO] Dist-from-plane mm : min=-5.655 mean=43.713 median=40.381 max=84.978
  [INFO] Rejected by lower gate: 98 / 10,970
  [INFO] Rejected by upper gate: 0 / 10,970
  [DEBUG] Points passing directional spatial filters: 10,872

━━━ [STAGE 6] Spatial Structural Isolation Clustering (DBSCAN)
  [INFO] DBSCAN discovered 1 distinct point groups.

━━━ [STAGE 7] Multi-Gate Geometric Evaluation
  Cluster #00 -> Pts: 10860 | Dims(mm): X= 74.6, Y=128.1, Z= 68.0 | VolRatio: 0.531 | Gates: [G1-4=1 G5_Size=1 G6_3D=1] -> PASSED
  [INFO] Winning Cluster selected: ID #0 (Score=0.8593)
  [INFO] Winning cluster point count: 10,860

━━━ [STAGE 8] Projection — Sensor Space → Cropped Canvas

  ── [STAGE 8a] Coordinate System Parameters ──
    Intrinsics    : fx=750.148  fy=749.790  cx=386.179  cy=366.086
    Crop offsets  : left=0 px  top=0 px
    Depth sensor  : 510W x 720H px
    RGB canvas    : 510W x 720H px
    Scale factors : scale_x=1.000000  scale_y=1.000000

  ── [STAGE 8b] 3-D Cluster Bounding Box (world space) ──
    X range : -0.0276 m  →  0.0470 m  (span 74.6 mm)
    Y range : -0.1530 m  →  -0.0249 m  (span 128.1 mm)
    Z range : 0.3850 m  →  0.4530 m  (span 68.0 mm)
    Z depth : mean=0.4186 m  std=0.0148 m  min=0.3850 m  max=0.4530 m

  ── [STAGE 8c] Projection Steps ──
    [Step 1] Full-sensor pixel coords (before crop subtraction):
      u_sensor  min=333.0  max=466.0  mean=396.7
      v_sensor  min=100.0  max=322.0  mean=206.6
    [OK] Sensor-space OOB: u=0.0%  v=0.0%
    [Step 2] After crop subtraction (crop_left=0, crop_top=0):
      u_cropped min=333.0  max=466.0  mean=396.7
      v_cropped min=100.0  max=322.0  mean=206.6
    [Step 2 Check] Cropped coords outside canvas: u<0=0.0%  u>W=0.0%  v<0=0.0%  v>H=0.0%
    [Step 3] After scale to canvas (scale_x=1.0000, scale_y=1.0000):
      u  min=333  max=466  mean=396.7
      v  min=100  max=322  mean=206.6
      Canvas target size : 510W x 720H px

  ── [STAGE 8d] Expected mask centroid on canvas ──
      Projected centroid : u=396.7 px  v=206.6 px
      Canvas centre      : u=255.0 px  v=360.0 px
      Offset from centre : Δu=141.7 px  Δv=-153.4 px

  ── [STAGE 8e] Bounds Filter ──
    Total projected points : 10,860
    Inside canvas bounds   : 10,860  (100.0%)
    Duplicate pixel hits    : 0
  [INFO] Density non-zero pixels: 10,860
  [INFO] Density peak count     : 1
  [INFO] Raw mask white pixels before morphology: 10,860
  [INFO] White pixels after close: 14,114
  [INFO] Morphological open skipped for tip-loss debugging.
  [INFO] White pixels after open (skipped): 14,114

  ── [STAGE 8f] Final Mask Stats ──
    Bounding box : 133W x 222H px
    Mask centroid: (399.5, 211.0) px
    White pixels : 14,114
  masking.py run ended: 2026-06-13 19:53:18.659585
