
================================================================================
  masking.py run started: 2026-06-13 19:50:07.254592
================================================================================

━━━ [STAGE 1] Loading Point Cloud Array
  [INFO] Total raw points loaded: 366,417

━━━ [STAGE 2] Statistical Outlier Demolition
  [INFO] Points surviving outlier filter: 355,468

━━━ [STAGE 3] Live Plane Surface Isolation (RANSAC)
  [INFO] Original RANSAC: a=0.0146, b=-0.0500, c=0.9986, d=-0.4784
  [INFO] Normal vector pointing down. Flipping coefficients up toward lens.
  [INFO] Points isolated on belt plane: 330,371
  [INFO] Non-plane points going to workspace filter: 25,097

━━━ [STAGE 5] Direction-Enforced Spatial Pre-Filtering
  [INFO] Height gate window : 1.50mm to 500.00mm
  [INFO] Dist-from-plane mm : min=11.450 mean=29.394 median=29.585 max=42.611
  [INFO] Rejected by lower gate: 0 / 25,097
  [INFO] Rejected by upper gate: 0 / 25,097
  [DEBUG] Points passing directional spatial filters: 25,097

━━━ [STAGE 6] Spatial Structural Isolation Clustering (DBSCAN)
  [INFO] DBSCAN discovered 1 distinct point groups.

━━━ [STAGE 7] Multi-Gate Geometric Evaluation
  Cluster #00 -> Pts: 25097 | Dims(mm): X=136.7, Y=131.3, Z= 32.0 | VolRatio: 0.234 | Gates: [G1-4=1 G5_Size=1 G6_3D=1] -> PASSED
  [INFO] Winning Cluster selected: ID #0 (Score=0.7702)
  [INFO] Winning cluster point count: 25,097

━━━ [STAGE 8] Projection — Sensor Space → Cropped Canvas

  ── [STAGE 8a] Coordinate System Parameters ──
    Intrinsics    : fx=750.148  fy=749.790  cx=386.179  cy=366.086
    Crop offsets  : left=0 px  top=0 px
    Depth sensor  : 510W x 720H px
    RGB canvas    : 510W x 720H px
    Scale factors : scale_x=1.000000  scale_y=1.000000

  ── [STAGE 8b] 3-D Cluster Bounding Box (world space) ──
    X range : -0.0937 m  →  0.0430 m  (span 136.7 mm)
    Y range : -0.1115 m  →  0.0199 m  (span 131.3 mm)
    Z range : 0.4360 m  →  0.4680 m  (span 32.0 mm)
    Z depth : mean=0.4478 m  std=0.0058 m  min=0.4360 m  max=0.4680 m

  ── [STAGE 8c] Projection Steps ──
    [Step 1] Full-sensor pixel coords (before crop subtraction):
      u_sensor  min=236.0  max=456.0  mean=352.3
      v_sensor  min=177.0  max=398.0  mean=295.7
    [OK] Sensor-space OOB: u=0.0%  v=0.0%
    [Step 2] After crop subtraction (crop_left=0, crop_top=0):
      u_cropped min=236.0  max=456.0  mean=352.3
      v_cropped min=177.0  max=398.0  mean=295.7
    [Step 2 Check] Cropped coords outside canvas: u<0=0.0%  u>W=0.0%  v<0=0.0%  v>H=0.0%
    [Step 3] After scale to canvas (scale_x=1.0000, scale_y=1.0000):
      u  min=236  max=456  mean=352.3
      v  min=177  max=398  mean=295.7
      Canvas target size : 510W x 720H px

  ── [STAGE 8d] Expected mask centroid on canvas ──
      Projected centroid : u=352.3 px  v=295.7 px
      Canvas centre      : u=255.0 px  v=360.0 px
      Offset from centre : Δu=97.3 px  Δv=-64.3 px

  ── [STAGE 8e] Bounds Filter ──
    Total projected points : 25,097
    Inside canvas bounds   : 25,097  (100.0%)
    Duplicate pixel hits    : 0
  [INFO] Density non-zero pixels: 25,097
  [INFO] Density peak count     : 1
  [INFO] Raw mask white pixels before morphology: 25,097
  [INFO] White pixels after close: 26,904
  [INFO] Morphological open skipped for tip-loss debugging.
  [INFO] White pixels after open (skipped): 26,904

  ── [STAGE 8f] Final Mask Stats ──
    Bounding box : 220W x 221H px
    Mask centroid: (346.0, 287.5) px
    White pixels : 26,904
  masking.py run ended: 2026-06-13 19:50:11.561751
