
================================================================================
  masking.py run started: 2026-06-13 20:00:55.448354
================================================================================

━━━ [STAGE 1] Loading Point Cloud Array
  [INFO] Total raw points loaded: 366,393

━━━ [STAGE 2] Statistical Outlier Demolition
  [INFO] Points surviving outlier filter: 355,462

━━━ [STAGE 3] Live Plane Surface Isolation (RANSAC)
  [INFO] Original RANSAC: a=0.0117, b=-0.0529, c=0.9985, d=-0.4791
  [INFO] Normal vector pointing down. Flipping coefficients up toward lens.
  [INFO] Points isolated on belt plane: 323,774
  [INFO] Non-plane points going to workspace filter: 31,688

━━━ [STAGE 5] Direction-Enforced Spatial Pre-Filtering
  [INFO] Height gate window : 1.50mm to 500.00mm
  [INFO] Dist-from-plane mm : min=-6.290 mean=56.016 median=59.873 max=75.295
  [INFO] Rejected by lower gate: 13 / 31,688
  [INFO] Rejected by upper gate: 0 / 31,688
  [DEBUG] Points passing directional spatial filters: 31,675

━━━ [STAGE 6] Spatial Structural Isolation Clustering (DBSCAN)
  [INFO] DBSCAN discovered 1 distinct point groups.

━━━ [STAGE 7] Multi-Gate Geometric Evaluation
  Cluster #00 -> Pts: 31675 | Dims(mm): X=123.3, Y=222.4, Z= 61.0 | VolRatio: 0.274 | Gates: [G1-4=1 G5_Size=1 G6_3D=1] -> PASSED
  [INFO] Winning Cluster selected: ID #0 (Score=0.7823)
  [INFO] Winning cluster point count: 31,675

━━━ [STAGE 8] Projection — Sensor Space → Cropped Canvas

  ── [STAGE 8a] Coordinate System Parameters ──
    Intrinsics    : fx=750.148  fy=749.790  cx=386.179  cy=366.086
    Crop offsets  : left=0 px  top=0 px
    Depth sensor  : 510W x 720H px
    RGB canvas    : 510W x 720H px
    Scale factors : scale_x=1.000000  scale_y=1.000000

  ── [STAGE 8b] 3-D Cluster Bounding Box (world space) ──
    X range : -0.1739 m  →  -0.0506 m  (span 123.3 mm)
    Y range : -0.1301 m  →  0.0923 m  (span 222.4 mm)
    Z range : 0.4070 m  →  0.4680 m  (span 61.0 mm)
    Z depth : mean=0.4248 m  std=0.0133 m  min=0.4070 m  max=0.4680 m

  ── [STAGE 8c] Projection Steps ──
    [Step 1] Full-sensor pixel coords (before crop subtraction):
      u_sensor  min=95.0  max=304.0  mean=208.7
      v_sensor  min=154.0  max=514.0  mean=364.9
    [OK] Sensor-space OOB: u=0.0%  v=0.0%
    [Step 2] After crop subtraction (crop_left=0, crop_top=0):
      u_cropped min=95.0  max=304.0  mean=208.7
      v_cropped min=154.0  max=514.0  mean=364.9
    [Step 2 Check] Cropped coords outside canvas: u<0=0.0%  u>W=0.0%  v<0=0.0%  v>H=0.0%
    [Step 3] After scale to canvas (scale_x=1.0000, scale_y=1.0000):
      u  min=95  max=304  mean=208.7
      v  min=154  max=514  mean=364.9
      Canvas target size : 510W x 720H px

  ── [STAGE 8d] Expected mask centroid on canvas ──
      Projected centroid : u=208.7 px  v=364.9 px
      Canvas centre      : u=255.0 px  v=360.0 px
      Offset from centre : Δu=-46.3 px  Δv=4.9 px

  ── [STAGE 8e] Bounds Filter ──
    Total projected points : 31,675
    Inside canvas bounds   : 31,675  (100.0%)
    Duplicate pixel hits    : 0
  [INFO] Density non-zero pixels: 31,675
  [INFO] Density peak count     : 1
  [INFO] Raw mask white pixels before morphology: 31,675
  [INFO] White pixels after close: 34,420
  [INFO] Morphological open skipped for tip-loss debugging.
  [INFO] White pixels after open (skipped): 34,420

  ── [STAGE 8f] Final Mask Stats ──
    Bounding box : 209W x 360H px
    Mask centroid: (199.5, 334.0) px
    White pixels : 34,420
  masking.py run ended: 2026-06-13 20:01:00.210505
