[INFO] Session log file: dataset/debug/session_20260519_133848.log
[DEBUG] frames: total=1, depth_sets=0, color=1280Ă—720,OBFormat.RGB,ts=2518879489, depth=None
[WARNING] Align filter returned None
[DEBUG] frames: total=2, depth_sets=0, color=1280Ă—720,OBFormat.RGB,ts=2518879555, depth=None
[WARNING] Align filter returned None
[DEBUG] frames: total=3, depth_sets=1, color=1280Ă—720,OBFormat.RGB,ts=2518879589, depth=640Ă—576,OBFormat.Y16,ts=2518879590
[DEBUG] frames: total=4, depth_sets=2, color=1280Ă—720,OBFormat.RGB,ts=2518879822, depth=640Ă—576,OBFormat.Y16,ts=2518879823
[DEBUG] frames: total=5, depth_sets=3, color=1280Ă—720,OBFormat.RGB,ts=2518879988, depth=640Ă—576,OBFormat.Y16,ts=2518879989
[DEBUG] frames: total=6, depth_sets=4, color=1280Ă—720,OBFormat.RGB,ts=2518880121, depth=640Ă—576,OBFormat.Y16,ts=2518880122
[DEBUG] frames: total=7, depth_sets=5, color=1280Ă—720,OBFormat.RGB,ts=2518880221, depth=640Ă—576,OBFormat.Y16,ts=2518880222
[DEBUG] frames: total=8, depth_sets=6, color=1280Ă—720,OBFormat.RGB,ts=2518880320, depth=640Ă—576,OBFormat.Y16,ts=2518880322
[DEBUG] frames: total=9, depth_sets=7, color=1280Ă—720,OBFormat.RGB,ts=2518880387, depth=640Ă—576,OBFormat.Y16,ts=2518880388
[DEBUG] frames: total=10, depth_sets=8, color=1280Ă—720,OBFormat.RGB,ts=2518880453, depth=640Ă—576,OBFormat.Y16,ts=2518880455
[DEBUG] frames: total=11, depth_sets=9, color=1280Ă—720,OBFormat.RGB,ts=2518880553, depth=640Ă—576,OBFormat.Y16,ts=2518880554
[DEBUG] frames: total=12, depth_sets=10, color=1280Ă—720,OBFormat.RGB,ts=2518880620, depth=640Ă—576,OBFormat.Y16,ts=2518880621
[DEBUG] frames: total=13, depth_sets=11, color=1280Ă—720,OBFormat.RGB,ts=2518880686, depth=640Ă—576,OBFormat.Y16,ts=2518880687
[DEBUG] frames: total=14, depth_sets=12, color=1280Ă—720,OBFormat.RGB,ts=2518880720, depth=640Ă—576,OBFormat.Y16,ts=2518880721
[DEBUG] frames: total=15, depth_sets=13, color=1280Ă—720,OBFormat.RGB,ts=2518880853, depth=640Ă—576,OBFormat.Y16,ts=2518880854
[DEBUG] frames: total=16, depth_sets=14, color=1280Ă—720,OBFormat.RGB,ts=2518880952, depth=640Ă—576,OBFormat.Y16,ts=2518880954
[DEBUG] frames: total=17, depth_sets=15, color=1280Ă—720,OBFormat.RGB,ts=2518881019, depth=640Ă—576,OBFormat.Y16,ts=2518881020
[DEBUG] frames: total=18, depth_sets=16, color=1280Ă—720,OBFormat.RGB,ts=2518881085, depth=640Ă—576,OBFormat.Y16,ts=2518881087
[DEBUG] frames: total=19, depth_sets=17, color=1280Ă—720,OBFormat.RGB,ts=2518881152, depth=640Ă—576,OBFormat.Y16,ts=2518881153
[DEBUG] frames: total=20, depth_sets=18, color=1280Ă—720,OBFormat.RGB,ts=2518881318, depth=640Ă—576,OBFormat.Y16,ts=2518881319
[DEBUG] frames: total=21, depth_sets=19, color=1280Ă—720,OBFormat.RGB,ts=2518881485, depth=640Ă—576,OBFormat.Y16,ts=2518881486
[DEBUG] frames: total=22, depth_sets=20, color=1280Ă—720,OBFormat.RGB,ts=2518881684, depth=640Ă—576,OBFormat.Y16,ts=2518881685
[DEBUG] frames: total=23, depth_sets=21, color=1280Ă—720,OBFormat.RGB,ts=2518881850, depth=640Ă—576,OBFormat.Y16,ts=2518881852
[DEBUG] frames: total=24, depth_sets=22, color=1280Ă—720,OBFormat.RGB,ts=2518881950, depth=640Ă—576,OBFormat.Y16,ts=2518881951
[DEBUG] frames: total=25, depth_sets=23, color=1280Ă—720,OBFormat.RGB,ts=2518882050, depth=640Ă—576,OBFormat.Y16,ts=2518882051
[DEBUG] frames: total=26, depth_sets=24, color=1280Ă—720,OBFormat.RGB,ts=2518882183, depth=640Ă—576,OBFormat.Y16,ts=2518882184
[DEBUG] frames: total=27, depth_sets=25, color=1280Ă—720,OBFormat.RGB,ts=2518882283, depth=640Ă—576,OBFormat.Y16,ts=2518882284
[DEBUG] frames: total=28, depth_sets=26, color=1280Ă—720,OBFormat.RGB,ts=2518882383, depth=640Ă—576,OBFormat.Y16,ts=2518882384
[DEBUG] frames: total=29, depth_sets=27, color=1280Ă—720,OBFormat.RGB,ts=2518882449, depth=640Ă—576,OBFormat.Y16,ts=2518882450
[DEBUG] frames: total=30, depth_sets=28, color=1280Ă—720,OBFormat.RGB,ts=2518882549, depth=640Ă—576,OBFormat.Y16,ts=2518882550
[DEBUG] frames: total=31, depth_sets=29, color=1280Ă—720,OBFormat.RGB,ts=2518882649, depth=640Ă—576,OBFormat.Y16,ts=2518882650
[DEBUG] frames: total=32, depth_sets=30, color=1280Ă—720,OBFormat.RGB,ts=2518882715, depth=640Ă—576,OBFormat.Y16,ts=2518882716
[DEBUG] frames: total=33, depth_sets=31, color=1280Ă—720,OBFormat.RGB,ts=2518882815, depth=640Ă—576,OBFormat.Y16,ts=2518882816
[DEBUG] frames: total=34, depth_sets=32, color=1280Ă—720,OBFormat.RGB,ts=2518882915, depth=640Ă—576,OBFormat.Y16,ts=2518882916
[DEBUG] frames: total=35, depth_sets=33, color=1280Ă—720,OBFormat.RGB,ts=2518883015, depth=640Ă—576,OBFormat.Y16,ts=2518883016
[DEBUG] frames: total=36, depth_sets=34, color=1280Ă—720,OBFormat.RGB,ts=2518883081, depth=640Ă—576,OBFormat.Y16,ts=2518883082
[DEBUG] frames: total=37, depth_sets=35, color=1280Ă—720,OBFormat.RGB,ts=2518883181, depth=640Ă—576,OBFormat.Y16,ts=2518883182
[DEBUG] frames: total=38, depth_sets=36, color=1280Ă—720,OBFormat.RGB,ts=2518883281, depth=640Ă—576,OBFormat.Y16,ts=2518883282
[DEBUG] frames: total=39, depth_sets=37, color=1280Ă—720,OBFormat.RGB,ts=2518883381, depth=640Ă—576,OBFormat.Y16,ts=2518883382
[DEBUG] frames: total=40, depth_sets=38, color=1280Ă—720,OBFormat.RGB,ts=2518883447, depth=640Ă—576,OBFormat.Y16,ts=2518883448
[DEBUG] frames: total=41, depth_sets=39, color=1280Ă—720,OBFormat.RGB,ts=2518883547, depth=640Ă—576,OBFormat.Y16,ts=2518883548
[DEBUG] frames: total=42, depth_sets=40, color=1280Ă—720,OBFormat.RGB,ts=2518883613, depth=640Ă—576,OBFormat.Y16,ts=2518883614
[DEBUG] frames: total=43, depth_sets=41, color=1280Ă—720,OBFormat.RGB,ts=2518883713, depth=640Ă—576,OBFormat.Y16,ts=2518883714
[DEBUG] frames: total=44, depth_sets=42, color=1280Ă—720,OBFormat.RGB,ts=2518883813, depth=640Ă—576,OBFormat.Y16,ts=2518883814
[DEBUG] frames: total=45, depth_sets=43, color=1280Ă—720,OBFormat.RGB,ts=2518883879, depth=640Ă—576,OBFormat.Y16,ts=2518883881
[DEBUG] frames: total=46, depth_sets=44, color=1280Ă—720,OBFormat.RGB,ts=2518883946, depth=640Ă—576,OBFormat.Y16,ts=2518883947
[DEBUG] frames: total=47, depth_sets=45, color=1280Ă—720,OBFormat.RGB,ts=2518884046, depth=640Ă—576,OBFormat.Y16,ts=2518884047
[DEBUG] frames: total=48, depth_sets=46, color=1280Ă—720,OBFormat.RGB,ts=2518884112, depth=640Ă—576,OBFormat.Y16,ts=2518884113
[DEBUG] frames: total=49, depth_sets=47, color=1280Ă—720,OBFormat.RGB,ts=2518884179, depth=640Ă—576,OBFormat.Y16,ts=2518884180
[DEBUG] frames: total=50, depth_sets=48, color=1280Ă—720,OBFormat.RGB,ts=2518884279, depth=640Ă—576,OBFormat.Y16,ts=2518884280
[DEBUG] frames: total=51, depth_sets=49, color=1280Ă—720,OBFormat.RGB,ts=2518884345, depth=640Ă—576,OBFormat.Y16,ts=2518884346
[DEBUG] frames: total=52, depth_sets=50, color=1280Ă—720,OBFormat.RGB,ts=2518884445, depth=640Ă—576,OBFormat.Y16,ts=2518884446
[DEBUG] frames: total=53, depth_sets=51, color=1280Ă—720,OBFormat.RGB,ts=2518884545, depth=640Ă—576,OBFormat.Y16,ts=2518884546
[DEBUG] frames: total=54, depth_sets=52, color=1280Ă—720,OBFormat.RGB,ts=2518884611, depth=640Ă—576,OBFormat.Y16,ts=2518884612
[DEBUG] frames: total=55, depth_sets=53, color=1280Ă—720,OBFormat.RGB,ts=2518884678, depth=640Ă—576,OBFormat.Y16,ts=2518884679
[DEBUG] frames: total=56, depth_sets=54, color=1280Ă—720,OBFormat.RGB,ts=2518884777, depth=640Ă—576,OBFormat.Y16,ts=2518884779
[DEBUG] frames: total=57, depth_sets=55, color=1280Ă—720,OBFormat.RGB,ts=2518884877, depth=640Ă—576,OBFormat.Y16,ts=2518884878
[DEBUG] frames: total=58, depth_sets=56, color=1280Ă—720,OBFormat.RGB,ts=2518884944, depth=640Ă—576,OBFormat.Y16,ts=2518884945
[DEBUG] frames: total=59, depth_sets=57, color=1280Ă—720,OBFormat.RGB,ts=2518885044, depth=640Ă—576,OBFormat.Y16,ts=2518885045
[DEBUG] frames: total=60, depth_sets=58, color=1280Ă—720,OBFormat.RGB,ts=2518885110, depth=640Ă—576,OBFormat.Y16,ts=2518885111
[DEBUG] frames: total=61, depth_sets=59, color=1280Ă—720,OBFormat.RGB,ts=2518885210, depth=640Ă—576,OBFormat.Y16,ts=2518885211
[DEBUG] frames: total=62, depth_sets=60, color=1280Ă—720,OBFormat.RGB,ts=2518885276, depth=640Ă—576,OBFormat.Y16,ts=2518885278
[DEBUG] frames: total=63, depth_sets=61, color=1280Ă—720,OBFormat.RGB,ts=2518885343, depth=640Ă—576,OBFormat.Y16,ts=2518885344
[DEBUG] frames: total=64, depth_sets=62, color=1280Ă—720,OBFormat.RGB,ts=2518885443, depth=640Ă—576,OBFormat.Y16,ts=2518885444
[DEBUG] frames: total=65, depth_sets=63, color=1280Ă—720,OBFormat.RGB,ts=2518885509, depth=640Ă—576,OBFormat.Y16,ts=2518885510
[DEBUG] frames: total=66, depth_sets=64, color=1280Ă—720,OBFormat.RGB,ts=2518885609, depth=640Ă—576,OBFormat.Y16,ts=2518885610
[DEBUG] frames: total=67, depth_sets=65, color=1280Ă—720,OBFormat.RGB,ts=2518885676, depth=640Ă—576,OBFormat.Y16,ts=2518885677
[DEBUG] frames: total=68, depth_sets=66, color=1280Ă—720,OBFormat.RGB,ts=2518885742, depth=640Ă—576,OBFormat.Y16,ts=2518885743
[DEBUG] frames: total=69, depth_sets=67, color=1280Ă—720,OBFormat.RGB,ts=2518885842, depth=640Ă—576,OBFormat.Y16,ts=2518885843
[DEBUG] frames: total=70, depth_sets=68, color=1280Ă—720,OBFormat.RGB,ts=2518885908, depth=640Ă—576,OBFormat.Y16,ts=2518885910
[DEBUG] frames: total=71, depth_sets=69, color=1280Ă—720,OBFormat.RGB,ts=2518886008, depth=640Ă—576,OBFormat.Y16,ts=2518886009
[DEBUG] frames: total=72, depth_sets=70, color=1280Ă—720,OBFormat.RGB,ts=2518886041, depth=640Ă—576,OBFormat.Y16,ts=2518886043
****[DEBUG] RGB shape: (720, 1280, 3), Depth shape: (576, 640)
[DEBUG] RGB shape: (720, 510, 3)
[DEBUG] Depth shape: (576, 640)
[DEBUG] Depth dtype: uint16
[DEBUG] Depth min/max: 0, 1501
[DEBUG] Valid depth pixels: 259933
[DEBUG] Valid depth pixels after filtering: 259931
[DEBUG] Full point cloud has 259931 points.
[INFO] Plane equation: 0.01x + -0.16y + 0.99z + -0.48 = 0
[DEBUG] Plane inliers: 214928
[DEBUG] Non-plane points: 45003
[DEBUG] Residual stats: median=0.0019, mad=0.0013, adaptive_threshold=0.0120
[DEBUG] Mask projection: base_threshold=0.0120, adaptive_threshold=0.0120, projected foreground=43092
[DEBUG] Belt ROI: x_margin=76, y_margin=11, foreground=16897
[DEBUG] Mask cleanup: raw foreground=16897
[DEBUG] Mask cleanup: after morphology=18448
[DEBUG] Mask cleanup candidate: idx=4 area=5576 bbox=(257, 114, 90, 95) centroid=(301.4, 166.8) touches_border=False strip_like=False mean_residual=0.0241 max_residual=0.4835 residual_ok=True score=45.0909
[DEBUG] Mask cleanup candidate: idx=6 area=6538 bbox=(502, 183, 62, 201) centroid=(536.7, 288.7) touches_border=False strip_like=False mean_residual=0.1012 max_residual=0.4835 residual_ok=True score=30.0379
[DEBUG] Mask cleanup candidate: idx=1 area=3667 bbox=(411, 14, 144, 99) centroid=(489.3, 75.6) touches_border=False strip_like=False mean_residual=0.0335 max_residual=0.4835 residual_ok=True score=13.4491
[DEBUG] Mask cleanup: connected components=10, min_area=368, selected_indices=[1, 2, 4, 6, 7], selected_area=17854
[DEBUG] Mask cleanup: keeping 5 components before hull
[DEBUG] Mask cleanup: final area after dilation=27552
[DEBUG] Mask projection: cleaned foreground=27552
[WARNING] Mask/image shape mismatch: mask=(576, 640), image=(720, 510). Resizing mask for overlay/export.
[DEBUG] Overlay saved to dataset/debug/img0929_overlay.png
[MASK-QA] shape=(576, 640) foreground=27552 ratio=0.074740 components=4 largest_area=9770 border_pixels=0 border_ratio=0.000000
[INFO] Info saved to dataset/info/img0929.txt
[WARNING] Mask/image shape mismatch: mask=(576, 640), image=(720, 510). Resizing mask for overlay/export.
[DEBUG] Capture QA report saved to dataset/debug/img0929.txt
[INFO] Frame captured for class: 0
[RETAKE] Retaking frame.
[DEBUG] frames: total=73, depth_sets=71, color=1280Ă—720,OBFormat.RGB,ts=2518901340, depth=640Ă—576,OBFormat.Y16,ts=2518901342
[DEBUG] frames: total=74, depth_sets=72, color=1280Ă—720,OBFormat.RGB,ts=2518901473, depth=640Ă—576,OBFormat.Y16,ts=2518901475
[DEBUG] frames: total=75, depth_sets=73, color=1280Ă—720,OBFormat.RGB,ts=2518901573, depth=640Ă—576,OBFormat.Y16,ts=2518901574
[DEBUG] frames: total=76, depth_sets=74, color=1280Ă—720,OBFormat.RGB,ts=2518901673, depth=640Ă—576,OBFormat.Y16,ts=2518901674
[DEBUG] frames: total=77, depth_sets=75, color=1280Ă—720,OBFormat.RGB,ts=2518901773, depth=640Ă—576,OBFormat.Y16,ts=2518901774
[DEBUG] frames: total=78, depth_sets=76, color=1280Ă—720,OBFormat.RGB,ts=2518901839, depth=640Ă—576,OBFormat.Y16,ts=2518901840
[DEBUG] frames: total=79, depth_sets=77, color=1280Ă—720,OBFormat.RGB,ts=2518901906, depth=640Ă—576,OBFormat.Y16,ts=2518901907
[DEBUG] frames: total=80, depth_sets=78, color=1280Ă—720,OBFormat.RGB,ts=2518902006, depth=640Ă—576,OBFormat.Y16,ts=2518902007
[DEBUG] frames: total=81, depth_sets=79, color=1280Ă—720,OBFormat.RGB,ts=2518902072, depth=640Ă—576,OBFormat.Y16,ts=2518902073
[DEBUG] frames: total=82, depth_sets=80, color=1280Ă—720,OBFormat.RGB,ts=2518902139, depth=640Ă—576,OBFormat.Y16,ts=2518902140
[DEBUG] frames: total=83, depth_sets=81, color=1280Ă—720,OBFormat.RGB,ts=2518902238, depth=640Ă—576,OBFormat.Y16,ts=2518902239
[DEBUG] frames: total=84, depth_sets=82, color=1280Ă—720,OBFormat.RGB,ts=2518902305, depth=640Ă—576,OBFormat.Y16,ts=2518902306
[DEBUG] frames: total=85, depth_sets=83, color=1280Ă—720,OBFormat.RGB,ts=2518902371, depth=640Ă—576,OBFormat.Y16,ts=2518902373
[DEBUG] frames: total=86, depth_sets=84, color=1280Ă—720,OBFormat.RGB,ts=2518902471, depth=640Ă—576,OBFormat.Y16,ts=2518902472
[DEBUG] frames: total=87, depth_sets=85, color=1280Ă—720,OBFormat.RGB,ts=2518902538, depth=640Ă—576,OBFormat.Y16,ts=2518902539
[DEBUG] frames: total=88, depth_sets=86, color=1280Ă—720,OBFormat.RGB,ts=2518902637, depth=640Ă—576,OBFormat.Y16,ts=2518902639
[DEBUG] frames: total=89, depth_sets=87, color=1280Ă—720,OBFormat.RGB,ts=2518902704, depth=640Ă—576,OBFormat.Y16,ts=2518902705
[DEBUG] frames: total=90, depth_sets=88, color=1280Ă—720,OBFormat.RGB,ts=2518902804, depth=640Ă—576,OBFormat.Y16,ts=2518902805
[DEBUG] frames: total=91, depth_sets=89, color=1280Ă—720,OBFormat.RGB,ts=2518902870, depth=640Ă—576,OBFormat.Y16,ts=2518902871
[DEBUG] frames: total=92, depth_sets=90, color=1280Ă—720,OBFormat.RGB,ts=2518902937, depth=640Ă—576,OBFormat.Y16,ts=2518902938
[DEBUG] frames: total=93, depth_sets=91, color=1280Ă—720,OBFormat.RGB,ts=2518903036, depth=640Ă—576,OBFormat.Y16,ts=2518903038
[DEBUG] frames: total=94, depth_sets=92, color=1280Ă—720,OBFormat.RGB,ts=2518903103, depth=640Ă—576,OBFormat.Y16,ts=2518903104
[DEBUG] frames: total=95, depth_sets=93, color=1280Ă—720,OBFormat.RGB,ts=2518903203, depth=640Ă—576,OBFormat.Y16,ts=2518903204
[DEBUG] frames: total=96, depth_sets=94, color=1280Ă—720,OBFormat.RGB,ts=2518903269, depth=640Ă—576,OBFormat.Y16,ts=2518903270
[DEBUG] frames: total=97, depth_sets=95, color=1280Ă—720,OBFormat.RGB,ts=2518903369, depth=640Ă—576,OBFormat.Y16,ts=2518903370
[DEBUG] frames: total=98, depth_sets=96, color=1280Ă—720,OBFormat.RGB,ts=2518903436, depth=640Ă—576,OBFormat.Y16,ts=2518903437
[DEBUG] frames: total=99, depth_sets=97, color=1280Ă—720,OBFormat.RGB,ts=2518903502, depth=640Ă—576,OBFormat.Y16,ts=2518903503
[DEBUG] frames: total=100, depth_sets=98, color=1280Ă—720,OBFormat.RGB,ts=2518903602, depth=640Ă—576,OBFormat.Y16,ts=2518903603
[DEBUG] frames: total=101, depth_sets=99, color=1280Ă—720,OBFormat.RGB,ts=2518903668, depth=640Ă—576,OBFormat.Y16,ts=2518903669
[DEBUG] frames: total=102, depth_sets=100, color=1280Ă—720,OBFormat.RGB,ts=2518903768, depth=640Ă—576,OBFormat.Y16,ts=2518903769
[DEBUG] frames: total=103, depth_sets=101, color=1280Ă—720,OBFormat.RGB,ts=2518903835, depth=640Ă—576,OBFormat.Y16,ts=2518903836
[DEBUG] frames: total=104, depth_sets=102, color=1280Ă—720,OBFormat.RGB,ts=2518903934, depth=640Ă—576,OBFormat.Y16,ts=2518903936
[DEBUG] frames: total=105, depth_sets=103, color=1280Ă—720,OBFormat.RGB,ts=2518904001, depth=640Ă—576,OBFormat.Y16,ts=2518904002
[DEBUG] frames: total=106, depth_sets=104, color=1280Ă—720,OBFormat.RGB,ts=2518904101, depth=640Ă—576,OBFormat.Y16,ts=2518904102
[DEBUG] frames: total=107, depth_sets=105, color=1280Ă—720,OBFormat.RGB,ts=2518904167, depth=640Ă—576,OBFormat.Y16,ts=2518904168
[DEBUG] frames: total=108, depth_sets=106, color=1280Ă—720,OBFormat.RGB,ts=2518904267, depth=640Ă—576,OBFormat.Y16,ts=2518904268
[DEBUG] frames: total=109, depth_sets=107, color=1280Ă—720,OBFormat.RGB,ts=2518904333, depth=640Ă—576,OBFormat.Y16,ts=2518904335
[DEBUG] frames: total=110, depth_sets=108, color=1280Ă—720,OBFormat.RGB,ts=2518904433, depth=640Ă—576,OBFormat.Y16,ts=2518904434
[DEBUG] frames: total=111, depth_sets=109, color=1280Ă—720,OBFormat.RGB,ts=2518904500, depth=640Ă—576,OBFormat.Y16,ts=2518904501
[DEBUG] frames: total=112, depth_sets=110, color=1280Ă—720,OBFormat.RGB,ts=2518904599, depth=640Ă—576,OBFormat.Y16,ts=2518904601
[DEBUG] frames: total=113, depth_sets=111, color=1280Ă—720,OBFormat.RGB,ts=2518904666, depth=640Ă—576,OBFormat.Y16,ts=2518904667
[DEBUG] frames: total=114, depth_sets=112, color=1280Ă—720,OBFormat.RGB,ts=2518904766, depth=640Ă—576,OBFormat.Y16,ts=2518904767
[DEBUG] frames: total=115, depth_sets=113, color=1280Ă—720,OBFormat.RGB,ts=2518904832, depth=640Ă—576,OBFormat.Y16,ts=2518904833
[DEBUG] frames: total=116, depth_sets=114, color=1280Ă—720,OBFormat.RGB,ts=2518904932, depth=640Ă—576,OBFormat.Y16,ts=2518904933
[DEBUG] frames: total=117, depth_sets=115, color=1280Ă—720,OBFormat.RGB,ts=2518904999, depth=640Ă—576,OBFormat.Y16,ts=2518905000
[DEBUG] frames: total=118, depth_sets=116, color=1280Ă—720,OBFormat.RGB,ts=2518905098, depth=640Ă—576,OBFormat.Y16,ts=2518905099
[DEBUG] frames: total=119, depth_sets=117, color=1280Ă—720,OBFormat.RGB,ts=2518905165, depth=640Ă—576,OBFormat.Y16,ts=2518905166
[DEBUG] frames: total=120, depth_sets=118, color=1280Ă—720,OBFormat.RGB,ts=2518905265, depth=640Ă—576,OBFormat.Y16,ts=2518905266
[DEBUG] frames: total=121, depth_sets=119, color=1280Ă—720,OBFormat.RGB,ts=2518905331, depth=640Ă—576,OBFormat.Y16,ts=2518905332
[DEBUG] frames: total=122, depth_sets=120, color=1280Ă—720,OBFormat.RGB,ts=2518905431, depth=640Ă—576,OBFormat.Y16,ts=2518905432
[DEBUG] frames: total=123, depth_sets=121, color=1280Ă—720,OBFormat.RGB,ts=2518905497, depth=640Ă—576,OBFormat.Y16,ts=2518905499
[DEBUG] frames: total=124, depth_sets=122, color=1280Ă—720,OBFormat.RGB,ts=2518905597, depth=640Ă—576,OBFormat.Y16,ts=2518905598
[DEBUG] frames: total=125, depth_sets=123, color=1280Ă—720,OBFormat.RGB,ts=2518905664, depth=640Ă—576,OBFormat.Y16,ts=2518905665
[DEBUG] frames: total=126, depth_sets=124, color=1280Ă—720,OBFormat.RGB,ts=2518905764, depth=640Ă—576,OBFormat.Y16,ts=2518905765
[DEBUG] frames: total=127, depth_sets=125, color=1280Ă—720,OBFormat.RGB,ts=2518905830, depth=640Ă—576,OBFormat.Y16,ts=2518905831
[DEBUG] frames: total=128, depth_sets=126, color=1280Ă—720,OBFormat.RGB,ts=2518905930, depth=640Ă—576,OBFormat.Y16,ts=2518905931
[DEBUG] frames: total=129, depth_sets=127, color=1280Ă—720,OBFormat.RGB,ts=2518905963, depth=640Ă—576,OBFormat.Y16,ts=2518905964
[DEBUG] frames: total=130, depth_sets=128, color=1280Ă—720,OBFormat.RGB,ts=2518906063, depth=640Ă—576,OBFormat.Y16,ts=2518906064
[DEBUG] frames: total=131, depth_sets=129, color=1280Ă—720,OBFormat.RGB,ts=2518906129, depth=640Ă—576,OBFormat.Y16,ts=2518906130
[DEBUG] frames: total=132, depth_sets=130, color=1280Ă—720,OBFormat.RGB,ts=2518906329, depth=640Ă—576,OBFormat.Y16,ts=2518906330
[DEBUG] frames: total=133, depth_sets=131, color=1280Ă—720,OBFormat.RGB,ts=2518906495, depth=640Ă—576,OBFormat.Y16,ts=2518906496
[DEBUG] frames: total=134, depth_sets=132, color=1280Ă—720,OBFormat.RGB,ts=2518906728, depth=640Ă—576,OBFormat.Y16,ts=2518906729
[DEBUG] frames: total=135, depth_sets=133, color=1280Ă—720,OBFormat.RGB,ts=2518906828, depth=640Ă—576,OBFormat.Y16,ts=2518906829
[DEBUG] frames: total=136, depth_sets=134, color=1280Ă—720,OBFormat.RGB,ts=2518906928, depth=640Ă—576,OBFormat.Y16,ts=2518906929
[DEBUG] frames: total=137, depth_sets=135, color=1280Ă—720,OBFormat.RGB,ts=2518906994, depth=640Ă—576,OBFormat.Y16,ts=2518906995
[DEBUG] frames: total=138, depth_sets=136, color=1280Ă—720,OBFormat.RGB,ts=2518907094, depth=640Ă—576,OBFormat.Y16,ts=2518907095
[DEBUG] frames: total=139, depth_sets=137, color=1280Ă—720,OBFormat.RGB,ts=2518907160, depth=640Ă—576,OBFormat.Y16,ts=2518907161
[DEBUG] frames: total=140, depth_sets=138, color=1280Ă—720,OBFormat.RGB,ts=2518907260, depth=640Ă—576,OBFormat.Y16,ts=2518907261
[DEBUG] frames: total=141, depth_sets=139, color=1280Ă—720,OBFormat.RGB,ts=2518907360, depth=640Ă—576,OBFormat.Y16,ts=2518907361
[DEBUG] frames: total=142, depth_sets=140, color=1280Ă—720,OBFormat.RGB,ts=2518907426, depth=640Ă—576,OBFormat.Y16,ts=2518907428
[DEBUG] frames: total=143, depth_sets=141, color=1280Ă—720,OBFormat.RGB,ts=2518907526, depth=640Ă—576,OBFormat.Y16,ts=2518907527
[DEBUG] frames: total=144, depth_sets=142, color=1280Ă—720,OBFormat.RGB,ts=2518907626, depth=640Ă—576,OBFormat.Y16,ts=2518907627
[DEBUG] frames: total=145, depth_sets=143, color=1280Ă—720,OBFormat.RGB,ts=2518907693, depth=640Ă—576,OBFormat.Y16,ts=2518907694
[DEBUG] frames: total=146, depth_sets=144, color=1280Ă—720,OBFormat.RGB,ts=2518907759, depth=640Ă—576,OBFormat.Y16,ts=2518907760
[DEBUG] frames: total=147, depth_sets=145, color=1280Ă—720,OBFormat.RGB,ts=2518907859, depth=640Ă—576,OBFormat.Y16,ts=2518907860
[DEBUG] frames: total=148, depth_sets=146, color=1280Ă—720,OBFormat.RGB,ts=2518907925, depth=640Ă—576,OBFormat.Y16,ts=2518907926
[DEBUG] frames: total=149, depth_sets=147, color=1280Ă—720,OBFormat.RGB,ts=2518907992, depth=640Ă—576,OBFormat.Y16,ts=2518907993
[DEBUG] frames: total=150, depth_sets=148, color=1280Ă—720,OBFormat.RGB,ts=2518908058, depth=640Ă—576,OBFormat.Y16,ts=2518908059
[DEBUG] frames: total=151, depth_sets=149, color=1280Ă—720,OBFormat.RGB,ts=2518908158, depth=640Ă—576,OBFormat.Y16,ts=2518908159
[DEBUG] frames: total=152, depth_sets=150, color=1280Ă—720,OBFormat.RGB,ts=2518908258, depth=640Ă—576,OBFormat.Y16,ts=2518908259
[DEBUG] frames: total=153, depth_sets=151, color=1280Ă—720,OBFormat.RGB,ts=2518908324, depth=640Ă—576,OBFormat.Y16,ts=2518908326
[DEBUG] frames: total=154, depth_sets=152, color=1280Ă—720,OBFormat.RGB,ts=2518908424, depth=640Ă—576,OBFormat.Y16,ts=2518908425
[DEBUG] frames: total=155, depth_sets=153, color=1280Ă—720,OBFormat.RGB,ts=2518908491, depth=640Ă—576,OBFormat.Y16,ts=2518908492
[DEBUG] frames: total=156, depth_sets=154, color=1280Ă—720,OBFormat.RGB,ts=2518908557, depth=640Ă—576,OBFormat.Y16,ts=2518908558
[DEBUG] frames: total=157, depth_sets=155, color=1280Ă—720,OBFormat.RGB,ts=2518908657, depth=640Ă—576,OBFormat.Y16,ts=2518908658
[DEBUG] frames: total=158, depth_sets=156, color=1280Ă—720,OBFormat.RGB,ts=2518908724, depth=640Ă—576,OBFormat.Y16,ts=2518908725
[DEBUG] frames: total=159, depth_sets=157, color=1280Ă—720,OBFormat.RGB,ts=2518908790, depth=640Ă—576,OBFormat.Y16,ts=2518908791
[DEBUG] frames: total=160, depth_sets=158, color=1280Ă—720,OBFormat.RGB,ts=2518908890, depth=640Ă—576,OBFormat.Y16,ts=2518908891
[DEBUG] frames: total=161, depth_sets=159, color=1280Ă—720,OBFormat.RGB,ts=2518908956, depth=640Ă—576,OBFormat.Y16,ts=2518908957
[DEBUG] frames: total=162, depth_sets=160, color=1280Ă—720,OBFormat.RGB,ts=2518909056, depth=640Ă—576,OBFormat.Y16,ts=2518909057
[DEBUG] frames: total=163, depth_sets=161, color=1280Ă—720,OBFormat.RGB,ts=2518909123, depth=640Ă—576,OBFormat.Y16,ts=2518909124
[DEBUG] frames: total=164, depth_sets=162, color=1280Ă—720,OBFormat.RGB,ts=2518909189, depth=640Ă—576,OBFormat.Y16,ts=2518909190
[DEBUG] frames: total=165, depth_sets=163, color=1280Ă—720,OBFormat.RGB,ts=2518909289, depth=640Ă—576,OBFormat.Y16,ts=2518909290
[DEBUG] frames: total=166, depth_sets=164, color=1280Ă—720,OBFormat.RGB,ts=2518909355, depth=640Ă—576,OBFormat.Y16,ts=2518909357
[DEBUG] frames: total=167, depth_sets=165, color=1280Ă—720,OBFormat.RGB,ts=2518909455, depth=640Ă—576,OBFormat.Y16,ts=2518909456
[DEBUG] frames: total=168, depth_sets=166, color=1280Ă—720,OBFormat.RGB,ts=2518909489, depth=640Ă—576,OBFormat.Y16,ts=2518909490
[DEBUG] frames: total=169, depth_sets=167, color=1280Ă—720,OBFormat.RGB,ts=2518909588, depth=640Ă—576,OBFormat.Y16,ts=2518909589
[DEBUG] frames: total=170, depth_sets=168, color=1280Ă—720,OBFormat.RGB,ts=2518909655, depth=640Ă—576,OBFormat.Y16,ts=2518909656
[DEBUG] frames: total=171, depth_sets=169, color=1280Ă—720,OBFormat.RGB,ts=2518909721, depth=640Ă—576,OBFormat.Y16,ts=2518909722
[DEBUG] frames: total=172, depth_sets=170, color=1280Ă—720,OBFormat.RGB,ts=2518909854, depth=640Ă—576,OBFormat.Y16,ts=2518909855
[DEBUG] frames: total=173, depth_sets=171, color=1280Ă—720,OBFormat.RGB,ts=2518910021, depth=640Ă—576,OBFormat.Y16,ts=2518910022
[DEBUG] frames: total=174, depth_sets=172, color=1280Ă—720,OBFormat.RGB,ts=2518910154, depth=640Ă—576,OBFormat.Y16,ts=2518910155
[DEBUG] frames: total=175, depth_sets=173, color=1280Ă—720,OBFormat.RGB,ts=2518910287, depth=640Ă—576,OBFormat.Y16,ts=2518910288
[DEBUG] frames: total=176, depth_sets=174, color=1280Ă—720,OBFormat.RGB,ts=2518910453, depth=640Ă—576,OBFormat.Y16,ts=2518910454
[DEBUG] frames: total=177, depth_sets=175, color=1280Ă—720,OBFormat.RGB,ts=2518910586, depth=640Ă—576,OBFormat.Y16,ts=2518910587
[DEBUG] frames: total=178, depth_sets=176, color=1280Ă—720,OBFormat.RGB,ts=2518910719, depth=640Ă—576,OBFormat.Y16,ts=2518910720
[DEBUG] frames: total=179, depth_sets=177, color=1280Ă—720,OBFormat.RGB,ts=2518910819, depth=640Ă—576,OBFormat.Y16,ts=2518910820
[DEBUG] frames: total=180, depth_sets=178, color=1280Ă—720,OBFormat.RGB,ts=2518910919, depth=640Ă—576,OBFormat.Y16,ts=2518910920
[DEBUG] frames: total=181, depth_sets=179, color=1280Ă—720,OBFormat.RGB,ts=2518910985, depth=640Ă—576,OBFormat.Y16,ts=2518910986
[DEBUG] frames: total=182, depth_sets=180, color=1280Ă—720,OBFormat.RGB,ts=2518911085, depth=640Ă—576,OBFormat.Y16,ts=2518911086
[DEBUG] frames: total=183, depth_sets=181, color=1280Ă—720,OBFormat.RGB,ts=2518911151, depth=640Ă—576,OBFormat.Y16,ts=2518911153
[DEBUG] frames: total=184, depth_sets=182, color=1280Ă—720,OBFormat.RGB,ts=2518911251, depth=640Ă—576,OBFormat.Y16,ts=2518911252
[DEBUG] frames: total=185, depth_sets=183, color=1280Ă—720,OBFormat.RGB,ts=2518911351, depth=640Ă—576,OBFormat.Y16,ts=2518911352
[DEBUG] frames: total=186, depth_sets=184, color=1280Ă—720,OBFormat.RGB,ts=2518911417, depth=640Ă—576,OBFormat.Y16,ts=2518911419
[DEBUG] frames: total=187, depth_sets=185, color=1280Ă—720,OBFormat.RGB,ts=2518911517, depth=640Ă—576,OBFormat.Y16,ts=2518911518
[DEBUG] frames: total=188, depth_sets=186, color=1280Ă—720,OBFormat.RGB,ts=2518911584, depth=640Ă—576,OBFormat.Y16,ts=2518911585
[DEBUG] frames: total=189, depth_sets=187, color=1280Ă—720,OBFormat.RGB,ts=2518911684, depth=640Ă—576,OBFormat.Y16,ts=2518911685
[DEBUG] frames: total=190, depth_sets=188, color=1280Ă—720,OBFormat.RGB,ts=2518911750, depth=640Ă—576,OBFormat.Y16,ts=2518911751
[DEBUG] frames: total=191, depth_sets=189, color=1280Ă—720,OBFormat.RGB,ts=2518911850, depth=640Ă—576,OBFormat.Y16,ts=2518911851
[DEBUG] frames: total=192, depth_sets=190, color=1280Ă—720,OBFormat.RGB,ts=2518911916, depth=640Ă—576,OBFormat.Y16,ts=2518911918
[DEBUG] frames: total=193, depth_sets=191, color=1280Ă—720,OBFormat.RGB,ts=2518912016, depth=640Ă—576,OBFormat.Y16,ts=2518912017
[DEBUG] frames: total=194, depth_sets=192, color=1280Ă—720,OBFormat.RGB,ts=2518912116, depth=640Ă—576,OBFormat.Y16,ts=2518912117
[DEBUG] frames: total=195, depth_sets=193, color=1280Ă—720,OBFormat.RGB,ts=2518912182, depth=640Ă—576,OBFormat.Y16,ts=2518912184
[DEBUG] frames: total=196, depth_sets=194, color=1280Ă—720,OBFormat.RGB,ts=2518912282, depth=640Ă—576,OBFormat.Y16,ts=2518912283
[DEBUG] frames: total=197, depth_sets=195, color=1280Ă—720,OBFormat.RGB,ts=2518912382, depth=640Ă—576,OBFormat.Y16,ts=2518912383
[DEBUG] frames: total=198, depth_sets=196, color=1280Ă—720,OBFormat.RGB,ts=2518912449, depth=640Ă—576,OBFormat.Y16,ts=2518912450
[DEBUG] frames: total=199, depth_sets=197, color=1280Ă—720,OBFormat.RGB,ts=2518912548, depth=640Ă—576,OBFormat.Y16,ts=2518912549
[DEBUG] frames: total=200, depth_sets=198, color=1280Ă—720,OBFormat.RGB,ts=2518912648, depth=640Ă—576,OBFormat.Y16,ts=2518912649
[DEBUG] frames: total=201, depth_sets=199, color=1280Ă—720,OBFormat.RGB,ts=2518912748, depth=640Ă—576,OBFormat.Y16,ts=2518912749
[DEBUG] frames: total=202, depth_sets=200, color=1280Ă—720,OBFormat.RGB,ts=2518912814, depth=640Ă—576,OBFormat.Y16,ts=2518912816
[DEBUG] frames: total=203, depth_sets=201, color=1280Ă—720,OBFormat.RGB,ts=2518912914, depth=640Ă—576,OBFormat.Y16,ts=2518912915
[DEBUG] frames: total=204, depth_sets=202, color=1280Ă—720,OBFormat.RGB,ts=2518912981, depth=640Ă—576,OBFormat.Y16,ts=2518912982
[DEBUG] frames: total=205, depth_sets=203, color=1280Ă—720,OBFormat.RGB,ts=2518913080, depth=640Ă—576,OBFormat.Y16,ts=2518913082
[DEBUG] frames: total=206, depth_sets=204, color=1280Ă—720,OBFormat.RGB,ts=2518913147, depth=640Ă—576,OBFormat.Y16,ts=2518913148
[DEBUG] frames: total=207, depth_sets=205, color=1280Ă—720,OBFormat.RGB,ts=2518913247, depth=640Ă—576,OBFormat.Y16,ts=2518913248
[DEBUG] frames: total=208, depth_sets=206, color=1280Ă—720,OBFormat.RGB,ts=2518913313, depth=640Ă—576,OBFormat.Y16,ts=2518913314
[DEBUG] frames: total=209, depth_sets=207, color=1280Ă—720,OBFormat.RGB,ts=2518913380, depth=640Ă—576,OBFormat.Y16,ts=2518913381
[DEBUG] frames: total=210, depth_sets=208, color=1280Ă—720,OBFormat.RGB,ts=2518913480, depth=640Ă—576,OBFormat.Y16,ts=2518913481
[DEBUG] frames: total=211, depth_sets=209, color=1280Ă—720,OBFormat.RGB,ts=2518913579, depth=640Ă—576,OBFormat.Y16,ts=2518913580
[DEBUG] frames: total=212, depth_sets=210, color=1280Ă—720,OBFormat.RGB,ts=2518913646, depth=640Ă—576,OBFormat.Y16,ts=2518913647
[DEBUG] frames: total=213, depth_sets=211, color=1280Ă—720,OBFormat.RGB,ts=2518913746, depth=640Ă—576,OBFormat.Y16,ts=2518913747
[DEBUG] frames: total=214, depth_sets=212, color=1280Ă—720,OBFormat.RGB,ts=2518913812, depth=640Ă—576,OBFormat.Y16,ts=2518913813
[DEBUG] frames: total=215, depth_sets=213, color=1280Ă—720,OBFormat.RGB,ts=2518913879, depth=640Ă—576,OBFormat.Y16,ts=2518913880
[DEBUG] frames: total=216, depth_sets=214, color=1280Ă—720,OBFormat.RGB,ts=2518913978, depth=640Ă—576,OBFormat.Y16,ts=2518913980
[DEBUG] frames: total=217, depth_sets=215, color=1280Ă—720,OBFormat.RGB,ts=2518914045, depth=640Ă—576,OBFormat.Y16,ts=2518914046
[DEBUG] frames: total=218, depth_sets=216, color=1280Ă—720,OBFormat.RGB,ts=2518914145, depth=640Ă—576,OBFormat.Y16,ts=2518914146
[DEBUG] frames: total=219, depth_sets=217, color=1280Ă—720,OBFormat.RGB,ts=2518914211, depth=640Ă—576,OBFormat.Y16,ts=2518914212
[DEBUG] frames: total=220, depth_sets=218, color=1280Ă—720,OBFormat.RGB,ts=2518914311, depth=640Ă—576,OBFormat.Y16,ts=2518914312
[DEBUG] frames: total=221, depth_sets=219, color=1280Ă—720,OBFormat.RGB,ts=2518914377, depth=640Ă—576,OBFormat.Y16,ts=2518914379
[DEBUG] frames: total=222, depth_sets=220, color=1280Ă—720,OBFormat.RGB,ts=2518914477, depth=640Ă—576,OBFormat.Y16,ts=2518914478
[DEBUG] frames: total=223, depth_sets=221, color=1280Ă—720,OBFormat.RGB,ts=2518914544, depth=640Ă—576,OBFormat.Y16,ts=2518914545
[DEBUG] frames: total=224, depth_sets=222, color=1280Ă—720,OBFormat.RGB,ts=2518914644, depth=640Ă—576,OBFormat.Y16,ts=2518914645
[DEBUG] frames: total=225, depth_sets=223, color=1280Ă—720,OBFormat.RGB,ts=2518914710, depth=640Ă—576,OBFormat.Y16,ts=2518914711
[DEBUG] frames: total=226, depth_sets=224, color=1280Ă—720,OBFormat.RGB,ts=2518914843, depth=640Ă—576,OBFormat.Y16,ts=2518914844
[DEBUG] frames: total=227, depth_sets=225, color=1280Ă—720,OBFormat.RGB,ts=2518914910, depth=640Ă—576,OBFormat.Y16,ts=2518914911
[DEBUG] frames: total=228, depth_sets=226, color=1280Ă—720,OBFormat.RGB,ts=2518915009, depth=640Ă—576,OBFormat.Y16,ts=2518915011
[DEBUG] frames: total=229, depth_sets=227, color=1280Ă—720,OBFormat.RGB,ts=2518915076, depth=640Ă—576,OBFormat.Y16,ts=2518915077
[DEBUG] frames: total=230, depth_sets=228, color=1280Ă—720,OBFormat.RGB,ts=2518915176, depth=640Ă—576,OBFormat.Y16,ts=2518915177
[DEBUG] frames: total=231, depth_sets=229, color=1280Ă—720,OBFormat.RGB,ts=2518915242, depth=640Ă—576,OBFormat.Y16,ts=2518915243
[DEBUG] frames: total=232, depth_sets=230, color=1280Ă—720,OBFormat.RGB,ts=2518915309, depth=640Ă—576,OBFormat.Y16,ts=2518915310
[DEBUG] frames: total=233, depth_sets=231, color=1280Ă—720,OBFormat.RGB,ts=2518915409, depth=640Ă—576,OBFormat.Y16,ts=2518915410
[DEBUG] frames: total=234, depth_sets=232, color=1280Ă—720,OBFormat.RGB,ts=2518915475, depth=640Ă—576,OBFormat.Y16,ts=2518915476
[DEBUG] frames: total=235, depth_sets=233, color=1280Ă—720,OBFormat.RGB,ts=2518915575, depth=640Ă—576,OBFormat.Y16,ts=2518915576
[DEBUG] frames: total=236, depth_sets=234, color=1280Ă—720,OBFormat.RGB,ts=2518915641, depth=640Ă—576,OBFormat.Y16,ts=2518915642
[DEBUG] frames: total=237, depth_sets=235, color=1280Ă—720,OBFormat.RGB,ts=2518915708, depth=640Ă—576,OBFormat.Y16,ts=2518915709
[DEBUG] frames: total=238, depth_sets=236, color=1280Ă—720,OBFormat.RGB,ts=2518915774, depth=640Ă—576,OBFormat.Y16,ts=2518915776
[DEBUG] frames: total=239, depth_sets=237, color=1280Ă—720,OBFormat.RGB,ts=2518915874, depth=640Ă—576,OBFormat.Y16,ts=2518915875
[DEBUG] frames: total=240, depth_sets=238, color=1280Ă—720,OBFormat.RGB,ts=2518915941, depth=640Ă—576,OBFormat.Y16,ts=2518915942
[DEBUG] frames: total=241, depth_sets=239, color=1280Ă—720,OBFormat.RGB,ts=2518916007, depth=640Ă—576,OBFormat.Y16,ts=2518916008
[DEBUG] frames: total=242, depth_sets=240, color=1280Ă—720,OBFormat.RGB,ts=2518916107, depth=640Ă—576,OBFormat.Y16,ts=2518916108
[DEBUG] frames: total=243, depth_sets=241, color=1280Ă—720,OBFormat.RGB,ts=2518916240, depth=640Ă—576,OBFormat.Y16,ts=2518916241
[DEBUG] frames: total=244, depth_sets=242, color=1280Ă—720,OBFormat.RGB,ts=2518916340, depth=640Ă—576,OBFormat.Y16,ts=2518916341
[DEBUG] frames: total=245, depth_sets=243, color=1280Ă—720,OBFormat.RGB,ts=2518916406, depth=640Ă—576,OBFormat.Y16,ts=2518916407
[DEBUG] frames: total=246, depth_sets=244, color=1280Ă—720,OBFormat.RGB,ts=2518916506, depth=640Ă—576,OBFormat.Y16,ts=2518916507
[DEBUG] frames: total=247, depth_sets=245, color=1280Ă—720,OBFormat.RGB,ts=2518916573, depth=640Ă—576,OBFormat.Y16,ts=2518916574
[DEBUG] frames: total=248, depth_sets=246, color=1280Ă—720,OBFormat.RGB,ts=2518916672, depth=640Ă—576,OBFormat.Y16,ts=2518916674
[DEBUG] frames: total=249, depth_sets=247, color=1280Ă—720,OBFormat.RGB,ts=2518916739, depth=640Ă—576,OBFormat.Y16,ts=2518916740
[DEBUG] frames: total=250, depth_sets=248, color=1280Ă—720,OBFormat.RGB,ts=2518916839, depth=640Ă—576,OBFormat.Y16,ts=2518916840
[DEBUG] frames: total=251, depth_sets=249, color=1280Ă—720,OBFormat.RGB,ts=2518916939, depth=640Ă—576,OBFormat.Y16,ts=2518916940
[DEBUG] frames: total=252, depth_sets=250, color=1280Ă—720,OBFormat.RGB,ts=2518917005, depth=640Ă—576,OBFormat.Y16,ts=2518917006
[DEBUG] frames: total=253, depth_sets=251, color=1280Ă—720,OBFormat.RGB,ts=2518917105, depth=640Ă—576,OBFormat.Y16,ts=2518917106
[DEBUG] frames: total=254, depth_sets=252, color=1280Ă—720,OBFormat.RGB,ts=2518917205, depth=640Ă—576,OBFormat.Y16,ts=2518917206
[DEBUG] frames: total=255, depth_sets=253, color=1280Ă—720,OBFormat.RGB,ts=2518917271, depth=640Ă—576,OBFormat.Y16,ts=2518917272
[DEBUG] frames: total=256, depth_sets=254, color=1280Ă—720,OBFormat.RGB,ts=2518917371, depth=640Ă—576,OBFormat.Y16,ts=2518917372
[DEBUG] frames: total=257, depth_sets=255, color=1280Ă—720,OBFormat.RGB,ts=2518917471, depth=640Ă—576,OBFormat.Y16,ts=2518917472
[DEBUG] frames: total=258, depth_sets=256, color=1280Ă—720,OBFormat.RGB,ts=2518917571, depth=640Ă—576,OBFormat.Y16,ts=2518917572
[DEBUG] frames: total=259, depth_sets=257, color=1280Ă—720,OBFormat.RGB,ts=2518917637, depth=640Ă—576,OBFormat.Y16,ts=2518917638
[DEBUG] frames: total=260, depth_sets=258, color=1280Ă—720,OBFormat.RGB,ts=2518917737, depth=640Ă—576,OBFormat.Y16,ts=2518917738
[DEBUG] frames: total=261, depth_sets=259, color=1280Ă—720,OBFormat.RGB,ts=2518917803, depth=640Ă—576,OBFormat.Y16,ts=2518917804
[DEBUG] frames: total=262, depth_sets=260, color=1280Ă—720,OBFormat.RGB,ts=2518917903, depth=640Ă—576,OBFormat.Y16,ts=2518917904
[DEBUG] frames: total=263, depth_sets=261, color=1280Ă—720,OBFormat.RGB,ts=2518917970, depth=640Ă—576,OBFormat.Y16,ts=2518917971
[DEBUG] frames: total=264, depth_sets=262, color=1280Ă—720,OBFormat.RGB,ts=2518918069, depth=640Ă—576,OBFormat.Y16,ts=2518918071
[DEBUG] frames: total=265, depth_sets=263, color=1280Ă—720,OBFormat.RGB,ts=2518918169, depth=640Ă—576,OBFormat.Y16,ts=2518918170
[DEBUG] frames: total=266, depth_sets=264, color=1280Ă—720,OBFormat.RGB,ts=2518918236, depth=640Ă—576,OBFormat.Y16,ts=2518918237
[DEBUG] frames: total=267, depth_sets=265, color=1280Ă—720,OBFormat.RGB,ts=2518918336, depth=640Ă—576,OBFormat.Y16,ts=2518918337
[DEBUG] frames: total=268, depth_sets=266, color=1280Ă—720,OBFormat.RGB,ts=2518918402, depth=640Ă—576,OBFormat.Y16,ts=2518918403
[DEBUG] frames: total=269, depth_sets=267, color=1280Ă—720,OBFormat.RGB,ts=2518918502, depth=640Ă—576,OBFormat.Y16,ts=2518918503
[DEBUG] frames: total=270, depth_sets=268, color=1280Ă—720,OBFormat.RGB,ts=2518918568, depth=640Ă—576,OBFormat.Y16,ts=2518918569
[DEBUG] frames: total=271, depth_sets=269, color=1280Ă—720,OBFormat.RGB,ts=2518918668, depth=640Ă—576,OBFormat.Y16,ts=2518918669
[DEBUG] frames: total=272, depth_sets=270, color=1280Ă—720,OBFormat.RGB,ts=2518918735, depth=640Ă—576,OBFormat.Y16,ts=2518918736
[DEBUG] frames: total=273, depth_sets=271, color=1280Ă—720,OBFormat.RGB,ts=2518918834, depth=640Ă—576,OBFormat.Y16,ts=2518918836
[DEBUG] frames: total=274, depth_sets=272, color=1280Ă—720,OBFormat.RGB,ts=2518918901, depth=640Ă—576,OBFormat.Y16,ts=2518918902
[DEBUG] frames: total=275, depth_sets=273, color=1280Ă—720,OBFormat.RGB,ts=2518918967, depth=640Ă—576,OBFormat.Y16,ts=2518918969
[DEBUG] frames: total=276, depth_sets=274, color=1280Ă—720,OBFormat.RGB,ts=2518919067, depth=640Ă—576,OBFormat.Y16,ts=2518919068
[DEBUG] frames: total=277, depth_sets=275, color=1280Ă—720,OBFormat.RGB,ts=2518919134, depth=640Ă—576,OBFormat.Y16,ts=2518919135
[DEBUG] frames: total=278, depth_sets=276, color=1280Ă—720,OBFormat.RGB,ts=2518919234, depth=640Ă—576,OBFormat.Y16,ts=2518919235
[DEBUG] frames: total=279, depth_sets=277, color=1280Ă—720,OBFormat.RGB,ts=2518919300, depth=640Ă—576,OBFormat.Y16,ts=2518919301
[DEBUG] frames: total=280, depth_sets=278, color=1280Ă—720,OBFormat.RGB,ts=2518919400, depth=640Ă—576,OBFormat.Y16,ts=2518919401
[DEBUG] frames: total=281, depth_sets=279, color=1280Ă—720,OBFormat.RGB,ts=2518919466, depth=640Ă—576,OBFormat.Y16,ts=2518919467
[DEBUG] frames: total=282, depth_sets=280, color=1280Ă—720,OBFormat.RGB,ts=2518919566, depth=640Ă—576,OBFormat.Y16,ts=2518919567
[DEBUG] frames: total=283, depth_sets=281, color=1280Ă—720,OBFormat.RGB,ts=2518919633, depth=640Ă—576,OBFormat.Y16,ts=2518919634
[DEBUG] frames: total=284, depth_sets=282, color=1280Ă—720,OBFormat.RGB,ts=2518919732, depth=640Ă—576,OBFormat.Y16,ts=2518919734
[DEBUG] frames: total=285, depth_sets=283, color=1280Ă—720,OBFormat.RGB,ts=2518919799, depth=640Ă—576,OBFormat.Y16,ts=2518919800
[DEBUG] frames: total=286, depth_sets=284, color=1280Ă—720,OBFormat.RGB,ts=2518919899, depth=640Ă—576,OBFormat.Y16,ts=2518919900
[DEBUG] frames: total=287, depth_sets=285, color=1280Ă—720,OBFormat.RGB,ts=2518919965, depth=640Ă—576,OBFormat.Y16,ts=2518919966
[DEBUG] frames: total=288, depth_sets=286, color=1280Ă—720,OBFormat.RGB,ts=2518920065, depth=640Ă—576,OBFormat.Y16,ts=2518920066
[DEBUG] frames: total=289, depth_sets=287, color=1280Ă—720,OBFormat.RGB,ts=2518920132, depth=640Ă—576,OBFormat.Y16,ts=2518920133
[DEBUG] frames: total=290, depth_sets=288, color=1280Ă—720,OBFormat.RGB,ts=2518920231, depth=640Ă—576,OBFormat.Y16,ts=2518920232
[DEBUG] frames: total=291, depth_sets=289, color=1280Ă—720,OBFormat.RGB,ts=2518920331, depth=640Ă—576,OBFormat.Y16,ts=2518920332
[DEBUG] frames: total=292, depth_sets=290, color=1280Ă—720,OBFormat.RGB,ts=2518920398, depth=640Ă—576,OBFormat.Y16,ts=2518920399
[DEBUG] frames: total=293, depth_sets=291, color=1280Ă—720,OBFormat.RGB,ts=2518920497, depth=640Ă—576,OBFormat.Y16,ts=2518920498
[DEBUG] frames: total=294, depth_sets=292, color=1280Ă—720,OBFormat.RGB,ts=2518920597, depth=640Ă—576,OBFormat.Y16,ts=2518920598
[DEBUG] frames: total=295, depth_sets=293, color=1280Ă—720,OBFormat.RGB,ts=2518920664, depth=640Ă—576,OBFormat.Y16,ts=2518920665
[DEBUG] frames: total=296, depth_sets=294, color=1280Ă—720,OBFormat.RGB,ts=2518920763, depth=640Ă—576,OBFormat.Y16,ts=2518920765
[DEBUG] frames: total=297, depth_sets=295, color=1280Ă—720,OBFormat.RGB,ts=2518920830, depth=640Ă—576,OBFormat.Y16,ts=2518920831
[DEBUG] frames: total=298, depth_sets=296, color=1280Ă—720,OBFormat.RGB,ts=2518920930, depth=640Ă—576,OBFormat.Y16,ts=2518920931
[DEBUG] frames: total=299, depth_sets=297, color=1280Ă—720,OBFormat.RGB,ts=2518920996, depth=640Ă—576,OBFormat.Y16,ts=2518920997
[DEBUG] frames: total=300, depth_sets=298, color=1280Ă—720,OBFormat.RGB,ts=2518921096, depth=640Ă—576,OBFormat.Y16,ts=2518921097
[DEBUG] frames: total=301, depth_sets=299, color=1280Ă—720,OBFormat.RGB,ts=2518921162, depth=640Ă—576,OBFormat.Y16,ts=2518921164
[DEBUG] frames: total=302, depth_sets=300, color=1280Ă—720,OBFormat.RGB,ts=2518921262, depth=640Ă—576,OBFormat.Y16,ts=2518921263
[DEBUG] frames: total=303, depth_sets=301, color=1280Ă—720,OBFormat.RGB,ts=2518921395, depth=640Ă—576,OBFormat.Y16,ts=2518921396
[DEBUG] frames: total=304, depth_sets=302, color=1280Ă—720,OBFormat.RGB,ts=2518921462, depth=640Ă—576,OBFormat.Y16,ts=2518921463
[DEBUG] frames: total=305, depth_sets=303, color=1280Ă—720,OBFormat.RGB,ts=2518921562, depth=640Ă—576,OBFormat.Y16,ts=2518921563
[DEBUG] frames: total=306, depth_sets=304, color=1280Ă—720,OBFormat.RGB,ts=2518921628, depth=640Ă—576,OBFormat.Y16,ts=2518921629
[DEBUG] frames: total=307, depth_sets=305, color=1280Ă—720,OBFormat.RGB,ts=2518921728, depth=640Ă—576,OBFormat.Y16,ts=2518921729
[DEBUG] frames: total=308, depth_sets=306, color=1280Ă—720,OBFormat.RGB,ts=2518921794, depth=640Ă—576,OBFormat.Y16,ts=2518921795
[DEBUG] frames: total=309, depth_sets=307, color=1280Ă—720,OBFormat.RGB,ts=2518921894, depth=640Ă—576,OBFormat.Y16,ts=2518921895
[DEBUG] frames: total=310, depth_sets=308, color=1280Ă—720,OBFormat.RGB,ts=2518921961, depth=640Ă—576,OBFormat.Y16,ts=2518921962
[DEBUG] frames: total=311, depth_sets=309, color=1280Ă—720,OBFormat.RGB,ts=2518922060, depth=640Ă—576,OBFormat.Y16,ts=2518922061
[DEBUG] frames: total=312, depth_sets=310, color=1280Ă—720,OBFormat.RGB,ts=2518922127, depth=640Ă—576,OBFormat.Y16,ts=2518922128
[DEBUG] frames: total=313, depth_sets=311, color=1280Ă—720,OBFormat.RGB,ts=2518922193, depth=640Ă—576,OBFormat.Y16,ts=2518922195
[DEBUG] frames: total=314, depth_sets=312, color=1280Ă—720,OBFormat.RGB,ts=2518922260, depth=640Ă—576,OBFormat.Y16,ts=2518922261
[DEBUG] frames: total=315, depth_sets=313, color=1280Ă—720,OBFormat.RGB,ts=2518922360, depth=640Ă—576,OBFormat.Y16,ts=2518922361
[DEBUG] frames: total=316, depth_sets=314, color=1280Ă—720,OBFormat.RGB,ts=2518922426, depth=640Ă—576,OBFormat.Y16,ts=2518922427
[DEBUG] frames: total=317, depth_sets=315, color=1280Ă—720,OBFormat.RGB,ts=2518922526, depth=640Ă—576,OBFormat.Y16,ts=2518922527
[DEBUG] frames: total=318, depth_sets=316, color=1280Ă—720,OBFormat.RGB,ts=2518922626, depth=640Ă—576,OBFormat.Y16,ts=2518922627
[DEBUG] frames: total=319, depth_sets=317, color=1280Ă—720,OBFormat.RGB,ts=2518922725, depth=640Ă—576,OBFormat.Y16,ts=2518922727
[DEBUG] frames: total=320, depth_sets=318, color=1280Ă—720,OBFormat.RGB,ts=2518922825, depth=640Ă—576,OBFormat.Y16,ts=2518922826
[DEBUG] frames: total=321, depth_sets=319, color=1280Ă—720,OBFormat.RGB,ts=2518922925, depth=640Ă—576,OBFormat.Y16,ts=2518922926
[DEBUG] frames: total=322, depth_sets=320, color=1280Ă—720,OBFormat.RGB,ts=2518922991, depth=640Ă—576,OBFormat.Y16,ts=2518922993
[DEBUG] frames: total=323, depth_sets=321, color=1280Ă—720,OBFormat.RGB,ts=2518923091, depth=640Ă—576,OBFormat.Y16,ts=2518923092
[DEBUG] frames: total=324, depth_sets=322, color=1280Ă—720,OBFormat.RGB,ts=2518923158, depth=640Ă—576,OBFormat.Y16,ts=2518923159
[DEBUG] frames: total=325, depth_sets=323, color=1280Ă—720,OBFormat.RGB,ts=2518923258, depth=640Ă—576,OBFormat.Y16,ts=2518923259
[DEBUG] frames: total=326, depth_sets=324, color=1280Ă—720,OBFormat.RGB,ts=2518923324, depth=640Ă—576,OBFormat.Y16,ts=2518923325
[DEBUG] frames: total=327, depth_sets=325, color=1280Ă—720,OBFormat.RGB,ts=2518923424, depth=640Ă—576,OBFormat.Y16,ts=2518923425
[DEBUG] frames: total=328, depth_sets=326, color=1280Ă—720,OBFormat.RGB,ts=2518923524, depth=640Ă—576,OBFormat.Y16,ts=2518923525
[DEBUG] frames: total=329, depth_sets=327, color=1280Ă—720,OBFormat.RGB,ts=2518923623, depth=640Ă—576,OBFormat.Y16,ts=2518923625
[DEBUG] frames: total=330, depth_sets=328, color=1280Ă—720,OBFormat.RGB,ts=2518923690, depth=640Ă—576,OBFormat.Y16,ts=2518923691
[DEBUG] frames: total=331, depth_sets=329, color=1280Ă—720,OBFormat.RGB,ts=2518923790, depth=640Ă—576,OBFormat.Y16,ts=2518923791
[DEBUG] frames: total=332, depth_sets=330, color=1280Ă—720,OBFormat.RGB,ts=2518923856, depth=640Ă—576,OBFormat.Y16,ts=2518923857
[DEBUG] frames: total=333, depth_sets=331, color=1280Ă—720,OBFormat.RGB,ts=2518923956, depth=640Ă—576,OBFormat.Y16,ts=2518923957
[DEBUG] frames: total=334, depth_sets=332, color=1280Ă—720,OBFormat.RGB,ts=2518924056, depth=640Ă—576,OBFormat.Y16,ts=2518924057
[DEBUG] frames: total=335, depth_sets=333, color=1280Ă—720,OBFormat.RGB,ts=2518924122, depth=640Ă—576,OBFormat.Y16,ts=2518924123
[DEBUG] frames: total=336, depth_sets=334, color=1280Ă—720,OBFormat.RGB,ts=2518924222, depth=640Ă—576,OBFormat.Y16,ts=2518924223
[DEBUG] frames: total=337, depth_sets=335, color=1280Ă—720,OBFormat.RGB,ts=2518924322, depth=640Ă—576,OBFormat.Y16,ts=2518924323
[DEBUG] frames: total=338, depth_sets=336, color=1280Ă—720,OBFormat.RGB,ts=2518924388, depth=640Ă—576,OBFormat.Y16,ts=2518924389
[DEBUG] frames: total=339, depth_sets=337, color=1280Ă—720,OBFormat.RGB,ts=2518924488, depth=640Ă—576,OBFormat.Y16,ts=2518924489
[DEBUG] frames: total=340, depth_sets=338, color=1280Ă—720,OBFormat.RGB,ts=2518924555, depth=640Ă—576,OBFormat.Y16,ts=2518924556
[DEBUG] frames: total=341, depth_sets=339, color=1280Ă—720,OBFormat.RGB,ts=2518924654, depth=640Ă—576,OBFormat.Y16,ts=2518924655
[DEBUG] frames: total=342, depth_sets=340, color=1280Ă—720,OBFormat.RGB,ts=2518924721, depth=640Ă—576,OBFormat.Y16,ts=2518924722
[DEBUG] frames: total=343, depth_sets=341, color=1280Ă—720,OBFormat.RGB,ts=2518924821, depth=640Ă—576,OBFormat.Y16,ts=2518924822
[DEBUG] frames: total=344, depth_sets=342, color=1280Ă—720,OBFormat.RGB,ts=2518924887, depth=640Ă—576,OBFormat.Y16,ts=2518924888
[DEBUG] frames: total=345, depth_sets=343, color=1280Ă—720,OBFormat.RGB,ts=2518924987, depth=640Ă—576,OBFormat.Y16,ts=2518924988
[DEBUG] frames: total=346, depth_sets=344, color=1280Ă—720,OBFormat.RGB,ts=2518925053, depth=640Ă—576,OBFormat.Y16,ts=2518925055
[DEBUG] frames: total=347, depth_sets=345, color=1280Ă—720,OBFormat.RGB,ts=2518925153, depth=640Ă—576,OBFormat.Y16,ts=2518925154
[DEBUG] frames: total=348, depth_sets=346, color=1280Ă—720,OBFormat.RGB,ts=2518925220, depth=640Ă—576,OBFormat.Y16,ts=2518925221
[DEBUG] frames: total=349, depth_sets=347, color=1280Ă—720,OBFormat.RGB,ts=2518925319, depth=640Ă—576,OBFormat.Y16,ts=2518925321
[DEBUG] frames: total=350, depth_sets=348, color=1280Ă—720,OBFormat.RGB,ts=2518925386, depth=640Ă—576,OBFormat.Y16,ts=2518925387
[DEBUG] frames: total=351, depth_sets=349, color=1280Ă—720,OBFormat.RGB,ts=2518925486, depth=640Ă—576,OBFormat.Y16,ts=2518925487
[DEBUG] frames: total=352, depth_sets=350, color=1280Ă—720,OBFormat.RGB,ts=2518925552, depth=640Ă—576,OBFormat.Y16,ts=2518925553
[DEBUG] frames: total=353, depth_sets=351, color=1280Ă—720,OBFormat.RGB,ts=2518925652, depth=640Ă—576,OBFormat.Y16,ts=2518925653
[DEBUG] frames: total=354, depth_sets=352, color=1280Ă—720,OBFormat.RGB,ts=2518925719, depth=640Ă—576,OBFormat.Y16,ts=2518925720
[DEBUG] frames: total=355, depth_sets=353, color=1280Ă—720,OBFormat.RGB,ts=2518925785, depth=640Ă—576,OBFormat.Y16,ts=2518925786
****[DEBUG] RGB shape: (720, 1280, 3), Depth shape: (576, 640)
[DEBUG] RGB shape: (720, 510, 3)
[DEBUG] Depth shape: (576, 640)
[DEBUG] Depth dtype: uint16
[DEBUG] Depth min/max: 0, 1505
[DEBUG] Valid depth pixels: 258340
[DEBUG] Valid depth pixels after filtering: 258335
[DEBUG] Full point cloud has 258335 points.
[INFO] Plane equation: 0.02x + -0.16y + 0.99z + -0.48 = 0
[DEBUG] Plane inliers: 217698
[DEBUG] Non-plane points: 40637
[DEBUG] Residual stats: median=0.0019, mad=0.0012, adaptive_threshold=0.0120
[DEBUG] Mask projection: base_threshold=0.0120, adaptive_threshold=0.0120, projected foreground=39788
[DEBUG] Belt ROI: x_margin=76, y_margin=11, foreground=13213
[DEBUG] Mask cleanup: raw foreground=13213
[DEBUG] Mask cleanup: after morphology=14499
[DEBUG] Mask cleanup candidate: idx=4 area=5588 bbox=(256, 114, 91, 96) centroid=(301.2, 166.7) touches_border=False strip_like=False mean_residual=0.0240 max_residual=0.4832 residual_ok=True score=45.1608
[DEBUG] Mask cleanup candidate: idx=7 area=6223 bbox=(503, 195, 61, 195) centroid=(537.1, 287.1) touches_border=False strip_like=False mean_residual=0.0952 max_residual=0.4832 residual_ok=True score=28.5272
[DEBUG] Mask cleanup candidate: idx=8 area=1676 bbox=(76, 217, 18, 125) centroid=(83.7, 277.8) touches_border=False strip_like=False mean_residual=0.0772 max_residual=0.4832 residual_ok=True score=7.0564
[DEBUG] Mask cleanup: connected components=12, min_area=368, selected_indices=[2, 4, 7, 8], selected_area=13864
[DEBUG] Mask cleanup: keeping 4 components before hull
[DEBUG] Mask cleanup: final area after dilation=19684
[DEBUG] Mask projection: cleaned foreground=19684
[WARNING] Mask/image shape mismatch: mask=(576, 640), image=(720, 510). Resizing mask for overlay/export.
[DEBUG] Overlay saved to dataset/debug/img0929_overlay.png
[MASK-QA] shape=(576, 640) foreground=19684 ratio=0.053396 components=4 largest_area=9504 border_pixels=0 border_ratio=0.000000
[INFO] Info saved to dataset/info/img0929.txt
[WARNING] Mask/image shape mismatch: mask=(576, 640), image=(720, 510). Resizing mask for overlay/export.
[DEBUG] Capture QA report saved to dataset/debug/img0929.txt
[INFO] Frame captured for class: 0
[WARNING] Mask/image shape mismatch: mask=(576, 640), image=(720, 510). Resizing mask for overlay/export.
[SAVED] Mask image saved to dataset/masks/img0929.png
[SAVED] Point cloud saved to dataset/pointcloud/img0929.ply
[SAVED] img0929
[COUNT] images=869, depth=869, labels=869, masks=2, pointcloud=869, info=872, debug=2
[DEBUG] frames: total=356, depth_sets=354, color=1280Ă—720,OBFormat.RGB,ts=2518961138, depth=640Ă—576,OBFormat.Y16,ts=2518961139
[DEBUG] frames: total=357, depth_sets=355, color=1280Ă—720,OBFormat.RGB,ts=2518961204, depth=640Ă—576,OBFormat.Y16,ts=2518961206
[DEBUG] frames: total=358, depth_sets=356, color=1280Ă—720,OBFormat.RGB,ts=2518961338, depth=640Ă—576,OBFormat.Y16,ts=2518961339
[DEBUG] frames: total=359, depth_sets=357, color=1280Ă—720,OBFormat.RGB,ts=2518961437, depth=640Ă—576,OBFormat.Y16,ts=2518961438
[DEBUG] frames: total=360, depth_sets=358, color=1280Ă—720,OBFormat.RGB,ts=2518961504, depth=640Ă—576,OBFormat.Y16,ts=2518961505
[DEBUG] frames: total=361, depth_sets=359, color=1280Ă—720,OBFormat.RGB,ts=2518961604, depth=640Ă—576,OBFormat.Y16,ts=2518961605
[DEBUG] frames: total=362, depth_sets=360, color=1280Ă—720,OBFormat.RGB,ts=2518961703, depth=640Ă—576,OBFormat.Y16,ts=2518961705
[DEBUG] frames: total=363, depth_sets=361, color=1280Ă—720,OBFormat.RGB,ts=2518961803, depth=640Ă—576,OBFormat.Y16,ts=2518961804
[DEBUG] frames: total=364, depth_sets=362, color=1280Ă—720,OBFormat.RGB,ts=2518961870, depth=640Ă—576,OBFormat.Y16,ts=2518961871
[DEBUG] frames: total=365, depth_sets=363, color=1280Ă—720,OBFormat.RGB,ts=2518961969, depth=640Ă—576,OBFormat.Y16,ts=2518961971
[DEBUG] frames: total=366, depth_sets=364, color=1280Ă—720,OBFormat.RGB,ts=2518962069, depth=640Ă—576,OBFormat.Y16,ts=2518962070
[DEBUG] frames: total=367, depth_sets=365, color=1280Ă—720,OBFormat.RGB,ts=2518962169, depth=640Ă—576,OBFormat.Y16,ts=2518962170
[DEBUG] frames: total=368, depth_sets=366, color=1280Ă—720,OBFormat.RGB,ts=2518962269, depth=640Ă—576,OBFormat.Y16,ts=2518962270
[DEBUG] frames: total=369, depth_sets=367, color=1280Ă—720,OBFormat.RGB,ts=2518962369, depth=640Ă—576,OBFormat.Y16,ts=2518962370
[DEBUG] frames: total=370, depth_sets=368, color=1280Ă—720,OBFormat.RGB,ts=2518962468, depth=640Ă—576,OBFormat.Y16,ts=2518962469
[DEBUG] frames: total=371, depth_sets=369, color=1280Ă—720,OBFormat.RGB,ts=2518962535, depth=640Ă—576,OBFormat.Y16,ts=2518962536
[DEBUG] frames: total=372, depth_sets=370, color=1280Ă—720,OBFormat.RGB,ts=2518962635, depth=640Ă—576,OBFormat.Y16,ts=2518962636
[DEBUG] frames: total=373, depth_sets=371, color=1280Ă—720,OBFormat.RGB,ts=2518962734, depth=640Ă—576,OBFormat.Y16,ts=2518962735
[DEBUG] frames: total=374, depth_sets=372, color=1280Ă—720,OBFormat.RGB,ts=2518962834, depth=640Ă—576,OBFormat.Y16,ts=2518962835
[DEBUG] frames: total=375, depth_sets=373, color=1280Ă—720,OBFormat.RGB,ts=2518962901, depth=640Ă—576,OBFormat.Y16,ts=2518962902
[DEBUG] frames: total=376, depth_sets=374, color=1280Ă—720,OBFormat.RGB,ts=2518963000, depth=640Ă—576,OBFormat.Y16,ts=2518963001
[DEBUG] frames: total=377, depth_sets=375, color=1280Ă—720,OBFormat.RGB,ts=2518963067, depth=640Ă—576,OBFormat.Y16,ts=2518963068
[DEBUG] frames: total=378, depth_sets=376, color=1280Ă—720,OBFormat.RGB,ts=2518963167, depth=640Ă—576,OBFormat.Y16,ts=2518963168
[DEBUG] frames: total=379, depth_sets=377, color=1280Ă—720,OBFormat.RGB,ts=2518963233, depth=640Ă—576,OBFormat.Y16,ts=2518963234
[INFO] Quitting application.
