[INFO] Session log file: dataset/debug/session_20260520_171523.log
[DEBUG] frames: total=1, depth_sets=0, color=1280Ă—720,OBFormat.RGB,ts=2618274316, depth=None
[WARNING] Align filter returned None
[DEBUG] frames: total=2, depth_sets=0, color=1280Ă—720,OBFormat.RGB,ts=2618274382, depth=None
[WARNING] Align filter returned None
[DEBUG] frames: total=3, depth_sets=0, color=1280Ă—720,OBFormat.RGB,ts=2618274449, depth=None
[WARNING] Align filter returned None
[DEBUG] frames: total=4, depth_sets=0, color=1280Ă—720,OBFormat.RGB,ts=2618274549, depth=None
[WARNING] Align filter returned None
[DEBUG] frames: total=5, depth_sets=0, color=1280Ă—720,OBFormat.RGB,ts=2618274582, depth=None
[WARNING] Align filter returned None
[DEBUG] frames: total=6, depth_sets=1, color=1280Ă—720,OBFormat.RGB,ts=2618274615, depth=640Ă—576,OBFormat.Y16,ts=2618274616
[DEBUG] frames: total=7, depth_sets=2, color=1280Ă—720,OBFormat.RGB,ts=2618274815, depth=640Ă—576,OBFormat.Y16,ts=2618274816
[DEBUG] frames: total=8, depth_sets=3, color=1280Ă—720,OBFormat.RGB,ts=2618274981, depth=640Ă—576,OBFormat.Y16,ts=2618274982
[DEBUG] frames: total=9, depth_sets=4, color=1280Ă—720,OBFormat.RGB,ts=2618275047, depth=640Ă—576,OBFormat.Y16,ts=2618275048
[DEBUG] frames: total=10, depth_sets=5, color=1280Ă—720,OBFormat.RGB,ts=2618275147, depth=640Ă—576,OBFormat.Y16,ts=2618275148
[DEBUG] frames: total=11, depth_sets=6, color=1280Ă—720,OBFormat.RGB,ts=2618275247, depth=640Ă—576,OBFormat.Y16,ts=2618275248
[DEBUG] frames: total=12, depth_sets=7, color=1280Ă—720,OBFormat.RGB,ts=2618275313, depth=640Ă—576,OBFormat.Y16,ts=2618275314
[DEBUG] frames: total=13, depth_sets=8, color=1280Ă—720,OBFormat.RGB,ts=2618275380, depth=640Ă—576,OBFormat.Y16,ts=2618275381
[DEBUG] frames: total=14, depth_sets=9, color=1280Ă—720,OBFormat.RGB,ts=2618275446, depth=640Ă—576,OBFormat.Y16,ts=2618275447
[DEBUG] frames: total=15, depth_sets=10, color=1280Ă—720,OBFormat.RGB,ts=2618275546, depth=640Ă—576,OBFormat.Y16,ts=2618275547
[DEBUG] frames: total=16, depth_sets=11, color=1280Ă—720,OBFormat.RGB,ts=2618275613, depth=640Ă—576,OBFormat.Y16,ts=2618275614
[DEBUG] frames: total=17, depth_sets=12, color=1280Ă—720,OBFormat.RGB,ts=2618275779, depth=640Ă—576,OBFormat.Y16,ts=2618275780
[DEBUG] frames: total=18, depth_sets=13, color=1280Ă—720,OBFormat.RGB,ts=2618275879, depth=640Ă—576,OBFormat.Y16,ts=2618275880
[DEBUG] frames: total=19, depth_sets=14, color=1280Ă—720,OBFormat.RGB,ts=2618275978, depth=640Ă—576,OBFormat.Y16,ts=2618275979
[DEBUG] frames: total=20, depth_sets=15, color=1280Ă—720,OBFormat.RGB,ts=2618276045, depth=640Ă—576,OBFormat.Y16,ts=2618276046
[DEBUG] frames: total=21, depth_sets=16, color=1280Ă—720,OBFormat.RGB,ts=2618276111, depth=640Ă—576,OBFormat.Y16,ts=2618276112
[DEBUG] frames: total=22, depth_sets=17, color=1280Ă—720,OBFormat.RGB,ts=2618276211, depth=640Ă—576,OBFormat.Y16,ts=2618276212
[DEBUG] frames: total=23, depth_sets=18, color=1280Ă—720,OBFormat.RGB,ts=2618276377, depth=640Ă—576,OBFormat.Y16,ts=2618276378
[DEBUG] frames: total=24, depth_sets=19, color=1280Ă—720,OBFormat.RGB,ts=2618276544, depth=640Ă—576,OBFormat.Y16,ts=2618276545
[DEBUG] frames: total=25, depth_sets=20, color=1280Ă—720,OBFormat.RGB,ts=2618276677, depth=640Ă—576,OBFormat.Y16,ts=2618276678
[DEBUG] frames: total=26, depth_sets=21, color=1280Ă—720,OBFormat.RGB,ts=2618276810, depth=640Ă—576,OBFormat.Y16,ts=2618276811
[DEBUG] frames: total=27, depth_sets=22, color=1280Ă—720,OBFormat.RGB,ts=2618276909, depth=640Ă—576,OBFormat.Y16,ts=2618276910
[DEBUG] frames: total=28, depth_sets=23, color=1280Ă—720,OBFormat.RGB,ts=2618276976, depth=640Ă—576,OBFormat.Y16,ts=2618276977
[DEBUG] frames: total=29, depth_sets=24, color=1280Ă—720,OBFormat.RGB,ts=2618277076, depth=640Ă—576,OBFormat.Y16,ts=2618277077
[DEBUG] frames: total=30, depth_sets=25, color=1280Ă—720,OBFormat.RGB,ts=2618277175, depth=640Ă—576,OBFormat.Y16,ts=2618277176
[DEBUG] frames: total=31, depth_sets=26, color=1280Ă—720,OBFormat.RGB,ts=2618277242, depth=640Ă—576,OBFormat.Y16,ts=2618277243
[DEBUG] frames: total=32, depth_sets=27, color=1280Ă—720,OBFormat.RGB,ts=2618277342, depth=640Ă—576,OBFormat.Y16,ts=2618277343
[DEBUG] frames: total=33, depth_sets=28, color=1280Ă—720,OBFormat.RGB,ts=2618277408, depth=640Ă—576,OBFormat.Y16,ts=2618277409
[DEBUG] frames: total=34, depth_sets=29, color=1280Ă—720,OBFormat.RGB,ts=2618277508, depth=640Ă—576,OBFormat.Y16,ts=2618277509
[DEBUG] frames: total=35, depth_sets=30, color=1280Ă—720,OBFormat.RGB,ts=2618277574, depth=640Ă—576,OBFormat.Y16,ts=2618277575
[DEBUG] frames: total=36, depth_sets=31, color=1280Ă—720,OBFormat.RGB,ts=2618277674, depth=640Ă—576,OBFormat.Y16,ts=2618277675
[DEBUG] frames: total=37, depth_sets=32, color=1280Ă—720,OBFormat.RGB,ts=2618277740, depth=640Ă—576,OBFormat.Y16,ts=2618277742
[DEBUG] frames: total=38, depth_sets=33, color=1280Ă—720,OBFormat.RGB,ts=2618277840, depth=640Ă—576,OBFormat.Y16,ts=2618277841
[DEBUG] frames: total=39, depth_sets=34, color=1280Ă—720,OBFormat.RGB,ts=2618277907, depth=640Ă—576,OBFormat.Y16,ts=2618277908
[DEBUG] frames: total=40, depth_sets=35, color=1280Ă—720,OBFormat.RGB,ts=2618278006, depth=640Ă—576,OBFormat.Y16,ts=2618278008
[DEBUG] frames: total=41, depth_sets=36, color=1280Ă—720,OBFormat.RGB,ts=2618278073, depth=640Ă—576,OBFormat.Y16,ts=2618278074
[DEBUG] frames: total=42, depth_sets=37, color=1280Ă—720,OBFormat.RGB,ts=2618278139, depth=640Ă—576,OBFormat.Y16,ts=2618278141
[DEBUG] frames: total=43, depth_sets=38, color=1280Ă—720,OBFormat.RGB,ts=2618278239, depth=640Ă—576,OBFormat.Y16,ts=2618278240
[DEBUG] frames: total=44, depth_sets=39, color=1280Ă—720,OBFormat.RGB,ts=2618278306, depth=640Ă—576,OBFormat.Y16,ts=2618278307
[DEBUG] frames: total=45, depth_sets=40, color=1280Ă—720,OBFormat.RGB,ts=2618278405, depth=640Ă—576,OBFormat.Y16,ts=2618278407
[DEBUG] frames: total=46, depth_sets=41, color=1280Ă—720,OBFormat.RGB,ts=2618278472, depth=640Ă—576,OBFormat.Y16,ts=2618278473
[DEBUG] frames: total=47, depth_sets=42, color=1280Ă—720,OBFormat.RGB,ts=2618278538, depth=640Ă—576,OBFormat.Y16,ts=2618278540
[DEBUG] frames: total=48, depth_sets=43, color=1280Ă—720,OBFormat.RGB,ts=2618278638, depth=640Ă—576,OBFormat.Y16,ts=2618278639
[DEBUG] frames: total=49, depth_sets=44, color=1280Ă—720,OBFormat.RGB,ts=2618278705, depth=640Ă—576,OBFormat.Y16,ts=2618278706
[DEBUG] frames: total=50, depth_sets=45, color=1280Ă—720,OBFormat.RGB,ts=2618278804, depth=640Ă—576,OBFormat.Y16,ts=2618278805
[DEBUG] frames: total=51, depth_sets=46, color=1280Ă—720,OBFormat.RGB,ts=2618278871, depth=640Ă—576,OBFormat.Y16,ts=2618278872
[DEBUG] frames: total=52, depth_sets=47, color=1280Ă—720,OBFormat.RGB,ts=2618278937, depth=640Ă—576,OBFormat.Y16,ts=2618278938
[DEBUG] frames: total=53, depth_sets=48, color=1280Ă—720,OBFormat.RGB,ts=2618279037, depth=640Ă—576,OBFormat.Y16,ts=2618279038
[DEBUG] frames: total=54, depth_sets=49, color=1280Ă—720,OBFormat.RGB,ts=2618279104, depth=640Ă—576,OBFormat.Y16,ts=2618279105
[DEBUG] frames: total=55, depth_sets=50, color=1280Ă—720,OBFormat.RGB,ts=2618279203, depth=640Ă—576,OBFormat.Y16,ts=2618279204
[DEBUG] frames: total=56, depth_sets=51, color=1280Ă—720,OBFormat.RGB,ts=2618279270, depth=640Ă—576,OBFormat.Y16,ts=2618279271
[DEBUG] frames: total=57, depth_sets=52, color=1280Ă—720,OBFormat.RGB,ts=2618279370, depth=640Ă—576,OBFormat.Y16,ts=2618279371
[DEBUG] frames: total=58, depth_sets=53, color=1280Ă—720,OBFormat.RGB,ts=2618279436, depth=640Ă—576,OBFormat.Y16,ts=2618279437
[DEBUG] frames: total=59, depth_sets=54, color=1280Ă—720,OBFormat.RGB,ts=2618279536, depth=640Ă—576,OBFormat.Y16,ts=2618279537
[DEBUG] frames: total=60, depth_sets=55, color=1280Ă—720,OBFormat.RGB,ts=2618279602, depth=640Ă—576,OBFormat.Y16,ts=2618279603
[DEBUG] frames: total=61, depth_sets=56, color=1280Ă—720,OBFormat.RGB,ts=2618279702, depth=640Ă—576,OBFormat.Y16,ts=2618279703
[DEBUG] frames: total=62, depth_sets=57, color=1280Ă—720,OBFormat.RGB,ts=2618279769, depth=640Ă—576,OBFormat.Y16,ts=2618279770
[DEBUG] frames: total=63, depth_sets=58, color=1280Ă—720,OBFormat.RGB,ts=2618279868, depth=640Ă—576,OBFormat.Y16,ts=2618279869
[DEBUG] frames: total=64, depth_sets=59, color=1280Ă—720,OBFormat.RGB,ts=2618279935, depth=640Ă—576,OBFormat.Y16,ts=2618279936
[DEBUG] frames: total=65, depth_sets=60, color=1280Ă—720,OBFormat.RGB,ts=2618280034, depth=640Ă—576,OBFormat.Y16,ts=2618280036
[DEBUG] frames: total=66, depth_sets=61, color=1280Ă—720,OBFormat.RGB,ts=2618280101, depth=640Ă—576,OBFormat.Y16,ts=2618280102
[DEBUG] frames: total=67, depth_sets=62, color=1280Ă—720,OBFormat.RGB,ts=2618280201, depth=640Ă—576,OBFormat.Y16,ts=2618280202
[DEBUG] frames: total=68, depth_sets=63, color=1280Ă—720,OBFormat.RGB,ts=2618280267, depth=640Ă—576,OBFormat.Y16,ts=2618280268
[DEBUG] frames: total=69, depth_sets=64, color=1280Ă—720,OBFormat.RGB,ts=2618280367, depth=640Ă—576,OBFormat.Y16,ts=2618280368
[DEBUG] frames: total=70, depth_sets=65, color=1280Ă—720,OBFormat.RGB,ts=2618280433, depth=640Ă—576,OBFormat.Y16,ts=2618280435
[DEBUG] frames: total=71, depth_sets=66, color=1280Ă—720,OBFormat.RGB,ts=2618280533, depth=640Ă—576,OBFormat.Y16,ts=2618280534
[DEBUG] frames: total=72, depth_sets=67, color=1280Ă—720,OBFormat.RGB,ts=2618280600, depth=640Ă—576,OBFormat.Y16,ts=2618280601
[DEBUG] frames: total=73, depth_sets=68, color=1280Ă—720,OBFormat.RGB,ts=2618280666, depth=640Ă—576,OBFormat.Y16,ts=2618280667
[DEBUG] frames: total=74, depth_sets=69, color=1280Ă—720,OBFormat.RGB,ts=2618280766, depth=640Ă—576,OBFormat.Y16,ts=2618280767
[DEBUG] frames: total=75, depth_sets=70, color=1280Ă—720,OBFormat.RGB,ts=2618280832, depth=640Ă—576,OBFormat.Y16,ts=2618280834
[DEBUG] frames: total=76, depth_sets=71, color=1280Ă—720,OBFormat.RGB,ts=2618280899, depth=640Ă—576,OBFormat.Y16,ts=2618280900
[DEBUG] frames: total=77, depth_sets=72, color=1280Ă—720,OBFormat.RGB,ts=2618280999, depth=640Ă—576,OBFormat.Y16,ts=2618281000
[DEBUG] frames: total=78, depth_sets=73, color=1280Ă—720,OBFormat.RGB,ts=2618281065, depth=640Ă—576,OBFormat.Y16,ts=2618281066
[DEBUG] frames: total=79, depth_sets=74, color=1280Ă—720,OBFormat.RGB,ts=2618281165, depth=640Ă—576,OBFormat.Y16,ts=2618281166
[DEBUG] frames: total=80, depth_sets=75, color=1280Ă—720,OBFormat.RGB,ts=2618281231, depth=640Ă—576,OBFormat.Y16,ts=2618281233
[DEBUG] frames: total=81, depth_sets=76, color=1280Ă—720,OBFormat.RGB,ts=2618281331, depth=640Ă—576,OBFormat.Y16,ts=2618281332
[DEBUG] frames: total=82, depth_sets=77, color=1280Ă—720,OBFormat.RGB,ts=2618281398, depth=640Ă—576,OBFormat.Y16,ts=2618281399
[DEBUG] frames: total=83, depth_sets=78, color=1280Ă—720,OBFormat.RGB,ts=2618281497, depth=640Ă—576,OBFormat.Y16,ts=2618281499
[DEBUG] frames: total=84, depth_sets=79, color=1280Ă—720,OBFormat.RGB,ts=2618281564, depth=640Ă—576,OBFormat.Y16,ts=2618281565
[DEBUG] frames: total=85, depth_sets=80, color=1280Ă—720,OBFormat.RGB,ts=2618281664, depth=640Ă—576,OBFormat.Y16,ts=2618281665
[DEBUG] frames: total=86, depth_sets=81, color=1280Ă—720,OBFormat.RGB,ts=2618281763, depth=640Ă—576,OBFormat.Y16,ts=2618281765
[DEBUG] frames: total=87, depth_sets=82, color=1280Ă—720,OBFormat.RGB,ts=2618281830, depth=640Ă—576,OBFormat.Y16,ts=2618281831
[DEBUG] frames: total=88, depth_sets=83, color=1280Ă—720,OBFormat.RGB,ts=2618281930, depth=640Ă—576,OBFormat.Y16,ts=2618281931
[DEBUG] frames: total=89, depth_sets=84, color=1280Ă—720,OBFormat.RGB,ts=2618281996, depth=640Ă—576,OBFormat.Y16,ts=2618281997
[DEBUG] frames: total=90, depth_sets=85, color=1280Ă—720,OBFormat.RGB,ts=2618282096, depth=640Ă—576,OBFormat.Y16,ts=2618282097
[DEBUG] frames: total=91, depth_sets=86, color=1280Ă—720,OBFormat.RGB,ts=2618282162, depth=640Ă—576,OBFormat.Y16,ts=2618282164
[DEBUG] frames: total=92, depth_sets=87, color=1280Ă—720,OBFormat.RGB,ts=2618282262, depth=640Ă—576,OBFormat.Y16,ts=2618282263
[DEBUG] frames: total=93, depth_sets=88, color=1280Ă—720,OBFormat.RGB,ts=2618282329, depth=640Ă—576,OBFormat.Y16,ts=2618282330
[DEBUG] frames: total=94, depth_sets=89, color=1280Ă—720,OBFormat.RGB,ts=2618282428, depth=640Ă—576,OBFormat.Y16,ts=2618282429
[DEBUG] frames: total=95, depth_sets=90, color=1280Ă—720,OBFormat.RGB,ts=2618282495, depth=640Ă—576,OBFormat.Y16,ts=2618282496
[DEBUG] frames: total=96, depth_sets=91, color=1280Ă—720,OBFormat.RGB,ts=2618282561, depth=640Ă—576,OBFormat.Y16,ts=2618282562
[DEBUG] frames: total=97, depth_sets=92, color=1280Ă—720,OBFormat.RGB,ts=2618282661, depth=640Ă—576,OBFormat.Y16,ts=2618282662
[DEBUG] frames: total=98, depth_sets=93, color=1280Ă—720,OBFormat.RGB,ts=2618282761, depth=640Ă—576,OBFormat.Y16,ts=2618282762
[DEBUG] frames: total=99, depth_sets=94, color=1280Ă—720,OBFormat.RGB,ts=2618282827, depth=640Ă—576,OBFormat.Y16,ts=2618282828
[DEBUG] frames: total=100, depth_sets=95, color=1280Ă—720,OBFormat.RGB,ts=2618282894, depth=640Ă—576,OBFormat.Y16,ts=2618282895
[DEBUG] frames: total=101, depth_sets=96, color=1280Ă—720,OBFormat.RGB,ts=2618282994, depth=640Ă—576,OBFormat.Y16,ts=2618282995
[DEBUG] frames: total=102, depth_sets=97, color=1280Ă—720,OBFormat.RGB,ts=2618283093, depth=640Ă—576,OBFormat.Y16,ts=2618283094
[DEBUG] frames: total=103, depth_sets=98, color=1280Ă—720,OBFormat.RGB,ts=2618283160, depth=640Ă—576,OBFormat.Y16,ts=2618283161
[DEBUG] frames: total=104, depth_sets=99, color=1280Ă—720,OBFormat.RGB,ts=2618283260, depth=640Ă—576,OBFormat.Y16,ts=2618283261
[DEBUG] frames: total=105, depth_sets=100, color=1280Ă—720,OBFormat.RGB,ts=2618283326, depth=640Ă—576,OBFormat.Y16,ts=2618283327
[DEBUG] frames: total=106, depth_sets=101, color=1280Ă—720,OBFormat.RGB,ts=2618283426, depth=640Ă—576,OBFormat.Y16,ts=2618283427
[DEBUG] frames: total=107, depth_sets=102, color=1280Ă—720,OBFormat.RGB,ts=2618283492, depth=640Ă—576,OBFormat.Y16,ts=2618283494
[DEBUG] frames: total=108, depth_sets=103, color=1280Ă—720,OBFormat.RGB,ts=2618283592, depth=640Ă—576,OBFormat.Y16,ts=2618283593
[DEBUG] frames: total=109, depth_sets=104, color=1280Ă—720,OBFormat.RGB,ts=2618283659, depth=640Ă—576,OBFormat.Y16,ts=2618283660
[DEBUG] frames: total=110, depth_sets=105, color=1280Ă—720,OBFormat.RGB,ts=2618283758, depth=640Ă—576,OBFormat.Y16,ts=2618283760
[DEBUG] frames: total=111, depth_sets=106, color=1280Ă—720,OBFormat.RGB,ts=2618283825, depth=640Ă—576,OBFormat.Y16,ts=2618283826
[DEBUG] frames: total=112, depth_sets=107, color=1280Ă—720,OBFormat.RGB,ts=2618283925, depth=640Ă—576,OBFormat.Y16,ts=2618283926
[DEBUG] frames: total=113, depth_sets=108, color=1280Ă—720,OBFormat.RGB,ts=2618283991, depth=640Ă—576,OBFormat.Y16,ts=2618283992
[DEBUG] frames: total=114, depth_sets=109, color=1280Ă—720,OBFormat.RGB,ts=2618284091, depth=640Ă—576,OBFormat.Y16,ts=2618284092
[DEBUG] frames: total=115, depth_sets=110, color=1280Ă—720,OBFormat.RGB,ts=2618284157, depth=640Ă—576,OBFormat.Y16,ts=2618284159
[DEBUG] frames: total=116, depth_sets=111, color=1280Ă—720,OBFormat.RGB,ts=2618284257, depth=640Ă—576,OBFormat.Y16,ts=2618284258
[DEBUG] frames: total=117, depth_sets=112, color=1280Ă—720,OBFormat.RGB,ts=2618284324, depth=640Ă—576,OBFormat.Y16,ts=2618284325
[DEBUG] frames: total=118, depth_sets=113, color=1280Ă—720,OBFormat.RGB,ts=2618284423, depth=640Ă—576,OBFormat.Y16,ts=2618284425
[DEBUG] frames: total=119, depth_sets=114, color=1280Ă—720,OBFormat.RGB,ts=2618284490, depth=640Ă—576,OBFormat.Y16,ts=2618284491
[DEBUG] frames: total=120, depth_sets=115, color=1280Ă—720,OBFormat.RGB,ts=2618284590, depth=640Ă—576,OBFormat.Y16,ts=2618284591
[DEBUG] frames: total=121, depth_sets=116, color=1280Ă—720,OBFormat.RGB,ts=2618284656, depth=640Ă—576,OBFormat.Y16,ts=2618284657
[DEBUG] frames: total=122, depth_sets=117, color=1280Ă—720,OBFormat.RGB,ts=2618284756, depth=640Ă—576,OBFormat.Y16,ts=2618284757
[DEBUG] frames: total=123, depth_sets=118, color=1280Ă—720,OBFormat.RGB,ts=2618284822, depth=640Ă—576,OBFormat.Y16,ts=2618284824
[DEBUG] frames: total=124, depth_sets=119, color=1280Ă—720,OBFormat.RGB,ts=2618284922, depth=640Ă—576,OBFormat.Y16,ts=2618284923
[DEBUG] frames: total=125, depth_sets=120, color=1280Ă—720,OBFormat.RGB,ts=2618284989, depth=640Ă—576,OBFormat.Y16,ts=2618284990
[DEBUG] frames: total=126, depth_sets=121, color=1280Ă—720,OBFormat.RGB,ts=2618285088, depth=640Ă—576,OBFormat.Y16,ts=2618285090
[DEBUG] frames: total=127, depth_sets=122, color=1280Ă—720,OBFormat.RGB,ts=2618285155, depth=640Ă—576,OBFormat.Y16,ts=2618285156
[DEBUG] frames: total=128, depth_sets=123, color=1280Ă—720,OBFormat.RGB,ts=2618285221, depth=640Ă—576,OBFormat.Y16,ts=2618285223
[DEBUG] frames: total=129, depth_sets=124, color=1280Ă—720,OBFormat.RGB,ts=2618285321, depth=640Ă—576,OBFormat.Y16,ts=2618285322
[DEBUG] frames: total=130, depth_sets=125, color=1280Ă—720,OBFormat.RGB,ts=2618285421, depth=640Ă—576,OBFormat.Y16,ts=2618285422
[DEBUG] frames: total=131, depth_sets=126, color=1280Ă—720,OBFormat.RGB,ts=2618285488, depth=640Ă—576,OBFormat.Y16,ts=2618285489
[DEBUG] frames: total=132, depth_sets=127, color=1280Ă—720,OBFormat.RGB,ts=2618285554, depth=640Ă—576,OBFormat.Y16,ts=2618285555
[DEBUG] frames: total=133, depth_sets=128, color=1280Ă—720,OBFormat.RGB,ts=2618285654, depth=640Ă—576,OBFormat.Y16,ts=2618285655
[DEBUG] frames: total=134, depth_sets=129, color=1280Ă—720,OBFormat.RGB,ts=2618285720, depth=640Ă—576,OBFormat.Y16,ts=2618285721
[DEBUG] frames: total=135, depth_sets=130, color=1280Ă—720,OBFormat.RGB,ts=2618285787, depth=640Ă—576,OBFormat.Y16,ts=2618285788
[DEBUG] frames: total=136, depth_sets=131, color=1280Ă—720,OBFormat.RGB,ts=2618285887, depth=640Ă—576,OBFormat.Y16,ts=2618285888
[DEBUG] frames: total=137, depth_sets=132, color=1280Ă—720,OBFormat.RGB,ts=2618285986, depth=640Ă—576,OBFormat.Y16,ts=2618285987
[DEBUG] frames: total=138, depth_sets=133, color=1280Ă—720,OBFormat.RGB,ts=2618286053, depth=640Ă—576,OBFormat.Y16,ts=2618286054
[DEBUG] frames: total=139, depth_sets=134, color=1280Ă—720,OBFormat.RGB,ts=2618286119, depth=640Ă—576,OBFormat.Y16,ts=2618286120
[DEBUG] frames: total=140, depth_sets=135, color=1280Ă—720,OBFormat.RGB,ts=2618286219, depth=640Ă—576,OBFormat.Y16,ts=2618286220
[DEBUG] frames: total=141, depth_sets=136, color=1280Ă—720,OBFormat.RGB,ts=2618286285, depth=640Ă—576,OBFormat.Y16,ts=2618286287
[DEBUG] frames: total=142, depth_sets=137, color=1280Ă—720,OBFormat.RGB,ts=2618286385, depth=640Ă—576,OBFormat.Y16,ts=2618286386
[DEBUG] frames: total=143, depth_sets=138, color=1280Ă—720,OBFormat.RGB,ts=2618286452, depth=640Ă—576,OBFormat.Y16,ts=2618286453
[DEBUG] frames: total=144, depth_sets=139, color=1280Ă—720,OBFormat.RGB,ts=2618286551, depth=640Ă—576,OBFormat.Y16,ts=2618286553
[DEBUG] frames: total=145, depth_sets=140, color=1280Ă—720,OBFormat.RGB,ts=2618286684, depth=640Ă—576,OBFormat.Y16,ts=2618286686
[DEBUG] frames: total=146, depth_sets=141, color=1280Ă—720,OBFormat.RGB,ts=2618286784, depth=640Ă—576,OBFormat.Y16,ts=2618286785
[DEBUG] frames: total=147, depth_sets=142, color=1280Ă—720,OBFormat.RGB,ts=2618286851, depth=640Ă—576,OBFormat.Y16,ts=2618286852
[DEBUG] frames: total=148, depth_sets=143, color=1280Ă—720,OBFormat.RGB,ts=2618286950, depth=640Ă—576,OBFormat.Y16,ts=2618286952
[DEBUG] frames: total=149, depth_sets=144, color=1280Ă—720,OBFormat.RGB,ts=2618287017, depth=640Ă—576,OBFormat.Y16,ts=2618287018
[DEBUG] frames: total=150, depth_sets=145, color=1280Ă—720,OBFormat.RGB,ts=2618287083, depth=640Ă—576,OBFormat.Y16,ts=2618287085
[DEBUG] frames: total=151, depth_sets=146, color=1280Ă—720,OBFormat.RGB,ts=2618287183, depth=640Ă—576,OBFormat.Y16,ts=2618287184
[DEBUG] frames: total=152, depth_sets=147, color=1280Ă—720,OBFormat.RGB,ts=2618287250, depth=640Ă—576,OBFormat.Y16,ts=2618287251
[DEBUG] frames: total=153, depth_sets=148, color=1280Ă—720,OBFormat.RGB,ts=2618287349, depth=640Ă—576,OBFormat.Y16,ts=2618287351
[DEBUG] frames: total=154, depth_sets=149, color=1280Ă—720,OBFormat.RGB,ts=2618287416, depth=640Ă—576,OBFormat.Y16,ts=2618287417
[DEBUG] frames: total=155, depth_sets=150, color=1280Ă—720,OBFormat.RGB,ts=2618287482, depth=640Ă—576,OBFormat.Y16,ts=2618287484
[DEBUG] frames: total=156, depth_sets=151, color=1280Ă—720,OBFormat.RGB,ts=2618287582, depth=640Ă—576,OBFormat.Y16,ts=2618287583
[DEBUG] frames: total=157, depth_sets=152, color=1280Ă—720,OBFormat.RGB,ts=2618287649, depth=640Ă—576,OBFormat.Y16,ts=2618287650
[DEBUG] frames: total=158, depth_sets=153, color=1280Ă—720,OBFormat.RGB,ts=2618287748, depth=640Ă—576,OBFormat.Y16,ts=2618287750
[DEBUG] frames: total=159, depth_sets=154, color=1280Ă—720,OBFormat.RGB,ts=2618287815, depth=640Ă—576,OBFormat.Y16,ts=2618287816
[DEBUG] frames: total=160, depth_sets=155, color=1280Ă—720,OBFormat.RGB,ts=2618287915, depth=640Ă—576,OBFormat.Y16,ts=2618287916
[DEBUG] frames: total=161, depth_sets=156, color=1280Ă—720,OBFormat.RGB,ts=2618287981, depth=640Ă—576,OBFormat.Y16,ts=2618287982
[DEBUG] frames: total=162, depth_sets=157, color=1280Ă—720,OBFormat.RGB,ts=2618288081, depth=640Ă—576,OBFormat.Y16,ts=2618288082
[DEBUG] frames: total=163, depth_sets=158, color=1280Ă—720,OBFormat.RGB,ts=2618288214, depth=640Ă—576,OBFormat.Y16,ts=2618288215
[DEBUG] frames: total=164, depth_sets=159, color=1280Ă—720,OBFormat.RGB,ts=2618288314, depth=640Ă—576,OBFormat.Y16,ts=2618288315
[DEBUG] frames: total=165, depth_sets=160, color=1280Ă—720,OBFormat.RGB,ts=2618288413, depth=640Ă—576,OBFormat.Y16,ts=2618288415
[DEBUG] frames: total=166, depth_sets=161, color=1280Ă—720,OBFormat.RGB,ts=2618288513, depth=640Ă—576,OBFormat.Y16,ts=2618288514
[DEBUG] frames: total=167, depth_sets=162, color=1280Ă—720,OBFormat.RGB,ts=2618288713, depth=640Ă—576,OBFormat.Y16,ts=2618288714
[DEBUG] frames: total=168, depth_sets=163, color=1280Ă—720,OBFormat.RGB,ts=2618288879, depth=640Ă—576,OBFormat.Y16,ts=2618288880
[DEBUG] frames: total=169, depth_sets=164, color=1280Ă—720,OBFormat.RGB,ts=2618289012, depth=640Ă—576,OBFormat.Y16,ts=2618289013
[DEBUG] frames: total=170, depth_sets=165, color=1280Ă—720,OBFormat.RGB,ts=2618289112, depth=640Ă—576,OBFormat.Y16,ts=2618289113
[DEBUG] frames: total=171, depth_sets=166, color=1280Ă—720,OBFormat.RGB,ts=2618289178, depth=640Ă—576,OBFormat.Y16,ts=2618289179
[DEBUG] frames: total=172, depth_sets=167, color=1280Ă—720,OBFormat.RGB,ts=2618289278, depth=640Ă—576,OBFormat.Y16,ts=2618289279
[DEBUG] frames: total=173, depth_sets=168, color=1280Ă—720,OBFormat.RGB,ts=2618289344, depth=640Ă—576,OBFormat.Y16,ts=2618289346
[DEBUG] frames: total=174, depth_sets=169, color=1280Ă—720,OBFormat.RGB,ts=2618289444, depth=640Ă—576,OBFormat.Y16,ts=2618289445
[DEBUG] frames: total=175, depth_sets=170, color=1280Ă—720,OBFormat.RGB,ts=2618289511, depth=640Ă—576,OBFormat.Y16,ts=2618289512
[DEBUG] frames: total=176, depth_sets=171, color=1280Ă—720,OBFormat.RGB,ts=2618289577, depth=640Ă—576,OBFormat.Y16,ts=2618289578
[DEBUG] frames: total=177, depth_sets=172, color=1280Ă—720,OBFormat.RGB,ts=2618289677, depth=640Ă—576,OBFormat.Y16,ts=2618289678
[DEBUG] frames: total=178, depth_sets=173, color=1280Ă—720,OBFormat.RGB,ts=2618289777, depth=640Ă—576,OBFormat.Y16,ts=2618289778
[DEBUG] frames: total=179, depth_sets=174, color=1280Ă—720,OBFormat.RGB,ts=2618289843, depth=640Ă—576,OBFormat.Y16,ts=2618289844
[DEBUG] frames: total=180, depth_sets=175, color=1280Ă—720,OBFormat.RGB,ts=2618289943, depth=640Ă—576,OBFormat.Y16,ts=2618289944
[DEBUG] frames: total=181, depth_sets=176, color=1280Ă—720,OBFormat.RGB,ts=2618290009, depth=640Ă—576,OBFormat.Y16,ts=2618290011
[DEBUG] frames: total=182, depth_sets=177, color=1280Ă—720,OBFormat.RGB,ts=2618290109, depth=640Ă—576,OBFormat.Y16,ts=2618290110
[DEBUG] frames: total=183, depth_sets=178, color=1280Ă—720,OBFormat.RGB,ts=2618290176, depth=640Ă—576,OBFormat.Y16,ts=2618290177
[DEBUG] frames: total=184, depth_sets=179, color=1280Ă—720,OBFormat.RGB,ts=2618290275, depth=640Ă—576,OBFormat.Y16,ts=2618290277
[DEBUG] frames: total=185, depth_sets=180, color=1280Ă—720,OBFormat.RGB,ts=2618290342, depth=640Ă—576,OBFormat.Y16,ts=2618290343
[DEBUG] frames: total=186, depth_sets=181, color=1280Ă—720,OBFormat.RGB,ts=2618290442, depth=640Ă—576,OBFormat.Y16,ts=2618290443
[DEBUG] frames: total=187, depth_sets=182, color=1280Ă—720,OBFormat.RGB,ts=2618290508, depth=640Ă—576,OBFormat.Y16,ts=2618290509
[DEBUG] frames: total=188, depth_sets=183, color=1280Ă—720,OBFormat.RGB,ts=2618290608, depth=640Ă—576,OBFormat.Y16,ts=2618290609
[DEBUG] frames: total=189, depth_sets=184, color=1280Ă—720,OBFormat.RGB,ts=2618290674, depth=640Ă—576,OBFormat.Y16,ts=2618290676
[DEBUG] frames: total=190, depth_sets=185, color=1280Ă—720,OBFormat.RGB,ts=2618290774, depth=640Ă—576,OBFormat.Y16,ts=2618290775
[DEBUG] frames: total=191, depth_sets=186, color=1280Ă—720,OBFormat.RGB,ts=2618290841, depth=640Ă—576,OBFormat.Y16,ts=2618290842
[DEBUG] frames: total=192, depth_sets=187, color=1280Ă—720,OBFormat.RGB,ts=2618290940, depth=640Ă—576,OBFormat.Y16,ts=2618290942
[DEBUG] frames: total=193, depth_sets=188, color=1280Ă—720,OBFormat.RGB,ts=2618291007, depth=640Ă—576,OBFormat.Y16,ts=2618291008
[DEBUG] frames: total=194, depth_sets=189, color=1280Ă—720,OBFormat.RGB,ts=2618291107, depth=640Ă—576,OBFormat.Y16,ts=2618291108
[DEBUG] frames: total=195, depth_sets=190, color=1280Ă—720,OBFormat.RGB,ts=2618291173, depth=640Ă—576,OBFormat.Y16,ts=2618291174
[DEBUG] frames: total=196, depth_sets=191, color=1280Ă—720,OBFormat.RGB,ts=2618291273, depth=640Ă—576,OBFormat.Y16,ts=2618291274
[DEBUG] frames: total=197, depth_sets=192, color=1280Ă—720,OBFormat.RGB,ts=2618291339, depth=640Ă—576,OBFormat.Y16,ts=2618291340
[DEBUG] frames: total=198, depth_sets=193, color=1280Ă—720,OBFormat.RGB,ts=2618291439, depth=640Ă—576,OBFormat.Y16,ts=2618291440
[DEBUG] frames: total=199, depth_sets=194, color=1280Ă—720,OBFormat.RGB,ts=2618291539, depth=640Ă—576,OBFormat.Y16,ts=2618291540
[DEBUG] frames: total=200, depth_sets=195, color=1280Ă—720,OBFormat.RGB,ts=2618291639, depth=640Ă—576,OBFormat.Y16,ts=2618291640
[DEBUG] frames: total=201, depth_sets=196, color=1280Ă—720,OBFormat.RGB,ts=2618291738, depth=640Ă—576,OBFormat.Y16,ts=2618291739
[DEBUG] frames: total=202, depth_sets=197, color=1280Ă—720,OBFormat.RGB,ts=2618291805, depth=640Ă—576,OBFormat.Y16,ts=2618291806
[DEBUG] frames: total=203, depth_sets=198, color=1280Ă—720,OBFormat.RGB,ts=2618291905, depth=640Ă—576,OBFormat.Y16,ts=2618291906
[DEBUG] frames: total=204, depth_sets=199, color=1280Ă—720,OBFormat.RGB,ts=2618291971, depth=640Ă—576,OBFormat.Y16,ts=2618291972
[DEBUG] frames: total=205, depth_sets=200, color=1280Ă—720,OBFormat.RGB,ts=2618292071, depth=640Ă—576,OBFormat.Y16,ts=2618292072
[DEBUG] frames: total=206, depth_sets=201, color=1280Ă—720,OBFormat.RGB,ts=2618292137, depth=640Ă—576,OBFormat.Y16,ts=2618292138
[DEBUG] frames: total=207, depth_sets=202, color=1280Ă—720,OBFormat.RGB,ts=2618292237, depth=640Ă—576,OBFormat.Y16,ts=2618292238
[DEBUG] frames: total=208, depth_sets=203, color=1280Ă—720,OBFormat.RGB,ts=2618292337, depth=640Ă—576,OBFormat.Y16,ts=2618292338
[DEBUG] frames: total=209, depth_sets=204, color=1280Ă—720,OBFormat.RGB,ts=2618292437, depth=640Ă—576,OBFormat.Y16,ts=2618292438
[DEBUG] frames: total=210, depth_sets=205, color=1280Ă—720,OBFormat.RGB,ts=2618292503, depth=640Ă—576,OBFormat.Y16,ts=2618292504
[DEBUG] frames: total=211, depth_sets=206, color=1280Ă—720,OBFormat.RGB,ts=2618292603, depth=640Ă—576,OBFormat.Y16,ts=2618292604
[DEBUG] frames: total=212, depth_sets=207, color=1280Ă—720,OBFormat.RGB,ts=2618292669, depth=640Ă—576,OBFormat.Y16,ts=2618292670
[DEBUG] frames: total=213, depth_sets=208, color=1280Ă—720,OBFormat.RGB,ts=2618292769, depth=640Ă—576,OBFormat.Y16,ts=2618292770
[DEBUG] frames: total=214, depth_sets=209, color=1280Ă—720,OBFormat.RGB,ts=2618292869, depth=640Ă—576,OBFormat.Y16,ts=2618292870
[DEBUG] frames: total=215, depth_sets=210, color=1280Ă—720,OBFormat.RGB,ts=2618292969, depth=640Ă—576,OBFormat.Y16,ts=2618292970
[DEBUG] frames: total=216, depth_sets=211, color=1280Ă—720,OBFormat.RGB,ts=2618293035, depth=640Ă—576,OBFormat.Y16,ts=2618293036
[DEBUG] frames: total=217, depth_sets=212, color=1280Ă—720,OBFormat.RGB,ts=2618293135, depth=640Ă—576,OBFormat.Y16,ts=2618293136
[DEBUG] frames: total=218, depth_sets=213, color=1280Ă—720,OBFormat.RGB,ts=2618293235, depth=640Ă—576,OBFormat.Y16,ts=2618293236
[DEBUG] frames: total=219, depth_sets=214, color=1280Ă—720,OBFormat.RGB,ts=2618293334, depth=640Ă—576,OBFormat.Y16,ts=2618293335
[DEBUG] frames: total=220, depth_sets=215, color=1280Ă—720,OBFormat.RGB,ts=2618293401, depth=640Ă—576,OBFormat.Y16,ts=2618293402
[DEBUG] frames: total=221, depth_sets=216, color=1280Ă—720,OBFormat.RGB,ts=2618293501, depth=640Ă—576,OBFormat.Y16,ts=2618293502
[DEBUG] frames: total=222, depth_sets=217, color=1280Ă—720,OBFormat.RGB,ts=2618293567, depth=640Ă—576,OBFormat.Y16,ts=2618293568
[DEBUG] frames: total=223, depth_sets=218, color=1280Ă—720,OBFormat.RGB,ts=2618293667, depth=640Ă—576,OBFormat.Y16,ts=2618293668
[DEBUG] frames: total=224, depth_sets=219, color=1280Ă—720,OBFormat.RGB,ts=2618293733, depth=640Ă—576,OBFormat.Y16,ts=2618293734
[DEBUG] frames: total=225, depth_sets=220, color=1280Ă—720,OBFormat.RGB,ts=2618293800, depth=640Ă—576,OBFormat.Y16,ts=2618293801
[DEBUG] frames: total=226, depth_sets=221, color=1280Ă—720,OBFormat.RGB,ts=2618293866, depth=640Ă—576,OBFormat.Y16,ts=2618293867
[DEBUG] frames: total=227, depth_sets=222, color=1280Ă—720,OBFormat.RGB,ts=2618293933, depth=640Ă—576,OBFormat.Y16,ts=2618293934
[DEBUG] frames: total=228, depth_sets=223, color=1280Ă—720,OBFormat.RGB,ts=2618294033, depth=640Ă—576,OBFormat.Y16,ts=2618294034
[DEBUG] frames: total=229, depth_sets=224, color=1280Ă—720,OBFormat.RGB,ts=2618294099, depth=640Ă—576,OBFormat.Y16,ts=2618294100
[DEBUG] frames: total=230, depth_sets=225, color=1280Ă—720,OBFormat.RGB,ts=2618294166, depth=640Ă—576,OBFormat.Y16,ts=2618294167
[DEBUG] frames: total=231, depth_sets=226, color=1280Ă—720,OBFormat.RGB,ts=2618294232, depth=640Ă—576,OBFormat.Y16,ts=2618294233
[DEBUG] frames: total=232, depth_sets=227, color=1280Ă—720,OBFormat.RGB,ts=2618294332, depth=640Ă—576,OBFormat.Y16,ts=2618294333
[DEBUG] frames: total=233, depth_sets=228, color=1280Ă—720,OBFormat.RGB,ts=2618294365, depth=640Ă—576,OBFormat.Y16,ts=2618294366
[DEBUG] frames: total=234, depth_sets=229, color=1280Ă—720,OBFormat.RGB,ts=2618294498, depth=640Ă—576,OBFormat.Y16,ts=2618294499
[DEBUG] frames: total=235, depth_sets=230, color=1280Ă—720,OBFormat.RGB,ts=2618294598, depth=640Ă—576,OBFormat.Y16,ts=2618294599
[DEBUG] frames: total=236, depth_sets=231, color=1280Ă—720,OBFormat.RGB,ts=2618294698, depth=640Ă—576,OBFormat.Y16,ts=2618294699
[DEBUG] frames: total=237, depth_sets=232, color=1280Ă—720,OBFormat.RGB,ts=2618294764, depth=640Ă—576,OBFormat.Y16,ts=2618294765
[DEBUG] frames: total=238, depth_sets=233, color=1280Ă—720,OBFormat.RGB,ts=2618294864, depth=640Ă—576,OBFormat.Y16,ts=2618294865
[DEBUG] frames: total=239, depth_sets=234, color=1280Ă—720,OBFormat.RGB,ts=2618294964, depth=640Ă—576,OBFormat.Y16,ts=2618294965
[DEBUG] frames: total=240, depth_sets=235, color=1280Ă—720,OBFormat.RGB,ts=2618295030, depth=640Ă—576,OBFormat.Y16,ts=2618295031
[DEBUG] frames: total=241, depth_sets=236, color=1280Ă—720,OBFormat.RGB,ts=2618295130, depth=640Ă—576,OBFormat.Y16,ts=2618295131
[DEBUG] frames: total=242, depth_sets=237, color=1280Ă—720,OBFormat.RGB,ts=2618295196, depth=640Ă—576,OBFormat.Y16,ts=2618295198
[DEBUG] frames: total=243, depth_sets=238, color=1280Ă—720,OBFormat.RGB,ts=2618295296, depth=640Ă—576,OBFormat.Y16,ts=2618295297
[DEBUG] frames: total=244, depth_sets=239, color=1280Ă—720,OBFormat.RGB,ts=2618295363, depth=640Ă—576,OBFormat.Y16,ts=2618295364
[DEBUG] frames: total=245, depth_sets=240, color=1280Ă—720,OBFormat.RGB,ts=2618295462, depth=640Ă—576,OBFormat.Y16,ts=2618295464
[DEBUG] frames: total=246, depth_sets=241, color=1280Ă—720,OBFormat.RGB,ts=2618295529, depth=640Ă—576,OBFormat.Y16,ts=2618295530
[DEBUG] frames: total=247, depth_sets=242, color=1280Ă—720,OBFormat.RGB,ts=2618295629, depth=640Ă—576,OBFormat.Y16,ts=2618295630
[DEBUG] frames: total=248, depth_sets=243, color=1280Ă—720,OBFormat.RGB,ts=2618295695, depth=640Ă—576,OBFormat.Y16,ts=2618295696
[DEBUG] frames: total=249, depth_sets=244, color=1280Ă—720,OBFormat.RGB,ts=2618295795, depth=640Ă—576,OBFormat.Y16,ts=2618295796
[DEBUG] frames: total=250, depth_sets=245, color=1280Ă—720,OBFormat.RGB,ts=2618295861, depth=640Ă—576,OBFormat.Y16,ts=2618295863
[DEBUG] frames: total=251, depth_sets=246, color=1280Ă—720,OBFormat.RGB,ts=2618295961, depth=640Ă—576,OBFormat.Y16,ts=2618295962
[DEBUG] frames: total=252, depth_sets=247, color=1280Ă—720,OBFormat.RGB,ts=2618296028, depth=640Ă—576,OBFormat.Y16,ts=2618296029
[DEBUG] frames: total=253, depth_sets=248, color=1280Ă—720,OBFormat.RGB,ts=2618296127, depth=640Ă—576,OBFormat.Y16,ts=2618296129
[DEBUG] frames: total=254, depth_sets=249, color=1280Ă—720,OBFormat.RGB,ts=2618296194, depth=640Ă—576,OBFormat.Y16,ts=2618296195
[DEBUG] frames: total=255, depth_sets=250, color=1280Ă—720,OBFormat.RGB,ts=2618296294, depth=640Ă—576,OBFormat.Y16,ts=2618296295
[DEBUG] frames: total=256, depth_sets=251, color=1280Ă—720,OBFormat.RGB,ts=2618296360, depth=640Ă—576,OBFormat.Y16,ts=2618296361
[DEBUG] frames: total=257, depth_sets=252, color=1280Ă—720,OBFormat.RGB,ts=2618296460, depth=640Ă—576,OBFormat.Y16,ts=2618296461
[DEBUG] frames: total=258, depth_sets=253, color=1280Ă—720,OBFormat.RGB,ts=2618296560, depth=640Ă—576,OBFormat.Y16,ts=2618296561
[DEBUG] frames: total=259, depth_sets=254, color=1280Ă—720,OBFormat.RGB,ts=2618296659, depth=640Ă—576,OBFormat.Y16,ts=2618296660
[DEBUG] frames: total=260, depth_sets=255, color=1280Ă—720,OBFormat.RGB,ts=2618296726, depth=640Ă—576,OBFormat.Y16,ts=2618296727
[DEBUG] frames: total=261, depth_sets=256, color=1280Ă—720,OBFormat.RGB,ts=2618296826, depth=640Ă—576,OBFormat.Y16,ts=2618296827
[DEBUG] frames: total=262, depth_sets=257, color=1280Ă—720,OBFormat.RGB,ts=2618296892, depth=640Ă—576,OBFormat.Y16,ts=2618296893
[DEBUG] frames: total=263, depth_sets=258, color=1280Ă—720,OBFormat.RGB,ts=2618296992, depth=640Ă—576,OBFormat.Y16,ts=2618296993
[DEBUG] frames: total=264, depth_sets=259, color=1280Ă—720,OBFormat.RGB,ts=2618297058, depth=640Ă—576,OBFormat.Y16,ts=2618297059
[DEBUG] frames: total=265, depth_sets=260, color=1280Ă—720,OBFormat.RGB,ts=2618297158, depth=640Ă—576,OBFormat.Y16,ts=2618297159
[DEBUG] frames: total=266, depth_sets=261, color=1280Ă—720,OBFormat.RGB,ts=2618297258, depth=640Ă—576,OBFormat.Y16,ts=2618297259
[DEBUG] frames: total=267, depth_sets=262, color=1280Ă—720,OBFormat.RGB,ts=2618297324, depth=640Ă—576,OBFormat.Y16,ts=2618297325
[DEBUG] frames: total=268, depth_sets=263, color=1280Ă—720,OBFormat.RGB,ts=2618297424, depth=640Ă—576,OBFormat.Y16,ts=2618297425
[DEBUG] frames: total=269, depth_sets=264, color=1280Ă—720,OBFormat.RGB,ts=2618297524, depth=640Ă—576,OBFormat.Y16,ts=2618297525
[DEBUG] frames: total=270, depth_sets=265, color=1280Ă—720,OBFormat.RGB,ts=2618297590, depth=640Ă—576,OBFormat.Y16,ts=2618297591
[DEBUG] frames: total=271, depth_sets=266, color=1280Ă—720,OBFormat.RGB,ts=2618297690, depth=640Ă—576,OBFormat.Y16,ts=2618297691
[DEBUG] frames: total=272, depth_sets=267, color=1280Ă—720,OBFormat.RGB,ts=2618297790, depth=640Ă—576,OBFormat.Y16,ts=2618297791
[DEBUG] frames: total=273, depth_sets=268, color=1280Ă—720,OBFormat.RGB,ts=2618297856, depth=640Ă—576,OBFormat.Y16,ts=2618297857
[DEBUG] frames: total=274, depth_sets=269, color=1280Ă—720,OBFormat.RGB,ts=2618297956, depth=640Ă—576,OBFormat.Y16,ts=2618297957
[DEBUG] frames: total=275, depth_sets=270, color=1280Ă—720,OBFormat.RGB,ts=2618298023, depth=640Ă—576,OBFormat.Y16,ts=2618298024
[DEBUG] frames: total=276, depth_sets=271, color=1280Ă—720,OBFormat.RGB,ts=2618298122, depth=640Ă—576,OBFormat.Y16,ts=2618298124
[DEBUG] frames: total=277, depth_sets=272, color=1280Ă—720,OBFormat.RGB,ts=2618298222, depth=640Ă—576,OBFormat.Y16,ts=2618298223
[DEBUG] frames: total=278, depth_sets=273, color=1280Ă—720,OBFormat.RGB,ts=2618298289, depth=640Ă—576,OBFormat.Y16,ts=2618298290
[DEBUG] frames: total=279, depth_sets=274, color=1280Ă—720,OBFormat.RGB,ts=2618298388, depth=640Ă—576,OBFormat.Y16,ts=2618298390
[DEBUG] frames: total=280, depth_sets=275, color=1280Ă—720,OBFormat.RGB,ts=2618298488, depth=640Ă—576,OBFormat.Y16,ts=2618298489
[DEBUG] frames: total=281, depth_sets=276, color=1280Ă—720,OBFormat.RGB,ts=2618298555, depth=640Ă—576,OBFormat.Y16,ts=2618298556
[DEBUG] frames: total=282, depth_sets=277, color=1280Ă—720,OBFormat.RGB,ts=2618298654, depth=640Ă—576,OBFormat.Y16,ts=2618298656
[DEBUG] frames: total=283, depth_sets=278, color=1280Ă—720,OBFormat.RGB,ts=2618298721, depth=640Ă—576,OBFormat.Y16,ts=2618298722
[DEBUG] frames: total=284, depth_sets=279, color=1280Ă—720,OBFormat.RGB,ts=2618298821, depth=640Ă—576,OBFormat.Y16,ts=2618298822
[DEBUG] frames: total=285, depth_sets=280, color=1280Ă—720,OBFormat.RGB,ts=2618298887, depth=640Ă—576,OBFormat.Y16,ts=2618298888
[DEBUG] frames: total=286, depth_sets=281, color=1280Ă—720,OBFormat.RGB,ts=2618298987, depth=640Ă—576,OBFormat.Y16,ts=2618298988
[DEBUG] frames: total=287, depth_sets=282, color=1280Ă—720,OBFormat.RGB,ts=2618299053, depth=640Ă—576,OBFormat.Y16,ts=2618299055
[DEBUG] frames: total=288, depth_sets=283, color=1280Ă—720,OBFormat.RGB,ts=2618299153, depth=640Ă—576,OBFormat.Y16,ts=2618299154
[DEBUG] frames: total=289, depth_sets=284, color=1280Ă—720,OBFormat.RGB,ts=2618299220, depth=640Ă—576,OBFormat.Y16,ts=2618299221
[DEBUG] frames: total=290, depth_sets=285, color=1280Ă—720,OBFormat.RGB,ts=2618299319, depth=640Ă—576,OBFormat.Y16,ts=2618299321
[DEBUG] frames: total=291, depth_sets=286, color=1280Ă—720,OBFormat.RGB,ts=2618299419, depth=640Ă—576,OBFormat.Y16,ts=2618299420
[DEBUG] frames: total=292, depth_sets=287, color=1280Ă—720,OBFormat.RGB,ts=2618299486, depth=640Ă—576,OBFormat.Y16,ts=2618299487
[DEBUG] frames: total=293, depth_sets=288, color=1280Ă—720,OBFormat.RGB,ts=2618299552, depth=640Ă—576,OBFormat.Y16,ts=2618299553
[DEBUG] frames: total=294, depth_sets=289, color=1280Ă—720,OBFormat.RGB,ts=2618299652, depth=640Ă—576,OBFormat.Y16,ts=2618299653
[DEBUG] frames: total=295, depth_sets=290, color=1280Ă—720,OBFormat.RGB,ts=2618299785, depth=640Ă—576,OBFormat.Y16,ts=2618299786
[DEBUG] frames: total=296, depth_sets=291, color=1280Ă—720,OBFormat.RGB,ts=2618299851, depth=640Ă—576,OBFormat.Y16,ts=2618299852
[DEBUG] frames: total=297, depth_sets=292, color=1280Ă—720,OBFormat.RGB,ts=2618299918, depth=640Ă—576,OBFormat.Y16,ts=2618299919
[DEBUG] frames: total=298, depth_sets=293, color=1280Ă—720,OBFormat.RGB,ts=2618300018, depth=640Ă—576,OBFormat.Y16,ts=2618300019
[DEBUG] frames: total=299, depth_sets=294, color=1280Ă—720,OBFormat.RGB,ts=2618300084, depth=640Ă—576,OBFormat.Y16,ts=2618300085
[DEBUG] frames: total=300, depth_sets=295, color=1280Ă—720,OBFormat.RGB,ts=2618300184, depth=640Ă—576,OBFormat.Y16,ts=2618300185
[DEBUG] frames: total=301, depth_sets=296, color=1280Ă—720,OBFormat.RGB,ts=2618300250, depth=640Ă—576,OBFormat.Y16,ts=2618300251
[DEBUG] frames: total=302, depth_sets=297, color=1280Ă—720,OBFormat.RGB,ts=2618300350, depth=640Ă—576,OBFormat.Y16,ts=2618300351
[DEBUG] frames: total=303, depth_sets=298, color=1280Ă—720,OBFormat.RGB,ts=2618300417, depth=640Ă—576,OBFormat.Y16,ts=2618300418
[DEBUG] frames: total=304, depth_sets=299, color=1280Ă—720,OBFormat.RGB,ts=2618300483, depth=640Ă—576,OBFormat.Y16,ts=2618300484
[DEBUG] frames: total=305, depth_sets=300, color=1280Ă—720,OBFormat.RGB,ts=2618300583, depth=640Ă—576,OBFormat.Y16,ts=2618300584
[DEBUG] frames: total=306, depth_sets=301, color=1280Ă—720,OBFormat.RGB,ts=2618300649, depth=640Ă—576,OBFormat.Y16,ts=2618300650
[DEBUG] frames: total=307, depth_sets=302, color=1280Ă—720,OBFormat.RGB,ts=2618300749, depth=640Ă—576,OBFormat.Y16,ts=2618300750
[DEBUG] frames: total=308, depth_sets=303, color=1280Ă—720,OBFormat.RGB,ts=2618300816, depth=640Ă—576,OBFormat.Y16,ts=2618300817
[DEBUG] frames: total=309, depth_sets=304, color=1280Ă—720,OBFormat.RGB,ts=2618300882, depth=640Ă—576,OBFormat.Y16,ts=2618300883
[DEBUG] frames: total=310, depth_sets=305, color=1280Ă—720,OBFormat.RGB,ts=2618300982, depth=640Ă—576,OBFormat.Y16,ts=2618300983
[DEBUG] frames: total=311, depth_sets=306, color=1280Ă—720,OBFormat.RGB,ts=2618301081, depth=640Ă—576,OBFormat.Y16,ts=2618301083
[DEBUG] frames: total=312, depth_sets=307, color=1280Ă—720,OBFormat.RGB,ts=2618301181, depth=640Ă—576,OBFormat.Y16,ts=2618301182
[DEBUG] frames: total=313, depth_sets=308, color=1280Ă—720,OBFormat.RGB,ts=2618301248, depth=640Ă—576,OBFormat.Y16,ts=2618301249
[DEBUG] frames: total=314, depth_sets=309, color=1280Ă—720,OBFormat.RGB,ts=2618301347, depth=640Ă—576,OBFormat.Y16,ts=2618301349
[DEBUG] frames: total=315, depth_sets=310, color=1280Ă—720,OBFormat.RGB,ts=2618301414, depth=640Ă—576,OBFormat.Y16,ts=2618301415
[DEBUG] frames: total=316, depth_sets=311, color=1280Ă—720,OBFormat.RGB,ts=2618301514, depth=640Ă—576,OBFormat.Y16,ts=2618301515
[DEBUG] frames: total=317, depth_sets=312, color=1280Ă—720,OBFormat.RGB,ts=2618301580, depth=640Ă—576,OBFormat.Y16,ts=2618301581
[DEBUG] frames: total=318, depth_sets=313, color=1280Ă—720,OBFormat.RGB,ts=2618301680, depth=640Ă—576,OBFormat.Y16,ts=2618301681
[DEBUG] frames: total=319, depth_sets=314, color=1280Ă—720,OBFormat.RGB,ts=2618301780, depth=640Ă—576,OBFormat.Y16,ts=2618301781
[DEBUG] frames: total=320, depth_sets=315, color=1280Ă—720,OBFormat.RGB,ts=2618301879, depth=640Ă—576,OBFormat.Y16,ts=2618301880
[DEBUG] frames: total=321, depth_sets=316, color=1280Ă—720,OBFormat.RGB,ts=2618301979, depth=640Ă—576,OBFormat.Y16,ts=2618301980
[DEBUG] frames: total=322, depth_sets=317, color=1280Ă—720,OBFormat.RGB,ts=2618302079, depth=640Ă—576,OBFormat.Y16,ts=2618302080
[DEBUG] frames: total=323, depth_sets=318, color=1280Ă—720,OBFormat.RGB,ts=2618302145, depth=640Ă—576,OBFormat.Y16,ts=2618302146
[DEBUG] frames: total=324, depth_sets=319, color=1280Ă—720,OBFormat.RGB,ts=2618302245, depth=640Ă—576,OBFormat.Y16,ts=2618302246
[DEBUG] frames: total=325, depth_sets=320, color=1280Ă—720,OBFormat.RGB,ts=2618302312, depth=640Ă—576,OBFormat.Y16,ts=2618302313
[DEBUG] frames: total=326, depth_sets=321, color=1280Ă—720,OBFormat.RGB,ts=2618302411, depth=640Ă—576,OBFormat.Y16,ts=2618302412
[DEBUG] frames: total=327, depth_sets=322, color=1280Ă—720,OBFormat.RGB,ts=2618302478, depth=640Ă—576,OBFormat.Y16,ts=2618302479
[DEBUG] frames: total=328, depth_sets=323, color=1280Ă—720,OBFormat.RGB,ts=2618302578, depth=640Ă—576,OBFormat.Y16,ts=2618302579
[DEBUG] frames: total=329, depth_sets=324, color=1280Ă—720,OBFormat.RGB,ts=2618302644, depth=640Ă—576,OBFormat.Y16,ts=2618302645
[DEBUG] frames: total=330, depth_sets=325, color=1280Ă—720,OBFormat.RGB,ts=2618302744, depth=640Ă—576,OBFormat.Y16,ts=2618302745
[DEBUG] frames: total=331, depth_sets=326, color=1280Ă—720,OBFormat.RGB,ts=2618302844, depth=640Ă—576,OBFormat.Y16,ts=2618302845
[DEBUG] frames: total=332, depth_sets=327, color=1280Ă—720,OBFormat.RGB,ts=2618302910, depth=640Ă—576,OBFormat.Y16,ts=2618302911
[DEBUG] frames: total=333, depth_sets=328, color=1280Ă—720,OBFormat.RGB,ts=2618303010, depth=640Ă—576,OBFormat.Y16,ts=2618303011
[DEBUG] frames: total=334, depth_sets=329, color=1280Ă—720,OBFormat.RGB,ts=2618303076, depth=640Ă—576,OBFormat.Y16,ts=2618303077
[DEBUG] frames: total=335, depth_sets=330, color=1280Ă—720,OBFormat.RGB,ts=2618303176, depth=640Ă—576,OBFormat.Y16,ts=2618303177
[DEBUG] frames: total=336, depth_sets=331, color=1280Ă—720,OBFormat.RGB,ts=2618303276, depth=640Ă—576,OBFormat.Y16,ts=2618303277
[DEBUG] frames: total=337, depth_sets=332, color=1280Ă—720,OBFormat.RGB,ts=2618303342, depth=640Ă—576,OBFormat.Y16,ts=2618303343
[DEBUG] frames: total=338, depth_sets=333, color=1280Ă—720,OBFormat.RGB,ts=2618303442, depth=640Ă—576,OBFormat.Y16,ts=2618303443
[DEBUG] frames: total=339, depth_sets=334, color=1280Ă—720,OBFormat.RGB,ts=2618303508, depth=640Ă—576,OBFormat.Y16,ts=2618303510
[DEBUG] frames: total=340, depth_sets=335, color=1280Ă—720,OBFormat.RGB,ts=2618303608, depth=640Ă—576,OBFormat.Y16,ts=2618303609
[DEBUG] frames: total=341, depth_sets=336, color=1280Ă—720,OBFormat.RGB,ts=2618303675, depth=640Ă—576,OBFormat.Y16,ts=2618303676
[DEBUG] frames: total=342, depth_sets=337, color=1280Ă—720,OBFormat.RGB,ts=2618303774, depth=640Ă—576,OBFormat.Y16,ts=2618303776
[DEBUG] frames: total=343, depth_sets=338, color=1280Ă—720,OBFormat.RGB,ts=2618303841, depth=640Ă—576,OBFormat.Y16,ts=2618303842
[DEBUG] frames: total=344, depth_sets=339, color=1280Ă—720,OBFormat.RGB,ts=2618303941, depth=640Ă—576,OBFormat.Y16,ts=2618303942
[DEBUG] frames: total=345, depth_sets=340, color=1280Ă—720,OBFormat.RGB,ts=2618304007, depth=640Ă—576,OBFormat.Y16,ts=2618304008
[DEBUG] frames: total=346, depth_sets=341, color=1280Ă—720,OBFormat.RGB,ts=2618304107, depth=640Ă—576,OBFormat.Y16,ts=2618304108
[DEBUG] frames: total=347, depth_sets=342, color=1280Ă—720,OBFormat.RGB,ts=2618304173, depth=640Ă—576,OBFormat.Y16,ts=2618304175
[DEBUG] frames: total=348, depth_sets=343, color=1280Ă—720,OBFormat.RGB,ts=2618304273, depth=640Ă—576,OBFormat.Y16,ts=2618304274
[DEBUG] frames: total=349, depth_sets=344, color=1280Ă—720,OBFormat.RGB,ts=2618304340, depth=640Ă—576,OBFormat.Y16,ts=2618304341
[DEBUG] frames: total=350, depth_sets=345, color=1280Ă—720,OBFormat.RGB,ts=2618304439, depth=640Ă—576,OBFormat.Y16,ts=2618304441
[DEBUG] frames: total=351, depth_sets=346, color=1280Ă—720,OBFormat.RGB,ts=2618304539, depth=640Ă—576,OBFormat.Y16,ts=2618304540
[DEBUG] frames: total=352, depth_sets=347, color=1280Ă—720,OBFormat.RGB,ts=2618304606, depth=640Ă—576,OBFormat.Y16,ts=2618304607
[DEBUG] frames: total=353, depth_sets=348, color=1280Ă—720,OBFormat.RGB,ts=2618304705, depth=640Ă—576,OBFormat.Y16,ts=2618304707
[DEBUG] frames: total=354, depth_sets=349, color=1280Ă—720,OBFormat.RGB,ts=2618304805, depth=640Ă—576,OBFormat.Y16,ts=2618304806
[DEBUG] frames: total=355, depth_sets=350, color=1280Ă—720,OBFormat.RGB,ts=2618304905, depth=640Ă—576,OBFormat.Y16,ts=2618304906
[DEBUG] frames: total=356, depth_sets=351, color=1280Ă—720,OBFormat.RGB,ts=2618305005, depth=640Ă—576,OBFormat.Y16,ts=2618305006
[DEBUG] frames: total=357, depth_sets=352, color=1280Ă—720,OBFormat.RGB,ts=2618305071, depth=640Ă—576,OBFormat.Y16,ts=2618305072
[DEBUG] frames: total=358, depth_sets=353, color=1280Ă—720,OBFormat.RGB,ts=2618305171, depth=640Ă—576,OBFormat.Y16,ts=2618305172
[DEBUG] frames: total=359, depth_sets=354, color=1280Ă—720,OBFormat.RGB,ts=2618305237, depth=640Ă—576,OBFormat.Y16,ts=2618305239
[DEBUG] frames: total=360, depth_sets=355, color=1280Ă—720,OBFormat.RGB,ts=2618305337, depth=640Ă—576,OBFormat.Y16,ts=2618305338
[DEBUG] frames: total=361, depth_sets=356, color=1280Ă—720,OBFormat.RGB,ts=2618305437, depth=640Ă—576,OBFormat.Y16,ts=2618305438
[DEBUG] frames: total=362, depth_sets=357, color=1280Ă—720,OBFormat.RGB,ts=2618305503, depth=640Ă—576,OBFormat.Y16,ts=2618305505
[DEBUG] frames: total=363, depth_sets=358, color=1280Ă—720,OBFormat.RGB,ts=2618305603, depth=640Ă—576,OBFormat.Y16,ts=2618305604
[DEBUG] frames: total=364, depth_sets=359, color=1280Ă—720,OBFormat.RGB,ts=2618305670, depth=640Ă—576,OBFormat.Y16,ts=2618305671
[DEBUG] frames: total=365, depth_sets=360, color=1280Ă—720,OBFormat.RGB,ts=2618305769, depth=640Ă—576,OBFormat.Y16,ts=2618305771
[DEBUG] frames: total=366, depth_sets=361, color=1280Ă—720,OBFormat.RGB,ts=2618305836, depth=640Ă—576,OBFormat.Y16,ts=2618305837
[DEBUG] frames: total=367, depth_sets=362, color=1280Ă—720,OBFormat.RGB,ts=2618305936, depth=640Ă—576,OBFormat.Y16,ts=2618305937
[DEBUG] frames: total=368, depth_sets=363, color=1280Ă—720,OBFormat.RGB,ts=2618306002, depth=640Ă—576,OBFormat.Y16,ts=2618306003
[DEBUG] frames: total=369, depth_sets=364, color=1280Ă—720,OBFormat.RGB,ts=2618306069, depth=640Ă—576,OBFormat.Y16,ts=2618306070
[DEBUG] frames: total=370, depth_sets=365, color=1280Ă—720,OBFormat.RGB,ts=2618306202, depth=640Ă—576,OBFormat.Y16,ts=2618306203
[DEBUG] frames: total=371, depth_sets=366, color=1280Ă—720,OBFormat.RGB,ts=2618306301, depth=640Ă—576,OBFormat.Y16,ts=2618306303
[DEBUG] frames: total=372, depth_sets=367, color=1280Ă—720,OBFormat.RGB,ts=2618306401, depth=640Ă—576,OBFormat.Y16,ts=2618306402
[DEBUG] frames: total=373, depth_sets=368, color=1280Ă—720,OBFormat.RGB,ts=2618306501, depth=640Ă—576,OBFormat.Y16,ts=2618306502
[DEBUG] frames: total=374, depth_sets=369, color=1280Ă—720,OBFormat.RGB,ts=2618306601, depth=640Ă—576,OBFormat.Y16,ts=2618306602
[DEBUG] frames: total=375, depth_sets=370, color=1280Ă—720,OBFormat.RGB,ts=2618306667, depth=640Ă—576,OBFormat.Y16,ts=2618306668
[DEBUG] frames: total=376, depth_sets=371, color=1280Ă—720,OBFormat.RGB,ts=2618306767, depth=640Ă—576,OBFormat.Y16,ts=2618306768
[DEBUG] frames: total=377, depth_sets=372, color=1280Ă—720,OBFormat.RGB,ts=2618306833, depth=640Ă—576,OBFormat.Y16,ts=2618306834
[DEBUG] frames: total=378, depth_sets=373, color=1280Ă—720,OBFormat.RGB,ts=2618306933, depth=640Ă—576,OBFormat.Y16,ts=2618306934
[DEBUG] frames: total=379, depth_sets=374, color=1280Ă—720,OBFormat.RGB,ts=2618307000, depth=640Ă—576,OBFormat.Y16,ts=2618307001
[DEBUG] frames: total=380, depth_sets=375, color=1280Ă—720,OBFormat.RGB,ts=2618307099, depth=640Ă—576,OBFormat.Y16,ts=2618307100
[DEBUG] frames: total=381, depth_sets=376, color=1280Ă—720,OBFormat.RGB,ts=2618307166, depth=640Ă—576,OBFormat.Y16,ts=2618307167
[DEBUG] frames: total=382, depth_sets=377, color=1280Ă—720,OBFormat.RGB,ts=2618307266, depth=640Ă—576,OBFormat.Y16,ts=2618307267
[DEBUG] frames: total=383, depth_sets=378, color=1280Ă—720,OBFormat.RGB,ts=2618307365, depth=640Ă—576,OBFormat.Y16,ts=2618307366
[DEBUG] frames: total=384, depth_sets=379, color=1280Ă—720,OBFormat.RGB,ts=2618307432, depth=640Ă—576,OBFormat.Y16,ts=2618307433
[DEBUG] frames: total=385, depth_sets=380, color=1280Ă—720,OBFormat.RGB,ts=2618307532, depth=640Ă—576,OBFormat.Y16,ts=2618307533
[DEBUG] frames: total=386, depth_sets=381, color=1280Ă—720,OBFormat.RGB,ts=2618307598, depth=640Ă—576,OBFormat.Y16,ts=2618307599
[DEBUG] frames: total=387, depth_sets=382, color=1280Ă—720,OBFormat.RGB,ts=2618307665, depth=640Ă—576,OBFormat.Y16,ts=2618307666
[DEBUG] frames: total=388, depth_sets=383, color=1280Ă—720,OBFormat.RGB,ts=2618307764, depth=640Ă—576,OBFormat.Y16,ts=2618307765
[DEBUG] frames: total=389, depth_sets=384, color=1280Ă—720,OBFormat.RGB,ts=2618307831, depth=640Ă—576,OBFormat.Y16,ts=2618307832
[DEBUG] frames: total=390, depth_sets=385, color=1280Ă—720,OBFormat.RGB,ts=2618307931, depth=640Ă—576,OBFormat.Y16,ts=2618307932
[DEBUG] frames: total=391, depth_sets=386, color=1280Ă—720,OBFormat.RGB,ts=2618307997, depth=640Ă—576,OBFormat.Y16,ts=2618307998
[DEBUG] frames: total=392, depth_sets=387, color=1280Ă—720,OBFormat.RGB,ts=2618308097, depth=640Ă—576,OBFormat.Y16,ts=2618308098
[DEBUG] frames: total=393, depth_sets=388, color=1280Ă—720,OBFormat.RGB,ts=2618308163, depth=640Ă—576,OBFormat.Y16,ts=2618308164
[DEBUG] frames: total=394, depth_sets=389, color=1280Ă—720,OBFormat.RGB,ts=2618308263, depth=640Ă—576,OBFormat.Y16,ts=2618308264
[DEBUG] frames: total=395, depth_sets=390, color=1280Ă—720,OBFormat.RGB,ts=2618308330, depth=640Ă—576,OBFormat.Y16,ts=2618308331
[DEBUG] frames: total=396, depth_sets=391, color=1280Ă—720,OBFormat.RGB,ts=2618308429, depth=640Ă—576,OBFormat.Y16,ts=2618308430
[DEBUG] frames: total=397, depth_sets=392, color=1280Ă—720,OBFormat.RGB,ts=2618308496, depth=640Ă—576,OBFormat.Y16,ts=2618308497
[DEBUG] frames: total=398, depth_sets=393, color=1280Ă—720,OBFormat.RGB,ts=2618308596, depth=640Ă—576,OBFormat.Y16,ts=2618308597
[DEBUG] frames: total=399, depth_sets=394, color=1280Ă—720,OBFormat.RGB,ts=2618308662, depth=640Ă—576,OBFormat.Y16,ts=2618308663
[DEBUG] frames: total=400, depth_sets=395, color=1280Ă—720,OBFormat.RGB,ts=2618308762, depth=640Ă—576,OBFormat.Y16,ts=2618308763
[DEBUG] frames: total=401, depth_sets=396, color=1280Ă—720,OBFormat.RGB,ts=2618308828, depth=640Ă—576,OBFormat.Y16,ts=2618308829
[DEBUG] frames: total=402, depth_sets=397, color=1280Ă—720,OBFormat.RGB,ts=2618308928, depth=640Ă—576,OBFormat.Y16,ts=2618308929
[DEBUG] frames: total=403, depth_sets=398, color=1280Ă—720,OBFormat.RGB,ts=2618308994, depth=640Ă—576,OBFormat.Y16,ts=2618308996
[DEBUG] frames: total=404, depth_sets=399, color=1280Ă—720,OBFormat.RGB,ts=2618309094, depth=640Ă—576,OBFormat.Y16,ts=2618309095
[DEBUG] frames: total=405, depth_sets=400, color=1280Ă—720,OBFormat.RGB,ts=2618309161, depth=640Ă—576,OBFormat.Y16,ts=2618309162
[DEBUG] frames: total=406, depth_sets=401, color=1280Ă—720,OBFormat.RGB,ts=2618309260, depth=640Ă—576,OBFormat.Y16,ts=2618309262
[DEBUG] frames: total=407, depth_sets=402, color=1280Ă—720,OBFormat.RGB,ts=2618309327, depth=640Ă—576,OBFormat.Y16,ts=2618309328
[DEBUG] frames: total=408, depth_sets=403, color=1280Ă—720,OBFormat.RGB,ts=2618309427, depth=640Ă—576,OBFormat.Y16,ts=2618309428
[DEBUG] frames: total=409, depth_sets=404, color=1280Ă—720,OBFormat.RGB,ts=2618309493, depth=640Ă—576,OBFormat.Y16,ts=2618309494
[DEBUG] frames: total=410, depth_sets=405, color=1280Ă—720,OBFormat.RGB,ts=2618309593, depth=640Ă—576,OBFormat.Y16,ts=2618309594
[DEBUG] frames: total=411, depth_sets=406, color=1280Ă—720,OBFormat.RGB,ts=2618309659, depth=640Ă—576,OBFormat.Y16,ts=2618309661
[DEBUG] frames: total=412, depth_sets=407, color=1280Ă—720,OBFormat.RGB,ts=2618309759, depth=640Ă—576,OBFormat.Y16,ts=2618309760
[DEBUG] frames: total=413, depth_sets=408, color=1280Ă—720,OBFormat.RGB,ts=2618309826, depth=640Ă—576,OBFormat.Y16,ts=2618309827
[DEBUG] frames: total=414, depth_sets=409, color=1280Ă—720,OBFormat.RGB,ts=2618309925, depth=640Ă—576,OBFormat.Y16,ts=2618309927
[DEBUG] frames: total=415, depth_sets=410, color=1280Ă—720,OBFormat.RGB,ts=2618309992, depth=640Ă—576,OBFormat.Y16,ts=2618309993
[DEBUG] frames: total=416, depth_sets=411, color=1280Ă—720,OBFormat.RGB,ts=2618310092, depth=640Ă—576,OBFormat.Y16,ts=2618310093
[DEBUG] frames: total=417, depth_sets=412, color=1280Ă—720,OBFormat.RGB,ts=2618310158, depth=640Ă—576,OBFormat.Y16,ts=2618310159
[DEBUG] frames: total=418, depth_sets=413, color=1280Ă—720,OBFormat.RGB,ts=2618310258, depth=640Ă—576,OBFormat.Y16,ts=2618310259
[DEBUG] frames: total=419, depth_sets=414, color=1280Ă—720,OBFormat.RGB,ts=2618310324, depth=640Ă—576,OBFormat.Y16,ts=2618310326
[DEBUG] frames: total=420, depth_sets=415, color=1280Ă—720,OBFormat.RGB,ts=2618310391, depth=640Ă—576,OBFormat.Y16,ts=2618310392
[DEBUG] frames: total=421, depth_sets=416, color=1280Ă—720,OBFormat.RGB,ts=2618310491, depth=640Ă—576,OBFormat.Y16,ts=2618310492
[DEBUG] frames: total=422, depth_sets=417, color=1280Ă—720,OBFormat.RGB,ts=2618310557, depth=640Ă—576,OBFormat.Y16,ts=2618310558
[DEBUG] frames: total=423, depth_sets=418, color=1280Ă—720,OBFormat.RGB,ts=2618310657, depth=640Ă—576,OBFormat.Y16,ts=2618310658
[DEBUG] frames: total=424, depth_sets=419, color=1280Ă—720,OBFormat.RGB,ts=2618310723, depth=640Ă—576,OBFormat.Y16,ts=2618310724
[DEBUG] frames: total=425, depth_sets=420, color=1280Ă—720,OBFormat.RGB,ts=2618310823, depth=640Ă—576,OBFormat.Y16,ts=2618310824
[DEBUG] frames: total=426, depth_sets=421, color=1280Ă—720,OBFormat.RGB,ts=2618310923, depth=640Ă—576,OBFormat.Y16,ts=2618310924
[DEBUG] frames: total=427, depth_sets=422, color=1280Ă—720,OBFormat.RGB,ts=2618310989, depth=640Ă—576,OBFormat.Y16,ts=2618310990
[DEBUG] frames: total=428, depth_sets=423, color=1280Ă—720,OBFormat.RGB,ts=2618311089, depth=640Ă—576,OBFormat.Y16,ts=2618311090
[DEBUG] frames: total=429, depth_sets=424, color=1280Ă—720,OBFormat.RGB,ts=2618311156, depth=640Ă—576,OBFormat.Y16,ts=2618311157
[DEBUG] frames: total=430, depth_sets=425, color=1280Ă—720,OBFormat.RGB,ts=2618311255, depth=640Ă—576,OBFormat.Y16,ts=2618311256
[DEBUG] frames: total=431, depth_sets=426, color=1280Ă—720,OBFormat.RGB,ts=2618311322, depth=640Ă—576,OBFormat.Y16,ts=2618311323
[DEBUG] frames: total=432, depth_sets=427, color=1280Ă—720,OBFormat.RGB,ts=2618311422, depth=640Ă—576,OBFormat.Y16,ts=2618311423
[DEBUG] frames: total=433, depth_sets=428, color=1280Ă—720,OBFormat.RGB,ts=2618311488, depth=640Ă—576,OBFormat.Y16,ts=2618311489
[DEBUG] frames: total=434, depth_sets=429, color=1280Ă—720,OBFormat.RGB,ts=2618311588, depth=640Ă—576,OBFormat.Y16,ts=2618311589
[DEBUG] frames: total=435, depth_sets=430, color=1280Ă—720,OBFormat.RGB,ts=2618311654, depth=640Ă—576,OBFormat.Y16,ts=2618311655
[INIT] Utilizing local OpenCV Contrast Gate Engine. (Network Bypass Active)
[DYNAMIC ENGINE] Floor Noise Cutoff: 7.15mm
Exception in Tkinter callback
Traceback (most recent call last):
  File "/usr/lib/python3.12/tkinter/__init__.py", line 1967, in __call__
    return self.func(*args)
           ^^^^^^^^^^^^^^^^
  File "/home/cpsstudent/Documents/ips_s2026/rgbd/main.py", line 166, in <lambda>
    self.root.bind("<Return>", lambda e: self.capture_frame())
                                         ^^^^^^^^^^^^^^^^^^^^
  File "/home/cpsstudent/Documents/ips_s2026/rgbd/main.py", line 371, in capture_frame
    mask, plane_model, inlier_count, outlier_count, _ = self.seg.segment(depth, rgb)
                                                        ^^^^^^^^^^^^^^^^^^^^^^^^^^^^
  File "/home/cpsstudent/Documents/ips_s2026/rgbd/processing/segmentation_helper.py", line 133, in segment
    if visual_gate_mask[v, u] > 0:
       ~~~~~~~~~~~~~~~~^^^^^^
IndexError: index 518 is out of bounds for axis 1 with size 510
[DEBUG] frames: total=436, depth_sets=431, color=1280Ă—720,OBFormat.RGB,ts=2618322959, depth=640Ă—576,OBFormat.Y16,ts=2618322961
[DEBUG] frames: total=437, depth_sets=432, color=1280Ă—720,OBFormat.RGB,ts=2618323059, depth=640Ă—576,OBFormat.Y16,ts=2618323060
[DEBUG] frames: total=438, depth_sets=433, color=1280Ă—720,OBFormat.RGB,ts=2618323159, depth=640Ă—576,OBFormat.Y16,ts=2618323160
[DEBUG] frames: total=439, depth_sets=434, color=1280Ă—720,OBFormat.RGB,ts=2618323225, depth=640Ă—576,OBFormat.Y16,ts=2618323227
[DEBUG] frames: total=440, depth_sets=435, color=1280Ă—720,OBFormat.RGB,ts=2618323325, depth=640Ă—576,OBFormat.Y16,ts=2618323326
[DEBUG] frames: total=441, depth_sets=436, color=1280Ă—720,OBFormat.RGB,ts=2618323392, depth=640Ă—576,OBFormat.Y16,ts=2618323393
[DEBUG] frames: total=442, depth_sets=437, color=1280Ă—720,OBFormat.RGB,ts=2618323491, depth=640Ă—576,OBFormat.Y16,ts=2618323493
[DEBUG] frames: total=443, depth_sets=438, color=1280Ă—720,OBFormat.RGB,ts=2618323591, depth=640Ă—576,OBFormat.Y16,ts=2618323592
[DEBUG] frames: total=444, depth_sets=439, color=1280Ă—720,OBFormat.RGB,ts=2618323658, depth=640Ă—576,OBFormat.Y16,ts=2618323659
[DEBUG] frames: total=445, depth_sets=440, color=1280Ă—720,OBFormat.RGB,ts=2618323757, depth=640Ă—576,OBFormat.Y16,ts=2618323759
[DEBUG] frames: total=446, depth_sets=441, color=1280Ă—720,OBFormat.RGB,ts=2618323824, depth=640Ă—576,OBFormat.Y16,ts=2618323825
[DEBUG] frames: total=447, depth_sets=442, color=1280Ă—720,OBFormat.RGB,ts=2618323924, depth=640Ă—576,OBFormat.Y16,ts=2618323925
[DEBUG] frames: total=448, depth_sets=443, color=1280Ă—720,OBFormat.RGB,ts=2618324023, depth=640Ă—576,OBFormat.Y16,ts=2618324025
[DEBUG] frames: total=449, depth_sets=444, color=1280Ă—720,OBFormat.RGB,ts=2618324090, depth=640Ă—576,OBFormat.Y16,ts=2618324091
[DEBUG] frames: total=450, depth_sets=445, color=1280Ă—720,OBFormat.RGB,ts=2618324190, depth=640Ă—576,OBFormat.Y16,ts=2618324191
[DEBUG] frames: total=451, depth_sets=446, color=1280Ă—720,OBFormat.RGB,ts=2618324289, depth=640Ă—576,OBFormat.Y16,ts=2618324291
[DEBUG] frames: total=452, depth_sets=447, color=1280Ă—720,OBFormat.RGB,ts=2618324389, depth=640Ă—576,OBFormat.Y16,ts=2618324390
[DEBUG] frames: total=453, depth_sets=448, color=1280Ă—720,OBFormat.RGB,ts=2618324456, depth=640Ă—576,OBFormat.Y16,ts=2618324457
[DEBUG] frames: total=454, depth_sets=449, color=1280Ă—720,OBFormat.RGB,ts=2618324555, depth=640Ă—576,OBFormat.Y16,ts=2618324557
[INFO] Quitting application.
