[INFO] Session log file: dataset/debug/session_20260519_143524.log
[DEBUG] frames: total=1, depth_sets=0, color=1280Ă—720,OBFormat.RGB,ts=2522275160, depth=None
[WARNING] Align filter returned None
[DEBUG] frames: total=2, depth_sets=0, color=1280Ă—720,OBFormat.RGB,ts=2522275260, depth=None
[WARNING] Align filter returned None
[DEBUG] frames: total=3, depth_sets=1, color=1280Ă—720,OBFormat.RGB,ts=2522275360, depth=640Ă—576,OBFormat.Y16,ts=2522275361
[DEBUG] frames: total=4, depth_sets=2, color=1280Ă—720,OBFormat.RGB,ts=2522275559, depth=640Ă—576,OBFormat.Y16,ts=2522275560
[DEBUG] frames: total=5, depth_sets=3, color=1280Ă—720,OBFormat.RGB,ts=2522275759, depth=640Ă—576,OBFormat.Y16,ts=2522275760
[DEBUG] frames: total=6, depth_sets=3, color=1280Ă—720,OBFormat.RGB,ts=2522275925, depth=None
[INFO] Using cached color+depth pair (dt=165)
[DEBUG] frames: total=7, depth_sets=4, color=1280Ă—720,OBFormat.RGB,ts=2522276058, depth=640Ă—576,OBFormat.Y16,ts=2522276059
[DEBUG] frames: total=8, depth_sets=5, color=1280Ă—720,OBFormat.RGB,ts=2522276124, depth=640Ă—576,OBFormat.Y16,ts=2522276126
[DEBUG] frames: total=9, depth_sets=6, color=1280Ă—720,OBFormat.RGB,ts=2522276258, depth=640Ă—576,OBFormat.Y16,ts=2522276259
[DEBUG] frames: total=10, depth_sets=7, color=1280Ă—720,OBFormat.RGB,ts=2522276391, depth=640Ă—576,OBFormat.Y16,ts=2522276392
[DEBUG] frames: total=11, depth_sets=8, color=1280Ă—720,OBFormat.RGB,ts=2522276557, depth=640Ă—576,OBFormat.Y16,ts=2522276558
[DEBUG] frames: total=12, depth_sets=9, color=1280Ă—720,OBFormat.RGB,ts=2522276690, depth=640Ă—576,OBFormat.Y16,ts=2522276691
[DEBUG] frames: total=13, depth_sets=10, color=1280Ă—720,OBFormat.RGB,ts=2522276756, depth=640Ă—576,OBFormat.Y16,ts=2522276758
[DEBUG] frames: total=14, depth_sets=11, color=1280Ă—720,OBFormat.RGB,ts=2522276889, depth=640Ă—576,OBFormat.Y16,ts=2522276891
[DEBUG] frames: total=15, depth_sets=12, color=1280Ă—720,OBFormat.RGB,ts=2522277056, depth=640Ă—576,OBFormat.Y16,ts=2522277057
[DEBUG] frames: total=16, depth_sets=13, color=1280Ă—720,OBFormat.RGB,ts=2522277122, depth=640Ă—576,OBFormat.Y16,ts=2522277123
[DEBUG] frames: total=17, depth_sets=14, color=1280Ă—720,OBFormat.RGB,ts=2522277288, depth=640Ă—576,OBFormat.Y16,ts=2522277290
[DEBUG] frames: total=18, depth_sets=15, color=1280Ă—720,OBFormat.RGB,ts=2522277388, depth=640Ă—576,OBFormat.Y16,ts=2522277389
[DEBUG] frames: total=19, depth_sets=16, color=1280Ă—720,OBFormat.RGB,ts=2522277555, depth=640Ă—576,OBFormat.Y16,ts=2522277556
[DEBUG] frames: total=20, depth_sets=17, color=1280Ă—720,OBFormat.RGB,ts=2522277688, depth=640Ă—576,OBFormat.Y16,ts=2522277689
[DEBUG] frames: total=21, depth_sets=18, color=1280Ă—720,OBFormat.RGB,ts=2522277787, depth=640Ă—576,OBFormat.Y16,ts=2522277788
[DEBUG] frames: total=22, depth_sets=19, color=1280Ă—720,OBFormat.RGB,ts=2522277920, depth=640Ă—576,OBFormat.Y16,ts=2522277922
[DEBUG] frames: total=23, depth_sets=20, color=1280Ă—720,OBFormat.RGB,ts=2522277987, depth=640Ă—576,OBFormat.Y16,ts=2522277988
[DEBUG] frames: total=24, depth_sets=21, color=1280Ă—720,OBFormat.RGB,ts=2522278087, depth=640Ă—576,OBFormat.Y16,ts=2522278088
[DEBUG] frames: total=25, depth_sets=22, color=1280Ă—720,OBFormat.RGB,ts=2522278153, depth=640Ă—576,OBFormat.Y16,ts=2522278154
[DEBUG] frames: total=26, depth_sets=23, color=1280Ă—720,OBFormat.RGB,ts=2522278220, depth=640Ă—576,OBFormat.Y16,ts=2522278221
[DEBUG] frames: total=27, depth_sets=24, color=1280Ă—720,OBFormat.RGB,ts=2522278319, depth=640Ă—576,OBFormat.Y16,ts=2522278321
[DEBUG] frames: total=28, depth_sets=25, color=1280Ă—720,OBFormat.RGB,ts=2522278386, depth=640Ă—576,OBFormat.Y16,ts=2522278387
[DEBUG] frames: total=29, depth_sets=26, color=1280Ă—720,OBFormat.RGB,ts=2522278486, depth=640Ă—576,OBFormat.Y16,ts=2522278487
[DEBUG] frames: total=30, depth_sets=27, color=1280Ă—720,OBFormat.RGB,ts=2522278552, depth=640Ă—576,OBFormat.Y16,ts=2522278553
[DEBUG] frames: total=31, depth_sets=28, color=1280Ă—720,OBFormat.RGB,ts=2522278652, depth=640Ă—576,OBFormat.Y16,ts=2522278653
[DEBUG] frames: total=32, depth_sets=29, color=1280Ă—720,OBFormat.RGB,ts=2522278718, depth=640Ă—576,OBFormat.Y16,ts=2522278720
[DEBUG] frames: total=33, depth_sets=30, color=1280Ă—720,OBFormat.RGB,ts=2522278818, depth=640Ă—576,OBFormat.Y16,ts=2522278819
[DEBUG] frames: total=34, depth_sets=31, color=1280Ă—720,OBFormat.RGB,ts=2522278885, depth=640Ă—576,OBFormat.Y16,ts=2522278886
[DEBUG] frames: total=35, depth_sets=32, color=1280Ă—720,OBFormat.RGB,ts=2522278985, depth=640Ă—576,OBFormat.Y16,ts=2522278986
[DEBUG] frames: total=36, depth_sets=33, color=1280Ă—720,OBFormat.RGB,ts=2522279051, depth=640Ă—576,OBFormat.Y16,ts=2522279052
[DEBUG] frames: total=37, depth_sets=34, color=1280Ă—720,OBFormat.RGB,ts=2522279118, depth=640Ă—576,OBFormat.Y16,ts=2522279119
****[DEBUG] RGB shape: (720, 1280, 3), Depth shape: (576, 640)
[DEBUG] RGB shape: (720, 510, 3)
[DEBUG] Depth shape: (576, 640)
[DEBUG] Depth dtype: uint16
[DEBUG] Depth min/max: 0, 1503
[DEBUG] Valid depth pixels: 259030
[DEBUG] Valid depth pixels after filtering: 259027
[DEBUG] Full point cloud has 259027 points.
[INFO] Plane equation: 0.02x + -0.16y + 0.99z + -0.48 = 0
[DEBUG] Plane inliers: 217459
[DEBUG] Non-plane points: 41568
[DEBUG] Isolated 3D object cluster contains 22564 points.
[DEBUG] Mask projection: isolated foreground=21961
[DEBUG] Belt ROI: x_margin=76, y_margin=11, foreground=5804
[DEBUG] Mask cleanup: raw foreground=5804
[DEBUG] Mask cleanup: after morphology=6943
[DEBUG] Mask cleanup candidate: idx=2 area=6661 bbox=(503, 176, 61, 214) centroid=(536.4, 286.9) touches_border=False strip_like=False mean_residual=0.1153 max_residual=0.4826 residual_ok=True score=30.6347
[DEBUG] Mask cleanup: connected components=3, min_area=368, selected_indices=[2], selected_area=6661
[DEBUG] Mask cleanup: final area after dilation=10088
[DEBUG] Mask projection: final cleaned foreground=10088
[WARNING] Mask/image shape mismatch: mask=(576, 640), image=(720, 510). Resizing mask for overlay/export.
[DEBUG] Overlay saved to dataset/debug/img0932_overlay.png
[MASK-QA] shape=(576, 640) foreground=10088 ratio=0.027365 components=1 largest_area=10088 border_pixels=0 border_ratio=0.000000
[INFO] Info saved to dataset/info/img0932.txt
[INFO] Frame captured for class: 0

[INFO] Saving pipeline data for frame: img0932...
[SAVED] RGB image saved to: dataset/images/img0932.png
[SAVED] Raw 16-bit depth map saved to: dataset/depth/img0932.png
[WARNING] Mask/image shape mismatch: mask=(576, 640), image=(720, 510). Resizing mask for overlay/export.
[SAVED] YOLO segmentation label saved to: dataset/labels/img0932.txt
[SAVED] Mask image saved to dataset/masks/img0932.png
[SAVED] Point cloud saved to dataset/pointcloud/img0932.ply
[SUCCESS] All directory outputs for img0932 written successfully.

[COUNT] images=1, depth=1, labels=1, masks=3, pointcloud=1, info=1, debug=5
[DEBUG] frames: total=38, depth_sets=35, color=1280Ă—720,OBFormat.RGB,ts=2522313336, depth=640Ă—576,OBFormat.Y16,ts=2522313338
[DEBUG] frames: total=39, depth_sets=36, color=1280Ă—720,OBFormat.RGB,ts=2522313403, depth=640Ă—576,OBFormat.Y16,ts=2522313404
[DEBUG] frames: total=40, depth_sets=37, color=1280Ă—720,OBFormat.RGB,ts=2522313503, depth=640Ă—576,OBFormat.Y16,ts=2522313504
[DEBUG] frames: total=41, depth_sets=38, color=1280Ă—720,OBFormat.RGB,ts=2522313636, depth=640Ă—576,OBFormat.Y16,ts=2522313637
[DEBUG] frames: total=42, depth_sets=39, color=1280Ă—720,OBFormat.RGB,ts=2522313735, depth=640Ă—576,OBFormat.Y16,ts=2522313737
[DEBUG] frames: total=43, depth_sets=40, color=1280Ă—720,OBFormat.RGB,ts=2522313802, depth=640Ă—576,OBFormat.Y16,ts=2522313803
[DEBUG] frames: total=44, depth_sets=41, color=1280Ă—720,OBFormat.RGB,ts=2522313902, depth=640Ă—576,OBFormat.Y16,ts=2522313903
[DEBUG] frames: total=45, depth_sets=42, color=1280Ă—720,OBFormat.RGB,ts=2522314002, depth=640Ă—576,OBFormat.Y16,ts=2522314003
[DEBUG] frames: total=46, depth_sets=43, color=1280Ă—720,OBFormat.RGB,ts=2522314101, depth=640Ă—576,OBFormat.Y16,ts=2522314102
[DEBUG] frames: total=47, depth_sets=44, color=1280Ă—720,OBFormat.RGB,ts=2522314168, depth=640Ă—576,OBFormat.Y16,ts=2522314169
[DEBUG] frames: total=48, depth_sets=45, color=1280Ă—720,OBFormat.RGB,ts=2522314334, depth=640Ă—576,OBFormat.Y16,ts=2522314335
[DEBUG] frames: total=49, depth_sets=46, color=1280Ă—720,OBFormat.RGB,ts=2522314467, depth=640Ă—576,OBFormat.Y16,ts=2522314468
[DEBUG] frames: total=50, depth_sets=47, color=1280Ă—720,OBFormat.RGB,ts=2522314567, depth=640Ă—576,OBFormat.Y16,ts=2522314568
[DEBUG] frames: total=51, depth_sets=48, color=1280Ă—720,OBFormat.RGB,ts=2522314667, depth=640Ă—576,OBFormat.Y16,ts=2522314668
[DEBUG] frames: total=52, depth_sets=49, color=1280Ă—720,OBFormat.RGB,ts=2522314766, depth=640Ă—576,OBFormat.Y16,ts=2522314767
[DEBUG] frames: total=53, depth_sets=50, color=1280Ă—720,OBFormat.RGB,ts=2522314866, depth=640Ă—576,OBFormat.Y16,ts=2522314867
[DEBUG] frames: total=54, depth_sets=51, color=1280Ă—720,OBFormat.RGB,ts=2522314999, depth=640Ă—576,OBFormat.Y16,ts=2522315000
[INFO] Quitting application.
