[INFO] Session log file: dataset/debug/session_20260519_183716.log
[DEBUG] frames: total=1, depth_sets=0, color=1280Ă—720,OBFormat.RGB,ts=2536786656, depth=None
[WARNING] Align filter returned None
[DEBUG] frames: total=2, depth_sets=0, color=1280Ă—720,OBFormat.RGB,ts=2536786755, depth=None
[WARNING] Align filter returned None
[DEBUG] frames: total=3, depth_sets=0, color=1280Ă—720,OBFormat.RGB,ts=2536786789, depth=None
[WARNING] Align filter returned None
[DEBUG] frames: total=4, depth_sets=1, color=1280Ă—720,OBFormat.RGB,ts=2536786822, depth=640Ă—576,OBFormat.Y16,ts=2536786823
[DEBUG] frames: total=5, depth_sets=2, color=1280Ă—720,OBFormat.RGB,ts=2536787088, depth=640Ă—576,OBFormat.Y16,ts=2536787089
[DEBUG] frames: total=6, depth_sets=3, color=1280Ă—720,OBFormat.RGB,ts=2536787254, depth=640Ă—576,OBFormat.Y16,ts=2536787255
[DEBUG] frames: total=7, depth_sets=4, color=1280Ă—720,OBFormat.RGB,ts=2536787321, depth=640Ă—576,OBFormat.Y16,ts=2536787322
[DEBUG] frames: total=8, depth_sets=5, color=1280Ă—720,OBFormat.RGB,ts=2536787421, depth=640Ă—576,OBFormat.Y16,ts=2536787422
[DEBUG] frames: total=9, depth_sets=6, color=1280Ă—720,OBFormat.RGB,ts=2536787487, depth=640Ă—576,OBFormat.Y16,ts=2536787488
[DEBUG] frames: total=10, depth_sets=7, color=1280Ă—720,OBFormat.RGB,ts=2536787554, depth=640Ă—576,OBFormat.Y16,ts=2536787555
[DEBUG] frames: total=11, depth_sets=8, color=1280Ă—720,OBFormat.RGB,ts=2536787620, depth=640Ă—576,OBFormat.Y16,ts=2536787621
[DEBUG] frames: total=12, depth_sets=9, color=1280Ă—720,OBFormat.RGB,ts=2536787687, depth=640Ă—576,OBFormat.Y16,ts=2536787688
[DEBUG] frames: total=13, depth_sets=10, color=1280Ă—720,OBFormat.RGB,ts=2536787753, depth=640Ă—576,OBFormat.Y16,ts=2536787754
[DEBUG] frames: total=14, depth_sets=11, color=1280Ă—720,OBFormat.RGB,ts=2536787886, depth=640Ă—576,OBFormat.Y16,ts=2536787887
[DEBUG] frames: total=15, depth_sets=12, color=1280Ă—720,OBFormat.RGB,ts=2536788086, depth=640Ă—576,OBFormat.Y16,ts=2536788087
[DEBUG] frames: total=16, depth_sets=13, color=1280Ă—720,OBFormat.RGB,ts=2536788219, depth=640Ă—576,OBFormat.Y16,ts=2536788220
[DEBUG] frames: total=17, depth_sets=14, color=1280Ă—720,OBFormat.RGB,ts=2536788385, depth=640Ă—576,OBFormat.Y16,ts=2536788386
[DEBUG] frames: total=18, depth_sets=15, color=1280Ă—720,OBFormat.RGB,ts=2536788551, depth=640Ă—576,OBFormat.Y16,ts=2536788552
[DEBUG] frames: total=19, depth_sets=16, color=1280Ă—720,OBFormat.RGB,ts=2536788684, depth=640Ă—576,OBFormat.Y16,ts=2536788685
[DEBUG] frames: total=20, depth_sets=17, color=1280Ă—720,OBFormat.RGB,ts=2536788817, depth=640Ă—576,OBFormat.Y16,ts=2536788818
[DEBUG] frames: total=21, depth_sets=18, color=1280Ă—720,OBFormat.RGB,ts=2536788917, depth=640Ă—576,OBFormat.Y16,ts=2536788918
[DEBUG] frames: total=22, depth_sets=19, color=1280Ă—720,OBFormat.RGB,ts=2536789050, depth=640Ă—576,OBFormat.Y16,ts=2536789051
[DEBUG] frames: total=23, depth_sets=20, color=1280Ă—720,OBFormat.RGB,ts=2536789117, depth=640Ă—576,OBFormat.Y16,ts=2536789118
[DEBUG] frames: total=24, depth_sets=21, color=1280Ă—720,OBFormat.RGB,ts=2536789216, depth=640Ă—576,OBFormat.Y16,ts=2536789218
[DEBUG] frames: total=25, depth_sets=22, color=1280Ă—720,OBFormat.RGB,ts=2536789283, depth=640Ă—576,OBFormat.Y16,ts=2536789284
[REJECTED] Ghost Reflection Filtered (ID #0): Base sits 10.0mm away from belt surface.
[REJECTED] Ghost Reflection Filtered (ID #1): Base sits 13.6mm away from belt surface.
[REJECTED] Ghost Reflection Filtered (ID #2): Base sits 14.4mm away from belt surface.
[REJECTED] Ghost Reflection Filtered (ID #3): Base sits 13.8mm away from belt surface.
[REJECTED] Ghost Reflection Filtered (ID #4): Base sits 14.7mm away from belt surface.
[REJECTED] Ghost Reflection Filtered (ID #5): Base sits 11.7mm away from belt surface.
[REJECTED] Ghost Reflection Filtered (ID #6): Base sits 9.9mm away from belt surface.
[REJECTED] Ghost Reflection Filtered (ID #7): Base sits 972.3mm away from belt surface.
[REJECTED] Ghost Reflection Filtered (ID #8): Base sits 9.5mm away from belt surface.
[REJECTED] Ghost Reflection Filtered (ID #9): Base sits 15.4mm away from belt surface.
[DEBUG] Mask Generation Complete. Total objects foreground pixels: 0

[INFO] Saving data packages for: img0938...
[SAVED] RGB image saved to: dataset/images/img0938.png
[SAVED] Raw 16-bit depth map saved to: dataset/depth/img0938.png
[WARNING] Mask/image shape mismatch: mask=(576, 640), image=(720, 510). Resizing mask for overlay/export.
[SAVED] YOLO text file saved to: dataset/labels/img0938.txt
[SAVED] Mask tracking image saved to: dataset/masks/img0938.png
[SAVED] Verified 3D Point Cloud saved successfully (259108 points)
[COUNT] images=5, depth=5, labels=4, masks=7, pointcloud=5, info=3, debug=7
[SUCCESS] Packout cycle img0938 complete.

[DEBUG] frames: total=26, depth_sets=23, color=1280Ă—720,OBFormat.RGB,ts=2536810766, depth=640Ă—576,OBFormat.Y16,ts=2536810768
[DEBUG] frames: total=27, depth_sets=24, color=1280Ă—720,OBFormat.RGB,ts=2536810866, depth=640Ă—576,OBFormat.Y16,ts=2536810867
[DEBUG] frames: total=28, depth_sets=25, color=1280Ă—720,OBFormat.RGB,ts=2536810966, depth=640Ă—576,OBFormat.Y16,ts=2536810967
[DEBUG] frames: total=29, depth_sets=26, color=1280Ă—720,OBFormat.RGB,ts=2536811066, depth=640Ă—576,OBFormat.Y16,ts=2536811067
[DEBUG] frames: total=30, depth_sets=27, color=1280Ă—720,OBFormat.RGB,ts=2536811165, depth=640Ă—576,OBFormat.Y16,ts=2536811167
[DEBUG] frames: total=31, depth_sets=28, color=1280Ă—720,OBFormat.RGB,ts=2536811232, depth=640Ă—576,OBFormat.Y16,ts=2536811233
[DEBUG] frames: total=32, depth_sets=29, color=1280Ă—720,OBFormat.RGB,ts=2536811332, depth=640Ă—576,OBFormat.Y16,ts=2536811333
[DEBUG] frames: total=33, depth_sets=30, color=1280Ă—720,OBFormat.RGB,ts=2536811398, depth=640Ă—576,OBFormat.Y16,ts=2536811399
[DEBUG] frames: total=34, depth_sets=31, color=1280Ă—720,OBFormat.RGB,ts=2536811465, depth=640Ă—576,OBFormat.Y16,ts=2536811466
[DEBUG] frames: total=35, depth_sets=32, color=1280Ă—720,OBFormat.RGB,ts=2536811631, depth=640Ă—576,OBFormat.Y16,ts=2536811632
[DEBUG] frames: total=36, depth_sets=33, color=1280Ă—720,OBFormat.RGB,ts=2536811697, depth=640Ă—576,OBFormat.Y16,ts=2536811699
[DEBUG] frames: total=37, depth_sets=34, color=1280Ă—720,OBFormat.RGB,ts=2536811797, depth=640Ă—576,OBFormat.Y16,ts=2536811798
[DEBUG] frames: total=38, depth_sets=35, color=1280Ă—720,OBFormat.RGB,ts=2536811864, depth=640Ă—576,OBFormat.Y16,ts=2536811865
[DEBUG] frames: total=39, depth_sets=36, color=1280Ă—720,OBFormat.RGB,ts=2536811930, depth=640Ă—576,OBFormat.Y16,ts=2536811931
[DEBUG] frames: total=40, depth_sets=37, color=1280Ă—720,OBFormat.RGB,ts=2536812063, depth=640Ă—576,OBFormat.Y16,ts=2536812064
[DEBUG] frames: total=41, depth_sets=38, color=1280Ă—720,OBFormat.RGB,ts=2536812130, depth=640Ă—576,OBFormat.Y16,ts=2536812131
[DEBUG] frames: total=42, depth_sets=39, color=1280Ă—720,OBFormat.RGB,ts=2536812230, depth=640Ă—576,OBFormat.Y16,ts=2536812231
[DEBUG] frames: total=43, depth_sets=40, color=1280Ă—720,OBFormat.RGB,ts=2536812329, depth=640Ă—576,OBFormat.Y16,ts=2536812330
[DEBUG] frames: total=44, depth_sets=41, color=1280Ă—720,OBFormat.RGB,ts=2536812429, depth=640Ă—576,OBFormat.Y16,ts=2536812430
[INFO] Quitting application.
