[INFO] Session log file: dataset/debug/session_20260520_163352.log
[DEBUG] frames: total=1, depth_sets=0, color=1280Г—720,OBFormat.RGB,ts=2615783911, depth=None
[WARNING] Align filter returned None
[DEBUG] frames: total=2, depth_sets=0, color=1280Г—720,OBFormat.RGB,ts=2615784077, depth=None
[WARNING] Align filter returned None
[DEBUG] frames: total=3, depth_sets=1, color=1280Г—720,OBFormat.RGB,ts=2615784144, depth=640Г—576,OBFormat.Y16,ts=2615784145
[DEBUG] frames: total=4, depth_sets=2, color=1280Г—720,OBFormat.RGB,ts=2615784410, depth=640Г—576,OBFormat.Y16,ts=2615784411
[DEBUG] frames: total=5, depth_sets=3, color=1280Г—720,OBFormat.RGB,ts=2615784576, depth=640Г—576,OBFormat.Y16,ts=2615784577
[DEBUG] frames: total=6, depth_sets=4, color=1280Г—720,OBFormat.RGB,ts=2615784709, depth=640Г—576,OBFormat.Y16,ts=2615784710
[DEBUG] frames: total=7, depth_sets=5, color=1280Г—720,OBFormat.RGB,ts=2615784909, depth=640Г—576,OBFormat.Y16,ts=2615784910
[DEBUG] frames: total=8, depth_sets=6, color=1280Г—720,OBFormat.RGB,ts=2615785008, depth=640Г—576,OBFormat.Y16,ts=2615785010
[DEBUG] frames: total=9, depth_sets=7, color=1280Г—720,OBFormat.RGB,ts=2615785141, depth=640Г—576,OBFormat.Y16,ts=2615785143
[DEBUG] frames: total=10, depth_sets=8, color=1280Г—720,OBFormat.RGB,ts=2615785208, depth=640Г—576,OBFormat.Y16,ts=2615785209
[DEBUG] frames: total=11, depth_sets=9, color=1280Г—720,OBFormat.RGB,ts=2615785341, depth=640Г—576,OBFormat.Y16,ts=2615785342
[DEBUG] frames: total=12, depth_sets=10, color=1280Г—720,OBFormat.RGB,ts=2615785441, depth=640Г—576,OBFormat.Y16,ts=2615785442
[DEBUG] frames: total=13, depth_sets=11, color=1280Г—720,OBFormat.RGB,ts=2615785507, depth=640Г—576,OBFormat.Y16,ts=2615785508
[DEBUG] frames: total=14, depth_sets=12, color=1280Г—720,OBFormat.RGB,ts=2615785574, depth=640Г—576,OBFormat.Y16,ts=2615785575
[DEBUG] frames: total=15, depth_sets=13, color=1280Г—720,OBFormat.RGB,ts=2615785674, depth=640Г—576,OBFormat.Y16,ts=2615785675
[DEBUG] frames: total=16, depth_sets=14, color=1280Г—720,OBFormat.RGB,ts=2615785740, depth=640Г—576,OBFormat.Y16,ts=2615785741
[DEBUG] frames: total=17, depth_sets=15, color=1280Г—720,OBFormat.RGB,ts=2615785807, depth=640Г—576,OBFormat.Y16,ts=2615785808
[DEBUG] frames: total=18, depth_sets=16, color=1280Г—720,OBFormat.RGB,ts=2615785873, depth=640Г—576,OBFormat.Y16,ts=2615785874
[DEBUG] frames: total=19, depth_sets=17, color=1280Г—720,OBFormat.RGB,ts=2615785940, depth=640Г—576,OBFormat.Y16,ts=2615785941
[DEBUG] frames: total=20, depth_sets=18, color=1280Г—720,OBFormat.RGB,ts=2615786006, depth=640Г—576,OBFormat.Y16,ts=2615786007
[DEBUG] frames: total=21, depth_sets=19, color=1280Г—720,OBFormat.RGB,ts=2615786106, depth=640Г—576,OBFormat.Y16,ts=2615786107
[DEBUG] frames: total=22, depth_sets=20, color=1280Г—720,OBFormat.RGB,ts=2615786239, depth=640Г—576,OBFormat.Y16,ts=2615786240
[DEBUG] frames: total=23, depth_sets=21, color=1280Г—720,OBFormat.RGB,ts=2615786372, depth=640Г—576,OBFormat.Y16,ts=2615786373
[DEBUG] frames: total=24, depth_sets=22, color=1280Г—720,OBFormat.RGB,ts=2615786472, depth=640Г—576,OBFormat.Y16,ts=2615786473
[DEBUG] frames: total=25, depth_sets=23, color=1280Г—720,OBFormat.RGB,ts=2615786538, depth=640Г—576,OBFormat.Y16,ts=2615786539
[DEBUG] frames: total=26, depth_sets=24, color=1280Г—720,OBFormat.RGB,ts=2615786638, depth=640Г—576,OBFormat.Y16,ts=2615786639
[DEBUG] frames: total=27, depth_sets=25, color=1280Г—720,OBFormat.RGB,ts=2615786704, depth=640Г—576,OBFormat.Y16,ts=2615786705
[DEBUG] frames: total=28, depth_sets=26, color=1280Г—720,OBFormat.RGB,ts=2615786804, depth=640Г—576,OBFormat.Y16,ts=2615786805
[DEBUG] frames: total=29, depth_sets=27, color=1280Г—720,OBFormat.RGB,ts=2615786904, depth=640Г—576,OBFormat.Y16,ts=2615786905
[DEBUG] frames: total=30, depth_sets=28, color=1280Г—720,OBFormat.RGB,ts=2615786970, depth=640Г—576,OBFormat.Y16,ts=2615786971
[DEBUG] frames: total=31, depth_sets=29, color=1280Г—720,OBFormat.RGB,ts=2615787070, depth=640Г—576,OBFormat.Y16,ts=2615787071
[DEBUG] frames: total=32, depth_sets=30, color=1280Г—720,OBFormat.RGB,ts=2615787137, depth=640Г—576,OBFormat.Y16,ts=2615787138
[DEBUG] frames: total=33, depth_sets=31, color=1280Г—720,OBFormat.RGB,ts=2615787236, depth=640Г—576,OBFormat.Y16,ts=2615787237
[DEBUG] frames: total=34, depth_sets=32, color=1280Г—720,OBFormat.RGB,ts=2615787303, depth=640Г—576,OBFormat.Y16,ts=2615787304
[DEBUG] frames: total=35, depth_sets=33, color=1280Г—720,OBFormat.RGB,ts=2615787403, depth=640Г—576,OBFormat.Y16,ts=2615787404
[DEBUG] frames: total=36, depth_sets=34, color=1280Г—720,OBFormat.RGB,ts=2615787469, depth=640Г—576,OBFormat.Y16,ts=2615787470
[DEBUG] frames: total=37, depth_sets=35, color=1280Г—720,OBFormat.RGB,ts=2615787569, depth=640Г—576,OBFormat.Y16,ts=2615787570
[DEBUG] frames: total=38, depth_sets=36, color=1280Г—720,OBFormat.RGB,ts=2615787669, depth=640Г—576,OBFormat.Y16,ts=2615787670
[DEBUG] frames: total=39, depth_sets=37, color=1280Г—720,OBFormat.RGB,ts=2615787735, depth=640Г—576,OBFormat.Y16,ts=2615787736
[DEBUG] frames: total=40, depth_sets=38, color=1280Г—720,OBFormat.RGB,ts=2615787835, depth=640Г—576,OBFormat.Y16,ts=2615787836
[DEBUG] frames: total=41, depth_sets=39, color=1280Г—720,OBFormat.RGB,ts=2615787901, depth=640Г—576,OBFormat.Y16,ts=2615787903
[DEBUG] frames: total=42, depth_sets=40, color=1280Г—720,OBFormat.RGB,ts=2615788001, depth=640Г—576,OBFormat.Y16,ts=2615788002
[DEBUG] frames: total=43, depth_sets=41, color=1280Г—720,OBFormat.RGB,ts=2615788068, depth=640Г—576,OBFormat.Y16,ts=2615788069
[DEBUG] frames: total=44, depth_sets=42, color=1280Г—720,OBFormat.RGB,ts=2615788167, depth=640Г—576,OBFormat.Y16,ts=2615788169
[DEBUG] frames: total=45, depth_sets=43, color=1280Г—720,OBFormat.RGB,ts=2615788267, depth=640Г—576,OBFormat.Y16,ts=2615788268
[DEBUG] frames: total=46, depth_sets=44, color=1280Г—720,OBFormat.RGB,ts=2615788334, depth=640Г—576,OBFormat.Y16,ts=2615788335
[DEBUG] frames: total=47, depth_sets=45, color=1280Г—720,OBFormat.RGB,ts=2615788433, depth=640Г—576,OBFormat.Y16,ts=2615788435
[DEBUG] frames: total=48, depth_sets=46, color=1280Г—720,OBFormat.RGB,ts=2615788533, depth=640Г—576,OBFormat.Y16,ts=2615788534
[DEBUG] frames: total=49, depth_sets=47, color=1280Г—720,OBFormat.RGB,ts=2615788600, depth=640Г—576,OBFormat.Y16,ts=2615788601
[DEBUG] frames: total=50, depth_sets=48, color=1280Г—720,OBFormat.RGB,ts=2615788699, depth=640Г—576,OBFormat.Y16,ts=2615788701
[DEBUG] frames: total=51, depth_sets=49, color=1280Г—720,OBFormat.RGB,ts=2615788799, depth=640Г—576,OBFormat.Y16,ts=2615788800
[DEBUG] frames: total=52, depth_sets=50, color=1280Г—720,OBFormat.RGB,ts=2615788866, depth=640Г—576,OBFormat.Y16,ts=2615788867
[DEBUG] frames: total=53, depth_sets=51, color=1280Г—720,OBFormat.RGB,ts=2615788965, depth=640Г—576,OBFormat.Y16,ts=2615788967
[DEBUG] frames: total=54, depth_sets=52, color=1280Г—720,OBFormat.RGB,ts=2615789032, depth=640Г—576,OBFormat.Y16,ts=2615789033
[DEBUG] frames: total=55, depth_sets=53, color=1280Г—720,OBFormat.RGB,ts=2615789132, depth=640Г—576,OBFormat.Y16,ts=2615789133
[DEBUG] frames: total=56, depth_sets=54, color=1280Г—720,OBFormat.RGB,ts=2615789198, depth=640Г—576,OBFormat.Y16,ts=2615789199
[DEBUG] frames: total=57, depth_sets=55, color=1280Г—720,OBFormat.RGB,ts=2615789298, depth=640Г—576,OBFormat.Y16,ts=2615789299
[DEBUG] frames: total=58, depth_sets=56, color=1280Г—720,OBFormat.RGB,ts=2615789365, depth=640Г—576,OBFormat.Y16,ts=2615789366
[DEBUG] frames: total=59, depth_sets=57, color=1280Г—720,OBFormat.RGB,ts=2615789464, depth=640Г—576,OBFormat.Y16,ts=2615789465
[DEBUG] frames: total=60, depth_sets=58, color=1280Г—720,OBFormat.RGB,ts=2615789531, depth=640Г—576,OBFormat.Y16,ts=2615789532
[DEBUG] frames: total=61, depth_sets=59, color=1280Г—720,OBFormat.RGB,ts=2615789631, depth=640Г—576,OBFormat.Y16,ts=2615789632
[DEBUG] frames: total=62, depth_sets=60, color=1280Г—720,OBFormat.RGB,ts=2615789730, depth=640Г—576,OBFormat.Y16,ts=2615789731
[DEBUG] frames: total=63, depth_sets=61, color=1280Г—720,OBFormat.RGB,ts=2615789797, depth=640Г—576,OBFormat.Y16,ts=2615789798
[DEBUG] frames: total=64, depth_sets=62, color=1280Г—720,OBFormat.RGB,ts=2615789863, depth=640Г—576,OBFormat.Y16,ts=2615789864
[DEBUG] frames: total=65, depth_sets=63, color=1280Г—720,OBFormat.RGB,ts=2615789930, depth=640Г—576,OBFormat.Y16,ts=2615789931
[DEBUG] frames: total=66, depth_sets=64, color=1280Г—720,OBFormat.RGB,ts=2615789996, depth=640Г—576,OBFormat.Y16,ts=2615789997
[DEBUG] frames: total=67, depth_sets=65, color=1280Г—720,OBFormat.RGB,ts=2615790096, depth=640Г—576,OBFormat.Y16,ts=2615790097
[DEBUG] frames: total=68, depth_sets=66, color=1280Г—720,OBFormat.RGB,ts=2615790196, depth=640Г—576,OBFormat.Y16,ts=2615790197
[DEBUG] frames: total=69, depth_sets=67, color=1280Г—720,OBFormat.RGB,ts=2615790296, depth=640Г—576,OBFormat.Y16,ts=2615790297
[DEBUG] frames: total=70, depth_sets=68, color=1280Г—720,OBFormat.RGB,ts=2615790362, depth=640Г—576,OBFormat.Y16,ts=2615790363
[DEBUG] frames: total=71, depth_sets=69, color=1280Г—720,OBFormat.RGB,ts=2615790462, depth=640Г—576,OBFormat.Y16,ts=2615790463
[DEBUG] frames: total=72, depth_sets=70, color=1280Г—720,OBFormat.RGB,ts=2615790528, depth=640Г—576,OBFormat.Y16,ts=2615790530
[DEBUG] frames: total=73, depth_sets=71, color=1280Г—720,OBFormat.RGB,ts=2615790628, depth=640Г—576,OBFormat.Y16,ts=2615790629
[DEBUG] frames: total=74, depth_sets=72, color=1280Г—720,OBFormat.RGB,ts=2615790728, depth=640Г—576,OBFormat.Y16,ts=2615790729
[DEBUG] frames: total=75, depth_sets=73, color=1280Г—720,OBFormat.RGB,ts=2615790794, depth=640Г—576,OBFormat.Y16,ts=2615790796
[DEBUG] frames: total=76, depth_sets=74, color=1280Г—720,OBFormat.RGB,ts=2615790894, depth=640Г—576,OBFormat.Y16,ts=2615790895
[DEBUG] frames: total=77, depth_sets=75, color=1280Г—720,OBFormat.RGB,ts=2615790961, depth=640Г—576,OBFormat.Y16,ts=2615790962
[DEBUG] frames: total=78, depth_sets=76, color=1280Г—720,OBFormat.RGB,ts=2615791060, depth=640Г—576,OBFormat.Y16,ts=2615791062
[DEBUG] frames: total=79, depth_sets=77, color=1280Г—720,OBFormat.RGB,ts=2615791160, depth=640Г—576,OBFormat.Y16,ts=2615791161
[DEBUG] frames: total=80, depth_sets=78, color=1280Г—720,OBFormat.RGB,ts=2615791227, depth=640Г—576,OBFormat.Y16,ts=2615791228
[DEBUG] frames: total=81, depth_sets=79, color=1280Г—720,OBFormat.RGB,ts=2615791326, depth=640Г—576,OBFormat.Y16,ts=2615791328
[DEBUG] frames: total=82, depth_sets=80, color=1280Г—720,OBFormat.RGB,ts=2615791393, depth=640Г—576,OBFormat.Y16,ts=2615791394
[DEBUG] frames: total=83, depth_sets=81, color=1280Г—720,OBFormat.RGB,ts=2615791493, depth=640Г—576,OBFormat.Y16,ts=2615791494
[DEBUG] frames: total=84, depth_sets=82, color=1280Г—720,OBFormat.RGB,ts=2615791559, depth=640Г—576,OBFormat.Y16,ts=2615791560
[DEBUG] frames: total=85, depth_sets=83, color=1280Г—720,OBFormat.RGB,ts=2615791659, depth=640Г—576,OBFormat.Y16,ts=2615791660
[DEBUG] frames: total=86, depth_sets=84, color=1280Г—720,OBFormat.RGB,ts=2615791725, depth=640Г—576,OBFormat.Y16,ts=2615791727
[DEBUG] frames: total=87, depth_sets=85, color=1280Г—720,OBFormat.RGB,ts=2615791825, depth=640Г—576,OBFormat.Y16,ts=2615791826
[DEBUG] frames: total=88, depth_sets=86, color=1280Г—720,OBFormat.RGB,ts=2615791892, depth=640Г—576,OBFormat.Y16,ts=2615791893
[DEBUG] frames: total=89, depth_sets=87, color=1280Г—720,OBFormat.RGB,ts=2615791991, depth=640Г—576,OBFormat.Y16,ts=2615791993
[DEBUG] frames: total=90, depth_sets=88, color=1280Г—720,OBFormat.RGB,ts=2615792058, depth=640Г—576,OBFormat.Y16,ts=2615792059
[DEBUG] frames: total=91, depth_sets=89, color=1280Г—720,OBFormat.RGB,ts=2615792158, depth=640Г—576,OBFormat.Y16,ts=2615792159
[DEBUG] frames: total=92, depth_sets=90, color=1280Г—720,OBFormat.RGB,ts=2615792224, depth=640Г—576,OBFormat.Y16,ts=2615792225
[DEBUG] frames: total=93, depth_sets=91, color=1280Г—720,OBFormat.RGB,ts=2615792324, depth=640Г—576,OBFormat.Y16,ts=2615792325
[DEBUG] frames: total=94, depth_sets=92, color=1280Г—720,OBFormat.RGB,ts=2615792424, depth=640Г—576,OBFormat.Y16,ts=2615792425
[DEBUG] frames: total=95, depth_sets=93, color=1280Г—720,OBFormat.RGB,ts=2615792490, depth=640Г—576,OBFormat.Y16,ts=2615792491
[DEBUG] frames: total=96, depth_sets=94, color=1280Г—720,OBFormat.RGB,ts=2615792590, depth=640Г—576,OBFormat.Y16,ts=2615792591
[DEBUG] frames: total=97, depth_sets=95, color=1280Г—720,OBFormat.RGB,ts=2615792657, depth=640Г—576,OBFormat.Y16,ts=2615792658
[DEBUG] frames: total=98, depth_sets=96, color=1280Г—720,OBFormat.RGB,ts=2615792756, depth=640Г—576,OBFormat.Y16,ts=2615792757
[DEBUG] frames: total=99, depth_sets=97, color=1280Г—720,OBFormat.RGB,ts=2615792823, depth=640Г—576,OBFormat.Y16,ts=2615792824
[DEBUG] frames: total=100, depth_sets=98, color=1280Г—720,OBFormat.RGB,ts=2615792923, depth=640Г—576,OBFormat.Y16,ts=2615792924
[DEBUG] frames: total=101, depth_sets=99, color=1280Г—720,OBFormat.RGB,ts=2615793022, depth=640Г—576,OBFormat.Y16,ts=2615793024
[DEBUG] frames: total=102, depth_sets=100, color=1280Г—720,OBFormat.RGB,ts=2615793089, depth=640Г—576,OBFormat.Y16,ts=2615793090
[DEBUG] frames: total=103, depth_sets=101, color=1280Г—720,OBFormat.RGB,ts=2615793189, depth=640Г—576,OBFormat.Y16,ts=2615793190
[DEBUG] frames: total=104, depth_sets=102, color=1280Г—720,OBFormat.RGB,ts=2615793255, depth=640Г—576,OBFormat.Y16,ts=2615793256
[DEBUG] frames: total=105, depth_sets=103, color=1280Г—720,OBFormat.RGB,ts=2615793355, depth=640Г—576,OBFormat.Y16,ts=2615793356
[DEBUG] frames: total=106, depth_sets=104, color=1280Г—720,OBFormat.RGB,ts=2615793455, depth=640Г—576,OBFormat.Y16,ts=2615793456
[DEBUG] frames: total=107, depth_sets=105, color=1280Г—720,OBFormat.RGB,ts=2615793521, depth=640Г—576,OBFormat.Y16,ts=2615793522
[DEBUG] frames: total=108, depth_sets=106, color=1280Г—720,OBFormat.RGB,ts=2615793621, depth=640Г—576,OBFormat.Y16,ts=2615793622
[DEBUG] frames: total=109, depth_sets=107, color=1280Г—720,OBFormat.RGB,ts=2615793687, depth=640Г—576,OBFormat.Y16,ts=2615793689
[DEBUG] frames: total=110, depth_sets=108, color=1280Г—720,OBFormat.RGB,ts=2615793787, depth=640Г—576,OBFormat.Y16,ts=2615793788
[DEBUG] frames: total=111, depth_sets=109, color=1280Г—720,OBFormat.RGB,ts=2615793887, depth=640Г—576,OBFormat.Y16,ts=2615793888
[DEBUG] frames: total=112, depth_sets=110, color=1280Г—720,OBFormat.RGB,ts=2615793953, depth=640Г—576,OBFormat.Y16,ts=2615793955
[DEBUG] frames: total=113, depth_sets=111, color=1280Г—720,OBFormat.RGB,ts=2615794020, depth=640Г—576,OBFormat.Y16,ts=2615794021
[DEBUG] frames: total=114, depth_sets=112, color=1280Г—720,OBFormat.RGB,ts=2615794120, depth=640Г—576,OBFormat.Y16,ts=2615794121
[DEBUG] frames: total=115, depth_sets=113, color=1280Г—720,OBFormat.RGB,ts=2615794220, depth=640Г—576,OBFormat.Y16,ts=2615794221
[DEBUG] frames: total=116, depth_sets=114, color=1280Г—720,OBFormat.RGB,ts=2615794286, depth=640Г—576,OBFormat.Y16,ts=2615794287
[DEBUG] frames: total=117, depth_sets=115, color=1280Г—720,OBFormat.RGB,ts=2615794386, depth=640Г—576,OBFormat.Y16,ts=2615794387
[DEBUG] frames: total=118, depth_sets=116, color=1280Г—720,OBFormat.RGB,ts=2615794452, depth=640Г—576,OBFormat.Y16,ts=2615794453
[DEBUG] frames: total=119, depth_sets=117, color=1280Г—720,OBFormat.RGB,ts=2615794552, depth=640Г—576,OBFormat.Y16,ts=2615794553
[DEBUG] frames: total=120, depth_sets=118, color=1280Г—720,OBFormat.RGB,ts=2615794652, depth=640Г—576,OBFormat.Y16,ts=2615794653
[DEBUG] frames: total=121, depth_sets=119, color=1280Г—720,OBFormat.RGB,ts=2615794718, depth=640Г—576,OBFormat.Y16,ts=2615794719
[DEBUG] frames: total=122, depth_sets=120, color=1280Г—720,OBFormat.RGB,ts=2615794818, depth=640Г—576,OBFormat.Y16,ts=2615794819
[DEBUG] frames: total=123, depth_sets=121, color=1280Г—720,OBFormat.RGB,ts=2615794885, depth=640Г—576,OBFormat.Y16,ts=2615794886
[DEBUG] frames: total=124, depth_sets=122, color=1280Г—720,OBFormat.RGB,ts=2615794984, depth=640Г—576,OBFormat.Y16,ts=2615794985
[DEBUG] frames: total=125, depth_sets=123, color=1280Г—720,OBFormat.RGB,ts=2615795051, depth=640Г—576,OBFormat.Y16,ts=2615795052
[DEBUG] frames: total=126, depth_sets=124, color=1280Г—720,OBFormat.RGB,ts=2615795151, depth=640Г—576,OBFormat.Y16,ts=2615795152
[DEBUG] frames: total=127, depth_sets=125, color=1280Г—720,OBFormat.RGB,ts=2615795217, depth=640Г—576,OBFormat.Y16,ts=2615795218
[DEBUG] frames: total=128, depth_sets=126, color=1280Г—720,OBFormat.RGB,ts=2615795317, depth=640Г—576,OBFormat.Y16,ts=2615795318
[DEBUG] frames: total=129, depth_sets=127, color=1280Г—720,OBFormat.RGB,ts=2615795383, depth=640Г—576,OBFormat.Y16,ts=2615795384
[DEBUG] frames: total=130, depth_sets=128, color=1280Г—720,OBFormat.RGB,ts=2615795483, depth=640Г—576,OBFormat.Y16,ts=2615795484
[DEBUG] frames: total=131, depth_sets=129, color=1280Г—720,OBFormat.RGB,ts=2615795583, depth=640Г—576,OBFormat.Y16,ts=2615795584
[DEBUG] frames: total=132, depth_sets=130, color=1280Г—720,OBFormat.RGB,ts=2615795649, depth=640Г—576,OBFormat.Y16,ts=2615795650
[DEBUG] frames: total=133, depth_sets=131, color=1280Г—720,OBFormat.RGB,ts=2615795749, depth=640Г—576,OBFormat.Y16,ts=2615795750
[DEBUG] frames: total=134, depth_sets=132, color=1280Г—720,OBFormat.RGB,ts=2615795816, depth=640Г—576,OBFormat.Y16,ts=2615795817
[DEBUG] frames: total=135, depth_sets=133, color=1280Г—720,OBFormat.RGB,ts=2615795915, depth=640Г—576,OBFormat.Y16,ts=2615795916
[DEBUG] frames: total=136, depth_sets=134, color=1280Г—720,OBFormat.RGB,ts=2615795982, depth=640Г—576,OBFormat.Y16,ts=2615795983
[DEBUG] frames: total=137, depth_sets=135, color=1280Г—720,OBFormat.RGB,ts=2615796082, depth=640Г—576,OBFormat.Y16,ts=2615796083
[DEBUG] frames: total=138, depth_sets=136, color=1280Г—720,OBFormat.RGB,ts=2615796148, depth=640Г—576,OBFormat.Y16,ts=2615796149
[DEBUG] frames: total=139, depth_sets=137, color=1280Г—720,OBFormat.RGB,ts=2615796248, depth=640Г—576,OBFormat.Y16,ts=2615796249
[DEBUG] frames: total=140, depth_sets=138, color=1280Г—720,OBFormat.RGB,ts=2615796314, depth=640Г—576,OBFormat.Y16,ts=2615796316
[DEBUG] frames: total=141, depth_sets=139, color=1280Г—720,OBFormat.RGB,ts=2615796414, depth=640Г—576,OBFormat.Y16,ts=2615796415
[DEBUG] frames: total=142, depth_sets=140, color=1280Г—720,OBFormat.RGB,ts=2615796481, depth=640Г—576,OBFormat.Y16,ts=2615796482
[DEBUG] frames: total=143, depth_sets=141, color=1280Г—720,OBFormat.RGB,ts=2615796580, depth=640Г—576,OBFormat.Y16,ts=2615796582
[DEBUG] frames: total=144, depth_sets=142, color=1280Г—720,OBFormat.RGB,ts=2615796680, depth=640Г—576,OBFormat.Y16,ts=2615796681
[DEBUG] frames: total=145, depth_sets=143, color=1280Г—720,OBFormat.RGB,ts=2615796747, depth=640Г—576,OBFormat.Y16,ts=2615796748
[DEBUG] frames: total=146, depth_sets=144, color=1280Г—720,OBFormat.RGB,ts=2615796846, depth=640Г—576,OBFormat.Y16,ts=2615796848
[DEBUG] frames: total=147, depth_sets=145, color=1280Г—720,OBFormat.RGB,ts=2615796913, depth=640Г—576,OBFormat.Y16,ts=2615796914
[DEBUG] frames: total=148, depth_sets=146, color=1280Г—720,OBFormat.RGB,ts=2615797013, depth=640Г—576,OBFormat.Y16,ts=2615797014
[DEBUG] frames: total=149, depth_sets=147, color=1280Г—720,OBFormat.RGB,ts=2615797079, depth=640Г—576,OBFormat.Y16,ts=2615797080
[DEBUG] frames: total=150, depth_sets=148, color=1280Г—720,OBFormat.RGB,ts=2615797179, depth=640Г—576,OBFormat.Y16,ts=2615797180
[DEBUG] frames: total=151, depth_sets=149, color=1280Г—720,OBFormat.RGB,ts=2615797279, depth=640Г—576,OBFormat.Y16,ts=2615797280
[DEBUG] frames: total=152, depth_sets=150, color=1280Г—720,OBFormat.RGB,ts=2615797345, depth=640Г—576,OBFormat.Y16,ts=2615797346
[DEBUG] frames: total=153, depth_sets=151, color=1280Г—720,OBFormat.RGB,ts=2615797445, depth=640Г—576,OBFormat.Y16,ts=2615797446
[DEBUG] frames: total=154, depth_sets=152, color=1280Г—720,OBFormat.RGB,ts=2615797545, depth=640Г—576,OBFormat.Y16,ts=2615797546
[DEBUG] frames: total=155, depth_sets=153, color=1280Г—720,OBFormat.RGB,ts=2615797611, depth=640Г—576,OBFormat.Y16,ts=2615797612
[DEBUG] frames: total=156, depth_sets=154, color=1280Г—720,OBFormat.RGB,ts=2615797711, depth=640Г—576,OBFormat.Y16,ts=2615797712
[DEBUG] frames: total=157, depth_sets=155, color=1280Г—720,OBFormat.RGB,ts=2615797777, depth=640Г—576,OBFormat.Y16,ts=2615797779
[DEBUG] frames: total=158, depth_sets=156, color=1280Г—720,OBFormat.RGB,ts=2615797877, depth=640Г—576,OBFormat.Y16,ts=2615797878
[DEBUG] frames: total=159, depth_sets=157, color=1280Г—720,OBFormat.RGB,ts=2615797944, depth=640Г—576,OBFormat.Y16,ts=2615797945
[DEBUG] frames: total=160, depth_sets=158, color=1280Г—720,OBFormat.RGB,ts=2615798044, depth=640Г—576,OBFormat.Y16,ts=2615798045
[DEBUG] frames: total=161, depth_sets=159, color=1280Г—720,OBFormat.RGB,ts=2615798110, depth=640Г—576,OBFormat.Y16,ts=2615798111
[DEBUG] frames: total=162, depth_sets=160, color=1280Г—720,OBFormat.RGB,ts=2615798210, depth=640Г—576,OBFormat.Y16,ts=2615798211
[DEBUG] frames: total=163, depth_sets=161, color=1280Г—720,OBFormat.RGB,ts=2615798276, depth=640Г—576,OBFormat.Y16,ts=2615798277
[DEBUG] frames: total=164, depth_sets=162, color=1280Г—720,OBFormat.RGB,ts=2615798376, depth=640Г—576,OBFormat.Y16,ts=2615798377
[DEBUG] frames: total=165, depth_sets=163, color=1280Г—720,OBFormat.RGB,ts=2615798476, depth=640Г—576,OBFormat.Y16,ts=2615798477
[DEBUG] frames: total=166, depth_sets=164, color=1280Г—720,OBFormat.RGB,ts=2615798576, depth=640Г—576,OBFormat.Y16,ts=2615798577
[DEBUG] frames: total=167, depth_sets=165, color=1280Г—720,OBFormat.RGB,ts=2615798642, depth=640Г—576,OBFormat.Y16,ts=2615798643
[DEBUG] frames: total=168, depth_sets=166, color=1280Г—720,OBFormat.RGB,ts=2615798742, depth=640Г—576,OBFormat.Y16,ts=2615798743
[DEBUG] frames: total=169, depth_sets=167, color=1280Г—720,OBFormat.RGB,ts=2615798842, depth=640Г—576,OBFormat.Y16,ts=2615798843
[DEBUG] frames: total=170, depth_sets=168, color=1280Г—720,OBFormat.RGB,ts=2615798908, depth=640Г—576,OBFormat.Y16,ts=2615798909
[DEBUG] frames: total=171, depth_sets=169, color=1280Г—720,OBFormat.RGB,ts=2615799008, depth=640Г—576,OBFormat.Y16,ts=2615799009
[DEBUG] frames: total=172, depth_sets=170, color=1280Г—720,OBFormat.RGB,ts=2615799074, depth=640Г—576,OBFormat.Y16,ts=2615799075
[DEBUG] frames: total=173, depth_sets=171, color=1280Г—720,OBFormat.RGB,ts=2615799174, depth=640Г—576,OBFormat.Y16,ts=2615799175
[DEBUG] frames: total=174, depth_sets=172, color=1280Г—720,OBFormat.RGB,ts=2615799241, depth=640Г—576,OBFormat.Y16,ts=2615799242
[DEBUG] frames: total=175, depth_sets=173, color=1280Г—720,OBFormat.RGB,ts=2615799340, depth=640Г—576,OBFormat.Y16,ts=2615799341
[DEBUG] frames: total=176, depth_sets=174, color=1280Г—720,OBFormat.RGB,ts=2615799440, depth=640Г—576,OBFormat.Y16,ts=2615799441
[DEBUG] frames: total=177, depth_sets=175, color=1280Г—720,OBFormat.RGB,ts=2615799540, depth=640Г—576,OBFormat.Y16,ts=2615799541
[DEBUG] frames: total=178, depth_sets=176, color=1280Г—720,OBFormat.RGB,ts=2615799606, depth=640Г—576,OBFormat.Y16,ts=2615799607
[DEBUG] frames: total=179, depth_sets=177, color=1280Г—720,OBFormat.RGB,ts=2615799706, depth=640Г—576,OBFormat.Y16,ts=2615799707
[DEBUG] frames: total=180, depth_sets=178, color=1280Г—720,OBFormat.RGB,ts=2615799773, depth=640Г—576,OBFormat.Y16,ts=2615799774
[DEBUG] frames: total=181, depth_sets=179, color=1280Г—720,OBFormat.RGB,ts=2615799872, depth=640Г—576,OBFormat.Y16,ts=2615799873
[DEBUG] frames: total=182, depth_sets=180, color=1280Г—720,OBFormat.RGB,ts=2615799939, depth=640Г—576,OBFormat.Y16,ts=2615799940
[DEBUG] frames: total=183, depth_sets=181, color=1280Г—720,OBFormat.RGB,ts=2615800039, depth=640Г—576,OBFormat.Y16,ts=2615800040
[DEBUG] frames: total=184, depth_sets=182, color=1280Г—720,OBFormat.RGB,ts=2615800138, depth=640Г—576,OBFormat.Y16,ts=2615800139
[DEBUG] frames: total=185, depth_sets=183, color=1280Г—720,OBFormat.RGB,ts=2615800205, depth=640Г—576,OBFormat.Y16,ts=2615800206
[DEBUG] frames: total=186, depth_sets=184, color=1280Г—720,OBFormat.RGB,ts=2615800305, depth=640Г—576,OBFormat.Y16,ts=2615800306
[DEBUG] frames: total=187, depth_sets=185, color=1280Г—720,OBFormat.RGB,ts=2615800371, depth=640Г—576,OBFormat.Y16,ts=2615800372
[DEBUG] frames: total=188, depth_sets=186, color=1280Г—720,OBFormat.RGB,ts=2615800471, depth=640Г—576,OBFormat.Y16,ts=2615800472
[DEBUG] frames: total=189, depth_sets=187, color=1280Г—720,OBFormat.RGB,ts=2615800571, depth=640Г—576,OBFormat.Y16,ts=2615800572
[DEBUG] frames: total=190, depth_sets=188, color=1280Г—720,OBFormat.RGB,ts=2615800670, depth=640Г—576,OBFormat.Y16,ts=2615800672
[DEBUG] frames: total=191, depth_sets=189, color=1280Г—720,OBFormat.RGB,ts=2615800737, depth=640Г—576,OBFormat.Y16,ts=2615800738
[DEBUG] frames: total=192, depth_sets=190, color=1280Г—720,OBFormat.RGB,ts=2615800837, depth=640Г—576,OBFormat.Y16,ts=2615800838
[DEBUG] frames: total=193, depth_sets=191, color=1280Г—720,OBFormat.RGB,ts=2615800903, depth=640Г—576,OBFormat.Y16,ts=2615800904
[DEBUG] frames: total=194, depth_sets=192, color=1280Г—720,OBFormat.RGB,ts=2615801003, depth=640Г—576,OBFormat.Y16,ts=2615801004
[DEBUG] frames: total=195, depth_sets=193, color=1280Г—720,OBFormat.RGB,ts=2615801069, depth=640Г—576,OBFormat.Y16,ts=2615801071
[DEBUG] frames: total=196, depth_sets=194, color=1280Г—720,OBFormat.RGB,ts=2615801169, depth=640Г—576,OBFormat.Y16,ts=2615801170
[DEBUG] frames: total=197, depth_sets=195, color=1280Г—720,OBFormat.RGB,ts=2615801236, depth=640Г—576,OBFormat.Y16,ts=2615801237
[DEBUG] frames: total=198, depth_sets=196, color=1280Г—720,OBFormat.RGB,ts=2615801335, depth=640Г—576,OBFormat.Y16,ts=2615801337
[DEBUG] frames: total=199, depth_sets=197, color=1280Г—720,OBFormat.RGB,ts=2615801402, depth=640Г—576,OBFormat.Y16,ts=2615801403
[DEBUG] frames: total=200, depth_sets=198, color=1280Г—720,OBFormat.RGB,ts=2615801502, depth=640Г—576,OBFormat.Y16,ts=2615801503
[DEBUG] frames: total=201, depth_sets=199, color=1280Г—720,OBFormat.RGB,ts=2615801601, depth=640Г—576,OBFormat.Y16,ts=2615801603
[DEBUG] frames: total=202, depth_sets=200, color=1280Г—720,OBFormat.RGB,ts=2615801668, depth=640Г—576,OBFormat.Y16,ts=2615801669
[DEBUG] frames: total=203, depth_sets=201, color=1280Г—720,OBFormat.RGB,ts=2615801768, depth=640Г—576,OBFormat.Y16,ts=2615801769
[DEBUG] frames: total=204, depth_sets=202, color=1280Г—720,OBFormat.RGB,ts=2615801834, depth=640Г—576,OBFormat.Y16,ts=2615801835
[DEBUG] frames: total=205, depth_sets=203, color=1280Г—720,OBFormat.RGB,ts=2615801934, depth=640Г—576,OBFormat.Y16,ts=2615801935
[DEBUG] frames: total=206, depth_sets=204, color=1280Г—720,OBFormat.RGB,ts=2615802001, depth=640Г—576,OBFormat.Y16,ts=2615802002
[DEBUG] frames: total=207, depth_sets=205, color=1280Г—720,OBFormat.RGB,ts=2615802100, depth=640Г—576,OBFormat.Y16,ts=2615802101
[DEBUG] frames: total=208, depth_sets=206, color=1280Г—720,OBFormat.RGB,ts=2615802167, depth=640Г—576,OBFormat.Y16,ts=2615802168
[DEBUG] frames: total=209, depth_sets=207, color=1280Г—720,OBFormat.RGB,ts=2615802267, depth=640Г—576,OBFormat.Y16,ts=2615802268
[DEBUG] frames: total=210, depth_sets=208, color=1280Г—720,OBFormat.RGB,ts=2615802333, depth=640Г—576,OBFormat.Y16,ts=2615802334
[DEBUG] frames: total=211, depth_sets=209, color=1280Г—720,OBFormat.RGB,ts=2615802433, depth=640Г—576,OBFormat.Y16,ts=2615802434
[DEBUG] frames: total=212, depth_sets=210, color=1280Г—720,OBFormat.RGB,ts=2615802499, depth=640Г—576,OBFormat.Y16,ts=2615802501
[DEBUG] frames: total=213, depth_sets=211, color=1280Г—720,OBFormat.RGB,ts=2615802599, depth=640Г—576,OBFormat.Y16,ts=2615802600
[DEBUG] frames: total=214, depth_sets=212, color=1280Г—720,OBFormat.RGB,ts=2615802699, depth=640Г—576,OBFormat.Y16,ts=2615802700
[DEBUG] frames: total=215, depth_sets=213, color=1280Г—720,OBFormat.RGB,ts=2615802765, depth=640Г—576,OBFormat.Y16,ts=2615802767
[DEBUG] frames: total=216, depth_sets=214, color=1280Г—720,OBFormat.RGB,ts=2615802865, depth=640Г—576,OBFormat.Y16,ts=2615802866
[DEBUG] frames: total=217, depth_sets=215, color=1280Г—720,OBFormat.RGB,ts=2615802932, depth=640Г—576,OBFormat.Y16,ts=2615802933
[DEBUG] frames: total=218, depth_sets=216, color=1280Г—720,OBFormat.RGB,ts=2615803032, depth=640Г—576,OBFormat.Y16,ts=2615803033
[DEBUG] frames: total=219, depth_sets=217, color=1280Г—720,OBFormat.RGB,ts=2615803131, depth=640Г—576,OBFormat.Y16,ts=2615803132
[DEBUG] frames: total=220, depth_sets=218, color=1280Г—720,OBFormat.RGB,ts=2615803198, depth=640Г—576,OBFormat.Y16,ts=2615803199
[DEBUG] frames: total=221, depth_sets=219, color=1280Г—720,OBFormat.RGB,ts=2615803298, depth=640Г—576,OBFormat.Y16,ts=2615803299
[DEBUG] frames: total=222, depth_sets=220, color=1280Г—720,OBFormat.RGB,ts=2615803397, depth=640Г—576,OBFormat.Y16,ts=2615803398
[DEBUG] frames: total=223, depth_sets=221, color=1280Г—720,OBFormat.RGB,ts=2615803464, depth=640Г—576,OBFormat.Y16,ts=2615803465
[DEBUG] frames: total=224, depth_sets=222, color=1280Г—720,OBFormat.RGB,ts=2615803564, depth=640Г—576,OBFormat.Y16,ts=2615803565
[DEBUG] frames: total=225, depth_sets=223, color=1280Г—720,OBFormat.RGB,ts=2615803630, depth=640Г—576,OBFormat.Y16,ts=2615803631
[DEBUG] frames: total=226, depth_sets=224, color=1280Г—720,OBFormat.RGB,ts=2615803730, depth=640Г—576,OBFormat.Y16,ts=2615803731
[DEBUG] frames: total=227, depth_sets=225, color=1280Г—720,OBFormat.RGB,ts=2615803796, depth=640Г—576,OBFormat.Y16,ts=2615803798
[DEBUG] frames: total=228, depth_sets=226, color=1280Г—720,OBFormat.RGB,ts=2615803896, depth=640Г—576,OBFormat.Y16,ts=2615803897
[DEBUG] frames: total=229, depth_sets=227, color=1280Г—720,OBFormat.RGB,ts=2615803963, depth=640Г—576,OBFormat.Y16,ts=2615803964
[DEBUG] frames: total=230, depth_sets=228, color=1280Г—720,OBFormat.RGB,ts=2615804062, depth=640Г—576,OBFormat.Y16,ts=2615804064
[DEBUG] frames: total=231, depth_sets=229, color=1280Г—720,OBFormat.RGB,ts=2615804129, depth=640Г—576,OBFormat.Y16,ts=2615804130
[DEBUG] frames: total=232, depth_sets=230, color=1280Г—720,OBFormat.RGB,ts=2615804229, depth=640Г—576,OBFormat.Y16,ts=2615804230
[DEBUG] frames: total=233, depth_sets=231, color=1280Г—720,OBFormat.RGB,ts=2615804295, depth=640Г—576,OBFormat.Y16,ts=2615804296
[DEBUG] frames: total=234, depth_sets=232, color=1280Г—720,OBFormat.RGB,ts=2615804395, depth=640Г—576,OBFormat.Y16,ts=2615804396
[DEBUG] frames: total=235, depth_sets=233, color=1280Г—720,OBFormat.RGB,ts=2615804461, depth=640Г—576,OBFormat.Y16,ts=2615804463
[DEBUG] frames: total=236, depth_sets=234, color=1280Г—720,OBFormat.RGB,ts=2615804561, depth=640Г—576,OBFormat.Y16,ts=2615804562
[DEBUG] frames: total=237, depth_sets=235, color=1280Г—720,OBFormat.RGB,ts=2615804628, depth=640Г—576,OBFormat.Y16,ts=2615804629
[DEBUG] frames: total=238, depth_sets=236, color=1280Г—720,OBFormat.RGB,ts=2615804727, depth=640Г—576,OBFormat.Y16,ts=2615804729
[DEBUG] frames: total=239, depth_sets=237, color=1280Г—720,OBFormat.RGB,ts=2615804794, depth=640Г—576,OBFormat.Y16,ts=2615804795
[DEBUG] frames: total=240, depth_sets=238, color=1280Г—720,OBFormat.RGB,ts=2615804894, depth=640Г—576,OBFormat.Y16,ts=2615804895
[DEBUG] frames: total=241, depth_sets=239, color=1280Г—720,OBFormat.RGB,ts=2615804993, depth=640Г—576,OBFormat.Y16,ts=2615804995
[DEBUG] frames: total=242, depth_sets=240, color=1280Г—720,OBFormat.RGB,ts=2615805060, depth=640Г—576,OBFormat.Y16,ts=2615805061
[DEBUG] frames: total=243, depth_sets=241, color=1280Г—720,OBFormat.RGB,ts=2615805160, depth=640Г—576,OBFormat.Y16,ts=2615805161
[DEBUG] frames: total=244, depth_sets=242, color=1280Г—720,OBFormat.RGB,ts=2615805226, depth=640Г—576,OBFormat.Y16,ts=2615805227
[DEBUG] frames: total=245, depth_sets=243, color=1280Г—720,OBFormat.RGB,ts=2615805326, depth=640Г—576,OBFormat.Y16,ts=2615805327
[DEBUG] frames: total=246, depth_sets=244, color=1280Г—720,OBFormat.RGB,ts=2615805392, depth=640Г—576,OBFormat.Y16,ts=2615805394
[DEBUG] frames: total=247, depth_sets=245, color=1280Г—720,OBFormat.RGB,ts=2615805492, depth=640Г—576,OBFormat.Y16,ts=2615805493
[DEBUG] frames: total=248, depth_sets=246, color=1280Г—720,OBFormat.RGB,ts=2615805592, depth=640Г—576,OBFormat.Y16,ts=2615805593
[DEBUG] frames: total=249, depth_sets=247, color=1280Г—720,OBFormat.RGB,ts=2615805659, depth=640Г—576,OBFormat.Y16,ts=2615805660
[DEBUG] frames: total=250, depth_sets=248, color=1280Г—720,OBFormat.RGB,ts=2615805758, depth=640Г—576,OBFormat.Y16,ts=2615805759
[DEBUG] frames: total=251, depth_sets=249, color=1280Г—720,OBFormat.RGB,ts=2615805825, depth=640Г—576,OBFormat.Y16,ts=2615805826
[DEBUG] frames: total=252, depth_sets=250, color=1280Г—720,OBFormat.RGB,ts=2615805925, depth=640Г—576,OBFormat.Y16,ts=2615805926
[DEBUG] frames: total=253, depth_sets=251, color=1280Г—720,OBFormat.RGB,ts=2615805991, depth=640Г—576,OBFormat.Y16,ts=2615805992
[DEBUG] frames: total=254, depth_sets=252, color=1280Г—720,OBFormat.RGB,ts=2615806091, depth=640Г—576,OBFormat.Y16,ts=2615806092
[DEBUG] frames: total=255, depth_sets=253, color=1280Г—720,OBFormat.RGB,ts=2615806191, depth=640Г—576,OBFormat.Y16,ts=2615806192
[DEBUG] frames: total=256, depth_sets=254, color=1280Г—720,OBFormat.RGB,ts=2615806257, depth=640Г—576,OBFormat.Y16,ts=2615806258
[DEBUG] frames: total=257, depth_sets=255, color=1280Г—720,OBFormat.RGB,ts=2615806357, depth=640Г—576,OBFormat.Y16,ts=2615806358
[DEBUG] frames: total=258, depth_sets=256, color=1280Г—720,OBFormat.RGB,ts=2615806457, depth=640Г—576,OBFormat.Y16,ts=2615806458
[DEBUG] frames: total=259, depth_sets=257, color=1280Г—720,OBFormat.RGB,ts=2615806523, depth=640Г—576,OBFormat.Y16,ts=2615806524
[DEBUG] frames: total=260, depth_sets=258, color=1280Г—720,OBFormat.RGB,ts=2615806623, depth=640Г—576,OBFormat.Y16,ts=2615806624
[DEBUG] frames: total=261, depth_sets=259, color=1280Г—720,OBFormat.RGB,ts=2615806689, depth=640Г—576,OBFormat.Y16,ts=2615806690
[DEBUG] frames: total=262, depth_sets=260, color=1280Г—720,OBFormat.RGB,ts=2615806789, depth=640Г—576,OBFormat.Y16,ts=2615806790
[DEBUG] frames: total=263, depth_sets=261, color=1280Г—720,OBFormat.RGB,ts=2615806856, depth=640Г—576,OBFormat.Y16,ts=2615806857
[DEBUG] frames: total=264, depth_sets=262, color=1280Г—720,OBFormat.RGB,ts=2615806955, depth=640Г—576,OBFormat.Y16,ts=2615806956
[DEBUG] frames: total=265, depth_sets=263, color=1280Г—720,OBFormat.RGB,ts=2615807022, depth=640Г—576,OBFormat.Y16,ts=2615807023
[DEBUG] frames: total=266, depth_sets=264, color=1280Г—720,OBFormat.RGB,ts=2615807122, depth=640Г—576,OBFormat.Y16,ts=2615807123
[DEBUG] frames: total=267, depth_sets=265, color=1280Г—720,OBFormat.RGB,ts=2615807188, depth=640Г—576,OBFormat.Y16,ts=2615807189
[DEBUG] frames: total=268, depth_sets=266, color=1280Г—720,OBFormat.RGB,ts=2615807288, depth=640Г—576,OBFormat.Y16,ts=2615807289
[DEBUG] frames: total=269, depth_sets=267, color=1280Г—720,OBFormat.RGB,ts=2615807354, depth=640Г—576,OBFormat.Y16,ts=2615807356
[DEBUG] frames: total=270, depth_sets=268, color=1280Г—720,OBFormat.RGB,ts=2615807454, depth=640Г—576,OBFormat.Y16,ts=2615807455
[DEBUG] frames: total=271, depth_sets=269, color=1280Г—720,OBFormat.RGB,ts=2615807521, depth=640Г—576,OBFormat.Y16,ts=2615807522
[DEBUG] frames: total=272, depth_sets=270, color=1280Г—720,OBFormat.RGB,ts=2615807620, depth=640Г—576,OBFormat.Y16,ts=2615807622
[DEBUG] frames: total=273, depth_sets=271, color=1280Г—720,OBFormat.RGB,ts=2615807720, depth=640Г—576,OBFormat.Y16,ts=2615807721
[DEBUG] frames: total=274, depth_sets=272, color=1280Г—720,OBFormat.RGB,ts=2615807787, depth=640Г—576,OBFormat.Y16,ts=2615807788
[DEBUG] frames: total=275, depth_sets=273, color=1280Г—720,OBFormat.RGB,ts=2615807886, depth=640Г—576,OBFormat.Y16,ts=2615807888
[DEBUG] frames: total=276, depth_sets=274, color=1280Г—720,OBFormat.RGB,ts=2615807953, depth=640Г—576,OBFormat.Y16,ts=2615807954
[DEBUG] frames: total=277, depth_sets=275, color=1280Г—720,OBFormat.RGB,ts=2615808053, depth=640Г—576,OBFormat.Y16,ts=2615808054
[DEBUG] frames: total=278, depth_sets=276, color=1280Г—720,OBFormat.RGB,ts=2615808152, depth=640Г—576,OBFormat.Y16,ts=2615808154
[DEBUG] frames: total=279, depth_sets=277, color=1280Г—720,OBFormat.RGB,ts=2615808219, depth=640Г—576,OBFormat.Y16,ts=2615808220
[DEBUG] frames: total=280, depth_sets=278, color=1280Г—720,OBFormat.RGB,ts=2615808319, depth=640Г—576,OBFormat.Y16,ts=2615808320
[DEBUG] frames: total=281, depth_sets=279, color=1280Г—720,OBFormat.RGB,ts=2615808385, depth=640Г—576,OBFormat.Y16,ts=2615808386
[DEBUG] frames: total=282, depth_sets=280, color=1280Г—720,OBFormat.RGB,ts=2615808485, depth=640Г—576,OBFormat.Y16,ts=2615808486
[DEBUG] frames: total=283, depth_sets=281, color=1280Г—720,OBFormat.RGB,ts=2615808585, depth=640Г—576,OBFormat.Y16,ts=2615808586
[DEBUG] frames: total=284, depth_sets=282, color=1280Г—720,OBFormat.RGB,ts=2615808685, depth=640Г—576,OBFormat.Y16,ts=2615808686
[DEBUG] frames: total=285, depth_sets=283, color=1280Г—720,OBFormat.RGB,ts=2615808784, depth=640Г—576,OBFormat.Y16,ts=2615808785
[DEBUG] frames: total=286, depth_sets=284, color=1280Г—720,OBFormat.RGB,ts=2615808851, depth=640Г—576,OBFormat.Y16,ts=2615808852
[DEBUG] frames: total=287, depth_sets=285, color=1280Г—720,OBFormat.RGB,ts=2615808951, depth=640Г—576,OBFormat.Y16,ts=2615808952
[DEBUG] frames: total=288, depth_sets=286, color=1280Г—720,OBFormat.RGB,ts=2615809017, depth=640Г—576,OBFormat.Y16,ts=2615809018
[DEBUG] frames: total=289, depth_sets=287, color=1280Г—720,OBFormat.RGB,ts=2615809117, depth=640Г—576,OBFormat.Y16,ts=2615809118
[DEBUG] frames: total=290, depth_sets=288, color=1280Г—720,OBFormat.RGB,ts=2615809183, depth=640Г—576,OBFormat.Y16,ts=2615809185
[DEBUG] frames: total=291, depth_sets=289, color=1280Г—720,OBFormat.RGB,ts=2615809283, depth=640Г—576,OBFormat.Y16,ts=2615809284
[DEBUG] frames: total=292, depth_sets=290, color=1280Г—720,OBFormat.RGB,ts=2615809350, depth=640Г—576,OBFormat.Y16,ts=2615809351
[DEBUG] frames: total=293, depth_sets=291, color=1280Г—720,OBFormat.RGB,ts=2615809449, depth=640Г—576,OBFormat.Y16,ts=2615809451
[DEBUG] frames: total=294, depth_sets=292, color=1280Г—720,OBFormat.RGB,ts=2615809549, depth=640Г—576,OBFormat.Y16,ts=2615809550
[DEBUG] frames: total=295, depth_sets=293, color=1280Г—720,OBFormat.RGB,ts=2615809616, depth=640Г—576,OBFormat.Y16,ts=2615809617
[DEBUG] frames: total=296, depth_sets=294, color=1280Г—720,OBFormat.RGB,ts=2615809715, depth=640Г—576,OBFormat.Y16,ts=2615809717
[DEBUG] frames: total=297, depth_sets=295, color=1280Г—720,OBFormat.RGB,ts=2615809782, depth=640Г—576,OBFormat.Y16,ts=2615809783
[DEBUG] frames: total=298, depth_sets=296, color=1280Г—720,OBFormat.RGB,ts=2615809882, depth=640Г—576,OBFormat.Y16,ts=2615809883
[DEBUG] frames: total=299, depth_sets=297, color=1280Г—720,OBFormat.RGB,ts=2615809948, depth=640Г—576,OBFormat.Y16,ts=2615809949
[DEBUG] frames: total=300, depth_sets=298, color=1280Г—720,OBFormat.RGB,ts=2615810015, depth=640Г—576,OBFormat.Y16,ts=2615810016
[DEBUG] frames: total=301, depth_sets=299, color=1280Г—720,OBFormat.RGB,ts=2615810114, depth=640Г—576,OBFormat.Y16,ts=2615810116
[DEBUG] frames: total=302, depth_sets=300, color=1280Г—720,OBFormat.RGB,ts=2615810181, depth=640Г—576,OBFormat.Y16,ts=2615810182
[DEBUG] frames: total=303, depth_sets=301, color=1280Г—720,OBFormat.RGB,ts=2615810281, depth=640Г—576,OBFormat.Y16,ts=2615810282
[DEBUG] frames: total=304, depth_sets=302, color=1280Г—720,OBFormat.RGB,ts=2615810347, depth=640Г—576,OBFormat.Y16,ts=2615810348
[DEBUG] frames: total=305, depth_sets=303, color=1280Г—720,OBFormat.RGB,ts=2615810447, depth=640Г—576,OBFormat.Y16,ts=2615810448
[DEBUG] frames: total=306, depth_sets=304, color=1280Г—720,OBFormat.RGB,ts=2615810547, depth=640Г—576,OBFormat.Y16,ts=2615810548
[DEBUG] frames: total=307, depth_sets=305, color=1280Г—720,OBFormat.RGB,ts=2615810613, depth=640Г—576,OBFormat.Y16,ts=2615810614
[DEBUG] frames: total=308, depth_sets=306, color=1280Г—720,OBFormat.RGB,ts=2615810713, depth=640Г—576,OBFormat.Y16,ts=2615810714
[DEBUG] frames: total=309, depth_sets=307, color=1280Г—720,OBFormat.RGB,ts=2615810779, depth=640Г—576,OBFormat.Y16,ts=2615810781
[DEBUG] frames: total=310, depth_sets=308, color=1280Г—720,OBFormat.RGB,ts=2615810879, depth=640Г—576,OBFormat.Y16,ts=2615810880
[DEBUG] frames: total=311, depth_sets=309, color=1280Г—720,OBFormat.RGB,ts=2615810946, depth=640Г—576,OBFormat.Y16,ts=2615810947
[DEBUG] frames: total=312, depth_sets=310, color=1280Г—720,OBFormat.RGB,ts=2615811045, depth=640Г—576,OBFormat.Y16,ts=2615811047
[DEBUG] frames: total=313, depth_sets=311, color=1280Г—720,OBFormat.RGB,ts=2615811112, depth=640Г—576,OBFormat.Y16,ts=2615811113
[DEBUG] frames: total=314, depth_sets=312, color=1280Г—720,OBFormat.RGB,ts=2615811212, depth=640Г—576,OBFormat.Y16,ts=2615811213
[DEBUG] frames: total=315, depth_sets=313, color=1280Г—720,OBFormat.RGB,ts=2615811278, depth=640Г—576,OBFormat.Y16,ts=2615811279
[DEBUG] frames: total=316, depth_sets=314, color=1280Г—720,OBFormat.RGB,ts=2615811378, depth=640Г—576,OBFormat.Y16,ts=2615811379
[DEBUG] frames: total=317, depth_sets=315, color=1280Г—720,OBFormat.RGB,ts=2615811444, depth=640Г—576,OBFormat.Y16,ts=2615811446
[DEBUG] frames: total=318, depth_sets=316, color=1280Г—720,OBFormat.RGB,ts=2615811544, depth=640Г—576,OBFormat.Y16,ts=2615811545
[DEBUG] frames: total=319, depth_sets=317, color=1280Г—720,OBFormat.RGB,ts=2615811611, depth=640Г—576,OBFormat.Y16,ts=2615811612
[DEBUG] frames: total=320, depth_sets=318, color=1280Г—720,OBFormat.RGB,ts=2615811710, depth=640Г—576,OBFormat.Y16,ts=2615811712
[DEBUG] frames: total=321, depth_sets=319, color=1280Г—720,OBFormat.RGB,ts=2615811777, depth=640Г—576,OBFormat.Y16,ts=2615811778
[DEBUG] frames: total=322, depth_sets=320, color=1280Г—720,OBFormat.RGB,ts=2615811877, depth=640Г—576,OBFormat.Y16,ts=2615811878
[DEBUG] frames: total=323, depth_sets=321, color=1280Г—720,OBFormat.RGB,ts=2615811977, depth=640Г—576,OBFormat.Y16,ts=2615811978
[DEBUG] frames: total=324, depth_sets=322, color=1280Г—720,OBFormat.RGB,ts=2615812043, depth=640Г—576,OBFormat.Y16,ts=2615812044
[DEBUG] frames: total=325, depth_sets=323, color=1280Г—720,OBFormat.RGB,ts=2615812143, depth=640Г—576,OBFormat.Y16,ts=2615812144
[DEBUG] frames: total=326, depth_sets=324, color=1280Г—720,OBFormat.RGB,ts=2615812209, depth=640Г—576,OBFormat.Y16,ts=2615812210
[DEBUG] frames: total=327, depth_sets=325, color=1280Г—720,OBFormat.RGB,ts=2615812309, depth=640Г—576,OBFormat.Y16,ts=2615812310
[DEBUG] frames: total=328, depth_sets=326, color=1280Г—720,OBFormat.RGB,ts=2615812409, depth=640Г—576,OBFormat.Y16,ts=2615812410
[DEBUG] frames: total=329, depth_sets=327, color=1280Г—720,OBFormat.RGB,ts=2615812475, depth=640Г—576,OBFormat.Y16,ts=2615812476
[DEBUG] frames: total=330, depth_sets=328, color=1280Г—720,OBFormat.RGB,ts=2615812575, depth=640Г—576,OBFormat.Y16,ts=2615812576
[DEBUG] frames: total=331, depth_sets=329, color=1280Г—720,OBFormat.RGB,ts=2615812642, depth=640Г—576,OBFormat.Y16,ts=2615812643
[DEBUG] frames: total=332, depth_sets=330, color=1280Г—720,OBFormat.RGB,ts=2615812741, depth=640Г—576,OBFormat.Y16,ts=2615812742
[DEBUG] frames: total=333, depth_sets=331, color=1280Г—720,OBFormat.RGB,ts=2615812841, depth=640Г—576,OBFormat.Y16,ts=2615812842
[DEBUG] frames: total=334, depth_sets=332, color=1280Г—720,OBFormat.RGB,ts=2615812908, depth=640Г—576,OBFormat.Y16,ts=2615812909
[DEBUG] frames: total=335, depth_sets=333, color=1280Г—720,OBFormat.RGB,ts=2615813007, depth=640Г—576,OBFormat.Y16,ts=2615813008
[DEBUG] frames: total=336, depth_sets=334, color=1280Г—720,OBFormat.RGB,ts=2615813074, depth=640Г—576,OBFormat.Y16,ts=2615813075
[DEBUG] frames: total=337, depth_sets=335, color=1280Г—720,OBFormat.RGB,ts=2615813174, depth=640Г—576,OBFormat.Y16,ts=2615813175
[DEBUG] frames: total=338, depth_sets=336, color=1280Г—720,OBFormat.RGB,ts=2615813273, depth=640Г—576,OBFormat.Y16,ts=2615813274
[DEBUG] frames: total=339, depth_sets=337, color=1280Г—720,OBFormat.RGB,ts=2615813340, depth=640Г—576,OBFormat.Y16,ts=2615813341
[DEBUG] frames: total=340, depth_sets=338, color=1280Г—720,OBFormat.RGB,ts=2615813440, depth=640Г—576,OBFormat.Y16,ts=2615813441
[DEBUG] frames: total=341, depth_sets=339, color=1280Г—720,OBFormat.RGB,ts=2615813539, depth=640Г—576,OBFormat.Y16,ts=2615813540
[DEBUG] frames: total=342, depth_sets=340, color=1280Г—720,OBFormat.RGB,ts=2615813606, depth=640Г—576,OBFormat.Y16,ts=2615813607
[DEBUG] frames: total=343, depth_sets=341, color=1280Г—720,OBFormat.RGB,ts=2615813706, depth=640Г—576,OBFormat.Y16,ts=2615813707
[DEBUG] frames: total=344, depth_sets=342, color=1280Г—720,OBFormat.RGB,ts=2615813772, depth=640Г—576,OBFormat.Y16,ts=2615813773
[DEBUG] frames: total=345, depth_sets=343, color=1280Г—720,OBFormat.RGB,ts=2615813872, depth=640Г—576,OBFormat.Y16,ts=2615813873
[DEBUG] frames: total=346, depth_sets=344, color=1280Г—720,OBFormat.RGB,ts=2615813938, depth=640Г—576,OBFormat.Y16,ts=2615813939
[DEBUG] frames: total=347, depth_sets=345, color=1280Г—720,OBFormat.RGB,ts=2615814038, depth=640Г—576,OBFormat.Y16,ts=2615814039
[DEBUG] frames: total=348, depth_sets=346, color=1280Г—720,OBFormat.RGB,ts=2615814138, depth=640Г—576,OBFormat.Y16,ts=2615814139
[DEBUG] frames: total=349, depth_sets=347, color=1280Г—720,OBFormat.RGB,ts=2615814204, depth=640Г—576,OBFormat.Y16,ts=2615814206
[DEBUG] frames: total=350, depth_sets=348, color=1280Г—720,OBFormat.RGB,ts=2615814304, depth=640Г—576,OBFormat.Y16,ts=2615814305
[DEBUG] frames: total=351, depth_sets=349, color=1280Г—720,OBFormat.RGB,ts=2615814371, depth=640Г—576,OBFormat.Y16,ts=2615814372
[DEBUG] frames: total=352, depth_sets=350, color=1280Г—720,OBFormat.RGB,ts=2615814470, depth=640Г—576,OBFormat.Y16,ts=2615814472
[DEBUG] frames: total=353, depth_sets=351, color=1280Г—720,OBFormat.RGB,ts=2615814570, depth=640Г—576,OBFormat.Y16,ts=2615814571
[DEBUG] frames: total=354, depth_sets=352, color=1280Г—720,OBFormat.RGB,ts=2615814637, depth=640Г—576,OBFormat.Y16,ts=2615814638
[DEBUG] frames: total=355, depth_sets=353, color=1280Г—720,OBFormat.RGB,ts=2615814736, depth=640Г—576,OBFormat.Y16,ts=2615814738
[DEBUG] frames: total=356, depth_sets=354, color=1280Г—720,OBFormat.RGB,ts=2615814803, depth=640Г—576,OBFormat.Y16,ts=2615814804
[DEBUG] frames: total=357, depth_sets=355, color=1280Г—720,OBFormat.RGB,ts=2615814903, depth=640Г—576,OBFormat.Y16,ts=2615814904
[DEBUG] frames: total=358, depth_sets=356, color=1280Г—720,OBFormat.RGB,ts=2615814969, depth=640Г—576,OBFormat.Y16,ts=2615814970
[DEBUG] frames: total=359, depth_sets=357, color=1280Г—720,OBFormat.RGB,ts=2615815069, depth=640Г—576,OBFormat.Y16,ts=2615815070
[DEBUG] frames: total=360, depth_sets=358, color=1280Г—720,OBFormat.RGB,ts=2615815169, depth=640Г—576,OBFormat.Y16,ts=2615815170
[DEBUG] frames: total=361, depth_sets=359, color=1280Г—720,OBFormat.RGB,ts=2615815235, depth=640Г—576,OBFormat.Y16,ts=2615815236
[DEBUG] frames: total=362, depth_sets=360, color=1280Г—720,OBFormat.RGB,ts=2615815335, depth=640Г—576,OBFormat.Y16,ts=2615815336
[DEBUG] frames: total=363, depth_sets=361, color=1280Г—720,OBFormat.RGB,ts=2615815402, depth=640Г—576,OBFormat.Y16,ts=2615815403
[DEBUG] frames: total=364, depth_sets=362, color=1280Г—720,OBFormat.RGB,ts=2615815501, depth=640Г—576,OBFormat.Y16,ts=2615815502
[DEBUG] frames: total=365, depth_sets=363, color=1280Г—720,OBFormat.RGB,ts=2615815568, depth=640Г—576,OBFormat.Y16,ts=2615815569
[DEBUG] frames: total=366, depth_sets=364, color=1280Г—720,OBFormat.RGB,ts=2615815634, depth=640Г—576,OBFormat.Y16,ts=2615815635
[DEBUG] frames: total=367, depth_sets=365, color=1280Г—720,OBFormat.RGB,ts=2615815734, depth=640Г—576,OBFormat.Y16,ts=2615815735
[DEBUG] frames: total=368, depth_sets=366, color=1280Г—720,OBFormat.RGB,ts=2615815801, depth=640Г—576,OBFormat.Y16,ts=2615815802
[DEBUG] frames: total=369, depth_sets=367, color=1280Г—720,OBFormat.RGB,ts=2615815900, depth=640Г—576,OBFormat.Y16,ts=2615815901
[DEBUG] frames: total=370, depth_sets=368, color=1280Г—720,OBFormat.RGB,ts=2615815967, depth=640Г—576,OBFormat.Y16,ts=2615815968
[DEBUG] frames: total=371, depth_sets=369, color=1280Г—720,OBFormat.RGB,ts=2615816067, depth=640Г—576,OBFormat.Y16,ts=2615816068
[DEBUG] frames: total=372, depth_sets=370, color=1280Г—720,OBFormat.RGB,ts=2615816166, depth=640Г—576,OBFormat.Y16,ts=2615816167
[DEBUG] frames: total=373, depth_sets=371, color=1280Г—720,OBFormat.RGB,ts=2615816233, depth=640Г—576,OBFormat.Y16,ts=2615816234
[DEBUG] frames: total=374, depth_sets=372, color=1280Г—720,OBFormat.RGB,ts=2615816333, depth=640Г—576,OBFormat.Y16,ts=2615816334
[DEBUG] frames: total=375, depth_sets=373, color=1280Г—720,OBFormat.RGB,ts=2615816399, depth=640Г—576,OBFormat.Y16,ts=2615816400
[DEBUG] frames: total=376, depth_sets=374, color=1280Г—720,OBFormat.RGB,ts=2615816499, depth=640Г—576,OBFormat.Y16,ts=2615816500
[DEBUG] frames: total=377, depth_sets=375, color=1280Г—720,OBFormat.RGB,ts=2615816565, depth=640Г—576,OBFormat.Y16,ts=2615816567
[DEBUG] frames: total=378, depth_sets=376, color=1280Г—720,OBFormat.RGB,ts=2615816632, depth=640Г—576,OBFormat.Y16,ts=2615816633
[DEBUG] frames: total=379, depth_sets=377, color=1280Г—720,OBFormat.RGB,ts=2615816732, depth=640Г—576,OBFormat.Y16,ts=2615816733
[DEBUG] frames: total=380, depth_sets=378, color=1280Г—720,OBFormat.RGB,ts=2615816798, depth=640Г—576,OBFormat.Y16,ts=2615816799
[DEBUG] frames: total=381, depth_sets=379, color=1280Г—720,OBFormat.RGB,ts=2615816898, depth=640Г—576,OBFormat.Y16,ts=2615816899
[DEBUG] frames: total=382, depth_sets=380, color=1280Г—720,OBFormat.RGB,ts=2615816964, depth=640Г—576,OBFormat.Y16,ts=2615816966
[DEBUG] frames: total=383, depth_sets=381, color=1280Г—720,OBFormat.RGB,ts=2615817064, depth=640Г—576,OBFormat.Y16,ts=2615817065
[DEBUG] frames: total=384, depth_sets=382, color=1280Г—720,OBFormat.RGB,ts=2615817131, depth=640Г—576,OBFormat.Y16,ts=2615817132
[DEBUG] frames: total=385, depth_sets=383, color=1280Г—720,OBFormat.RGB,ts=2615817231, depth=640Г—576,OBFormat.Y16,ts=2615817232
[DEBUG] frames: total=386, depth_sets=384, color=1280Г—720,OBFormat.RGB,ts=2615817297, depth=640Г—576,OBFormat.Y16,ts=2615817298
[DEBUG] frames: total=387, depth_sets=385, color=1280Г—720,OBFormat.RGB,ts=2615817397, depth=640Г—576,OBFormat.Y16,ts=2615817398
[DEBUG] frames: total=388, depth_sets=386, color=1280Г—720,OBFormat.RGB,ts=2615817497, depth=640Г—576,OBFormat.Y16,ts=2615817498
[DEBUG] frames: total=389, depth_sets=387, color=1280Г—720,OBFormat.RGB,ts=2615817563, depth=640Г—576,OBFormat.Y16,ts=2615817564
[DEBUG] frames: total=390, depth_sets=388, color=1280Г—720,OBFormat.RGB,ts=2615817663, depth=640Г—576,OBFormat.Y16,ts=2615817664
[DEBUG] frames: total=391, depth_sets=389, color=1280Г—720,OBFormat.RGB,ts=2615817729, depth=640Г—576,OBFormat.Y16,ts=2615817730
[DEBUG] frames: total=392, depth_sets=390, color=1280Г—720,OBFormat.RGB,ts=2615817829, depth=640Г—576,OBFormat.Y16,ts=2615817830
[DEBUG] frames: total=393, depth_sets=391, color=1280Г—720,OBFormat.RGB,ts=2615817896, depth=640Г—576,OBFormat.Y16,ts=2615817897
[DEBUG] frames: total=394, depth_sets=392, color=1280Г—720,OBFormat.RGB,ts=2615817995, depth=640Г—576,OBFormat.Y16,ts=2615817997
[DEBUG] frames: total=395, depth_sets=393, color=1280Г—720,OBFormat.RGB,ts=2615818062, depth=640Г—576,OBFormat.Y16,ts=2615818063
[DEBUG] frames: total=396, depth_sets=394, color=1280Г—720,OBFormat.RGB,ts=2615818162, depth=640Г—576,OBFormat.Y16,ts=2615818163
[DEBUG] frames: total=397, depth_sets=395, color=1280Г—720,OBFormat.RGB,ts=2615818261, depth=640Г—576,OBFormat.Y16,ts=2615818263
[DEBUG] frames: total=398, depth_sets=396, color=1280Г—720,OBFormat.RGB,ts=2615818328, depth=640Г—576,OBFormat.Y16,ts=2615818329
[DEBUG] frames: total=399, depth_sets=397, color=1280Г—720,OBFormat.RGB,ts=2615818428, depth=640Г—576,OBFormat.Y16,ts=2615818429
[DEBUG] frames: total=400, depth_sets=398, color=1280Г—720,OBFormat.RGB,ts=2615818527, depth=640Г—576,OBFormat.Y16,ts=2615818529
[DEBUG] frames: total=401, depth_sets=399, color=1280Г—720,OBFormat.RGB,ts=2615818627, depth=640Г—576,OBFormat.Y16,ts=2615818628
[DEBUG] frames: total=402, depth_sets=400, color=1280Г—720,OBFormat.RGB,ts=2615818694, depth=640Г—576,OBFormat.Y16,ts=2615818695
[DEBUG] frames: total=403, depth_sets=401, color=1280Г—720,OBFormat.RGB,ts=2615818793, depth=640Г—576,OBFormat.Y16,ts=2615818795
[DEBUG] frames: total=404, depth_sets=402, color=1280Г—720,OBFormat.RGB,ts=2615818860, depth=640Г—576,OBFormat.Y16,ts=2615818861
[DEBUG] frames: total=405, depth_sets=403, color=1280Г—720,OBFormat.RGB,ts=2615818960, depth=640Г—576,OBFormat.Y16,ts=2615818961
[DEBUG] frames: total=406, depth_sets=404, color=1280Г—720,OBFormat.RGB,ts=2615819026, depth=640Г—576,OBFormat.Y16,ts=2615819027
[DEBUG] frames: total=407, depth_sets=405, color=1280Г—720,OBFormat.RGB,ts=2615819126, depth=640Г—576,OBFormat.Y16,ts=2615819127
[DEBUG] frames: total=408, depth_sets=406, color=1280Г—720,OBFormat.RGB,ts=2615819193, depth=640Г—576,OBFormat.Y16,ts=2615819194
[DEBUG] frames: total=409, depth_sets=407, color=1280Г—720,OBFormat.RGB,ts=2615819292, depth=640Г—576,OBFormat.Y16,ts=2615819293
[DEBUG] frames: total=410, depth_sets=408, color=1280Г—720,OBFormat.RGB,ts=2615819359, depth=640Г—576,OBFormat.Y16,ts=2615819360
[DEBUG] frames: total=411, depth_sets=409, color=1280Г—720,OBFormat.RGB,ts=2615819459, depth=640Г—576,OBFormat.Y16,ts=2615819460
[DEBUG] frames: total=412, depth_sets=410, color=1280Г—720,OBFormat.RGB,ts=2615819525, depth=640Г—576,OBFormat.Y16,ts=2615819526
[DEBUG] frames: total=413, depth_sets=411, color=1280Г—720,OBFormat.RGB,ts=2615819625, depth=640Г—576,OBFormat.Y16,ts=2615819626
[DEBUG] frames: total=414, depth_sets=412, color=1280Г—720,OBFormat.RGB,ts=2615819691, depth=640Г—576,OBFormat.Y16,ts=2615819692
[DEBUG] frames: total=415, depth_sets=413, color=1280Г—720,OBFormat.RGB,ts=2615819758, depth=640Г—576,OBFormat.Y16,ts=2615819759
[DEBUG] frames: total=416, depth_sets=414, color=1280Г—720,OBFormat.RGB,ts=2615819858, depth=640Г—576,OBFormat.Y16,ts=2615819859
[DEBUG] frames: total=417, depth_sets=415, color=1280Г—720,OBFormat.RGB,ts=2615819957, depth=640Г—576,OBFormat.Y16,ts=2615819958
[DEBUG] frames: total=418, depth_sets=416, color=1280Г—720,OBFormat.RGB,ts=2615820024, depth=640Г—576,OBFormat.Y16,ts=2615820025
[DEBUG] frames: total=419, depth_sets=417, color=1280Г—720,OBFormat.RGB,ts=2615820124, depth=640Г—576,OBFormat.Y16,ts=2615820125
[DEBUG] frames: total=420, depth_sets=418, color=1280Г—720,OBFormat.RGB,ts=2615820190, depth=640Г—576,OBFormat.Y16,ts=2615820191
[DEBUG] frames: total=421, depth_sets=419, color=1280Г—720,OBFormat.RGB,ts=2615820257, depth=640Г—576,OBFormat.Y16,ts=2615820258
[DEBUG] frames: total=422, depth_sets=420, color=1280Г—720,OBFormat.RGB,ts=2615820356, depth=640Г—576,OBFormat.Y16,ts=2615820357
[DEBUG] frames: total=423, depth_sets=421, color=1280Г—720,OBFormat.RGB,ts=2615820456, depth=640Г—576,OBFormat.Y16,ts=2615820457
[DEBUG] frames: total=424, depth_sets=422, color=1280Г—720,OBFormat.RGB,ts=2615820556, depth=640Г—576,OBFormat.Y16,ts=2615820557
[DEBUG] frames: total=425, depth_sets=423, color=1280Г—720,OBFormat.RGB,ts=2615820622, depth=640Г—576,OBFormat.Y16,ts=2615820624
[DEBUG] frames: total=426, depth_sets=424, color=1280Г—720,OBFormat.RGB,ts=2615820722, depth=640Г—576,OBFormat.Y16,ts=2615820723
[DEBUG] frames: total=427, depth_sets=425, color=1280Г—720,OBFormat.RGB,ts=2615820789, depth=640Г—576,OBFormat.Y16,ts=2615820790
[DEBUG] frames: total=428, depth_sets=426, color=1280Г—720,OBFormat.RGB,ts=2615820888, depth=640Г—576,OBFormat.Y16,ts=2615820890
[DEBUG] frames: total=429, depth_sets=427, color=1280Г—720,OBFormat.RGB,ts=2615820955, depth=640Г—576,OBFormat.Y16,ts=2615820956
[DEBUG] frames: total=430, depth_sets=428, color=1280Г—720,OBFormat.RGB,ts=2615821055, depth=640Г—576,OBFormat.Y16,ts=2615821056
[DEBUG] frames: total=431, depth_sets=429, color=1280Г—720,OBFormat.RGB,ts=2615821121, depth=640Г—576,OBFormat.Y16,ts=2615821122
[INIT] Loading MobileSAM Foundation Model...
[KDownloading https://github.com/ultralytics/assets/releases/download/v8.4.0/mobile_sam.pt to 'mobile_sam.pt': 4% в”Ђв”Ђв”Ђв”Ђв”Ђв”Ђв”Ђв”Ђв”Ђв”Ђв”Ђв”Ђ 1.4/38.8MB 12.9MB/s 0.1s<2.9s[KDownloading https://github.com/ultralytics/assets/releases/download/v8.4.0/mobile_sam.pt to 'mobile_sam.pt': 23% в”Ѓв”Ѓв•ёв”Ђв”Ђв”Ђв”Ђв”Ђв”Ђв”Ђв”Ђв”Ђ 9.0/38.8MB 75.9MB/s 0.2s<0.4s[KDownloading https://github.com/ultralytics/assets/releases/download/v8.4.0/mobile_sam.pt to 'mobile_sam.pt': 33% в”Ѓв”Ѓв”Ѓв•ёв”Ђв”Ђв”Ђв”Ђв”Ђв”Ђв”Ђв”Ђ 12.9/38.8MB 25.2MB/s 0.4s<1.0s[KDownloading https://github.com/ultralytics/assets/releases/download/v8.4.0/mobile_sam.pt to 'mobile_sam.pt': 41% в”Ѓв”Ѓв”Ѓв”Ѓв•ёв”Ђв”Ђв”Ђв”Ђв”Ђв”Ђв”Ђ 15.8/38.8MB 28.5MB/s 0.5s<0.8s[KDownloading https://github.com/ultralytics/assets/releases/download/v8.4.0/mobile_sam.pt to 'mobile_sam.pt': 48% в”Ѓв”Ѓв”Ѓв”Ѓв”Ѓв•ёв”Ђв”Ђв”Ђв”Ђв”Ђв”Ђ 18.6/38.8MB 28.3MB/s 0.6s<0.7s[KDownloading https://github.com/ultralytics/assets/releases/download/v8.4.0/mobile_sam.pt to 'mobile_sam.pt': 51% в”Ѓв”Ѓв”Ѓв”Ѓв”Ѓв”Ѓв”Ђв”Ђв”Ђв”Ђв”Ђв”Ђ 20.0/38.8MB 13.2MB/s 0.7s<1.4s[KDownloading https://github.com/ultralytics/assets/releases/download/v8.4.0/mobile_sam.pt to 'mobile_sam.pt': 61% в”Ѓв”Ѓв”Ѓв”Ѓв”Ѓв”Ѓв”Ѓв”Ђв”Ђв”Ђв”Ђв”Ђ 23.7/38.8MB 36.5MB/s 0.8s<0.4s[KDownloading https://github.com/ultralytics/assets/releases/download/v8.4.0/mobile_sam.pt to 'mobile_sam.pt': 70% в”Ѓв”Ѓв”Ѓв”Ѓв”Ѓв”Ѓв”Ѓв”Ѓв”Ђв”Ђв”Ђв”Ђ 27.2/38.8MB 34.5MB/s 0.9s<0.3s[KDownloading https://github.com/ultralytics/assets/releases/download/v8.4.0/mobile_sam.pt to 'mobile_sam.pt': 77% в”Ѓв”Ѓв”Ѓв”Ѓв”Ѓв”Ѓв”Ѓв”Ѓв”Ѓв”Ђв”Ђв”Ђ 30.0/38.8MB 15.1MB/s 1.1s<0.6s[KDownloading https://github.com/ultralytics/assets/releases/download/v8.4.0/mobile_sam.pt to 'mobile_sam.pt': 92% в”Ѓв”Ѓв”Ѓв”Ѓв”Ѓв”Ѓв”Ѓв”Ѓв”Ѓв”Ѓв•ёв”Ђ 35.6/38.8MB 55.1MB/s 1.2s<0.1s[KDownloading https://github.com/ultralytics/assets/releases/download/v8.4.0/mobile_sam.pt to 'mobile_sam.pt': 100% в”Ѓв”Ѓв”Ѓв”Ѓв”Ѓв”Ѓв”Ѓв”Ѓв”Ѓв”Ѓв”Ѓв”Ѓ 38.8MB 32.8MB/s 1.2s
