[INFO] Session log file: dataset/debug/session_20260520_172302.log
[DEBUG] frames: total=1, depth_sets=0, color=1280Ă—720,OBFormat.RGB,ts=2618733680, depth=None
[WARNING] Align filter returned None
[DEBUG] frames: total=2, depth_sets=0, color=1280Ă—720,OBFormat.RGB,ts=2618733781, depth=None
[WARNING] Align filter returned None
[DEBUG] frames: total=3, depth_sets=0, color=1280Ă—720,OBFormat.RGB,ts=2618733813, depth=None
[WARNING] Align filter returned None
[DEBUG] frames: total=4, depth_sets=1, color=1280Ă—720,OBFormat.RGB,ts=2618733946, depth=640Ă—576,OBFormat.Y16,ts=2618733947
[DEBUG] frames: total=5, depth_sets=2, color=1280Ă—720,OBFormat.RGB,ts=2618734046, depth=640Ă—576,OBFormat.Y16,ts=2618734047
[DEBUG] frames: total=6, depth_sets=3, color=1280Ă—720,OBFormat.RGB,ts=2618734212, depth=640Ă—576,OBFormat.Y16,ts=2618734213
[DEBUG] frames: total=7, depth_sets=4, color=1280Ă—720,OBFormat.RGB,ts=2618734345, depth=640Ă—576,OBFormat.Y16,ts=2618734346
[DEBUG] frames: total=8, depth_sets=5, color=1280Ă—720,OBFormat.RGB,ts=2618734445, depth=640Ă—576,OBFormat.Y16,ts=2618734446
[DEBUG] frames: total=9, depth_sets=6, color=1280Ă—720,OBFormat.RGB,ts=2618734545, depth=640Ă—576,OBFormat.Y16,ts=2618734546
[DEBUG] frames: total=10, depth_sets=7, color=1280Ă—720,OBFormat.RGB,ts=2618734611, depth=640Ă—576,OBFormat.Y16,ts=2618734612
[DEBUG] frames: total=11, depth_sets=8, color=1280Ă—720,OBFormat.RGB,ts=2618734678, depth=640Ă—576,OBFormat.Y16,ts=2618734679
[DEBUG] frames: total=12, depth_sets=9, color=1280Ă—720,OBFormat.RGB,ts=2618734744, depth=640Ă—576,OBFormat.Y16,ts=2618734745
[DEBUG] frames: total=13, depth_sets=10, color=1280Ă—720,OBFormat.RGB,ts=2618734844, depth=640Ă—576,OBFormat.Y16,ts=2618734845
[DEBUG] frames: total=14, depth_sets=11, color=1280Ă—720,OBFormat.RGB,ts=2618734944, depth=640Ă—576,OBFormat.Y16,ts=2618734945
[DEBUG] frames: total=15, depth_sets=12, color=1280Ă—720,OBFormat.RGB,ts=2618735110, depth=640Ă—576,OBFormat.Y16,ts=2618735111
[DEBUG] frames: total=16, depth_sets=13, color=1280Ă—720,OBFormat.RGB,ts=2618735243, depth=640Ă—576,OBFormat.Y16,ts=2618735244
[DEBUG] frames: total=17, depth_sets=14, color=1280Ă—720,OBFormat.RGB,ts=2618735343, depth=640Ă—576,OBFormat.Y16,ts=2618735344
[DEBUG] frames: total=18, depth_sets=15, color=1280Ă—720,OBFormat.RGB,ts=2618735442, depth=640Ă—576,OBFormat.Y16,ts=2618735444
[DEBUG] frames: total=19, depth_sets=16, color=1280Ă—720,OBFormat.RGB,ts=2618735509, depth=640Ă—576,OBFormat.Y16,ts=2618735510
[DEBUG] frames: total=20, depth_sets=17, color=1280Ă—720,OBFormat.RGB,ts=2618735642, depth=640Ă—576,OBFormat.Y16,ts=2618735643
[INIT] Utilizing local OpenCV Contrast Gate Engine. (Network Bypass Active)
[DYNAMIC ENGINE] Floor Noise Cutoff: 8.34mm
[FILTERED] Cluster #0: 400 pts. Base=17.4mm, Overlap=100.0%. Dropped.
Exception in Tkinter callback
Traceback (most recent call last):
  File "/usr/lib/python3.12/tkinter/__init__.py", line 1967, in __call__
    return self.func(*args)
           ^^^^^^^^^^^^^^^^
  File "/home/cpsstudent/Documents/ips_s2026/rgbd/main.py", line 166, in <lambda>
    self.root.bind("<Return>", lambda e: self.capture_frame())
                                         ^^^^^^^^^^^^^^^^^^^^
  File "/home/cpsstudent/Documents/ips_s2026/rgbd/main.py", line 371, in capture_frame
    mask, plane_model, inlier_count, outlier_count, _ = self.seg.segment(depth, rgb)
                                                        ^^^^^^^^^^^^^^^^^^^^^^^^^^^^
  File "/home/cpsstudent/Documents/ips_s2026/rgbd/processing/segmentation_helper.py", line 139, in segment
    if visual_gate_mask[v, u] > 0:
       ~~~~~~~~~~~~~~~~^^^^^^
IndexError: index 519 is out of bounds for axis 1 with size 510
[DEBUG] frames: total=21, depth_sets=18, color=1280Ă—720,OBFormat.RGB,ts=2618748511, depth=640Ă—576,OBFormat.Y16,ts=2618748512
[DEBUG] frames: total=22, depth_sets=19, color=1280Ă—720,OBFormat.RGB,ts=2618748578, depth=640Ă—576,OBFormat.Y16,ts=2618748579
[DEBUG] frames: total=23, depth_sets=20, color=1280Ă—720,OBFormat.RGB,ts=2618748711, depth=640Ă—576,OBFormat.Y16,ts=2618748712
[DEBUG] frames: total=24, depth_sets=21, color=1280Ă—720,OBFormat.RGB,ts=2618748777, depth=640Ă—576,OBFormat.Y16,ts=2618748778
[DEBUG] frames: total=25, depth_sets=22, color=1280Ă—720,OBFormat.RGB,ts=2618748844, depth=640Ă—576,OBFormat.Y16,ts=2618748845
[DEBUG] frames: total=26, depth_sets=23, color=1280Ă—720,OBFormat.RGB,ts=2618748943, depth=640Ă—576,OBFormat.Y16,ts=2618748944
[DEBUG] frames: total=27, depth_sets=24, color=1280Ă—720,OBFormat.RGB,ts=2618749010, depth=640Ă—576,OBFormat.Y16,ts=2618749011
[DEBUG] frames: total=28, depth_sets=25, color=1280Ă—720,OBFormat.RGB,ts=2618749110, depth=640Ă—576,OBFormat.Y16,ts=2618749111
[DEBUG] frames: total=29, depth_sets=26, color=1280Ă—720,OBFormat.RGB,ts=2618749176, depth=640Ă—576,OBFormat.Y16,ts=2618749177
[DEBUG] frames: total=30, depth_sets=27, color=1280Ă—720,OBFormat.RGB,ts=2618749243, depth=640Ă—576,OBFormat.Y16,ts=2618749244
[DEBUG] frames: total=31, depth_sets=28, color=1280Ă—720,OBFormat.RGB,ts=2618749342, depth=640Ă—576,OBFormat.Y16,ts=2618749343
[DEBUG] frames: total=32, depth_sets=29, color=1280Ă—720,OBFormat.RGB,ts=2618749409, depth=640Ă—576,OBFormat.Y16,ts=2618749410
[DEBUG] frames: total=33, depth_sets=30, color=1280Ă—720,OBFormat.RGB,ts=2618749509, depth=640Ă—576,OBFormat.Y16,ts=2618749510
[DEBUG] frames: total=34, depth_sets=31, color=1280Ă—720,OBFormat.RGB,ts=2618749575, depth=640Ă—576,OBFormat.Y16,ts=2618749576
[DEBUG] frames: total=35, depth_sets=32, color=1280Ă—720,OBFormat.RGB,ts=2618749675, depth=640Ă—576,OBFormat.Y16,ts=2618749676
[DEBUG] frames: total=36, depth_sets=33, color=1280Ă—720,OBFormat.RGB,ts=2618749775, depth=640Ă—576,OBFormat.Y16,ts=2618749776
[DEBUG] frames: total=37, depth_sets=34, color=1280Ă—720,OBFormat.RGB,ts=2618749841, depth=640Ă—576,OBFormat.Y16,ts=2618749842
[DEBUG] frames: total=38, depth_sets=35, color=1280Ă—720,OBFormat.RGB,ts=2618749941, depth=640Ă—576,OBFormat.Y16,ts=2618749942
[DEBUG] frames: total=39, depth_sets=36, color=1280Ă—720,OBFormat.RGB,ts=2618750007, depth=640Ă—576,OBFormat.Y16,ts=2618750008
[DEBUG] frames: total=40, depth_sets=37, color=1280Ă—720,OBFormat.RGB,ts=2618750074, depth=640Ă—576,OBFormat.Y16,ts=2618750075
[DEBUG] frames: total=41, depth_sets=38, color=1280Ă—720,OBFormat.RGB,ts=2618750174, depth=640Ă—576,OBFormat.Y16,ts=2618750175
[DEBUG] frames: total=42, depth_sets=39, color=1280Ă—720,OBFormat.RGB,ts=2618750240, depth=640Ă—576,OBFormat.Y16,ts=2618750241
[DEBUG] frames: total=43, depth_sets=40, color=1280Ă—720,OBFormat.RGB,ts=2618750340, depth=640Ă—576,OBFormat.Y16,ts=2618750341
[DEBUG] frames: total=44, depth_sets=41, color=1280Ă—720,OBFormat.RGB,ts=2618750406, depth=640Ă—576,OBFormat.Y16,ts=2618750408
[DEBUG] frames: total=45, depth_sets=42, color=1280Ă—720,OBFormat.RGB,ts=2618750506, depth=640Ă—576,OBFormat.Y16,ts=2618750507
[DEBUG] frames: total=46, depth_sets=43, color=1280Ă—720,OBFormat.RGB,ts=2618750573, depth=640Ă—576,OBFormat.Y16,ts=2618750574
[DEBUG] frames: total=47, depth_sets=44, color=1280Ă—720,OBFormat.RGB,ts=2618750639, depth=640Ă—576,OBFormat.Y16,ts=2618750640
[DEBUG] frames: total=48, depth_sets=45, color=1280Ă—720,OBFormat.RGB,ts=2618750772, depth=640Ă—576,OBFormat.Y16,ts=2618750773
[DEBUG] frames: total=49, depth_sets=46, color=1280Ă—720,OBFormat.RGB,ts=2618750905, depth=640Ă—576,OBFormat.Y16,ts=2618750906
[DEBUG] frames: total=50, depth_sets=47, color=1280Ă—720,OBFormat.RGB,ts=2618751038, depth=640Ă—576,OBFormat.Y16,ts=2618751039
[DEBUG] frames: total=51, depth_sets=48, color=1280Ă—720,OBFormat.RGB,ts=2618751204, depth=640Ă—576,OBFormat.Y16,ts=2618751206
[DEBUG] frames: total=52, depth_sets=49, color=1280Ă—720,OBFormat.RGB,ts=2618751304, depth=640Ă—576,OBFormat.Y16,ts=2618751305
[DEBUG] frames: total=53, depth_sets=50, color=1280Ă—720,OBFormat.RGB,ts=2618751404, depth=640Ă—576,OBFormat.Y16,ts=2618751405
[DEBUG] frames: total=54, depth_sets=51, color=1280Ă—720,OBFormat.RGB,ts=2618751504, depth=640Ă—576,OBFormat.Y16,ts=2618751505
[DEBUG] frames: total=55, depth_sets=52, color=1280Ă—720,OBFormat.RGB,ts=2618751603, depth=640Ă—576,OBFormat.Y16,ts=2618751605
[DEBUG] frames: total=56, depth_sets=53, color=1280Ă—720,OBFormat.RGB,ts=2618751670, depth=640Ă—576,OBFormat.Y16,ts=2618751671
[DEBUG] frames: total=57, depth_sets=54, color=1280Ă—720,OBFormat.RGB,ts=2618751770, depth=640Ă—576,OBFormat.Y16,ts=2618751771
[DEBUG] frames: total=58, depth_sets=55, color=1280Ă—720,OBFormat.RGB,ts=2618751836, depth=640Ă—576,OBFormat.Y16,ts=2618751837
[DEBUG] frames: total=59, depth_sets=56, color=1280Ă—720,OBFormat.RGB,ts=2618751936, depth=640Ă—576,OBFormat.Y16,ts=2618751937
[DEBUG] frames: total=60, depth_sets=57, color=1280Ă—720,OBFormat.RGB,ts=2618752003, depth=640Ă—576,OBFormat.Y16,ts=2618752004
[INFO] Quitting application.
