[INFO] Session log file: dataset/debug/session_20260519_140506.log
[DEBUG] frames: total=1, depth_sets=0, color=1280Ă—720,OBFormat.RGB,ts=2520457476, depth=None
[WARNING] Align filter returned None
[DEBUG] frames: total=2, depth_sets=0, color=1280Ă—720,OBFormat.RGB,ts=2520457575, depth=None
[WARNING] Align filter returned None
[DEBUG] frames: total=3, depth_sets=0, color=1280Ă—720,OBFormat.RGB,ts=2520457609, depth=None
[WARNING] Align filter returned None
[DEBUG] frames: total=4, depth_sets=1, color=1280Ă—720,OBFormat.RGB,ts=2520457709, depth=640Ă—576,OBFormat.Y16,ts=2520457710
[DEBUG] frames: total=5, depth_sets=2, color=1280Ă—720,OBFormat.RGB,ts=2520457908, depth=640Ă—576,OBFormat.Y16,ts=2520457909
[DEBUG] frames: total=6, depth_sets=3, color=1280Ă—720,OBFormat.RGB,ts=2520458008, depth=640Ă—576,OBFormat.Y16,ts=2520458009
[DEBUG] frames: total=7, depth_sets=4, color=1280Ă—720,OBFormat.RGB,ts=2520458141, depth=640Ă—576,OBFormat.Y16,ts=2520458142
[DEBUG] frames: total=8, depth_sets=5, color=1280Ă—720,OBFormat.RGB,ts=2520458207, depth=640Ă—576,OBFormat.Y16,ts=2520458209
[DEBUG] frames: total=9, depth_sets=6, color=1280Ă—720,OBFormat.RGB,ts=2520458307, depth=640Ă—576,OBFormat.Y16,ts=2520458308
[DEBUG] frames: total=10, depth_sets=7, color=1280Ă—720,OBFormat.RGB,ts=2520458440, depth=640Ă—576,OBFormat.Y16,ts=2520458441
[DEBUG] frames: total=11, depth_sets=8, color=1280Ă—720,OBFormat.RGB,ts=2520458673, depth=640Ă—576,OBFormat.Y16,ts=2520458674
[DEBUG] frames: total=12, depth_sets=9, color=1280Ă—720,OBFormat.RGB,ts=2520458806, depth=640Ă—576,OBFormat.Y16,ts=2520458807
[DEBUG] frames: total=13, depth_sets=10, color=1280Ă—720,OBFormat.RGB,ts=2520458939, depth=640Ă—576,OBFormat.Y16,ts=2520458940
[DEBUG] frames: total=14, depth_sets=11, color=1280Ă—720,OBFormat.RGB,ts=2520459006, depth=640Ă—576,OBFormat.Y16,ts=2520459007
[DEBUG] frames: total=15, depth_sets=12, color=1280Ă—720,OBFormat.RGB,ts=2520459072, depth=640Ă—576,OBFormat.Y16,ts=2520459073
[DEBUG] frames: total=16, depth_sets=13, color=1280Ă—720,OBFormat.RGB,ts=2520459139, depth=640Ă—576,OBFormat.Y16,ts=2520459140
[DEBUG] frames: total=17, depth_sets=14, color=1280Ă—720,OBFormat.RGB,ts=2520459338, depth=640Ă—576,OBFormat.Y16,ts=2520459340
[DEBUG] frames: total=18, depth_sets=15, color=1280Ă—720,OBFormat.RGB,ts=2520459438, depth=640Ă—576,OBFormat.Y16,ts=2520459439
[DEBUG] frames: total=19, depth_sets=16, color=1280Ă—720,OBFormat.RGB,ts=2520459505, depth=640Ă—576,OBFormat.Y16,ts=2520459506
[DEBUG] frames: total=20, depth_sets=17, color=1280Ă—720,OBFormat.RGB,ts=2520459605, depth=640Ă—576,OBFormat.Y16,ts=2520459606
[DEBUG] frames: total=21, depth_sets=18, color=1280Ă—720,OBFormat.RGB,ts=2520459704, depth=640Ă—576,OBFormat.Y16,ts=2520459705
[DEBUG] frames: total=22, depth_sets=19, color=1280Ă—720,OBFormat.RGB,ts=2520459804, depth=640Ă—576,OBFormat.Y16,ts=2520459805
[DEBUG] frames: total=23, depth_sets=20, color=1280Ă—720,OBFormat.RGB,ts=2520459871, depth=640Ă—576,OBFormat.Y16,ts=2520459872
[DEBUG] frames: total=24, depth_sets=21, color=1280Ă—720,OBFormat.RGB,ts=2520459970, depth=640Ă—576,OBFormat.Y16,ts=2520459972
[DEBUG] frames: total=25, depth_sets=22, color=1280Ă—720,OBFormat.RGB,ts=2520460037, depth=640Ă—576,OBFormat.Y16,ts=2520460038
[DEBUG] frames: total=26, depth_sets=23, color=1280Ă—720,OBFormat.RGB,ts=2520460137, depth=640Ă—576,OBFormat.Y16,ts=2520460138
[DEBUG] frames: total=27, depth_sets=24, color=1280Ă—720,OBFormat.RGB,ts=2520460237, depth=640Ă—576,OBFormat.Y16,ts=2520460238
[DEBUG] frames: total=28, depth_sets=25, color=1280Ă—720,OBFormat.RGB,ts=2520460303, depth=640Ă—576,OBFormat.Y16,ts=2520460304
[DEBUG] frames: total=29, depth_sets=26, color=1280Ă—720,OBFormat.RGB,ts=2520460403, depth=640Ă—576,OBFormat.Y16,ts=2520460404
[DEBUG] frames: total=30, depth_sets=27, color=1280Ă—720,OBFormat.RGB,ts=2520460503, depth=640Ă—576,OBFormat.Y16,ts=2520460504
[DEBUG] frames: total=31, depth_sets=28, color=1280Ă—720,OBFormat.RGB,ts=2520460602, depth=640Ă—576,OBFormat.Y16,ts=2520460604
[DEBUG] frames: total=32, depth_sets=29, color=1280Ă—720,OBFormat.RGB,ts=2520460669, depth=640Ă—576,OBFormat.Y16,ts=2520460670
[DEBUG] frames: total=33, depth_sets=30, color=1280Ă—720,OBFormat.RGB,ts=2520460769, depth=640Ă—576,OBFormat.Y16,ts=2520460770
[DEBUG] frames: total=34, depth_sets=31, color=1280Ă—720,OBFormat.RGB,ts=2520460835, depth=640Ă—576,OBFormat.Y16,ts=2520460836
[DEBUG] frames: total=35, depth_sets=32, color=1280Ă—720,OBFormat.RGB,ts=2520460935, depth=640Ă—576,OBFormat.Y16,ts=2520460936
[DEBUG] frames: total=36, depth_sets=33, color=1280Ă—720,OBFormat.RGB,ts=2520461035, depth=640Ă—576,OBFormat.Y16,ts=2520461036
[DEBUG] frames: total=37, depth_sets=34, color=1280Ă—720,OBFormat.RGB,ts=2520461101, depth=640Ă—576,OBFormat.Y16,ts=2520461103
[DEBUG] frames: total=38, depth_sets=35, color=1280Ă—720,OBFormat.RGB,ts=2520461201, depth=640Ă—576,OBFormat.Y16,ts=2520461202
[DEBUG] frames: total=39, depth_sets=36, color=1280Ă—720,OBFormat.RGB,ts=2520461268, depth=640Ă—576,OBFormat.Y16,ts=2520461269
[DEBUG] frames: total=40, depth_sets=37, color=1280Ă—720,OBFormat.RGB,ts=2520461334, depth=640Ă—576,OBFormat.Y16,ts=2520461335
[DEBUG] frames: total=41, depth_sets=38, color=1280Ă—720,OBFormat.RGB,ts=2520461434, depth=640Ă—576,OBFormat.Y16,ts=2520461435
[DEBUG] frames: total=42, depth_sets=39, color=1280Ă—720,OBFormat.RGB,ts=2520461501, depth=640Ă—576,OBFormat.Y16,ts=2520461502
[DEBUG] frames: total=43, depth_sets=40, color=1280Ă—720,OBFormat.RGB,ts=2520461567, depth=640Ă—576,OBFormat.Y16,ts=2520461568
[DEBUG] frames: total=44, depth_sets=41, color=1280Ă—720,OBFormat.RGB,ts=2520461634, depth=640Ă—576,OBFormat.Y16,ts=2520461635
[DEBUG] frames: total=45, depth_sets=42, color=1280Ă—720,OBFormat.RGB,ts=2520461734, depth=640Ă—576,OBFormat.Y16,ts=2520461735
[DEBUG] frames: total=46, depth_sets=43, color=1280Ă—720,OBFormat.RGB,ts=2520461800, depth=640Ă—576,OBFormat.Y16,ts=2520461801
[DEBUG] frames: total=47, depth_sets=44, color=1280Ă—720,OBFormat.RGB,ts=2520461867, depth=640Ă—576,OBFormat.Y16,ts=2520461868
[DEBUG] frames: total=48, depth_sets=45, color=1280Ă—720,OBFormat.RGB,ts=2520461966, depth=640Ă—576,OBFormat.Y16,ts=2520461968
[DEBUG] frames: total=49, depth_sets=46, color=1280Ă—720,OBFormat.RGB,ts=2520462033, depth=640Ă—576,OBFormat.Y16,ts=2520462034
[DEBUG] frames: total=50, depth_sets=47, color=1280Ă—720,OBFormat.RGB,ts=2520462099, depth=640Ă—576,OBFormat.Y16,ts=2520462101
[DEBUG] frames: total=51, depth_sets=48, color=1280Ă—720,OBFormat.RGB,ts=2520462199, depth=640Ă—576,OBFormat.Y16,ts=2520462200
[DEBUG] frames: total=52, depth_sets=49, color=1280Ă—720,OBFormat.RGB,ts=2520462266, depth=640Ă—576,OBFormat.Y16,ts=2520462267
[DEBUG] frames: total=53, depth_sets=50, color=1280Ă—720,OBFormat.RGB,ts=2520462332, depth=640Ă—576,OBFormat.Y16,ts=2520462333
[DEBUG] frames: total=54, depth_sets=51, color=1280Ă—720,OBFormat.RGB,ts=2520462432, depth=640Ă—576,OBFormat.Y16,ts=2520462433
[DEBUG] frames: total=55, depth_sets=52, color=1280Ă—720,OBFormat.RGB,ts=2520462532, depth=640Ă—576,OBFormat.Y16,ts=2520462533
[DEBUG] frames: total=56, depth_sets=53, color=1280Ă—720,OBFormat.RGB,ts=2520462598, depth=640Ă—576,OBFormat.Y16,ts=2520462600
[DEBUG] frames: total=57, depth_sets=54, color=1280Ă—720,OBFormat.RGB,ts=2520462665, depth=640Ă—576,OBFormat.Y16,ts=2520462666
[DEBUG] frames: total=58, depth_sets=55, color=1280Ă—720,OBFormat.RGB,ts=2520462765, depth=640Ă—576,OBFormat.Y16,ts=2520462766
[DEBUG] frames: total=59, depth_sets=56, color=1280Ă—720,OBFormat.RGB,ts=2520462831, depth=640Ă—576,OBFormat.Y16,ts=2520462832
[DEBUG] frames: total=60, depth_sets=57, color=1280Ă—720,OBFormat.RGB,ts=2520462931, depth=640Ă—576,OBFormat.Y16,ts=2520462932
[DEBUG] frames: total=61, depth_sets=58, color=1280Ă—720,OBFormat.RGB,ts=2520463031, depth=640Ă—576,OBFormat.Y16,ts=2520463032
[DEBUG] frames: total=62, depth_sets=59, color=1280Ă—720,OBFormat.RGB,ts=2520463131, depth=640Ă—576,OBFormat.Y16,ts=2520463132
[DEBUG] frames: total=63, depth_sets=60, color=1280Ă—720,OBFormat.RGB,ts=2520463197, depth=640Ă—576,OBFormat.Y16,ts=2520463198
[DEBUG] frames: total=64, depth_sets=61, color=1280Ă—720,OBFormat.RGB,ts=2520463297, depth=640Ă—576,OBFormat.Y16,ts=2520463298
[DEBUG] frames: total=65, depth_sets=62, color=1280Ă—720,OBFormat.RGB,ts=2520463363, depth=640Ă—576,OBFormat.Y16,ts=2520463365
[DEBUG] frames: total=66, depth_sets=63, color=1280Ă—720,OBFormat.RGB,ts=2520463463, depth=640Ă—576,OBFormat.Y16,ts=2520463464
[DEBUG] frames: total=67, depth_sets=64, color=1280Ă—720,OBFormat.RGB,ts=2520463530, depth=640Ă—576,OBFormat.Y16,ts=2520463531
[DEBUG] frames: total=68, depth_sets=65, color=1280Ă—720,OBFormat.RGB,ts=2520463630, depth=640Ă—576,OBFormat.Y16,ts=2520463631
[DEBUG] frames: total=69, depth_sets=66, color=1280Ă—720,OBFormat.RGB,ts=2520463696, depth=640Ă—576,OBFormat.Y16,ts=2520463697
[DEBUG] frames: total=70, depth_sets=67, color=1280Ă—720,OBFormat.RGB,ts=2520463796, depth=640Ă—576,OBFormat.Y16,ts=2520463797
[DEBUG] frames: total=71, depth_sets=68, color=1280Ă—720,OBFormat.RGB,ts=2520463862, depth=640Ă—576,OBFormat.Y16,ts=2520463864
[DEBUG] frames: total=72, depth_sets=69, color=1280Ă—720,OBFormat.RGB,ts=2520463962, depth=640Ă—576,OBFormat.Y16,ts=2520463963
[DEBUG] frames: total=73, depth_sets=70, color=1280Ă—720,OBFormat.RGB,ts=2520464029, depth=640Ă—576,OBFormat.Y16,ts=2520464030
[DEBUG] frames: total=74, depth_sets=71, color=1280Ă—720,OBFormat.RGB,ts=2520464095, depth=640Ă—576,OBFormat.Y16,ts=2520464096
[DEBUG] frames: total=75, depth_sets=72, color=1280Ă—720,OBFormat.RGB,ts=2520464195, depth=640Ă—576,OBFormat.Y16,ts=2520464196
[DEBUG] frames: total=76, depth_sets=73, color=1280Ă—720,OBFormat.RGB,ts=2520464262, depth=640Ă—576,OBFormat.Y16,ts=2520464263
[DEBUG] frames: total=77, depth_sets=74, color=1280Ă—720,OBFormat.RGB,ts=2520464361, depth=640Ă—576,OBFormat.Y16,ts=2520464362
[DEBUG] frames: total=78, depth_sets=75, color=1280Ă—720,OBFormat.RGB,ts=2520464428, depth=640Ă—576,OBFormat.Y16,ts=2520464429
[DEBUG] frames: total=79, depth_sets=76, color=1280Ă—720,OBFormat.RGB,ts=2520464494, depth=640Ă—576,OBFormat.Y16,ts=2520464496
[DEBUG] frames: total=80, depth_sets=77, color=1280Ă—720,OBFormat.RGB,ts=2520464594, depth=640Ă—576,OBFormat.Y16,ts=2520464595
[DEBUG] frames: total=81, depth_sets=78, color=1280Ă—720,OBFormat.RGB,ts=2520464661, depth=640Ă—576,OBFormat.Y16,ts=2520464662
[DEBUG] frames: total=82, depth_sets=79, color=1280Ă—720,OBFormat.RGB,ts=2520464727, depth=640Ă—576,OBFormat.Y16,ts=2520464728
[DEBUG] frames: total=83, depth_sets=80, color=1280Ă—720,OBFormat.RGB,ts=2520464827, depth=640Ă—576,OBFormat.Y16,ts=2520464828
[DEBUG] frames: total=84, depth_sets=81, color=1280Ă—720,OBFormat.RGB,ts=2520464894, depth=640Ă—576,OBFormat.Y16,ts=2520464895
[DEBUG] frames: total=85, depth_sets=82, color=1280Ă—720,OBFormat.RGB,ts=2520464960, depth=640Ă—576,OBFormat.Y16,ts=2520464961
[DEBUG] frames: total=86, depth_sets=83, color=1280Ă—720,OBFormat.RGB,ts=2520465060, depth=640Ă—576,OBFormat.Y16,ts=2520465061
[DEBUG] frames: total=87, depth_sets=84, color=1280Ă—720,OBFormat.RGB,ts=2520465126, depth=640Ă—576,OBFormat.Y16,ts=2520465128
[DEBUG] frames: total=88, depth_sets=85, color=1280Ă—720,OBFormat.RGB,ts=2520465193, depth=640Ă—576,OBFormat.Y16,ts=2520465194
[DEBUG] frames: total=89, depth_sets=86, color=1280Ă—720,OBFormat.RGB,ts=2520465293, depth=640Ă—576,OBFormat.Y16,ts=2520465294
[DEBUG] frames: total=90, depth_sets=87, color=1280Ă—720,OBFormat.RGB,ts=2520465359, depth=640Ă—576,OBFormat.Y16,ts=2520465360
[DEBUG] frames: total=91, depth_sets=88, color=1280Ă—720,OBFormat.RGB,ts=2520465426, depth=640Ă—576,OBFormat.Y16,ts=2520465427
[DEBUG] frames: total=92, depth_sets=89, color=1280Ă—720,OBFormat.RGB,ts=2520465526, depth=640Ă—576,OBFormat.Y16,ts=2520465527
[DEBUG] frames: total=93, depth_sets=90, color=1280Ă—720,OBFormat.RGB,ts=2520465592, depth=640Ă—576,OBFormat.Y16,ts=2520465593
[DEBUG] frames: total=94, depth_sets=91, color=1280Ă—720,OBFormat.RGB,ts=2520465692, depth=640Ă—576,OBFormat.Y16,ts=2520465693
[DEBUG] frames: total=95, depth_sets=92, color=1280Ă—720,OBFormat.RGB,ts=2520465758, depth=640Ă—576,OBFormat.Y16,ts=2520465759
[DEBUG] frames: total=96, depth_sets=93, color=1280Ă—720,OBFormat.RGB,ts=2520465858, depth=640Ă—576,OBFormat.Y16,ts=2520465859
[DEBUG] frames: total=97, depth_sets=94, color=1280Ă—720,OBFormat.RGB,ts=2520465925, depth=640Ă—576,OBFormat.Y16,ts=2520465926
[DEBUG] frames: total=98, depth_sets=95, color=1280Ă—720,OBFormat.RGB,ts=2520465991, depth=640Ă—576,OBFormat.Y16,ts=2520465992
[DEBUG] frames: total=99, depth_sets=96, color=1280Ă—720,OBFormat.RGB,ts=2520466091, depth=640Ă—576,OBFormat.Y16,ts=2520466092
[DEBUG] frames: total=100, depth_sets=97, color=1280Ă—720,OBFormat.RGB,ts=2520466157, depth=640Ă—576,OBFormat.Y16,ts=2520466159
[DEBUG] frames: total=101, depth_sets=98, color=1280Ă—720,OBFormat.RGB,ts=2520466257, depth=640Ă—576,OBFormat.Y16,ts=2520466258
[DEBUG] frames: total=102, depth_sets=99, color=1280Ă—720,OBFormat.RGB,ts=2520466324, depth=640Ă—576,OBFormat.Y16,ts=2520466325
[DEBUG] frames: total=103, depth_sets=100, color=1280Ă—720,OBFormat.RGB,ts=2520466424, depth=640Ă—576,OBFormat.Y16,ts=2520466425
[DEBUG] frames: total=104, depth_sets=101, color=1280Ă—720,OBFormat.RGB,ts=2520466523, depth=640Ă—576,OBFormat.Y16,ts=2520466524
[DEBUG] frames: total=105, depth_sets=102, color=1280Ă—720,OBFormat.RGB,ts=2520466590, depth=640Ă—576,OBFormat.Y16,ts=2520466591
[DEBUG] frames: total=106, depth_sets=103, color=1280Ă—720,OBFormat.RGB,ts=2520466690, depth=640Ă—576,OBFormat.Y16,ts=2520466691
[DEBUG] frames: total=107, depth_sets=104, color=1280Ă—720,OBFormat.RGB,ts=2520466756, depth=640Ă—576,OBFormat.Y16,ts=2520466757
[DEBUG] frames: total=108, depth_sets=105, color=1280Ă—720,OBFormat.RGB,ts=2520466856, depth=640Ă—576,OBFormat.Y16,ts=2520466857
[DEBUG] frames: total=109, depth_sets=106, color=1280Ă—720,OBFormat.RGB,ts=2520466922, depth=640Ă—576,OBFormat.Y16,ts=2520466924
[DEBUG] frames: total=110, depth_sets=107, color=1280Ă—720,OBFormat.RGB,ts=2520466989, depth=640Ă—576,OBFormat.Y16,ts=2520466990
[DEBUG] frames: total=111, depth_sets=108, color=1280Ă—720,OBFormat.RGB,ts=2520467089, depth=640Ă—576,OBFormat.Y16,ts=2520467090
[DEBUG] frames: total=112, depth_sets=109, color=1280Ă—720,OBFormat.RGB,ts=2520467189, depth=640Ă—576,OBFormat.Y16,ts=2520467190
[DEBUG] frames: total=113, depth_sets=110, color=1280Ă—720,OBFormat.RGB,ts=2520467255, depth=640Ă—576,OBFormat.Y16,ts=2520467256
****[DEBUG] RGB shape: (720, 1280, 3), Depth shape: (576, 640)
[DEBUG] RGB shape: (720, 510, 3)
[DEBUG] Depth shape: (576, 640)
[DEBUG] Depth dtype: uint16
[DEBUG] Depth min/max: 0, 1519
[DEBUG] Valid depth pixels: 258899
[DEBUG] Valid depth pixels after filtering: 258896
[DEBUG] Full point cloud has 258896 points.
[INFO] Plane equation: 0.02x + -0.16y + 0.99z + -0.48 = 0
[DEBUG] Plane inliers: 217829
[DEBUG] Non-plane points: 41067
[DEBUG] Isolated 3D object cluster contains 22305 points.
[DEBUG] Mask projection: isolated foreground=21766
[DEBUG] Belt ROI: x_margin=76, y_margin=11, foreground=5578
[DEBUG] Mask cleanup: raw foreground=5578
[DEBUG] Mask cleanup: after morphology=6725
[DEBUG] Mask cleanup candidate: idx=3 area=6408 bbox=(503, 200, 61, 190) centroid=(537.3, 288.6) touches_border=False strip_like=False mean_residual=0.1182 max_residual=0.4829 residual_ok=True score=29.3508
[DEBUG] Mask cleanup: connected components=4, min_area=368, selected_indices=[3], selected_area=6408
[DEBUG] Mask cleanup: final area after dilation=9369
[DEBUG] Mask projection: final cleaned foreground=9369
[WARNING] Mask/image shape mismatch: mask=(576, 640), image=(720, 510). Resizing mask for overlay/export.
[DEBUG] Overlay saved to dataset/debug/img0930_overlay.png
[MASK-QA] shape=(576, 640) foreground=9369 ratio=0.025415 components=1 largest_area=9369 border_pixels=0 border_ratio=0.000000
[INFO] Info saved to dataset/info/img0930.txt
[WARNING] Mask/image shape mismatch: mask=(576, 640), image=(720, 510). Resizing mask for overlay/export.
[DEBUG] Capture QA report saved to dataset/debug/img0930.txt
[INFO] Frame captured for class: 0
[INFO] Quitting application.
