[INFO] Session log file: dataset/debug/session_20260520_164514.log
[DEBUG] frames: total=1, depth_sets=0, color=1280Ă—720,OBFormat.RGB,ts=2616465765, depth=None
[WARNING] Align filter returned None
[DEBUG] frames: total=2, depth_sets=1, color=1280Ă—720,OBFormat.RGB,ts=2616465898, depth=640Ă—576,OBFormat.Y16,ts=2616465900
[DEBUG] frames: total=3, depth_sets=2, color=1280Ă—720,OBFormat.RGB,ts=2616466031, depth=640Ă—576,OBFormat.Y16,ts=2616466033
[DEBUG] frames: total=4, depth_sets=3, color=1280Ă—720,OBFormat.RGB,ts=2616466164, depth=640Ă—576,OBFormat.Y16,ts=2616466166
[DEBUG] frames: total=5, depth_sets=4, color=1280Ă—720,OBFormat.RGB,ts=2616466297, depth=640Ă—576,OBFormat.Y16,ts=2616466299
[DEBUG] frames: total=6, depth_sets=5, color=1280Ă—720,OBFormat.RGB,ts=2616466530, depth=640Ă—576,OBFormat.Y16,ts=2616466531
[DEBUG] frames: total=7, depth_sets=6, color=1280Ă—720,OBFormat.RGB,ts=2616466696, depth=640Ă—576,OBFormat.Y16,ts=2616466697
[DEBUG] frames: total=8, depth_sets=7, color=1280Ă—720,OBFormat.RGB,ts=2616466730, depth=640Ă—576,OBFormat.Y16,ts=2616466731
[DEBUG] frames: total=9, depth_sets=8, color=1280Ă—720,OBFormat.RGB,ts=2616466829, depth=640Ă—576,OBFormat.Y16,ts=2616466830
[DEBUG] frames: total=10, depth_sets=9, color=1280Ă—720,OBFormat.RGB,ts=2616466996, depth=640Ă—576,OBFormat.Y16,ts=2616466997
[DEBUG] frames: total=11, depth_sets=10, color=1280Ă—720,OBFormat.RGB,ts=2616467129, depth=640Ă—576,OBFormat.Y16,ts=2616467130
[DEBUG] frames: total=12, depth_sets=11, color=1280Ă—720,OBFormat.RGB,ts=2616467195, depth=640Ă—576,OBFormat.Y16,ts=2616467196
[DEBUG] frames: total=13, depth_sets=12, color=1280Ă—720,OBFormat.RGB,ts=2616467328, depth=640Ă—576,OBFormat.Y16,ts=2616467329
[DEBUG] frames: total=14, depth_sets=13, color=1280Ă—720,OBFormat.RGB,ts=2616467428, depth=640Ă—576,OBFormat.Y16,ts=2616467429
[DEBUG] frames: total=15, depth_sets=14, color=1280Ă—720,OBFormat.RGB,ts=2616467527, depth=640Ă—576,OBFormat.Y16,ts=2616467529
[DEBUG] frames: total=16, depth_sets=15, color=1280Ă—720,OBFormat.RGB,ts=2616467594, depth=640Ă—576,OBFormat.Y16,ts=2616467595
[DEBUG] frames: total=17, depth_sets=16, color=1280Ă—720,OBFormat.RGB,ts=2616467660, depth=640Ă—576,OBFormat.Y16,ts=2616467662
[DEBUG] frames: total=18, depth_sets=17, color=1280Ă—720,OBFormat.RGB,ts=2616467760, depth=640Ă—576,OBFormat.Y16,ts=2616467761
[DEBUG] frames: total=19, depth_sets=18, color=1280Ă—720,OBFormat.RGB,ts=2616467827, depth=640Ă—576,OBFormat.Y16,ts=2616467828
[DEBUG] frames: total=20, depth_sets=19, color=1280Ă—720,OBFormat.RGB,ts=2616467960, depth=640Ă—576,OBFormat.Y16,ts=2616467961
[DEBUG] frames: total=21, depth_sets=20, color=1280Ă—720,OBFormat.RGB,ts=2616468059, depth=640Ă—576,OBFormat.Y16,ts=2616468061
[DEBUG] frames: total=22, depth_sets=21, color=1280Ă—720,OBFormat.RGB,ts=2616468159, depth=640Ă—576,OBFormat.Y16,ts=2616468160
[DEBUG] frames: total=23, depth_sets=22, color=1280Ă—720,OBFormat.RGB,ts=2616468259, depth=640Ă—576,OBFormat.Y16,ts=2616468260
[DEBUG] frames: total=24, depth_sets=23, color=1280Ă—720,OBFormat.RGB,ts=2616468325, depth=640Ă—576,OBFormat.Y16,ts=2616468327
[DEBUG] frames: total=25, depth_sets=24, color=1280Ă—720,OBFormat.RGB,ts=2616468425, depth=640Ă—576,OBFormat.Y16,ts=2616468426
[DEBUG] frames: total=26, depth_sets=25, color=1280Ă—720,OBFormat.RGB,ts=2616468525, depth=640Ă—576,OBFormat.Y16,ts=2616468526
[DEBUG] frames: total=27, depth_sets=26, color=1280Ă—720,OBFormat.RGB,ts=2616468591, depth=640Ă—576,OBFormat.Y16,ts=2616468593
[DEBUG] frames: total=28, depth_sets=27, color=1280Ă—720,OBFormat.RGB,ts=2616468691, depth=640Ă—576,OBFormat.Y16,ts=2616468692
[DEBUG] frames: total=29, depth_sets=28, color=1280Ă—720,OBFormat.RGB,ts=2616468758, depth=640Ă—576,OBFormat.Y16,ts=2616468759
[DEBUG] frames: total=30, depth_sets=29, color=1280Ă—720,OBFormat.RGB,ts=2616468857, depth=640Ă—576,OBFormat.Y16,ts=2616468859
[DEBUG] frames: total=31, depth_sets=30, color=1280Ă—720,OBFormat.RGB,ts=2616468924, depth=640Ă—576,OBFormat.Y16,ts=2616468925
[DEBUG] frames: total=32, depth_sets=31, color=1280Ă—720,OBFormat.RGB,ts=2616469024, depth=640Ă—576,OBFormat.Y16,ts=2616469025
[DEBUG] frames: total=33, depth_sets=32, color=1280Ă—720,OBFormat.RGB,ts=2616469090, depth=640Ă—576,OBFormat.Y16,ts=2616469091
[DEBUG] frames: total=34, depth_sets=33, color=1280Ă—720,OBFormat.RGB,ts=2616469190, depth=640Ă—576,OBFormat.Y16,ts=2616469191
[DEBUG] frames: total=35, depth_sets=34, color=1280Ă—720,OBFormat.RGB,ts=2616469256, depth=640Ă—576,OBFormat.Y16,ts=2616469258
[DEBUG] frames: total=36, depth_sets=35, color=1280Ă—720,OBFormat.RGB,ts=2616469356, depth=640Ă—576,OBFormat.Y16,ts=2616469357
[DEBUG] frames: total=37, depth_sets=36, color=1280Ă—720,OBFormat.RGB,ts=2616469423, depth=640Ă—576,OBFormat.Y16,ts=2616469424
[DEBUG] frames: total=38, depth_sets=37, color=1280Ă—720,OBFormat.RGB,ts=2616469522, depth=640Ă—576,OBFormat.Y16,ts=2616469524
[DEBUG] frames: total=39, depth_sets=38, color=1280Ă—720,OBFormat.RGB,ts=2616469589, depth=640Ă—576,OBFormat.Y16,ts=2616469590
[DEBUG] frames: total=40, depth_sets=39, color=1280Ă—720,OBFormat.RGB,ts=2616469689, depth=640Ă—576,OBFormat.Y16,ts=2616469690
[DEBUG] frames: total=41, depth_sets=40, color=1280Ă—720,OBFormat.RGB,ts=2616469755, depth=640Ă—576,OBFormat.Y16,ts=2616469756
[DEBUG] frames: total=42, depth_sets=41, color=1280Ă—720,OBFormat.RGB,ts=2616469855, depth=640Ă—576,OBFormat.Y16,ts=2616469856
[DEBUG] frames: total=43, depth_sets=42, color=1280Ă—720,OBFormat.RGB,ts=2616469921, depth=640Ă—576,OBFormat.Y16,ts=2616469923
[DEBUG] frames: total=44, depth_sets=43, color=1280Ă—720,OBFormat.RGB,ts=2616470021, depth=640Ă—576,OBFormat.Y16,ts=2616470022
[DEBUG] frames: total=45, depth_sets=44, color=1280Ă—720,OBFormat.RGB,ts=2616470088, depth=640Ă—576,OBFormat.Y16,ts=2616470089
[DEBUG] frames: total=46, depth_sets=45, color=1280Ă—720,OBFormat.RGB,ts=2616470187, depth=640Ă—576,OBFormat.Y16,ts=2616470189
[DEBUG] frames: total=47, depth_sets=46, color=1280Ă—720,OBFormat.RGB,ts=2616470254, depth=640Ă—576,OBFormat.Y16,ts=2616470255
[DEBUG] frames: total=48, depth_sets=47, color=1280Ă—720,OBFormat.RGB,ts=2616470354, depth=640Ă—576,OBFormat.Y16,ts=2616470355
[DEBUG] frames: total=49, depth_sets=48, color=1280Ă—720,OBFormat.RGB,ts=2616470453, depth=640Ă—576,OBFormat.Y16,ts=2616470455
[DEBUG] frames: total=50, depth_sets=49, color=1280Ă—720,OBFormat.RGB,ts=2616470520, depth=640Ă—576,OBFormat.Y16,ts=2616470521
[DEBUG] frames: total=51, depth_sets=50, color=1280Ă—720,OBFormat.RGB,ts=2616470620, depth=640Ă—576,OBFormat.Y16,ts=2616470621
[DEBUG] frames: total=52, depth_sets=51, color=1280Ă—720,OBFormat.RGB,ts=2616470686, depth=640Ă—576,OBFormat.Y16,ts=2616470687
[DEBUG] frames: total=53, depth_sets=52, color=1280Ă—720,OBFormat.RGB,ts=2616470786, depth=640Ă—576,OBFormat.Y16,ts=2616470787
[DEBUG] frames: total=54, depth_sets=53, color=1280Ă—720,OBFormat.RGB,ts=2616470852, depth=640Ă—576,OBFormat.Y16,ts=2616470854
[DEBUG] frames: total=55, depth_sets=54, color=1280Ă—720,OBFormat.RGB,ts=2616470952, depth=640Ă—576,OBFormat.Y16,ts=2616470953
[DEBUG] frames: total=56, depth_sets=55, color=1280Ă—720,OBFormat.RGB,ts=2616471052, depth=640Ă—576,OBFormat.Y16,ts=2616471053
[DEBUG] frames: total=57, depth_sets=56, color=1280Ă—720,OBFormat.RGB,ts=2616471152, depth=640Ă—576,OBFormat.Y16,ts=2616471153
[DEBUG] frames: total=58, depth_sets=57, color=1280Ă—720,OBFormat.RGB,ts=2616471251, depth=640Ă—576,OBFormat.Y16,ts=2616471253
[DEBUG] frames: total=59, depth_sets=58, color=1280Ă—720,OBFormat.RGB,ts=2616471318, depth=640Ă—576,OBFormat.Y16,ts=2616471319
[DEBUG] frames: total=60, depth_sets=59, color=1280Ă—720,OBFormat.RGB,ts=2616471418, depth=640Ă—576,OBFormat.Y16,ts=2616471419
[DEBUG] frames: total=61, depth_sets=60, color=1280Ă—720,OBFormat.RGB,ts=2616471484, depth=640Ă—576,OBFormat.Y16,ts=2616471485
[DEBUG] frames: total=62, depth_sets=61, color=1280Ă—720,OBFormat.RGB,ts=2616471584, depth=640Ă—576,OBFormat.Y16,ts=2616471585
[DEBUG] frames: total=63, depth_sets=62, color=1280Ă—720,OBFormat.RGB,ts=2616471684, depth=640Ă—576,OBFormat.Y16,ts=2616471685
[DEBUG] frames: total=64, depth_sets=63, color=1280Ă—720,OBFormat.RGB,ts=2616471783, depth=640Ă—576,OBFormat.Y16,ts=2616471784
[DEBUG] frames: total=65, depth_sets=64, color=1280Ă—720,OBFormat.RGB,ts=2616471850, depth=640Ă—576,OBFormat.Y16,ts=2616471851
[DEBUG] frames: total=66, depth_sets=65, color=1280Ă—720,OBFormat.RGB,ts=2616471950, depth=640Ă—576,OBFormat.Y16,ts=2616471951
[DEBUG] frames: total=67, depth_sets=66, color=1280Ă—720,OBFormat.RGB,ts=2616472016, depth=640Ă—576,OBFormat.Y16,ts=2616472017
[DEBUG] frames: total=68, depth_sets=67, color=1280Ă—720,OBFormat.RGB,ts=2616472116, depth=640Ă—576,OBFormat.Y16,ts=2616472117
[DEBUG] frames: total=69, depth_sets=68, color=1280Ă—720,OBFormat.RGB,ts=2616472216, depth=640Ă—576,OBFormat.Y16,ts=2616472217
[DEBUG] frames: total=70, depth_sets=69, color=1280Ă—720,OBFormat.RGB,ts=2616472315, depth=640Ă—576,OBFormat.Y16,ts=2616472316
[DEBUG] frames: total=71, depth_sets=70, color=1280Ă—720,OBFormat.RGB,ts=2616472382, depth=640Ă—576,OBFormat.Y16,ts=2616472383
[DEBUG] frames: total=72, depth_sets=71, color=1280Ă—720,OBFormat.RGB,ts=2616472482, depth=640Ă—576,OBFormat.Y16,ts=2616472483
[DEBUG] frames: total=73, depth_sets=72, color=1280Ă—720,OBFormat.RGB,ts=2616472548, depth=640Ă—576,OBFormat.Y16,ts=2616472549
[DEBUG] frames: total=74, depth_sets=73, color=1280Ă—720,OBFormat.RGB,ts=2616472648, depth=640Ă—576,OBFormat.Y16,ts=2616472649
[DEBUG] frames: total=75, depth_sets=74, color=1280Ă—720,OBFormat.RGB,ts=2616472714, depth=640Ă—576,OBFormat.Y16,ts=2616472715
[DEBUG] frames: total=76, depth_sets=75, color=1280Ă—720,OBFormat.RGB,ts=2616472814, depth=640Ă—576,OBFormat.Y16,ts=2616472815
[DEBUG] frames: total=77, depth_sets=76, color=1280Ă—720,OBFormat.RGB,ts=2616472914, depth=640Ă—576,OBFormat.Y16,ts=2616472915
[DEBUG] frames: total=78, depth_sets=77, color=1280Ă—720,OBFormat.RGB,ts=2616472980, depth=640Ă—576,OBFormat.Y16,ts=2616472981
[DEBUG] frames: total=79, depth_sets=78, color=1280Ă—720,OBFormat.RGB,ts=2616473080, depth=640Ă—576,OBFormat.Y16,ts=2616473081
[DEBUG] frames: total=80, depth_sets=79, color=1280Ă—720,OBFormat.RGB,ts=2616473147, depth=640Ă—576,OBFormat.Y16,ts=2616473148
[DEBUG] frames: total=81, depth_sets=80, color=1280Ă—720,OBFormat.RGB,ts=2616473246, depth=640Ă—576,OBFormat.Y16,ts=2616473247
[DEBUG] frames: total=82, depth_sets=81, color=1280Ă—720,OBFormat.RGB,ts=2616473346, depth=640Ă—576,OBFormat.Y16,ts=2616473347
[DEBUG] frames: total=83, depth_sets=82, color=1280Ă—720,OBFormat.RGB,ts=2616473413, depth=640Ă—576,OBFormat.Y16,ts=2616473414
[DEBUG] frames: total=84, depth_sets=83, color=1280Ă—720,OBFormat.RGB,ts=2616473512, depth=640Ă—576,OBFormat.Y16,ts=2616473513
[DEBUG] frames: total=85, depth_sets=84, color=1280Ă—720,OBFormat.RGB,ts=2616473612, depth=640Ă—576,OBFormat.Y16,ts=2616473613
[DEBUG] frames: total=86, depth_sets=85, color=1280Ă—720,OBFormat.RGB,ts=2616473679, depth=640Ă—576,OBFormat.Y16,ts=2616473680
[DEBUG] frames: total=87, depth_sets=86, color=1280Ă—720,OBFormat.RGB,ts=2616473778, depth=640Ă—576,OBFormat.Y16,ts=2616473779
[DEBUG] frames: total=88, depth_sets=87, color=1280Ă—720,OBFormat.RGB,ts=2616473845, depth=640Ă—576,OBFormat.Y16,ts=2616473846
[DEBUG] frames: total=89, depth_sets=88, color=1280Ă—720,OBFormat.RGB,ts=2616473945, depth=640Ă—576,OBFormat.Y16,ts=2616473946
[DEBUG] frames: total=90, depth_sets=89, color=1280Ă—720,OBFormat.RGB,ts=2616474011, depth=640Ă—576,OBFormat.Y16,ts=2616474012
[DEBUG] frames: total=91, depth_sets=90, color=1280Ă—720,OBFormat.RGB,ts=2616474111, depth=640Ă—576,OBFormat.Y16,ts=2616474112
[DEBUG] frames: total=92, depth_sets=91, color=1280Ă—720,OBFormat.RGB,ts=2616474177, depth=640Ă—576,OBFormat.Y16,ts=2616474178
[DEBUG] frames: total=93, depth_sets=92, color=1280Ă—720,OBFormat.RGB,ts=2616474277, depth=640Ă—576,OBFormat.Y16,ts=2616474278
[DEBUG] frames: total=94, depth_sets=93, color=1280Ă—720,OBFormat.RGB,ts=2616474377, depth=640Ă—576,OBFormat.Y16,ts=2616474378
[DEBUG] frames: total=95, depth_sets=94, color=1280Ă—720,OBFormat.RGB,ts=2616474443, depth=640Ă—576,OBFormat.Y16,ts=2616474444
[DEBUG] frames: total=96, depth_sets=95, color=1280Ă—720,OBFormat.RGB,ts=2616474543, depth=640Ă—576,OBFormat.Y16,ts=2616474544
[DEBUG] frames: total=97, depth_sets=96, color=1280Ă—720,OBFormat.RGB,ts=2616474610, depth=640Ă—576,OBFormat.Y16,ts=2616474611
[DEBUG] frames: total=98, depth_sets=97, color=1280Ă—720,OBFormat.RGB,ts=2616474709, depth=640Ă—576,OBFormat.Y16,ts=2616474710
[DEBUG] frames: total=99, depth_sets=98, color=1280Ă—720,OBFormat.RGB,ts=2616474809, depth=640Ă—576,OBFormat.Y16,ts=2616474810
[DEBUG] frames: total=100, depth_sets=99, color=1280Ă—720,OBFormat.RGB,ts=2616474875, depth=640Ă—576,OBFormat.Y16,ts=2616474877
[DEBUG] frames: total=101, depth_sets=100, color=1280Ă—720,OBFormat.RGB,ts=2616475108, depth=640Ă—576,OBFormat.Y16,ts=2616475109
[DEBUG] frames: total=102, depth_sets=101, color=1280Ă—720,OBFormat.RGB,ts=2616475274, depth=640Ă—576,OBFormat.Y16,ts=2616475276
[DEBUG] frames: total=103, depth_sets=102, color=1280Ă—720,OBFormat.RGB,ts=2616475341, depth=640Ă—576,OBFormat.Y16,ts=2616475342
[DEBUG] frames: total=104, depth_sets=103, color=1280Ă—720,OBFormat.RGB,ts=2616475441, depth=640Ă—576,OBFormat.Y16,ts=2616475442
[DEBUG] frames: total=105, depth_sets=104, color=1280Ă—720,OBFormat.RGB,ts=2616475540, depth=640Ă—576,OBFormat.Y16,ts=2616475542
[DEBUG] frames: total=106, depth_sets=105, color=1280Ă—720,OBFormat.RGB,ts=2616475640, depth=640Ă—576,OBFormat.Y16,ts=2616475641
[DEBUG] frames: total=107, depth_sets=106, color=1280Ă—720,OBFormat.RGB,ts=2616475740, depth=640Ă—576,OBFormat.Y16,ts=2616475741
[DEBUG] frames: total=108, depth_sets=107, color=1280Ă—720,OBFormat.RGB,ts=2616475939, depth=640Ă—576,OBFormat.Y16,ts=2616475941
[DEBUG] frames: total=109, depth_sets=108, color=1280Ă—720,OBFormat.RGB,ts=2616476006, depth=640Ă—576,OBFormat.Y16,ts=2616476007
[DEBUG] frames: total=110, depth_sets=109, color=1280Ă—720,OBFormat.RGB,ts=2616476239, depth=640Ă—576,OBFormat.Y16,ts=2616476240
[DEBUG] frames: total=111, depth_sets=110, color=1280Ă—720,OBFormat.RGB,ts=2616476338, depth=640Ă—576,OBFormat.Y16,ts=2616476340
[DEBUG] frames: total=112, depth_sets=111, color=1280Ă—720,OBFormat.RGB,ts=2616476438, depth=640Ă—576,OBFormat.Y16,ts=2616476439
[DEBUG] frames: total=113, depth_sets=112, color=1280Ă—720,OBFormat.RGB,ts=2616476538, depth=640Ă—576,OBFormat.Y16,ts=2616476539
[DEBUG] frames: total=114, depth_sets=113, color=1280Ă—720,OBFormat.RGB,ts=2616476604, depth=640Ă—576,OBFormat.Y16,ts=2616476606
[DEBUG] frames: total=115, depth_sets=114, color=1280Ă—720,OBFormat.RGB,ts=2616476704, depth=640Ă—576,OBFormat.Y16,ts=2616476705
[DEBUG] frames: total=116, depth_sets=115, color=1280Ă—720,OBFormat.RGB,ts=2616476771, depth=640Ă—576,OBFormat.Y16,ts=2616476772
[DEBUG] frames: total=117, depth_sets=116, color=1280Ă—720,OBFormat.RGB,ts=2616476870, depth=640Ă—576,OBFormat.Y16,ts=2616476872
[DEBUG] frames: total=118, depth_sets=117, color=1280Ă—720,OBFormat.RGB,ts=2616476937, depth=640Ă—576,OBFormat.Y16,ts=2616476938
[DEBUG] frames: total=119, depth_sets=118, color=1280Ă—720,OBFormat.RGB,ts=2616477037, depth=640Ă—576,OBFormat.Y16,ts=2616477038
[DEBUG] frames: total=120, depth_sets=119, color=1280Ă—720,OBFormat.RGB,ts=2616477103, depth=640Ă—576,OBFormat.Y16,ts=2616477104
[DEBUG] frames: total=121, depth_sets=120, color=1280Ă—720,OBFormat.RGB,ts=2616477203, depth=640Ă—576,OBFormat.Y16,ts=2616477204
[DEBUG] frames: total=122, depth_sets=121, color=1280Ă—720,OBFormat.RGB,ts=2616477303, depth=640Ă—576,OBFormat.Y16,ts=2616477304
[DEBUG] frames: total=123, depth_sets=122, color=1280Ă—720,OBFormat.RGB,ts=2616477369, depth=640Ă—576,OBFormat.Y16,ts=2616477370
[DEBUG] frames: total=124, depth_sets=123, color=1280Ă—720,OBFormat.RGB,ts=2616477469, depth=640Ă—576,OBFormat.Y16,ts=2616477470
[DEBUG] frames: total=125, depth_sets=124, color=1280Ă—720,OBFormat.RGB,ts=2616477535, depth=640Ă—576,OBFormat.Y16,ts=2616477537
[DEBUG] frames: total=126, depth_sets=125, color=1280Ă—720,OBFormat.RGB,ts=2616477635, depth=640Ă—576,OBFormat.Y16,ts=2616477636
[DEBUG] frames: total=127, depth_sets=126, color=1280Ă—720,OBFormat.RGB,ts=2616477702, depth=640Ă—576,OBFormat.Y16,ts=2616477703
[DEBUG] frames: total=128, depth_sets=127, color=1280Ă—720,OBFormat.RGB,ts=2616477802, depth=640Ă—576,OBFormat.Y16,ts=2616477803
[DEBUG] frames: total=129, depth_sets=128, color=1280Ă—720,OBFormat.RGB,ts=2616477868, depth=640Ă—576,OBFormat.Y16,ts=2616477869
[DEBUG] frames: total=130, depth_sets=129, color=1280Ă—720,OBFormat.RGB,ts=2616477968, depth=640Ă—576,OBFormat.Y16,ts=2616477969
[DEBUG] frames: total=131, depth_sets=130, color=1280Ă—720,OBFormat.RGB,ts=2616478034, depth=640Ă—576,OBFormat.Y16,ts=2616478035
[DEBUG] frames: total=132, depth_sets=131, color=1280Ă—720,OBFormat.RGB,ts=2616478134, depth=640Ă—576,OBFormat.Y16,ts=2616478135
[DEBUG] frames: total=133, depth_sets=132, color=1280Ă—720,OBFormat.RGB,ts=2616478201, depth=640Ă—576,OBFormat.Y16,ts=2616478202
[DEBUG] frames: total=134, depth_sets=133, color=1280Ă—720,OBFormat.RGB,ts=2616478300, depth=640Ă—576,OBFormat.Y16,ts=2616478301
[DEBUG] frames: total=135, depth_sets=134, color=1280Ă—720,OBFormat.RGB,ts=2616478367, depth=640Ă—576,OBFormat.Y16,ts=2616478368
[DEBUG] frames: total=136, depth_sets=135, color=1280Ă—720,OBFormat.RGB,ts=2616478467, depth=640Ă—576,OBFormat.Y16,ts=2616478468
[DEBUG] frames: total=137, depth_sets=136, color=1280Ă—720,OBFormat.RGB,ts=2616478533, depth=640Ă—576,OBFormat.Y16,ts=2616478534
[DEBUG] frames: total=138, depth_sets=137, color=1280Ă—720,OBFormat.RGB,ts=2616478633, depth=640Ă—576,OBFormat.Y16,ts=2616478634
[DEBUG] frames: total=139, depth_sets=138, color=1280Ă—720,OBFormat.RGB,ts=2616478699, depth=640Ă—576,OBFormat.Y16,ts=2616478700
[DEBUG] frames: total=140, depth_sets=139, color=1280Ă—720,OBFormat.RGB,ts=2616478799, depth=640Ă—576,OBFormat.Y16,ts=2616478800
[DEBUG] frames: total=141, depth_sets=140, color=1280Ă—720,OBFormat.RGB,ts=2616478866, depth=640Ă—576,OBFormat.Y16,ts=2616478867
[DEBUG] frames: total=142, depth_sets=141, color=1280Ă—720,OBFormat.RGB,ts=2616478965, depth=640Ă—576,OBFormat.Y16,ts=2616478966
[DEBUG] frames: total=143, depth_sets=142, color=1280Ă—720,OBFormat.RGB,ts=2616479032, depth=640Ă—576,OBFormat.Y16,ts=2616479033
[DEBUG] frames: total=144, depth_sets=143, color=1280Ă—720,OBFormat.RGB,ts=2616479132, depth=640Ă—576,OBFormat.Y16,ts=2616479133
[DEBUG] frames: total=145, depth_sets=144, color=1280Ă—720,OBFormat.RGB,ts=2616479198, depth=640Ă—576,OBFormat.Y16,ts=2616479199
[DEBUG] frames: total=146, depth_sets=145, color=1280Ă—720,OBFormat.RGB,ts=2616479298, depth=640Ă—576,OBFormat.Y16,ts=2616479299
[DEBUG] frames: total=147, depth_sets=146, color=1280Ă—720,OBFormat.RGB,ts=2616479364, depth=640Ă—576,OBFormat.Y16,ts=2616479365
[DEBUG] frames: total=148, depth_sets=147, color=1280Ă—720,OBFormat.RGB,ts=2616479464, depth=640Ă—576,OBFormat.Y16,ts=2616479465
[DEBUG] frames: total=149, depth_sets=148, color=1280Ă—720,OBFormat.RGB,ts=2616479564, depth=640Ă—576,OBFormat.Y16,ts=2616479565
[DEBUG] frames: total=150, depth_sets=149, color=1280Ă—720,OBFormat.RGB,ts=2616479630, depth=640Ă—576,OBFormat.Y16,ts=2616479631
[DEBUG] frames: total=151, depth_sets=150, color=1280Ă—720,OBFormat.RGB,ts=2616479730, depth=640Ă—576,OBFormat.Y16,ts=2616479731
[DEBUG] frames: total=152, depth_sets=151, color=1280Ă—720,OBFormat.RGB,ts=2616479797, depth=640Ă—576,OBFormat.Y16,ts=2616479798
[DEBUG] frames: total=153, depth_sets=152, color=1280Ă—720,OBFormat.RGB,ts=2616479896, depth=640Ă—576,OBFormat.Y16,ts=2616479897
[DEBUG] frames: total=154, depth_sets=153, color=1280Ă—720,OBFormat.RGB,ts=2616479996, depth=640Ă—576,OBFormat.Y16,ts=2616479997
[DEBUG] frames: total=155, depth_sets=154, color=1280Ă—720,OBFormat.RGB,ts=2616480063, depth=640Ă—576,OBFormat.Y16,ts=2616480064
[DEBUG] frames: total=156, depth_sets=155, color=1280Ă—720,OBFormat.RGB,ts=2616480162, depth=640Ă—576,OBFormat.Y16,ts=2616480163
[DEBUG] frames: total=157, depth_sets=156, color=1280Ă—720,OBFormat.RGB,ts=2616480229, depth=640Ă—576,OBFormat.Y16,ts=2616480230
[DEBUG] frames: total=158, depth_sets=157, color=1280Ă—720,OBFormat.RGB,ts=2616480329, depth=640Ă—576,OBFormat.Y16,ts=2616480330
[DEBUG] frames: total=159, depth_sets=158, color=1280Ă—720,OBFormat.RGB,ts=2616480395, depth=640Ă—576,OBFormat.Y16,ts=2616480396
[DEBUG] frames: total=160, depth_sets=159, color=1280Ă—720,OBFormat.RGB,ts=2616480495, depth=640Ă—576,OBFormat.Y16,ts=2616480496
[DEBUG] frames: total=161, depth_sets=160, color=1280Ă—720,OBFormat.RGB,ts=2616480561, depth=640Ă—576,OBFormat.Y16,ts=2616480562
[DEBUG] frames: total=162, depth_sets=161, color=1280Ă—720,OBFormat.RGB,ts=2616480661, depth=640Ă—576,OBFormat.Y16,ts=2616480662
[DEBUG] frames: total=163, depth_sets=162, color=1280Ă—720,OBFormat.RGB,ts=2616480728, depth=640Ă—576,OBFormat.Y16,ts=2616480729
[DEBUG] frames: total=164, depth_sets=163, color=1280Ă—720,OBFormat.RGB,ts=2616480827, depth=640Ă—576,OBFormat.Y16,ts=2616480828
[DEBUG] frames: total=165, depth_sets=164, color=1280Ă—720,OBFormat.RGB,ts=2616480894, depth=640Ă—576,OBFormat.Y16,ts=2616480895
[DEBUG] frames: total=166, depth_sets=165, color=1280Ă—720,OBFormat.RGB,ts=2616480994, depth=640Ă—576,OBFormat.Y16,ts=2616480995
[DEBUG] frames: total=167, depth_sets=166, color=1280Ă—720,OBFormat.RGB,ts=2616481060, depth=640Ă—576,OBFormat.Y16,ts=2616481061
[DEBUG] frames: total=168, depth_sets=167, color=1280Ă—720,OBFormat.RGB,ts=2616481160, depth=640Ă—576,OBFormat.Y16,ts=2616481161
[DEBUG] frames: total=169, depth_sets=168, color=1280Ă—720,OBFormat.RGB,ts=2616481260, depth=640Ă—576,OBFormat.Y16,ts=2616481261
[DEBUG] frames: total=170, depth_sets=169, color=1280Ă—720,OBFormat.RGB,ts=2616481359, depth=640Ă—576,OBFormat.Y16,ts=2616481361
[DEBUG] frames: total=171, depth_sets=170, color=1280Ă—720,OBFormat.RGB,ts=2616481426, depth=640Ă—576,OBFormat.Y16,ts=2616481427
[DEBUG] frames: total=172, depth_sets=171, color=1280Ă—720,OBFormat.RGB,ts=2616481526, depth=640Ă—576,OBFormat.Y16,ts=2616481527
[DEBUG] frames: total=173, depth_sets=172, color=1280Ă—720,OBFormat.RGB,ts=2616481592, depth=640Ă—576,OBFormat.Y16,ts=2616481593
[DEBUG] frames: total=174, depth_sets=173, color=1280Ă—720,OBFormat.RGB,ts=2616481692, depth=640Ă—576,OBFormat.Y16,ts=2616481693
[DEBUG] frames: total=175, depth_sets=174, color=1280Ă—720,OBFormat.RGB,ts=2616481792, depth=640Ă—576,OBFormat.Y16,ts=2616481793
[DEBUG] frames: total=176, depth_sets=175, color=1280Ă—720,OBFormat.RGB,ts=2616481858, depth=640Ă—576,OBFormat.Y16,ts=2616481859
[DEBUG] frames: total=177, depth_sets=176, color=1280Ă—720,OBFormat.RGB,ts=2616481958, depth=640Ă—576,OBFormat.Y16,ts=2616481959
[DEBUG] frames: total=178, depth_sets=177, color=1280Ă—720,OBFormat.RGB,ts=2616482024, depth=640Ă—576,OBFormat.Y16,ts=2616482026
[DEBUG] frames: total=179, depth_sets=178, color=1280Ă—720,OBFormat.RGB,ts=2616482124, depth=640Ă—576,OBFormat.Y16,ts=2616482125
[DEBUG] frames: total=180, depth_sets=179, color=1280Ă—720,OBFormat.RGB,ts=2616482191, depth=640Ă—576,OBFormat.Y16,ts=2616482192
[DEBUG] frames: total=181, depth_sets=180, color=1280Ă—720,OBFormat.RGB,ts=2616482291, depth=640Ă—576,OBFormat.Y16,ts=2616482292
[DEBUG] frames: total=182, depth_sets=181, color=1280Ă—720,OBFormat.RGB,ts=2616482357, depth=640Ă—576,OBFormat.Y16,ts=2616482358
[DEBUG] frames: total=183, depth_sets=182, color=1280Ă—720,OBFormat.RGB,ts=2616482457, depth=640Ă—576,OBFormat.Y16,ts=2616482458
[DEBUG] frames: total=184, depth_sets=183, color=1280Ă—720,OBFormat.RGB,ts=2616482523, depth=640Ă—576,OBFormat.Y16,ts=2616482524
[DEBUG] frames: total=185, depth_sets=184, color=1280Ă—720,OBFormat.RGB,ts=2616482623, depth=640Ă—576,OBFormat.Y16,ts=2616482624
[DEBUG] frames: total=186, depth_sets=185, color=1280Ă—720,OBFormat.RGB,ts=2616482723, depth=640Ă—576,OBFormat.Y16,ts=2616482724
[DEBUG] frames: total=187, depth_sets=186, color=1280Ă—720,OBFormat.RGB,ts=2616482789, depth=640Ă—576,OBFormat.Y16,ts=2616482790
[DEBUG] frames: total=188, depth_sets=187, color=1280Ă—720,OBFormat.RGB,ts=2616482889, depth=640Ă—576,OBFormat.Y16,ts=2616482890
[DEBUG] frames: total=189, depth_sets=188, color=1280Ă—720,OBFormat.RGB,ts=2616482956, depth=640Ă—576,OBFormat.Y16,ts=2616482957
[DEBUG] frames: total=190, depth_sets=189, color=1280Ă—720,OBFormat.RGB,ts=2616483055, depth=640Ă—576,OBFormat.Y16,ts=2616483056
[DEBUG] frames: total=191, depth_sets=190, color=1280Ă—720,OBFormat.RGB,ts=2616483122, depth=640Ă—576,OBFormat.Y16,ts=2616483123
[DEBUG] frames: total=192, depth_sets=191, color=1280Ă—720,OBFormat.RGB,ts=2616483222, depth=640Ă—576,OBFormat.Y16,ts=2616483223
[DEBUG] frames: total=193, depth_sets=192, color=1280Ă—720,OBFormat.RGB,ts=2616483321, depth=640Ă—576,OBFormat.Y16,ts=2616483322
[DEBUG] frames: total=194, depth_sets=193, color=1280Ă—720,OBFormat.RGB,ts=2616483388, depth=640Ă—576,OBFormat.Y16,ts=2616483389
[DEBUG] frames: total=195, depth_sets=194, color=1280Ă—720,OBFormat.RGB,ts=2616483488, depth=640Ă—576,OBFormat.Y16,ts=2616483489
[DEBUG] frames: total=196, depth_sets=195, color=1280Ă—720,OBFormat.RGB,ts=2616483587, depth=640Ă—576,OBFormat.Y16,ts=2616483588
[DEBUG] frames: total=197, depth_sets=196, color=1280Ă—720,OBFormat.RGB,ts=2616483654, depth=640Ă—576,OBFormat.Y16,ts=2616483655
[DEBUG] frames: total=198, depth_sets=197, color=1280Ă—720,OBFormat.RGB,ts=2616483754, depth=640Ă—576,OBFormat.Y16,ts=2616483755
[DEBUG] frames: total=199, depth_sets=198, color=1280Ă—720,OBFormat.RGB,ts=2616483820, depth=640Ă—576,OBFormat.Y16,ts=2616483821
[DEBUG] frames: total=200, depth_sets=199, color=1280Ă—720,OBFormat.RGB,ts=2616483920, depth=640Ă—576,OBFormat.Y16,ts=2616483921
[DEBUG] frames: total=201, depth_sets=200, color=1280Ă—720,OBFormat.RGB,ts=2616483986, depth=640Ă—576,OBFormat.Y16,ts=2616483988
[DEBUG] frames: total=202, depth_sets=201, color=1280Ă—720,OBFormat.RGB,ts=2616484086, depth=640Ă—576,OBFormat.Y16,ts=2616484087
[DEBUG] frames: total=203, depth_sets=202, color=1280Ă—720,OBFormat.RGB,ts=2616484153, depth=640Ă—576,OBFormat.Y16,ts=2616484154
[DEBUG] frames: total=204, depth_sets=203, color=1280Ă—720,OBFormat.RGB,ts=2616484252, depth=640Ă—576,OBFormat.Y16,ts=2616484254
[DEBUG] frames: total=205, depth_sets=204, color=1280Ă—720,OBFormat.RGB,ts=2616484319, depth=640Ă—576,OBFormat.Y16,ts=2616484320
[DEBUG] frames: total=206, depth_sets=205, color=1280Ă—720,OBFormat.RGB,ts=2616484419, depth=640Ă—576,OBFormat.Y16,ts=2616484420
[DEBUG] frames: total=207, depth_sets=206, color=1280Ă—720,OBFormat.RGB,ts=2616484485, depth=640Ă—576,OBFormat.Y16,ts=2616484486
[DEBUG] frames: total=208, depth_sets=207, color=1280Ă—720,OBFormat.RGB,ts=2616484585, depth=640Ă—576,OBFormat.Y16,ts=2616484586
[DEBUG] frames: total=209, depth_sets=208, color=1280Ă—720,OBFormat.RGB,ts=2616484651, depth=640Ă—576,OBFormat.Y16,ts=2616484653
[DEBUG] frames: total=210, depth_sets=209, color=1280Ă—720,OBFormat.RGB,ts=2616484751, depth=640Ă—576,OBFormat.Y16,ts=2616484752
[DEBUG] frames: total=211, depth_sets=210, color=1280Ă—720,OBFormat.RGB,ts=2616484818, depth=640Ă—576,OBFormat.Y16,ts=2616484819
[DEBUG] frames: total=212, depth_sets=211, color=1280Ă—720,OBFormat.RGB,ts=2616484917, depth=640Ă—576,OBFormat.Y16,ts=2616484919
[DEBUG] frames: total=213, depth_sets=212, color=1280Ă—720,OBFormat.RGB,ts=2616484984, depth=640Ă—576,OBFormat.Y16,ts=2616484985
[DEBUG] frames: total=214, depth_sets=213, color=1280Ă—720,OBFormat.RGB,ts=2616485051, depth=640Ă—576,OBFormat.Y16,ts=2616485052
[INIT] Loading MobileSAM Foundation Model...
