[INFO] Session log file: dataset/debug/session_20260519_185345.log
[DEBUG] frames: total=1, depth_sets=0, color=1280Ă—720,OBFormat.RGB,ts=2537775622, depth=None
[WARNING] Align filter returned None
[DEBUG] frames: total=2, depth_sets=0, color=1280Ă—720,OBFormat.RGB,ts=2537775888, depth=None
[WARNING] Align filter returned None
[DEBUG] frames: total=3, depth_sets=0, color=1280Ă—720,OBFormat.RGB,ts=2537776055, depth=None
[WARNING] Align filter returned None
[DEBUG] frames: total=4, depth_sets=0, color=1280Ă—720,OBFormat.RGB,ts=2537776088, depth=None
[WARNING] Align filter returned None
[DEBUG] frames: total=5, depth_sets=0, color=1280Ă—720,OBFormat.RGB,ts=2537776121, depth=None
[WARNING] Align filter returned None
[DEBUG] frames: total=6, depth_sets=1, color=1280Ă—720,OBFormat.RGB,ts=2537776154, depth=640Ă—576,OBFormat.Y16,ts=2537776155
[DEBUG] frames: total=7, depth_sets=2, color=1280Ă—720,OBFormat.RGB,ts=2537776354, depth=640Ă—576,OBFormat.Y16,ts=2537776355
[DEBUG] frames: total=8, depth_sets=3, color=1280Ă—720,OBFormat.RGB,ts=2537776420, depth=640Ă—576,OBFormat.Y16,ts=2537776422
[DEBUG] frames: total=9, depth_sets=4, color=1280Ă—720,OBFormat.RGB,ts=2537776520, depth=640Ă—576,OBFormat.Y16,ts=2537776521
[DEBUG] frames: total=10, depth_sets=5, color=1280Ă—720,OBFormat.RGB,ts=2537776620, depth=640Ă—576,OBFormat.Y16,ts=2537776621
[DEBUG] frames: total=11, depth_sets=6, color=1280Ă—720,OBFormat.RGB,ts=2537776786, depth=640Ă—576,OBFormat.Y16,ts=2537776787
[DEBUG] frames: total=12, depth_sets=7, color=1280Ă—720,OBFormat.RGB,ts=2537776886, depth=640Ă—576,OBFormat.Y16,ts=2537776887
[DEBUG] frames: total=13, depth_sets=8, color=1280Ă—720,OBFormat.RGB,ts=2537777019, depth=640Ă—576,OBFormat.Y16,ts=2537777020
[DEBUG] frames: total=14, depth_sets=9, color=1280Ă—720,OBFormat.RGB,ts=2537777086, depth=640Ă—576,OBFormat.Y16,ts=2537777087
[DEBUG] frames: total=15, depth_sets=10, color=1280Ă—720,OBFormat.RGB,ts=2537777219, depth=640Ă—576,OBFormat.Y16,ts=2537777220
[DEBUG] frames: total=16, depth_sets=11, color=1280Ă—720,OBFormat.RGB,ts=2537777318, depth=640Ă—576,OBFormat.Y16,ts=2537777319
[DEBUG] frames: total=17, depth_sets=12, color=1280Ă—720,OBFormat.RGB,ts=2537777385, depth=640Ă—576,OBFormat.Y16,ts=2537777386
[DEBUG] frames: total=18, depth_sets=13, color=1280Ă—720,OBFormat.RGB,ts=2537777451, depth=640Ă—576,OBFormat.Y16,ts=2537777452
[DEBUG] frames: total=19, depth_sets=14, color=1280Ă—720,OBFormat.RGB,ts=2537777518, depth=640Ă—576,OBFormat.Y16,ts=2537777519
[DEBUG] frames: total=20, depth_sets=15, color=1280Ă—720,OBFormat.RGB,ts=2537777618, depth=640Ă—576,OBFormat.Y16,ts=2537777619
[DEBUG] frames: total=21, depth_sets=16, color=1280Ă—720,OBFormat.RGB,ts=2537777684, depth=640Ă—576,OBFormat.Y16,ts=2537777685
[DEBUG] frames: total=22, depth_sets=17, color=1280Ă—720,OBFormat.RGB,ts=2537777850, depth=640Ă—576,OBFormat.Y16,ts=2537777851
[DEBUG] frames: total=23, depth_sets=18, color=1280Ă—720,OBFormat.RGB,ts=2537777983, depth=640Ă—576,OBFormat.Y16,ts=2537777984
[DEBUG] frames: total=24, depth_sets=19, color=1280Ă—720,OBFormat.RGB,ts=2537778083, depth=640Ă—576,OBFormat.Y16,ts=2537778084
[DEBUG] frames: total=25, depth_sets=20, color=1280Ă—720,OBFormat.RGB,ts=2537778150, depth=640Ă—576,OBFormat.Y16,ts=2537778151
[TRACKER] Valid Object Confirmed (ID #0): 398 pts, Base Dist=17.0mm
[TRACKER] Valid Object Confirmed (ID #1): 283 pts, Base Dist=17.4mm
[TRACKER] Valid Object Confirmed (ID #2): 10 pts, Base Dist=14.0mm
[TRACKER] Valid Object Confirmed (ID #3): 21528 pts, Base Dist=15.5mm
[TRACKER] Valid Object Confirmed (ID #4): 4910 pts, Base Dist=14.4mm
[TRACKER] Valid Object Confirmed (ID #5): 9623 pts, Base Dist=12.1mm
[REJECTED] Ghost Reflection Filtered (ID #6): Base floats at 971.5mm
[TRACKER] Valid Object Confirmed (ID #7): 418 pts, Base Dist=8.2mm
[TRACKER] Valid Object Confirmed (ID #8): 26 pts, Base Dist=14.5mm
[DEBUG] Mask Generation Complete. Active foreground pixels: 11619

[INFO] Saving data packages for: img0939...
[SAVED] RGB image saved to: dataset/images/img0939.png
[SAVED] Raw 16-bit depth map saved to: dataset/depth/img0939.png
[WARNING] Mask/image shape mismatch: mask=(576, 640), image=(720, 510). Resizing mask for overlay/export.
[SAVED] YOLO text file saved to: dataset/labels/img0939.txt
[SAVED] Mask tracking image saved to: dataset/masks/img0939.png
[SAVED] Verified 3D Point Cloud saved successfully (259151 points)
[COUNT] images=6, depth=6, labels=5, masks=8, pointcloud=6, info=3, debug=7
[SUCCESS] Packout cycle img0939 complete.

[DEBUG] frames: total=26, depth_sets=21, color=1280Ă—720,OBFormat.RGB,ts=2537804851, depth=640Ă—576,OBFormat.Y16,ts=2537804852
[DEBUG] frames: total=27, depth_sets=22, color=1280Ă—720,OBFormat.RGB,ts=2537804950, depth=640Ă—576,OBFormat.Y16,ts=2537804952
[DEBUG] frames: total=28, depth_sets=23, color=1280Ă—720,OBFormat.RGB,ts=2537805083, depth=640Ă—576,OBFormat.Y16,ts=2537805085
[DEBUG] frames: total=29, depth_sets=24, color=1280Ă—720,OBFormat.RGB,ts=2537805150, depth=640Ă—576,OBFormat.Y16,ts=2537805151
[DEBUG] frames: total=30, depth_sets=25, color=1280Ă—720,OBFormat.RGB,ts=2537805250, depth=640Ă—576,OBFormat.Y16,ts=2537805251
[DEBUG] frames: total=31, depth_sets=26, color=1280Ă—720,OBFormat.RGB,ts=2537805349, depth=640Ă—576,OBFormat.Y16,ts=2537805351
[DEBUG] frames: total=32, depth_sets=27, color=1280Ă—720,OBFormat.RGB,ts=2537805416, depth=640Ă—576,OBFormat.Y16,ts=2537805417
[DEBUG] frames: total=33, depth_sets=28, color=1280Ă—720,OBFormat.RGB,ts=2537805482, depth=640Ă—576,OBFormat.Y16,ts=2537805484
[DEBUG] frames: total=34, depth_sets=29, color=1280Ă—720,OBFormat.RGB,ts=2537805582, depth=640Ă—576,OBFormat.Y16,ts=2537805583
[DEBUG] frames: total=35, depth_sets=30, color=1280Ă—720,OBFormat.RGB,ts=2537805682, depth=640Ă—576,OBFormat.Y16,ts=2537805683
[DEBUG] frames: total=36, depth_sets=31, color=1280Ă—720,OBFormat.RGB,ts=2537805782, depth=640Ă—576,OBFormat.Y16,ts=2537805783
[DEBUG] frames: total=37, depth_sets=32, color=1280Ă—720,OBFormat.RGB,ts=2537805915, depth=640Ă—576,OBFormat.Y16,ts=2537805916
[DEBUG] frames: total=38, depth_sets=33, color=1280Ă—720,OBFormat.RGB,ts=2537806014, depth=640Ă—576,OBFormat.Y16,ts=2537806016
[DEBUG] frames: total=39, depth_sets=34, color=1280Ă—720,OBFormat.RGB,ts=2537806114, depth=640Ă—576,OBFormat.Y16,ts=2537806115
[DEBUG] frames: total=40, depth_sets=35, color=1280Ă—720,OBFormat.RGB,ts=2537806214, depth=640Ă—576,OBFormat.Y16,ts=2537806215
[DEBUG] frames: total=41, depth_sets=36, color=1280Ă—720,OBFormat.RGB,ts=2537806314, depth=640Ă—576,OBFormat.Y16,ts=2537806315
[DEBUG] frames: total=42, depth_sets=37, color=1280Ă—720,OBFormat.RGB,ts=2537806413, depth=640Ă—576,OBFormat.Y16,ts=2537806415
[DEBUG] frames: total=43, depth_sets=38, color=1280Ă—720,OBFormat.RGB,ts=2537806480, depth=640Ă—576,OBFormat.Y16,ts=2537806481
[DEBUG] frames: total=44, depth_sets=39, color=1280Ă—720,OBFormat.RGB,ts=2537806580, depth=640Ă—576,OBFormat.Y16,ts=2537806581
[DEBUG] frames: total=45, depth_sets=40, color=1280Ă—720,OBFormat.RGB,ts=2537806680, depth=640Ă—576,OBFormat.Y16,ts=2537806681
[DEBUG] frames: total=46, depth_sets=41, color=1280Ă—720,OBFormat.RGB,ts=2537806779, depth=640Ă—576,OBFormat.Y16,ts=2537806780
[INFO] Quitting application.
