[INFO] Session log file: dataset/debug/session_20260519_180445.log
[DEBUG] frames: total=1, depth_sets=0, color=1280Ă—720,OBFormat.RGB,ts=2534835624, depth=None
[WARNING] Align filter returned None
[DEBUG] frames: total=2, depth_sets=0, color=1280Ă—720,OBFormat.RGB,ts=2534835691, depth=None
[WARNING] Align filter returned None
[DEBUG] frames: total=3, depth_sets=0, color=1280Ă—720,OBFormat.RGB,ts=2534835724, depth=None
[WARNING] Align filter returned None
[DEBUG] frames: total=4, depth_sets=1, color=1280Ă—720,OBFormat.RGB,ts=2534835791, depth=640Ă—576,OBFormat.Y16,ts=2534835792
[DEBUG] frames: total=5, depth_sets=2, color=1280Ă—720,OBFormat.RGB,ts=2534836023, depth=640Ă—576,OBFormat.Y16,ts=2534836025
[DEBUG] frames: total=6, depth_sets=3, color=1280Ă—720,OBFormat.RGB,ts=2534836156, depth=640Ă—576,OBFormat.Y16,ts=2534836158
[DEBUG] frames: total=7, depth_sets=4, color=1280Ă—720,OBFormat.RGB,ts=2534836223, depth=640Ă—576,OBFormat.Y16,ts=2534836224
[DEBUG] frames: total=8, depth_sets=5, color=1280Ă—720,OBFormat.RGB,ts=2534836323, depth=640Ă—576,OBFormat.Y16,ts=2534836324
[DEBUG] frames: total=9, depth_sets=6, color=1280Ă—720,OBFormat.RGB,ts=2534836456, depth=640Ă—576,OBFormat.Y16,ts=2534836457
[DEBUG] frames: total=10, depth_sets=7, color=1280Ă—720,OBFormat.RGB,ts=2534836556, depth=640Ă—576,OBFormat.Y16,ts=2534836557
[DEBUG] frames: total=11, depth_sets=8, color=1280Ă—720,OBFormat.RGB,ts=2534836655, depth=640Ă—576,OBFormat.Y16,ts=2534836656
[DEBUG] frames: total=12, depth_sets=9, color=1280Ă—720,OBFormat.RGB,ts=2534836788, depth=640Ă—576,OBFormat.Y16,ts=2534836789
[DEBUG] frames: total=13, depth_sets=10, color=1280Ă—720,OBFormat.RGB,ts=2534836921, depth=640Ă—576,OBFormat.Y16,ts=2534836922
[DEBUG] frames: total=14, depth_sets=11, color=1280Ă—720,OBFormat.RGB,ts=2534837021, depth=640Ă—576,OBFormat.Y16,ts=2534837022
[DEBUG] frames: total=15, depth_sets=12, color=1280Ă—720,OBFormat.RGB,ts=2534837121, depth=640Ă—576,OBFormat.Y16,ts=2534837122
[DEBUG] frames: total=16, depth_sets=13, color=1280Ă—720,OBFormat.RGB,ts=2534837187, depth=640Ă—576,OBFormat.Y16,ts=2534837188
[DEBUG] frames: total=17, depth_sets=14, color=1280Ă—720,OBFormat.RGB,ts=2534837254, depth=640Ă—576,OBFormat.Y16,ts=2534837255
[DEBUG] frames: total=18, depth_sets=15, color=1280Ă—720,OBFormat.RGB,ts=2534837354, depth=640Ă—576,OBFormat.Y16,ts=2534837355
[DEBUG] frames: total=19, depth_sets=16, color=1280Ă—720,OBFormat.RGB,ts=2534837420, depth=640Ă—576,OBFormat.Y16,ts=2534837421
[DEBUG] frames: total=20, depth_sets=17, color=1280Ă—720,OBFormat.RGB,ts=2534837487, depth=640Ă—576,OBFormat.Y16,ts=2534837488
[DEBUG] frames: total=21, depth_sets=18, color=1280Ă—720,OBFormat.RGB,ts=2534837553, depth=640Ă—576,OBFormat.Y16,ts=2534837554
[DEBUG] frames: total=22, depth_sets=19, color=1280Ă—720,OBFormat.RGB,ts=2534837686, depth=640Ă—576,OBFormat.Y16,ts=2534837687
[DEBUG] frames: total=23, depth_sets=20, color=1280Ă—720,OBFormat.RGB,ts=2534837886, depth=640Ă—576,OBFormat.Y16,ts=2534837887
[DEBUG] frames: total=24, depth_sets=21, color=1280Ă—720,OBFormat.RGB,ts=2534837985, depth=640Ă—576,OBFormat.Y16,ts=2534837987
[DEBUG] frames: total=25, depth_sets=22, color=1280Ă—720,OBFormat.RGB,ts=2534838085, depth=640Ă—576,OBFormat.Y16,ts=2534838086
[DEBUG] frames: total=26, depth_sets=23, color=1280Ă—720,OBFormat.RGB,ts=2534838218, depth=640Ă—576,OBFormat.Y16,ts=2534838219
[DEBUG] frames: total=27, depth_sets=24, color=1280Ă—720,OBFormat.RGB,ts=2534838318, depth=640Ă—576,OBFormat.Y16,ts=2534838319
[DEBUG] frames: total=28, depth_sets=25, color=1280Ă—720,OBFormat.RGB,ts=2534838418, depth=640Ă—576,OBFormat.Y16,ts=2534838419
[DEBUG] frames: total=29, depth_sets=26, color=1280Ă—720,OBFormat.RGB,ts=2534838484, depth=640Ă—576,OBFormat.Y16,ts=2534838485
[DEBUG] frames: total=30, depth_sets=27, color=1280Ă—720,OBFormat.RGB,ts=2534838584, depth=640Ă—576,OBFormat.Y16,ts=2534838585
[DEBUG] frames: total=31, depth_sets=28, color=1280Ă—720,OBFormat.RGB,ts=2534838684, depth=640Ă—576,OBFormat.Y16,ts=2534838685
[DEBUG] frames: total=32, depth_sets=29, color=1280Ă—720,OBFormat.RGB,ts=2534838783, depth=640Ă—576,OBFormat.Y16,ts=2534838785
[DEBUG] frames: total=33, depth_sets=30, color=1280Ă—720,OBFormat.RGB,ts=2534838883, depth=640Ă—576,OBFormat.Y16,ts=2534838884
[DEBUG] frames: total=34, depth_sets=31, color=1280Ă—720,OBFormat.RGB,ts=2534838983, depth=640Ă—576,OBFormat.Y16,ts=2534838984
[DEBUG] frames: total=35, depth_sets=32, color=1280Ă—720,OBFormat.RGB,ts=2534839116, depth=640Ă—576,OBFormat.Y16,ts=2534839117
[DEBUG] frames: total=36, depth_sets=33, color=1280Ă—720,OBFormat.RGB,ts=2534839216, depth=640Ă—576,OBFormat.Y16,ts=2534839217
[DEBUG] frames: total=37, depth_sets=34, color=1280Ă—720,OBFormat.RGB,ts=2534839315, depth=640Ă—576,OBFormat.Y16,ts=2534839317
[DEBUG] frames: total=38, depth_sets=35, color=1280Ă—720,OBFormat.RGB,ts=2534839415, depth=640Ă—576,OBFormat.Y16,ts=2534839416
[DEBUG] frames: total=39, depth_sets=36, color=1280Ă—720,OBFormat.RGB,ts=2534839482, depth=640Ă—576,OBFormat.Y16,ts=2534839483
[DEBUG] frames: total=40, depth_sets=37, color=1280Ă—720,OBFormat.RGB,ts=2534839548, depth=640Ă—576,OBFormat.Y16,ts=2534839549
[DEBUG] frames: total=41, depth_sets=38, color=1280Ă—720,OBFormat.RGB,ts=2534839648, depth=640Ă—576,OBFormat.Y16,ts=2534839649
[DEBUG] frames: total=42, depth_sets=39, color=1280Ă—720,OBFormat.RGB,ts=2534839748, depth=640Ă—576,OBFormat.Y16,ts=2534839749
[DEBUG] frames: total=43, depth_sets=40, color=1280Ă—720,OBFormat.RGB,ts=2534839847, depth=640Ă—576,OBFormat.Y16,ts=2534839849
[DEBUG] frames: total=44, depth_sets=41, color=1280Ă—720,OBFormat.RGB,ts=2534840014, depth=640Ă—576,OBFormat.Y16,ts=2534840015
[DEBUG] frames: total=45, depth_sets=42, color=1280Ă—720,OBFormat.RGB,ts=2534840113, depth=640Ă—576,OBFormat.Y16,ts=2534840115
[DEBUG] frames: total=46, depth_sets=43, color=1280Ă—720,OBFormat.RGB,ts=2534840180, depth=640Ă—576,OBFormat.Y16,ts=2534840181
[DEBUG] frames: total=47, depth_sets=44, color=1280Ă—720,OBFormat.RGB,ts=2534840280, depth=640Ă—576,OBFormat.Y16,ts=2534840281
[DEBUG] frames: total=48, depth_sets=45, color=1280Ă—720,OBFormat.RGB,ts=2534840413, depth=640Ă—576,OBFormat.Y16,ts=2534840414
[DEBUG] frames: total=49, depth_sets=46, color=1280Ă—720,OBFormat.RGB,ts=2534840579, depth=640Ă—576,OBFormat.Y16,ts=2534840580
[DEBUG] frames: total=50, depth_sets=47, color=1280Ă—720,OBFormat.RGB,ts=2534840679, depth=640Ă—576,OBFormat.Y16,ts=2534840680
[DEBUG] frames: total=51, depth_sets=48, color=1280Ă—720,OBFormat.RGB,ts=2534840778, depth=640Ă—576,OBFormat.Y16,ts=2534840780
[DEBUG] frames: total=52, depth_sets=49, color=1280Ă—720,OBFormat.RGB,ts=2534840845, depth=640Ă—576,OBFormat.Y16,ts=2534840846
[DEBUG] frames: total=53, depth_sets=50, color=1280Ă—720,OBFormat.RGB,ts=2534840978, depth=640Ă—576,OBFormat.Y16,ts=2534840979
[DEBUG] frames: total=54, depth_sets=51, color=1280Ă—720,OBFormat.RGB,ts=2534841111, depth=640Ă—576,OBFormat.Y16,ts=2534841112
[DEBUG] frames: total=55, depth_sets=52, color=1280Ă—720,OBFormat.RGB,ts=2534841244, depth=640Ă—576,OBFormat.Y16,ts=2534841245
[DEBUG] frames: total=56, depth_sets=53, color=1280Ă—720,OBFormat.RGB,ts=2534841410, depth=640Ă—576,OBFormat.Y16,ts=2534841411
[DEBUG] frames: total=57, depth_sets=54, color=1280Ă—720,OBFormat.RGB,ts=2534841477, depth=640Ă—576,OBFormat.Y16,ts=2534841478
[DEBUG] frames: total=58, depth_sets=55, color=1280Ă—720,OBFormat.RGB,ts=2534841576, depth=640Ă—576,OBFormat.Y16,ts=2534841578
[DEBUG] frames: total=59, depth_sets=56, color=1280Ă—720,OBFormat.RGB,ts=2534841643, depth=640Ă—576,OBFormat.Y16,ts=2534841644
[DEBUG] frames: total=60, depth_sets=57, color=1280Ă—720,OBFormat.RGB,ts=2534841743, depth=640Ă—576,OBFormat.Y16,ts=2534841744
[DEBUG] frames: total=61, depth_sets=58, color=1280Ă—720,OBFormat.RGB,ts=2534841809, depth=640Ă—576,OBFormat.Y16,ts=2534841810
[DEBUG] frames: total=62, depth_sets=59, color=1280Ă—720,OBFormat.RGB,ts=2534841876, depth=640Ă—576,OBFormat.Y16,ts=2534841877
[DEBUG] frames: total=63, depth_sets=60, color=1280Ă—720,OBFormat.RGB,ts=2534841975, depth=640Ă—576,OBFormat.Y16,ts=2534841977
[DEBUG] frames: total=64, depth_sets=61, color=1280Ă—720,OBFormat.RGB,ts=2534842042, depth=640Ă—576,OBFormat.Y16,ts=2534842043
[DEBUG] frames: total=65, depth_sets=62, color=1280Ă—720,OBFormat.RGB,ts=2534842142, depth=640Ă—576,OBFormat.Y16,ts=2534842143
[DEBUG] frames: total=66, depth_sets=63, color=1280Ă—720,OBFormat.RGB,ts=2534842208, depth=640Ă—576,OBFormat.Y16,ts=2534842209
[DEBUG] frames: total=67, depth_sets=64, color=1280Ă—720,OBFormat.RGB,ts=2534842275, depth=640Ă—576,OBFormat.Y16,ts=2534842276
[DEBUG] frames: total=68, depth_sets=65, color=1280Ă—720,OBFormat.RGB,ts=2534842375, depth=640Ă—576,OBFormat.Y16,ts=2534842376
[DEBUG] frames: total=69, depth_sets=66, color=1280Ă—720,OBFormat.RGB,ts=2534842441, depth=640Ă—576,OBFormat.Y16,ts=2534842442
[DEBUG] frames: total=70, depth_sets=67, color=1280Ă—720,OBFormat.RGB,ts=2534842541, depth=640Ă—576,OBFormat.Y16,ts=2534842542
[DEBUG] frames: total=71, depth_sets=68, color=1280Ă—720,OBFormat.RGB,ts=2534842607, depth=640Ă—576,OBFormat.Y16,ts=2534842608
[DEBUG] frames: total=72, depth_sets=69, color=1280Ă—720,OBFormat.RGB,ts=2534842674, depth=640Ă—576,OBFormat.Y16,ts=2534842675
[DEBUG] frames: total=73, depth_sets=70, color=1280Ă—720,OBFormat.RGB,ts=2534842774, depth=640Ă—576,OBFormat.Y16,ts=2534842775
[DEBUG] frames: total=74, depth_sets=71, color=1280Ă—720,OBFormat.RGB,ts=2534842873, depth=640Ă—576,OBFormat.Y16,ts=2534842874
[DEBUG] frames: total=75, depth_sets=72, color=1280Ă—720,OBFormat.RGB,ts=2534842973, depth=640Ă—576,OBFormat.Y16,ts=2534842974
[DEBUG] frames: total=76, depth_sets=73, color=1280Ă—720,OBFormat.RGB,ts=2534843040, depth=640Ă—576,OBFormat.Y16,ts=2534843041
[DEBUG] frames: total=77, depth_sets=74, color=1280Ă—720,OBFormat.RGB,ts=2534843139, depth=640Ă—576,OBFormat.Y16,ts=2534843140
[DEBUG] frames: total=78, depth_sets=75, color=1280Ă—720,OBFormat.RGB,ts=2534843206, depth=640Ă—576,OBFormat.Y16,ts=2534843207
[DEBUG] frames: total=79, depth_sets=76, color=1280Ă—720,OBFormat.RGB,ts=2534843272, depth=640Ă—576,OBFormat.Y16,ts=2534843273
[DEBUG] frames: total=80, depth_sets=77, color=1280Ă—720,OBFormat.RGB,ts=2534843372, depth=640Ă—576,OBFormat.Y16,ts=2534843373
[DEBUG] frames: total=81, depth_sets=78, color=1280Ă—720,OBFormat.RGB,ts=2534843439, depth=640Ă—576,OBFormat.Y16,ts=2534843440
[DEBUG] frames: total=82, depth_sets=79, color=1280Ă—720,OBFormat.RGB,ts=2534843538, depth=640Ă—576,OBFormat.Y16,ts=2534843539
[DEBUG] frames: total=83, depth_sets=80, color=1280Ă—720,OBFormat.RGB,ts=2534843605, depth=640Ă—576,OBFormat.Y16,ts=2534843606
[DEBUG] frames: total=84, depth_sets=81, color=1280Ă—720,OBFormat.RGB,ts=2534843705, depth=640Ă—576,OBFormat.Y16,ts=2534843706
[DEBUG] frames: total=85, depth_sets=82, color=1280Ă—720,OBFormat.RGB,ts=2534843771, depth=640Ă—576,OBFormat.Y16,ts=2534843772
[DEBUG] frames: total=86, depth_sets=83, color=1280Ă—720,OBFormat.RGB,ts=2534843871, depth=640Ă—576,OBFormat.Y16,ts=2534843872
[DEBUG] frames: total=87, depth_sets=84, color=1280Ă—720,OBFormat.RGB,ts=2534843937, depth=640Ă—576,OBFormat.Y16,ts=2534843939
[DEBUG] frames: total=88, depth_sets=85, color=1280Ă—720,OBFormat.RGB,ts=2534844037, depth=640Ă—576,OBFormat.Y16,ts=2534844038
[DEBUG] frames: total=89, depth_sets=86, color=1280Ă—720,OBFormat.RGB,ts=2534844104, depth=640Ă—576,OBFormat.Y16,ts=2534844105
[DEBUG] frames: total=90, depth_sets=87, color=1280Ă—720,OBFormat.RGB,ts=2534844203, depth=640Ă—576,OBFormat.Y16,ts=2534844205
[DEBUG] frames: total=91, depth_sets=88, color=1280Ă—720,OBFormat.RGB,ts=2534844270, depth=640Ă—576,OBFormat.Y16,ts=2534844271
[DEBUG] frames: total=92, depth_sets=89, color=1280Ă—720,OBFormat.RGB,ts=2534844336, depth=640Ă—576,OBFormat.Y16,ts=2534844338
[DEBUG] frames: total=93, depth_sets=90, color=1280Ă—720,OBFormat.RGB,ts=2534844436, depth=640Ă—576,OBFormat.Y16,ts=2534844437
[DEBUG] frames: total=94, depth_sets=91, color=1280Ă—720,OBFormat.RGB,ts=2534844536, depth=640Ă—576,OBFormat.Y16,ts=2534844537
[DEBUG] frames: total=95, depth_sets=92, color=1280Ă—720,OBFormat.RGB,ts=2534844602, depth=640Ă—576,OBFormat.Y16,ts=2534844604
[DEBUG] frames: total=96, depth_sets=93, color=1280Ă—720,OBFormat.RGB,ts=2534844702, depth=640Ă—576,OBFormat.Y16,ts=2534844703
[DEBUG] frames: total=97, depth_sets=94, color=1280Ă—720,OBFormat.RGB,ts=2534844769, depth=640Ă—576,OBFormat.Y16,ts=2534844770
[DEBUG] frames: total=98, depth_sets=95, color=1280Ă—720,OBFormat.RGB,ts=2534844868, depth=640Ă—576,OBFormat.Y16,ts=2534844870
[DEBUG] frames: total=99, depth_sets=96, color=1280Ă—720,OBFormat.RGB,ts=2534844935, depth=640Ă—576,OBFormat.Y16,ts=2534844936
[DEBUG] frames: total=100, depth_sets=97, color=1280Ă—720,OBFormat.RGB,ts=2534845035, depth=640Ă—576,OBFormat.Y16,ts=2534845036
[DEBUG] frames: total=101, depth_sets=98, color=1280Ă—720,OBFormat.RGB,ts=2534845101, depth=640Ă—576,OBFormat.Y16,ts=2534845102
[DEBUG] frames: total=102, depth_sets=99, color=1280Ă—720,OBFormat.RGB,ts=2534845201, depth=640Ă—576,OBFormat.Y16,ts=2534845202
[DEBUG] frames: total=103, depth_sets=100, color=1280Ă—720,OBFormat.RGB,ts=2534845268, depth=640Ă—576,OBFormat.Y16,ts=2534845269
[DEBUG] frames: total=104, depth_sets=101, color=1280Ă—720,OBFormat.RGB,ts=2534845367, depth=640Ă—576,OBFormat.Y16,ts=2534845368
[DEBUG] frames: total=105, depth_sets=102, color=1280Ă—720,OBFormat.RGB,ts=2534845434, depth=640Ă—576,OBFormat.Y16,ts=2534845435
[DEBUG] frames: total=106, depth_sets=103, color=1280Ă—720,OBFormat.RGB,ts=2534845500, depth=640Ă—576,OBFormat.Y16,ts=2534845501
[DEBUG] frames: total=107, depth_sets=104, color=1280Ă—720,OBFormat.RGB,ts=2534845600, depth=640Ă—576,OBFormat.Y16,ts=2534845601
[DEBUG] frames: total=108, depth_sets=105, color=1280Ă—720,OBFormat.RGB,ts=2534845667, depth=640Ă—576,OBFormat.Y16,ts=2534845668
[DEBUG] frames: total=109, depth_sets=106, color=1280Ă—720,OBFormat.RGB,ts=2534845766, depth=640Ă—576,OBFormat.Y16,ts=2534845767
[DEBUG] frames: total=110, depth_sets=107, color=1280Ă—720,OBFormat.RGB,ts=2534845833, depth=640Ă—576,OBFormat.Y16,ts=2534845834
[DEBUG] frames: total=111, depth_sets=108, color=1280Ă—720,OBFormat.RGB,ts=2534845933, depth=640Ă—576,OBFormat.Y16,ts=2534845934
[DEBUG] frames: total=112, depth_sets=109, color=1280Ă—720,OBFormat.RGB,ts=2534845999, depth=640Ă—576,OBFormat.Y16,ts=2534846000
[DEBUG] frames: total=113, depth_sets=110, color=1280Ă—720,OBFormat.RGB,ts=2534846099, depth=640Ă—576,OBFormat.Y16,ts=2534846100
[DEBUG] frames: total=114, depth_sets=111, color=1280Ă—720,OBFormat.RGB,ts=2534846199, depth=640Ă—576,OBFormat.Y16,ts=2534846200
[DEBUG] frames: total=115, depth_sets=112, color=1280Ă—720,OBFormat.RGB,ts=2534846265, depth=640Ă—576,OBFormat.Y16,ts=2534846266
[DEBUG] frames: total=116, depth_sets=113, color=1280Ă—720,OBFormat.RGB,ts=2534846365, depth=640Ă—576,OBFormat.Y16,ts=2534846366
[DEBUG] frames: total=117, depth_sets=114, color=1280Ă—720,OBFormat.RGB,ts=2534846431, depth=640Ă—576,OBFormat.Y16,ts=2534846432
[DEBUG] frames: total=118, depth_sets=115, color=1280Ă—720,OBFormat.RGB,ts=2534846531, depth=640Ă—576,OBFormat.Y16,ts=2534846532
[DEBUG] frames: total=119, depth_sets=116, color=1280Ă—720,OBFormat.RGB,ts=2534846598, depth=640Ă—576,OBFormat.Y16,ts=2534846599
[DEBUG] frames: total=120, depth_sets=117, color=1280Ă—720,OBFormat.RGB,ts=2534846697, depth=640Ă—576,OBFormat.Y16,ts=2534846698
[DEBUG] frames: total=121, depth_sets=118, color=1280Ă—720,OBFormat.RGB,ts=2534846797, depth=640Ă—576,OBFormat.Y16,ts=2534846798
[DEBUG] frames: total=122, depth_sets=119, color=1280Ă—720,OBFormat.RGB,ts=2534846864, depth=640Ă—576,OBFormat.Y16,ts=2534846865
[DEBUG] frames: total=123, depth_sets=120, color=1280Ă—720,OBFormat.RGB,ts=2534846963, depth=640Ă—576,OBFormat.Y16,ts=2534846964
[DEBUG] frames: total=124, depth_sets=121, color=1280Ă—720,OBFormat.RGB,ts=2534847030, depth=640Ă—576,OBFormat.Y16,ts=2534847031
[DEBUG] frames: total=125, depth_sets=122, color=1280Ă—720,OBFormat.RGB,ts=2534847096, depth=640Ă—576,OBFormat.Y16,ts=2534847097
[DEBUG] frames: total=126, depth_sets=123, color=1280Ă—720,OBFormat.RGB,ts=2534847196, depth=640Ă—576,OBFormat.Y16,ts=2534847197
[DEBUG] frames: total=127, depth_sets=124, color=1280Ă—720,OBFormat.RGB,ts=2534847263, depth=640Ă—576,OBFormat.Y16,ts=2534847264
[DEBUG] frames: total=128, depth_sets=125, color=1280Ă—720,OBFormat.RGB,ts=2534847362, depth=640Ă—576,OBFormat.Y16,ts=2534847363
[DEBUG] frames: total=129, depth_sets=126, color=1280Ă—720,OBFormat.RGB,ts=2534847429, depth=640Ă—576,OBFormat.Y16,ts=2534847430
[DEBUG] frames: total=130, depth_sets=127, color=1280Ă—720,OBFormat.RGB,ts=2534847529, depth=640Ă—576,OBFormat.Y16,ts=2534847530
[DEBUG] frames: total=131, depth_sets=128, color=1280Ă—720,OBFormat.RGB,ts=2534847628, depth=640Ă—576,OBFormat.Y16,ts=2534847629
[DEBUG] frames: total=132, depth_sets=129, color=1280Ă—720,OBFormat.RGB,ts=2534847695, depth=640Ă—576,OBFormat.Y16,ts=2534847696
[DEBUG] frames: total=133, depth_sets=130, color=1280Ă—720,OBFormat.RGB,ts=2534847761, depth=640Ă—576,OBFormat.Y16,ts=2534847762
[DEBUG] frames: total=134, depth_sets=131, color=1280Ă—720,OBFormat.RGB,ts=2534847894, depth=640Ă—576,OBFormat.Y16,ts=2534847895
[DEBUG] frames: total=135, depth_sets=132, color=1280Ă—720,OBFormat.RGB,ts=2534847961, depth=640Ă—576,OBFormat.Y16,ts=2534847962
[DEBUG] frames: total=136, depth_sets=133, color=1280Ă—720,OBFormat.RGB,ts=2534848061, depth=640Ă—576,OBFormat.Y16,ts=2534848062
[DEBUG] frames: total=137, depth_sets=134, color=1280Ă—720,OBFormat.RGB,ts=2534848160, depth=640Ă—576,OBFormat.Y16,ts=2534848161
[DEBUG] frames: total=138, depth_sets=135, color=1280Ă—720,OBFormat.RGB,ts=2534848227, depth=640Ă—576,OBFormat.Y16,ts=2534848228
[DEBUG] frames: total=139, depth_sets=136, color=1280Ă—720,OBFormat.RGB,ts=2534848293, depth=640Ă—576,OBFormat.Y16,ts=2534848294
[DEBUG] frames: total=140, depth_sets=137, color=1280Ă—720,OBFormat.RGB,ts=2534848393, depth=640Ă—576,OBFormat.Y16,ts=2534848394
[DEBUG] frames: total=141, depth_sets=138, color=1280Ă—720,OBFormat.RGB,ts=2534848460, depth=640Ă—576,OBFormat.Y16,ts=2534848461
[DEBUG] frames: total=142, depth_sets=139, color=1280Ă—720,OBFormat.RGB,ts=2534848559, depth=640Ă—576,OBFormat.Y16,ts=2534848560
[DEBUG] frames: total=143, depth_sets=140, color=1280Ă—720,OBFormat.RGB,ts=2534848626, depth=640Ă—576,OBFormat.Y16,ts=2534848627
[DEBUG] frames: total=144, depth_sets=141, color=1280Ă—720,OBFormat.RGB,ts=2534848726, depth=640Ă—576,OBFormat.Y16,ts=2534848727
[DEBUG] frames: total=145, depth_sets=142, color=1280Ă—720,OBFormat.RGB,ts=2534848792, depth=640Ă—576,OBFormat.Y16,ts=2534848793
[DEBUG] frames: total=146, depth_sets=143, color=1280Ă—720,OBFormat.RGB,ts=2534848892, depth=640Ă—576,OBFormat.Y16,ts=2534848893
[DEBUG] frames: total=147, depth_sets=144, color=1280Ă—720,OBFormat.RGB,ts=2534848958, depth=640Ă—576,OBFormat.Y16,ts=2534848959
[DEBUG] frames: total=148, depth_sets=145, color=1280Ă—720,OBFormat.RGB,ts=2534849058, depth=640Ă—576,OBFormat.Y16,ts=2534849059
[DEBUG] frames: total=149, depth_sets=146, color=1280Ă—720,OBFormat.RGB,ts=2534849125, depth=640Ă—576,OBFormat.Y16,ts=2534849126
[DEBUG] frames: total=150, depth_sets=147, color=1280Ă—720,OBFormat.RGB,ts=2534849224, depth=640Ă—576,OBFormat.Y16,ts=2534849225
[DEBUG] frames: total=151, depth_sets=148, color=1280Ă—720,OBFormat.RGB,ts=2534849291, depth=640Ă—576,OBFormat.Y16,ts=2534849292
[DEBUG] frames: total=152, depth_sets=149, color=1280Ă—720,OBFormat.RGB,ts=2534849391, depth=640Ă—576,OBFormat.Y16,ts=2534849392
[DEBUG] frames: total=153, depth_sets=150, color=1280Ă—720,OBFormat.RGB,ts=2534849490, depth=640Ă—576,OBFormat.Y16,ts=2534849491
[DEBUG] frames: total=154, depth_sets=151, color=1280Ă—720,OBFormat.RGB,ts=2534849557, depth=640Ă—576,OBFormat.Y16,ts=2534849558
[DEBUG] frames: total=155, depth_sets=152, color=1280Ă—720,OBFormat.RGB,ts=2534849623, depth=640Ă—576,OBFormat.Y16,ts=2534849625
[DEBUG] frames: total=156, depth_sets=153, color=1280Ă—720,OBFormat.RGB,ts=2534849690, depth=640Ă—576,OBFormat.Y16,ts=2534849691
[DEBUG] frames: total=157, depth_sets=154, color=1280Ă—720,OBFormat.RGB,ts=2534849790, depth=640Ă—576,OBFormat.Y16,ts=2534849791
[DEBUG] frames: total=158, depth_sets=155, color=1280Ă—720,OBFormat.RGB,ts=2534849856, depth=640Ă—576,OBFormat.Y16,ts=2534849857
[DEBUG] frames: total=159, depth_sets=156, color=1280Ă—720,OBFormat.RGB,ts=2534849889, depth=640Ă—576,OBFormat.Y16,ts=2534849891
[DEBUG] frames: total=160, depth_sets=157, color=1280Ă—720,OBFormat.RGB,ts=2534850056, depth=640Ă—576,OBFormat.Y16,ts=2534850057
[DEBUG] frames: total=161, depth_sets=158, color=1280Ă—720,OBFormat.RGB,ts=2534850322, depth=640Ă—576,OBFormat.Y16,ts=2534850323
[DEBUG] frames: total=162, depth_sets=159, color=1280Ă—720,OBFormat.RGB,ts=2534850455, depth=640Ă—576,OBFormat.Y16,ts=2534850456
[DEBUG] frames: total=163, depth_sets=160, color=1280Ă—720,OBFormat.RGB,ts=2534850621, depth=640Ă—576,OBFormat.Y16,ts=2534850622
[DEBUG] frames: total=164, depth_sets=161, color=1280Ă—720,OBFormat.RGB,ts=2534850687, depth=640Ă—576,OBFormat.Y16,ts=2534850689
[DEBUG] frames: total=165, depth_sets=162, color=1280Ă—720,OBFormat.RGB,ts=2534850821, depth=640Ă—576,OBFormat.Y16,ts=2534850822
[DEBUG] frames: total=166, depth_sets=163, color=1280Ă—720,OBFormat.RGB,ts=2534850920, depth=640Ă—576,OBFormat.Y16,ts=2534850921
[DEBUG] frames: total=167, depth_sets=164, color=1280Ă—720,OBFormat.RGB,ts=2534851020, depth=640Ă—576,OBFormat.Y16,ts=2534851021
[DEBUG] frames: total=168, depth_sets=165, color=1280Ă—720,OBFormat.RGB,ts=2534851087, depth=640Ă—576,OBFormat.Y16,ts=2534851088
[DEBUG] frames: total=169, depth_sets=166, color=1280Ă—720,OBFormat.RGB,ts=2534851186, depth=640Ă—576,OBFormat.Y16,ts=2534851187
[DEBUG] frames: total=170, depth_sets=167, color=1280Ă—720,OBFormat.RGB,ts=2534851253, depth=640Ă—576,OBFormat.Y16,ts=2534851254
[DEBUG] frames: total=171, depth_sets=168, color=1280Ă—720,OBFormat.RGB,ts=2534851353, depth=640Ă—576,OBFormat.Y16,ts=2534851354
[DEBUG] frames: total=172, depth_sets=169, color=1280Ă—720,OBFormat.RGB,ts=2534851419, depth=640Ă—576,OBFormat.Y16,ts=2534851420
[DEBUG] frames: total=173, depth_sets=170, color=1280Ă—720,OBFormat.RGB,ts=2534851519, depth=640Ă—576,OBFormat.Y16,ts=2534851520
[DEBUG] frames: total=174, depth_sets=171, color=1280Ă—720,OBFormat.RGB,ts=2534851585, depth=640Ă—576,OBFormat.Y16,ts=2534851586
[DEBUG] frames: total=175, depth_sets=172, color=1280Ă—720,OBFormat.RGB,ts=2534851685, depth=640Ă—576,OBFormat.Y16,ts=2534851686
[DEBUG] frames: total=176, depth_sets=173, color=1280Ă—720,OBFormat.RGB,ts=2534851752, depth=640Ă—576,OBFormat.Y16,ts=2534851753
[DEBUG] frames: total=177, depth_sets=174, color=1280Ă—720,OBFormat.RGB,ts=2534851851, depth=640Ă—576,OBFormat.Y16,ts=2534851853
[DEBUG] frames: total=178, depth_sets=175, color=1280Ă—720,OBFormat.RGB,ts=2534851918, depth=640Ă—576,OBFormat.Y16,ts=2534851919
[DEBUG] frames: total=179, depth_sets=176, color=1280Ă—720,OBFormat.RGB,ts=2534851984, depth=640Ă—576,OBFormat.Y16,ts=2534851986
[DEBUG] frames: total=180, depth_sets=177, color=1280Ă—720,OBFormat.RGB,ts=2534852084, depth=640Ă—576,OBFormat.Y16,ts=2534852085
[DEBUG] frames: total=181, depth_sets=178, color=1280Ă—720,OBFormat.RGB,ts=2534852184, depth=640Ă—576,OBFormat.Y16,ts=2534852185
[DEBUG] frames: total=182, depth_sets=179, color=1280Ă—720,OBFormat.RGB,ts=2534852250, depth=640Ă—576,OBFormat.Y16,ts=2534852252
[DEBUG] frames: total=183, depth_sets=180, color=1280Ă—720,OBFormat.RGB,ts=2534852317, depth=640Ă—576,OBFormat.Y16,ts=2534852318
[DEBUG] frames: total=184, depth_sets=181, color=1280Ă—720,OBFormat.RGB,ts=2534852417, depth=640Ă—576,OBFormat.Y16,ts=2534852418
[DEBUG] frames: total=185, depth_sets=182, color=1280Ă—720,OBFormat.RGB,ts=2534852483, depth=640Ă—576,OBFormat.Y16,ts=2534852484
[DEBUG] frames: total=186, depth_sets=183, color=1280Ă—720,OBFormat.RGB,ts=2534852583, depth=640Ă—576,OBFormat.Y16,ts=2534852584
[DEBUG] frames: total=187, depth_sets=184, color=1280Ă—720,OBFormat.RGB,ts=2534852649, depth=640Ă—576,OBFormat.Y16,ts=2534852651
[DEBUG] frames: total=188, depth_sets=185, color=1280Ă—720,OBFormat.RGB,ts=2534852749, depth=640Ă—576,OBFormat.Y16,ts=2534852750
[DEBUG] frames: total=189, depth_sets=186, color=1280Ă—720,OBFormat.RGB,ts=2534852816, depth=640Ă—576,OBFormat.Y16,ts=2534852817
[DEBUG] frames: total=190, depth_sets=187, color=1280Ă—720,OBFormat.RGB,ts=2534852916, depth=640Ă—576,OBFormat.Y16,ts=2534852917
[DEBUG] frames: total=191, depth_sets=188, color=1280Ă—720,OBFormat.RGB,ts=2534853015, depth=640Ă—576,OBFormat.Y16,ts=2534853016
[DEBUG] frames: total=192, depth_sets=189, color=1280Ă—720,OBFormat.RGB,ts=2534853082, depth=640Ă—576,OBFormat.Y16,ts=2534853083
[DEBUG] frames: total=193, depth_sets=190, color=1280Ă—720,OBFormat.RGB,ts=2534853148, depth=640Ă—576,OBFormat.Y16,ts=2534853149
[DEBUG] frames: total=194, depth_sets=191, color=1280Ă—720,OBFormat.RGB,ts=2534853248, depth=640Ă—576,OBFormat.Y16,ts=2534853249
[DEBUG] frames: total=195, depth_sets=192, color=1280Ă—720,OBFormat.RGB,ts=2534853315, depth=640Ă—576,OBFormat.Y16,ts=2534853316
[DEBUG] frames: total=196, depth_sets=193, color=1280Ă—720,OBFormat.RGB,ts=2534853414, depth=640Ă—576,OBFormat.Y16,ts=2534853415
[DEBUG] frames: total=197, depth_sets=194, color=1280Ă—720,OBFormat.RGB,ts=2534853481, depth=640Ă—576,OBFormat.Y16,ts=2534853482
[DEBUG] frames: total=198, depth_sets=195, color=1280Ă—720,OBFormat.RGB,ts=2534853581, depth=640Ă—576,OBFormat.Y16,ts=2534853582
[DEBUG] frames: total=199, depth_sets=196, color=1280Ă—720,OBFormat.RGB,ts=2534853647, depth=640Ă—576,OBFormat.Y16,ts=2534853648
[DEBUG] frames: total=200, depth_sets=197, color=1280Ă—720,OBFormat.RGB,ts=2534853747, depth=640Ă—576,OBFormat.Y16,ts=2534853748
[DEBUG] frames: total=201, depth_sets=198, color=1280Ă—720,OBFormat.RGB,ts=2534853813, depth=640Ă—576,OBFormat.Y16,ts=2534853814
[DEBUG] frames: total=202, depth_sets=199, color=1280Ă—720,OBFormat.RGB,ts=2534853913, depth=640Ă—576,OBFormat.Y16,ts=2534853914
[DEBUG] frames: total=203, depth_sets=200, color=1280Ă—720,OBFormat.RGB,ts=2534854013, depth=640Ă—576,OBFormat.Y16,ts=2534854014
[DEBUG] frames: total=204, depth_sets=201, color=1280Ă—720,OBFormat.RGB,ts=2534854079, depth=640Ă—576,OBFormat.Y16,ts=2534854080
[DEBUG] frames: total=205, depth_sets=202, color=1280Ă—720,OBFormat.RGB,ts=2534854146, depth=640Ă—576,OBFormat.Y16,ts=2534854147
[DEBUG] frames: total=206, depth_sets=203, color=1280Ă—720,OBFormat.RGB,ts=2534854246, depth=640Ă—576,OBFormat.Y16,ts=2534854247
[DEBUG] frames: total=207, depth_sets=204, color=1280Ă—720,OBFormat.RGB,ts=2534854312, depth=640Ă—576,OBFormat.Y16,ts=2534854313
[DEBUG] frames: total=208, depth_sets=205, color=1280Ă—720,OBFormat.RGB,ts=2534854379, depth=640Ă—576,OBFormat.Y16,ts=2534854380
[DEBUG] frames: total=209, depth_sets=206, color=1280Ă—720,OBFormat.RGB,ts=2534854478, depth=640Ă—576,OBFormat.Y16,ts=2534854480
[DEBUG] frames: total=210, depth_sets=207, color=1280Ă—720,OBFormat.RGB,ts=2534854578, depth=640Ă—576,OBFormat.Y16,ts=2534854579
[DEBUG] frames: total=211, depth_sets=208, color=1280Ă—720,OBFormat.RGB,ts=2534854645, depth=640Ă—576,OBFormat.Y16,ts=2534854646
[DEBUG] frames: total=212, depth_sets=209, color=1280Ă—720,OBFormat.RGB,ts=2534854744, depth=640Ă—576,OBFormat.Y16,ts=2534854746
[DEBUG] frames: total=213, depth_sets=210, color=1280Ă—720,OBFormat.RGB,ts=2534854811, depth=640Ă—576,OBFormat.Y16,ts=2534854812
[DEBUG] frames: total=214, depth_sets=211, color=1280Ă—720,OBFormat.RGB,ts=2534854877, depth=640Ă—576,OBFormat.Y16,ts=2534854879
[DEBUG] frames: total=215, depth_sets=212, color=1280Ă—720,OBFormat.RGB,ts=2534854977, depth=640Ă—576,OBFormat.Y16,ts=2534854978
[DEBUG] frames: total=216, depth_sets=213, color=1280Ă—720,OBFormat.RGB,ts=2534855077, depth=640Ă—576,OBFormat.Y16,ts=2534855078
[DEBUG] frames: total=217, depth_sets=214, color=1280Ă—720,OBFormat.RGB,ts=2534855144, depth=640Ă—576,OBFormat.Y16,ts=2534855145
[DEBUG] frames: total=218, depth_sets=215, color=1280Ă—720,OBFormat.RGB,ts=2534855243, depth=640Ă—576,OBFormat.Y16,ts=2534855244
[DEBUG] frames: total=219, depth_sets=216, color=1280Ă—720,OBFormat.RGB,ts=2534855343, depth=640Ă—576,OBFormat.Y16,ts=2534855344
[DEBUG] frames: total=220, depth_sets=217, color=1280Ă—720,OBFormat.RGB,ts=2534855410, depth=640Ă—576,OBFormat.Y16,ts=2534855411
[DEBUG] frames: total=221, depth_sets=218, color=1280Ă—720,OBFormat.RGB,ts=2534855509, depth=640Ă—576,OBFormat.Y16,ts=2534855510
[DEBUG] frames: total=222, depth_sets=219, color=1280Ă—720,OBFormat.RGB,ts=2534855576, depth=640Ă—576,OBFormat.Y16,ts=2534855577
[DEBUG] frames: total=223, depth_sets=220, color=1280Ă—720,OBFormat.RGB,ts=2534855676, depth=640Ă—576,OBFormat.Y16,ts=2534855677
[DEBUG] frames: total=224, depth_sets=221, color=1280Ă—720,OBFormat.RGB,ts=2534855742, depth=640Ă—576,OBFormat.Y16,ts=2534855743
[DEBUG] frames: total=225, depth_sets=222, color=1280Ă—720,OBFormat.RGB,ts=2534855842, depth=640Ă—576,OBFormat.Y16,ts=2534855843
[DEBUG] frames: total=226, depth_sets=223, color=1280Ă—720,OBFormat.RGB,ts=2534855908, depth=640Ă—576,OBFormat.Y16,ts=2534855909
[DEBUG] frames: total=227, depth_sets=224, color=1280Ă—720,OBFormat.RGB,ts=2534856008, depth=640Ă—576,OBFormat.Y16,ts=2534856009
[DEBUG] frames: total=228, depth_sets=225, color=1280Ă—720,OBFormat.RGB,ts=2534856075, depth=640Ă—576,OBFormat.Y16,ts=2534856076
[DEBUG] frames: total=229, depth_sets=226, color=1280Ă—720,OBFormat.RGB,ts=2534856174, depth=640Ă—576,OBFormat.Y16,ts=2534856176
[DEBUG] frames: total=230, depth_sets=227, color=1280Ă—720,OBFormat.RGB,ts=2534856274, depth=640Ă—576,OBFormat.Y16,ts=2534856275
[DEBUG] frames: total=231, depth_sets=228, color=1280Ă—720,OBFormat.RGB,ts=2534856341, depth=640Ă—576,OBFormat.Y16,ts=2534856342
[DEBUG] frames: total=232, depth_sets=229, color=1280Ă—720,OBFormat.RGB,ts=2534856440, depth=640Ă—576,OBFormat.Y16,ts=2534856442
[DEBUG] frames: total=233, depth_sets=230, color=1280Ă—720,OBFormat.RGB,ts=2534856540, depth=640Ă—576,OBFormat.Y16,ts=2534856541
[DEBUG] frames: total=234, depth_sets=231, color=1280Ă—720,OBFormat.RGB,ts=2534856607, depth=640Ă—576,OBFormat.Y16,ts=2534856608
[DEBUG] frames: total=235, depth_sets=232, color=1280Ă—720,OBFormat.RGB,ts=2534856673, depth=640Ă—576,OBFormat.Y16,ts=2534856674
[DEBUG] frames: total=236, depth_sets=233, color=1280Ă—720,OBFormat.RGB,ts=2534856773, depth=640Ă—576,OBFormat.Y16,ts=2534856774
[DEBUG] frames: total=237, depth_sets=234, color=1280Ă—720,OBFormat.RGB,ts=2534856840, depth=640Ă—576,OBFormat.Y16,ts=2534856841
[DEBUG] frames: total=238, depth_sets=235, color=1280Ă—720,OBFormat.RGB,ts=2534856939, depth=640Ă—576,OBFormat.Y16,ts=2534856940
[DEBUG] frames: total=239, depth_sets=236, color=1280Ă—720,OBFormat.RGB,ts=2534857006, depth=640Ă—576,OBFormat.Y16,ts=2534857007
[DEBUG] frames: total=240, depth_sets=237, color=1280Ă—720,OBFormat.RGB,ts=2534857106, depth=640Ă—576,OBFormat.Y16,ts=2534857107
[DEBUG] frames: total=241, depth_sets=238, color=1280Ă—720,OBFormat.RGB,ts=2534857172, depth=640Ă—576,OBFormat.Y16,ts=2534857173
[DEBUG] frames: total=242, depth_sets=239, color=1280Ă—720,OBFormat.RGB,ts=2534857272, depth=640Ă—576,OBFormat.Y16,ts=2534857273
[DEBUG] frames: total=243, depth_sets=240, color=1280Ă—720,OBFormat.RGB,ts=2534857338, depth=640Ă—576,OBFormat.Y16,ts=2534857339
[DEBUG] frames: total=244, depth_sets=241, color=1280Ă—720,OBFormat.RGB,ts=2534857438, depth=640Ă—576,OBFormat.Y16,ts=2534857439
[DEBUG] frames: total=245, depth_sets=242, color=1280Ă—720,OBFormat.RGB,ts=2534857505, depth=640Ă—576,OBFormat.Y16,ts=2534857506
[DEBUG] frames: total=246, depth_sets=243, color=1280Ă—720,OBFormat.RGB,ts=2534857604, depth=640Ă—576,OBFormat.Y16,ts=2534857605
[DEBUG] frames: total=247, depth_sets=244, color=1280Ă—720,OBFormat.RGB,ts=2534857671, depth=640Ă—576,OBFormat.Y16,ts=2534857672
[DEBUG] frames: total=248, depth_sets=245, color=1280Ă—720,OBFormat.RGB,ts=2534857771, depth=640Ă—576,OBFormat.Y16,ts=2534857772
[DEBUG] frames: total=249, depth_sets=246, color=1280Ă—720,OBFormat.RGB,ts=2534857837, depth=640Ă—576,OBFormat.Y16,ts=2534857838
[DEBUG] frames: total=250, depth_sets=247, color=1280Ă—720,OBFormat.RGB,ts=2534857937, depth=640Ă—576,OBFormat.Y16,ts=2534857938
[DEBUG] frames: total=251, depth_sets=248, color=1280Ă—720,OBFormat.RGB,ts=2534858003, depth=640Ă—576,OBFormat.Y16,ts=2534858005
[DEBUG] frames: total=252, depth_sets=249, color=1280Ă—720,OBFormat.RGB,ts=2534858103, depth=640Ă—576,OBFormat.Y16,ts=2534858104
[DEBUG] frames: total=253, depth_sets=250, color=1280Ă—720,OBFormat.RGB,ts=2534858170, depth=640Ă—576,OBFormat.Y16,ts=2534858171
[DEBUG] frames: total=254, depth_sets=251, color=1280Ă—720,OBFormat.RGB,ts=2534858269, depth=640Ă—576,OBFormat.Y16,ts=2534858271
[DEBUG] frames: total=255, depth_sets=252, color=1280Ă—720,OBFormat.RGB,ts=2534858336, depth=640Ă—576,OBFormat.Y16,ts=2534858337
[DEBUG] frames: total=256, depth_sets=253, color=1280Ă—720,OBFormat.RGB,ts=2534858436, depth=640Ă—576,OBFormat.Y16,ts=2534858437
[DEBUG] frames: total=257, depth_sets=254, color=1280Ă—720,OBFormat.RGB,ts=2534858502, depth=640Ă—576,OBFormat.Y16,ts=2534858503
[DEBUG] frames: total=258, depth_sets=255, color=1280Ă—720,OBFormat.RGB,ts=2534858569, depth=640Ă—576,OBFormat.Y16,ts=2534858570
[DEBUG] frames: total=259, depth_sets=256, color=1280Ă—720,OBFormat.RGB,ts=2534858669, depth=640Ă—576,OBFormat.Y16,ts=2534858670
[DEBUG] frames: total=260, depth_sets=257, color=1280Ă—720,OBFormat.RGB,ts=2534858768, depth=640Ă—576,OBFormat.Y16,ts=2534858769
[DEBUG] frames: total=261, depth_sets=258, color=1280Ă—720,OBFormat.RGB,ts=2534858835, depth=640Ă—576,OBFormat.Y16,ts=2534858836
[DEBUG] frames: total=262, depth_sets=259, color=1280Ă—720,OBFormat.RGB,ts=2534858935, depth=640Ă—576,OBFormat.Y16,ts=2534858936
[DEBUG] frames: total=263, depth_sets=260, color=1280Ă—720,OBFormat.RGB,ts=2534859034, depth=640Ă—576,OBFormat.Y16,ts=2534859035
[DEBUG] frames: total=264, depth_sets=261, color=1280Ă—720,OBFormat.RGB,ts=2534859101, depth=640Ă—576,OBFormat.Y16,ts=2534859102
[DEBUG] frames: total=265, depth_sets=262, color=1280Ă—720,OBFormat.RGB,ts=2534859201, depth=640Ă—576,OBFormat.Y16,ts=2534859202
[DEBUG] frames: total=266, depth_sets=263, color=1280Ă—720,OBFormat.RGB,ts=2534859267, depth=640Ă—576,OBFormat.Y16,ts=2534859268
[DEBUG] frames: total=267, depth_sets=264, color=1280Ă—720,OBFormat.RGB,ts=2534859367, depth=640Ă—576,OBFormat.Y16,ts=2534859368
[DEBUG] frames: total=268, depth_sets=265, color=1280Ă—720,OBFormat.RGB,ts=2534859433, depth=640Ă—576,OBFormat.Y16,ts=2534859434
[DEBUG] frames: total=269, depth_sets=266, color=1280Ă—720,OBFormat.RGB,ts=2534859533, depth=640Ă—576,OBFormat.Y16,ts=2534859534
[DEBUG] frames: total=270, depth_sets=267, color=1280Ă—720,OBFormat.RGB,ts=2534859600, depth=640Ă—576,OBFormat.Y16,ts=2534859601
[DEBUG] frames: total=271, depth_sets=268, color=1280Ă—720,OBFormat.RGB,ts=2534859666, depth=640Ă—576,OBFormat.Y16,ts=2534859667
[DEBUG] frames: total=272, depth_sets=269, color=1280Ă—720,OBFormat.RGB,ts=2534859766, depth=640Ă—576,OBFormat.Y16,ts=2534859767
[DEBUG] frames: total=273, depth_sets=270, color=1280Ă—720,OBFormat.RGB,ts=2534859832, depth=640Ă—576,OBFormat.Y16,ts=2534859833
[DEBUG] frames: total=274, depth_sets=271, color=1280Ă—720,OBFormat.RGB,ts=2534859932, depth=640Ă—576,OBFormat.Y16,ts=2534859933
[DEBUG] frames: total=275, depth_sets=272, color=1280Ă—720,OBFormat.RGB,ts=2534859999, depth=640Ă—576,OBFormat.Y16,ts=2534860000
[DEBUG] frames: total=276, depth_sets=273, color=1280Ă—720,OBFormat.RGB,ts=2534860098, depth=640Ă—576,OBFormat.Y16,ts=2534860100
[DEBUG] frames: total=277, depth_sets=274, color=1280Ă—720,OBFormat.RGB,ts=2534860165, depth=640Ă—576,OBFormat.Y16,ts=2534860166
[DEBUG] frames: total=278, depth_sets=275, color=1280Ă—720,OBFormat.RGB,ts=2534860265, depth=640Ă—576,OBFormat.Y16,ts=2534860266
[DEBUG] frames: total=279, depth_sets=276, color=1280Ă—720,OBFormat.RGB,ts=2534860331, depth=640Ă—576,OBFormat.Y16,ts=2534860332
[DEBUG] frames: total=280, depth_sets=277, color=1280Ă—720,OBFormat.RGB,ts=2534860431, depth=640Ă—576,OBFormat.Y16,ts=2534860432
[DEBUG] frames: total=281, depth_sets=278, color=1280Ă—720,OBFormat.RGB,ts=2534860497, depth=640Ă—576,OBFormat.Y16,ts=2534860499
[DEBUG] frames: total=282, depth_sets=279, color=1280Ă—720,OBFormat.RGB,ts=2534860564, depth=640Ă—576,OBFormat.Y16,ts=2534860565
[DEBUG] frames: total=283, depth_sets=280, color=1280Ă—720,OBFormat.RGB,ts=2534860664, depth=640Ă—576,OBFormat.Y16,ts=2534860665
[DEBUG] frames: total=284, depth_sets=281, color=1280Ă—720,OBFormat.RGB,ts=2534860730, depth=640Ă—576,OBFormat.Y16,ts=2534860731
[DEBUG] frames: total=285, depth_sets=282, color=1280Ă—720,OBFormat.RGB,ts=2534860830, depth=640Ă—576,OBFormat.Y16,ts=2534860831
[DEBUG] frames: total=286, depth_sets=283, color=1280Ă—720,OBFormat.RGB,ts=2534860896, depth=640Ă—576,OBFormat.Y16,ts=2534860898
[DEBUG] frames: total=287, depth_sets=284, color=1280Ă—720,OBFormat.RGB,ts=2534860996, depth=640Ă—576,OBFormat.Y16,ts=2534860997
[DEBUG] frames: total=288, depth_sets=285, color=1280Ă—720,OBFormat.RGB,ts=2534861063, depth=640Ă—576,OBFormat.Y16,ts=2534861064
[DEBUG] frames: total=289, depth_sets=286, color=1280Ă—720,OBFormat.RGB,ts=2534861163, depth=640Ă—576,OBFormat.Y16,ts=2534861164
[DEBUG] frames: total=290, depth_sets=287, color=1280Ă—720,OBFormat.RGB,ts=2534861229, depth=640Ă—576,OBFormat.Y16,ts=2534861230
[DEBUG] frames: total=291, depth_sets=288, color=1280Ă—720,OBFormat.RGB,ts=2534861329, depth=640Ă—576,OBFormat.Y16,ts=2534861330
[DEBUG] frames: total=292, depth_sets=289, color=1280Ă—720,OBFormat.RGB,ts=2534861395, depth=640Ă—576,OBFormat.Y16,ts=2534861396
[DEBUG] frames: total=293, depth_sets=290, color=1280Ă—720,OBFormat.RGB,ts=2534861495, depth=640Ă—576,OBFormat.Y16,ts=2534861496
[DEBUG] frames: total=294, depth_sets=291, color=1280Ă—720,OBFormat.RGB,ts=2534861562, depth=640Ă—576,OBFormat.Y16,ts=2534861563
[DEBUG] frames: total=295, depth_sets=292, color=1280Ă—720,OBFormat.RGB,ts=2534861661, depth=640Ă—576,OBFormat.Y16,ts=2534861662
[DEBUG] frames: total=296, depth_sets=293, color=1280Ă—720,OBFormat.RGB,ts=2534861728, depth=640Ă—576,OBFormat.Y16,ts=2534861729
[DEBUG] frames: total=297, depth_sets=294, color=1280Ă—720,OBFormat.RGB,ts=2534861828, depth=640Ă—576,OBFormat.Y16,ts=2534861829
[DEBUG] frames: total=298, depth_sets=295, color=1280Ă—720,OBFormat.RGB,ts=2534861894, depth=640Ă—576,OBFormat.Y16,ts=2534861895
[DEBUG] frames: total=299, depth_sets=296, color=1280Ă—720,OBFormat.RGB,ts=2534861994, depth=640Ă—576,OBFormat.Y16,ts=2534861995
[DEBUG] frames: total=300, depth_sets=297, color=1280Ă—720,OBFormat.RGB,ts=2534862060, depth=640Ă—576,OBFormat.Y16,ts=2534862061
[DEBUG] frames: total=301, depth_sets=298, color=1280Ă—720,OBFormat.RGB,ts=2534862160, depth=640Ă—576,OBFormat.Y16,ts=2534862161
[DEBUG] frames: total=302, depth_sets=299, color=1280Ă—720,OBFormat.RGB,ts=2534862227, depth=640Ă—576,OBFormat.Y16,ts=2534862228
[DEBUG] frames: total=303, depth_sets=300, color=1280Ă—720,OBFormat.RGB,ts=2534862326, depth=640Ă—576,OBFormat.Y16,ts=2534862327
[DEBUG] frames: total=304, depth_sets=301, color=1280Ă—720,OBFormat.RGB,ts=2534862393, depth=640Ă—576,OBFormat.Y16,ts=2534862394
[DEBUG] frames: total=305, depth_sets=302, color=1280Ă—720,OBFormat.RGB,ts=2534862493, depth=640Ă—576,OBFormat.Y16,ts=2534862494
[DEBUG] frames: total=306, depth_sets=303, color=1280Ă—720,OBFormat.RGB,ts=2534862559, depth=640Ă—576,OBFormat.Y16,ts=2534862560
[DEBUG] frames: total=307, depth_sets=304, color=1280Ă—720,OBFormat.RGB,ts=2534862659, depth=640Ă—576,OBFormat.Y16,ts=2534862660
[DEBUG] frames: total=308, depth_sets=305, color=1280Ă—720,OBFormat.RGB,ts=2534862725, depth=640Ă—576,OBFormat.Y16,ts=2534862727
[DEBUG] frames: total=309, depth_sets=306, color=1280Ă—720,OBFormat.RGB,ts=2534862825, depth=640Ă—576,OBFormat.Y16,ts=2534862826
[DEBUG] frames: total=310, depth_sets=307, color=1280Ă—720,OBFormat.RGB,ts=2534862925, depth=640Ă—576,OBFormat.Y16,ts=2534862926
[DEBUG] frames: total=311, depth_sets=308, color=1280Ă—720,OBFormat.RGB,ts=2534862991, depth=640Ă—576,OBFormat.Y16,ts=2534862993
[DEBUG] frames: total=312, depth_sets=309, color=1280Ă—720,OBFormat.RGB,ts=2534863091, depth=640Ă—576,OBFormat.Y16,ts=2534863092
[DEBUG] frames: total=313, depth_sets=310, color=1280Ă—720,OBFormat.RGB,ts=2534863158, depth=640Ă—576,OBFormat.Y16,ts=2534863159
[DEBUG] frames: total=314, depth_sets=311, color=1280Ă—720,OBFormat.RGB,ts=2534863224, depth=640Ă—576,OBFormat.Y16,ts=2534863225
[DEBUG] frames: total=315, depth_sets=312, color=1280Ă—720,OBFormat.RGB,ts=2534863324, depth=640Ă—576,OBFormat.Y16,ts=2534863325
[DEBUG] frames: total=316, depth_sets=313, color=1280Ă—720,OBFormat.RGB,ts=2534863390, depth=640Ă—576,OBFormat.Y16,ts=2534863392
[DEBUG] frames: total=317, depth_sets=314, color=1280Ă—720,OBFormat.RGB,ts=2534863457, depth=640Ă—576,OBFormat.Y16,ts=2534863458
[DEBUG] frames: total=318, depth_sets=315, color=1280Ă—720,OBFormat.RGB,ts=2534863557, depth=640Ă—576,OBFormat.Y16,ts=2534863558
[DEBUG] frames: total=319, depth_sets=316, color=1280Ă—720,OBFormat.RGB,ts=2534863623, depth=640Ă—576,OBFormat.Y16,ts=2534863624
[DEBUG] frames: total=320, depth_sets=317, color=1280Ă—720,OBFormat.RGB,ts=2534863690, depth=640Ă—576,OBFormat.Y16,ts=2534863691
[DEBUG] frames: total=321, depth_sets=318, color=1280Ă—720,OBFormat.RGB,ts=2534863790, depth=640Ă—576,OBFormat.Y16,ts=2534863791
[DEBUG] frames: total=322, depth_sets=319, color=1280Ă—720,OBFormat.RGB,ts=2534863856, depth=640Ă—576,OBFormat.Y16,ts=2534863857
[DEBUG] frames: total=323, depth_sets=320, color=1280Ă—720,OBFormat.RGB,ts=2534863956, depth=640Ă—576,OBFormat.Y16,ts=2534863957
[DEBUG] frames: total=324, depth_sets=321, color=1280Ă—720,OBFormat.RGB,ts=2534864022, depth=640Ă—576,OBFormat.Y16,ts=2534864023
[DEBUG] frames: total=325, depth_sets=322, color=1280Ă—720,OBFormat.RGB,ts=2534864122, depth=640Ă—576,OBFormat.Y16,ts=2534864123
[DEBUG] frames: total=326, depth_sets=323, color=1280Ă—720,OBFormat.RGB,ts=2534864189, depth=640Ă—576,OBFormat.Y16,ts=2534864190
[DEBUG] frames: total=327, depth_sets=324, color=1280Ă—720,OBFormat.RGB,ts=2534864288, depth=640Ă—576,OBFormat.Y16,ts=2534864289
[DEBUG] frames: total=328, depth_sets=325, color=1280Ă—720,OBFormat.RGB,ts=2534864355, depth=640Ă—576,OBFormat.Y16,ts=2534864356
[DEBUG] frames: total=329, depth_sets=326, color=1280Ă—720,OBFormat.RGB,ts=2534864455, depth=640Ă—576,OBFormat.Y16,ts=2534864456
[DEBUG] frames: total=330, depth_sets=327, color=1280Ă—720,OBFormat.RGB,ts=2534864521, depth=640Ă—576,OBFormat.Y16,ts=2534864522
[DEBUG] frames: total=331, depth_sets=328, color=1280Ă—720,OBFormat.RGB,ts=2534864621, depth=640Ă—576,OBFormat.Y16,ts=2534864622
[DEBUG] frames: total=332, depth_sets=329, color=1280Ă—720,OBFormat.RGB,ts=2534864687, depth=640Ă—576,OBFormat.Y16,ts=2534864688
[DEBUG] frames: total=333, depth_sets=330, color=1280Ă—720,OBFormat.RGB,ts=2534864787, depth=640Ă—576,OBFormat.Y16,ts=2534864788
[DEBUG] frames: total=334, depth_sets=331, color=1280Ă—720,OBFormat.RGB,ts=2534864887, depth=640Ă—576,OBFormat.Y16,ts=2534864888
[DEBUG] frames: total=335, depth_sets=332, color=1280Ă—720,OBFormat.RGB,ts=2534864953, depth=640Ă—576,OBFormat.Y16,ts=2534864954
[DEBUG] frames: total=336, depth_sets=333, color=1280Ă—720,OBFormat.RGB,ts=2534865053, depth=640Ă—576,OBFormat.Y16,ts=2534865054
[DEBUG] frames: total=337, depth_sets=334, color=1280Ă—720,OBFormat.RGB,ts=2534865186, depth=640Ă—576,OBFormat.Y16,ts=2534865187
[DEBUG] frames: total=338, depth_sets=335, color=1280Ă—720,OBFormat.RGB,ts=2534865286, depth=640Ă—576,OBFormat.Y16,ts=2534865287
[DEBUG] frames: total=339, depth_sets=336, color=1280Ă—720,OBFormat.RGB,ts=2534865386, depth=640Ă—576,OBFormat.Y16,ts=2534865387
[DEBUG] frames: total=340, depth_sets=337, color=1280Ă—720,OBFormat.RGB,ts=2534865452, depth=640Ă—576,OBFormat.Y16,ts=2534865453
[DEBUG] frames: total=341, depth_sets=338, color=1280Ă—720,OBFormat.RGB,ts=2534865552, depth=640Ă—576,OBFormat.Y16,ts=2534865553
[DEBUG] frames: total=342, depth_sets=339, color=1280Ă—720,OBFormat.RGB,ts=2534865618, depth=640Ă—576,OBFormat.Y16,ts=2534865619
[DEBUG] frames: total=343, depth_sets=340, color=1280Ă—720,OBFormat.RGB,ts=2534865718, depth=640Ă—576,OBFormat.Y16,ts=2534865719
[DEBUG] frames: total=344, depth_sets=341, color=1280Ă—720,OBFormat.RGB,ts=2534865785, depth=640Ă—576,OBFormat.Y16,ts=2534865786
[DEBUG] frames: total=345, depth_sets=342, color=1280Ă—720,OBFormat.RGB,ts=2534865851, depth=640Ă—576,OBFormat.Y16,ts=2534865852
[DEBUG] frames: total=346, depth_sets=343, color=1280Ă—720,OBFormat.RGB,ts=2534865951, depth=640Ă—576,OBFormat.Y16,ts=2534865952
[DEBUG] frames: total=347, depth_sets=344, color=1280Ă—720,OBFormat.RGB,ts=2534866051, depth=640Ă—576,OBFormat.Y16,ts=2534866052
[DEBUG] frames: total=348, depth_sets=345, color=1280Ă—720,OBFormat.RGB,ts=2534866150, depth=640Ă—576,OBFormat.Y16,ts=2534866152
[DEBUG] frames: total=349, depth_sets=346, color=1280Ă—720,OBFormat.RGB,ts=2534866217, depth=640Ă—576,OBFormat.Y16,ts=2534866218
[DEBUG] frames: total=350, depth_sets=347, color=1280Ă—720,OBFormat.RGB,ts=2534866317, depth=640Ă—576,OBFormat.Y16,ts=2534866318
[DEBUG] frames: total=351, depth_sets=348, color=1280Ă—720,OBFormat.RGB,ts=2534866383, depth=640Ă—576,OBFormat.Y16,ts=2534866384
[DEBUG] frames: total=352, depth_sets=349, color=1280Ă—720,OBFormat.RGB,ts=2534866450, depth=640Ă—576,OBFormat.Y16,ts=2534866451
[DEBUG] frames: total=353, depth_sets=350, color=1280Ă—720,OBFormat.RGB,ts=2534866516, depth=640Ă—576,OBFormat.Y16,ts=2534866517
[DEBUG] Valid depth pixels after filtering: 258656
[DEBUG] Plane floor inliers: 216977
[DEBUG] Initial raw outliers: 41679
[CLUSTER TRACE] ID #2: 22601 points, Height Extent=179.0mm
[SUCCESS] Target Identified: Isolated cluster #2 containing 22601 points.
[DEBUG] Projected isolated cluster mask contains 22044 active pixels.
[DEBUG] Mask projection: final cleaned foreground=5607
[INFO] Quitting application.
