[INFO] Session log file: dataset/debug/session_20260519_145215.log
[DEBUG] frames: total=1, depth_sets=0, color=1280Ă—720,OBFormat.RGB,ts=2523286079, depth=None
[WARNING] Align filter returned None
[DEBUG] frames: total=2, depth_sets=0, color=1280Ă—720,OBFormat.RGB,ts=2523286179, depth=None
[WARNING] Align filter returned None
[DEBUG] frames: total=3, depth_sets=0, color=1280Ă—720,OBFormat.RGB,ts=2523286212, depth=None
[WARNING] Align filter returned None
[DEBUG] frames: total=4, depth_sets=1, color=1280Ă—720,OBFormat.RGB,ts=2523286312, depth=640Ă—576,OBFormat.Y16,ts=2523286313
[DEBUG] frames: total=5, depth_sets=2, color=1280Ă—720,OBFormat.RGB,ts=2523286478, depth=640Ă—576,OBFormat.Y16,ts=2523286479
[DEBUG] frames: total=6, depth_sets=3, color=1280Ă—720,OBFormat.RGB,ts=2523286644, depth=640Ă—576,OBFormat.Y16,ts=2523286645
[DEBUG] frames: total=7, depth_sets=4, color=1280Ă—720,OBFormat.RGB,ts=2523286744, depth=640Ă—576,OBFormat.Y16,ts=2523286745
[DEBUG] frames: total=8, depth_sets=5, color=1280Ă—720,OBFormat.RGB,ts=2523286844, depth=640Ă—576,OBFormat.Y16,ts=2523286845
[DEBUG] frames: total=9, depth_sets=6, color=1280Ă—720,OBFormat.RGB,ts=2523286910, depth=640Ă—576,OBFormat.Y16,ts=2523286911
[DEBUG] frames: total=10, depth_sets=7, color=1280Ă—720,OBFormat.RGB,ts=2523286977, depth=640Ă—576,OBFormat.Y16,ts=2523286978
[DEBUG] frames: total=11, depth_sets=8, color=1280Ă—720,OBFormat.RGB,ts=2523287076, depth=640Ă—576,OBFormat.Y16,ts=2523287078
[DEBUG] frames: total=12, depth_sets=9, color=1280Ă—720,OBFormat.RGB,ts=2523287143, depth=640Ă—576,OBFormat.Y16,ts=2523287144
[DEBUG] frames: total=13, depth_sets=10, color=1280Ă—720,OBFormat.RGB,ts=2523287209, depth=640Ă—576,OBFormat.Y16,ts=2523287211
[DEBUG] frames: total=14, depth_sets=11, color=1280Ă—720,OBFormat.RGB,ts=2523287276, depth=640Ă—576,OBFormat.Y16,ts=2523287277
[DEBUG] frames: total=15, depth_sets=12, color=1280Ă—720,OBFormat.RGB,ts=2523287342, depth=640Ă—576,OBFormat.Y16,ts=2523287344
[DEBUG] frames: total=16, depth_sets=13, color=1280Ă—720,OBFormat.RGB,ts=2523287376, depth=640Ă—576,OBFormat.Y16,ts=2523287377
[DEBUG] frames: total=17, depth_sets=14, color=1280Ă—720,OBFormat.RGB,ts=2523287475, depth=640Ă—576,OBFormat.Y16,ts=2523287477
[DEBUG] frames: total=18, depth_sets=15, color=1280Ă—720,OBFormat.RGB,ts=2523287542, depth=640Ă—576,OBFormat.Y16,ts=2523287543
[DEBUG] frames: total=19, depth_sets=16, color=1280Ă—720,OBFormat.RGB,ts=2523287608, depth=640Ă—576,OBFormat.Y16,ts=2523287610
[DEBUG] frames: total=20, depth_sets=17, color=1280Ă—720,OBFormat.RGB,ts=2523287775, depth=640Ă—576,OBFormat.Y16,ts=2523287776
[DEBUG] frames: total=21, depth_sets=18, color=1280Ă—720,OBFormat.RGB,ts=2523287941, depth=640Ă—576,OBFormat.Y16,ts=2523287942
[DEBUG] frames: total=22, depth_sets=19, color=1280Ă—720,OBFormat.RGB,ts=2523288074, depth=640Ă—576,OBFormat.Y16,ts=2523288075
[DEBUG] frames: total=23, depth_sets=20, color=1280Ă—720,OBFormat.RGB,ts=2523288240, depth=640Ă—576,OBFormat.Y16,ts=2523288241
[DEBUG] frames: total=24, depth_sets=20, color=1280Ă—720,OBFormat.RGB,ts=2523288407, depth=None
[INFO] Using cached color+depth pair (dt=166)
[DEBUG] frames: total=25, depth_sets=21, color=1280Ă—720,OBFormat.RGB,ts=2523288506, depth=640Ă—576,OBFormat.Y16,ts=2523288507
[DEBUG] frames: total=26, depth_sets=22, color=1280Ă—720,OBFormat.RGB,ts=2523288606, depth=640Ă—576,OBFormat.Y16,ts=2523288607
[DEBUG] frames: total=27, depth_sets=23, color=1280Ă—720,OBFormat.RGB,ts=2523288706, depth=640Ă—576,OBFormat.Y16,ts=2523288707
[DEBUG] frames: total=28, depth_sets=24, color=1280Ă—720,OBFormat.RGB,ts=2523288806, depth=640Ă—576,OBFormat.Y16,ts=2523288807
[DEBUG] frames: total=29, depth_sets=25, color=1280Ă—720,OBFormat.RGB,ts=2523288872, depth=640Ă—576,OBFormat.Y16,ts=2523288873
[DEBUG] frames: total=30, depth_sets=26, color=1280Ă—720,OBFormat.RGB,ts=2523288972, depth=640Ă—576,OBFormat.Y16,ts=2523288973
[DEBUG] frames: total=31, depth_sets=27, color=1280Ă—720,OBFormat.RGB,ts=2523289038, depth=640Ă—576,OBFormat.Y16,ts=2523289039
[DEBUG] frames: total=32, depth_sets=28, color=1280Ă—720,OBFormat.RGB,ts=2523289138, depth=640Ă—576,OBFormat.Y16,ts=2523289139
[DEBUG] frames: total=33, depth_sets=29, color=1280Ă—720,OBFormat.RGB,ts=2523289238, depth=640Ă—576,OBFormat.Y16,ts=2523289239
[DEBUG] frames: total=34, depth_sets=30, color=1280Ă—720,OBFormat.RGB,ts=2523289338, depth=640Ă—576,OBFormat.Y16,ts=2523289339
[DEBUG] frames: total=35, depth_sets=31, color=1280Ă—720,OBFormat.RGB,ts=2523289404, depth=640Ă—576,OBFormat.Y16,ts=2523289405
[DEBUG] frames: total=36, depth_sets=32, color=1280Ă—720,OBFormat.RGB,ts=2523289504, depth=640Ă—576,OBFormat.Y16,ts=2523289505
[DEBUG] frames: total=37, depth_sets=33, color=1280Ă—720,OBFormat.RGB,ts=2523289570, depth=640Ă—576,OBFormat.Y16,ts=2523289572
[DEBUG] frames: total=38, depth_sets=34, color=1280Ă—720,OBFormat.RGB,ts=2523289670, depth=640Ă—576,OBFormat.Y16,ts=2523289671
[DEBUG] frames: total=39, depth_sets=35, color=1280Ă—720,OBFormat.RGB,ts=2523289737, depth=640Ă—576,OBFormat.Y16,ts=2523289738
[DEBUG] frames: total=40, depth_sets=36, color=1280Ă—720,OBFormat.RGB,ts=2523289836, depth=640Ă—576,OBFormat.Y16,ts=2523289838
[DEBUG] frames: total=41, depth_sets=37, color=1280Ă—720,OBFormat.RGB,ts=2523289903, depth=640Ă—576,OBFormat.Y16,ts=2523289904
[DEBUG] frames: total=42, depth_sets=38, color=1280Ă—720,OBFormat.RGB,ts=2523290003, depth=640Ă—576,OBFormat.Y16,ts=2523290004
[DEBUG] frames: total=43, depth_sets=39, color=1280Ă—720,OBFormat.RGB,ts=2523290069, depth=640Ă—576,OBFormat.Y16,ts=2523290070
[DEBUG] frames: total=44, depth_sets=40, color=1280Ă—720,OBFormat.RGB,ts=2523290169, depth=640Ă—576,OBFormat.Y16,ts=2523290170
[DEBUG] frames: total=45, depth_sets=41, color=1280Ă—720,OBFormat.RGB,ts=2523290235, depth=640Ă—576,OBFormat.Y16,ts=2523290237
[DEBUG] frames: total=46, depth_sets=42, color=1280Ă—720,OBFormat.RGB,ts=2523290335, depth=640Ă—576,OBFormat.Y16,ts=2523290336
[DEBUG] frames: total=47, depth_sets=43, color=1280Ă—720,OBFormat.RGB,ts=2523290402, depth=640Ă—576,OBFormat.Y16,ts=2523290403
[DEBUG] frames: total=48, depth_sets=44, color=1280Ă—720,OBFormat.RGB,ts=2523290501, depth=640Ă—576,OBFormat.Y16,ts=2523290503
[DEBUG] frames: total=49, depth_sets=45, color=1280Ă—720,OBFormat.RGB,ts=2523290568, depth=640Ă—576,OBFormat.Y16,ts=2523290569
[DEBUG] frames: total=50, depth_sets=46, color=1280Ă—720,OBFormat.RGB,ts=2523290668, depth=640Ă—576,OBFormat.Y16,ts=2523290669
[DEBUG] frames: total=51, depth_sets=47, color=1280Ă—720,OBFormat.RGB,ts=2523290734, depth=640Ă—576,OBFormat.Y16,ts=2523290735
[DEBUG] frames: total=52, depth_sets=48, color=1280Ă—720,OBFormat.RGB,ts=2523290834, depth=640Ă—576,OBFormat.Y16,ts=2523290835
[DEBUG] frames: total=53, depth_sets=49, color=1280Ă—720,OBFormat.RGB,ts=2523290900, depth=640Ă—576,OBFormat.Y16,ts=2523290902
[DEBUG] frames: total=54, depth_sets=50, color=1280Ă—720,OBFormat.RGB,ts=2523291000, depth=640Ă—576,OBFormat.Y16,ts=2523291001
[DEBUG] frames: total=55, depth_sets=51, color=1280Ă—720,OBFormat.RGB,ts=2523291067, depth=640Ă—576,OBFormat.Y16,ts=2523291068
[DEBUG] frames: total=56, depth_sets=52, color=1280Ă—720,OBFormat.RGB,ts=2523291133, depth=640Ă—576,OBFormat.Y16,ts=2523291134
[DEBUG] frames: total=57, depth_sets=53, color=1280Ă—720,OBFormat.RGB,ts=2523291233, depth=640Ă—576,OBFormat.Y16,ts=2523291234
[DEBUG] frames: total=58, depth_sets=54, color=1280Ă—720,OBFormat.RGB,ts=2523291300, depth=640Ă—576,OBFormat.Y16,ts=2523291301
[DEBUG] frames: total=59, depth_sets=55, color=1280Ă—720,OBFormat.RGB,ts=2523291366, depth=640Ă—576,OBFormat.Y16,ts=2523291367
[DEBUG] frames: total=60, depth_sets=56, color=1280Ă—720,OBFormat.RGB,ts=2523291466, depth=640Ă—576,OBFormat.Y16,ts=2523291467
[DEBUG] frames: total=61, depth_sets=57, color=1280Ă—720,OBFormat.RGB,ts=2523291532, depth=640Ă—576,OBFormat.Y16,ts=2523291533
[DEBUG] frames: total=62, depth_sets=58, color=1280Ă—720,OBFormat.RGB,ts=2523291632, depth=640Ă—576,OBFormat.Y16,ts=2523291633
[DEBUG] frames: total=63, depth_sets=59, color=1280Ă—720,OBFormat.RGB,ts=2523291699, depth=640Ă—576,OBFormat.Y16,ts=2523291700
[DEBUG] frames: total=64, depth_sets=60, color=1280Ă—720,OBFormat.RGB,ts=2523291765, depth=640Ă—576,OBFormat.Y16,ts=2523291766
[DEBUG] frames: total=65, depth_sets=61, color=1280Ă—720,OBFormat.RGB,ts=2523291865, depth=640Ă—576,OBFormat.Y16,ts=2523291866
[DEBUG] frames: total=66, depth_sets=62, color=1280Ă—720,OBFormat.RGB,ts=2523291931, depth=640Ă—576,OBFormat.Y16,ts=2523291932
[DEBUG] frames: total=67, depth_sets=63, color=1280Ă—720,OBFormat.RGB,ts=2523292031, depth=640Ă—576,OBFormat.Y16,ts=2523292032
[DEBUG] frames: total=68, depth_sets=64, color=1280Ă—720,OBFormat.RGB,ts=2523292098, depth=640Ă—576,OBFormat.Y16,ts=2523292099
[DEBUG] frames: total=69, depth_sets=65, color=1280Ă—720,OBFormat.RGB,ts=2523292197, depth=640Ă—576,OBFormat.Y16,ts=2523292198
[DEBUG] frames: total=70, depth_sets=66, color=1280Ă—720,OBFormat.RGB,ts=2523292264, depth=640Ă—576,OBFormat.Y16,ts=2523292265
[DEBUG] frames: total=71, depth_sets=67, color=1280Ă—720,OBFormat.RGB,ts=2523292330, depth=640Ă—576,OBFormat.Y16,ts=2523292331
[DEBUG] frames: total=72, depth_sets=68, color=1280Ă—720,OBFormat.RGB,ts=2523292430, depth=640Ă—576,OBFormat.Y16,ts=2523292431
[DEBUG] frames: total=73, depth_sets=69, color=1280Ă—720,OBFormat.RGB,ts=2523292497, depth=640Ă—576,OBFormat.Y16,ts=2523292498
[DEBUG] frames: total=74, depth_sets=70, color=1280Ă—720,OBFormat.RGB,ts=2523292596, depth=640Ă—576,OBFormat.Y16,ts=2523292597
[DEBUG] frames: total=75, depth_sets=71, color=1280Ă—720,OBFormat.RGB,ts=2523292663, depth=640Ă—576,OBFormat.Y16,ts=2523292664
[DEBUG] frames: total=76, depth_sets=72, color=1280Ă—720,OBFormat.RGB,ts=2523292729, depth=640Ă—576,OBFormat.Y16,ts=2523292730
[DEBUG] frames: total=77, depth_sets=73, color=1280Ă—720,OBFormat.RGB,ts=2523292829, depth=640Ă—576,OBFormat.Y16,ts=2523292830
[DEBUG] frames: total=78, depth_sets=74, color=1280Ă—720,OBFormat.RGB,ts=2523292896, depth=640Ă—576,OBFormat.Y16,ts=2523292897
[DEBUG] frames: total=79, depth_sets=75, color=1280Ă—720,OBFormat.RGB,ts=2523292995, depth=640Ă—576,OBFormat.Y16,ts=2523292996
[DEBUG] frames: total=80, depth_sets=76, color=1280Ă—720,OBFormat.RGB,ts=2523293062, depth=640Ă—576,OBFormat.Y16,ts=2523293063
[DEBUG] frames: total=81, depth_sets=77, color=1280Ă—720,OBFormat.RGB,ts=2523293162, depth=640Ă—576,OBFormat.Y16,ts=2523293163
[DEBUG] frames: total=82, depth_sets=78, color=1280Ă—720,OBFormat.RGB,ts=2523293261, depth=640Ă—576,OBFormat.Y16,ts=2523293262
[DEBUG] frames: total=83, depth_sets=79, color=1280Ă—720,OBFormat.RGB,ts=2523293295, depth=640Ă—576,OBFormat.Y16,ts=2523293296
[DEBUG] Valid depth pixels after filtering: 258460
[DEBUG] Full point cloud has 258460 points.
[INFO] Plane equation: 0.02x + -0.16y + 0.99z + -0.48 = 0
[DEBUG] Plane inliers: 217405
[DEBUG] Non-plane points: 41055
[DEBUG] Isolated 3D object cluster contains 21934 points.
[DEBUG] Mask projection: isolated foreground=21413
[DEBUG] Belt ROI: x_margin=76, y_margin=11, foreground=5247
[DEBUG] Mask cleanup: raw foreground=5247
[DEBUG] Mask cleanup: after morphology=6302
[DEBUG] Mask cleanup candidate: idx=2 area=5987 bbox=(507, 200, 57, 176) centroid=(538.5, 285.8) touches_border=False strip_like=False mean_residual=0.1165 max_residual=0.4833 residual_ok=True score=27.2747
[DEBUG] Mask cleanup: connected components=6, min_area=368, selected_indices=[2], selected_area=5987
[DEBUG] Mask cleanup: final area after dilation=8567
[DEBUG] Mask projection: final cleaned foreground=8567

[INFO] Saving data packages for: img0935...
[SAVED] RGB image saved to: dataset/images/img0935.png
[SAVED] Raw 16-bit depth map saved to: dataset/depth/img0935.png
[WARNING] Mask/image shape mismatch: mask=(576, 640), image=(720, 510). Resizing mask for overlay/export.
[SAVED] YOLO text file saved to: dataset/labels/img0935.txt
[SAVED] Mask tracking image saved to: dataset/masks/img0935.png
[SAVED] Verified 3D Point Cloud saved successfully (258460 points)
[COUNT] images=2, depth=2, labels=2, masks=4, pointcloud=2, info=3, debug=7
[SUCCESS] Packout cycle img0935 complete.

[DEBUG] frames: total=84, depth_sets=80, color=1280Ă—720,OBFormat.RGB,ts=2523312647, depth=640Ă—576,OBFormat.Y16,ts=2523312648
[DEBUG] frames: total=85, depth_sets=81, color=1280Ă—720,OBFormat.RGB,ts=2523312747, depth=640Ă—576,OBFormat.Y16,ts=2523312748
[DEBUG] frames: total=86, depth_sets=82, color=1280Ă—720,OBFormat.RGB,ts=2523312847, depth=640Ă—576,OBFormat.Y16,ts=2523312848
[DEBUG] frames: total=87, depth_sets=83, color=1280Ă—720,OBFormat.RGB,ts=2523312946, depth=640Ă—576,OBFormat.Y16,ts=2523312947
[DEBUG] frames: total=88, depth_sets=84, color=1280Ă—720,OBFormat.RGB,ts=2523313079, depth=640Ă—576,OBFormat.Y16,ts=2523313080
[DEBUG] frames: total=89, depth_sets=85, color=1280Ă—720,OBFormat.RGB,ts=2523313179, depth=640Ă—576,OBFormat.Y16,ts=2523313180
[DEBUG] frames: total=90, depth_sets=86, color=1280Ă—720,OBFormat.RGB,ts=2523313279, depth=640Ă—576,OBFormat.Y16,ts=2523313280
[DEBUG] frames: total=91, depth_sets=87, color=1280Ă—720,OBFormat.RGB,ts=2523313345, depth=640Ă—576,OBFormat.Y16,ts=2523313346
[DEBUG] frames: total=92, depth_sets=88, color=1280Ă—720,OBFormat.RGB,ts=2523313445, depth=640Ă—576,OBFormat.Y16,ts=2523313446
[DEBUG] frames: total=93, depth_sets=89, color=1280Ă—720,OBFormat.RGB,ts=2523313578, depth=640Ă—576,OBFormat.Y16,ts=2523313579
[DEBUG] frames: total=94, depth_sets=90, color=1280Ă—720,OBFormat.RGB,ts=2523313645, depth=640Ă—576,OBFormat.Y16,ts=2523313646
[DEBUG] frames: total=95, depth_sets=91, color=1280Ă—720,OBFormat.RGB,ts=2523313744, depth=640Ă—576,OBFormat.Y16,ts=2523313745
[DEBUG] frames: total=96, depth_sets=92, color=1280Ă—720,OBFormat.RGB,ts=2523313811, depth=640Ă—576,OBFormat.Y16,ts=2523313812
[INFO] Quitting application.
