
================================================================================
  masking.py run started: 2026-06-18 11:49:14.931629
================================================================================

━━━ [STAGE 1] Loading Point Cloud Array
  [INFO] Total raw points loaded: 361,832

━━━ [STAGE 2] Statistical Outlier Demolition
  [INFO] Points surviving outlier filter: 353,603

━━━ [STAGE 3] Live Plane Surface Isolation (RANSAC)
  [INFO] Original RANSAC: a=0.0124, b=0.0626, c=0.9980, d=-0.4904
  [INFO] Normal vector pointing down. Flipping coefficients up toward lens.
  [INFO] Points isolated on belt plane: 328,178
  [INFO] Non-plane points going to workspace filter: 25,425

━━━ [STAGE 5] Direction-Enforced Spatial Pre-Filtering
  [INFO] Height gate window : 1.50mm to 500.00mm
  [INFO] Dist-from-plane mm : min=12.657 mean=58.791 median=63.486 max=77.935
  [INFO] Rejected by lower gate: 0 / 25,425
  [INFO] Rejected by upper gate: 0 / 25,425
  [DEBUG] Points passing directional spatial filters: 25,425

━━━ [STAGE 6] Spatial Structural Isolation Clustering (DBSCAN)
  [INFO] DBSCAN discovered 2 distinct point groups.

━━━ [STAGE 7] Multi-Gate Geometric Evaluation
  Cluster #00 -> Pts: 25390 | Dims(mm): X=125.7, Y=105.3, Z= 69.0 | VolRatio: 0.549 | Gates: [G1-4=1 G5_Size=1 G6_3D=1] -> PASSED
  Cluster #01 -> Pts: 35    | Dims(mm): X=  8.7, Y=  5.9, Z=  8.0 | VolRatio: 0.684 | Gates: [G1-4=0 G5_Size=0 G6_3D=1] -> REJECTED
  [INFO] Winning Cluster selected: ID #0 (Score=0.8647)
  [INFO] Winning cluster point count: 25,390

━━━ [STAGE 8] Projection — Sensor Space → Cropped Canvas

  ── [STAGE 8a] Coordinate System Parameters ──
    Intrinsics    : fx=750.148  fy=749.790  cx=386.179  cy=366.086
    Crop offsets  : left=0 px  top=0 px
    Depth sensor  : 510W x 720H px
    RGB canvas    : 510W x 720H px
    Scale factors : scale_x=1.000000  scale_y=1.000000

  ── [STAGE 8b] 3-D Cluster Bounding Box (world space) ──
    X range : -0.1078 m  →  0.0179 m  (span 125.7 mm)
    Y range : -0.0152 m  →  0.0901 m  (span 105.3 mm)
    Z range : 0.4110 m  →  0.4800 m  (span 69.0 mm)
    Z depth : mean=0.4305 m  std=0.0141 m  min=0.4110 m  max=0.4800 m

  ── [STAGE 8c] Projection Steps ──
    [Step 1] Full-sensor pixel coords (before crop subtraction):
      u_sensor  min=199.0  max=415.0  mean=315.1
      v_sensor  min=342.0  max=524.0  mean=437.3
    [OK] Sensor-space OOB: u=0.0%  v=0.0%
    [Step 2] After crop subtraction (crop_left=0, crop_top=0):
      u_cropped min=199.0  max=415.0  mean=315.1
      v_cropped min=342.0  max=524.0  mean=437.3
    [Step 2 Check] Cropped coords outside canvas: u<0=0.0%  u>W=0.0%  v<0=0.0%  v>H=0.0%
    [Step 3] After scale to canvas (scale_x=1.0000, scale_y=1.0000):
      u  min=199  max=415  mean=315.1
      v  min=342  max=524  mean=437.3
      Canvas target size : 510W x 720H px

  ── [STAGE 8d] Expected mask centroid on canvas ──
      Projected centroid : u=315.1 px  v=437.3 px
      Canvas centre      : u=255.0 px  v=360.0 px
      Offset from centre : Δu=60.1 px  Δv=77.3 px

  ── [STAGE 8e] Bounds Filter ──
    Total projected points : 25,390
    Inside canvas bounds   : 25,390  (100.0%)
    Duplicate pixel hits    : 0
  [INFO] Density non-zero pixels: 25,390
  [INFO] Density peak count     : 1
  [INFO] Raw mask white pixels before morphology: 25,390
  [INFO] White pixels after close: 26,263
  [INFO] Morphological open skipped for tip-loss debugging.
  [INFO] White pixels after open (skipped): 26,263

  ── [STAGE 8f] Final Mask Stats ──
    Bounding box : 216W x 182H px
    Mask centroid: (307.0, 433.0) px
    White pixels : 26,263

================================================================================
                 LIVE OBJECT DETECTION DEBUG
================================================================================
  Timestamp Code Generation : 2026-06-18 11:49:27.666
  Capture Name              : img0000
  Cropped RGB Shape         : (720, 510, 3)
  Cropped Depth Shape       : (720, 510)
  Mask Foreground Pixels    : 26263
  Mask Foreground Ratio     : 0.07152233
  Mask Connected Components : 1
  Mask Largest BBox         : (199, 342, 217, 183)
  Mask Largest Centroid     : (315.4939268171953, 436.80649583063627)
  Plane Inliers             : 328178
  Non-Plane Points          : 25425
================================================================================

  ── Stage 5 Height-Gate Diagnostics ──
  Height Gate Min (mm)      : 1.500
  Height Gate Max (mm)      : 500.000
  Dist Min / Mean / Median  : 12.657 / 58.791 / 63.486
  Dist Max (mm)             : 77.935
  Stage 5 Input Points       : 25,425
  Stage 5 Passed Points      : 25,425
  Rejected Below Threshold   : 0
  Rejected Above Threshold   : 0
  ── Stage 8 Projection Diagnostics ──
  Projected Points           : 25,390
  Inside Canvas Bounds       : 25,390
  Duplicate Pixel Hits       : 0
  Raw Mask White Pixels      : 25,390
  White Pixels After Close    : 26,263
  White Pixels After Open     : 26,263  masking.py run ended: 2026-06-18 11:50:08.665520
