
================================================================================
  masking.py run started: 2026-06-13 15:17:26.412340
================================================================================

━━━ [STAGE 1] Loading Point Cloud Array
  [INFO] Total raw points loaded: 366,538

━━━ [STAGE 2] Statistical Outlier Demolition
  [INFO] Points surviving outlier filter: 353,044

━━━ [STAGE 3] Live Plane Surface Isolation (RANSAC)
  [INFO] Original RANSAC: a=0.0152, b=-0.0346, c=0.9993, d=-0.4790
  [INFO] Normal vector pointing down. Flipping coefficients up toward lens.
  [INFO] Points isolated on belt plane: 347,669
  [INFO] Non-plane points going to workspace filter: 5,375

━━━ [STAGE 5] Direction-Enforced Spatial Pre-Filtering
  [INFO] Height gate window : 1.50mm to 500.00mm
  [INFO] Dist-from-plane mm : min=14.579 mean=25.511 median=26.351 max=36.176
  [INFO] Rejected by lower gate: 0 / 5,375
  [INFO] Rejected by upper gate: 0 / 5,375
  [DEBUG] Points passing directional spatial filters: 5,375

━━━ [STAGE 1] Loading Point Cloud Array
  [INFO] Total raw points loaded: 366,545

━━━ [STAGE 2] Statistical Outlier Demolition
  [INFO] Points surviving outlier filter: 353,052

━━━ [STAGE 3] Live Plane Surface Isolation (RANSAC)
  [INFO] Original RANSAC: a=0.0149, b=-0.0347, c=0.9993, d=-0.4793
  [INFO] Normal vector pointing down. Flipping coefficients up toward lens.
  [INFO] Points isolated on belt plane: 346,667
  [INFO] Non-plane points going to workspace filter: 6,385

━━━ [STAGE 5] Direction-Enforced Spatial Pre-Filtering
  [INFO] Height gate window : 1.50mm to 500.00mm
  [INFO] Dist-from-plane mm : min=12.402 mean=23.714 median=25.207 max=36.384
  [INFO] Rejected by lower gate: 0 / 6,385
  [INFO] Rejected by upper gate: 0 / 6,385
  [DEBUG] Points passing directional spatial filters: 6,385

━━━ [STAGE 1] Loading Point Cloud Array
  [INFO] Total raw points loaded: 366,553

━━━ [STAGE 2] Statistical Outlier Demolition
  [INFO] Points surviving outlier filter: 353,025

━━━ [STAGE 3] Live Plane Surface Isolation (RANSAC)
  [INFO] Original RANSAC: a=0.0148, b=-0.0346, c=0.9993, d=-0.4793
  [INFO] Normal vector pointing down. Flipping coefficients up toward lens.
  [INFO] Points isolated on belt plane: 346,274
  [INFO] Non-plane points going to workspace filter: 6,751

━━━ [STAGE 5] Direction-Enforced Spatial Pre-Filtering
  [INFO] Height gate window : 1.50mm to 500.00mm
  [INFO] Dist-from-plane mm : min=10.901 mean=23.273 median=24.736 max=36.263
  [INFO] Rejected by lower gate: 0 / 6,751
  [INFO] Rejected by upper gate: 0 / 6,751
  [DEBUG] Points passing directional spatial filters: 6,751
  masking.py run ended: 2026-06-13 15:17:57.481364
