
================================================================================
  masking.py run started: 2026-06-13 15:31:13.332116
================================================================================

━━━ [STAGE 1] Loading Point Cloud Array
  [INFO] Total raw points loaded: 366,538

━━━ [STAGE 2] Statistical Outlier Demolition
  [INFO] Points surviving outlier filter: 352,905

━━━ [STAGE 3] Live Plane Surface Isolation (RANSAC)
  [INFO] Original RANSAC: a=0.0150, b=-0.0348, c=0.9993, d=-0.4791
  [INFO] Normal vector pointing down. Flipping coefficients up toward lens.
  [INFO] Points isolated on belt plane: 346,583
  [INFO] Non-plane points going to workspace filter: 6,322

━━━ [STAGE 5] Direction-Enforced Spatial Pre-Filtering
  [INFO] Height gate window : 1.50mm to 500.00mm
  [INFO] Dist-from-plane mm : min=12.385 mean=23.982 median=25.239 max=36.032
  [INFO] Rejected by lower gate: 0 / 6,322
  [INFO] Rejected by upper gate: 0 / 6,322
  [DEBUG] Points passing directional spatial filters: 6,322

━━━ [STAGE 6] Spatial Structural Isolation Clustering (DBSCAN)
  [INFO] DBSCAN discovered 1 distinct point groups.

━━━ [STAGE 7] Multi-Gate Geometric Evaluation
  Cluster #00 -> Pts: 6322  | Dims(mm): X= 46.0, Y=114.6, Z= 26.0 | VolRatio: 0.227 | Gates: [G1-4=1 G5_Size=1 G6_3D=1] -> PASSED
  [INFO] Winning Cluster selected: ID #0 (Score=0.5842)
  [INFO] Winning cluster point count: 6,322

━━━ [STAGE 8] Projection — Sensor Space → Cropped Canvas

  ── [STAGE 8a] Coordinate System Parameters ──
    Intrinsics    : fx=750.148  fy=749.790  cx=386.179  cy=366.086
    Crop offsets  : left=0 px  top=0 px
    Depth sensor  : 510W x 720H px
    RGB canvas    : 510W x 720H px
    Scale factors : scale_x=1.000000  scale_y=1.000000

  ── [STAGE 8b] 3-D Cluster Bounding Box (world space) ──
    X range : -0.0655 m  →  -0.0195 m  (span 46.0 mm)
    Y range : -0.0552 m  →  0.0594 m  (span 114.6 mm)
    Z range : 0.4430 m  →  0.4690 m  (span 26.0 mm)
    Z depth : mean=0.4562 m  std=0.0061 m  min=0.4430 m  max=0.4690 m

  ── [STAGE 8c] Projection Steps ──
    [Step 1] Full-sensor pixel coords (before crop subtraction):
      u_sensor  min=281.0  max=354.0  mean=320.1
      v_sensor  min=277.0  max=461.0  mean=370.1
    [OK] Sensor-space OOB: u=0.0%  v=0.0%
    [Step 2] After crop subtraction (crop_left=0, crop_top=0):
      u_cropped min=281.0  max=354.0  mean=320.1
      v_cropped min=277.0  max=461.0  mean=370.1
    [Step 2 Check] Cropped coords outside canvas: u<0=0.0%  u>W=0.0%  v<0=0.0%  v>H=0.0%
    [Step 3] After scale to canvas (scale_x=1.0000, scale_y=1.0000):
      u  min=281  max=354  mean=320.1
      v  min=277  max=461  mean=370.1
      Canvas target size : 510W x 720H px

  ── [STAGE 8d] Expected mask centroid on canvas ──
      Projected centroid : u=320.1 px  v=370.1 px
      Canvas centre      : u=255.0 px  v=360.0 px
      Offset from centre : Δu=65.1 px  Δv=10.1 px

  ── [STAGE 8e] Bounds Filter ──
    Total projected points : 6,322
    Inside canvas bounds   : 6,322  (100.0%)
    Duplicate pixel hits    : 0
  [INFO] Raw mask white pixels before morphology: 6,322
  [INFO] White pixels after close: 7,540
  [INFO] Morphological open skipped for tip-loss debugging.
  [INFO] White pixels after open (skipped): 7,540

  ── [STAGE 8f] Final Mask Stats ──
    Bounding box : 73W x 184H px
    Mask centroid: (317.5, 369.0) px
    White pixels : 7,540

================================================================================
                 LIVE OBJECT DETECTION DEBUG
================================================================================
  Timestamp Code Generation : 2026-06-13 15:31:20.668
  Capture Name              : img1469
  Cropped RGB Shape         : (720, 510, 3)
  Cropped Depth Shape       : (720, 510)
  Mask Foreground Pixels    : 7540
  Mask Foreground Ratio     : 0.02053377
  Mask Connected Components : 1
  Mask Largest BBox         : (281, 277, 74, 185)
  Mask Largest Centroid     : (319.41180371352783, 369.6470822281167)
  Plane Inliers             : 346583
  Non-Plane Points          : 6322
================================================================================

  ── Stage 5 Height-Gate Diagnostics ──
  Height Gate Min (mm)      : 1.500
  Height Gate Max (mm)      : 500.000
  Dist Min / Mean / Median  : 12.385 / 23.982 / 25.239
  Dist Max (mm)             : 36.032
  Stage 5 Input Points       : 6,322
  Stage 5 Passed Points      : 6,322
  Rejected Below Threshold   : 0
  Rejected Above Threshold   : 0
  ── Stage 8 Projection Diagnostics ──
  Projected Points           : 6,322
  Inside Canvas Bounds       : 6,322
  Duplicate Pixel Hits       : 0
  Raw Mask White Pixels      : 6,322
  White Pixels After Close    : 7,540
  White Pixels After Open     : 7,540  masking.py run ended: 2026-06-13 15:31:27.438138
