[INFO] FPS log: /home/cpsstudent/Documents/ips_s2026/rgdb/logs/live_fps_20260626_201058.log
[INFO] Loading model: m26best.pt
[INFO] Initializing camera...
[INFO] Ready.  S=screenshot  R=record  Q=quit
[INFO] Inference crop: x=[250:760]  (510px wide — matches training data)
[FPS] live=0.20 fps | infer_avg=4523.3 ms | detections=2 | model=m26best.pt
[FPS] live=0.25 fps | infer_avg=3832.9 ms | detections=2 | model=m26best.pt
[FPS] live=0.47 fps | infer_avg=1958.1 ms | detections=2 | model=m26best.pt
[FPS] live=0.57 fps | infer_avg=1533.6 ms | detections=2 | model=m26best.pt
[FPS] live=0.50 fps | infer_avg=1831.0 ms | detections=3 | model=m26best.pt
[FPS] live=0.48 fps | infer_avg=1910.8 ms | detections=2 | model=m26best.pt
[INFO] Switching model to m26best.pt...
[INFO] Model loaded: m26best.pt
[FPS] live=0.35 fps | infer_avg=1767.6 ms | detections=3 | model=m26best.pt
[FPS] live=0.41 fps | infer_avg=2213.5 ms | detections=3 | model=m26best.pt
[FPS] live=0.45 fps | infer_avg=2043.6 ms | detections=2 | model=m26best.pt
[FPS] live=0.47 fps | infer_avg=1988.7 ms | detections=2 | model=m26best.pt
[FPS] live=0.53 fps | infer_avg=1750.3 ms | detections=2 | model=m26best.pt
[FPS] live=0.50 fps | infer_avg=1802.1 ms | detections=3 | model=m26best.pt
[FPS] live=0.51 fps | infer_avg=1817.1 ms | detections=2 | model=m26best.pt
[FPS] live=0.60 fps | infer_avg=1573.8 ms | detections=2 | model=m26best.pt
[FPS] live=0.48 fps | infer_avg=1941.8 ms | detections=2 | model=m26best.pt
[FPS] live=0.51 fps | infer_avg=1800.2 ms | detections=3 | model=m26best.pt
[FPS] live=0.53 fps | infer_avg=1717.4 ms | detections=2 | model=m26best.pt
[FPS] live=0.44 fps | infer_avg=2149.3 ms | detections=2 | model=m26best.pt
[FPS] live=0.56 fps | infer_avg=1659.0 ms | detections=2 | model=m26best.pt
[FPS] live=0.54 fps | infer_avg=1723.9 ms | detections=2 | model=m26best.pt
[FPS] live=0.56 fps | infer_avg=1617.2 ms | detections=2 | model=m26best.pt
[FPS] live=0.61 fps | infer_avg=1474.7 ms | detections=2 | model=m26best.pt
[FPS] live=0.46 fps | infer_avg=2065.3 ms | detections=2 | model=m26best.pt
[FPS] live=0.36 fps | infer_avg=2589.3 ms | detections=2 | model=m26best.pt
[FPS] live=0.17 fps | infer_avg=5890.7 ms | detections=2 | model=m26best.pt
[FPS] live=0.19 fps | infer_avg=4868.4 ms | detections=2 | model=m26best.pt
[FPS] live=0.21 fps | infer_avg=4485.6 ms | detections=2 | model=m26best.pt
[FPS] live=0.40 fps | infer_avg=2258.5 ms | detections=2 | model=m26best.pt
[FPS] live=0.40 fps | infer_avg=2372.3 ms | detections=2 | model=m26best.pt
[INFO] Switching model to s11best.pt...
[INFO] Model loaded: s11best.pt
[FPS] live=0.27 fps | infer_avg=2577.6 ms | detections=3 | model=s11best.pt
[FPS] live=0.33 fps | infer_avg=2910.0 ms | detections=3 | model=s11best.pt
[FPS] live=0.48 fps | infer_avg=1851.4 ms | detections=3 | model=s11best.pt
[FPS] live=0.38 fps | infer_avg=2301.6 ms | detections=3 | model=s11best.pt
[FPS] live=0.47 fps | infer_avg=1894.5 ms | detections=3 | model=s11best.pt
[FPS] live=0.44 fps | infer_avg=2049.7 ms | detections=2 | model=s11best.pt
[FPS] live=0.41 fps | infer_avg=2219.0 ms | detections=3 | model=s11best.pt

[INFO] Stopped by user.
