[INFO] FPS log: /home/cpsstudent/Documents/ips_s2026/rgdb/logs/live_fps_20260626_195038.log
[INFO] Loading model: m26best.pt
[INFO] Initializing camera...
[INFO] Ready.  S=screenshot  R=record  Q=quit
[INFO] Inference crop: x=[250:760]  (510px wide — matches training data)
[FPS] live=0.18 fps | infer_avg=5155.1 ms | detections=0 | model=m26best.pt
[FPS] live=0.27 fps | infer_avg=3585.2 ms | detections=0 | model=m26best.pt
[FPS] live=0.48 fps | infer_avg=1964.1 ms | detections=0 | model=m26best.pt
[FPS] live=0.54 fps | infer_avg=1737.8 ms | detections=0 | model=m26best.pt
[FPS] live=0.61 fps | infer_avg=1512.0 ms | detections=0 | model=m26best.pt
[FPS] live=0.49 fps | infer_avg=1899.6 ms | detections=0 | model=m26best.pt
[FPS] live=0.54 fps | infer_avg=1670.3 ms | detections=0 | model=m26best.pt
[FPS] live=0.27 fps | infer_avg=3569.4 ms | detections=0 | model=m26best.pt
[INFO] Switching model to s26best.pt...
[INFO] Model loaded: s26best.pt
[FPS] live=0.28 fps | infer_avg=2552.1 ms | detections=0 | model=s26best.pt
[FPS] live=0.57 fps | infer_avg=1634.5 ms | detections=0 | model=s26best.pt
[FPS] live=0.50 fps | infer_avg=1851.1 ms | detections=0 | model=s26best.pt
[FPS] live=0.50 fps | infer_avg=1883.4 ms | detections=0 | model=s26best.pt
[FPS] live=0.57 fps | infer_avg=1623.4 ms | detections=0 | model=s26best.pt
[FPS] live=0.64 fps | infer_avg=1451.8 ms | detections=0 | model=s26best.pt
[FPS] live=0.64 fps | infer_avg=1440.0 ms | detections=0 | model=s26best.pt
[FPS] live=0.56 fps | infer_avg=1642.6 ms | detections=0 | model=s26best.pt
[FPS] live=0.49 fps | infer_avg=1899.8 ms | detections=0 | model=s26best.pt
[FPS] live=0.58 fps | infer_avg=1577.8 ms | detections=0 | model=s26best.pt
[FPS] live=0.52 fps | infer_avg=1788.5 ms | detections=0 | model=s26best.pt
[FPS] live=0.48 fps | infer_avg=1947.6 ms | detections=0 | model=s26best.pt
[FPS] live=0.62 fps | infer_avg=1482.9 ms | detections=0 | model=s26best.pt
[FPS] live=0.52 fps | infer_avg=1798.8 ms | detections=0 | model=s26best.pt
[FPS] live=0.51 fps | infer_avg=1822.9 ms | detections=0 | model=s26best.pt
[FPS] live=0.52 fps | infer_avg=1795.2 ms | detections=0 | model=s26best.pt
[FPS] live=0.63 fps | infer_avg=1428.0 ms | detections=0 | model=s26best.pt
[FPS] live=0.55 fps | infer_avg=1700.8 ms | detections=0 | model=s26best.pt
[FPS] live=0.58 fps | infer_avg=1590.0 ms | detections=0 | model=s26best.pt
[FPS] live=0.56 fps | infer_avg=1674.9 ms | detections=0 | model=s26best.pt
[FPS] live=0.69 fps | infer_avg=1331.0 ms | detections=0 | model=s26best.pt
[FPS] live=0.54 fps | infer_avg=1754.4 ms | detections=0 | model=s26best.pt
[FPS] live=0.46 fps | infer_avg=2014.3 ms | detections=0 | model=s26best.pt
[FPS] live=0.43 fps | infer_avg=2136.5 ms | detections=0 | model=s26best.pt
[FPS] live=0.59 fps | infer_avg=1533.7 ms | detections=0 | model=s26best.pt
[FPS] live=0.40 fps | infer_avg=2344.4 ms | detections=0 | model=s26best.pt
[FPS] live=0.46 fps | infer_avg=1965.2 ms | detections=0 | model=s26best.pt
[INFO] Switching model to s8best.pt...
[INFO] Model loaded: s8best.pt
[FPS] live=0.33 fps | infer_avg=2133.5 ms | detections=2 | model=s8best.pt
[FPS] live=0.59 fps | infer_avg=1543.9 ms | detections=1 | model=s8best.pt
[FPS] live=0.53 fps | infer_avg=1704.8 ms | detections=2 | model=s8best.pt
[FPS] live=0.63 fps | infer_avg=1420.4 ms | detections=2 | model=s8best.pt
[FPS] live=0.63 fps | infer_avg=1449.4 ms | detections=1 | model=s8best.pt
[FPS] live=0.42 fps | infer_avg=2131.5 ms | detections=1 | model=s8best.pt
[INFO] Switching model to s26best.pt...
[INFO] Model loaded: s26best.pt
[FPS] live=0.39 fps | infer_avg=1510.9 ms | detections=0 | model=s26best.pt
[FPS] live=0.51 fps | infer_avg=1764.8 ms | detections=0 | model=s26best.pt
[FPS] live=0.53 fps | infer_avg=1697.7 ms | detections=0 | model=s26best.pt
[FPS] live=0.54 fps | infer_avg=1687.5 ms | detections=0 | model=s26best.pt
[FPS] live=0.56 fps | infer_avg=1646.5 ms | detections=0 | model=s26best.pt
[FPS] live=0.51 fps | infer_avg=1834.5 ms | detections=0 | model=s26best.pt
[FPS] live=0.50 fps | infer_avg=1885.7 ms | detections=0 | model=s26best.pt
[FPS] live=0.49 fps | infer_avg=1929.5 ms | detections=0 | model=s26best.pt
[FPS] live=0.53 fps | infer_avg=1716.5 ms | detections=0 | model=s26best.pt
[FPS] live=0.47 fps | infer_avg=1928.0 ms | detections=0 | model=s26best.pt
[FPS] live=0.51 fps | infer_avg=1830.1 ms | detections=0 | model=s26best.pt
[FPS] live=0.47 fps | infer_avg=1904.0 ms | detections=0 | model=s26best.pt
[FPS] live=0.43 fps | infer_avg=2166.8 ms | detections=0 | model=s26best.pt
[FPS] live=0.62 fps | infer_avg=1498.7 ms | detections=0 | model=s26best.pt
[FPS] live=0.55 fps | infer_avg=1684.5 ms | detections=0 | model=s26best.pt
[FPS] live=0.60 fps | infer_avg=1506.3 ms | detections=0 | model=s26best.pt
[INFO] Switching model to s26best.pt...
[INFO] Model loaded: s26best.pt
[FPS] live=0.30 fps | infer_avg=2157.4 ms | detections=0 | model=s26best.pt
[FPS] live=0.52 fps | infer_avg=1749.0 ms | detections=0 | model=s26best.pt
[FPS] live=0.54 fps | infer_avg=1687.1 ms | detections=0 | model=s26best.pt
[FPS] live=0.42 fps | infer_avg=2240.0 ms | detections=0 | model=s26best.pt
[FPS] live=0.39 fps | infer_avg=2367.2 ms | detections=0 | model=s26best.pt
[FPS] live=0.52 fps | infer_avg=1763.5 ms | detections=0 | model=s26best.pt
[FPS] live=0.49 fps | infer_avg=1867.1 ms | detections=0 | model=s26best.pt
[FPS] live=0.42 fps | infer_avg=2249.4 ms | detections=0 | model=s26best.pt
[FPS] live=0.34 fps | infer_avg=2680.8 ms | detections=0 | model=s26best.pt
[FPS] live=0.15 fps | infer_avg=6545.3 ms | detections=0 | model=s26best.pt
[FPS] live=0.19 fps | infer_avg=5165.5 ms | detections=0 | model=s26best.pt
[FPS] live=0.16 fps | infer_avg=5885.5 ms | detections=0 | model=s26best.pt
[FPS] live=0.15 fps | infer_avg=6707.3 ms | detections=0 | model=s26best.pt
