[INIT] Session logger initialized. Writing to logs/session_20260612_175205.log
[INIT] Attaching camera sensor subsystem...
[INIT] Camera stream activated successfully.
[WARNING] No frames received (missed=1); retrying...
[WARNING] Still no frames after 2000 ms (missed=2)
[WARNING] No frames received (missed=3); retrying...
[WARNING] Still no frames after 2000 ms (missed=4)
[WARNING] No frames received (missed=5); retrying...
[WARNING] Still no frames after 2000 ms (missed=6)
[WARNING] No frames received (missed=7); retrying...
[WARNING] Still no frames after 2000 ms (missed=8)
[WARNING] No frames received (missed=9); retrying...
[WARNING] Still no frames after 2000 ms (missed=10)
[WARNING] No frames received (missed=11); retrying...
[WARNING] Still no frames after 2000 ms (missed=12)
[WARNING] No frames received (missed=13); retrying...
[WARNING] Still no frames after 2000 ms (missed=14)
[WARNING] No frames received (missed=15); retrying...
[WARNING] Still no frames after 2000 ms (missed=16)
[WARNING] No frames received (missed=17); retrying...
[WARNING] Still no frames after 2000 ms (missed=18)
[WARNING] No frames received (missed=19); retrying...
[WARNING] Still no frames after 2000 ms (missed=20)
[WARNING] No frames received (missed=21); retrying...
[WARNING] Still no frames after 2000 ms (missed=22)
[WARNING] No frames received (missed=23); retrying...
[WARNING] Still no frames after 2000 ms (missed=24)
[WARNING] No frames received (missed=25); retrying...
[WARNING] Still no frames after 2000 ms (missed=26)
[WARNING] No frames received (missed=27); retrying...
[WARNING] Still no frames after 2000 ms (missed=28)
[WARNING] No frames received (missed=29); retrying...
[WARNING] Still no frames after 2000 ms (missed=30)
[WARNING] No frames received (missed=31); retrying...
[WARNING] Still no frames after 2000 ms (missed=32)
[WARNING] Active point cloud buffer empty. Capture a frame first.
[INFO] Initiating camera enclosure hardware teardown...
