[INFO] Session log file: dataset/debug/session_20260518_180233.log
[DEBUG] frames: total=1, depth_sets=0, color=1280Ă—720,OBFormat.RGB,ts=2448303791, depth=None
[WARNING] Align filter returned None
[DEBUG] frames: total=2, depth_sets=1, color=1280Ă—720,OBFormat.RGB,ts=2448303891, depth=640Ă—576,OBFormat.Y16,ts=2448303892
[DEBUG] frames: total=3, depth_sets=2, color=1280Ă—720,OBFormat.RGB,ts=2448304057, depth=640Ă—576,OBFormat.Y16,ts=2448304058
[DEBUG] frames: total=4, depth_sets=3, color=1280Ă—720,OBFormat.RGB,ts=2448304256, depth=640Ă—576,OBFormat.Y16,ts=2448304258
[DEBUG] frames: total=5, depth_sets=4, color=1280Ă—720,OBFormat.RGB,ts=2448304423, depth=640Ă—576,OBFormat.Y16,ts=2448304424
[DEBUG] frames: total=6, depth_sets=5, color=1280Ă—720,OBFormat.RGB,ts=2448304489, depth=640Ă—576,OBFormat.Y16,ts=2448304490
[DEBUG] frames: total=7, depth_sets=6, color=1280Ă—720,OBFormat.RGB,ts=2448304589, depth=640Ă—576,OBFormat.Y16,ts=2448304590
[DEBUG] frames: total=8, depth_sets=7, color=1280Ă—720,OBFormat.RGB,ts=2448304689, depth=640Ă—576,OBFormat.Y16,ts=2448304690
[DEBUG] frames: total=9, depth_sets=8, color=1280Ă—720,OBFormat.RGB,ts=2448304755, depth=640Ă—576,OBFormat.Y16,ts=2448304756
[DEBUG] frames: total=10, depth_sets=9, color=1280Ă—720,OBFormat.RGB,ts=2448304822, depth=640Ă—576,OBFormat.Y16,ts=2448304823
[DEBUG] frames: total=11, depth_sets=10, color=1280Ă—720,OBFormat.RGB,ts=2448304921, depth=640Ă—576,OBFormat.Y16,ts=2448304923
[DEBUG] frames: total=12, depth_sets=11, color=1280Ă—720,OBFormat.RGB,ts=2448305021, depth=640Ă—576,OBFormat.Y16,ts=2448305022
[DEBUG] frames: total=13, depth_sets=12, color=1280Ă—720,OBFormat.RGB,ts=2448305221, depth=640Ă—576,OBFormat.Y16,ts=2448305222
[DEBUG] frames: total=14, depth_sets=13, color=1280Ă—720,OBFormat.RGB,ts=2448305254, depth=640Ă—576,OBFormat.Y16,ts=2448305255
[DEBUG] frames: total=15, depth_sets=14, color=1280Ă—720,OBFormat.RGB,ts=2448305387, depth=640Ă—576,OBFormat.Y16,ts=2448305388
[DEBUG] frames: total=16, depth_sets=15, color=1280Ă—720,OBFormat.RGB,ts=2448305653, depth=640Ă—576,OBFormat.Y16,ts=2448305654
[DEBUG] frames: total=17, depth_sets=16, color=1280Ă—720,OBFormat.RGB,ts=2448305753, depth=640Ă—576,OBFormat.Y16,ts=2448305754
****[DEBUG] RGB shape: (720, 1280, 3), Depth shape: (576, 640)
[DEBUG] RGB shape: (720, 510, 3)
[DEBUG] Depth shape: (576, 640)
[DEBUG] Depth dtype: uint16
[DEBUG] Depth min/max: 0, 1506
[DEBUG] Valid depth pixels: 259034
[DEBUG] Valid depth pixels after filtering: 259030
[DEBUG] Full point cloud has 259030 points.
[INFO] Plane equation: 0.02x + -0.16y + 0.99z + -0.48 = 0
[DEBUG] Plane inliers: 218376
[DEBUG] Non-plane points: 40654
[DEBUG] Mask projection: projected foreground=48560, point_radius=2
[DEBUG] Mask cleanup: raw foreground=48560
[DEBUG] Mask cleanup: border_margin=11, after border suppression=46085
[DEBUG] Mask cleanup: after morphology=47095
[DEBUG] Mask cleanup candidate: idx=5 area=26130 bbox=(497, 88, 132, 386) centroid=(571.7, 284.1) touches_border=False score=103.3836
[DEBUG] Mask cleanup candidate: idx=6 area=12891 bbox=(11, 143, 90, 263) centroid=(48.8, 275.5) touches_border=False score=47.3083
[DEBUG] Mask cleanup candidate: idx=4 area=6071 bbox=(253, 35, 102, 103) centroid=(305.7, 91.7) touches_border=False score=30.6915
[DEBUG] Mask cleanup: connected components=13, min_area=368, selected_indices=[1, 4, 5, 6, 11], selected_area=46297
[DEBUG] Mask cleanup: keeping 5 components before hull
[DEBUG] Mask cleanup: final area after dilation=65314
[DEBUG] Mask projection: cleaned foreground=65314
[WARNING] Mask/image shape mismatch: mask=(576, 640), image=(720, 510). Resizing mask for overlay/export.
[DEBUG] Overlay saved to dataset/debug/img0924_overlay.png
[MASK-QA] shape=(576, 640) foreground=65314 ratio=0.177176 components=5 largest_area=37208 border_pixels=0 border_ratio=0.000000
[INFO] Info saved to dataset/info/img0924.txt
[WARNING] Mask/image shape mismatch: mask=(576, 640), image=(720, 510). Resizing mask for overlay/export.
[DEBUG] Capture QA report saved to dataset/debug/img0924.txt
[INFO] Frame captured for class: 0
[WARNING] Mask/image shape mismatch: mask=(576, 640), image=(720, 510). Resizing mask for overlay/export.
[SAVED] Mask image saved to dataset/masks/img0924.png
[SAVED] Point cloud saved to dataset/pointcloud/img0924.ply
[SAVED] img0924
[COUNT] images=866, depth=866, labels=866, masks=5, pointcloud=866, info=867, debug=6
[DEBUG] frames: total=18, depth_sets=17, color=1280Ă—720,OBFormat.RGB,ts=2448308811, depth=640Ă—576,OBFormat.Y16,ts=2448308813
[DEBUG] frames: total=19, depth_sets=18, color=1280Ă—720,OBFormat.RGB,ts=2448308911, depth=640Ă—576,OBFormat.Y16,ts=2448308912
[DEBUG] frames: total=20, depth_sets=19, color=1280Ă—720,OBFormat.RGB,ts=2448309044, depth=640Ă—576,OBFormat.Y16,ts=2448309045
[DEBUG] frames: total=21, depth_sets=20, color=1280Ă—720,OBFormat.RGB,ts=2448309177, depth=640Ă—576,OBFormat.Y16,ts=2448309178
[DEBUG] frames: total=22, depth_sets=21, color=1280Ă—720,OBFormat.RGB,ts=2448309244, depth=640Ă—576,OBFormat.Y16,ts=2448309245
[DEBUG] frames: total=23, depth_sets=22, color=1280Ă—720,OBFormat.RGB,ts=2448309343, depth=640Ă—576,OBFormat.Y16,ts=2448309345
[DEBUG] frames: total=24, depth_sets=23, color=1280Ă—720,OBFormat.RGB,ts=2448309443, depth=640Ă—576,OBFormat.Y16,ts=2448309444
[DEBUG] frames: total=25, depth_sets=24, color=1280Ă—720,OBFormat.RGB,ts=2448309543, depth=640Ă—576,OBFormat.Y16,ts=2448309544
[DEBUG] frames: total=26, depth_sets=25, color=1280Ă—720,OBFormat.RGB,ts=2448309643, depth=640Ă—576,OBFormat.Y16,ts=2448309644
[DEBUG] frames: total=27, depth_sets=26, color=1280Ă—720,OBFormat.RGB,ts=2448309776, depth=640Ă—576,OBFormat.Y16,ts=2448309777
[DEBUG] frames: total=28, depth_sets=27, color=1280Ă—720,OBFormat.RGB,ts=2448309875, depth=640Ă—576,OBFormat.Y16,ts=2448309877
[DEBUG] frames: total=29, depth_sets=28, color=1280Ă—720,OBFormat.RGB,ts=2448310008, depth=640Ă—576,OBFormat.Y16,ts=2448310010
[DEBUG] frames: total=30, depth_sets=29, color=1280Ă—720,OBFormat.RGB,ts=2448310108, depth=640Ă—576,OBFormat.Y16,ts=2448310109
[DEBUG] frames: total=31, depth_sets=30, color=1280Ă—720,OBFormat.RGB,ts=2448310241, depth=640Ă—576,OBFormat.Y16,ts=2448310242
[DEBUG] frames: total=32, depth_sets=31, color=1280Ă—720,OBFormat.RGB,ts=2448310341, depth=640Ă—576,OBFormat.Y16,ts=2448310342
[DEBUG] frames: total=33, depth_sets=32, color=1280Ă—720,OBFormat.RGB,ts=2448310441, depth=640Ă—576,OBFormat.Y16,ts=2448310442
[INFO] Quitting application.
