[INFO] Session log file: dataset/debug/session_20260518_173815.log
[DEBUG] frames: total=1, depth_sets=0, color=1280Ă—720,OBFormat.RGB,ts=2446845124, depth=None
[WARNING] Align filter returned None
[DEBUG] frames: total=2, depth_sets=0, color=1280Ă—720,OBFormat.RGB,ts=2446845257, depth=None
[WARNING] Align filter returned None
[DEBUG] frames: total=3, depth_sets=0, color=1280Ă—720,OBFormat.RGB,ts=2446845357, depth=None
[WARNING] Align filter returned None
[DEBUG] frames: total=4, depth_sets=1, color=1280Ă—720,OBFormat.RGB,ts=2446845423, depth=640Ă—576,OBFormat.Y16,ts=2446845424
[DEBUG] frames: total=5, depth_sets=2, color=1280Ă—720,OBFormat.RGB,ts=2446845689, depth=640Ă—576,OBFormat.Y16,ts=2446845690
[DEBUG] frames: total=6, depth_sets=3, color=1280Ă—720,OBFormat.RGB,ts=2446845855, depth=640Ă—576,OBFormat.Y16,ts=2446845857
[DEBUG] frames: total=7, depth_sets=4, color=1280Ă—720,OBFormat.RGB,ts=2446845955, depth=640Ă—576,OBFormat.Y16,ts=2446845956
[DEBUG] frames: total=8, depth_sets=5, color=1280Ă—720,OBFormat.RGB,ts=2446846022, depth=640Ă—576,OBFormat.Y16,ts=2446846023
[DEBUG] frames: total=9, depth_sets=6, color=1280Ă—720,OBFormat.RGB,ts=2446846088, depth=640Ă—576,OBFormat.Y16,ts=2446846089
[DEBUG] frames: total=10, depth_sets=7, color=1280Ă—720,OBFormat.RGB,ts=2446846188, depth=640Ă—576,OBFormat.Y16,ts=2446846189
[DEBUG] frames: total=11, depth_sets=8, color=1280Ă—720,OBFormat.RGB,ts=2446846288, depth=640Ă—576,OBFormat.Y16,ts=2446846289
[DEBUG] frames: total=12, depth_sets=9, color=1280Ă—720,OBFormat.RGB,ts=2446846354, depth=640Ă—576,OBFormat.Y16,ts=2446846355
[DEBUG] frames: total=13, depth_sets=10, color=1280Ă—720,OBFormat.RGB,ts=2446846487, depth=640Ă—576,OBFormat.Y16,ts=2446846488
[DEBUG] frames: total=14, depth_sets=11, color=1280Ă—720,OBFormat.RGB,ts=2446846620, depth=640Ă—576,OBFormat.Y16,ts=2446846621
[DEBUG] frames: total=15, depth_sets=12, color=1280Ă—720,OBFormat.RGB,ts=2446846720, depth=640Ă—576,OBFormat.Y16,ts=2446846721
[DEBUG] frames: total=16, depth_sets=13, color=1280Ă—720,OBFormat.RGB,ts=2446846886, depth=640Ă—576,OBFormat.Y16,ts=2446846887
[DEBUG] frames: total=17, depth_sets=14, color=1280Ă—720,OBFormat.RGB,ts=2446847019, depth=640Ă—576,OBFormat.Y16,ts=2446847020
[DEBUG] frames: total=18, depth_sets=15, color=1280Ă—720,OBFormat.RGB,ts=2446847152, depth=640Ă—576,OBFormat.Y16,ts=2446847154
[DEBUG] frames: total=19, depth_sets=16, color=1280Ă—720,OBFormat.RGB,ts=2446847252, depth=640Ă—576,OBFormat.Y16,ts=2446847253
[DEBUG] frames: total=20, depth_sets=17, color=1280Ă—720,OBFormat.RGB,ts=2446847385, depth=640Ă—576,OBFormat.Y16,ts=2446847386
[DEBUG] frames: total=21, depth_sets=18, color=1280Ă—720,OBFormat.RGB,ts=2446847452, depth=640Ă—576,OBFormat.Y16,ts=2446847453
[DEBUG] frames: total=22, depth_sets=19, color=1280Ă—720,OBFormat.RGB,ts=2446847551, depth=640Ă—576,OBFormat.Y16,ts=2446847553
****[DEBUG] RGB shape: (720, 1280, 3), Depth shape: (576, 640)
[DEBUG] RGB shape: (720, 510, 3)
[DEBUG] Depth shape: (576, 640)
[DEBUG] Depth dtype: uint16
[DEBUG] Depth min/max: 0, 1512
[DEBUG] Valid depth pixels: 259074
[DEBUG] Valid depth pixels after filtering: 259068
[DEBUG] Full point cloud has 259068 points.
[INFO] Plane equation: 0.01x + -0.16y + 0.99z + -0.48 = 0
[DEBUG] Plane inliers: 217647
[DEBUG] Non-plane points: 41421
[DEBUG] Mask projection: projected foreground=49903, point_radius=2
[DEBUG] Mask cleanup: raw foreground=49903
[DEBUG] Mask cleanup: border_margin=11, after border suppression=47514
[DEBUG] Mask cleanup: after morphology=48736
[DEBUG] Mask cleanup: connected components=22, min_area=368, selected_idx=10, selected_area=6680, best_score=450.0434
[DEBUG] Mask cleanup candidate: idx=10 area=6680 bbox=(258, 220, 102, 106) centroid=(309.8, 278.7) touches_border=False score=450.0434
[DEBUG] Mask cleanup candidate: idx=3 area=26996 bbox=(495, 88, 134, 386) centroid=(570.2, 284.0) touches_border=False score=107.4556
[DEBUG] Mask cleanup candidate: idx=4 area=12542 bbox=(11, 143, 88, 263) centroid=(47.0, 276.4) touches_border=False score=45.7331
[DEBUG] Mask cleanup: convex hull applied, area=7606
[DEBUG] Mask cleanup: final area after dilation=8026
[DEBUG] Mask projection: cleaned foreground=8026
[WARNING] Mask/image shape mismatch: mask=(576, 640), image=(720, 510). Resizing mask for overlay/export.
[DEBUG] Overlay saved to dataset/debug/img0920_overlay.png
[MASK-QA] shape=(576, 640) foreground=8026 ratio=0.021772 components=1 largest_area=8026 border_pixels=0 border_ratio=0.000000
[INFO] Info saved to dataset/info/img0920.txt
[WARNING] Mask/image shape mismatch: mask=(576, 640), image=(720, 510). Resizing mask for overlay/export.
[DEBUG] Capture QA report saved to dataset/debug/img0920.txt
[INFO] Frame captured for class: 0
[WARNING] Mask/image shape mismatch: mask=(576, 640), image=(720, 510). Resizing mask for overlay/export.
[SAVED] Mask image saved to dataset/masks/img0920.png
[SAVED] Point cloud saved to dataset/pointcloud/img0920.ply
[SAVED] img0920
[COUNT] images=863, depth=863, labels=863, masks=2, pointcloud=863, info=863, debug=2
[DEBUG] frames: total=23, depth_sets=20, color=1280Ă—720,OBFormat.RGB,ts=2446852773, depth=640Ă—576,OBFormat.Y16,ts=2446852774
[DEBUG] frames: total=24, depth_sets=21, color=1280Ă—720,OBFormat.RGB,ts=2446852839, depth=640Ă—576,OBFormat.Y16,ts=2446852840
[DEBUG] frames: total=25, depth_sets=22, color=1280Ă—720,OBFormat.RGB,ts=2446853005, depth=640Ă—576,OBFormat.Y16,ts=2446853007
[DEBUG] frames: total=26, depth_sets=23, color=1280Ă—720,OBFormat.RGB,ts=2446853105, depth=640Ă—576,OBFormat.Y16,ts=2446853106
[DEBUG] frames: total=27, depth_sets=24, color=1280Ă—720,OBFormat.RGB,ts=2446853205, depth=640Ă—576,OBFormat.Y16,ts=2446853206
[DEBUG] frames: total=28, depth_sets=25, color=1280Ă—720,OBFormat.RGB,ts=2446853272, depth=640Ă—576,OBFormat.Y16,ts=2446853273
[DEBUG] frames: total=29, depth_sets=26, color=1280Ă—720,OBFormat.RGB,ts=2446853371, depth=640Ă—576,OBFormat.Y16,ts=2446853372
[DEBUG] frames: total=30, depth_sets=27, color=1280Ă—720,OBFormat.RGB,ts=2446853504, depth=640Ă—576,OBFormat.Y16,ts=2446853505
[DEBUG] frames: total=31, depth_sets=28, color=1280Ă—720,OBFormat.RGB,ts=2446853637, depth=640Ă—576,OBFormat.Y16,ts=2446853638
[DEBUG] frames: total=32, depth_sets=29, color=1280Ă—720,OBFormat.RGB,ts=2446853737, depth=640Ă—576,OBFormat.Y16,ts=2446853738
[DEBUG] frames: total=33, depth_sets=30, color=1280Ă—720,OBFormat.RGB,ts=2446853837, depth=640Ă—576,OBFormat.Y16,ts=2446853838
[DEBUG] frames: total=34, depth_sets=31, color=1280Ă—720,OBFormat.RGB,ts=2446853903, depth=640Ă—576,OBFormat.Y16,ts=2446853904
[DEBUG] frames: total=35, depth_sets=32, color=1280Ă—720,OBFormat.RGB,ts=2446854036, depth=640Ă—576,OBFormat.Y16,ts=2446854037
[DEBUG] frames: total=36, depth_sets=33, color=1280Ă—720,OBFormat.RGB,ts=2446854136, depth=640Ă—576,OBFormat.Y16,ts=2446854137
[DEBUG] frames: total=37, depth_sets=34, color=1280Ă—720,OBFormat.RGB,ts=2446854236, depth=640Ă—576,OBFormat.Y16,ts=2446854237
[DEBUG] frames: total=38, depth_sets=35, color=1280Ă—720,OBFormat.RGB,ts=2446854336, depth=640Ă—576,OBFormat.Y16,ts=2446854337
[DEBUG] frames: total=39, depth_sets=36, color=1280Ă—720,OBFormat.RGB,ts=2446854435, depth=640Ă—576,OBFormat.Y16,ts=2446854436
[DEBUG] frames: total=40, depth_sets=37, color=1280Ă—720,OBFormat.RGB,ts=2446854568, depth=640Ă—576,OBFormat.Y16,ts=2446854569
[DEBUG] frames: total=41, depth_sets=38, color=1280Ă—720,OBFormat.RGB,ts=2446854701, depth=640Ă—576,OBFormat.Y16,ts=2446854702
[DEBUG] frames: total=42, depth_sets=39, color=1280Ă—720,OBFormat.RGB,ts=2446854768, depth=640Ă—576,OBFormat.Y16,ts=2446854769
[DEBUG] frames: total=43, depth_sets=40, color=1280Ă—720,OBFormat.RGB,ts=2446854868, depth=640Ă—576,OBFormat.Y16,ts=2446854869
[DEBUG] frames: total=44, depth_sets=41, color=1280Ă—720,OBFormat.RGB,ts=2446854934, depth=640Ă—576,OBFormat.Y16,ts=2446854935
[DEBUG] frames: total=45, depth_sets=42, color=1280Ă—720,OBFormat.RGB,ts=2446855034, depth=640Ă—576,OBFormat.Y16,ts=2446855035
[DEBUG] frames: total=46, depth_sets=43, color=1280Ă—720,OBFormat.RGB,ts=2446855100, depth=640Ă—576,OBFormat.Y16,ts=2446855102
[DEBUG] frames: total=47, depth_sets=44, color=1280Ă—720,OBFormat.RGB,ts=2446855200, depth=640Ă—576,OBFormat.Y16,ts=2446855201
[DEBUG] frames: total=48, depth_sets=45, color=1280Ă—720,OBFormat.RGB,ts=2446855300, depth=640Ă—576,OBFormat.Y16,ts=2446855301
[DEBUG] frames: total=49, depth_sets=46, color=1280Ă—720,OBFormat.RGB,ts=2446855366, depth=640Ă—576,OBFormat.Y16,ts=2446855368
[DEBUG] frames: total=50, depth_sets=47, color=1280Ă—720,OBFormat.RGB,ts=2446855433, depth=640Ă—576,OBFormat.Y16,ts=2446855434
[DEBUG] frames: total=51, depth_sets=48, color=1280Ă—720,OBFormat.RGB,ts=2446855566, depth=640Ă—576,OBFormat.Y16,ts=2446855567
[DEBUG] frames: total=52, depth_sets=49, color=1280Ă—720,OBFormat.RGB,ts=2446855666, depth=640Ă—576,OBFormat.Y16,ts=2446855667
[DEBUG] frames: total=53, depth_sets=50, color=1280Ă—720,OBFormat.RGB,ts=2446855765, depth=640Ă—576,OBFormat.Y16,ts=2446855767
[DEBUG] frames: total=54, depth_sets=51, color=1280Ă—720,OBFormat.RGB,ts=2446855865, depth=640Ă—576,OBFormat.Y16,ts=2446855866
[DEBUG] frames: total=55, depth_sets=52, color=1280Ă—720,OBFormat.RGB,ts=2446855932, depth=640Ă—576,OBFormat.Y16,ts=2446855933
[DEBUG] frames: total=56, depth_sets=53, color=1280Ă—720,OBFormat.RGB,ts=2446856031, depth=640Ă—576,OBFormat.Y16,ts=2446856033
[DEBUG] frames: total=57, depth_sets=54, color=1280Ă—720,OBFormat.RGB,ts=2446856098, depth=640Ă—576,OBFormat.Y16,ts=2446856099
[DEBUG] frames: total=58, depth_sets=55, color=1280Ă—720,OBFormat.RGB,ts=2446856198, depth=640Ă—576,OBFormat.Y16,ts=2446856199
[INFO] Quitting application.
