[WARNING] Align filter returned None
[WARNING] Align filter returned None

[INFO] Saving data packages for: img0000...
[INFO] Info saved to /home/cpsstudent/Documents/ips_s2026/collection_raw_data/data/info/img0000.txt
[COUNT] uncropped_rgb=1, images=1, depth=1, info=1
[SUCCESS] Packout cycle complete.

[COUNT] uncropped_rgb=1, images=1, depth=1, info=1

[INFO] Saving data packages for: img0001...
[INFO] Info saved to /home/cpsstudent/Documents/ips_s2026/collection_raw_data/data/info/img0001.txt
[COUNT] uncropped_rgb=2, images=2, depth=2, info=2
[SUCCESS] Packout cycle complete.

[COUNT] uncropped_rgb=2, images=2, depth=2, info=2

[INFO] Saving data packages for: img0002...
[INFO] Info saved to /home/cpsstudent/Documents/ips_s2026/collection_raw_data/data/info/img0002.txt
[COUNT] uncropped_rgb=3, images=3, depth=3, info=3
[SUCCESS] Packout cycle complete.

[COUNT] uncropped_rgb=3, images=3, depth=3, info=3

[INFO] Saving data packages for: img0003...
[INFO] Info saved to /home/cpsstudent/Documents/ips_s2026/collection_raw_data/data/info/img0003.txt
[COUNT] uncropped_rgb=4, images=4, depth=4, info=4
[SUCCESS] Packout cycle complete.

[COUNT] uncropped_rgb=4, images=4, depth=4, info=4
[WARNING] Align filter returned None

[INFO] Saving data packages for: img0004...
[INFO] Info saved to /home/cpsstudent/Documents/ips_s2026/collection_raw_data/data/info/img0004.txt
[COUNT] uncropped_rgb=5, images=5, depth=5, info=5
[SUCCESS] Packout cycle complete.

[COUNT] uncropped_rgb=5, images=5, depth=5, info=5

[INFO] Saving data packages for: img0005...
[INFO] Info saved to /home/cpsstudent/Documents/ips_s2026/collection_raw_data/data/info/img0005.txt
[COUNT] uncropped_rgb=6, images=6, depth=6, info=6
[SUCCESS] Packout cycle complete.

[COUNT] uncropped_rgb=6, images=6, depth=6, info=6

[INFO] Saving data packages for: img0006...
[INFO] Info saved to /home/cpsstudent/Documents/ips_s2026/collection_raw_data/data/info/img0006.txt
[COUNT] uncropped_rgb=7, images=7, depth=7, info=7
[SUCCESS] Packout cycle complete.

[COUNT] uncropped_rgb=7, images=7, depth=7, info=7

[INFO] Saving data packages for: img0007...
[INFO] Info saved to /home/cpsstudent/Documents/ips_s2026/collection_raw_data/data/info/img0007.txt
[COUNT] uncropped_rgb=8, images=8, depth=8, info=8
[SUCCESS] Packout cycle complete.

[COUNT] uncropped_rgb=8, images=8, depth=8, info=8

[INFO] Saving data packages for: img0008...
[INFO] Info saved to /home/cpsstudent/Documents/ips_s2026/collection_raw_data/data/info/img0008.txt
[COUNT] uncropped_rgb=9, images=9, depth=9, info=9
[SUCCESS] Packout cycle complete.

[COUNT] uncropped_rgb=9, images=9, depth=9, info=9

[INFO] Saving data packages for: img0009...
[INFO] Info saved to /home/cpsstudent/Documents/ips_s2026/collection_raw_data/data/info/img0009.txt
[COUNT] uncropped_rgb=10, images=10, depth=10, info=10
[SUCCESS] Packout cycle complete.

[COUNT] uncropped_rgb=10, images=10, depth=10, info=10

[INFO] Saving data packages for: img0010...
[INFO] Info saved to /home/cpsstudent/Documents/ips_s2026/collection_raw_data/data/info/img0010.txt
[COUNT] uncropped_rgb=11, images=11, depth=11, info=11
[SUCCESS] Packout cycle complete.

[COUNT] uncropped_rgb=11, images=11, depth=11, info=11

[INFO] Saving data packages for: img0011...
[INFO] Info saved to /home/cpsstudent/Documents/ips_s2026/collection_raw_data/data/info/img0011.txt
[COUNT] uncropped_rgb=12, images=12, depth=12, info=12
[SUCCESS] Packout cycle complete.

[COUNT] uncropped_rgb=12, images=12, depth=12, info=12

[INFO] Saving data packages for: img0012...
[INFO] Info saved to /home/cpsstudent/Documents/ips_s2026/collection_raw_data/data/info/img0012.txt
[COUNT] uncropped_rgb=13, images=13, depth=13, info=13
[SUCCESS] Packout cycle complete.

[COUNT] uncropped_rgb=13, images=13, depth=13, info=13

[INFO] Saving data packages for: img0013...
[INFO] Info saved to /home/cpsstudent/Documents/ips_s2026/collection_raw_data/data/info/img0013.txt
[COUNT] uncropped_rgb=14, images=14, depth=14, info=14
[SUCCESS] Packout cycle complete.

[COUNT] uncropped_rgb=14, images=14, depth=14, info=14

[INFO] Saving data packages for: img0014...
[INFO] Info saved to /home/cpsstudent/Documents/ips_s2026/collection_raw_data/data/info/img0014.txt
[COUNT] uncropped_rgb=15, images=15, depth=15, info=15
[SUCCESS] Packout cycle complete.

[COUNT] uncropped_rgb=15, images=15, depth=15, info=15

[INFO] Saving data packages for: img0015...
[INFO] Info saved to /home/cpsstudent/Documents/ips_s2026/collection_raw_data/data/info/img0015.txt
[COUNT] uncropped_rgb=16, images=16, depth=16, info=16
[SUCCESS] Packout cycle complete.

[COUNT] uncropped_rgb=16, images=16, depth=16, info=16

[INFO] Saving data packages for: img0016...
[INFO] Info saved to /home/cpsstudent/Documents/ips_s2026/collection_raw_data/data/info/img0016.txt
[COUNT] uncropped_rgb=17, images=17, depth=17, info=17
[SUCCESS] Packout cycle complete.

[COUNT] uncropped_rgb=17, images=17, depth=17, info=17

[INFO] Saving data packages for: img0017...
[INFO] Info saved to /home/cpsstudent/Documents/ips_s2026/collection_raw_data/data/info/img0017.txt
[COUNT] uncropped_rgb=18, images=18, depth=18, info=18
[SUCCESS] Packout cycle complete.

[COUNT] uncropped_rgb=18, images=18, depth=18, info=18

[INFO] Saving data packages for: img0018...
[INFO] Info saved to /home/cpsstudent/Documents/ips_s2026/collection_raw_data/data/info/img0018.txt
[COUNT] uncropped_rgb=19, images=19, depth=19, info=19
[SUCCESS] Packout cycle complete.

[COUNT] uncropped_rgb=19, images=19, depth=19, info=19

[INFO] Saving data packages for: img0019...
[INFO] Info saved to /home/cpsstudent/Documents/ips_s2026/collection_raw_data/data/info/img0019.txt
[COUNT] uncropped_rgb=20, images=20, depth=20, info=20
[SUCCESS] Packout cycle complete.

[COUNT] uncropped_rgb=20, images=20, depth=20, info=20

[INFO] Saving data packages for: img0020...
[INFO] Info saved to /home/cpsstudent/Documents/ips_s2026/collection_raw_data/data/info/img0020.txt
[COUNT] uncropped_rgb=21, images=21, depth=21, info=21
[SUCCESS] Packout cycle complete.

[COUNT] uncropped_rgb=21, images=21, depth=21, info=21

[INFO] Saving data packages for: img0021...
[INFO] Info saved to /home/cpsstudent/Documents/ips_s2026/collection_raw_data/data/info/img0021.txt
[COUNT] uncropped_rgb=22, images=22, depth=22, info=22
[SUCCESS] Packout cycle complete.

[COUNT] uncropped_rgb=22, images=22, depth=22, info=22

[INFO] Saving data packages for: img0022...
[INFO] Info saved to /home/cpsstudent/Documents/ips_s2026/collection_raw_data/data/info/img0022.txt
[COUNT] uncropped_rgb=23, images=23, depth=23, info=23
[SUCCESS] Packout cycle complete.

[COUNT] uncropped_rgb=23, images=23, depth=23, info=23

[INFO] Saving data packages for: img0023...
[INFO] Info saved to /home/cpsstudent/Documents/ips_s2026/collection_raw_data/data/info/img0023.txt
[COUNT] uncropped_rgb=24, images=24, depth=24, info=24
[SUCCESS] Packout cycle complete.

[COUNT] uncropped_rgb=24, images=24, depth=24, info=24

[INFO] Saving data packages for: img0024...
[INFO] Info saved to /home/cpsstudent/Documents/ips_s2026/collection_raw_data/data/info/img0024.txt
[COUNT] uncropped_rgb=25, images=25, depth=25, info=25
[SUCCESS] Packout cycle complete.

[COUNT] uncropped_rgb=25, images=25, depth=25, info=25

[INFO] Saving data packages for: img0025...
[INFO] Info saved to /home/cpsstudent/Documents/ips_s2026/collection_raw_data/data/info/img0025.txt
[COUNT] uncropped_rgb=26, images=26, depth=26, info=26
[SUCCESS] Packout cycle complete.

[COUNT] uncropped_rgb=26, images=26, depth=26, info=26

[INFO] Saving data packages for: img0026...
[INFO] Info saved to /home/cpsstudent/Documents/ips_s2026/collection_raw_data/data/info/img0026.txt
[COUNT] uncropped_rgb=27, images=27, depth=27, info=27
[SUCCESS] Packout cycle complete.

[COUNT] uncropped_rgb=27, images=27, depth=27, info=27

[INFO] Saving data packages for: img0027...
[INFO] Info saved to /home/cpsstudent/Documents/ips_s2026/collection_raw_data/data/info/img0027.txt
[COUNT] uncropped_rgb=28, images=28, depth=28, info=28
[SUCCESS] Packout cycle complete.

[COUNT] uncropped_rgb=28, images=28, depth=28, info=28

[INFO] Saving data packages for: img0028...
[INFO] Info saved to /home/cpsstudent/Documents/ips_s2026/collection_raw_data/data/info/img0028.txt
[COUNT] uncropped_rgb=29, images=29, depth=29, info=29
[SUCCESS] Packout cycle complete.

[COUNT] uncropped_rgb=29, images=29, depth=29, info=29

[INFO] Saving data packages for: img0029...
[INFO] Info saved to /home/cpsstudent/Documents/ips_s2026/collection_raw_data/data/info/img0029.txt
[COUNT] uncropped_rgb=30, images=30, depth=30, info=30
[SUCCESS] Packout cycle complete.

[COUNT] uncropped_rgb=30, images=30, depth=30, info=30

[INFO] Saving data packages for: img0030...
[INFO] Info saved to /home/cpsstudent/Documents/ips_s2026/collection_raw_data/data/info/img0030.txt
[COUNT] uncropped_rgb=31, images=31, depth=31, info=31
[SUCCESS] Packout cycle complete.

[COUNT] uncropped_rgb=31, images=31, depth=31, info=31

[INFO] Saving data packages for: img0031...
[INFO] Info saved to /home/cpsstudent/Documents/ips_s2026/collection_raw_data/data/info/img0031.txt
[COUNT] uncropped_rgb=32, images=32, depth=32, info=32
[SUCCESS] Packout cycle complete.

[COUNT] uncropped_rgb=32, images=32, depth=32, info=32

[INFO] Saving data packages for: img0032...
[INFO] Info saved to /home/cpsstudent/Documents/ips_s2026/collection_raw_data/data/info/img0032.txt
[COUNT] uncropped_rgb=33, images=33, depth=33, info=33
[SUCCESS] Packout cycle complete.

[COUNT] uncropped_rgb=33, images=33, depth=33, info=33

[INFO] Saving data packages for: img0033...
[INFO] Info saved to /home/cpsstudent/Documents/ips_s2026/collection_raw_data/data/info/img0033.txt
[COUNT] uncropped_rgb=34, images=34, depth=34, info=34
[SUCCESS] Packout cycle complete.

[COUNT] uncropped_rgb=34, images=34, depth=34, info=34

[INFO] Saving data packages for: img0034...
[INFO] Info saved to /home/cpsstudent/Documents/ips_s2026/collection_raw_data/data/info/img0034.txt
[COUNT] uncropped_rgb=35, images=35, depth=35, info=35
[SUCCESS] Packout cycle complete.

[COUNT] uncropped_rgb=35, images=35, depth=35, info=35

[INFO] Saving data packages for: img0035...
[INFO] Info saved to /home/cpsstudent/Documents/ips_s2026/collection_raw_data/data/info/img0035.txt
[COUNT] uncropped_rgb=36, images=36, depth=36, info=36
[SUCCESS] Packout cycle complete.

[COUNT] uncropped_rgb=36, images=36, depth=36, info=36

[INFO] Saving data packages for: img0036...
[INFO] Info saved to /home/cpsstudent/Documents/ips_s2026/collection_raw_data/data/info/img0036.txt
[COUNT] uncropped_rgb=37, images=37, depth=37, info=37
[SUCCESS] Packout cycle complete.

[COUNT] uncropped_rgb=37, images=37, depth=37, info=37

[INFO] Saving data packages for: img0037...
[INFO] Info saved to /home/cpsstudent/Documents/ips_s2026/collection_raw_data/data/info/img0037.txt
[COUNT] uncropped_rgb=38, images=38, depth=38, info=38
[SUCCESS] Packout cycle complete.

[COUNT] uncropped_rgb=38, images=38, depth=38, info=38

[INFO] Saving data packages for: img0038...
[INFO] Info saved to /home/cpsstudent/Documents/ips_s2026/collection_raw_data/data/info/img0038.txt
[COUNT] uncropped_rgb=39, images=39, depth=39, info=39
[SUCCESS] Packout cycle complete.

[COUNT] uncropped_rgb=39, images=39, depth=39, info=39

[INFO] Saving data packages for: img0039...
[INFO] Info saved to /home/cpsstudent/Documents/ips_s2026/collection_raw_data/data/info/img0039.txt
[COUNT] uncropped_rgb=40, images=40, depth=40, info=40
[SUCCESS] Packout cycle complete.

[COUNT] uncropped_rgb=40, images=40, depth=40, info=40

[INFO] Saving data packages for: img0040...
[INFO] Info saved to /home/cpsstudent/Documents/ips_s2026/collection_raw_data/data/info/img0040.txt
[COUNT] uncropped_rgb=41, images=41, depth=41, info=41
[SUCCESS] Packout cycle complete.

[COUNT] uncropped_rgb=41, images=41, depth=41, info=41

[INFO] Saving data packages for: img0041...
[INFO] Info saved to /home/cpsstudent/Documents/ips_s2026/collection_raw_data/data/info/img0041.txt
[COUNT] uncropped_rgb=42, images=42, depth=42, info=42
[SUCCESS] Packout cycle complete.

[COUNT] uncropped_rgb=42, images=42, depth=42, info=42

[INFO] Saving data packages for: img0042...
[INFO] Info saved to /home/cpsstudent/Documents/ips_s2026/collection_raw_data/data/info/img0042.txt
[COUNT] uncropped_rgb=43, images=43, depth=43, info=43
[SUCCESS] Packout cycle complete.

[COUNT] uncropped_rgb=43, images=43, depth=43, info=43

[INFO] Saving data packages for: img0043...
[INFO] Info saved to /home/cpsstudent/Documents/ips_s2026/collection_raw_data/data/info/img0043.txt
[COUNT] uncropped_rgb=44, images=44, depth=44, info=44
[SUCCESS] Packout cycle complete.

[COUNT] uncropped_rgb=44, images=44, depth=44, info=44

[INFO] Saving data packages for: img0044...
[INFO] Info saved to /home/cpsstudent/Documents/ips_s2026/collection_raw_data/data/info/img0044.txt
[COUNT] uncropped_rgb=45, images=45, depth=45, info=45
[SUCCESS] Packout cycle complete.

[COUNT] uncropped_rgb=45, images=45, depth=45, info=45

[INFO] Saving data packages for: img0045...
[INFO] Info saved to /home/cpsstudent/Documents/ips_s2026/collection_raw_data/data/info/img0045.txt
[COUNT] uncropped_rgb=46, images=46, depth=46, info=46
[SUCCESS] Packout cycle complete.

[COUNT] uncropped_rgb=46, images=46, depth=46, info=46

[INFO] Saving data packages for: img0046...
[INFO] Info saved to /home/cpsstudent/Documents/ips_s2026/collection_raw_data/data/info/img0046.txt
[COUNT] uncropped_rgb=47, images=47, depth=47, info=47
[SUCCESS] Packout cycle complete.

[COUNT] uncropped_rgb=47, images=47, depth=47, info=47

[INFO] Saving data packages for: img0047...
[INFO] Info saved to /home/cpsstudent/Documents/ips_s2026/collection_raw_data/data/info/img0047.txt
[COUNT] uncropped_rgb=48, images=48, depth=48, info=48
[SUCCESS] Packout cycle complete.

[COUNT] uncropped_rgb=48, images=48, depth=48, info=48

[INFO] Saving data packages for: img0048...
[INFO] Info saved to /home/cpsstudent/Documents/ips_s2026/collection_raw_data/data/info/img0048.txt
[COUNT] uncropped_rgb=49, images=49, depth=49, info=49
[SUCCESS] Packout cycle complete.

[COUNT] uncropped_rgb=49, images=49, depth=49, info=49

[INFO] Saving data packages for: img0049...
[INFO] Info saved to /home/cpsstudent/Documents/ips_s2026/collection_raw_data/data/info/img0049.txt
[COUNT] uncropped_rgb=50, images=50, depth=50, info=50
[SUCCESS] Packout cycle complete.

[COUNT] uncropped_rgb=50, images=50, depth=50, info=50

[INFO] Saving data packages for: img0050...
[INFO] Info saved to /home/cpsstudent/Documents/ips_s2026/collection_raw_data/data/info/img0050.txt
[COUNT] uncropped_rgb=51, images=51, depth=51, info=51
[SUCCESS] Packout cycle complete.

[COUNT] uncropped_rgb=51, images=51, depth=51, info=51

[INFO] Saving data packages for: img0051...
[INFO] Info saved to /home/cpsstudent/Documents/ips_s2026/collection_raw_data/data/info/img0051.txt
[COUNT] uncropped_rgb=52, images=52, depth=52, info=52
[SUCCESS] Packout cycle complete.

[COUNT] uncropped_rgb=52, images=52, depth=52, info=52

[INFO] Saving data packages for: img0052...
[INFO] Info saved to /home/cpsstudent/Documents/ips_s2026/collection_raw_data/data/info/img0052.txt
[COUNT] uncropped_rgb=53, images=53, depth=53, info=53
[SUCCESS] Packout cycle complete.

[COUNT] uncropped_rgb=53, images=53, depth=53, info=53

[INFO] Saving data packages for: img0053...
[INFO] Info saved to /home/cpsstudent/Documents/ips_s2026/collection_raw_data/data/info/img0053.txt
[COUNT] uncropped_rgb=54, images=54, depth=54, info=54
[SUCCESS] Packout cycle complete.

[COUNT] uncropped_rgb=54, images=54, depth=54, info=54

[INFO] Saving data packages for: img0054...
[INFO] Info saved to /home/cpsstudent/Documents/ips_s2026/collection_raw_data/data/info/img0054.txt
[COUNT] uncropped_rgb=55, images=55, depth=55, info=55
[SUCCESS] Packout cycle complete.

[COUNT] uncropped_rgb=55, images=55, depth=55, info=55

[INFO] Saving data packages for: img0055...
[INFO] Info saved to /home/cpsstudent/Documents/ips_s2026/collection_raw_data/data/info/img0055.txt
[COUNT] uncropped_rgb=56, images=56, depth=56, info=56
[SUCCESS] Packout cycle complete.

[COUNT] uncropped_rgb=56, images=56, depth=56, info=56

[INFO] Saving data packages for: img0056...
[INFO] Info saved to /home/cpsstudent/Documents/ips_s2026/collection_raw_data/data/info/img0056.txt
[COUNT] uncropped_rgb=57, images=57, depth=57, info=57
[SUCCESS] Packout cycle complete.

[COUNT] uncropped_rgb=57, images=57, depth=57, info=57

[INFO] Saving data packages for: img0057...
[INFO] Info saved to /home/cpsstudent/Documents/ips_s2026/collection_raw_data/data/info/img0057.txt
[COUNT] uncropped_rgb=58, images=58, depth=58, info=58
[SUCCESS] Packout cycle complete.

[COUNT] uncropped_rgb=58, images=58, depth=58, info=58

[INFO] Saving data packages for: img0058...
[INFO] Info saved to /home/cpsstudent/Documents/ips_s2026/collection_raw_data/data/info/img0058.txt
[COUNT] uncropped_rgb=59, images=59, depth=59, info=59
[SUCCESS] Packout cycle complete.

[COUNT] uncropped_rgb=59, images=59, depth=59, info=59

[INFO] Saving data packages for: img0059...
[INFO] Info saved to /home/cpsstudent/Documents/ips_s2026/collection_raw_data/data/info/img0059.txt
[COUNT] uncropped_rgb=60, images=60, depth=60, info=60
[SUCCESS] Packout cycle complete.

[COUNT] uncropped_rgb=60, images=60, depth=60, info=60

[INFO] Saving data packages for: img0060...
[INFO] Info saved to /home/cpsstudent/Documents/ips_s2026/collection_raw_data/data/info/img0060.txt
[COUNT] uncropped_rgb=61, images=61, depth=61, info=61
[SUCCESS] Packout cycle complete.

[COUNT] uncropped_rgb=61, images=61, depth=61, info=61

[INFO] Saving data packages for: img0061...
[INFO] Info saved to /home/cpsstudent/Documents/ips_s2026/collection_raw_data/data/info/img0061.txt
[COUNT] uncropped_rgb=62, images=62, depth=62, info=62
[SUCCESS] Packout cycle complete.

[COUNT] uncropped_rgb=62, images=62, depth=62, info=62

[INFO] Saving data packages for: img0062...
[INFO] Info saved to /home/cpsstudent/Documents/ips_s2026/collection_raw_data/data/info/img0062.txt
[COUNT] uncropped_rgb=63, images=63, depth=63, info=63
[SUCCESS] Packout cycle complete.

[COUNT] uncropped_rgb=63, images=63, depth=63, info=63

[INFO] Saving data packages for: img0063...
[INFO] Info saved to /home/cpsstudent/Documents/ips_s2026/collection_raw_data/data/info/img0063.txt
[COUNT] uncropped_rgb=64, images=64, depth=64, info=64
[SUCCESS] Packout cycle complete.

[COUNT] uncropped_rgb=64, images=64, depth=64, info=64

[INFO] Saving data packages for: img0064...
[INFO] Info saved to /home/cpsstudent/Documents/ips_s2026/collection_raw_data/data/info/img0064.txt
[COUNT] uncropped_rgb=65, images=65, depth=65, info=65
[SUCCESS] Packout cycle complete.

[COUNT] uncropped_rgb=65, images=65, depth=65, info=65

[INFO] Saving data packages for: img0065...
[INFO] Info saved to /home/cpsstudent/Documents/ips_s2026/collection_raw_data/data/info/img0065.txt
[COUNT] uncropped_rgb=66, images=66, depth=66, info=66
[SUCCESS] Packout cycle complete.

[COUNT] uncropped_rgb=66, images=66, depth=66, info=66

[INFO] Saving data packages for: img0066...
[INFO] Info saved to /home/cpsstudent/Documents/ips_s2026/collection_raw_data/data/info/img0066.txt
[COUNT] uncropped_rgb=67, images=67, depth=67, info=67
[SUCCESS] Packout cycle complete.

[COUNT] uncropped_rgb=67, images=67, depth=67, info=67

[INFO] Saving data packages for: img0067...
[INFO] Info saved to /home/cpsstudent/Documents/ips_s2026/collection_raw_data/data/info/img0067.txt
[COUNT] uncropped_rgb=68, images=68, depth=68, info=68
[SUCCESS] Packout cycle complete.

[COUNT] uncropped_rgb=68, images=68, depth=68, info=68

[INFO] Saving data packages for: img0068...
[INFO] Info saved to /home/cpsstudent/Documents/ips_s2026/collection_raw_data/data/info/img0068.txt
[COUNT] uncropped_rgb=69, images=69, depth=69, info=69
[SUCCESS] Packout cycle complete.

[COUNT] uncropped_rgb=69, images=69, depth=69, info=69

[INFO] Saving data packages for: img0069...
[INFO] Info saved to /home/cpsstudent/Documents/ips_s2026/collection_raw_data/data/info/img0069.txt
[COUNT] uncropped_rgb=70, images=70, depth=70, info=70
[SUCCESS] Packout cycle complete.

[COUNT] uncropped_rgb=70, images=70, depth=70, info=70

[INFO] Saving data packages for: img0070...
[INFO] Info saved to /home/cpsstudent/Documents/ips_s2026/collection_raw_data/data/info/img0070.txt
[COUNT] uncropped_rgb=71, images=71, depth=71, info=71
[SUCCESS] Packout cycle complete.

[COUNT] uncropped_rgb=71, images=71, depth=71, info=71

[INFO] Saving data packages for: img0071...
[INFO] Info saved to /home/cpsstudent/Documents/ips_s2026/collection_raw_data/data/info/img0071.txt
[COUNT] uncropped_rgb=72, images=72, depth=72, info=72
[SUCCESS] Packout cycle complete.

[COUNT] uncropped_rgb=72, images=72, depth=72, info=72

[INFO] Saving data packages for: img0072...
[INFO] Info saved to /home/cpsstudent/Documents/ips_s2026/collection_raw_data/data/info/img0072.txt
[COUNT] uncropped_rgb=73, images=73, depth=73, info=73
[SUCCESS] Packout cycle complete.

[COUNT] uncropped_rgb=73, images=73, depth=73, info=73

[INFO] Saving data packages for: img0073...
[INFO] Info saved to /home/cpsstudent/Documents/ips_s2026/collection_raw_data/data/info/img0073.txt
[COUNT] uncropped_rgb=74, images=74, depth=74, info=74
[SUCCESS] Packout cycle complete.

[COUNT] uncropped_rgb=74, images=74, depth=74, info=74

[INFO] Saving data packages for: img0074...
[INFO] Info saved to /home/cpsstudent/Documents/ips_s2026/collection_raw_data/data/info/img0074.txt
[COUNT] uncropped_rgb=75, images=75, depth=75, info=75
[SUCCESS] Packout cycle complete.

[COUNT] uncropped_rgb=75, images=75, depth=75, info=75

[INFO] Saving data packages for: img0075...
[INFO] Info saved to /home/cpsstudent/Documents/ips_s2026/collection_raw_data/data/info/img0075.txt
[COUNT] uncropped_rgb=76, images=76, depth=76, info=76
[SUCCESS] Packout cycle complete.

[COUNT] uncropped_rgb=76, images=76, depth=76, info=76

[INFO] Saving data packages for: img0076...
[INFO] Info saved to /home/cpsstudent/Documents/ips_s2026/collection_raw_data/data/info/img0076.txt
[COUNT] uncropped_rgb=77, images=77, depth=77, info=77
[SUCCESS] Packout cycle complete.

[COUNT] uncropped_rgb=77, images=77, depth=77, info=77

[INFO] Saving data packages for: img0077...
[INFO] Info saved to /home/cpsstudent/Documents/ips_s2026/collection_raw_data/data/info/img0077.txt
[COUNT] uncropped_rgb=78, images=78, depth=78, info=78
[SUCCESS] Packout cycle complete.

[COUNT] uncropped_rgb=78, images=78, depth=78, info=78

[INFO] Saving data packages for: img0078...
[INFO] Info saved to /home/cpsstudent/Documents/ips_s2026/collection_raw_data/data/info/img0078.txt
[COUNT] uncropped_rgb=79, images=79, depth=79, info=79
[SUCCESS] Packout cycle complete.

[COUNT] uncropped_rgb=79, images=79, depth=79, info=79

[INFO] Saving data packages for: img0079...
[INFO] Info saved to /home/cpsstudent/Documents/ips_s2026/collection_raw_data/data/info/img0079.txt
[COUNT] uncropped_rgb=80, images=80, depth=80, info=80
[SUCCESS] Packout cycle complete.

[COUNT] uncropped_rgb=80, images=80, depth=80, info=80

[INFO] Saving data packages for: img0080...
[INFO] Info saved to /home/cpsstudent/Documents/ips_s2026/collection_raw_data/data/info/img0080.txt
[COUNT] uncropped_rgb=81, images=81, depth=81, info=81
[SUCCESS] Packout cycle complete.

[COUNT] uncropped_rgb=81, images=81, depth=81, info=81
[WARNING] Align filter returned None

[INFO] Saving data packages for: img0081...
[INFO] Info saved to /home/cpsstudent/Documents/ips_s2026/collection_raw_data/data/info/img0081.txt
[COUNT] uncropped_rgb=82, images=82, depth=82, info=82
[SUCCESS] Packout cycle complete.

[COUNT] uncropped_rgb=82, images=82, depth=82, info=82

[INFO] Saving data packages for: img0082...
[INFO] Info saved to /home/cpsstudent/Documents/ips_s2026/collection_raw_data/data/info/img0082.txt
[COUNT] uncropped_rgb=83, images=83, depth=83, info=83
[SUCCESS] Packout cycle complete.

[COUNT] uncropped_rgb=83, images=83, depth=83, info=83

[INFO] Saving data packages for: img0083...
[INFO] Info saved to /home/cpsstudent/Documents/ips_s2026/collection_raw_data/data/info/img0083.txt
[COUNT] uncropped_rgb=84, images=84, depth=84, info=84
[SUCCESS] Packout cycle complete.

[COUNT] uncropped_rgb=84, images=84, depth=84, info=84

[INFO] Saving data packages for: img0084...
[INFO] Info saved to /home/cpsstudent/Documents/ips_s2026/collection_raw_data/data/info/img0084.txt
[COUNT] uncropped_rgb=85, images=85, depth=85, info=85
[SUCCESS] Packout cycle complete.

[COUNT] uncropped_rgb=85, images=85, depth=85, info=85

[INFO] Saving data packages for: img0085...
[INFO] Info saved to /home/cpsstudent/Documents/ips_s2026/collection_raw_data/data/info/img0085.txt
[COUNT] uncropped_rgb=86, images=86, depth=86, info=86
[SUCCESS] Packout cycle complete.

[COUNT] uncropped_rgb=86, images=86, depth=86, info=86

[INFO] Saving data packages for: img0086...
[INFO] Info saved to /home/cpsstudent/Documents/ips_s2026/collection_raw_data/data/info/img0086.txt
[COUNT] uncropped_rgb=87, images=87, depth=87, info=87
[SUCCESS] Packout cycle complete.

[COUNT] uncropped_rgb=87, images=87, depth=87, info=87

[INFO] Saving data packages for: img0087...
[INFO] Info saved to /home/cpsstudent/Documents/ips_s2026/collection_raw_data/data/info/img0087.txt
[COUNT] uncropped_rgb=88, images=88, depth=88, info=88
[SUCCESS] Packout cycle complete.

[COUNT] uncropped_rgb=88, images=88, depth=88, info=88

[INFO] Saving data packages for: img0088...
[INFO] Info saved to /home/cpsstudent/Documents/ips_s2026/collection_raw_data/data/info/img0088.txt
[COUNT] uncropped_rgb=89, images=89, depth=89, info=89
[SUCCESS] Packout cycle complete.

[COUNT] uncropped_rgb=89, images=89, depth=89, info=89

[INFO] Saving data packages for: img0089...
[INFO] Info saved to /home/cpsstudent/Documents/ips_s2026/collection_raw_data/data/info/img0089.txt
[COUNT] uncropped_rgb=90, images=90, depth=90, info=90
[SUCCESS] Packout cycle complete.

[COUNT] uncropped_rgb=90, images=90, depth=90, info=90

[INFO] Saving data packages for: img0090...
[INFO] Info saved to /home/cpsstudent/Documents/ips_s2026/collection_raw_data/data/info/img0090.txt
[COUNT] uncropped_rgb=91, images=91, depth=91, info=91
[SUCCESS] Packout cycle complete.

[COUNT] uncropped_rgb=91, images=91, depth=91, info=91

[INFO] Saving data packages for: img0091...
[INFO] Info saved to /home/cpsstudent/Documents/ips_s2026/collection_raw_data/data/info/img0091.txt
[COUNT] uncropped_rgb=92, images=92, depth=92, info=92
[SUCCESS] Packout cycle complete.

[COUNT] uncropped_rgb=92, images=92, depth=92, info=92

[INFO] Saving data packages for: img0092...
[INFO] Info saved to /home/cpsstudent/Documents/ips_s2026/collection_raw_data/data/info/img0092.txt
[COUNT] uncropped_rgb=93, images=93, depth=93, info=93
[SUCCESS] Packout cycle complete.

[COUNT] uncropped_rgb=93, images=93, depth=93, info=93

[INFO] Saving data packages for: img0093...
[INFO] Info saved to /home/cpsstudent/Documents/ips_s2026/collection_raw_data/data/info/img0093.txt
[COUNT] uncropped_rgb=94, images=94, depth=94, info=94
[SUCCESS] Packout cycle complete.

[COUNT] uncropped_rgb=94, images=94, depth=94, info=94

[INFO] Saving data packages for: img0094...
[INFO] Info saved to /home/cpsstudent/Documents/ips_s2026/collection_raw_data/data/info/img0094.txt
[COUNT] uncropped_rgb=95, images=95, depth=95, info=95
[SUCCESS] Packout cycle complete.

[COUNT] uncropped_rgb=95, images=95, depth=95, info=95

[INFO] Saving data packages for: img0095...
[INFO] Info saved to /home/cpsstudent/Documents/ips_s2026/collection_raw_data/data/info/img0095.txt
[COUNT] uncropped_rgb=96, images=96, depth=96, info=96
[SUCCESS] Packout cycle complete.

[COUNT] uncropped_rgb=96, images=96, depth=96, info=96

[INFO] Saving data packages for: img0096...
[INFO] Info saved to /home/cpsstudent/Documents/ips_s2026/collection_raw_data/data/info/img0096.txt
[COUNT] uncropped_rgb=97, images=97, depth=97, info=97
[SUCCESS] Packout cycle complete.

[COUNT] uncropped_rgb=97, images=97, depth=97, info=97

[INFO] Saving data packages for: img0097...
[INFO] Info saved to /home/cpsstudent/Documents/ips_s2026/collection_raw_data/data/info/img0097.txt
[COUNT] uncropped_rgb=98, images=98, depth=98, info=98
[SUCCESS] Packout cycle complete.

[COUNT] uncropped_rgb=98, images=98, depth=98, info=98

[INFO] Saving data packages for: img0098...
[INFO] Info saved to /home/cpsstudent/Documents/ips_s2026/collection_raw_data/data/info/img0098.txt
[COUNT] uncropped_rgb=99, images=99, depth=99, info=99
[SUCCESS] Packout cycle complete.

[COUNT] uncropped_rgb=99, images=99, depth=99, info=99

[INFO] Saving data packages for: img0099...
[INFO] Info saved to /home/cpsstudent/Documents/ips_s2026/collection_raw_data/data/info/img0099.txt
[COUNT] uncropped_rgb=100, images=100, depth=100, info=100
[SUCCESS] Packout cycle complete.

[COUNT] uncropped_rgb=100, images=100, depth=100, info=100

[INFO] Saving data packages for: img0100...
[INFO] Info saved to /home/cpsstudent/Documents/ips_s2026/collection_raw_data/data/info/img0100.txt
[COUNT] uncropped_rgb=101, images=101, depth=101, info=101
[SUCCESS] Packout cycle complete.

[COUNT] uncropped_rgb=101, images=101, depth=101, info=101

[INFO] Saving data packages for: img0101...
[INFO] Info saved to /home/cpsstudent/Documents/ips_s2026/collection_raw_data/data/info/img0101.txt
[COUNT] uncropped_rgb=102, images=102, depth=102, info=102
[SUCCESS] Packout cycle complete.

[COUNT] uncropped_rgb=102, images=102, depth=102, info=102

[INFO] Saving data packages for: img0102...
[INFO] Info saved to /home/cpsstudent/Documents/ips_s2026/collection_raw_data/data/info/img0102.txt
[COUNT] uncropped_rgb=103, images=103, depth=103, info=103
[SUCCESS] Packout cycle complete.

[COUNT] uncropped_rgb=103, images=103, depth=103, info=103

[INFO] Saving data packages for: img0103...
[INFO] Info saved to /home/cpsstudent/Documents/ips_s2026/collection_raw_data/data/info/img0103.txt
[COUNT] uncropped_rgb=104, images=104, depth=104, info=104
[SUCCESS] Packout cycle complete.

[COUNT] uncropped_rgb=104, images=104, depth=104, info=104

[INFO] Saving data packages for: img0104...
[INFO] Info saved to /home/cpsstudent/Documents/ips_s2026/collection_raw_data/data/info/img0104.txt
[COUNT] uncropped_rgb=105, images=105, depth=105, info=105
[SUCCESS] Packout cycle complete.

[COUNT] uncropped_rgb=105, images=105, depth=105, info=105

[INFO] Saving data packages for: img0105...
[INFO] Info saved to /home/cpsstudent/Documents/ips_s2026/collection_raw_data/data/info/img0105.txt
[COUNT] uncropped_rgb=106, images=106, depth=106, info=106
[SUCCESS] Packout cycle complete.

[COUNT] uncropped_rgb=106, images=106, depth=106, info=106

[INFO] Saving data packages for: img0106...
[INFO] Info saved to /home/cpsstudent/Documents/ips_s2026/collection_raw_data/data/info/img0106.txt
[COUNT] uncropped_rgb=107, images=107, depth=107, info=107
[SUCCESS] Packout cycle complete.

[COUNT] uncropped_rgb=107, images=107, depth=107, info=107

[INFO] Saving data packages for: img0107...
[INFO] Info saved to /home/cpsstudent/Documents/ips_s2026/collection_raw_data/data/info/img0107.txt
[COUNT] uncropped_rgb=108, images=108, depth=108, info=108
[SUCCESS] Packout cycle complete.

[COUNT] uncropped_rgb=108, images=108, depth=108, info=108

[INFO] Saving data packages for: img0108...
[INFO] Info saved to /home/cpsstudent/Documents/ips_s2026/collection_raw_data/data/info/img0108.txt
[COUNT] uncropped_rgb=109, images=109, depth=109, info=109
[SUCCESS] Packout cycle complete.

[COUNT] uncropped_rgb=109, images=109, depth=109, info=109

[INFO] Saving data packages for: img0109...
[INFO] Info saved to /home/cpsstudent/Documents/ips_s2026/collection_raw_data/data/info/img0109.txt
[COUNT] uncropped_rgb=110, images=110, depth=110, info=110
[SUCCESS] Packout cycle complete.

[COUNT] uncropped_rgb=110, images=110, depth=110, info=110

[INFO] Saving data packages for: img0110...
[INFO] Info saved to /home/cpsstudent/Documents/ips_s2026/collection_raw_data/data/info/img0110.txt
[COUNT] uncropped_rgb=111, images=111, depth=111, info=111
[SUCCESS] Packout cycle complete.

[COUNT] uncropped_rgb=111, images=111, depth=111, info=111

[INFO] Saving data packages for: img0111...
[INFO] Info saved to /home/cpsstudent/Documents/ips_s2026/collection_raw_data/data/info/img0111.txt
[COUNT] uncropped_rgb=112, images=112, depth=112, info=112
[SUCCESS] Packout cycle complete.

[COUNT] uncropped_rgb=112, images=112, depth=112, info=112

[INFO] Saving data packages for: img0112...
[INFO] Info saved to /home/cpsstudent/Documents/ips_s2026/collection_raw_data/data/info/img0112.txt
[COUNT] uncropped_rgb=113, images=113, depth=113, info=113
[SUCCESS] Packout cycle complete.

[COUNT] uncropped_rgb=113, images=113, depth=113, info=113

[INFO] Saving data packages for: img0113...
[INFO] Info saved to /home/cpsstudent/Documents/ips_s2026/collection_raw_data/data/info/img0113.txt
[COUNT] uncropped_rgb=114, images=114, depth=114, info=114
[SUCCESS] Packout cycle complete.

[COUNT] uncropped_rgb=114, images=114, depth=114, info=114

[INFO] Saving data packages for: img0114...
[INFO] Info saved to /home/cpsstudent/Documents/ips_s2026/collection_raw_data/data/info/img0114.txt
[COUNT] uncropped_rgb=115, images=115, depth=115, info=115
[SUCCESS] Packout cycle complete.

[COUNT] uncropped_rgb=115, images=115, depth=115, info=115

[INFO] Saving data packages for: img0115...
[INFO] Info saved to /home/cpsstudent/Documents/ips_s2026/collection_raw_data/data/info/img0115.txt
[COUNT] uncropped_rgb=116, images=116, depth=116, info=116
[SUCCESS] Packout cycle complete.

[COUNT] uncropped_rgb=116, images=116, depth=116, info=116

[INFO] Saving data packages for: img0116...
[INFO] Info saved to /home/cpsstudent/Documents/ips_s2026/collection_raw_data/data/info/img0116.txt
[COUNT] uncropped_rgb=117, images=117, depth=117, info=117
[SUCCESS] Packout cycle complete.

[COUNT] uncropped_rgb=117, images=117, depth=117, info=117

[INFO] Saving data packages for: img0117...
[INFO] Info saved to /home/cpsstudent/Documents/ips_s2026/collection_raw_data/data/info/img0117.txt
[COUNT] uncropped_rgb=118, images=118, depth=118, info=118
[SUCCESS] Packout cycle complete.

[COUNT] uncropped_rgb=118, images=118, depth=118, info=118

[INFO] Saving data packages for: img0118...
[INFO] Info saved to /home/cpsstudent/Documents/ips_s2026/collection_raw_data/data/info/img0118.txt
[COUNT] uncropped_rgb=119, images=119, depth=119, info=119
[SUCCESS] Packout cycle complete.

[COUNT] uncropped_rgb=119, images=119, depth=119, info=119

[INFO] Saving data packages for: img0119...
[INFO] Info saved to /home/cpsstudent/Documents/ips_s2026/collection_raw_data/data/info/img0119.txt
[COUNT] uncropped_rgb=120, images=120, depth=120, info=120
[SUCCESS] Packout cycle complete.

[COUNT] uncropped_rgb=120, images=120, depth=120, info=120

[INFO] Saving data packages for: img0120...
[INFO] Info saved to /home/cpsstudent/Documents/ips_s2026/collection_raw_data/data/info/img0120.txt
[COUNT] uncropped_rgb=121, images=121, depth=121, info=121
[SUCCESS] Packout cycle complete.

[COUNT] uncropped_rgb=121, images=121, depth=121, info=121

[INFO] Saving data packages for: img0121...
[INFO] Info saved to /home/cpsstudent/Documents/ips_s2026/collection_raw_data/data/info/img0121.txt
[COUNT] uncropped_rgb=122, images=122, depth=122, info=122
[SUCCESS] Packout cycle complete.

[COUNT] uncropped_rgb=122, images=122, depth=122, info=122

[INFO] Saving data packages for: img0122...
[INFO] Info saved to /home/cpsstudent/Documents/ips_s2026/collection_raw_data/data/info/img0122.txt
[COUNT] uncropped_rgb=123, images=123, depth=123, info=123
[SUCCESS] Packout cycle complete.

[COUNT] uncropped_rgb=123, images=123, depth=123, info=123

[INFO] Saving data packages for: img0123...
[INFO] Info saved to /home/cpsstudent/Documents/ips_s2026/collection_raw_data/data/info/img0123.txt
[COUNT] uncropped_rgb=124, images=124, depth=124, info=124
[SUCCESS] Packout cycle complete.

[COUNT] uncropped_rgb=124, images=124, depth=124, info=124

[INFO] Saving data packages for: img0124...
[INFO] Info saved to /home/cpsstudent/Documents/ips_s2026/collection_raw_data/data/info/img0124.txt
[COUNT] uncropped_rgb=125, images=125, depth=125, info=125
[SUCCESS] Packout cycle complete.

[COUNT] uncropped_rgb=125, images=125, depth=125, info=125

[INFO] Saving data packages for: img0125...
[INFO] Info saved to /home/cpsstudent/Documents/ips_s2026/collection_raw_data/data/info/img0125.txt
[COUNT] uncropped_rgb=126, images=126, depth=126, info=126
[SUCCESS] Packout cycle complete.

[COUNT] uncropped_rgb=126, images=126, depth=126, info=126

[INFO] Saving data packages for: img0126...
[INFO] Info saved to /home/cpsstudent/Documents/ips_s2026/collection_raw_data/data/info/img0126.txt
[COUNT] uncropped_rgb=127, images=127, depth=127, info=127
[SUCCESS] Packout cycle complete.

[COUNT] uncropped_rgb=127, images=127, depth=127, info=127

[INFO] Saving data packages for: img0127...
[INFO] Info saved to /home/cpsstudent/Documents/ips_s2026/collection_raw_data/data/info/img0127.txt
[COUNT] uncropped_rgb=128, images=128, depth=128, info=128
[SUCCESS] Packout cycle complete.

[COUNT] uncropped_rgb=128, images=128, depth=128, info=128

[INFO] Saving data packages for: img0128...
[INFO] Info saved to /home/cpsstudent/Documents/ips_s2026/collection_raw_data/data/info/img0128.txt
[COUNT] uncropped_rgb=129, images=129, depth=129, info=129
[SUCCESS] Packout cycle complete.

[COUNT] uncropped_rgb=129, images=129, depth=129, info=129

[INFO] Saving data packages for: img0129...
[INFO] Info saved to /home/cpsstudent/Documents/ips_s2026/collection_raw_data/data/info/img0129.txt
[COUNT] uncropped_rgb=130, images=130, depth=130, info=130
[SUCCESS] Packout cycle complete.

[COUNT] uncropped_rgb=130, images=130, depth=130, info=130

[INFO] Saving data packages for: img0130...
[INFO] Info saved to /home/cpsstudent/Documents/ips_s2026/collection_raw_data/data/info/img0130.txt
[COUNT] uncropped_rgb=131, images=131, depth=131, info=131
[SUCCESS] Packout cycle complete.

[COUNT] uncropped_rgb=131, images=131, depth=131, info=131

[INFO] Saving data packages for: img0131...
[INFO] Info saved to /home/cpsstudent/Documents/ips_s2026/collection_raw_data/data/info/img0131.txt
[COUNT] uncropped_rgb=132, images=132, depth=132, info=132
[SUCCESS] Packout cycle complete.

[COUNT] uncropped_rgb=132, images=132, depth=132, info=132

[INFO] Saving data packages for: img0132...
[INFO] Info saved to /home/cpsstudent/Documents/ips_s2026/collection_raw_data/data/info/img0132.txt
[COUNT] uncropped_rgb=133, images=133, depth=133, info=133
[SUCCESS] Packout cycle complete.

[COUNT] uncropped_rgb=133, images=133, depth=133, info=133

[INFO] Saving data packages for: img0133...
[INFO] Info saved to /home/cpsstudent/Documents/ips_s2026/collection_raw_data/data/info/img0133.txt
[COUNT] uncropped_rgb=134, images=134, depth=134, info=134
[SUCCESS] Packout cycle complete.

[COUNT] uncropped_rgb=134, images=134, depth=134, info=134

[INFO] Saving data packages for: img0134...
[INFO] Info saved to /home/cpsstudent/Documents/ips_s2026/collection_raw_data/data/info/img0134.txt
[COUNT] uncropped_rgb=135, images=135, depth=135, info=135
[SUCCESS] Packout cycle complete.

[COUNT] uncropped_rgb=135, images=135, depth=135, info=135

[INFO] Saving data packages for: img0135...
[INFO] Info saved to /home/cpsstudent/Documents/ips_s2026/collection_raw_data/data/info/img0135.txt
[COUNT] uncropped_rgb=136, images=136, depth=136, info=136
[SUCCESS] Packout cycle complete.

[COUNT] uncropped_rgb=136, images=136, depth=136, info=136

[INFO] Saving data packages for: img0136...
[INFO] Info saved to /home/cpsstudent/Documents/ips_s2026/collection_raw_data/data/info/img0136.txt
[COUNT] uncropped_rgb=137, images=137, depth=137, info=137
[SUCCESS] Packout cycle complete.

[COUNT] uncropped_rgb=137, images=137, depth=137, info=137

[INFO] Saving data packages for: img0137...
[INFO] Info saved to /home/cpsstudent/Documents/ips_s2026/collection_raw_data/data/info/img0137.txt
[COUNT] uncropped_rgb=138, images=138, depth=138, info=138
[SUCCESS] Packout cycle complete.

[COUNT] uncropped_rgb=138, images=138, depth=138, info=138

[INFO] Saving data packages for: img0138...
[INFO] Info saved to /home/cpsstudent/Documents/ips_s2026/collection_raw_data/data/info/img0138.txt
[COUNT] uncropped_rgb=139, images=139, depth=139, info=139
[SUCCESS] Packout cycle complete.

[COUNT] uncropped_rgb=139, images=139, depth=139, info=139

[INFO] Saving data packages for: img0139...
[INFO] Info saved to /home/cpsstudent/Documents/ips_s2026/collection_raw_data/data/info/img0139.txt
[COUNT] uncropped_rgb=140, images=140, depth=140, info=140
[SUCCESS] Packout cycle complete.

[COUNT] uncropped_rgb=140, images=140, depth=140, info=140

[INFO] Saving data packages for: img0140...
[INFO] Info saved to /home/cpsstudent/Documents/ips_s2026/collection_raw_data/data/info/img0140.txt
[COUNT] uncropped_rgb=141, images=141, depth=141, info=141
[SUCCESS] Packout cycle complete.

[COUNT] uncropped_rgb=141, images=141, depth=141, info=141

[INFO] Saving data packages for: img0141...
[INFO] Info saved to /home/cpsstudent/Documents/ips_s2026/collection_raw_data/data/info/img0141.txt
[COUNT] uncropped_rgb=142, images=142, depth=142, info=142
[SUCCESS] Packout cycle complete.

[COUNT] uncropped_rgb=142, images=142, depth=142, info=142

[INFO] Saving data packages for: img0142...
[INFO] Info saved to /home/cpsstudent/Documents/ips_s2026/collection_raw_data/data/info/img0142.txt
[COUNT] uncropped_rgb=143, images=143, depth=143, info=143
[SUCCESS] Packout cycle complete.

[COUNT] uncropped_rgb=143, images=143, depth=143, info=143

[INFO] Saving data packages for: img0143...
[INFO] Info saved to /home/cpsstudent/Documents/ips_s2026/collection_raw_data/data/info/img0143.txt
[COUNT] uncropped_rgb=144, images=144, depth=144, info=144
[SUCCESS] Packout cycle complete.

[COUNT] uncropped_rgb=144, images=144, depth=144, info=144

[INFO] Saving data packages for: img0144...
[INFO] Info saved to /home/cpsstudent/Documents/ips_s2026/collection_raw_data/data/info/img0144.txt
[COUNT] uncropped_rgb=145, images=145, depth=145, info=145
[SUCCESS] Packout cycle complete.

[COUNT] uncropped_rgb=145, images=145, depth=145, info=145

[INFO] Saving data packages for: img0145...
[INFO] Info saved to /home/cpsstudent/Documents/ips_s2026/collection_raw_data/data/info/img0145.txt
[COUNT] uncropped_rgb=146, images=146, depth=146, info=146
[SUCCESS] Packout cycle complete.

[COUNT] uncropped_rgb=146, images=146, depth=146, info=146

[INFO] Saving data packages for: img0146...
[INFO] Info saved to /home/cpsstudent/Documents/ips_s2026/collection_raw_data/data/info/img0146.txt
[COUNT] uncropped_rgb=147, images=147, depth=147, info=147
[SUCCESS] Packout cycle complete.

[COUNT] uncropped_rgb=147, images=147, depth=147, info=147

[INFO] Saving data packages for: img0147...
[INFO] Info saved to /home/cpsstudent/Documents/ips_s2026/collection_raw_data/data/info/img0147.txt
[COUNT] uncropped_rgb=148, images=148, depth=148, info=148
[SUCCESS] Packout cycle complete.

[COUNT] uncropped_rgb=148, images=148, depth=148, info=148

[INFO] Saving data packages for: img0148...
[INFO] Info saved to /home/cpsstudent/Documents/ips_s2026/collection_raw_data/data/info/img0148.txt
[COUNT] uncropped_rgb=149, images=149, depth=149, info=149
[SUCCESS] Packout cycle complete.

[COUNT] uncropped_rgb=149, images=149, depth=149, info=149

[INFO] Saving data packages for: img0149...
[INFO] Info saved to /home/cpsstudent/Documents/ips_s2026/collection_raw_data/data/info/img0149.txt
[COUNT] uncropped_rgb=150, images=150, depth=150, info=150
[SUCCESS] Packout cycle complete.

[COUNT] uncropped_rgb=150, images=150, depth=150, info=150

[INFO] Saving data packages for: img0150...
[INFO] Info saved to /home/cpsstudent/Documents/ips_s2026/collection_raw_data/data/info/img0150.txt
[COUNT] uncropped_rgb=151, images=151, depth=151, info=151
[SUCCESS] Packout cycle complete.

[COUNT] uncropped_rgb=151, images=151, depth=151, info=151

[INFO] Saving data packages for: img0151...
[INFO] Info saved to /home/cpsstudent/Documents/ips_s2026/collection_raw_data/data/info/img0151.txt
[COUNT] uncropped_rgb=152, images=152, depth=152, info=152
[SUCCESS] Packout cycle complete.

[COUNT] uncropped_rgb=152, images=152, depth=152, info=152

[INFO] Saving data packages for: img0152...
[INFO] Info saved to /home/cpsstudent/Documents/ips_s2026/collection_raw_data/data/info/img0152.txt
[COUNT] uncropped_rgb=153, images=153, depth=153, info=153
[SUCCESS] Packout cycle complete.

[COUNT] uncropped_rgb=153, images=153, depth=153, info=153

[INFO] Saving data packages for: img0153...
[INFO] Info saved to /home/cpsstudent/Documents/ips_s2026/collection_raw_data/data/info/img0153.txt
[COUNT] uncropped_rgb=154, images=154, depth=154, info=154
[SUCCESS] Packout cycle complete.

[COUNT] uncropped_rgb=154, images=154, depth=154, info=154

[INFO] Saving data packages for: img0154...
[INFO] Info saved to /home/cpsstudent/Documents/ips_s2026/collection_raw_data/data/info/img0154.txt
[COUNT] uncropped_rgb=155, images=155, depth=155, info=155
[SUCCESS] Packout cycle complete.

[COUNT] uncropped_rgb=155, images=155, depth=155, info=155

[INFO] Saving data packages for: img0155...
[INFO] Info saved to /home/cpsstudent/Documents/ips_s2026/collection_raw_data/data/info/img0155.txt
[COUNT] uncropped_rgb=156, images=156, depth=156, info=156
[SUCCESS] Packout cycle complete.

[COUNT] uncropped_rgb=156, images=156, depth=156, info=156

[INFO] Saving data packages for: img0156...
[INFO] Info saved to /home/cpsstudent/Documents/ips_s2026/collection_raw_data/data/info/img0156.txt
[COUNT] uncropped_rgb=157, images=157, depth=157, info=157
[SUCCESS] Packout cycle complete.

[COUNT] uncropped_rgb=157, images=157, depth=157, info=157

[INFO] Saving data packages for: img0157...
[INFO] Info saved to /home/cpsstudent/Documents/ips_s2026/collection_raw_data/data/info/img0157.txt
[COUNT] uncropped_rgb=158, images=158, depth=158, info=158
[SUCCESS] Packout cycle complete.

[COUNT] uncropped_rgb=158, images=158, depth=158, info=158
[RETAKE] Retaking frame and resuming live capture stream.
[WARNING] Align filter returned None

[INFO] Saving data packages for: img0158...
[INFO] Info saved to /home/cpsstudent/Documents/ips_s2026/collection_raw_data/data/info/img0158.txt
[COUNT] uncropped_rgb=159, images=159, depth=159, info=159
[SUCCESS] Packout cycle complete.

[COUNT] uncropped_rgb=159, images=159, depth=159, info=159

[INFO] Saving data packages for: img0159...
[INFO] Info saved to /home/cpsstudent/Documents/ips_s2026/collection_raw_data/data/info/img0159.txt
[COUNT] uncropped_rgb=160, images=160, depth=160, info=160
[SUCCESS] Packout cycle complete.

[COUNT] uncropped_rgb=160, images=160, depth=160, info=160
[WARNING] Align filter returned None
[INFO] Using cached color+depth pair (dt=134)
[INFO] Using cached color+depth pair (dt=100)
[INFO] Using cached color+depth pair (dt=167)
[INFO] Using cached color+depth pair (dt=168)
[WARNING] Align filter returned None
[INFO] Using cached color+depth pair (dt=35)
[INFO] Using cached color+depth pair (dt=167)
[INFO] Using cached color+depth pair (dt=367)
[INFO] Using cached color+depth pair (dt=566)
[WARNING] Align filter returned None
[INFO] Using cached color+depth pair (dt=67)
[INFO] Using cached color+depth pair (dt=267)
[INFO] Using cached color+depth pair (dt=499)
[WARNING] Align filter returned None
[INFO] Using cached color+depth pair (dt=134)
[INFO] Using cached color+depth pair (dt=233)
[INFO] Using cached color+depth pair (dt=400)
[INFO] Using cached color+depth pair (dt=666)
[WARNING] Align filter returned None
[INFO] Using cached color+depth pair (dt=367)
[INFO] Using cached color+depth pair (dt=666)
[WARNING] Align filter returned None
[INFO] Using cached color+depth pair (dt=300)
[WARNING] Align filter returned None
[INFO] Using cached color+depth pair (dt=200)
[INFO] Using cached color+depth pair (dt=333)
[INFO] Using cached color+depth pair (dt=633)
[INFO] Using cached color+depth pair (dt=899)
[INFO] Using cached color+depth pair (dt=1065)
[INFO] Using cached color+depth pair (dt=1231)
[WARNING] Align filter returned None
[INFO] Using cached color+depth pair (dt=101)
[WARNING] Align filter returned None
[WARNING] Align filter returned None
[INFO] Using cached color+depth pair (dt=34)
[WARNING] Align filter returned None
[WARNING] Align filter returned None
[INFO] Using cached color+depth pair (dt=35)
[INFO] Using cached color+depth pair (dt=533)
[WARNING] Align filter returned None
[WARNING] Align filter returned None
[INFO] Using cached color+depth pair (dt=34)
[WARNING] Align filter returned None
[INFO] Using cached color+depth pair (dt=68)
[INFO] Using cached color+depth pair (dt=101)
[INFO] Using cached color+depth pair (dt=367)
[WARNING] Align filter returned None
[INFO] Using cached color+depth pair (dt=34)
[WARNING] Align filter returned None
[INFO] Using cached color+depth pair (dt=34)
[INFO] Using cached color+depth pair (dt=401)
[INFO] Using cached color+depth pair (dt=68)
[INFO] Using cached color+depth pair (dt=201)
[INFO] Using cached color+depth pair (dt=367)
[INFO] Using cached color+depth pair (dt=500)
[INFO] Using cached color+depth pair (dt=666)
[INFO] Using cached color+depth pair (dt=832)
[WARNING] Align filter returned None
[WARNING] Align filter returned None
[INFO] Using cached color+depth pair (dt=267)
[INFO] Using cached color+depth pair (dt=500)
[WARNING] Align filter returned None
[INFO] Using cached color+depth pair (dt=234)
[INFO] Using cached color+depth pair (dt=400)
[INFO] Using cached color+depth pair (dt=732)
[INFO] Using cached color+depth pair (dt=1131)
[INFO] Using cached color+depth pair (dt=1264)
[INFO] Using cached color+depth pair (dt=134)
[INFO] Using cached color+depth pair (dt=200)
[INFO] Using cached color+depth pair (dt=334)
[WARNING] Align filter returned None
[WARNING] Align filter returned None
[INFO] Using cached color+depth pair (dt=167)
[WARNING] Align filter returned None
[WARNING] Align filter returned None
[WARNING] Align filter returned None
[WARNING] Align filter returned None
[WARNING] Align filter returned None
[INFO] Using cached color+depth pair (dt=134)
[INFO] Using cached color+depth pair (dt=400)
[INFO] Using cached color+depth pair (dt=467)
[INFO] Using cached color+depth pair (dt=600)
[INFO] Using cached color+depth pair (dt=1265)
[INFO] Using cached color+depth pair (dt=1431)
[WARNING] Align filter returned None
[WARNING] Align filter returned None
[INFO] Using cached color+depth pair (dt=200)
[INFO] Using cached color+depth pair (dt=300)
[INFO] Using cached color+depth pair (dt=566)
[INFO] Using cached color+depth pair (dt=765)
[WARNING] Align filter returned None
[INFO] Using cached color+depth pair (dt=167)
[WARNING] Align filter returned None
[INFO] Using cached color+depth pair (dt=134)
[INFO] Using cached color+depth pair (dt=567)
[INFO] Using cached color+depth pair (dt=833)
[WARNING] Align filter returned None
[INFO] Using cached color+depth pair (dt=234)
[WARNING] Align filter returned None
[INFO] Using cached color+depth pair (dt=35)
[INFO] Using cached color+depth pair (dt=201)
[INFO] Using cached color+depth pair (dt=334)
[WARNING] Align filter returned None
[WARNING] Align filter returned None
[INFO] Using cached color+depth pair (dt=168)
[INFO] Using cached color+depth pair (dt=932)
[WARNING] Align filter returned None
[INFO] Using cached color+depth pair (dt=268)
[WARNING] Align filter returned None
[INFO] Using cached color+depth pair (dt=267)
[INFO] Using cached color+depth pair (dt=101)
[WARNING] Align filter returned None
[WARNING] Align filter returned None
[INFO] Using cached color+depth pair (dt=134)
[INFO] Using cached color+depth pair (dt=400)
[INFO] Using cached color+depth pair (dt=733)
[INFO] Using cached color+depth pair (dt=101)
[WARNING] Align filter returned None
[WARNING] Align filter returned None
[WARNING] Align filter returned None
[INFO] Using cached color+depth pair (dt=134)
[WARNING] Align filter returned None
[WARNING] Align filter returned None
[INFO] Using cached color+depth pair (dt=101)
[INFO] Using cached color+depth pair (dt=168)
[INFO] Using cached color+depth pair (dt=201)
[INFO] Using cached color+depth pair (dt=334)
[INFO] Using cached color+depth pair (dt=500)
[INFO] Using cached color+depth pair (dt=667)
[INFO] Using cached color+depth pair (dt=833)
[WARNING] Align filter returned None
[INFO] Using cached color+depth pair (dt=101)
[INFO] Using cached color+depth pair (dt=68)
[WARNING] Align filter returned None
[INFO] Using cached color+depth pair (dt=67)
[WARNING] Align filter returned None
[WARNING] Align filter returned None
[WARNING] Align filter returned None
[WARNING] Align filter returned None
[WARNING] Align filter returned None
[INFO] Using cached color+depth pair (dt=167)
[INFO] Using cached color+depth pair (dt=300)
[INFO] Using cached color+depth pair (dt=466)
[INFO] Using cached color+depth pair (dt=134)
[INFO] Using cached color+depth pair (dt=167)
[INFO] Using cached color+depth pair (dt=566)
[INFO] Using cached color+depth pair (dt=732)
[WARNING] Align filter returned None
[WARNING] Align filter returned None
[WARNING] Align filter returned None
[INFO] Using cached color+depth pair (dt=201)
[WARNING] Align filter returned None
[WARNING] Align filter returned None
[INFO] Using cached color+depth pair (dt=134)
[INFO] Using cached color+depth pair (dt=234)
[WARNING] Align filter returned None
[WARNING] Align filter returned None
[INFO] Using cached color+depth pair (dt=34)
[INFO] Using cached color+depth pair (dt=201)
[INFO] Using cached color+depth pair (dt=300)
[WARNING] Align filter returned None
[INFO] Using cached color+depth pair (dt=101)
[WARNING] Align filter returned None
[INFO] Using cached color+depth pair (dt=234)
[INFO] Using cached color+depth pair (dt=168)
[WARNING] Align filter returned None
[INFO] Using cached color+depth pair (dt=101)
[WARNING] Align filter returned None
[WARNING] Align filter returned None
[INFO] Using cached color+depth pair (dt=168)
[INFO] Using cached color+depth pair (dt=168)
[INFO] Using cached color+depth pair (dt=334)
