
================================================================================
  masking.py run started: 2026-06-13 15:34:42.081153
================================================================================

━━━ [STAGE 1] Loading Point Cloud Array
  [INFO] Total raw points loaded: 366,557

━━━ [STAGE 2] Statistical Outlier Demolition
  [INFO] Points surviving outlier filter: 353,067

━━━ [STAGE 3] Live Plane Surface Isolation (RANSAC)
  [INFO] Original RANSAC: a=0.0154, b=-0.0346, c=0.9993, d=-0.4791
  [INFO] Normal vector pointing down. Flipping coefficients up toward lens.
  [INFO] Points isolated on belt plane: 347,186
  [INFO] Non-plane points going to workspace filter: 5,881

━━━ [STAGE 5] Direction-Enforced Spatial Pre-Filtering
  [INFO] Height gate window : 1.50mm to 500.00mm
  [INFO] Dist-from-plane mm : min=13.873 mean=24.803 median=25.910 max=36.117
  [INFO] Rejected by lower gate: 0 / 5,881
  [INFO] Rejected by upper gate: 0 / 5,881
  [DEBUG] Points passing directional spatial filters: 5,881

━━━ [STAGE 6] Spatial Structural Isolation Clustering (DBSCAN)
  [INFO] DBSCAN discovered 1 distinct point groups.

━━━ [STAGE 7] Multi-Gate Geometric Evaluation
  Cluster #00 -> Pts: 5881  | Dims(mm): X= 46.2, Y=113.7, Z= 25.0 | VolRatio: 0.220 | Gates: [G1-4=1 G5_Size=1 G6_3D=1] -> PASSED
  [INFO] Winning Cluster selected: ID #0 (Score=0.5600)
  [INFO] Winning cluster point count: 5,881

━━━ [STAGE 8] Projection — Sensor Space → Cropped Canvas

  ── [STAGE 8a] Coordinate System Parameters ──
    Intrinsics    : fx=750.148  fy=749.790  cx=386.179  cy=366.086
    Crop offsets  : left=0 px  top=0 px
    Depth sensor  : 510W x 720H px
    RGB canvas    : 510W x 720H px
    Scale factors : scale_x=1.000000  scale_y=1.000000

  ── [STAGE 8b] 3-D Cluster Bounding Box (world space) ──
    X range : -0.0652 m  →  -0.0190 m  (span 46.2 mm)
    Y range : -0.0551 m  →  0.0586 m  (span 113.7 mm)
    Z range : 0.4430 m  →  0.4680 m  (span 25.0 mm)
    Z depth : mean=0.4554 m  std=0.0056 m  min=0.4430 m  max=0.4680 m

  ── [STAGE 8c] Projection Steps ──
    [Step 1] Full-sensor pixel coords (before crop subtraction):
      u_sensor  min=281.0  max=355.0  mean=321.6
      v_sensor  min=277.0  max=460.0  mean=370.0
    [OK] Sensor-space OOB: u=0.0%  v=0.0%
    [Step 2] After crop subtraction (crop_left=0, crop_top=0):
      u_cropped min=281.0  max=355.0  mean=321.6
      v_cropped min=277.0  max=460.0  mean=370.0
    [Step 2 Check] Cropped coords outside canvas: u<0=0.0%  u>W=0.0%  v<0=0.0%  v>H=0.0%
    [Step 3] After scale to canvas (scale_x=1.0000, scale_y=1.0000):
      u  min=281  max=355  mean=321.6
      v  min=277  max=460  mean=370.0
      Canvas target size : 510W x 720H px

  ── [STAGE 8d] Expected mask centroid on canvas ──
      Projected centroid : u=321.6 px  v=370.0 px
      Canvas centre      : u=255.0 px  v=360.0 px
      Offset from centre : Δu=66.6 px  Δv=10.0 px

  ── [STAGE 8e] Bounds Filter ──
    Total projected points : 5,881
    Inside canvas bounds   : 5,881  (100.0%)
    Duplicate pixel hits    : 0
  [INFO] Raw mask white pixels before morphology: 5,881
  [INFO] White pixels after close: 7,094
  [INFO] Morphological open skipped for tip-loss debugging.
  [INFO] White pixels after open (skipped): 7,094

  ── [STAGE 8f] Final Mask Stats ──
    Bounding box : 74W x 183H px
    Mask centroid: (318.0, 368.5) px
    White pixels : 7,094

================================================================================
                 LIVE OBJECT DETECTION DEBUG
================================================================================
  Timestamp Code Generation : 2026-06-13 15:34:48.062
  Capture Name              : img1470
  Cropped RGB Shape         : (720, 510, 3)
  Cropped Depth Shape       : (720, 510)
  Mask Foreground Pixels    : 7094
  Mask Foreground Ratio     : 0.01931917
  Mask Connected Components : 1
  Mask Largest BBox         : (281, 277, 75, 184)
  Mask Largest Centroid     : (320.9670143783479, 369.5225542712151)
  Plane Inliers             : 347186
  Non-Plane Points          : 5881
================================================================================

  ── Stage 5 Height-Gate Diagnostics ──
  Height Gate Min (mm)      : 1.500
  Height Gate Max (mm)      : 500.000
  Dist Min / Mean / Median  : 13.873 / 24.803 / 25.910
  Dist Max (mm)             : 36.117
  Stage 5 Input Points       : 5,881
  Stage 5 Passed Points      : 5,881
  Rejected Below Threshold   : 0
  Rejected Above Threshold   : 0
  ── Stage 8 Projection Diagnostics ──
  Projected Points           : 5,881
  Inside Canvas Bounds       : 5,881
  Duplicate Pixel Hits       : 0
  Raw Mask White Pixels      : 5,881
  White Pixels After Close    : 7,094
  White Pixels After Open     : 7,094  masking.py run ended: 2026-06-13 15:35:37.560678
