
================================================================================
  masking.py run started: 2026-06-13 16:56:48.890030
================================================================================

━━━ [STAGE 1] Loading Point Cloud Array
  [INFO] Total raw points loaded: 366,520

━━━ [STAGE 2] Statistical Outlier Demolition
  [INFO] Points surviving outlier filter: 353,350

━━━ [STAGE 3] Live Plane Surface Isolation (RANSAC)
  [INFO] Original RANSAC: a=0.0151, b=-0.0348, c=0.9993, d=-0.4791
  [INFO] Normal vector pointing down. Flipping coefficients up toward lens.
  [INFO] Points isolated on belt plane: 346,846
  [INFO] Non-plane points going to workspace filter: 6,504

━━━ [STAGE 5] Direction-Enforced Spatial Pre-Filtering
  [INFO] Height gate window : 1.50mm to 500.00mm
  [INFO] Dist-from-plane mm : min=12.161 mean=24.594 median=26.507 max=35.678
  [INFO] Rejected by lower gate: 0 / 6,504
  [INFO] Rejected by upper gate: 0 / 6,504
  [DEBUG] Points passing directional spatial filters: 6,504

━━━ [STAGE 6] Spatial Structural Isolation Clustering (DBSCAN)
  [INFO] DBSCAN discovered 1 distinct point groups.

━━━ [STAGE 7] Multi-Gate Geometric Evaluation
  Cluster #00 -> Pts: 6504  | Dims(mm): X=116.2, Y= 51.2, Z= 23.0 | VolRatio: 0.198 | Gates: [G1-4=1 G5_Size=1 G6_3D=1] -> PASSED
  [INFO] Winning Cluster selected: ID #0 (Score=0.5846)
  [INFO] Winning cluster point count: 6,504

━━━ [STAGE 8] Projection — Sensor Space → Cropped Canvas

  ── [STAGE 8a] Coordinate System Parameters ──
    Intrinsics    : fx=750.148  fy=749.790  cx=386.179  cy=366.086
    Crop offsets  : left=0 px  top=0 px
    Depth sensor  : 510W x 720H px
    RGB canvas    : 510W x 720H px
    Scale factors : scale_x=1.000000  scale_y=1.000000

  ── [STAGE 8b] 3-D Cluster Bounding Box (world space) ──
    X range : -0.0970 m  →  0.0191 m  (span 116.2 mm)
    Y range : -0.0452 m  →  0.0060 m  (span 51.2 mm)
    Z range : 0.4430 m  →  0.4660 m  (span 23.0 mm)
    Z depth : mean=0.4548 m  std=0.0058 m  min=0.4430 m  max=0.4660 m

  ── [STAGE 8c] Projection Steps ──
    [Step 1] Full-sensor pixel coords (before crop subtraction):
      u_sensor  min=230.0  max=417.0  mean=323.0
      v_sensor  min=293.0  max=376.0  mean=336.0
    [OK] Sensor-space OOB: u=0.0%  v=0.0%
    [Step 2] After crop subtraction (crop_left=0, crop_top=0):
      u_cropped min=230.0  max=417.0  mean=323.0
      v_cropped min=293.0  max=376.0  mean=336.0
    [Step 2 Check] Cropped coords outside canvas: u<0=0.0%  u>W=0.0%  v<0=0.0%  v>H=0.0%
    [Step 3] After scale to canvas (scale_x=1.0000, scale_y=1.0000):
      u  min=230  max=417  mean=323.0
      v  min=293  max=376  mean=336.0
      Canvas target size : 510W x 720H px

  ── [STAGE 8d] Expected mask centroid on canvas ──
      Projected centroid : u=323.0 px  v=336.0 px
      Canvas centre      : u=255.0 px  v=360.0 px
      Offset from centre : Δu=68.0 px  Δv=-24.0 px

  ── [STAGE 8e] Bounds Filter ──
    Total projected points : 6,504
    Inside canvas bounds   : 6,504  (100.0%)
    Duplicate pixel hits    : 0
  [INFO] Density non-zero pixels: 6,504
  [INFO] Density peak count     : 1
  [INFO] Raw mask white pixels before morphology: 6,504
  [INFO] White pixels after close: 7,648
  [INFO] Morphological open skipped for tip-loss debugging.
  [INFO] White pixels after open (skipped): 7,648

  ── [STAGE 8f] Final Mask Stats ──
    Bounding box : 187W x 83H px
    Mask centroid: (323.5, 334.5) px
    White pixels : 7,648

================================================================================
                 LIVE OBJECT DETECTION DEBUG
================================================================================
  Timestamp Code Generation : 2026-06-13 16:56:58.992
  Capture Name              : img0000
  Cropped RGB Shape         : (720, 510, 3)
  Cropped Depth Shape       : (720, 510)
  Mask Foreground Pixels    : 7648
  Mask Foreground Ratio     : 0.02082789
  Mask Connected Components : 1
  Mask Largest BBox         : (230, 293, 188, 84)
  Mask Largest Centroid     : (323.3076621338912, 335.1383368200837)
  Plane Inliers             : 346846
  Non-Plane Points          : 6504
================================================================================

  ── Stage 5 Height-Gate Diagnostics ──
  Height Gate Min (mm)      : 1.500
  Height Gate Max (mm)      : 500.000
  Dist Min / Mean / Median  : 12.161 / 24.594 / 26.507
  Dist Max (mm)             : 35.678
  Stage 5 Input Points       : 6,504
  Stage 5 Passed Points      : 6,504
  Rejected Below Threshold   : 0
  Rejected Above Threshold   : 0
  ── Stage 8 Projection Diagnostics ──
  Projected Points           : 6,504
  Inside Canvas Bounds       : 6,504
  Duplicate Pixel Hits       : 0
  Raw Mask White Pixels      : 6,504
  White Pixels After Close    : 7,648
  White Pixels After Open     : 7,648  masking.py run ended: 2026-06-13 16:57:10.137251
