
================================================================================
  masking.py run started: 2026-06-18 11:36:24.996504
================================================================================

━━━ [STAGE 1] Loading Point Cloud Array
  [INFO] Total raw points loaded: 361,815

━━━ [STAGE 2] Statistical Outlier Demolition
  [INFO] Points surviving outlier filter: 353,614

━━━ [STAGE 3] Live Plane Surface Isolation (RANSAC)
  [INFO] Original RANSAC: a=0.0123, b=0.0627, c=0.9980, d=-0.4903
  [INFO] Normal vector pointing down. Flipping coefficients up toward lens.
  [INFO] Points isolated on belt plane: 328,098
  [INFO] Non-plane points going to workspace filter: 25,516

━━━ [STAGE 5] Direction-Enforced Spatial Pre-Filtering
  [INFO] Height gate window : 1.50mm to 500.00mm
  [INFO] Dist-from-plane mm : min=15.127 mean=58.727 median=63.316 max=78.762
  [INFO] Rejected by lower gate: 0 / 25,516
  [INFO] Rejected by upper gate: 0 / 25,516
  [DEBUG] Points passing directional spatial filters: 25,516

━━━ [STAGE 6] Spatial Structural Isolation Clustering (DBSCAN)
  [INFO] DBSCAN discovered 3 distinct point groups.

━━━ [STAGE 7] Multi-Gate Geometric Evaluation
  Cluster #00 -> Pts: 25459 | Dims(mm): X=129.2, Y=105.1, Z= 67.0 | VolRatio: 0.519 | Gates: [G1-4=1 G5_Size=1 G6_3D=1] -> PASSED
  Cluster #01 -> Pts: 9     | Dims(mm): X=  1.2, Y=  1.2, Z=  0.0 | VolRatio: 0.000 | Gates: [G1-4=0 G5_Size=0 G6_3D=0] -> REJECTED
  Cluster #02 -> Pts: 48    | Dims(mm): X=  9.8, Y=  6.7, Z=  9.0 | VolRatio: 0.686 | Gates: [G1-4=0 G5_Size=0 G6_3D=1] -> REJECTED
  [INFO] Winning Cluster selected: ID #0 (Score=0.8556)
  [INFO] Winning cluster point count: 25,459

━━━ [STAGE 8] Projection — Sensor Space → Cropped Canvas

  ── [STAGE 8a] Coordinate System Parameters ──
    Intrinsics    : fx=750.148  fy=749.790  cx=386.179  cy=366.086
    Crop offsets  : left=0 px  top=0 px
    Depth sensor  : 510W x 720H px
    RGB canvas    : 510W x 720H px
    Scale factors : scale_x=1.000000  scale_y=1.000000

  ── [STAGE 8b] 3-D Cluster Bounding Box (world space) ──
    X range : -0.1113 m  →  0.0179 m  (span 129.2 mm)
    Y range : -0.0152 m  →  0.0899 m  (span 105.1 mm)
    Z range : 0.4100 m  →  0.4770 m  (span 67.0 mm)
    Z depth : mean=0.4304 m  std=0.0140 m  min=0.4100 m  max=0.4770 m

  ── [STAGE 8c] Projection Steps ──
    [Step 1] Full-sensor pixel coords (before crop subtraction):
      u_sensor  min=196.0  max=415.0  mean=315.2
      v_sensor  min=342.0  max=524.0  mean=437.4
    [OK] Sensor-space OOB: u=0.0%  v=0.0%
    [Step 2] After crop subtraction (crop_left=0, crop_top=0):
      u_cropped min=196.0  max=415.0  mean=315.2
      v_cropped min=342.0  max=524.0  mean=437.4
    [Step 2 Check] Cropped coords outside canvas: u<0=0.0%  u>W=0.0%  v<0=0.0%  v>H=0.0%
    [Step 3] After scale to canvas (scale_x=1.0000, scale_y=1.0000):
      u  min=196  max=415  mean=315.2
      v  min=342  max=524  mean=437.4
      Canvas target size : 510W x 720H px

  ── [STAGE 8d] Expected mask centroid on canvas ──
      Projected centroid : u=315.2 px  v=437.4 px
      Canvas centre      : u=255.0 px  v=360.0 px
      Offset from centre : Δu=60.2 px  Δv=77.4 px

  ── [STAGE 8e] Bounds Filter ──
    Total projected points : 25,459
    Inside canvas bounds   : 25,459  (100.0%)
    Duplicate pixel hits    : 0
  [INFO] Density non-zero pixels: 25,459
  [INFO] Density peak count     : 1
  [INFO] Raw mask white pixels before morphology: 25,459
  [INFO] White pixels after close: 26,264
  [INFO] Morphological open skipped for tip-loss debugging.
  [INFO] White pixels after open (skipped): 26,264

  ── [STAGE 8f] Final Mask Stats ──
    Bounding box : 219W x 182H px
    Mask centroid: (305.5, 433.0) px
    White pixels : 26,264

================================================================================
                 LIVE OBJECT DETECTION DEBUG
================================================================================
  Timestamp Code Generation : 2026-06-18 11:36:38.267
  Capture Name              : img0000
  Cropped RGB Shape         : (720, 510, 3)
  Cropped Depth Shape       : (720, 510)
  Mask Foreground Pixels    : 26264
  Mask Foreground Ratio     : 0.07152505
  Mask Connected Components : 1
  Mask Largest BBox         : (196, 342, 220, 183)
  Mask Largest Centroid     : (315.1934206518428, 437.0842978982638)
  Plane Inliers             : 328098
  Non-Plane Points          : 25516
================================================================================

  ── Stage 5 Height-Gate Diagnostics ──
  Height Gate Min (mm)      : 1.500
  Height Gate Max (mm)      : 500.000
  Dist Min / Mean / Median  : 15.127 / 58.727 / 63.316
  Dist Max (mm)             : 78.762
  Stage 5 Input Points       : 25,516
  Stage 5 Passed Points      : 25,516
  Rejected Below Threshold   : 0
  Rejected Above Threshold   : 0
  ── Stage 8 Projection Diagnostics ──
  Projected Points           : 25,459
  Inside Canvas Bounds       : 25,459
  Duplicate Pixel Hits       : 0
  Raw Mask White Pixels      : 25,459
  White Pixels After Close    : 26,264
  White Pixels After Open     : 26,264