
================================================================================
  masking.py run started: 2026-06-13 15:24:05.541799
================================================================================

━━━ [STAGE 1] Loading Point Cloud Array
  [INFO] Total raw points loaded: 366,538

━━━ [STAGE 2] Statistical Outlier Demolition
  [INFO] Points surviving outlier filter: 352,958

━━━ [STAGE 3] Live Plane Surface Isolation (RANSAC)
  [INFO] Original RANSAC: a=0.0151, b=-0.0346, c=0.9993, d=-0.4792
  [INFO] Normal vector pointing down. Flipping coefficients up toward lens.
  [INFO] Points isolated on belt plane: 347,422
  [INFO] Non-plane points going to workspace filter: 5,536

━━━ [STAGE 5] Direction-Enforced Spatial Pre-Filtering
  [INFO] Height gate window : 1.50mm to 500.00mm
  [INFO] Dist-from-plane mm : min=-4.885 mean=25.275 median=26.129 max=36.313
  [INFO] Rejected by lower gate: 17 / 5,536
  [INFO] Rejected by upper gate: 0 / 5,536
  [DEBUG] Points passing directional spatial filters: 5,519

━━━ [STAGE 6] Spatial Structural Isolation Clustering (DBSCAN)
  [INFO] DBSCAN discovered 1 distinct point groups.

━━━ [STAGE 7] Multi-Gate Geometric Evaluation
  Cluster #00 -> Pts: 5517  | Dims(mm): X= 45.8, Y=112.3, Z= 24.0 | VolRatio: 0.214 | Gates: [G1-4=1 G5_Size=1 G6_3D=1] -> PASSED
  [INFO] Winning Cluster selected: ID #0 (Score=0.5400)
  [INFO] Winning cluster point count: 5,517

━━━ [STAGE 8] Projection — Sensor Space → Cropped Canvas

  ── [STAGE 8a] Coordinate System Parameters ──
    Intrinsics    : fx=750.148  fy=749.790  cx=386.179  cy=366.086
    Crop offsets  : left=0 px  top=0 px
    Depth sensor  : 510W x 720H px
    RGB canvas    : 510W x 720H px
    Scale factors : scale_x=1.000000  scale_y=1.000000

  ── [STAGE 8b] 3-D Cluster Bounding Box (world space) ──
    X range : -0.0653 m  →  -0.0195 m  (span 45.8 mm)
    Y range : -0.0544 m  →  0.0579 m  (span 112.3 mm)
    Z range : 0.4430 m  →  0.4670 m  (span 24.0 mm)
    Z depth : mean=0.4548 m  std=0.0052 m  min=0.4430 m  max=0.4670 m

  ── [STAGE 8c] Projection Steps ──
    [Step 1] Full-sensor pixel coords (before crop subtraction):
      u_sensor  min=281.0  max=354.0  mean=322.2
      v_sensor  min=278.0  max=459.0  mean=369.4
    [OK] Sensor-space OOB: u=0.0%  v=0.0%
    [Step 2] After crop subtraction (crop_left=0, crop_top=0):
      u_cropped min=281.0  max=354.0  mean=322.2
      v_cropped min=278.0  max=459.0  mean=369.4
    [Step 2 Check] Cropped coords outside canvas: u<0=0.0%  u>W=0.0%  v<0=0.0%  v>H=0.0%
    [Step 3] After scale to canvas (scale_x=1.0000, scale_y=1.0000):
      u  min=281  max=354  mean=322.2
      v  min=278  max=459  mean=369.4
      Canvas target size : 510W x 720H px

  ── [STAGE 8d] Expected mask centroid on canvas ──
      Projected centroid : u=322.2 px  v=369.4 px
      Canvas centre      : u=255.0 px  v=360.0 px
      Offset from centre : Δu=67.2 px  Δv=9.4 px

  ── [STAGE 8e] Bounds Filter ──
    Total projected points : 5,517
    Inside canvas bounds   : 5,517  (100.0%)
    Duplicate pixel hits    : 0
  [INFO] Raw mask white pixels before morphology: 5,517
  [INFO] White pixels after close: 6,576
  [INFO] Morphological open skipped for tip-loss debugging.
  [INFO] White pixels after open (skipped): 6,576

  ── [STAGE 8f] Final Mask Stats ──
    Bounding box : 73W x 181H px
    Mask centroid: (317.5, 368.5) px
    White pixels : 6,576

================================================================================
                 LIVE OBJECT DETECTION DEBUG
================================================================================
  Timestamp Code Generation : 2026-06-13 15:24:19.072
  Capture Name              : img1468
  Cropped RGB Shape         : (720, 510, 3)
  Cropped Depth Shape       : (720, 510)
  Mask Foreground Pixels    : 6576
  Mask Foreground Ratio     : 0.01790850
  Mask Connected Components : 1
  Mask Largest BBox         : (281, 278, 74, 182)
  Mask Largest Centroid     : (321.3759124087591, 369.1978406326034)
  Plane Inliers             : 347422
  Non-Plane Points          : 5536
================================================================================

  ── Stage 5 Height-Gate Diagnostics ──
  Height Gate Min (mm)      : 1.500
  Height Gate Max (mm)      : 500.000
  Dist Min / Mean / Median  : -4.885 / 25.275 / 26.129
  Dist Max (mm)             : 36.313
  Stage 5 Input Points       : 5,536
  Stage 5 Passed Points      : 5,519
  Rejected Below Threshold   : 17
  Rejected Above Threshold   : 0
  ── Stage 8 Projection Diagnostics ──
  Projected Points           : 5,517
  Inside Canvas Bounds       : 5,517
  Duplicate Pixel Hits       : 0
  Raw Mask White Pixels      : 5,517
  White Pixels After Close    : 6,576
  White Pixels After Open     : 6,576  masking.py run ended: 2026-06-13 15:24:25.661555
